2018-05-12 00:17:01 trace :
------------
String:
<xml><ToUserName><![CDATA[gh_74fc964c4914]]></ToUserName>
<FromUserName><![CDATA[oF_mkjlIb1Fu4cD9TzyXorxXV5yM]]></FromUserName>
<CreateTime>1526055420</CreateTime>
<MsgType><![CDATA[event]]></MsgType>
<Event><![CDATA[subscribe]]></Event>
<EventKey><![CDATA[]]></EventKey>
</xml>

2018-05-12 00:17:02 params :
------------
String:
array (
  'message' => 
  array (
    'tousername' => 'gh_74fc964c4914',
    'fromusername' => 'oF_mkjlIb1Fu4cD9TzyXorxXV5yM',
    'createtime' => '1526055420',
    'msgtype' => 'event',
    'event' => 'subscribe',
    'eventkey' => '',
    'from' => 'oF_mkjlIb1Fu4cD9TzyXorxXV5yM',
    'to' => 'gh_74fc964c4914',
    'time' => '1526055420',
    'type' => 'text',
    'redirection' => true,
    'source' => 'subscribe',
    'content' => '首次关注',
  ),
  'module' => 'reply',
  'rule' => '9',
  'priority' => '0',
  'keyword' => 
  array (
    'id' => '116',
    'rid' => '9',
    'uniacid' => '2',
    'module' => 'reply',
    'content' => '首次关注',
    'type' => '1',
    'displayorder' => '0',
    'status' => '1',
    'reply_type' => 
    array (
      0 => 'basic',
    ),
  ),
  'reply_type' => 
  array (
    0 => 'basic',
  ),
)

2018-05-12 00:17:02 response :
------------
Array:
FromUserName : gh_74fc964c4914 ;
ToUserName : oF_mkjlIb1Fu4cD9TzyXorxXV5yM ;
MsgType : text ;
Content : 您好，感谢您关注奔瑞汽车用品！360°汽车服务解决方案提供商。业务领域涵盖高端美容、二手翻新及快速钣喷等，欢迎与我们联系。
您也可以回复以下数字，查看相关信息。
【1】品牌介绍
【2】核心项目
【3】合作支持
【4】产品中心
【5】联系方式
您可以留言或拨打客服热线 4006669243 更多资讯，您可以访问奔瑞官网 www.benrui.cn
意见，建议反馈信息请直接回复，谢谢。 ;

2018-05-12 00:52:56 trace :
------------
String:
<xml><ToUserName><![CDATA[gh_74fc964c4914]]></ToUserName>
<FromUserName><![CDATA[oF_mkjuWAzb4Dtiqxk8pbaXE7rzg]]></FromUserName>
<CreateTime>1526057575</CreateTime>
<MsgType><![CDATA[event]]></MsgType>
<Event><![CDATA[unsubscribe]]></Event>
<EventKey><![CDATA[]]></EventKey>
</xml>

2018-05-12 10:51:08 trace :
------------
String:
<xml><ToUserName><![CDATA[gh_74fc964c4914]]></ToUserName>
<FromUserName><![CDATA[oF_mkjuTLXuwaXEuJq167hLTB1ac]]></FromUserName>
<CreateTime>1526093468</CreateTime>
<MsgType><![CDATA[event]]></MsgType>
<Event><![CDATA[unsubscribe]]></Event>
<EventKey><![CDATA[]]></EventKey>
</xml>

2018-05-12 13:49:41 trace :
------------
String:
<xml><ToUserName><![CDATA[gh_74fc964c4914]]></ToUserName>
<FromUserName><![CDATA[oF_mkjv7SCj8Xmawb6CK9KHzUOes]]></FromUserName>
<CreateTime>1526104181</CreateTime>
<MsgType><![CDATA[event]]></MsgType>
<Event><![CDATA[subscribe]]></Event>
<EventKey><![CDATA[]]></EventKey>
</xml>

2018-05-12 13:49:42 params :
------------
String:
array (
  'message' => 
  array (
    'tousername' => 'gh_74fc964c4914',
    'fromusername' => 'oF_mkjv7SCj8Xmawb6CK9KHzUOes',
    'createtime' => '1526104181',
    'msgtype' => 'event',
    'event' => 'subscribe',
    'eventkey' => '',
    'from' => 'oF_mkjv7SCj8Xmawb6CK9KHzUOes',
    'to' => 'gh_74fc964c4914',
    'time' => '1526104181',
    'type' => 'text',
    'redirection' => true,
    'source' => 'subscribe',
    'content' => '首次关注',
  ),
  'module' => 'reply',
  'rule' => '9',
  'priority' => '0',
  'keyword' => 
  array (
    'id' => '116',
    'rid' => '9',
    'uniacid' => '2',
    'module' => 'reply',
    'content' => '首次关注',
    'type' => '1',
    'displayorder' => '0',
    'status' => '1',
    'reply_type' => 
    array (
      0 => 'basic',
    ),
  ),
  'reply_type' => 
  array (
    0 => 'basic',
  ),
)

2018-05-12 13:49:42 response :
------------
Array:
FromUserName : gh_74fc964c4914 ;
ToUserName : oF_mkjv7SCj8Xmawb6CK9KHzUOes ;
MsgType : text ;
Content : 您好，感谢您关注奔瑞汽车用品！360°汽车服务解决方案提供商。业务领域涵盖高端美容、二手翻新及快速钣喷等，欢迎与我们联系。
您也可以回复以下数字，查看相关信息。
【1】品牌介绍
【2】核心项目
【3】合作支持
【4】产品中心
【5】联系方式
您可以留言或拨打客服热线 4006669243 更多资讯，您可以访问奔瑞官网 www.benrui.cn
意见，建议反馈信息请直接回复，谢谢。 ;

2018-05-12 16:44:16 trace :
------------
String:
<xml><ToUserName><![CDATA[gh_74fc964c4914]]></ToUserName>
<FromUserName><![CDATA[oF_mkjhSUz8c_vvjssKcdBkaQ-yc]]></FromUserName>
<CreateTime>1526114655</CreateTime>
<MsgType><![CDATA[event]]></MsgType>
<Event><![CDATA[subscribe]]></Event>
<EventKey><![CDATA[]]></EventKey>
</xml>

2018-05-12 16:44:16 params :
------------
String:
array (
  'message' => 
  array (
    'tousername' => 'gh_74fc964c4914',
    'fromusername' => 'oF_mkjhSUz8c_vvjssKcdBkaQ-yc',
    'createtime' => '1526114655',
    'msgtype' => 'event',
    'event' => 'subscribe',
    'eventkey' => '',
    'from' => 'oF_mkjhSUz8c_vvjssKcdBkaQ-yc',
    'to' => 'gh_74fc964c4914',
    'time' => '1526114655',
    'type' => 'text',
    'redirection' => true,
    'source' => 'subscribe',
    'content' => '首次关注',
  ),
  'module' => 'reply',
  'rule' => '9',
  'priority' => '0',
  'keyword' => 
  array (
    'id' => '116',
    'rid' => '9',
    'uniacid' => '2',
    'module' => 'reply',
    'content' => '首次关注',
    'type' => '1',
    'displayorder' => '0',
    'status' => '1',
    'reply_type' => 
    array (
      0 => 'basic',
    ),
  ),
  'reply_type' => 
  array (
    0 => 'basic',
  ),
)

2018-05-12 16:44:16 response :
------------
Array:
FromUserName : gh_74fc964c4914 ;
ToUserName : oF_mkjhSUz8c_vvjssKcdBkaQ-yc ;
MsgType : text ;
Content : 您好，感谢您关注奔瑞汽车用品！360°汽车服务解决方案提供商。业务领域涵盖高端美容、二手翻新及快速钣喷等，欢迎与我们联系。
您也可以回复以下数字，查看相关信息。
【1】品牌介绍
【2】核心项目
【3】合作支持
【4】产品中心
【5】联系方式
您可以留言或拨打客服热线 4006669243 更多资讯，您可以访问奔瑞官网 www.benrui.cn
意见，建议反馈信息请直接回复，谢谢。 ;

2018-05-12 16:44:47 trace :
------------
String:
<xml><ToUserName><![CDATA[gh_74fc964c4914]]></ToUserName>
<FromUserName><![CDATA[oF_mkjhSUz8c_vvjssKcdBkaQ-yc]]></FromUserName>
<CreateTime>1526114687</CreateTime>
<MsgType><![CDATA[text]]></MsgType>
<Content><![CDATA[活性促进剂]]></Content>
<MsgId>6554612671113535002</MsgId>
</xml>

2018-05-12 16:44:47 params :
------------
String:
array (
  'rule' => -2,
  'module' => '',
  'message' => 
  array (
    'tousername' => 'gh_74fc964c4914',
    'fromusername' => 'oF_mkjhSUz8c_vvjssKcdBkaQ-yc',
    'createtime' => '1526114687',
    'msgtype' => 'text',
    'content' => '活性促进剂',
    'msgid' => '6554612671113535002',
    'from' => 'oF_mkjhSUz8c_vvjssKcdBkaQ-yc',
    'to' => 'gh_74fc964c4914',
    'time' => '1526114687',
    'type' => 'text',
    'event' => NULL,
    'redirection' => false,
    'source' => NULL,
  ),
)

2018-05-12 16:44:47 response :
------------

2018-05-12 16:44:58 trace :
------------
String:
<xml><ToUserName><![CDATA[gh_74fc964c4914]]></ToUserName>
<FromUserName><![CDATA[oF_mkjhSUz8c_vvjssKcdBkaQ-yc]]></FromUserName>
<CreateTime>1526114697</CreateTime>
<MsgType><![CDATA[text]]></MsgType>
<Content><![CDATA[1]]></Content>
<MsgId>6554612714063207965</MsgId>
</xml>

2018-05-12 16:44:58 params :
------------
String:
array (
  'message' => 
  array (
    'tousername' => 'gh_74fc964c4914',
    'fromusername' => 'oF_mkjhSUz8c_vvjssKcdBkaQ-yc',
    'createtime' => '1526114697',
    'msgtype' => 'text',
    'content' => '1',
    'msgid' => '6554612714063207965',
    'from' => 'oF_mkjhSUz8c_vvjssKcdBkaQ-yc',
    'to' => 'gh_74fc964c4914',
    'time' => '1526114697',
    'type' => 'text',
    'event' => NULL,
    'redirection' => false,
    'source' => NULL,
  ),
  'module' => 'reply',
  'rule' => '21',
  'priority' => '0',
  'keyword' => 
  array (
    'id' => '27',
    'rid' => '21',
    'uniacid' => '2',
    'module' => 'reply',
    'content' => '1',
    'type' => '1',
    'displayorder' => '0',
    'status' => '1',
    'reply_type' => 
    array (
      0 => 'news',
    ),
  ),
  'reply_type' => 
  array (
    0 => 'news',
  ),
)

2018-05-12 16:44:58 response :
------------
Array:
FromUserName : gh_74fc964c4914 ;
ToUserName : oF_mkjhSUz8c_vvjssKcdBkaQ-yc ;
MsgType : news ;
ArticleCount : 1 ;
Articles : Array ;

2018-05-12 16:45:05 trace :
------------
String:
<xml><ToUserName><![CDATA[gh_74fc964c4914]]></ToUserName>
<FromUserName><![CDATA[oF_mkjhSUz8c_vvjssKcdBkaQ-yc]]></FromUserName>
<CreateTime>1526114705</CreateTime>
<MsgType><![CDATA[text]]></MsgType>
<Content><![CDATA[4]]></Content>
<MsgId>6554612748422946336</MsgId>
</xml>

2018-05-12 16:45:05 params :
------------
String:
array (
  'message' => 
  array (
    'tousername' => 'gh_74fc964c4914',
    'fromusername' => 'oF_mkjhSUz8c_vvjssKcdBkaQ-yc',
    'createtime' => '1526114705',
    'msgtype' => 'text',
    'content' => '4',
    'msgid' => '6554612748422946336',
    'from' => 'oF_mkjhSUz8c_vvjssKcdBkaQ-yc',
    'to' => 'gh_74fc964c4914',
    'time' => '1526114705',
    'type' => 'text',
    'event' => NULL,
    'redirection' => false,
    'source' => NULL,
  ),
  'module' => 'reply',
  'rule' => '32',
  'priority' => '0',
  'keyword' => 
  array (
    'id' => '53',
    'rid' => '32',
    'uniacid' => '2',
    'module' => 'reply',
    'content' => '4',
    'type' => '1',
    'displayorder' => '0',
    'status' => '1',
    'reply_type' => 
    array (
      0 => 'basic',
    ),
  ),
  'reply_type' => 
  array (
    0 => 'basic',
  ),
)

2018-05-12 16:45:05 response :
------------
Array:
FromUserName : gh_74fc964c4914 ;
ToUserName : oF_mkjhSUz8c_vvjssKcdBkaQ-yc ;
MsgType : text ;
Content : 回复【401】查看镀膜类系列产品
回复【402】查看基础护理类产品
回复【403】查看清洁保护类产品
回复【404】查看空气净化类产品
回复【405】查看真皮塑件保养类产品
回复【406】查看工具系列产品 ;

2018-05-12 16:45:13 trace :
------------
String:
<xml><ToUserName><![CDATA[gh_74fc964c4914]]></ToUserName>
<FromUserName><![CDATA[oF_mkjhSUz8c_vvjssKcdBkaQ-yc]]></FromUserName>
<CreateTime>1526114712</CreateTime>
<MsgType><![CDATA[text]]></MsgType>
<Content><![CDATA[401]]></Content>
<MsgId>6554612778487717410</MsgId>
</xml>

2018-05-12 16:45:13 params :
------------
String:
array (
  'message' => 
  array (
    'tousername' => 'gh_74fc964c4914',
    'fromusername' => 'oF_mkjhSUz8c_vvjssKcdBkaQ-yc',
    'createtime' => '1526114712',
    'msgtype' => 'text',
    'content' => '401',
    'msgid' => '6554612778487717410',
    'from' => 'oF_mkjhSUz8c_vvjssKcdBkaQ-yc',
    'to' => 'gh_74fc964c4914',
    'time' => '1526114712',
    'type' => 'text',
    'event' => NULL,
    'redirection' => false,
    'source' => NULL,
  ),
  'module' => 'reply',
  'rule' => '31',
  'priority' => '0',
  'keyword' => 
  array (
    'id' => '52',
    'rid' => '31',
    'uniacid' => '2',
    'module' => 'reply',
    'content' => '401',
    'type' => '1',
    'displayorder' => '0',
    'status' => '1',
    'reply_type' => 
    array (
      0 => 'basic',
    ),
  ),
  'reply_type' => 
  array (
    0 => 'basic',
  ),
)

2018-05-12 16:45:13 response :
------------
Array:
FromUserName : gh_74fc964c4914 ;
ToUserName : oF_mkjhSUz8c_vvjssKcdBkaQ-yc ;
MsgType : text ;
Content : 回复产品前编号如【x-1】查看产品详细信息。
F1 漆面专业烤瓷
F2 至尊硬化镀膜
X-1 铂金硬化镀膜
X-6 欧铂硬化镀膜
A-390 超级玻璃纤维素镀膜
A-600 超级纳米镀膜
A-730 晶钻硬化镀膜
B-180B 玻璃防水镀膜
C-200 车内顶棚绒布镀膜
C-210 真皮镀膜
C-230 仪表台镀膜
C-260 装饰件翻新镀膜 ;

2018-05-12 16:46:08 trace :
------------
String:
<xml><ToUserName><![CDATA[gh_74fc964c4914]]></ToUserName>
<FromUserName><![CDATA[oF_mkjhSUz8c_vvjssKcdBkaQ-yc]]></FromUserName>
<CreateTime>1526114767</CreateTime>
<MsgType><![CDATA[text]]></MsgType>
<Content><![CDATA[活性促进剂]]></Content>
<MsgId>6554613014710918703</MsgId>
</xml>

2018-05-12 16:46:08 params :
------------
String:
array (
  'rule' => -2,
  'module' => '',
  'message' => 
  array (
    'tousername' => 'gh_74fc964c4914',
    'fromusername' => 'oF_mkjhSUz8c_vvjssKcdBkaQ-yc',
    'createtime' => '1526114767',
    'msgtype' => 'text',
    'content' => '活性促进剂',
    'msgid' => '6554613014710918703',
    'from' => 'oF_mkjhSUz8c_vvjssKcdBkaQ-yc',
    'to' => 'gh_74fc964c4914',
    'time' => '1526114767',
    'type' => 'text',
    'event' => NULL,
    'redirection' => false,
    'source' => NULL,
  ),
)

2018-05-12 16:46:08 response :
------------

2018-05-12 16:46:24 trace :
------------
String:
<xml><ToUserName><![CDATA[gh_74fc964c4914]]></ToUserName>
<FromUserName><![CDATA[oF_mkjhSUz8c_vvjssKcdBkaQ-yc]]></FromUserName>
<CreateTime>1526114783</CreateTime>
<MsgType><![CDATA[text]]></MsgType>
<Content><![CDATA[5]]></Content>
<MsgId>6554613083430395440</MsgId>
</xml>

2018-05-12 16:46:24 params :
------------
String:
array (
  'message' => 
  array (
    'tousername' => 'gh_74fc964c4914',
    'fromusername' => 'oF_mkjhSUz8c_vvjssKcdBkaQ-yc',
    'createtime' => '1526114783',
    'msgtype' => 'text',
    'content' => '5',
    'msgid' => '6554613083430395440',
    'from' => 'oF_mkjhSUz8c_vvjssKcdBkaQ-yc',
    'to' => 'gh_74fc964c4914',
    'time' => '1526114783',
    'type' => 'text',
    'event' => NULL,
    'redirection' => false,
    'source' => NULL,
  ),
  'module' => 'reply',
  'rule' => '20',
  'priority' => '0',
  'keyword' => 
  array (
    'id' => '26',
    'rid' => '20',
    'uniacid' => '2',
    'module' => 'reply',
    'content' => '5',
    'type' => '1',
    'displayorder' => '0',
    'status' => '1',
    'reply_type' => 
    array (
      0 => 'news',
    ),
  ),
  'reply_type' => 
  array (
    0 => 'news',
  ),
)

2018-05-12 16:46:24 response :
------------
Array:
FromUserName : gh_74fc964c4914 ;
ToUserName : oF_mkjhSUz8c_vvjssKcdBkaQ-yc ;
MsgType : news ;
ArticleCount : 1 ;
Articles : Array ;

