2019-02-26 09:30:07 trace :
------------
String:
<xml><ToUserName><![CDATA[gh_74fc964c4914]]></ToUserName>
<FromUserName><![CDATA[oF_mkjrb9PAFqPCmeUuFmsBiyZao]]></FromUserName>
<CreateTime>1551144605</CreateTime>
<MsgType><![CDATA[event]]></MsgType>
<Event><![CDATA[SCAN]]></Event>
<EventKey><![CDATA[TZHB15367433247133716--9936]]></EventKey>
<Ticket><![CDATA[gQHy8TwAAAAAAAAAAS5odHRwOi8vd2VpeGluLnFxLmNvbS9xLzAyUFhfc01OblZhQWUxMDAwME0wN0wAAgSc15hbAwQAAAAA]]></Ticket>
</xml>

2019-02-26 09:30:07 params :
------------
String:
array (
  'rule' => -2,
  'module' => '',
  'message' => 
  array (
    'tousername' => 'gh_74fc964c4914',
    'fromusername' => 'oF_mkjrb9PAFqPCmeUuFmsBiyZao',
    'createtime' => '1551144605',
    'msgtype' => 'event',
    'event' => 'SCAN',
    'eventkey' => 'TZHB15367433247133716--9936',
    'ticket' => 'gQHy8TwAAAAAAAAAAS5odHRwOi8vd2VpeGluLnFxLmNvbS9xLzAyUFhfc01OblZhQWUxMDAwME0wN0wAAgSc15hbAwQAAAAA',
    'from' => 'oF_mkjrb9PAFqPCmeUuFmsBiyZao',
    'to' => 'gh_74fc964c4914',
    'time' => '1551144605',
    'type' => 'text',
    'scene' => 'TZHB15367433247133716--9936',
    'redirection' => true,
    'source' => 'qr',
  ),
)

2019-02-26 09:30:07 response :
------------

2019-02-26 09:30:08 trace :
------------
String:
<xml><ToUserName><![CDATA[gh_74fc964c4914]]></ToUserName>
<FromUserName><![CDATA[oF_mkjrb9PAFqPCmeUuFmsBiyZao]]></FromUserName>
<CreateTime>1551144607</CreateTime>
<MsgType><![CDATA[event]]></MsgType>
<Event><![CDATA[LOCATION]]></Event>
<Latitude>22.566822</Latitude>
<Longitude>113.848274</Longitude>
<Precision>30.000000</Precision>
</xml>

2019-02-26 09:30:08 params :
------------
String:
array (
  'message' => 
  array (
    'tousername' => 'gh_74fc964c4914',
    'fromusername' => 'oF_mkjrb9PAFqPCmeUuFmsBiyZao',
    'createtime' => '1551144607',
    'msgtype' => 'event',
    'event' => 'LOCATION',
    'latitude' => '22.566822',
    'longitude' => '113.848274',
    'precision' => '30.000000',
    'from' => 'oF_mkjrb9PAFqPCmeUuFmsBiyZao',
    'to' => 'gh_74fc964c4914',
    'time' => '1551144607',
    'type' => 'trace',
    'location_x' => '22.566822',
    'location_y' => '113.848274',
  ),
  'module' => 'default',
  'rule' => '-1',
)

2019-02-26 09:30:08 response :
------------
Array:
errno : -1 ;
message : Invaild value ;

2019-02-26 09:30:40 trace :
------------
String:
<xml><ToUserName><![CDATA[gh_74fc964c4914]]></ToUserName>
<FromUserName><![CDATA[oF_mkjrb9PAFqPCmeUuFmsBiyZao]]></FromUserName>
<CreateTime>1551144639</CreateTime>
<MsgType><![CDATA[event]]></MsgType>
<Event><![CDATA[LOCATION]]></Event>
<Latitude>22.566822</Latitude>
<Longitude>113.848274</Longitude>
<Precision>30.000000</Precision>
</xml>

2019-02-26 09:30:40 params :
------------
String:
array (
  'message' => 
  array (
    'tousername' => 'gh_74fc964c4914',
    'fromusername' => 'oF_mkjrb9PAFqPCmeUuFmsBiyZao',
    'createtime' => '1551144639',
    'msgtype' => 'event',
    'event' => 'LOCATION',
    'latitude' => '22.566822',
    'longitude' => '113.848274',
    'precision' => '30.000000',
    'from' => 'oF_mkjrb9PAFqPCmeUuFmsBiyZao',
    'to' => 'gh_74fc964c4914',
    'time' => '1551144639',
    'type' => 'trace',
    'location_x' => '22.566822',
    'location_y' => '113.848274',
  ),
  'module' => 'default',
  'rule' => '-1',
)

2019-02-26 09:30:40 response :
------------
Array:
errno : -1 ;
message : Invaild value ;

2019-02-26 09:52:44 trace :
------------
String:
<xml><ToUserName><![CDATA[gh_74fc964c4914]]></ToUserName>
<FromUserName><![CDATA[oF_mkjglOsRCOW9LAmWURaHHg92w]]></FromUserName>
<CreateTime>1551145962</CreateTime>
<MsgType><![CDATA[event]]></MsgType>
<Event><![CDATA[SCAN]]></Event>
<EventKey><![CDATA[TZHB15367433379468888--9995]]></EventKey>
<Ticket><![CDATA[gQED8jwAAAAAAAAAAS5odHRwOi8vd2VpeGluLnFxLmNvbS9xLzAyNUNnLU5qblZhQWUxMDAwMHcwN1UAAgSp15hbAwQAAAAA]]></Ticket>
</xml>

2019-02-26 09:52:44 params :
------------
String:
array (
  'rule' => -2,
  'module' => '',
  'message' => 
  array (
    'tousername' => 'gh_74fc964c4914',
    'fromusername' => 'oF_mkjglOsRCOW9LAmWURaHHg92w',
    'createtime' => '1551145962',
    'msgtype' => 'event',
    'event' => 'SCAN',
    'eventkey' => 'TZHB15367433379468888--9995',
    'ticket' => 'gQED8jwAAAAAAAAAAS5odHRwOi8vd2VpeGluLnFxLmNvbS9xLzAyNUNnLU5qblZhQWUxMDAwMHcwN1UAAgSp15hbAwQAAAAA',
    'from' => 'oF_mkjglOsRCOW9LAmWURaHHg92w',
    'to' => 'gh_74fc964c4914',
    'time' => '1551145962',
    'type' => 'text',
    'scene' => 'TZHB15367433379468888--9995',
    'redirection' => true,
    'source' => 'qr',
  ),
)

2019-02-26 09:52:44 response :
------------

2019-02-26 11:10:38 trace :
------------
String:
<xml><ToUserName><![CDATA[gh_74fc964c4914]]></ToUserName>
<FromUserName><![CDATA[oF_mkjshseJFJZRFKq1jR93uqHHw]]></FromUserName>
<CreateTime>1551150636</CreateTime>
<MsgType><![CDATA[event]]></MsgType>
<Event><![CDATA[SCAN]]></Event>
<EventKey><![CDATA[TZHB15304976677791203--6383]]></EventKey>
<Ticket><![CDATA[gQH58TwAAAAAAAAAAS5odHRwOi8vd2VpeGluLnFxLmNvbS9xLzAyZGZHN041blZhQWUxMDAwME0wN1QAAgSDijlbAwQAAAAA]]></Ticket>
</xml>

2019-02-26 11:10:38 params :
------------
String:
array (
  'rule' => -2,
  'module' => '',
  'message' => 
  array (
    'tousername' => 'gh_74fc964c4914',
    'fromusername' => 'oF_mkjshseJFJZRFKq1jR93uqHHw',
    'createtime' => '1551150636',
    'msgtype' => 'event',
    'event' => 'SCAN',
    'eventkey' => 'TZHB15304976677791203--6383',
    'ticket' => 'gQH58TwAAAAAAAAAAS5odHRwOi8vd2VpeGluLnFxLmNvbS9xLzAyZGZHN041blZhQWUxMDAwME0wN1QAAgSDijlbAwQAAAAA',
    'from' => 'oF_mkjshseJFJZRFKq1jR93uqHHw',
    'to' => 'gh_74fc964c4914',
    'time' => '1551150636',
    'type' => 'text',
    'scene' => 'TZHB15304976677791203--6383',
    'redirection' => true,
    'source' => 'qr',
  ),
)

2019-02-26 11:10:38 response :
------------

2019-02-26 11:12:18 trace :
------------
String:
<xml><ToUserName><![CDATA[gh_74fc964c4914]]></ToUserName>
<FromUserName><![CDATA[oF_mkjshseJFJZRFKq1jR93uqHHw]]></FromUserName>
<CreateTime>1551150736</CreateTime>
<MsgType><![CDATA[event]]></MsgType>
<Event><![CDATA[SCAN]]></Event>
<EventKey><![CDATA[TZHB15304976384666234--6124]]></EventKey>
<Ticket><![CDATA[gQHK8DwAAAAAAAAAAS5odHRwOi8vd2VpeGluLnFxLmNvbS9xLzAyVGVzdE1JblZhQWUxMDAwME0wNzUAAgRmijlbAwQAAAAA]]></Ticket>
</xml>

2019-02-26 11:12:18 params :
------------
String:
array (
  'rule' => -2,
  'module' => '',
  'message' => 
  array (
    'tousername' => 'gh_74fc964c4914',
    'fromusername' => 'oF_mkjshseJFJZRFKq1jR93uqHHw',
    'createtime' => '1551150736',
    'msgtype' => 'event',
    'event' => 'SCAN',
    'eventkey' => 'TZHB15304976384666234--6124',
    'ticket' => 'gQHK8DwAAAAAAAAAAS5odHRwOi8vd2VpeGluLnFxLmNvbS9xLzAyVGVzdE1JblZhQWUxMDAwME0wNzUAAgRmijlbAwQAAAAA',
    'from' => 'oF_mkjshseJFJZRFKq1jR93uqHHw',
    'to' => 'gh_74fc964c4914',
    'time' => '1551150736',
    'type' => 'text',
    'scene' => 'TZHB15304976384666234--6124',
    'redirection' => true,
    'source' => 'qr',
  ),
)

2019-02-26 11:12:18 response :
------------

2019-02-26 11:17:40 trace :
------------
String:
<xml><ToUserName><![CDATA[gh_74fc964c4914]]></ToUserName>
<FromUserName><![CDATA[oF_mkjofPscZu7N8Y2lANJRFJEus]]></FromUserName>
<CreateTime>1551151058</CreateTime>
<MsgType><![CDATA[event]]></MsgType>
<Event><![CDATA[subscribe]]></Event>
<EventKey><![CDATA[qrscene_TZHB15367440971947081--11118]]></EventKey>
<Ticket><![CDATA[gQEU8jwAAAAAAAAAAS5odHRwOi8vd2VpeGluLnFxLmNvbS9xLzAyODMtZU5LblZhQWUxMDAwMHcwN3cAAgSh2phbAwQAAAAA]]></Ticket>
</xml>

2019-02-26 11:17:40 params :
------------
String:
array (
  'message' => 
  array (
    'tousername' => 'gh_74fc964c4914',
    'fromusername' => 'oF_mkjofPscZu7N8Y2lANJRFJEus',
    'createtime' => '1551151058',
    'msgtype' => 'event',
    'event' => 'subscribe',
    'eventkey' => 'qrscene_TZHB15367440971947081--11118',
    'ticket' => 'gQEU8jwAAAAAAAAAAS5odHRwOi8vd2VpeGluLnFxLmNvbS9xLzAyODMtZU5LblZhQWUxMDAwMHcwN3cAAgSh2phbAwQAAAAA',
    'from' => 'oF_mkjofPscZu7N8Y2lANJRFJEus',
    'to' => 'gh_74fc964c4914',
    'time' => '1551151058',
    'type' => 'text',
    'scene' => 'TZHB15367440971947081--11118',
    'redirection' => true,
    'source' => 'subscribe',
    'content' => '首次关注',
  ),
  'module' => 'reply',
  'rule' => '9',
  'priority' => '0',
  'keyword' => 
  array (
    'id' => '116',
    'rid' => '9',
    'uniacid' => '2',
    'module' => 'reply',
    'content' => '首次关注',
    'type' => '1',
    'displayorder' => '0',
    'status' => '1',
    'reply_type' => 
    array (
      0 => 'basic',
    ),
  ),
  'reply_type' => 
  array (
    0 => 'basic',
  ),
)

2019-02-26 11:17:40 response :
------------
Array:
FromUserName : gh_74fc964c4914 ;
ToUserName : oF_mkjofPscZu7N8Y2lANJRFJEus ;
MsgType : text ;
Content : 您好，感谢您关注奔瑞汽车用品！360°汽车服务解决方案提供商。业务领域涵盖高端美容、二手翻新及快速钣喷等，欢迎与我们联系。
您也可以回复以下数字，查看相关信息。
【1】品牌介绍
【2】核心项目
【3】合作支持
【4】产品中心
【5】联系方式
您可以留言或拨打客服热线 4006669243 更多资讯，您可以访问奔瑞官网 www.benrui.cn
意见，建议反馈信息请直接回复，谢谢。 ;

2019-02-26 11:20:13 trace :
------------
String:
<xml><ToUserName><![CDATA[gh_74fc964c4914]]></ToUserName>
<FromUserName><![CDATA[oF_mkjofPscZu7N8Y2lANJRFJEus]]></FromUserName>
<CreateTime>1551151213</CreateTime>
<MsgType><![CDATA[event]]></MsgType>
<Event><![CDATA[unsubscribe]]></Event>
<EventKey><![CDATA[]]></EventKey>
</xml>

2019-02-26 11:53:48 trace :
------------
String:
<xml><ToUserName><![CDATA[gh_74fc964c4914]]></ToUserName>
<FromUserName><![CDATA[oF_mkjhONHNua1ATeroCNJmYV2Lo]]></FromUserName>
<CreateTime>1551153228</CreateTime>
<MsgType><![CDATA[event]]></MsgType>
<Event><![CDATA[wx_verify_pay_succ]]></Event>
<OrderId><![CDATA[10278614129541354209]]></OrderId>
</xml>

2019-02-26 11:53:48 params :
------------
String:
array (
  'rule' => -2,
  'module' => '',
  'message' => 
  array (
    'tousername' => 'gh_74fc964c4914',
    'fromusername' => 'oF_mkjhONHNua1ATeroCNJmYV2Lo',
    'createtime' => '1551153228',
    'msgtype' => 'event',
    'event' => 'wx_verify_pay_succ',
    'orderid' => '10278614129541354209',
    'from' => 'oF_mkjhONHNua1ATeroCNJmYV2Lo',
    'to' => 'gh_74fc964c4914',
    'time' => '1551153228',
    'type' => 'event',
  ),
)

2019-02-26 11:53:48 response :
------------

2019-02-26 11:54:08 trace :
------------
String:
<xml><ToUserName><![CDATA[gh_74fc964c4914]]></ToUserName>
<FromUserName><![CDATA[oF_mkjhONHNua1ATeroCNJmYV2Lo]]></FromUserName>
<CreateTime>1551153248</CreateTime>
<MsgType><![CDATA[event]]></MsgType>
<Event><![CDATA[wx_verify_dispatch]]></Event>
<Provider><![CDATA[长沙公信诚丰信息技术服务有限公司]]></Provider>
<Contact><![CDATA[咨询电话：0731-88845400，咨询时间：周一至周五（工作日）9：00-18：00。]]></Contact>
<DispatchTime>1551153238</DispatchTime>
</xml>

2019-02-26 11:54:09 params :
------------
String:
array (
  'rule' => -2,
  'module' => '',
  'message' => 
  array (
    'tousername' => 'gh_74fc964c4914',
    'fromusername' => 'oF_mkjhONHNua1ATeroCNJmYV2Lo',
    'createtime' => '1551153248',
    'msgtype' => 'event',
    'event' => 'wx_verify_dispatch',
    'provider' => '长沙公信诚丰信息技术服务有限公司',
    'contact' => '咨询电话：0731-88845400，咨询时间：周一至周五（工作日）9：00-18：00。',
    'dispatchtime' => '1551153238',
    'from' => 'oF_mkjhONHNua1ATeroCNJmYV2Lo',
    'to' => 'gh_74fc964c4914',
    'time' => '1551153248',
    'type' => 'event',
  ),
)

2019-02-26 11:54:09 response :
------------

2019-02-26 14:04:48 trace :
------------
String:
<xml><ToUserName><![CDATA[gh_74fc964c4914]]></ToUserName>
<FromUserName><![CDATA[oF_mkjhONHNua1ATeroCNJmYV2Lo]]></FromUserName>
<CreateTime>1551161088</CreateTime>
<MsgType><![CDATA[event]]></MsgType>
<Event><![CDATA[qualification_verify_success]]></Event>
<ExpiredTime>1583043244</ExpiredTime>
</xml>

2019-02-26 14:04:48 params :
------------
String:
array (
  'rule' => -2,
  'module' => '',
  'message' => 
  array (
    'tousername' => 'gh_74fc964c4914',
    'fromusername' => 'oF_mkjhONHNua1ATeroCNJmYV2Lo',
    'createtime' => '1551161088',
    'msgtype' => 'event',
    'event' => 'qualification_verify_success',
    'expiredtime' => '1583043244',
    'from' => 'oF_mkjhONHNua1ATeroCNJmYV2Lo',
    'to' => 'gh_74fc964c4914',
    'time' => '1551161088',
    'type' => 'event',
  ),
)

2019-02-26 14:04:48 response :
------------

2019-02-26 14:04:49 trace :
------------
String:
<xml><ToUserName><![CDATA[gh_74fc964c4914]]></ToUserName>
<FromUserName><![CDATA[oF_mkjhONHNua1ATeroCNJmYV2Lo]]></FromUserName>
<CreateTime>1551161089</CreateTime>
<MsgType><![CDATA[event]]></MsgType>
<Event><![CDATA[naming_verify_success]]></Event>
<ExpiredTime>1583043244</ExpiredTime>
</xml>

2019-02-26 14:04:49 params :
------------
String:
array (
  'rule' => -2,
  'module' => '',
  'message' => 
  array (
    'tousername' => 'gh_74fc964c4914',
    'fromusername' => 'oF_mkjhONHNua1ATeroCNJmYV2Lo',
    'createtime' => '1551161089',
    'msgtype' => 'event',
    'event' => 'naming_verify_success',
    'expiredtime' => '1583043244',
    'from' => 'oF_mkjhONHNua1ATeroCNJmYV2Lo',
    'to' => 'gh_74fc964c4914',
    'time' => '1551161089',
    'type' => 'event',
  ),
)

2019-02-26 14:04:49 response :
------------

2019-02-26 14:20:53 trace :
------------
String:
<xml><ToUserName><![CDATA[gh_74fc964c4914]]></ToUserName>
<FromUserName><![CDATA[oF_mkjqTStsKYj7o7jRWbFowU_8g]]></FromUserName>
<CreateTime>1551162053</CreateTime>
<MsgType><![CDATA[event]]></MsgType>
<Event><![CDATA[subscribe]]></Event>
<EventKey><![CDATA[]]></EventKey>
</xml>

2019-02-26 14:20:53 params :
------------
String:
array (
  'message' => 
  array (
    'tousername' => 'gh_74fc964c4914',
    'fromusername' => 'oF_mkjqTStsKYj7o7jRWbFowU_8g',
    'createtime' => '1551162053',
    'msgtype' => 'event',
    'event' => 'subscribe',
    'eventkey' => '',
    'from' => 'oF_mkjqTStsKYj7o7jRWbFowU_8g',
    'to' => 'gh_74fc964c4914',
    'time' => '1551162053',
    'type' => 'text',
    'redirection' => true,
    'source' => 'subscribe',
    'content' => '首次关注',
  ),
  'module' => 'reply',
  'rule' => '9',
  'priority' => '0',
  'keyword' => 
  array (
    'id' => '116',
    'rid' => '9',
    'uniacid' => '2',
    'module' => 'reply',
    'content' => '首次关注',
    'type' => '1',
    'displayorder' => '0',
    'status' => '1',
    'reply_type' => 
    array (
      0 => 'basic',
    ),
  ),
  'reply_type' => 
  array (
    0 => 'basic',
  ),
)

2019-02-26 14:20:53 response :
------------
Array:
FromUserName : gh_74fc964c4914 ;
ToUserName : oF_mkjqTStsKYj7o7jRWbFowU_8g ;
MsgType : text ;
Content : 您好，感谢您关注奔瑞汽车用品！360°汽车服务解决方案提供商。业务领域涵盖高端美容、二手翻新及快速钣喷等，欢迎与我们联系。
您也可以回复以下数字，查看相关信息。
【1】品牌介绍
【2】核心项目
【3】合作支持
【4】产品中心
【5】联系方式
您可以留言或拨打客服热线 4006669243 更多资讯，您可以访问奔瑞官网 www.benrui.cn
意见，建议反馈信息请直接回复，谢谢。 ;

2019-02-26 14:22:22 trace :
------------
String:
<xml><ToUserName><![CDATA[gh_74fc964c4914]]></ToUserName>
<FromUserName><![CDATA[oF_mkjqTStsKYj7o7jRWbFowU_8g]]></FromUserName>
<CreateTime>1551162141</CreateTime>
<MsgType><![CDATA[text]]></MsgType>
<Content><![CDATA[1]]></Content>
<MsgId>22207303707765773</MsgId>
</xml>

2019-02-26 14:22:22 params :
------------
String:
array (
  'message' => 
  array (
    'tousername' => 'gh_74fc964c4914',
    'fromusername' => 'oF_mkjqTStsKYj7o7jRWbFowU_8g',
    'createtime' => '1551162141',
    'msgtype' => 'text',
    'content' => '1',
    'msgid' => '22207303707765773',
    'from' => 'oF_mkjqTStsKYj7o7jRWbFowU_8g',
    'to' => 'gh_74fc964c4914',
    'time' => '1551162141',
    'type' => 'text',
    'event' => NULL,
    'redirection' => false,
    'source' => NULL,
  ),
  'module' => 'reply',
  'rule' => '21',
  'priority' => '0',
  'keyword' => 
  array (
    'id' => '27',
    'rid' => '21',
    'uniacid' => '2',
    'module' => 'reply',
    'content' => '1',
    'type' => '1',
    'displayorder' => '0',
    'status' => '1',
    'reply_type' => 
    array (
      0 => 'news',
    ),
  ),
  'reply_type' => 
  array (
    0 => 'news',
  ),
)

2019-02-26 14:22:22 response :
------------
Array:
FromUserName : gh_74fc964c4914 ;
ToUserName : oF_mkjqTStsKYj7o7jRWbFowU_8g ;
MsgType : news ;
ArticleCount : 1 ;
Articles : Array ;

2019-02-26 14:22:43 trace :
------------
String:
<xml><ToUserName><![CDATA[gh_74fc964c4914]]></ToUserName>
<FromUserName><![CDATA[oF_mkjqTStsKYj7o7jRWbFowU_8g]]></FromUserName>
<CreateTime>1551162163</CreateTime>
<MsgType><![CDATA[text]]></MsgType>
<Content><![CDATA[4]]></Content>
<MsgId>22207304152854931</MsgId>
</xml>

2019-02-26 14:22:43 params :
------------
String:
array (
  'message' => 
  array (
    'tousername' => 'gh_74fc964c4914',
    'fromusername' => 'oF_mkjqTStsKYj7o7jRWbFowU_8g',
    'createtime' => '1551162163',
    'msgtype' => 'text',
    'content' => '4',
    'msgid' => '22207304152854931',
    'from' => 'oF_mkjqTStsKYj7o7jRWbFowU_8g',
    'to' => 'gh_74fc964c4914',
    'time' => '1551162163',
    'type' => 'text',
    'event' => NULL,
    'redirection' => false,
    'source' => NULL,
  ),
  'module' => 'reply',
  'rule' => '32',
  'priority' => '0',
  'keyword' => 
  array (
    'id' => '53',
    'rid' => '32',
    'uniacid' => '2',
    'module' => 'reply',
    'content' => '4',
    'type' => '1',
    'displayorder' => '0',
    'status' => '1',
    'reply_type' => 
    array (
      0 => 'basic',
    ),
  ),
  'reply_type' => 
  array (
    0 => 'basic',
  ),
)

2019-02-26 14:22:43 response :
------------
Array:
FromUserName : gh_74fc964c4914 ;
ToUserName : oF_mkjqTStsKYj7o7jRWbFowU_8g ;
MsgType : text ;
Content : 回复【401】查看镀膜类系列产品
回复【402】查看基础护理类产品
回复【403】查看清洁保护类产品
回复【404】查看空气净化类产品
回复【405】查看真皮塑件保养类产品
回复【406】查看工具系列产品 ;

2019-02-26 14:22:59 trace :
------------
String:
<xml><ToUserName><![CDATA[gh_74fc964c4914]]></ToUserName>
<FromUserName><![CDATA[oF_mkjqTStsKYj7o7jRWbFowU_8g]]></FromUserName>
<CreateTime>1551162178</CreateTime>
<MsgType><![CDATA[text]]></MsgType>
<Content><![CDATA[401]]></Content>
<MsgId>22207301602407863</MsgId>
</xml>

2019-02-26 14:22:59 params :
------------
String:
array (
  'message' => 
  array (
    'tousername' => 'gh_74fc964c4914',
    'fromusername' => 'oF_mkjqTStsKYj7o7jRWbFowU_8g',
    'createtime' => '1551162178',
    'msgtype' => 'text',
    'content' => '401',
    'msgid' => '22207301602407863',
    'from' => 'oF_mkjqTStsKYj7o7jRWbFowU_8g',
    'to' => 'gh_74fc964c4914',
    'time' => '1551162178',
    'type' => 'text',
    'event' => NULL,
    'redirection' => false,
    'source' => NULL,
  ),
  'module' => 'reply',
  'rule' => '31',
  'priority' => '0',
  'keyword' => 
  array (
    'id' => '52',
    'rid' => '31',
    'uniacid' => '2',
    'module' => 'reply',
    'content' => '401',
    'type' => '1',
    'displayorder' => '0',
    'status' => '1',
    'reply_type' => 
    array (
      0 => 'basic',
    ),
  ),
  'reply_type' => 
  array (
    0 => 'basic',
  ),
)

2019-02-26 14:22:59 response :
------------
Array:
FromUserName : gh_74fc964c4914 ;
ToUserName : oF_mkjqTStsKYj7o7jRWbFowU_8g ;
MsgType : text ;
Content : 回复产品前编号如【x-1】查看产品详细信息。
F1 漆面专业烤瓷
F2 至尊硬化镀膜
X-1 铂金硬化镀膜
X-6 欧铂硬化镀膜
A-390 超级玻璃纤维素镀膜
A-600 超级纳米镀膜
A-730 晶钻硬化镀膜
B-180B 玻璃防水镀膜
C-200 车内顶棚绒布镀膜
C-210 真皮镀膜
C-230 仪表台镀膜
C-260 装饰件翻新镀膜 ;

2019-02-26 14:23:38 trace :
------------
String:
<xml><ToUserName><![CDATA[gh_74fc964c4914]]></ToUserName>
<FromUserName><![CDATA[oF_mkjqTStsKYj7o7jRWbFowU_8g]]></FromUserName>
<CreateTime>1551162218</CreateTime>
<MsgType><![CDATA[text]]></MsgType>
<Content><![CDATA[k9]]></Content>
<MsgId>22207303509234377</MsgId>
</xml>

2019-02-26 14:23:38 params :
------------
String:
array (
  'rule' => -2,
  'module' => '',
  'message' => 
  array (
    'tousername' => 'gh_74fc964c4914',
    'fromusername' => 'oF_mkjqTStsKYj7o7jRWbFowU_8g',
    'createtime' => '1551162218',
    'msgtype' => 'text',
    'content' => 'k9',
    'msgid' => '22207303509234377',
    'from' => 'oF_mkjqTStsKYj7o7jRWbFowU_8g',
    'to' => 'gh_74fc964c4914',
    'time' => '1551162218',
    'type' => 'text',
    'event' => NULL,
    'redirection' => false,
    'source' => NULL,
  ),
)

2019-02-26 14:23:38 response :
------------

2019-02-26 14:24:52 trace :
------------
String:
<xml><ToUserName><![CDATA[gh_74fc964c4914]]></ToUserName>
<FromUserName><![CDATA[oF_mkjqTStsKYj7o7jRWbFowU_8g]]></FromUserName>
<CreateTime>1551162292</CreateTime>
<MsgType><![CDATA[text]]></MsgType>
<Content><![CDATA[f1]]></Content>
<MsgId>22207302056786216</MsgId>
</xml>

2019-02-26 14:24:52 params :
------------
String:
array (
  'message' => 
  array (
    'tousername' => 'gh_74fc964c4914',
    'fromusername' => 'oF_mkjqTStsKYj7o7jRWbFowU_8g',
    'createtime' => '1551162292',
    'msgtype' => 'text',
    'content' => 'f1',
    'msgid' => '22207302056786216',
    'from' => 'oF_mkjqTStsKYj7o7jRWbFowU_8g',
    'to' => 'gh_74fc964c4914',
    'time' => '1551162292',
    'type' => 'text',
    'event' => NULL,
    'redirection' => false,
    'source' => NULL,
  ),
  'module' => 'reply',
  'rule' => '25',
  'priority' => '0',
  'keyword' => 
  array (
    'id' => '31',
    'rid' => '25',
    'uniacid' => '2',
    'module' => 'reply',
    'content' => 'F1',
    'type' => '1',
    'displayorder' => '0',
    'status' => '1',
    'reply_type' => 
    array (
      0 => 'news',
    ),
  ),
  'reply_type' => 
  array (
    0 => 'news',
  ),
)

2019-02-26 14:24:52 response :
------------
Array:
FromUserName : gh_74fc964c4914 ;
ToUserName : oF_mkjqTStsKYj7o7jRWbFowU_8g ;
MsgType : news ;
ArticleCount : 1 ;
Articles : Array ;

2019-02-26 14:47:54 trace :
------------
String:
<xml><ToUserName><![CDATA[gh_74fc964c4914]]></ToUserName>
<FromUserName><![CDATA[oF_mkjvClQqJaVgfKLI2aFO11qwM]]></FromUserName>
<CreateTime>1551163673</CreateTime>
<MsgType><![CDATA[event]]></MsgType>
<Event><![CDATA[VIEW]]></Event>
<EventKey><![CDATA[http://mp.weixin.qq.com/s?__biz=MjM5MzE3NjM0Mw==&mid=503568901&idx=1&sn=68e38de4e280a77f6a9d4729e7b63342&chksm=3d6c747d0a1bfd6b9891ec8de146b4e8934a8e3f178d5f12a5de9984b0c8826680160a8d6af5&scene=18#wechat_redirect]]></EventKey>
<MenuId>503048253</MenuId>
</xml>

2019-02-26 14:47:54 params :
------------
String:
array (
  'message' => 
  array (
    'tousername' => 'gh_74fc964c4914',
    'fromusername' => 'oF_mkjvClQqJaVgfKLI2aFO11qwM',
    'createtime' => '1551163673',
    'msgtype' => 'event',
    'event' => 'VIEW',
    'eventkey' => 'http://mp.weixin.qq.com/s?__biz=MjM5MzE3NjM0Mw==&mid=503568901&idx=1&sn=68e38de4e280a77f6a9d4729e7b63342&chksm=3d6c747d0a1bfd6b9891ec8de146b4e8934a8e3f178d5f12a5de9984b0c8826680160a8d6af5&scene=18#wechat_redirect',
    'menuid' => '503048253',
    'from' => 'oF_mkjvClQqJaVgfKLI2aFO11qwM',
    'to' => 'gh_74fc964c4914',
    'time' => '1551163673',
    'type' => 'text',
    'content' => 'http://mp.weixin.qq.com/s?__biz=MjM5MzE3NjM0Mw==&mid=503568901&idx=1&sn=68e38de4e280a77f6a9d4729e7b63342&chksm=3d6c747d0a1bfd6b9891ec8de146b4e8934a8e3f178d5f12a5de9984b0c8826680160a8d6af5&scene=18#wechat_redirect',
    'redirection' => true,
    'source' => 'VIEW',
  ),
  'module' => 'reply',
  'rule' => '25',
  'priority' => '0',
  'keyword' => 
  array (
    'id' => '32',
    'rid' => '25',
    'uniacid' => '2',
    'module' => 'reply',
    'content' => 'f1',
    'type' => '2',
    'displayorder' => '0',
    'status' => '1',
    'reply_type' => 
    array (
      0 => 'news',
    ),
  ),
  'reply_type' => 
  array (
    0 => 'news',
  ),
)

2019-02-26 14:47:54 response :
------------
Array:
FromUserName : gh_74fc964c4914 ;
ToUserName : oF_mkjvClQqJaVgfKLI2aFO11qwM ;
MsgType : news ;
ArticleCount : 1 ;
Articles : Array ;

2019-02-26 14:48:00 trace :
------------
String:
<xml><ToUserName><![CDATA[gh_74fc964c4914]]></ToUserName>
<FromUserName><![CDATA[oF_mkjvClQqJaVgfKLI2aFO11qwM]]></FromUserName>
<CreateTime>1551163680</CreateTime>
<MsgType><![CDATA[event]]></MsgType>
<Event><![CDATA[CLICK]]></Event>
<EventKey><![CDATA[最新优惠]]></EventKey>
</xml>

2019-02-26 14:48:01 params :
------------
String:
array (
  'message' => 
  array (
    'tousername' => 'gh_74fc964c4914',
    'fromusername' => 'oF_mkjvClQqJaVgfKLI2aFO11qwM',
    'createtime' => '1551163680',
    'msgtype' => 'event',
    'event' => 'CLICK',
    'eventkey' => '最新优惠',
    'from' => 'oF_mkjvClQqJaVgfKLI2aFO11qwM',
    'to' => 'gh_74fc964c4914',
    'time' => '1551163680',
    'type' => 'text',
    'content' => '最新优惠',
    'redirection' => true,
    'source' => 'click',
  ),
  'module' => 'reply',
  'rule' => '53',
  'priority' => '0',
  'keyword' => 
  array (
    'id' => '115',
    'rid' => '53',
    'uniacid' => '2',
    'module' => 'reply',
    'content' => '最新优惠',
    'type' => '1',
    'displayorder' => '0',
    'status' => '1',
    'reply_type' => 
    array (
      0 => 'basic',
    ),
  ),
  'reply_type' => 
  array (
    0 => 'basic',
  ),
)

2019-02-26 14:48:01 response :
------------
Array:
FromUserName : gh_74fc964c4914 ;
ToUserName : oF_mkjvClQqJaVgfKLI2aFO11qwM ;
MsgType : text ;
Content : 优质服务季，一大波促销活动即将激情开启，敬请期待。 ;

2019-02-26 14:48:30 trace :
------------
String:
<xml><ToUserName><![CDATA[gh_74fc964c4914]]></ToUserName>
<FromUserName><![CDATA[oF_mkjvClQqJaVgfKLI2aFO11qwM]]></FromUserName>
<CreateTime>1551163710</CreateTime>
<MsgType><![CDATA[event]]></MsgType>
<Event><![CDATA[CLICK]]></Event>
<EventKey><![CDATA[最新优惠]]></EventKey>
</xml>

2019-02-26 14:48:31 params :
------------
String:
array (
  'message' => 
  array (
    'tousername' => 'gh_74fc964c4914',
    'fromusername' => 'oF_mkjvClQqJaVgfKLI2aFO11qwM',
    'createtime' => '1551163710',
    'msgtype' => 'event',
    'event' => 'CLICK',
    'eventkey' => '最新优惠',
    'from' => 'oF_mkjvClQqJaVgfKLI2aFO11qwM',
    'to' => 'gh_74fc964c4914',
    'time' => '1551163710',
    'type' => 'text',
    'content' => '最新优惠',
    'redirection' => true,
    'source' => 'click',
  ),
  'module' => 'reply',
  'rule' => '53',
  'priority' => '0',
  'keyword' => 
  array (
    'id' => '115',
    'rid' => '53',
    'uniacid' => '2',
    'module' => 'reply',
    'content' => '最新优惠',
    'type' => '1',
    'displayorder' => '0',
    'status' => '1',
    'reply_type' => 
    array (
      0 => 'basic',
    ),
  ),
  'reply_type' => 
  array (
    0 => 'basic',
  ),
)

2019-02-26 14:48:31 response :
------------
Array:
FromUserName : gh_74fc964c4914 ;
ToUserName : oF_mkjvClQqJaVgfKLI2aFO11qwM ;
MsgType : text ;
Content : 优质服务季，一大波促销活动即将激情开启，敬请期待。 ;

2019-02-26 14:48:38 trace :
------------
String:
<xml><ToUserName><![CDATA[gh_74fc964c4914]]></ToUserName>
<FromUserName><![CDATA[oF_mkjvClQqJaVgfKLI2aFO11qwM]]></FromUserName>
<CreateTime>1551163717</CreateTime>
<MsgType><![CDATA[event]]></MsgType>
<Event><![CDATA[VIEW]]></Event>
<EventKey><![CDATA[http://mp.weixin.qq.com/s?__biz=MjM5MzE3NjM0Mw==&mid=503568906&idx=1&sn=f69b31c00cb3a1c6d10bbd603f2d6a9d&chksm=3d6c74720a1bfd64faf54e1953da8af16745ad2e97a8a1c5013448887a270dbfe1e016af3f77&scene=18#wechat_redirect]]></EventKey>
<MenuId>503048253</MenuId>
</xml>

2019-02-26 14:48:38 params :
------------
String:
array (
  'message' => 
  array (
    'tousername' => 'gh_74fc964c4914',
    'fromusername' => 'oF_mkjvClQqJaVgfKLI2aFO11qwM',
    'createtime' => '1551163717',
    'msgtype' => 'event',
    'event' => 'VIEW',
    'eventkey' => 'http://mp.weixin.qq.com/s?__biz=MjM5MzE3NjM0Mw==&mid=503568906&idx=1&sn=f69b31c00cb3a1c6d10bbd603f2d6a9d&chksm=3d6c74720a1bfd64faf54e1953da8af16745ad2e97a8a1c5013448887a270dbfe1e016af3f77&scene=18#wechat_redirect',
    'menuid' => '503048253',
    'from' => 'oF_mkjvClQqJaVgfKLI2aFO11qwM',
    'to' => 'gh_74fc964c4914',
    'time' => '1551163717',
    'type' => 'text',
    'content' => 'http://mp.weixin.qq.com/s?__biz=MjM5MzE3NjM0Mw==&mid=503568906&idx=1&sn=f69b31c00cb3a1c6d10bbd603f2d6a9d&chksm=3d6c74720a1bfd64faf54e1953da8af16745ad2e97a8a1c5013448887a270dbfe1e016af3f77&scene=18#wechat_redirect',
    'redirection' => true,
    'source' => 'VIEW',
  ),
  'module' => 'reply',
  'rule' => '25',
  'priority' => '0',
  'keyword' => 
  array (
    'id' => '32',
    'rid' => '25',
    'uniacid' => '2',
    'module' => 'reply',
    'content' => 'f1',
    'type' => '2',
    'displayorder' => '0',
    'status' => '1',
    'reply_type' => 
    array (
      0 => 'news',
    ),
  ),
  'reply_type' => 
  array (
    0 => 'news',
  ),
)

2019-02-26 14:48:38 response :
------------
Array:
FromUserName : gh_74fc964c4914 ;
ToUserName : oF_mkjvClQqJaVgfKLI2aFO11qwM ;
MsgType : news ;
ArticleCount : 1 ;
Articles : Array ;

2019-02-26 17:04:33 trace :
------------
String:
<xml><ToUserName><![CDATA[gh_74fc964c4914]]></ToUserName>
<FromUserName><![CDATA[oF_mkjnZrcmVFqMlDvXLUG9GxHoE]]></FromUserName>
<CreateTime>1551171872</CreateTime>
<MsgType><![CDATA[event]]></MsgType>
<Event><![CDATA[SCAN]]></Event>
<EventKey><![CDATA[TZHB15286865757002182--3059]]></EventKey>
<Ticket><![CDATA[gQE78TwAAAAAAAAAAS5odHRwOi8vd2VpeGluLnFxLmNvbS9xLzAyRkRRc056blZhQWUxMDAwMDAwNzcAAgTv5x1bAwQAAAAA]]></Ticket>
</xml>

2019-02-26 17:04:33 params :
------------
String:
array (
  'rule' => -2,
  'module' => '',
  'message' => 
  array (
    'tousername' => 'gh_74fc964c4914',
    'fromusername' => 'oF_mkjnZrcmVFqMlDvXLUG9GxHoE',
    'createtime' => '1551171872',
    'msgtype' => 'event',
    'event' => 'SCAN',
    'eventkey' => 'TZHB15286865757002182--3059',
    'ticket' => 'gQE78TwAAAAAAAAAAS5odHRwOi8vd2VpeGluLnFxLmNvbS9xLzAyRkRRc056blZhQWUxMDAwMDAwNzcAAgTv5x1bAwQAAAAA',
    'from' => 'oF_mkjnZrcmVFqMlDvXLUG9GxHoE',
    'to' => 'gh_74fc964c4914',
    'time' => '1551171872',
    'type' => 'text',
    'scene' => 'TZHB15286865757002182--3059',
    'redirection' => true,
    'source' => 'qr',
  ),
)

2019-02-26 17:04:33 response :
------------

2019-02-26 17:25:48 trace :
------------
String:
<xml><ToUserName><![CDATA[gh_74fc964c4914]]></ToUserName>
<FromUserName><![CDATA[oF_mkjs35Y04QqBDYB3zeSZtG7B4]]></FromUserName>
<CreateTime>1551173148</CreateTime>
<MsgType><![CDATA[event]]></MsgType>
<Event><![CDATA[unsubscribe]]></Event>
<EventKey><![CDATA[]]></EventKey>
</xml>

2019-02-26 18:01:51 trace :
------------
String:
<xml><ToUserName><![CDATA[gh_74fc964c4914]]></ToUserName>
<FromUserName><![CDATA[oF_mkjmSSuUNrktf1Wbzi9kV86Yo]]></FromUserName>
<CreateTime>1551175311</CreateTime>
<MsgType><![CDATA[event]]></MsgType>
<Event><![CDATA[subscribe]]></Event>
<EventKey><![CDATA[]]></EventKey>
</xml>

2019-02-26 18:01:52 params :
------------
String:
array (
  'message' => 
  array (
    'tousername' => 'gh_74fc964c4914',
    'fromusername' => 'oF_mkjmSSuUNrktf1Wbzi9kV86Yo',
    'createtime' => '1551175311',
    'msgtype' => 'event',
    'event' => 'subscribe',
    'eventkey' => '',
    'from' => 'oF_mkjmSSuUNrktf1Wbzi9kV86Yo',
    'to' => 'gh_74fc964c4914',
    'time' => '1551175311',
    'type' => 'text',
    'redirection' => true,
    'source' => 'subscribe',
    'content' => '首次关注',
  ),
  'module' => 'reply',
  'rule' => '9',
  'priority' => '0',
  'keyword' => 
  array (
    'id' => '116',
    'rid' => '9',
    'uniacid' => '2',
    'module' => 'reply',
    'content' => '首次关注',
    'type' => '1',
    'displayorder' => '0',
    'status' => '1',
    'reply_type' => 
    array (
      0 => 'basic',
    ),
  ),
  'reply_type' => 
  array (
    0 => 'basic',
  ),
)

2019-02-26 18:01:52 response :
------------
Array:
FromUserName : gh_74fc964c4914 ;
ToUserName : oF_mkjmSSuUNrktf1Wbzi9kV86Yo ;
MsgType : text ;
Content : 您好，感谢您关注奔瑞汽车用品！360°汽车服务解决方案提供商。业务领域涵盖高端美容、二手翻新及快速钣喷等，欢迎与我们联系。
您也可以回复以下数字，查看相关信息。
【1】品牌介绍
【2】核心项目
【3】合作支持
【4】产品中心
【5】联系方式
您可以留言或拨打客服热线 4006669243 更多资讯，您可以访问奔瑞官网 www.benrui.cn
意见，建议反馈信息请直接回复，谢谢。 ;

2019-02-26 18:02:18 trace :
------------
String:
<xml><ToUserName><![CDATA[gh_74fc964c4914]]></ToUserName>
<FromUserName><![CDATA[oF_mkjmSSuUNrktf1Wbzi9kV86Yo]]></FromUserName>
<CreateTime>1551175337</CreateTime>
<MsgType><![CDATA[event]]></MsgType>
<Event><![CDATA[unsubscribe]]></Event>
<EventKey><![CDATA[]]></EventKey>
</xml>

