2019-01-20 01:35:03 trace :
------------
String:
<xml><ToUserName><![CDATA[gh_74fc964c4914]]></ToUserName>
<FromUserName><![CDATA[oF_mkjtxW4p2N7ktAq0ZxK-EZGA8]]></FromUserName>
<CreateTime>1547919301</CreateTime>
<MsgType><![CDATA[event]]></MsgType>
<Event><![CDATA[SCAN]]></Event>
<EventKey><![CDATA[TZHB15301481629496367--3974]]></EventKey>
<Ticket><![CDATA[gQFN8DwAAAAAAAAAAS5odHRwOi8vd2VpeGluLnFxLmNvbS9xLzAydG9Nak1RblZhQWUxMDAwMDAwN0sAAgRCNTRbAwQAAAAA]]></Ticket>
</xml>

2019-01-20 01:35:03 params :
------------
String:
array (
  'rule' => -2,
  'module' => '',
  'message' => 
  array (
    'tousername' => 'gh_74fc964c4914',
    'fromusername' => 'oF_mkjtxW4p2N7ktAq0ZxK-EZGA8',
    'createtime' => '1547919301',
    'msgtype' => 'event',
    'event' => 'SCAN',
    'eventkey' => 'TZHB15301481629496367--3974',
    'ticket' => 'gQFN8DwAAAAAAAAAAS5odHRwOi8vd2VpeGluLnFxLmNvbS9xLzAydG9Nak1RblZhQWUxMDAwMDAwN0sAAgRCNTRbAwQAAAAA',
    'from' => 'oF_mkjtxW4p2N7ktAq0ZxK-EZGA8',
    'to' => 'gh_74fc964c4914',
    'time' => '1547919301',
    'type' => 'text',
    'scene' => 'TZHB15301481629496367--3974',
    'redirection' => true,
    'source' => 'qr',
  ),
)

2019-01-20 01:35:03 response :
------------

2019-01-20 01:35:05 trace :
------------
String:
<xml><ToUserName><![CDATA[gh_74fc964c4914]]></ToUserName>
<FromUserName><![CDATA[oF_mkjtxW4p2N7ktAq0ZxK-EZGA8]]></FromUserName>
<CreateTime>1547919304</CreateTime>
<MsgType><![CDATA[event]]></MsgType>
<Event><![CDATA[LOCATION]]></Event>
<Latitude>37.563011</Latitude>
<Longitude>118.574295</Longitude>
<Precision>520.000000</Precision>
</xml>

2019-01-20 01:35:05 params :
------------
String:
array (
  'message' => 
  array (
    'tousername' => 'gh_74fc964c4914',
    'fromusername' => 'oF_mkjtxW4p2N7ktAq0ZxK-EZGA8',
    'createtime' => '1547919304',
    'msgtype' => 'event',
    'event' => 'LOCATION',
    'latitude' => '37.563011',
    'longitude' => '118.574295',
    'precision' => '520.000000',
    'from' => 'oF_mkjtxW4p2N7ktAq0ZxK-EZGA8',
    'to' => 'gh_74fc964c4914',
    'time' => '1547919304',
    'type' => 'trace',
    'location_x' => '37.563011',
    'location_y' => '118.574295',
  ),
  'module' => 'default',
  'rule' => '-1',
)

2019-01-20 01:35:05 response :
------------
Array:
errno : -1 ;
message : Invaild value ;

2019-01-20 01:35:11 trace :
------------
String:
<xml><ToUserName><![CDATA[gh_74fc964c4914]]></ToUserName>
<FromUserName><![CDATA[oF_mkjtxW4p2N7ktAq0ZxK-EZGA8]]></FromUserName>
<CreateTime>1547919310</CreateTime>
<MsgType><![CDATA[event]]></MsgType>
<Event><![CDATA[LOCATION]]></Event>
<Latitude>37.563011</Latitude>
<Longitude>118.574295</Longitude>
<Precision>520.000000</Precision>
</xml>

2019-01-20 01:35:11 params :
------------
String:
array (
  'message' => 
  array (
    'tousername' => 'gh_74fc964c4914',
    'fromusername' => 'oF_mkjtxW4p2N7ktAq0ZxK-EZGA8',
    'createtime' => '1547919310',
    'msgtype' => 'event',
    'event' => 'LOCATION',
    'latitude' => '37.563011',
    'longitude' => '118.574295',
    'precision' => '520.000000',
    'from' => 'oF_mkjtxW4p2N7ktAq0ZxK-EZGA8',
    'to' => 'gh_74fc964c4914',
    'time' => '1547919310',
    'type' => 'trace',
    'location_x' => '37.563011',
    'location_y' => '118.574295',
  ),
  'module' => 'default',
  'rule' => '-1',
)

2019-01-20 01:35:11 response :
------------
Array:
errno : -1 ;
message : Invaild value ;

2019-01-20 03:00:11 trace :
------------
String:
<xml><ToUserName><![CDATA[gh_74fc964c4914]]></ToUserName>
<FromUserName><![CDATA[oF_mkjnRbBG0HAl6EKSlJoQxc7XA]]></FromUserName>
<CreateTime>1547924411</CreateTime>
<MsgType><![CDATA[event]]></MsgType>
<Event><![CDATA[unsubscribe]]></Event>
<EventKey><![CDATA[]]></EventKey>
</xml>

2019-01-20 08:22:55 trace :
------------
String:
<xml><ToUserName><![CDATA[gh_74fc964c4914]]></ToUserName>
<FromUserName><![CDATA[oF_mkjomu8sEpqmGb-k0z-SLPIzE]]></FromUserName>
<CreateTime>1547943774</CreateTime>
<MsgType><![CDATA[event]]></MsgType>
<Event><![CDATA[SCAN]]></Event>
<EventKey><![CDATA[TZHB15444181576821665--12374]]></EventKey>
<Ticket><![CDATA[gQFz8DwAAAAAAAAAAS5odHRwOi8vd2VpeGluLnFxLmNvbS9xLzAybm5XR05UblZhQWUxMDAwME0wN2EAAgRt8w1cAwQAAAAA]]></Ticket>
</xml>

2019-01-20 08:22:55 params :
------------
String:
array (
  'rule' => -2,
  'module' => '',
  'message' => 
  array (
    'tousername' => 'gh_74fc964c4914',
    'fromusername' => 'oF_mkjomu8sEpqmGb-k0z-SLPIzE',
    'createtime' => '1547943774',
    'msgtype' => 'event',
    'event' => 'SCAN',
    'eventkey' => 'TZHB15444181576821665--12374',
    'ticket' => 'gQFz8DwAAAAAAAAAAS5odHRwOi8vd2VpeGluLnFxLmNvbS9xLzAybm5XR05UblZhQWUxMDAwME0wN2EAAgRt8w1cAwQAAAAA',
    'from' => 'oF_mkjomu8sEpqmGb-k0z-SLPIzE',
    'to' => 'gh_74fc964c4914',
    'time' => '1547943774',
    'type' => 'text',
    'scene' => 'TZHB15444181576821665--12374',
    'redirection' => true,
    'source' => 'qr',
  ),
)

2019-01-20 08:22:55 response :
------------

2019-01-20 08:22:57 trace :
------------
String:
<xml><ToUserName><![CDATA[gh_74fc964c4914]]></ToUserName>
<FromUserName><![CDATA[oF_mkjomu8sEpqmGb-k0z-SLPIzE]]></FromUserName>
<CreateTime>1547943776</CreateTime>
<MsgType><![CDATA[event]]></MsgType>
<Event><![CDATA[LOCATION]]></Event>
<Latitude>31.810734</Latitude>
<Longitude>121.672684</Longitude>
<Precision>30.000000</Precision>
</xml>

2019-01-20 08:22:57 params :
------------
String:
array (
  'message' => 
  array (
    'tousername' => 'gh_74fc964c4914',
    'fromusername' => 'oF_mkjomu8sEpqmGb-k0z-SLPIzE',
    'createtime' => '1547943776',
    'msgtype' => 'event',
    'event' => 'LOCATION',
    'latitude' => '31.810734',
    'longitude' => '121.672684',
    'precision' => '30.000000',
    'from' => 'oF_mkjomu8sEpqmGb-k0z-SLPIzE',
    'to' => 'gh_74fc964c4914',
    'time' => '1547943776',
    'type' => 'trace',
    'location_x' => '31.810734',
    'location_y' => '121.672684',
  ),
  'module' => 'default',
  'rule' => '-1',
)

2019-01-20 08:22:57 response :
------------
Array:
errno : -1 ;
message : Invaild value ;

2019-01-20 08:23:03 trace :
------------
String:
<xml><ToUserName><![CDATA[gh_74fc964c4914]]></ToUserName>
<FromUserName><![CDATA[oF_mkjomu8sEpqmGb-k0z-SLPIzE]]></FromUserName>
<CreateTime>1547943782</CreateTime>
<MsgType><![CDATA[event]]></MsgType>
<Event><![CDATA[LOCATION]]></Event>
<Latitude>31.810692</Latitude>
<Longitude>121.672646</Longitude>
<Precision>30.000000</Precision>
</xml>

2019-01-20 08:23:03 params :
------------
String:
array (
  'message' => 
  array (
    'tousername' => 'gh_74fc964c4914',
    'fromusername' => 'oF_mkjomu8sEpqmGb-k0z-SLPIzE',
    'createtime' => '1547943782',
    'msgtype' => 'event',
    'event' => 'LOCATION',
    'latitude' => '31.810692',
    'longitude' => '121.672646',
    'precision' => '30.000000',
    'from' => 'oF_mkjomu8sEpqmGb-k0z-SLPIzE',
    'to' => 'gh_74fc964c4914',
    'time' => '1547943782',
    'type' => 'trace',
    'location_x' => '31.810692',
    'location_y' => '121.672646',
  ),
  'module' => 'default',
  'rule' => '-1',
)

2019-01-20 08:23:03 response :
------------
Array:
errno : -1 ;
message : Invaild value ;

2019-01-20 08:24:22 trace :
------------
String:
<xml><ToUserName><![CDATA[gh_74fc964c4914]]></ToUserName>
<FromUserName><![CDATA[oF_mkjka2pFDT5ZMopW3BrSvr1tk]]></FromUserName>
<CreateTime>1547943861</CreateTime>
<MsgType><![CDATA[event]]></MsgType>
<Event><![CDATA[SCAN]]></Event>
<EventKey><![CDATA[TZHB15304976529021233--6251]]></EventKey>
<Ticket><![CDATA[gQEF8TwAAAAAAAAAAS5odHRwOi8vd2VpeGluLnFxLmNvbS9xLzAyQzFUb05ZblZhQWUxMDAwMDAwN2EAAgR0ijlbAwQAAAAA]]></Ticket>
</xml>

2019-01-20 08:24:22 params :
------------
String:
array (
  'rule' => -2,
  'module' => '',
  'message' => 
  array (
    'tousername' => 'gh_74fc964c4914',
    'fromusername' => 'oF_mkjka2pFDT5ZMopW3BrSvr1tk',
    'createtime' => '1547943861',
    'msgtype' => 'event',
    'event' => 'SCAN',
    'eventkey' => 'TZHB15304976529021233--6251',
    'ticket' => 'gQEF8TwAAAAAAAAAAS5odHRwOi8vd2VpeGluLnFxLmNvbS9xLzAyQzFUb05ZblZhQWUxMDAwMDAwN2EAAgR0ijlbAwQAAAAA',
    'from' => 'oF_mkjka2pFDT5ZMopW3BrSvr1tk',
    'to' => 'gh_74fc964c4914',
    'time' => '1547943861',
    'type' => 'text',
    'scene' => 'TZHB15304976529021233--6251',
    'redirection' => true,
    'source' => 'qr',
  ),
)

2019-01-20 08:24:22 response :
------------

2019-01-20 09:26:58 trace :
------------
String:
<xml><ToUserName><![CDATA[gh_74fc964c4914]]></ToUserName>
<FromUserName><![CDATA[oF_mkjpbaadC1C6koHOW0P8VPEfU]]></FromUserName>
<CreateTime>1547947616</CreateTime>
<MsgType><![CDATA[event]]></MsgType>
<Event><![CDATA[subscribe]]></Event>
<EventKey><![CDATA[qrscene_TZHB15301483969846624--4329]]></EventKey>
<Ticket><![CDATA[gQFP8DwAAAAAAAAAAS5odHRwOi8vd2VpeGluLnFxLmNvbS9xLzAyQWd6MU5wblZhQWUxMDAwME0wN2cAAgQtNjRbAwQAAAAA]]></Ticket>
</xml>

2019-01-20 09:26:58 params :
------------
String:
array (
  'message' => 
  array (
    'tousername' => 'gh_74fc964c4914',
    'fromusername' => 'oF_mkjpbaadC1C6koHOW0P8VPEfU',
    'createtime' => '1547947616',
    'msgtype' => 'event',
    'event' => 'subscribe',
    'eventkey' => 'qrscene_TZHB15301483969846624--4329',
    'ticket' => 'gQFP8DwAAAAAAAAAAS5odHRwOi8vd2VpeGluLnFxLmNvbS9xLzAyQWd6MU5wblZhQWUxMDAwME0wN2cAAgQtNjRbAwQAAAAA',
    'from' => 'oF_mkjpbaadC1C6koHOW0P8VPEfU',
    'to' => 'gh_74fc964c4914',
    'time' => '1547947616',
    'type' => 'text',
    'scene' => 'TZHB15301483969846624--4329',
    'redirection' => true,
    'source' => 'subscribe',
    'content' => '首次关注',
  ),
  'module' => 'reply',
  'rule' => '9',
  'priority' => '0',
  'keyword' => 
  array (
    'id' => '116',
    'rid' => '9',
    'uniacid' => '2',
    'module' => 'reply',
    'content' => '首次关注',
    'type' => '1',
    'displayorder' => '0',
    'status' => '1',
    'reply_type' => 
    array (
      0 => 'basic',
    ),
  ),
  'reply_type' => 
  array (
    0 => 'basic',
  ),
)

2019-01-20 09:26:58 response :
------------
Array:
FromUserName : gh_74fc964c4914 ;
ToUserName : oF_mkjpbaadC1C6koHOW0P8VPEfU ;
MsgType : text ;
Content : 您好，感谢您关注奔瑞汽车用品！360°汽车服务解决方案提供商。业务领域涵盖高端美容、二手翻新及快速钣喷等，欢迎与我们联系。
您也可以回复以下数字，查看相关信息。
【1】品牌介绍
【2】核心项目
【3】合作支持
【4】产品中心
【5】联系方式
您可以留言或拨打客服热线 4006669243 更多资讯，您可以访问奔瑞官网 www.benrui.cn
意见，建议反馈信息请直接回复，谢谢。 ;

2019-01-20 09:28:25 trace :
------------
String:
<xml><ToUserName><![CDATA[gh_74fc964c4914]]></ToUserName>
<FromUserName><![CDATA[oF_mkjpbaadC1C6koHOW0P8VPEfU]]></FromUserName>
<CreateTime>1547947704</CreateTime>
<MsgType><![CDATA[event]]></MsgType>
<Event><![CDATA[unsubscribe]]></Event>
<EventKey><![CDATA[]]></EventKey>
</xml>

2019-01-20 09:54:52 trace :
------------
String:
<xml><ToUserName><![CDATA[gh_74fc964c4914]]></ToUserName>
<FromUserName><![CDATA[oF_mkjhwDqY-gK7vr_inMcrnCklk]]></FromUserName>
<CreateTime>1547949290</CreateTime>
<MsgType><![CDATA[event]]></MsgType>
<Event><![CDATA[SCAN]]></Event>
<EventKey><![CDATA[TZHB15367439219432763--10833]]></EventKey>
<Ticket><![CDATA[gQGP8TwAAAAAAAAAAS5odHRwOi8vd2VpeGluLnFxLmNvbS9xLzAySHhMOU1HblZhQWUxMDAwMGcwN3oAAgTx2ZhbAwQAAAAA]]></Ticket>
</xml>

2019-01-20 09:54:52 params :
------------
String:
array (
  'rule' => -2,
  'module' => '',
  'message' => 
  array (
    'tousername' => 'gh_74fc964c4914',
    'fromusername' => 'oF_mkjhwDqY-gK7vr_inMcrnCklk',
    'createtime' => '1547949290',
    'msgtype' => 'event',
    'event' => 'SCAN',
    'eventkey' => 'TZHB15367439219432763--10833',
    'ticket' => 'gQGP8TwAAAAAAAAAAS5odHRwOi8vd2VpeGluLnFxLmNvbS9xLzAySHhMOU1HblZhQWUxMDAwMGcwN3oAAgTx2ZhbAwQAAAAA',
    'from' => 'oF_mkjhwDqY-gK7vr_inMcrnCklk',
    'to' => 'gh_74fc964c4914',
    'time' => '1547949290',
    'type' => 'text',
    'scene' => 'TZHB15367439219432763--10833',
    'redirection' => true,
    'source' => 'qr',
  ),
)

2019-01-20 09:54:52 response :
------------

2019-01-20 10:05:30 trace :
------------
String:
<xml><ToUserName><![CDATA[gh_74fc964c4914]]></ToUserName>
<FromUserName><![CDATA[oF_mkjkgaefGnTMsGcljmCid32dI]]></FromUserName>
<CreateTime>1547949928</CreateTime>
<MsgType><![CDATA[event]]></MsgType>
<Event><![CDATA[SCAN]]></Event>
<EventKey><![CDATA[TZHB15367441431558382--11321]]></EventKey>
<Ticket><![CDATA[gQGR8TwAAAAAAAAAAS5odHRwOi8vd2VpeGluLnFxLmNvbS9xLzAybVpZeU1TblZhQWUxMDAwMGcwNzkAAgTP2phbAwQAAAAA]]></Ticket>
</xml>

2019-01-20 10:05:30 params :
------------
String:
array (
  'rule' => -2,
  'module' => '',
  'message' => 
  array (
    'tousername' => 'gh_74fc964c4914',
    'fromusername' => 'oF_mkjkgaefGnTMsGcljmCid32dI',
    'createtime' => '1547949928',
    'msgtype' => 'event',
    'event' => 'SCAN',
    'eventkey' => 'TZHB15367441431558382--11321',
    'ticket' => 'gQGR8TwAAAAAAAAAAS5odHRwOi8vd2VpeGluLnFxLmNvbS9xLzAybVpZeU1TblZhQWUxMDAwMGcwNzkAAgTP2phbAwQAAAAA',
    'from' => 'oF_mkjkgaefGnTMsGcljmCid32dI',
    'to' => 'gh_74fc964c4914',
    'time' => '1547949928',
    'type' => 'text',
    'scene' => 'TZHB15367441431558382--11321',
    'redirection' => true,
    'source' => 'qr',
  ),
)

2019-01-20 10:05:30 response :
------------

2019-01-20 12:00:31 trace :
------------
String:
<xml><ToUserName><![CDATA[gh_74fc964c4914]]></ToUserName>
<FromUserName><![CDATA[oF_mkjl1nb1M_1voc190c8EpVnwE]]></FromUserName>
<CreateTime>1547956830</CreateTime>
<MsgType><![CDATA[event]]></MsgType>
<Event><![CDATA[SCAN]]></Event>
<EventKey><![CDATA[TZHB15444181576821665--12374]]></EventKey>
<Ticket><![CDATA[gQFz8DwAAAAAAAAAAS5odHRwOi8vd2VpeGluLnFxLmNvbS9xLzAybm5XR05UblZhQWUxMDAwME0wN2EAAgRt8w1cAwQAAAAA]]></Ticket>
</xml>

2019-01-20 12:00:31 params :
------------
String:
array (
  'rule' => -2,
  'module' => '',
  'message' => 
  array (
    'tousername' => 'gh_74fc964c4914',
    'fromusername' => 'oF_mkjl1nb1M_1voc190c8EpVnwE',
    'createtime' => '1547956830',
    'msgtype' => 'event',
    'event' => 'SCAN',
    'eventkey' => 'TZHB15444181576821665--12374',
    'ticket' => 'gQFz8DwAAAAAAAAAAS5odHRwOi8vd2VpeGluLnFxLmNvbS9xLzAybm5XR05UblZhQWUxMDAwME0wN2EAAgRt8w1cAwQAAAAA',
    'from' => 'oF_mkjl1nb1M_1voc190c8EpVnwE',
    'to' => 'gh_74fc964c4914',
    'time' => '1547956830',
    'type' => 'text',
    'scene' => 'TZHB15444181576821665--12374',
    'redirection' => true,
    'source' => 'qr',
  ),
)

2019-01-20 12:00:31 response :
------------

2019-01-20 12:20:44 trace :
------------
String:
<xml><ToUserName><![CDATA[gh_74fc964c4914]]></ToUserName>
<FromUserName><![CDATA[oF_mkjuMe7Hsrl6IuiiZJ5Lp9ha8]]></FromUserName>
<CreateTime>1547958042</CreateTime>
<MsgType><![CDATA[event]]></MsgType>
<Event><![CDATA[SCAN]]></Event>
<EventKey><![CDATA[TZHB15444180881724682--11878]]></EventKey>
<Ticket><![CDATA[gQHo8DwAAAAAAAAAAS5odHRwOi8vd2VpeGluLnFxLmNvbS9xLzAyclIwLU5rblZhQWUxMDAwME0wN3MAAgQo8w1cAwQAAAAA]]></Ticket>
</xml>

2019-01-20 12:20:44 params :
------------
String:
array (
  'rule' => -2,
  'module' => '',
  'message' => 
  array (
    'tousername' => 'gh_74fc964c4914',
    'fromusername' => 'oF_mkjuMe7Hsrl6IuiiZJ5Lp9ha8',
    'createtime' => '1547958042',
    'msgtype' => 'event',
    'event' => 'SCAN',
    'eventkey' => 'TZHB15444180881724682--11878',
    'ticket' => 'gQHo8DwAAAAAAAAAAS5odHRwOi8vd2VpeGluLnFxLmNvbS9xLzAyclIwLU5rblZhQWUxMDAwME0wN3MAAgQo8w1cAwQAAAAA',
    'from' => 'oF_mkjuMe7Hsrl6IuiiZJ5Lp9ha8',
    'to' => 'gh_74fc964c4914',
    'time' => '1547958042',
    'type' => 'text',
    'scene' => 'TZHB15444180881724682--11878',
    'redirection' => true,
    'source' => 'qr',
  ),
)

2019-01-20 12:20:44 response :
------------

2019-01-20 12:50:25 trace :
------------
String:
<xml><ToUserName><![CDATA[gh_74fc964c4914]]></ToUserName>
<FromUserName><![CDATA[oF_mkjiYDCxlXTdj41cP_Y0J0PTk]]></FromUserName>
<CreateTime>1547959824</CreateTime>
<MsgType><![CDATA[event]]></MsgType>
<Event><![CDATA[subscribe]]></Event>
<EventKey><![CDATA[qrscene_TZHB15444180874333393--11872]]></EventKey>
<Ticket><![CDATA[gQHZ8DwAAAAAAAAAAS5odHRwOi8vd2VpeGluLnFxLmNvbS9xLzAyX3Z2SU5FblZhQWUxMDAwME0wNzYAAgQn8w1cAwQAAAAA]]></Ticket>
</xml>

2019-01-20 12:50:26 params :
------------
String:
array (
  'message' => 
  array (
    'tousername' => 'gh_74fc964c4914',
    'fromusername' => 'oF_mkjiYDCxlXTdj41cP_Y0J0PTk',
    'createtime' => '1547959824',
    'msgtype' => 'event',
    'event' => 'subscribe',
    'eventkey' => 'qrscene_TZHB15444180874333393--11872',
    'ticket' => 'gQHZ8DwAAAAAAAAAAS5odHRwOi8vd2VpeGluLnFxLmNvbS9xLzAyX3Z2SU5FblZhQWUxMDAwME0wNzYAAgQn8w1cAwQAAAAA',
    'from' => 'oF_mkjiYDCxlXTdj41cP_Y0J0PTk',
    'to' => 'gh_74fc964c4914',
    'time' => '1547959824',
    'type' => 'text',
    'scene' => 'TZHB15444180874333393--11872',
    'redirection' => true,
    'source' => 'subscribe',
    'content' => '首次关注',
  ),
  'module' => 'reply',
  'rule' => '9',
  'priority' => '0',
  'keyword' => 
  array (
    'id' => '116',
    'rid' => '9',
    'uniacid' => '2',
    'module' => 'reply',
    'content' => '首次关注',
    'type' => '1',
    'displayorder' => '0',
    'status' => '1',
    'reply_type' => 
    array (
      0 => 'basic',
    ),
  ),
  'reply_type' => 
  array (
    0 => 'basic',
  ),
)

2019-01-20 12:50:26 response :
------------
Array:
FromUserName : gh_74fc964c4914 ;
ToUserName : oF_mkjiYDCxlXTdj41cP_Y0J0PTk ;
MsgType : text ;
Content : 您好，感谢您关注奔瑞汽车用品！360°汽车服务解决方案提供商。业务领域涵盖高端美容、二手翻新及快速钣喷等，欢迎与我们联系。
您也可以回复以下数字，查看相关信息。
【1】品牌介绍
【2】核心项目
【3】合作支持
【4】产品中心
【5】联系方式
您可以留言或拨打客服热线 4006669243 更多资讯，您可以访问奔瑞官网 www.benrui.cn
意见，建议反馈信息请直接回复，谢谢。 ;

2019-01-20 13:16:27 trace :
------------
String:
<xml><ToUserName><![CDATA[gh_74fc964c4914]]></ToUserName>
<FromUserName><![CDATA[oF_mkjv3FhtroZcQJUUJpVFf_aQs]]></FromUserName>
<CreateTime>1547961385</CreateTime>
<MsgType><![CDATA[event]]></MsgType>
<Event><![CDATA[SCAN]]></Event>
<EventKey><![CDATA[TZHB15367439512653686--10962]]></EventKey>
<Ticket><![CDATA[gQES8TwAAAAAAAAAAS5odHRwOi8vd2VpeGluLnFxLmNvbS9xLzAya3huUU1fblZhQWUxMDAwMGcwN2MAAgQP2phbAwQAAAAA]]></Ticket>
</xml>

2019-01-20 13:16:27 params :
------------
String:
array (
  'rule' => -2,
  'module' => '',
  'message' => 
  array (
    'tousername' => 'gh_74fc964c4914',
    'fromusername' => 'oF_mkjv3FhtroZcQJUUJpVFf_aQs',
    'createtime' => '1547961385',
    'msgtype' => 'event',
    'event' => 'SCAN',
    'eventkey' => 'TZHB15367439512653686--10962',
    'ticket' => 'gQES8TwAAAAAAAAAAS5odHRwOi8vd2VpeGluLnFxLmNvbS9xLzAya3huUU1fblZhQWUxMDAwMGcwN2MAAgQP2phbAwQAAAAA',
    'from' => 'oF_mkjv3FhtroZcQJUUJpVFf_aQs',
    'to' => 'gh_74fc964c4914',
    'time' => '1547961385',
    'type' => 'text',
    'scene' => 'TZHB15367439512653686--10962',
    'redirection' => true,
    'source' => 'qr',
  ),
)

2019-01-20 13:16:27 response :
------------

2019-01-20 13:27:27 trace :
------------
String:
<xml><ToUserName><![CDATA[gh_74fc964c4914]]></ToUserName>
<FromUserName><![CDATA[oF_mkjrnBHtFbdzjxNQ0NHsGDk1E]]></FromUserName>
<CreateTime>1547962046</CreateTime>
<MsgType><![CDATA[event]]></MsgType>
<Event><![CDATA[subscribe]]></Event>
<EventKey><![CDATA[qrscene_TZHB15444180273043342--11545]]></EventKey>
<Ticket><![CDATA[gQGt8DwAAAAAAAAAAS5odHRwOi8vd2VpeGluLnFxLmNvbS9xLzAycWlyQk1KblZhQWUxMDAwMHcwN3cAAgTr8g1cAwQAAAAA]]></Ticket>
</xml>

2019-01-20 13:27:27 params :
------------
String:
array (
  'message' => 
  array (
    'tousername' => 'gh_74fc964c4914',
    'fromusername' => 'oF_mkjrnBHtFbdzjxNQ0NHsGDk1E',
    'createtime' => '1547962046',
    'msgtype' => 'event',
    'event' => 'subscribe',
    'eventkey' => 'qrscene_TZHB15444180273043342--11545',
    'ticket' => 'gQGt8DwAAAAAAAAAAS5odHRwOi8vd2VpeGluLnFxLmNvbS9xLzAycWlyQk1KblZhQWUxMDAwMHcwN3cAAgTr8g1cAwQAAAAA',
    'from' => 'oF_mkjrnBHtFbdzjxNQ0NHsGDk1E',
    'to' => 'gh_74fc964c4914',
    'time' => '1547962046',
    'type' => 'text',
    'scene' => 'TZHB15444180273043342--11545',
    'redirection' => true,
    'source' => 'subscribe',
    'content' => '首次关注',
  ),
  'module' => 'reply',
  'rule' => '9',
  'priority' => '0',
  'keyword' => 
  array (
    'id' => '116',
    'rid' => '9',
    'uniacid' => '2',
    'module' => 'reply',
    'content' => '首次关注',
    'type' => '1',
    'displayorder' => '0',
    'status' => '1',
    'reply_type' => 
    array (
      0 => 'basic',
    ),
  ),
  'reply_type' => 
  array (
    0 => 'basic',
  ),
)

2019-01-20 13:27:27 response :
------------
Array:
FromUserName : gh_74fc964c4914 ;
ToUserName : oF_mkjrnBHtFbdzjxNQ0NHsGDk1E ;
MsgType : text ;
Content : 您好，感谢您关注奔瑞汽车用品！360°汽车服务解决方案提供商。业务领域涵盖高端美容、二手翻新及快速钣喷等，欢迎与我们联系。
您也可以回复以下数字，查看相关信息。
【1】品牌介绍
【2】核心项目
【3】合作支持
【4】产品中心
【5】联系方式
您可以留言或拨打客服热线 4006669243 更多资讯，您可以访问奔瑞官网 www.benrui.cn
意见，建议反馈信息请直接回复，谢谢。 ;

2019-01-20 13:27:31 trace :
------------
String:
<xml><ToUserName><![CDATA[gh_74fc964c4914]]></ToUserName>
<FromUserName><![CDATA[oF_mkjrnBHtFbdzjxNQ0NHsGDk1E]]></FromUserName>
<CreateTime>1547962050</CreateTime>
<MsgType><![CDATA[event]]></MsgType>
<Event><![CDATA[LOCATION]]></Event>
<Latitude>28.890034</Latitude>
<Longitude>120.021561</Longitude>
<Precision>91.416283</Precision>
</xml>

2019-01-20 13:27:31 params :
------------
String:
array (
  'message' => 
  array (
    'tousername' => 'gh_74fc964c4914',
    'fromusername' => 'oF_mkjrnBHtFbdzjxNQ0NHsGDk1E',
    'createtime' => '1547962050',
    'msgtype' => 'event',
    'event' => 'LOCATION',
    'latitude' => '28.890034',
    'longitude' => '120.021561',
    'precision' => '91.416283',
    'from' => 'oF_mkjrnBHtFbdzjxNQ0NHsGDk1E',
    'to' => 'gh_74fc964c4914',
    'time' => '1547962050',
    'type' => 'trace',
    'location_x' => '28.890034',
    'location_y' => '120.021561',
  ),
  'module' => 'default',
  'rule' => '-1',
)

2019-01-20 13:27:31 response :
------------
Array:
errno : -1 ;
message : Invaild value ;

2019-01-20 13:47:37 trace :
------------
String:
<xml><ToUserName><![CDATA[gh_74fc964c4914]]></ToUserName>
<FromUserName><![CDATA[oF_mkjo2V9IuV6kbQ47U_dxgvAKE]]></FromUserName>
<CreateTime>1547963255</CreateTime>
<MsgType><![CDATA[event]]></MsgType>
<Event><![CDATA[subscribe]]></Event>
<EventKey><![CDATA[qrscene_TZHB15264358175531627--191]]></EventKey>
<Ticket><![CDATA[gQF98TwAAAAAAAAAAS5odHRwOi8vd2VpeGluLnFxLmNvbS9xLzAydmdYQ01EblZhQWUxMDAwMGcwN0wAAgTpj-taAwQAAAAA]]></Ticket>
</xml>

2019-01-20 13:47:37 params :
------------
String:
array (
  'message' => 
  array (
    'tousername' => 'gh_74fc964c4914',
    'fromusername' => 'oF_mkjo2V9IuV6kbQ47U_dxgvAKE',
    'createtime' => '1547963255',
    'msgtype' => 'event',
    'event' => 'subscribe',
    'eventkey' => 'qrscene_TZHB15264358175531627--191',
    'ticket' => 'gQF98TwAAAAAAAAAAS5odHRwOi8vd2VpeGluLnFxLmNvbS9xLzAydmdYQ01EblZhQWUxMDAwMGcwN0wAAgTpj-taAwQAAAAA',
    'from' => 'oF_mkjo2V9IuV6kbQ47U_dxgvAKE',
    'to' => 'gh_74fc964c4914',
    'time' => '1547963255',
    'type' => 'text',
    'scene' => 'TZHB15264358175531627--191',
    'redirection' => true,
    'source' => 'subscribe',
    'content' => '首次关注',
  ),
  'module' => 'reply',
  'rule' => '9',
  'priority' => '0',
  'keyword' => 
  array (
    'id' => '116',
    'rid' => '9',
    'uniacid' => '2',
    'module' => 'reply',
    'content' => '首次关注',
    'type' => '1',
    'displayorder' => '0',
    'status' => '1',
    'reply_type' => 
    array (
      0 => 'basic',
    ),
  ),
  'reply_type' => 
  array (
    0 => 'basic',
  ),
)

2019-01-20 13:47:37 response :
------------
Array:
FromUserName : gh_74fc964c4914 ;
ToUserName : oF_mkjo2V9IuV6kbQ47U_dxgvAKE ;
MsgType : text ;
Content : 您好，感谢您关注奔瑞汽车用品！360°汽车服务解决方案提供商。业务领域涵盖高端美容、二手翻新及快速钣喷等，欢迎与我们联系。
您也可以回复以下数字，查看相关信息。
【1】品牌介绍
【2】核心项目
【3】合作支持
【4】产品中心
【5】联系方式
您可以留言或拨打客服热线 4006669243 更多资讯，您可以访问奔瑞官网 www.benrui.cn
意见，建议反馈信息请直接回复，谢谢。 ;

2019-01-20 13:48:15 trace :
------------
String:
<xml><ToUserName><![CDATA[gh_74fc964c4914]]></ToUserName>
<FromUserName><![CDATA[oF_mkjo2V9IuV6kbQ47U_dxgvAKE]]></FromUserName>
<CreateTime>1547963294</CreateTime>
<MsgType><![CDATA[event]]></MsgType>
<Event><![CDATA[SCAN]]></Event>
<EventKey><![CDATA[TZHB15264361139772034--911]]></EventKey>
<Ticket><![CDATA[gQFJ8TwAAAAAAAAAAS5odHRwOi8vd2VpeGluLnFxLmNvbS9xLzAydEdxR01ZblZhQWUxMDAwME0wN18AAgQSkftaAwQAAAAA]]></Ticket>
</xml>

2019-01-20 13:48:15 params :
------------
String:
array (
  'rule' => -2,
  'module' => '',
  'message' => 
  array (
    'tousername' => 'gh_74fc964c4914',
    'fromusername' => 'oF_mkjo2V9IuV6kbQ47U_dxgvAKE',
    'createtime' => '1547963294',
    'msgtype' => 'event',
    'event' => 'SCAN',
    'eventkey' => 'TZHB15264361139772034--911',
    'ticket' => 'gQFJ8TwAAAAAAAAAAS5odHRwOi8vd2VpeGluLnFxLmNvbS9xLzAydEdxR01ZblZhQWUxMDAwME0wN18AAgQSkftaAwQAAAAA',
    'from' => 'oF_mkjo2V9IuV6kbQ47U_dxgvAKE',
    'to' => 'gh_74fc964c4914',
    'time' => '1547963294',
    'type' => 'text',
    'scene' => 'TZHB15264361139772034--911',
    'redirection' => true,
    'source' => 'qr',
  ),
)

2019-01-20 13:48:15 response :
------------

2019-01-20 13:48:39 trace :
------------
String:
<xml><ToUserName><![CDATA[gh_74fc964c4914]]></ToUserName>
<FromUserName><![CDATA[oF_mkjo2V9IuV6kbQ47U_dxgvAKE]]></FromUserName>
<CreateTime>1547963319</CreateTime>
<MsgType><![CDATA[event]]></MsgType>
<Event><![CDATA[unsubscribe]]></Event>
<EventKey><![CDATA[]]></EventKey>
</xml>

2019-01-20 13:48:46 trace :
------------
String:
<xml><ToUserName><![CDATA[gh_74fc964c4914]]></ToUserName>
<FromUserName><![CDATA[oF_mkjo2V9IuV6kbQ47U_dxgvAKE]]></FromUserName>
<CreateTime>1547963326</CreateTime>
<MsgType><![CDATA[event]]></MsgType>
<Event><![CDATA[subscribe]]></Event>
<EventKey><![CDATA[qrscene_TZHB15264361139772034--911]]></EventKey>
<Ticket><![CDATA[gQFJ8TwAAAAAAAAAAS5odHRwOi8vd2VpeGluLnFxLmNvbS9xLzAydEdxR01ZblZhQWUxMDAwME0wN18AAgQSkftaAwQAAAAA]]></Ticket>
</xml>

2019-01-20 13:48:47 params :
------------
String:
array (
  'message' => 
  array (
    'tousername' => 'gh_74fc964c4914',
    'fromusername' => 'oF_mkjo2V9IuV6kbQ47U_dxgvAKE',
    'createtime' => '1547963326',
    'msgtype' => 'event',
    'event' => 'subscribe',
    'eventkey' => 'qrscene_TZHB15264361139772034--911',
    'ticket' => 'gQFJ8TwAAAAAAAAAAS5odHRwOi8vd2VpeGluLnFxLmNvbS9xLzAydEdxR01ZblZhQWUxMDAwME0wN18AAgQSkftaAwQAAAAA',
    'from' => 'oF_mkjo2V9IuV6kbQ47U_dxgvAKE',
    'to' => 'gh_74fc964c4914',
    'time' => '1547963326',
    'type' => 'text',
    'scene' => 'TZHB15264361139772034--911',
    'redirection' => true,
    'source' => 'subscribe',
    'content' => '首次关注',
  ),
  'module' => 'reply',
  'rule' => '9',
  'priority' => '0',
  'keyword' => 
  array (
    'id' => '116',
    'rid' => '9',
    'uniacid' => '2',
    'module' => 'reply',
    'content' => '首次关注',
    'type' => '1',
    'displayorder' => '0',
    'status' => '1',
    'reply_type' => 
    array (
      0 => 'basic',
    ),
  ),
  'reply_type' => 
  array (
    0 => 'basic',
  ),
)

2019-01-20 13:48:47 response :
------------
Array:
FromUserName : gh_74fc964c4914 ;
ToUserName : oF_mkjo2V9IuV6kbQ47U_dxgvAKE ;
MsgType : text ;
Content : 您好，感谢您关注奔瑞汽车用品！360°汽车服务解决方案提供商。业务领域涵盖高端美容、二手翻新及快速钣喷等，欢迎与我们联系。
您也可以回复以下数字，查看相关信息。
【1】品牌介绍
【2】核心项目
【3】合作支持
【4】产品中心
【5】联系方式
您可以留言或拨打客服热线 4006669243 更多资讯，您可以访问奔瑞官网 www.benrui.cn
意见，建议反馈信息请直接回复，谢谢。 ;

2019-01-20 13:49:02 trace :
------------
String:
<xml><ToUserName><![CDATA[gh_74fc964c4914]]></ToUserName>
<FromUserName><![CDATA[oF_mkjo2V9IuV6kbQ47U_dxgvAKE]]></FromUserName>
<CreateTime>1547963342</CreateTime>
<MsgType><![CDATA[event]]></MsgType>
<Event><![CDATA[SCAN]]></Event>
<EventKey><![CDATA[TZHB15264361139772034--911]]></EventKey>
<Ticket><![CDATA[gQFJ8TwAAAAAAAAAAS5odHRwOi8vd2VpeGluLnFxLmNvbS9xLzAydEdxR01ZblZhQWUxMDAwME0wN18AAgQSkftaAwQAAAAA]]></Ticket>
</xml>

2019-01-20 13:49:02 params :
------------
String:
array (
  'rule' => -2,
  'module' => '',
  'message' => 
  array (
    'tousername' => 'gh_74fc964c4914',
    'fromusername' => 'oF_mkjo2V9IuV6kbQ47U_dxgvAKE',
    'createtime' => '1547963342',
    'msgtype' => 'event',
    'event' => 'SCAN',
    'eventkey' => 'TZHB15264361139772034--911',
    'ticket' => 'gQFJ8TwAAAAAAAAAAS5odHRwOi8vd2VpeGluLnFxLmNvbS9xLzAydEdxR01ZblZhQWUxMDAwME0wN18AAgQSkftaAwQAAAAA',
    'from' => 'oF_mkjo2V9IuV6kbQ47U_dxgvAKE',
    'to' => 'gh_74fc964c4914',
    'time' => '1547963342',
    'type' => 'text',
    'scene' => 'TZHB15264361139772034--911',
    'redirection' => true,
    'source' => 'qr',
  ),
)

2019-01-20 13:49:02 response :
------------

2019-01-20 15:15:19 trace :
------------
String:
<xml><ToUserName><![CDATA[gh_74fc964c4914]]></ToUserName>
<FromUserName><![CDATA[oF_mkjsYeKJpSFALMck1cYvJrEOc]]></FromUserName>
<CreateTime>1547968519</CreateTime>
<MsgType><![CDATA[event]]></MsgType>
<Event><![CDATA[subscribe]]></Event>
<EventKey><![CDATA[]]></EventKey>
</xml>

2019-01-20 15:15:20 params :
------------
String:
array (
  'message' => 
  array (
    'tousername' => 'gh_74fc964c4914',
    'fromusername' => 'oF_mkjsYeKJpSFALMck1cYvJrEOc',
    'createtime' => '1547968519',
    'msgtype' => 'event',
    'event' => 'subscribe',
    'eventkey' => '',
    'from' => 'oF_mkjsYeKJpSFALMck1cYvJrEOc',
    'to' => 'gh_74fc964c4914',
    'time' => '1547968519',
    'type' => 'text',
    'redirection' => true,
    'source' => 'subscribe',
    'content' => '首次关注',
  ),
  'module' => 'reply',
  'rule' => '9',
  'priority' => '0',
  'keyword' => 
  array (
    'id' => '116',
    'rid' => '9',
    'uniacid' => '2',
    'module' => 'reply',
    'content' => '首次关注',
    'type' => '1',
    'displayorder' => '0',
    'status' => '1',
    'reply_type' => 
    array (
      0 => 'basic',
    ),
  ),
  'reply_type' => 
  array (
    0 => 'basic',
  ),
)

2019-01-20 15:15:20 response :
------------
Array:
FromUserName : gh_74fc964c4914 ;
ToUserName : oF_mkjsYeKJpSFALMck1cYvJrEOc ;
MsgType : text ;
Content : 您好，感谢您关注奔瑞汽车用品！360°汽车服务解决方案提供商。业务领域涵盖高端美容、二手翻新及快速钣喷等，欢迎与我们联系。
您也可以回复以下数字，查看相关信息。
【1】品牌介绍
【2】核心项目
【3】合作支持
【4】产品中心
【5】联系方式
您可以留言或拨打客服热线 4006669243 更多资讯，您可以访问奔瑞官网 www.benrui.cn
意见，建议反馈信息请直接回复，谢谢。 ;

2019-01-20 15:21:45 trace :
------------
String:
<xml><ToUserName><![CDATA[gh_74fc964c4914]]></ToUserName>
<FromUserName><![CDATA[oF_mkjl_SJfEXrkgMGXEWzkj0LR8]]></FromUserName>
<CreateTime>1547968904</CreateTime>
<MsgType><![CDATA[event]]></MsgType>
<Event><![CDATA[subscribe]]></Event>
<EventKey><![CDATA[qrscene_TZHB15301483336474727--4041]]></EventKey>
<Ticket><![CDATA[gQGM8DwAAAAAAAAAAS5odHRwOi8vd2VpeGluLnFxLmNvbS9xLzAyZmRnMk1jblZhQWUxMDAwMGcwN08AAgTtNTRbAwQAAAAA]]></Ticket>
</xml>

2019-01-20 15:21:46 params :
------------
String:
array (
  'message' => 
  array (
    'tousername' => 'gh_74fc964c4914',
    'fromusername' => 'oF_mkjl_SJfEXrkgMGXEWzkj0LR8',
    'createtime' => '1547968904',
    'msgtype' => 'event',
    'event' => 'subscribe',
    'eventkey' => 'qrscene_TZHB15301483336474727--4041',
    'ticket' => 'gQGM8DwAAAAAAAAAAS5odHRwOi8vd2VpeGluLnFxLmNvbS9xLzAyZmRnMk1jblZhQWUxMDAwMGcwN08AAgTtNTRbAwQAAAAA',
    'from' => 'oF_mkjl_SJfEXrkgMGXEWzkj0LR8',
    'to' => 'gh_74fc964c4914',
    'time' => '1547968904',
    'type' => 'text',
    'scene' => 'TZHB15301483336474727--4041',
    'redirection' => true,
    'source' => 'subscribe',
    'content' => '首次关注',
  ),
  'module' => 'reply',
  'rule' => '9',
  'priority' => '0',
  'keyword' => 
  array (
    'id' => '116',
    'rid' => '9',
    'uniacid' => '2',
    'module' => 'reply',
    'content' => '首次关注',
    'type' => '1',
    'displayorder' => '0',
    'status' => '1',
    'reply_type' => 
    array (
      0 => 'basic',
    ),
  ),
  'reply_type' => 
  array (
    0 => 'basic',
  ),
)

2019-01-20 15:21:46 response :
------------
Array:
FromUserName : gh_74fc964c4914 ;
ToUserName : oF_mkjl_SJfEXrkgMGXEWzkj0LR8 ;
MsgType : text ;
Content : 您好，感谢您关注奔瑞汽车用品！360°汽车服务解决方案提供商。业务领域涵盖高端美容、二手翻新及快速钣喷等，欢迎与我们联系。
您也可以回复以下数字，查看相关信息。
【1】品牌介绍
【2】核心项目
【3】合作支持
【4】产品中心
【5】联系方式
您可以留言或拨打客服热线 4006669243 更多资讯，您可以访问奔瑞官网 www.benrui.cn
意见，建议反馈信息请直接回复，谢谢。 ;

2019-01-20 16:09:21 trace :
------------
String:
<xml><ToUserName><![CDATA[gh_74fc964c4914]]></ToUserName>
<FromUserName><![CDATA[oF_mkjpsOKiF6yxfb11MGlA6sv5g]]></FromUserName>
<CreateTime>1547971760</CreateTime>
<MsgType><![CDATA[event]]></MsgType>
<Event><![CDATA[SCAN]]></Event>
<EventKey><![CDATA[TZHB15264358419095605--302]]></EventKey>
<Ticket><![CDATA[gQFY8TwAAAAAAAAAAS5odHRwOi8vd2VpeGluLnFxLmNvbS9xLzAyWl9nT05hblZhQWUxMDAwMGcwN0MAAgQBkPtaAwQAAAAA]]></Ticket>
</xml>

2019-01-20 16:09:21 params :
------------
String:
array (
  'rule' => -2,
  'module' => '',
  'message' => 
  array (
    'tousername' => 'gh_74fc964c4914',
    'fromusername' => 'oF_mkjpsOKiF6yxfb11MGlA6sv5g',
    'createtime' => '1547971760',
    'msgtype' => 'event',
    'event' => 'SCAN',
    'eventkey' => 'TZHB15264358419095605--302',
    'ticket' => 'gQFY8TwAAAAAAAAAAS5odHRwOi8vd2VpeGluLnFxLmNvbS9xLzAyWl9nT05hblZhQWUxMDAwMGcwN0MAAgQBkPtaAwQAAAAA',
    'from' => 'oF_mkjpsOKiF6yxfb11MGlA6sv5g',
    'to' => 'gh_74fc964c4914',
    'time' => '1547971760',
    'type' => 'text',
    'scene' => 'TZHB15264358419095605--302',
    'redirection' => true,
    'source' => 'qr',
  ),
)

2019-01-20 16:09:21 response :
------------

2019-01-20 16:09:22 trace :
------------
String:
<xml><ToUserName><![CDATA[gh_74fc964c4914]]></ToUserName>
<FromUserName><![CDATA[oF_mkjpsOKiF6yxfb11MGlA6sv5g]]></FromUserName>
<CreateTime>1547971762</CreateTime>
<MsgType><![CDATA[event]]></MsgType>
<Event><![CDATA[LOCATION]]></Event>
<Latitude>28.662319</Latitude>
<Longitude>115.934708</Longitude>
<Precision>220.000000</Precision>
</xml>

2019-01-20 16:09:23 params :
------------
String:
array (
  'message' => 
  array (
    'tousername' => 'gh_74fc964c4914',
    'fromusername' => 'oF_mkjpsOKiF6yxfb11MGlA6sv5g',
    'createtime' => '1547971762',
    'msgtype' => 'event',
    'event' => 'LOCATION',
    'latitude' => '28.662319',
    'longitude' => '115.934708',
    'precision' => '220.000000',
    'from' => 'oF_mkjpsOKiF6yxfb11MGlA6sv5g',
    'to' => 'gh_74fc964c4914',
    'time' => '1547971762',
    'type' => 'trace',
    'location_x' => '28.662319',
    'location_y' => '115.934708',
  ),
  'module' => 'default',
  'rule' => '-1',
)

2019-01-20 16:09:23 response :
------------
Array:
errno : -1 ;
message : Invaild value ;

2019-01-20 16:09:30 trace :
------------
String:
<xml><ToUserName><![CDATA[gh_74fc964c4914]]></ToUserName>
<FromUserName><![CDATA[oF_mkjpsOKiF6yxfb11MGlA6sv5g]]></FromUserName>
<CreateTime>1547971770</CreateTime>
<MsgType><![CDATA[event]]></MsgType>
<Event><![CDATA[LOCATION]]></Event>
<Latitude>28.662319</Latitude>
<Longitude>115.934708</Longitude>
<Precision>220.000000</Precision>
</xml>

2019-01-20 16:09:30 params :
------------
String:
array (
  'message' => 
  array (
    'tousername' => 'gh_74fc964c4914',
    'fromusername' => 'oF_mkjpsOKiF6yxfb11MGlA6sv5g',
    'createtime' => '1547971770',
    'msgtype' => 'event',
    'event' => 'LOCATION',
    'latitude' => '28.662319',
    'longitude' => '115.934708',
    'precision' => '220.000000',
    'from' => 'oF_mkjpsOKiF6yxfb11MGlA6sv5g',
    'to' => 'gh_74fc964c4914',
    'time' => '1547971770',
    'type' => 'trace',
    'location_x' => '28.662319',
    'location_y' => '115.934708',
  ),
  'module' => 'default',
  'rule' => '-1',
)

2019-01-20 16:09:30 response :
------------
Array:
errno : -1 ;
message : Invaild value ;

2019-01-20 16:47:57 trace :
------------
String:
<xml><ToUserName><![CDATA[gh_74fc964c4914]]></ToUserName>
<FromUserName><![CDATA[oF_mkjrJjwCFCxmOCy7GvLbwRF1s]]></FromUserName>
<CreateTime>1547974075</CreateTime>
<MsgType><![CDATA[event]]></MsgType>
<Event><![CDATA[subscribe]]></Event>
<EventKey><![CDATA[qrscene_TZHB15286868956448051--3414]]></EventKey>
<Ticket><![CDATA[gQEU8TwAAAAAAAAAAS5odHRwOi8vd2VpeGluLnFxLmNvbS9xLzAyMzEwX050blZhQWUxMDAwMHcwNzYAAgQv6R1bAwQAAAAA]]></Ticket>
</xml>

2019-01-20 16:47:57 params :
------------
String:
array (
  'message' => 
  array (
    'tousername' => 'gh_74fc964c4914',
    'fromusername' => 'oF_mkjrJjwCFCxmOCy7GvLbwRF1s',
    'createtime' => '1547974075',
    'msgtype' => 'event',
    'event' => 'subscribe',
    'eventkey' => 'qrscene_TZHB15286868956448051--3414',
    'ticket' => 'gQEU8TwAAAAAAAAAAS5odHRwOi8vd2VpeGluLnFxLmNvbS9xLzAyMzEwX050blZhQWUxMDAwMHcwNzYAAgQv6R1bAwQAAAAA',
    'from' => 'oF_mkjrJjwCFCxmOCy7GvLbwRF1s',
    'to' => 'gh_74fc964c4914',
    'time' => '1547974075',
    'type' => 'text',
    'scene' => 'TZHB15286868956448051--3414',
    'redirection' => true,
    'source' => 'subscribe',
    'content' => '首次关注',
  ),
  'module' => 'reply',
  'rule' => '9',
  'priority' => '0',
  'keyword' => 
  array (
    'id' => '116',
    'rid' => '9',
    'uniacid' => '2',
    'module' => 'reply',
    'content' => '首次关注',
    'type' => '1',
    'displayorder' => '0',
    'status' => '1',
    'reply_type' => 
    array (
      0 => 'basic',
    ),
  ),
  'reply_type' => 
  array (
    0 => 'basic',
  ),
)

2019-01-20 16:47:57 response :
------------
Array:
FromUserName : gh_74fc964c4914 ;
ToUserName : oF_mkjrJjwCFCxmOCy7GvLbwRF1s ;
MsgType : text ;
Content : 您好，感谢您关注奔瑞汽车用品！360°汽车服务解决方案提供商。业务领域涵盖高端美容、二手翻新及快速钣喷等，欢迎与我们联系。
您也可以回复以下数字，查看相关信息。
【1】品牌介绍
【2】核心项目
【3】合作支持
【4】产品中心
【5】联系方式
您可以留言或拨打客服热线 4006669243 更多资讯，您可以访问奔瑞官网 www.benrui.cn
意见，建议反馈信息请直接回复，谢谢。 ;

2019-01-20 16:48:49 trace :
------------
String:
<xml><ToUserName><![CDATA[gh_74fc964c4914]]></ToUserName>
<FromUserName><![CDATA[oF_mkjrJjwCFCxmOCy7GvLbwRF1s]]></FromUserName>
<CreateTime>1547974128</CreateTime>
<MsgType><![CDATA[event]]></MsgType>
<Event><![CDATA[SCAN]]></Event>
<EventKey><![CDATA[TZHB15286868965049281--3418]]></EventKey>
<Ticket><![CDATA[gQE-8DwAAAAAAAAAAS5odHRwOi8vd2VpeGluLnFxLmNvbS9xLzAycXl4SU14blZhQWUxMDAwMGcwN18AAgQw6R1bAwQAAAAA]]></Ticket>
</xml>

2019-01-20 16:48:49 params :
------------
String:
array (
  'rule' => -2,
  'module' => '',
  'message' => 
  array (
    'tousername' => 'gh_74fc964c4914',
    'fromusername' => 'oF_mkjrJjwCFCxmOCy7GvLbwRF1s',
    'createtime' => '1547974128',
    'msgtype' => 'event',
    'event' => 'SCAN',
    'eventkey' => 'TZHB15286868965049281--3418',
    'ticket' => 'gQE-8DwAAAAAAAAAAS5odHRwOi8vd2VpeGluLnFxLmNvbS9xLzAycXl4SU14blZhQWUxMDAwMGcwN18AAgQw6R1bAwQAAAAA',
    'from' => 'oF_mkjrJjwCFCxmOCy7GvLbwRF1s',
    'to' => 'gh_74fc964c4914',
    'time' => '1547974128',
    'type' => 'text',
    'scene' => 'TZHB15286868965049281--3418',
    'redirection' => true,
    'source' => 'qr',
  ),
)

2019-01-20 16:48:49 response :
------------

2019-01-20 16:49:35 trace :
------------
String:
<xml><ToUserName><![CDATA[gh_74fc964c4914]]></ToUserName>
<FromUserName><![CDATA[oF_mkjrJjwCFCxmOCy7GvLbwRF1s]]></FromUserName>
<CreateTime>1547974175</CreateTime>
<MsgType><![CDATA[event]]></MsgType>
<Event><![CDATA[SCAN]]></Event>
<EventKey><![CDATA[TZHB15286868965049281--3418]]></EventKey>
<Ticket><![CDATA[gQE-8DwAAAAAAAAAAS5odHRwOi8vd2VpeGluLnFxLmNvbS9xLzAycXl4SU14blZhQWUxMDAwMGcwN18AAgQw6R1bAwQAAAAA]]></Ticket>
</xml>

2019-01-20 16:49:35 params :
------------
String:
array (
  'rule' => -2,
  'module' => '',
  'message' => 
  array (
    'tousername' => 'gh_74fc964c4914',
    'fromusername' => 'oF_mkjrJjwCFCxmOCy7GvLbwRF1s',
    'createtime' => '1547974175',
    'msgtype' => 'event',
    'event' => 'SCAN',
    'eventkey' => 'TZHB15286868965049281--3418',
    'ticket' => 'gQE-8DwAAAAAAAAAAS5odHRwOi8vd2VpeGluLnFxLmNvbS9xLzAycXl4SU14blZhQWUxMDAwMGcwN18AAgQw6R1bAwQAAAAA',
    'from' => 'oF_mkjrJjwCFCxmOCy7GvLbwRF1s',
    'to' => 'gh_74fc964c4914',
    'time' => '1547974175',
    'type' => 'text',
    'scene' => 'TZHB15286868965049281--3418',
    'redirection' => true,
    'source' => 'qr',
  ),
)

2019-01-20 16:49:35 response :
------------

2019-01-20 16:50:29 trace :
------------
String:
<xml><ToUserName><![CDATA[gh_74fc964c4914]]></ToUserName>
<FromUserName><![CDATA[oF_mkjrJjwCFCxmOCy7GvLbwRF1s]]></FromUserName>
<CreateTime>1547974229</CreateTime>
<MsgType><![CDATA[event]]></MsgType>
<Event><![CDATA[SCAN]]></Event>
<EventKey><![CDATA[TZHB15286868956448051--3414]]></EventKey>
<Ticket><![CDATA[gQEU8TwAAAAAAAAAAS5odHRwOi8vd2VpeGluLnFxLmNvbS9xLzAyMzEwX050blZhQWUxMDAwMHcwNzYAAgQv6R1bAwQAAAAA]]></Ticket>
</xml>

2019-01-20 16:50:29 params :
------------
String:
array (
  'rule' => -2,
  'module' => '',
  'message' => 
  array (
    'tousername' => 'gh_74fc964c4914',
    'fromusername' => 'oF_mkjrJjwCFCxmOCy7GvLbwRF1s',
    'createtime' => '1547974229',
    'msgtype' => 'event',
    'event' => 'SCAN',
    'eventkey' => 'TZHB15286868956448051--3414',
    'ticket' => 'gQEU8TwAAAAAAAAAAS5odHRwOi8vd2VpeGluLnFxLmNvbS9xLzAyMzEwX050blZhQWUxMDAwMHcwNzYAAgQv6R1bAwQAAAAA',
    'from' => 'oF_mkjrJjwCFCxmOCy7GvLbwRF1s',
    'to' => 'gh_74fc964c4914',
    'time' => '1547974229',
    'type' => 'text',
    'scene' => 'TZHB15286868956448051--3414',
    'redirection' => true,
    'source' => 'qr',
  ),
)

2019-01-20 16:50:29 response :
------------

2019-01-20 16:54:12 trace :
------------
String:
<xml><ToUserName><![CDATA[gh_74fc964c4914]]></ToUserName>
<FromUserName><![CDATA[oF_mkjtI9ObkHTNeepuW6FypqoWg]]></FromUserName>
<CreateTime>1547974451</CreateTime>
<MsgType><![CDATA[event]]></MsgType>
<Event><![CDATA[subscribe]]></Event>
<EventKey><![CDATA[qrscene_TZHB15444181290521593--12144]]></EventKey>
<Ticket><![CDATA[gQHf8DwAAAAAAAAAAS5odHRwOi8vd2VpeGluLnFxLmNvbS9xLzAyMFd0SU5OblZhQWUxMDAwMGcwNzMAAgRR8w1cAwQAAAAA]]></Ticket>
</xml>

2019-01-20 16:54:13 params :
------------
String:
array (
  'message' => 
  array (
    'tousername' => 'gh_74fc964c4914',
    'fromusername' => 'oF_mkjtI9ObkHTNeepuW6FypqoWg',
    'createtime' => '1547974451',
    'msgtype' => 'event',
    'event' => 'subscribe',
    'eventkey' => 'qrscene_TZHB15444181290521593--12144',
    'ticket' => 'gQHf8DwAAAAAAAAAAS5odHRwOi8vd2VpeGluLnFxLmNvbS9xLzAyMFd0SU5OblZhQWUxMDAwMGcwNzMAAgRR8w1cAwQAAAAA',
    'from' => 'oF_mkjtI9ObkHTNeepuW6FypqoWg',
    'to' => 'gh_74fc964c4914',
    'time' => '1547974451',
    'type' => 'text',
    'scene' => 'TZHB15444181290521593--12144',
    'redirection' => true,
    'source' => 'subscribe',
    'content' => '首次关注',
  ),
  'module' => 'reply',
  'rule' => '9',
  'priority' => '0',
  'keyword' => 
  array (
    'id' => '116',
    'rid' => '9',
    'uniacid' => '2',
    'module' => 'reply',
    'content' => '首次关注',
    'type' => '1',
    'displayorder' => '0',
    'status' => '1',
    'reply_type' => 
    array (
      0 => 'basic',
    ),
  ),
  'reply_type' => 
  array (
    0 => 'basic',
  ),
)

2019-01-20 16:54:13 response :
------------
Array:
FromUserName : gh_74fc964c4914 ;
ToUserName : oF_mkjtI9ObkHTNeepuW6FypqoWg ;
MsgType : text ;
Content : 您好，感谢您关注奔瑞汽车用品！360°汽车服务解决方案提供商。业务领域涵盖高端美容、二手翻新及快速钣喷等，欢迎与我们联系。
您也可以回复以下数字，查看相关信息。
【1】品牌介绍
【2】核心项目
【3】合作支持
【4】产品中心
【5】联系方式
您可以留言或拨打客服热线 4006669243 更多资讯，您可以访问奔瑞官网 www.benrui.cn
意见，建议反馈信息请直接回复，谢谢。 ;

2019-01-20 17:41:10 trace :
------------
String:
<xml><ToUserName><![CDATA[gh_74fc964c4914]]></ToUserName>
<FromUserName><![CDATA[oF_mkjucbMeohvzXksBc_20hKr_s]]></FromUserName>
<CreateTime>1547977269</CreateTime>
<MsgType><![CDATA[event]]></MsgType>
<Event><![CDATA[subscribe]]></Event>
<EventKey><![CDATA[qrscene_TZHB15304976754173140--6423]]></EventKey>
<Ticket><![CDATA[gQHT8TwAAAAAAAAAAS5odHRwOi8vd2VpeGluLnFxLmNvbS9xLzAyZm85RE1YblZhQWUxMDAwME0wN0YAAgSLijlbAwQAAAAA]]></Ticket>
</xml>

2019-01-20 17:41:11 params :
------------
String:
array (
  'message' => 
  array (
    'tousername' => 'gh_74fc964c4914',
    'fromusername' => 'oF_mkjucbMeohvzXksBc_20hKr_s',
    'createtime' => '1547977269',
    'msgtype' => 'event',
    'event' => 'subscribe',
    'eventkey' => 'qrscene_TZHB15304976754173140--6423',
    'ticket' => 'gQHT8TwAAAAAAAAAAS5odHRwOi8vd2VpeGluLnFxLmNvbS9xLzAyZm85RE1YblZhQWUxMDAwME0wN0YAAgSLijlbAwQAAAAA',
    'from' => 'oF_mkjucbMeohvzXksBc_20hKr_s',
    'to' => 'gh_74fc964c4914',
    'time' => '1547977269',
    'type' => 'text',
    'scene' => 'TZHB15304976754173140--6423',
    'redirection' => true,
    'source' => 'subscribe',
    'content' => '首次关注',
  ),
  'module' => 'reply',
  'rule' => '9',
  'priority' => '0',
  'keyword' => 
  array (
    'id' => '116',
    'rid' => '9',
    'uniacid' => '2',
    'module' => 'reply',
    'content' => '首次关注',
    'type' => '1',
    'displayorder' => '0',
    'status' => '1',
    'reply_type' => 
    array (
      0 => 'basic',
    ),
  ),
  'reply_type' => 
  array (
    0 => 'basic',
  ),
)

2019-01-20 17:41:11 response :
------------
Array:
FromUserName : gh_74fc964c4914 ;
ToUserName : oF_mkjucbMeohvzXksBc_20hKr_s ;
MsgType : text ;
Content : 您好，感谢您关注奔瑞汽车用品！360°汽车服务解决方案提供商。业务领域涵盖高端美容、二手翻新及快速钣喷等，欢迎与我们联系。
您也可以回复以下数字，查看相关信息。
【1】品牌介绍
【2】核心项目
【3】合作支持
【4】产品中心
【5】联系方式
您可以留言或拨打客服热线 4006669243 更多资讯，您可以访问奔瑞官网 www.benrui.cn
意见，建议反馈信息请直接回复，谢谢。 ;

2019-01-20 18:31:04 trace :
------------
String:
<xml><ToUserName><![CDATA[gh_74fc964c4914]]></ToUserName>
<FromUserName><![CDATA[oF_mkjk1cDPOUlz0GGJ-QhLfCQfE]]></FromUserName>
<CreateTime>1547980263</CreateTime>
<MsgType><![CDATA[event]]></MsgType>
<Event><![CDATA[SCAN]]></Event>
<EventKey><![CDATA[TZHB15301480654983725--3537]]></EventKey>
<Ticket><![CDATA[gQGn8DwAAAAAAAAAAS5odHRwOi8vd2VpeGluLnFxLmNvbS9xLzAybHIyNk5xblZhQWUxMDAwME0wN2kAAgThNDRbAwQAAAAA]]></Ticket>
</xml>

2019-01-20 18:31:04 params :
------------
String:
array (
  'rule' => -2,
  'module' => '',
  'message' => 
  array (
    'tousername' => 'gh_74fc964c4914',
    'fromusername' => 'oF_mkjk1cDPOUlz0GGJ-QhLfCQfE',
    'createtime' => '1547980263',
    'msgtype' => 'event',
    'event' => 'SCAN',
    'eventkey' => 'TZHB15301480654983725--3537',
    'ticket' => 'gQGn8DwAAAAAAAAAAS5odHRwOi8vd2VpeGluLnFxLmNvbS9xLzAybHIyNk5xblZhQWUxMDAwME0wN2kAAgThNDRbAwQAAAAA',
    'from' => 'oF_mkjk1cDPOUlz0GGJ-QhLfCQfE',
    'to' => 'gh_74fc964c4914',
    'time' => '1547980263',
    'type' => 'text',
    'scene' => 'TZHB15301480654983725--3537',
    'redirection' => true,
    'source' => 'qr',
  ),
)

2019-01-20 18:31:04 response :
------------

2019-01-20 18:51:34 trace :
------------
String:
<xml><ToUserName><![CDATA[gh_74fc964c4914]]></ToUserName>
<FromUserName><![CDATA[oF_mkjmvxJgQiM4aEpqBeUCQ7nuE]]></FromUserName>
<CreateTime>1547981493</CreateTime>
<MsgType><![CDATA[event]]></MsgType>
<Event><![CDATA[subscribe]]></Event>
<EventKey><![CDATA[qrscene_TZHB15264370702828795--1697]]></EventKey>
<Ticket><![CDATA[gQGs8TwAAAAAAAAAAS5odHRwOi8vd2VpeGluLnFxLmNvbS9xLzAycGZMR00zblZhQWUxMDAwME0wN20AAgTOlPtaAwQAAAAA]]></Ticket>
</xml>

2019-01-20 18:51:34 params :
------------
String:
array (
  'message' => 
  array (
    'tousername' => 'gh_74fc964c4914',
    'fromusername' => 'oF_mkjmvxJgQiM4aEpqBeUCQ7nuE',
    'createtime' => '1547981493',
    'msgtype' => 'event',
    'event' => 'subscribe',
    'eventkey' => 'qrscene_TZHB15264370702828795--1697',
    'ticket' => 'gQGs8TwAAAAAAAAAAS5odHRwOi8vd2VpeGluLnFxLmNvbS9xLzAycGZMR00zblZhQWUxMDAwME0wN20AAgTOlPtaAwQAAAAA',
    'from' => 'oF_mkjmvxJgQiM4aEpqBeUCQ7nuE',
    'to' => 'gh_74fc964c4914',
    'time' => '1547981493',
    'type' => 'text',
    'scene' => 'TZHB15264370702828795--1697',
    'redirection' => true,
    'source' => 'subscribe',
    'content' => '首次关注',
  ),
  'module' => 'reply',
  'rule' => '9',
  'priority' => '0',
  'keyword' => 
  array (
    'id' => '116',
    'rid' => '9',
    'uniacid' => '2',
    'module' => 'reply',
    'content' => '首次关注',
    'type' => '1',
    'displayorder' => '0',
    'status' => '1',
    'reply_type' => 
    array (
      0 => 'basic',
    ),
  ),
  'reply_type' => 
  array (
    0 => 'basic',
  ),
)

2019-01-20 18:51:34 response :
------------
Array:
FromUserName : gh_74fc964c4914 ;
ToUserName : oF_mkjmvxJgQiM4aEpqBeUCQ7nuE ;
MsgType : text ;
Content : 您好，感谢您关注奔瑞汽车用品！360°汽车服务解决方案提供商。业务领域涵盖高端美容、二手翻新及快速钣喷等，欢迎与我们联系。
您也可以回复以下数字，查看相关信息。
【1】品牌介绍
【2】核心项目
【3】合作支持
【4】产品中心
【5】联系方式
您可以留言或拨打客服热线 4006669243 更多资讯，您可以访问奔瑞官网 www.benrui.cn
意见，建议反馈信息请直接回复，谢谢。 ;

2019-01-20 18:52:32 trace :
------------
String:
<xml><ToUserName><![CDATA[gh_74fc964c4914]]></ToUserName>
<FromUserName><![CDATA[oF_mkjllEY-dJGSoBNhB0HeW4ySo]]></FromUserName>
<CreateTime>1547981551</CreateTime>
<MsgType><![CDATA[event]]></MsgType>
<Event><![CDATA[subscribe]]></Event>
<EventKey><![CDATA[qrscene_TZHB15264370702828795--1697]]></EventKey>
<Ticket><![CDATA[gQGs8TwAAAAAAAAAAS5odHRwOi8vd2VpeGluLnFxLmNvbS9xLzAycGZMR00zblZhQWUxMDAwME0wN20AAgTOlPtaAwQAAAAA]]></Ticket>
</xml>

2019-01-20 18:52:32 params :
------------
String:
array (
  'message' => 
  array (
    'tousername' => 'gh_74fc964c4914',
    'fromusername' => 'oF_mkjllEY-dJGSoBNhB0HeW4ySo',
    'createtime' => '1547981551',
    'msgtype' => 'event',
    'event' => 'subscribe',
    'eventkey' => 'qrscene_TZHB15264370702828795--1697',
    'ticket' => 'gQGs8TwAAAAAAAAAAS5odHRwOi8vd2VpeGluLnFxLmNvbS9xLzAycGZMR00zblZhQWUxMDAwME0wN20AAgTOlPtaAwQAAAAA',
    'from' => 'oF_mkjllEY-dJGSoBNhB0HeW4ySo',
    'to' => 'gh_74fc964c4914',
    'time' => '1547981551',
    'type' => 'text',
    'scene' => 'TZHB15264370702828795--1697',
    'redirection' => true,
    'source' => 'subscribe',
    'content' => '首次关注',
  ),
  'module' => 'reply',
  'rule' => '9',
  'priority' => '0',
  'keyword' => 
  array (
    'id' => '116',
    'rid' => '9',
    'uniacid' => '2',
    'module' => 'reply',
    'content' => '首次关注',
    'type' => '1',
    'displayorder' => '0',
    'status' => '1',
    'reply_type' => 
    array (
      0 => 'basic',
    ),
  ),
  'reply_type' => 
  array (
    0 => 'basic',
  ),
)

2019-01-20 18:52:32 response :
------------
Array:
FromUserName : gh_74fc964c4914 ;
ToUserName : oF_mkjllEY-dJGSoBNhB0HeW4ySo ;
MsgType : text ;
Content : 您好，感谢您关注奔瑞汽车用品！360°汽车服务解决方案提供商。业务领域涵盖高端美容、二手翻新及快速钣喷等，欢迎与我们联系。
您也可以回复以下数字，查看相关信息。
【1】品牌介绍
【2】核心项目
【3】合作支持
【4】产品中心
【5】联系方式
您可以留言或拨打客服热线 4006669243 更多资讯，您可以访问奔瑞官网 www.benrui.cn
意见，建议反馈信息请直接回复，谢谢。 ;

2019-01-20 19:34:04 trace :
------------
String:
<xml><ToUserName><![CDATA[gh_74fc964c4914]]></ToUserName>
<FromUserName><![CDATA[oF_mkjucbMeohvzXksBc_20hKr_s]]></FromUserName>
<CreateTime>1547984042</CreateTime>
<MsgType><![CDATA[event]]></MsgType>
<Event><![CDATA[SCAN]]></Event>
<EventKey><![CDATA[TZHB15304976362965636--6103]]></EventKey>
<Ticket><![CDATA[gQFC8TwAAAAAAAAAAS5odHRwOi8vd2VpeGluLnFxLmNvbS9xLzAyUzk3SU42blZhQWUxMDAwME0wN2UAAgRkijlbAwQAAAAA]]></Ticket>
</xml>

2019-01-20 19:34:04 params :
------------
String:
array (
  'rule' => -2,
  'module' => '',
  'message' => 
  array (
    'tousername' => 'gh_74fc964c4914',
    'fromusername' => 'oF_mkjucbMeohvzXksBc_20hKr_s',
    'createtime' => '1547984042',
    'msgtype' => 'event',
    'event' => 'SCAN',
    'eventkey' => 'TZHB15304976362965636--6103',
    'ticket' => 'gQFC8TwAAAAAAAAAAS5odHRwOi8vd2VpeGluLnFxLmNvbS9xLzAyUzk3SU42blZhQWUxMDAwME0wN2UAAgRkijlbAwQAAAAA',
    'from' => 'oF_mkjucbMeohvzXksBc_20hKr_s',
    'to' => 'gh_74fc964c4914',
    'time' => '1547984042',
    'type' => 'text',
    'scene' => 'TZHB15304976362965636--6103',
    'redirection' => true,
    'source' => 'qr',
  ),
)

2019-01-20 19:34:04 response :
------------

2019-01-20 19:35:19 trace :
------------
String:
<xml><ToUserName><![CDATA[gh_74fc964c4914]]></ToUserName>
<FromUserName><![CDATA[oF_mkjucbMeohvzXksBc_20hKr_s]]></FromUserName>
<CreateTime>1547984117</CreateTime>
<MsgType><![CDATA[event]]></MsgType>
<Event><![CDATA[SCAN]]></Event>
<EventKey><![CDATA[TZHB15304979883932996--7503]]></EventKey>
<Ticket><![CDATA[gQGs8TwAAAAAAAAAAS5odHRwOi8vd2VpeGluLnFxLmNvbS9xLzAyR1RDOE53blZhQWUxMDAwME0wN08AAgTEizlbAwQAAAAA]]></Ticket>
</xml>

2019-01-20 19:35:19 params :
------------
String:
array (
  'rule' => -2,
  'module' => '',
  'message' => 
  array (
    'tousername' => 'gh_74fc964c4914',
    'fromusername' => 'oF_mkjucbMeohvzXksBc_20hKr_s',
    'createtime' => '1547984117',
    'msgtype' => 'event',
    'event' => 'SCAN',
    'eventkey' => 'TZHB15304979883932996--7503',
    'ticket' => 'gQGs8TwAAAAAAAAAAS5odHRwOi8vd2VpeGluLnFxLmNvbS9xLzAyR1RDOE53blZhQWUxMDAwME0wN08AAgTEizlbAwQAAAAA',
    'from' => 'oF_mkjucbMeohvzXksBc_20hKr_s',
    'to' => 'gh_74fc964c4914',
    'time' => '1547984117',
    'type' => 'text',
    'scene' => 'TZHB15304979883932996--7503',
    'redirection' => true,
    'source' => 'qr',
  ),
)

2019-01-20 19:35:19 response :
------------

2019-01-20 19:38:40 trace :
------------
String:
<xml><ToUserName><![CDATA[gh_74fc964c4914]]></ToUserName>
<FromUserName><![CDATA[oF_mkjslhCVraHuzrW2j5llsSj5I]]></FromUserName>
<CreateTime>1547984319</CreateTime>
<MsgType><![CDATA[event]]></MsgType>
<Event><![CDATA[subscribe]]></Event>
<EventKey><![CDATA[qrscene_TZHB15304976754173140--6423]]></EventKey>
<Ticket><![CDATA[gQHT8TwAAAAAAAAAAS5odHRwOi8vd2VpeGluLnFxLmNvbS9xLzAyZm85RE1YblZhQWUxMDAwME0wN0YAAgSLijlbAwQAAAAA]]></Ticket>
</xml>

2019-01-20 19:38:40 params :
------------
String:
array (
  'message' => 
  array (
    'tousername' => 'gh_74fc964c4914',
    'fromusername' => 'oF_mkjslhCVraHuzrW2j5llsSj5I',
    'createtime' => '1547984319',
    'msgtype' => 'event',
    'event' => 'subscribe',
    'eventkey' => 'qrscene_TZHB15304976754173140--6423',
    'ticket' => 'gQHT8TwAAAAAAAAAAS5odHRwOi8vd2VpeGluLnFxLmNvbS9xLzAyZm85RE1YblZhQWUxMDAwME0wN0YAAgSLijlbAwQAAAAA',
    'from' => 'oF_mkjslhCVraHuzrW2j5llsSj5I',
    'to' => 'gh_74fc964c4914',
    'time' => '1547984319',
    'type' => 'text',
    'scene' => 'TZHB15304976754173140--6423',
    'redirection' => true,
    'source' => 'subscribe',
    'content' => '首次关注',
  ),
  'module' => 'reply',
  'rule' => '9',
  'priority' => '0',
  'keyword' => 
  array (
    'id' => '116',
    'rid' => '9',
    'uniacid' => '2',
    'module' => 'reply',
    'content' => '首次关注',
    'type' => '1',
    'displayorder' => '0',
    'status' => '1',
    'reply_type' => 
    array (
      0 => 'basic',
    ),
  ),
  'reply_type' => 
  array (
    0 => 'basic',
  ),
)

2019-01-20 19:38:40 response :
------------
Array:
FromUserName : gh_74fc964c4914 ;
ToUserName : oF_mkjslhCVraHuzrW2j5llsSj5I ;
MsgType : text ;
Content : 您好，感谢您关注奔瑞汽车用品！360°汽车服务解决方案提供商。业务领域涵盖高端美容、二手翻新及快速钣喷等，欢迎与我们联系。
您也可以回复以下数字，查看相关信息。
【1】品牌介绍
【2】核心项目
【3】合作支持
【4】产品中心
【5】联系方式
您可以留言或拨打客服热线 4006669243 更多资讯，您可以访问奔瑞官网 www.benrui.cn
意见，建议反馈信息请直接回复，谢谢。 ;

2019-01-20 19:38:51 trace :
------------
String:
<xml><ToUserName><![CDATA[gh_74fc964c4914]]></ToUserName>
<FromUserName><![CDATA[oF_mkjslhCVraHuzrW2j5llsSj5I]]></FromUserName>
<CreateTime>1547984331</CreateTime>
<MsgType><![CDATA[event]]></MsgType>
<Event><![CDATA[SCAN]]></Event>
<EventKey><![CDATA[TZHB15304976754173140--6423]]></EventKey>
<Ticket><![CDATA[gQHT8TwAAAAAAAAAAS5odHRwOi8vd2VpeGluLnFxLmNvbS9xLzAyZm85RE1YblZhQWUxMDAwME0wN0YAAgSLijlbAwQAAAAA]]></Ticket>
</xml>

2019-01-20 19:38:51 params :
------------
String:
array (
  'rule' => -2,
  'module' => '',
  'message' => 
  array (
    'tousername' => 'gh_74fc964c4914',
    'fromusername' => 'oF_mkjslhCVraHuzrW2j5llsSj5I',
    'createtime' => '1547984331',
    'msgtype' => 'event',
    'event' => 'SCAN',
    'eventkey' => 'TZHB15304976754173140--6423',
    'ticket' => 'gQHT8TwAAAAAAAAAAS5odHRwOi8vd2VpeGluLnFxLmNvbS9xLzAyZm85RE1YblZhQWUxMDAwME0wN0YAAgSLijlbAwQAAAAA',
    'from' => 'oF_mkjslhCVraHuzrW2j5llsSj5I',
    'to' => 'gh_74fc964c4914',
    'time' => '1547984331',
    'type' => 'text',
    'scene' => 'TZHB15304976754173140--6423',
    'redirection' => true,
    'source' => 'qr',
  ),
)

2019-01-20 19:38:51 response :
------------

2019-01-20 19:39:12 trace :
------------
String:
<xml><ToUserName><![CDATA[gh_74fc964c4914]]></ToUserName>
<FromUserName><![CDATA[oF_mkjslhCVraHuzrW2j5llsSj5I]]></FromUserName>
<CreateTime>1547984351</CreateTime>
<MsgType><![CDATA[event]]></MsgType>
<Event><![CDATA[SCAN]]></Event>
<EventKey><![CDATA[TZHB15304976754173140--6423]]></EventKey>
<Ticket><![CDATA[gQHT8TwAAAAAAAAAAS5odHRwOi8vd2VpeGluLnFxLmNvbS9xLzAyZm85RE1YblZhQWUxMDAwME0wN0YAAgSLijlbAwQAAAAA]]></Ticket>
</xml>

2019-01-20 19:39:12 params :
------------
String:
array (
  'rule' => -2,
  'module' => '',
  'message' => 
  array (
    'tousername' => 'gh_74fc964c4914',
    'fromusername' => 'oF_mkjslhCVraHuzrW2j5llsSj5I',
    'createtime' => '1547984351',
    'msgtype' => 'event',
    'event' => 'SCAN',
    'eventkey' => 'TZHB15304976754173140--6423',
    'ticket' => 'gQHT8TwAAAAAAAAAAS5odHRwOi8vd2VpeGluLnFxLmNvbS9xLzAyZm85RE1YblZhQWUxMDAwME0wN0YAAgSLijlbAwQAAAAA',
    'from' => 'oF_mkjslhCVraHuzrW2j5llsSj5I',
    'to' => 'gh_74fc964c4914',
    'time' => '1547984351',
    'type' => 'text',
    'scene' => 'TZHB15304976754173140--6423',
    'redirection' => true,
    'source' => 'qr',
  ),
)

2019-01-20 19:39:12 response :
------------

2019-01-20 19:39:34 trace :
------------
String:
<xml><ToUserName><![CDATA[gh_74fc964c4914]]></ToUserName>
<FromUserName><![CDATA[oF_mkjucbMeohvzXksBc_20hKr_s]]></FromUserName>
<CreateTime>1547984373</CreateTime>
<MsgType><![CDATA[event]]></MsgType>
<Event><![CDATA[SCAN]]></Event>
<EventKey><![CDATA[TZHB15304979602872558--7348]]></EventKey>
<Ticket><![CDATA[gQHm8TwAAAAAAAAAAS5odHRwOi8vd2VpeGluLnFxLmNvbS9xLzAyRTFBTE04blZhQWUxMDAwMHcwN1oAAgSoizlbAwQAAAAA]]></Ticket>
</xml>

2019-01-20 19:39:34 params :
------------
String:
array (
  'rule' => -2,
  'module' => '',
  'message' => 
  array (
    'tousername' => 'gh_74fc964c4914',
    'fromusername' => 'oF_mkjucbMeohvzXksBc_20hKr_s',
    'createtime' => '1547984373',
    'msgtype' => 'event',
    'event' => 'SCAN',
    'eventkey' => 'TZHB15304979602872558--7348',
    'ticket' => 'gQHm8TwAAAAAAAAAAS5odHRwOi8vd2VpeGluLnFxLmNvbS9xLzAyRTFBTE04blZhQWUxMDAwMHcwN1oAAgSoizlbAwQAAAAA',
    'from' => 'oF_mkjucbMeohvzXksBc_20hKr_s',
    'to' => 'gh_74fc964c4914',
    'time' => '1547984373',
    'type' => 'text',
    'scene' => 'TZHB15304979602872558--7348',
    'redirection' => true,
    'source' => 'qr',
  ),
)

2019-01-20 19:39:34 response :
------------

2019-01-20 19:40:04 trace :
------------
String:
<xml><ToUserName><![CDATA[gh_74fc964c4914]]></ToUserName>
<FromUserName><![CDATA[oF_mkjucbMeohvzXksBc_20hKr_s]]></FromUserName>
<CreateTime>1547984403</CreateTime>
<MsgType><![CDATA[event]]></MsgType>
<Event><![CDATA[SCAN]]></Event>
<EventKey><![CDATA[TZHB15304979740331068--7439]]></EventKey>
<Ticket><![CDATA[gQGP8TwAAAAAAAAAAS5odHRwOi8vd2VpeGluLnFxLmNvbS9xLzAyd2EwUU1iblZhQWUxMDAwMDAwN2oAAgS2izlbAwQAAAAA]]></Ticket>
</xml>

2019-01-20 19:40:04 params :
------------
String:
array (
  'rule' => -2,
  'module' => '',
  'message' => 
  array (
    'tousername' => 'gh_74fc964c4914',
    'fromusername' => 'oF_mkjucbMeohvzXksBc_20hKr_s',
    'createtime' => '1547984403',
    'msgtype' => 'event',
    'event' => 'SCAN',
    'eventkey' => 'TZHB15304979740331068--7439',
    'ticket' => 'gQGP8TwAAAAAAAAAAS5odHRwOi8vd2VpeGluLnFxLmNvbS9xLzAyd2EwUU1iblZhQWUxMDAwMDAwN2oAAgS2izlbAwQAAAAA',
    'from' => 'oF_mkjucbMeohvzXksBc_20hKr_s',
    'to' => 'gh_74fc964c4914',
    'time' => '1547984403',
    'type' => 'text',
    'scene' => 'TZHB15304979740331068--7439',
    'redirection' => true,
    'source' => 'qr',
  ),
)

2019-01-20 19:40:04 response :
------------

2019-01-20 19:40:52 trace :
------------
String:
<xml><ToUserName><![CDATA[gh_74fc964c4914]]></ToUserName>
<FromUserName><![CDATA[oF_mkjucbMeohvzXksBc_20hKr_s]]></FromUserName>
<CreateTime>1547984451</CreateTime>
<MsgType><![CDATA[event]]></MsgType>
<Event><![CDATA[SCAN]]></Event>
<EventKey><![CDATA[TZHB15304976437647097--6169]]></EventKey>
<Ticket><![CDATA[gQHx8DwAAAAAAAAAAS5odHRwOi8vd2VpeGluLnFxLmNvbS9xLzAyMHlNQ01ablZhQWUxMDAwME0wN18AAgRrijlbAwQAAAAA]]></Ticket>
</xml>

2019-01-20 19:40:52 params :
------------
String:
array (
  'rule' => -2,
  'module' => '',
  'message' => 
  array (
    'tousername' => 'gh_74fc964c4914',
    'fromusername' => 'oF_mkjucbMeohvzXksBc_20hKr_s',
    'createtime' => '1547984451',
    'msgtype' => 'event',
    'event' => 'SCAN',
    'eventkey' => 'TZHB15304976437647097--6169',
    'ticket' => 'gQHx8DwAAAAAAAAAAS5odHRwOi8vd2VpeGluLnFxLmNvbS9xLzAyMHlNQ01ablZhQWUxMDAwME0wN18AAgRrijlbAwQAAAAA',
    'from' => 'oF_mkjucbMeohvzXksBc_20hKr_s',
    'to' => 'gh_74fc964c4914',
    'time' => '1547984451',
    'type' => 'text',
    'scene' => 'TZHB15304976437647097--6169',
    'redirection' => true,
    'source' => 'qr',
  ),
)

2019-01-20 19:40:52 response :
------------

2019-01-20 19:41:32 trace :
------------
String:
<xml><ToUserName><![CDATA[gh_74fc964c4914]]></ToUserName>
<FromUserName><![CDATA[oF_mkjucbMeohvzXksBc_20hKr_s]]></FromUserName>
<CreateTime>1547984491</CreateTime>
<MsgType><![CDATA[event]]></MsgType>
<Event><![CDATA[SCAN]]></Event>
<EventKey><![CDATA[TZHB15304979886038653--7504]]></EventKey>
<Ticket><![CDATA[gQGU8TwAAAAAAAAAAS5odHRwOi8vd2VpeGluLnFxLmNvbS9xLzAyUGowdk1LblZhQWUxMDAwMGcwNzAAAgTEizlbAwQAAAAA]]></Ticket>
</xml>

2019-01-20 19:41:32 params :
------------
String:
array (
  'rule' => -2,
  'module' => '',
  'message' => 
  array (
    'tousername' => 'gh_74fc964c4914',
    'fromusername' => 'oF_mkjucbMeohvzXksBc_20hKr_s',
    'createtime' => '1547984491',
    'msgtype' => 'event',
    'event' => 'SCAN',
    'eventkey' => 'TZHB15304979886038653--7504',
    'ticket' => 'gQGU8TwAAAAAAAAAAS5odHRwOi8vd2VpeGluLnFxLmNvbS9xLzAyUGowdk1LblZhQWUxMDAwMGcwNzAAAgTEizlbAwQAAAAA',
    'from' => 'oF_mkjucbMeohvzXksBc_20hKr_s',
    'to' => 'gh_74fc964c4914',
    'time' => '1547984491',
    'type' => 'text',
    'scene' => 'TZHB15304979886038653--7504',
    'redirection' => true,
    'source' => 'qr',
  ),
)

2019-01-20 19:41:32 response :
------------

2019-01-20 19:42:09 trace :
------------
String:
<xml><ToUserName><![CDATA[gh_74fc964c4914]]></ToUserName>
<FromUserName><![CDATA[oF_mkjucbMeohvzXksBc_20hKr_s]]></FromUserName>
<CreateTime>1547984529</CreateTime>
<MsgType><![CDATA[event]]></MsgType>
<Event><![CDATA[SCAN]]></Event>
<EventKey><![CDATA[TZHB15304979886038653--7504]]></EventKey>
<Ticket><![CDATA[gQGU8TwAAAAAAAAAAS5odHRwOi8vd2VpeGluLnFxLmNvbS9xLzAyUGowdk1LblZhQWUxMDAwMGcwNzAAAgTEizlbAwQAAAAA]]></Ticket>
</xml>

2019-01-20 19:42:09 params :
------------
String:
array (
  'rule' => -2,
  'module' => '',
  'message' => 
  array (
    'tousername' => 'gh_74fc964c4914',
    'fromusername' => 'oF_mkjucbMeohvzXksBc_20hKr_s',
    'createtime' => '1547984529',
    'msgtype' => 'event',
    'event' => 'SCAN',
    'eventkey' => 'TZHB15304979886038653--7504',
    'ticket' => 'gQGU8TwAAAAAAAAAAS5odHRwOi8vd2VpeGluLnFxLmNvbS9xLzAyUGowdk1LblZhQWUxMDAwMGcwNzAAAgTEizlbAwQAAAAA',
    'from' => 'oF_mkjucbMeohvzXksBc_20hKr_s',
    'to' => 'gh_74fc964c4914',
    'time' => '1547984529',
    'type' => 'text',
    'scene' => 'TZHB15304979886038653--7504',
    'redirection' => true,
    'source' => 'qr',
  ),
)

2019-01-20 19:42:09 response :
------------

2019-01-20 19:43:58 trace :
------------
String:
<xml><ToUserName><![CDATA[gh_74fc964c4914]]></ToUserName>
<FromUserName><![CDATA[oF_mkjucbMeohvzXksBc_20hKr_s]]></FromUserName>
<CreateTime>1547984637</CreateTime>
<MsgType><![CDATA[event]]></MsgType>
<Event><![CDATA[SCAN]]></Event>
<EventKey><![CDATA[TZHB15304976754173140--6423]]></EventKey>
<Ticket><![CDATA[gQHT8TwAAAAAAAAAAS5odHRwOi8vd2VpeGluLnFxLmNvbS9xLzAyZm85RE1YblZhQWUxMDAwME0wN0YAAgSLijlbAwQAAAAA]]></Ticket>
</xml>

2019-01-20 19:43:58 params :
------------
String:
array (
  'rule' => -2,
  'module' => '',
  'message' => 
  array (
    'tousername' => 'gh_74fc964c4914',
    'fromusername' => 'oF_mkjucbMeohvzXksBc_20hKr_s',
    'createtime' => '1547984637',
    'msgtype' => 'event',
    'event' => 'SCAN',
    'eventkey' => 'TZHB15304976754173140--6423',
    'ticket' => 'gQHT8TwAAAAAAAAAAS5odHRwOi8vd2VpeGluLnFxLmNvbS9xLzAyZm85RE1YblZhQWUxMDAwME0wN0YAAgSLijlbAwQAAAAA',
    'from' => 'oF_mkjucbMeohvzXksBc_20hKr_s',
    'to' => 'gh_74fc964c4914',
    'time' => '1547984637',
    'type' => 'text',
    'scene' => 'TZHB15304976754173140--6423',
    'redirection' => true,
    'source' => 'qr',
  ),
)

2019-01-20 19:43:58 response :
------------

2019-01-20 19:44:04 trace :
------------
String:
<xml><ToUserName><![CDATA[gh_74fc964c4914]]></ToUserName>
<FromUserName><![CDATA[oF_mkjslhCVraHuzrW2j5llsSj5I]]></FromUserName>
<CreateTime>1547984643</CreateTime>
<MsgType><![CDATA[event]]></MsgType>
<Event><![CDATA[SCAN]]></Event>
<EventKey><![CDATA[TZHB15304976528621409--6250]]></EventKey>
<Ticket><![CDATA[gQEo8TwAAAAAAAAAAS5odHRwOi8vd2VpeGluLnFxLmNvbS9xLzAySEo5Rk1WblZhQWUxMDAwMGcwNzEAAgR0ijlbAwQAAAAA]]></Ticket>
</xml>

2019-01-20 19:44:04 params :
------------
String:
array (
  'rule' => -2,
  'module' => '',
  'message' => 
  array (
    'tousername' => 'gh_74fc964c4914',
    'fromusername' => 'oF_mkjslhCVraHuzrW2j5llsSj5I',
    'createtime' => '1547984643',
    'msgtype' => 'event',
    'event' => 'SCAN',
    'eventkey' => 'TZHB15304976528621409--6250',
    'ticket' => 'gQEo8TwAAAAAAAAAAS5odHRwOi8vd2VpeGluLnFxLmNvbS9xLzAySEo5Rk1WblZhQWUxMDAwMGcwNzEAAgR0ijlbAwQAAAAA',
    'from' => 'oF_mkjslhCVraHuzrW2j5llsSj5I',
    'to' => 'gh_74fc964c4914',
    'time' => '1547984643',
    'type' => 'text',
    'scene' => 'TZHB15304976528621409--6250',
    'redirection' => true,
    'source' => 'qr',
  ),
)

2019-01-20 19:44:04 response :
------------

2019-01-20 19:44:37 trace :
------------
String:
<xml><ToUserName><![CDATA[gh_74fc964c4914]]></ToUserName>
<FromUserName><![CDATA[oF_mkjslhCVraHuzrW2j5llsSj5I]]></FromUserName>
<CreateTime>1547984676</CreateTime>
<MsgType><![CDATA[event]]></MsgType>
<Event><![CDATA[SCAN]]></Event>
<EventKey><![CDATA[TZHB15304976528621409--6250]]></EventKey>
<Ticket><![CDATA[gQEo8TwAAAAAAAAAAS5odHRwOi8vd2VpeGluLnFxLmNvbS9xLzAySEo5Rk1WblZhQWUxMDAwMGcwNzEAAgR0ijlbAwQAAAAA]]></Ticket>
</xml>

2019-01-20 19:44:37 params :
------------
String:
array (
  'rule' => -2,
  'module' => '',
  'message' => 
  array (
    'tousername' => 'gh_74fc964c4914',
    'fromusername' => 'oF_mkjslhCVraHuzrW2j5llsSj5I',
    'createtime' => '1547984676',
    'msgtype' => 'event',
    'event' => 'SCAN',
    'eventkey' => 'TZHB15304976528621409--6250',
    'ticket' => 'gQEo8TwAAAAAAAAAAS5odHRwOi8vd2VpeGluLnFxLmNvbS9xLzAySEo5Rk1WblZhQWUxMDAwMGcwNzEAAgR0ijlbAwQAAAAA',
    'from' => 'oF_mkjslhCVraHuzrW2j5llsSj5I',
    'to' => 'gh_74fc964c4914',
    'time' => '1547984676',
    'type' => 'text',
    'scene' => 'TZHB15304976528621409--6250',
    'redirection' => true,
    'source' => 'qr',
  ),
)

2019-01-20 19:44:37 response :
------------

2019-01-20 19:46:55 trace :
------------
String:
<xml><ToUserName><![CDATA[gh_74fc964c4914]]></ToUserName>
<FromUserName><![CDATA[oF_mkjslhCVraHuzrW2j5llsSj5I]]></FromUserName>
<CreateTime>1547984814</CreateTime>
<MsgType><![CDATA[event]]></MsgType>
<Event><![CDATA[SCAN]]></Event>
<EventKey><![CDATA[TZHB15304976754173140--6423]]></EventKey>
<Ticket><![CDATA[gQHT8TwAAAAAAAAAAS5odHRwOi8vd2VpeGluLnFxLmNvbS9xLzAyZm85RE1YblZhQWUxMDAwME0wN0YAAgSLijlbAwQAAAAA]]></Ticket>
</xml>

2019-01-20 19:46:55 params :
------------
String:
array (
  'rule' => -2,
  'module' => '',
  'message' => 
  array (
    'tousername' => 'gh_74fc964c4914',
    'fromusername' => 'oF_mkjslhCVraHuzrW2j5llsSj5I',
    'createtime' => '1547984814',
    'msgtype' => 'event',
    'event' => 'SCAN',
    'eventkey' => 'TZHB15304976754173140--6423',
    'ticket' => 'gQHT8TwAAAAAAAAAAS5odHRwOi8vd2VpeGluLnFxLmNvbS9xLzAyZm85RE1YblZhQWUxMDAwME0wN0YAAgSLijlbAwQAAAAA',
    'from' => 'oF_mkjslhCVraHuzrW2j5llsSj5I',
    'to' => 'gh_74fc964c4914',
    'time' => '1547984814',
    'type' => 'text',
    'scene' => 'TZHB15304976754173140--6423',
    'redirection' => true,
    'source' => 'qr',
  ),
)

2019-01-20 19:46:55 response :
------------

2019-01-20 19:47:59 trace :
------------
String:
<xml><ToUserName><![CDATA[gh_74fc964c4914]]></ToUserName>
<FromUserName><![CDATA[oF_mkjslhCVraHuzrW2j5llsSj5I]]></FromUserName>
<CreateTime>1547984879</CreateTime>
<MsgType><![CDATA[event]]></MsgType>
<Event><![CDATA[SCAN]]></Event>
<EventKey><![CDATA[TZHB15304979602872558--7348]]></EventKey>
<Ticket><![CDATA[gQHm8TwAAAAAAAAAAS5odHRwOi8vd2VpeGluLnFxLmNvbS9xLzAyRTFBTE04blZhQWUxMDAwMHcwN1oAAgSoizlbAwQAAAAA]]></Ticket>
</xml>

2019-01-20 19:47:59 params :
------------
String:
array (
  'rule' => -2,
  'module' => '',
  'message' => 
  array (
    'tousername' => 'gh_74fc964c4914',
    'fromusername' => 'oF_mkjslhCVraHuzrW2j5llsSj5I',
    'createtime' => '1547984879',
    'msgtype' => 'event',
    'event' => 'SCAN',
    'eventkey' => 'TZHB15304979602872558--7348',
    'ticket' => 'gQHm8TwAAAAAAAAAAS5odHRwOi8vd2VpeGluLnFxLmNvbS9xLzAyRTFBTE04blZhQWUxMDAwMHcwN1oAAgSoizlbAwQAAAAA',
    'from' => 'oF_mkjslhCVraHuzrW2j5llsSj5I',
    'to' => 'gh_74fc964c4914',
    'time' => '1547984879',
    'type' => 'text',
    'scene' => 'TZHB15304979602872558--7348',
    'redirection' => true,
    'source' => 'qr',
  ),
)

2019-01-20 19:47:59 response :
------------

2019-01-20 19:48:36 trace :
------------
String:
<xml><ToUserName><![CDATA[gh_74fc964c4914]]></ToUserName>
<FromUserName><![CDATA[oF_mkjslhCVraHuzrW2j5llsSj5I]]></FromUserName>
<CreateTime>1547984915</CreateTime>
<MsgType><![CDATA[event]]></MsgType>
<Event><![CDATA[SCAN]]></Event>
<EventKey><![CDATA[TZHB15304976362965636--6103]]></EventKey>
<Ticket><![CDATA[gQFC8TwAAAAAAAAAAS5odHRwOi8vd2VpeGluLnFxLmNvbS9xLzAyUzk3SU42blZhQWUxMDAwME0wN2UAAgRkijlbAwQAAAAA]]></Ticket>
</xml>

2019-01-20 19:48:36 params :
------------
String:
array (
  'rule' => -2,
  'module' => '',
  'message' => 
  array (
    'tousername' => 'gh_74fc964c4914',
    'fromusername' => 'oF_mkjslhCVraHuzrW2j5llsSj5I',
    'createtime' => '1547984915',
    'msgtype' => 'event',
    'event' => 'SCAN',
    'eventkey' => 'TZHB15304976362965636--6103',
    'ticket' => 'gQFC8TwAAAAAAAAAAS5odHRwOi8vd2VpeGluLnFxLmNvbS9xLzAyUzk3SU42blZhQWUxMDAwME0wN2UAAgRkijlbAwQAAAAA',
    'from' => 'oF_mkjslhCVraHuzrW2j5llsSj5I',
    'to' => 'gh_74fc964c4914',
    'time' => '1547984915',
    'type' => 'text',
    'scene' => 'TZHB15304976362965636--6103',
    'redirection' => true,
    'source' => 'qr',
  ),
)

2019-01-20 19:48:36 response :
------------

2019-01-20 20:34:24 trace :
------------
String:
<xml><ToUserName><![CDATA[gh_74fc964c4914]]></ToUserName>
<FromUserName><![CDATA[oF_mkjucbMeohvzXksBc_20hKr_s]]></FromUserName>
<CreateTime>1547987662</CreateTime>
<MsgType><![CDATA[event]]></MsgType>
<Event><![CDATA[SCAN]]></Event>
<EventKey><![CDATA[TZHB15304979798879292--7465]]></EventKey>
<Ticket><![CDATA[gQFo8TwAAAAAAAAAAS5odHRwOi8vd2VpeGluLnFxLmNvbS9xLzAyZWdTM01tblZhQWUxMDAwMHcwN0EAAgS7izlbAwQAAAAA]]></Ticket>
</xml>

2019-01-20 20:34:24 params :
------------
String:
array (
  'rule' => -2,
  'module' => '',
  'message' => 
  array (
    'tousername' => 'gh_74fc964c4914',
    'fromusername' => 'oF_mkjucbMeohvzXksBc_20hKr_s',
    'createtime' => '1547987662',
    'msgtype' => 'event',
    'event' => 'SCAN',
    'eventkey' => 'TZHB15304979798879292--7465',
    'ticket' => 'gQFo8TwAAAAAAAAAAS5odHRwOi8vd2VpeGluLnFxLmNvbS9xLzAyZWdTM01tblZhQWUxMDAwMHcwN0EAAgS7izlbAwQAAAAA',
    'from' => 'oF_mkjucbMeohvzXksBc_20hKr_s',
    'to' => 'gh_74fc964c4914',
    'time' => '1547987662',
    'type' => 'text',
    'scene' => 'TZHB15304979798879292--7465',
    'redirection' => true,
    'source' => 'qr',
  ),
)

2019-01-20 20:34:24 response :
------------

2019-01-20 20:41:09 trace :
------------
String:
<xml><ToUserName><![CDATA[gh_74fc964c4914]]></ToUserName>
<FromUserName><![CDATA[oF_mkjupcLHsK-IM-YLQE-cVcvbU]]></FromUserName>
<CreateTime>1547988069</CreateTime>
<MsgType><![CDATA[event]]></MsgType>
<Event><![CDATA[unsubscribe]]></Event>
<EventKey><![CDATA[]]></EventKey>
</xml>

2019-01-20 20:41:32 trace :
------------
String:
<xml><ToUserName><![CDATA[gh_74fc964c4914]]></ToUserName>
<FromUserName><![CDATA[oF_mkjsguB11C-iVEy14x0zzD7wQ]]></FromUserName>
<CreateTime>1547988091</CreateTime>
<MsgType><![CDATA[event]]></MsgType>
<Event><![CDATA[subscribe]]></Event>
<EventKey><![CDATA[]]></EventKey>
</xml>

2019-01-20 20:41:32 params :
------------
String:
array (
  'message' => 
  array (
    'tousername' => 'gh_74fc964c4914',
    'fromusername' => 'oF_mkjsguB11C-iVEy14x0zzD7wQ',
    'createtime' => '1547988091',
    'msgtype' => 'event',
    'event' => 'subscribe',
    'eventkey' => '',
    'from' => 'oF_mkjsguB11C-iVEy14x0zzD7wQ',
    'to' => 'gh_74fc964c4914',
    'time' => '1547988091',
    'type' => 'text',
    'redirection' => true,
    'source' => 'subscribe',
    'content' => '首次关注',
  ),
  'module' => 'reply',
  'rule' => '9',
  'priority' => '0',
  'keyword' => 
  array (
    'id' => '116',
    'rid' => '9',
    'uniacid' => '2',
    'module' => 'reply',
    'content' => '首次关注',
    'type' => '1',
    'displayorder' => '0',
    'status' => '1',
    'reply_type' => 
    array (
      0 => 'basic',
    ),
  ),
  'reply_type' => 
  array (
    0 => 'basic',
  ),
)

2019-01-20 20:41:32 response :
------------
Array:
FromUserName : gh_74fc964c4914 ;
ToUserName : oF_mkjsguB11C-iVEy14x0zzD7wQ ;
MsgType : text ;
Content : 您好，感谢您关注奔瑞汽车用品！360°汽车服务解决方案提供商。业务领域涵盖高端美容、二手翻新及快速钣喷等，欢迎与我们联系。
您也可以回复以下数字，查看相关信息。
【1】品牌介绍
【2】核心项目
【3】合作支持
【4】产品中心
【5】联系方式
您可以留言或拨打客服热线 4006669243 更多资讯，您可以访问奔瑞官网 www.benrui.cn
意见，建议反馈信息请直接回复，谢谢。 ;

2019-01-20 20:44:46 trace :
------------
String:
<xml><ToUserName><![CDATA[gh_74fc964c4914]]></ToUserName>
<FromUserName><![CDATA[oF_mkjsguB11C-iVEy14x0zzD7wQ]]></FromUserName>
<CreateTime>1547988286</CreateTime>
<MsgType><![CDATA[event]]></MsgType>
<Event><![CDATA[CLICK]]></Event>
<EventKey><![CDATA[最新优惠]]></EventKey>
</xml>

2019-01-20 20:44:46 params :
------------
String:
array (
  'message' => 
  array (
    'tousername' => 'gh_74fc964c4914',
    'fromusername' => 'oF_mkjsguB11C-iVEy14x0zzD7wQ',
    'createtime' => '1547988286',
    'msgtype' => 'event',
    'event' => 'CLICK',
    'eventkey' => '最新优惠',
    'from' => 'oF_mkjsguB11C-iVEy14x0zzD7wQ',
    'to' => 'gh_74fc964c4914',
    'time' => '1547988286',
    'type' => 'text',
    'content' => '最新优惠',
    'redirection' => true,
    'source' => 'click',
  ),
  'module' => 'reply',
  'rule' => '53',
  'priority' => '0',
  'keyword' => 
  array (
    'id' => '115',
    'rid' => '53',
    'uniacid' => '2',
    'module' => 'reply',
    'content' => '最新优惠',
    'type' => '1',
    'displayorder' => '0',
    'status' => '1',
    'reply_type' => 
    array (
      0 => 'basic',
    ),
  ),
  'reply_type' => 
  array (
    0 => 'basic',
  ),
)

2019-01-20 20:44:46 response :
------------
Array:
FromUserName : gh_74fc964c4914 ;
ToUserName : oF_mkjsguB11C-iVEy14x0zzD7wQ ;
MsgType : text ;
Content : 优质服务季，一大波促销活动即将激情开启，敬请期待。 ;

2019-01-20 20:44:58 trace :
------------
String:
<xml><ToUserName><![CDATA[gh_74fc964c4914]]></ToUserName>
<FromUserName><![CDATA[oF_mkjsguB11C-iVEy14x0zzD7wQ]]></FromUserName>
<CreateTime>1547988298</CreateTime>
<MsgType><![CDATA[event]]></MsgType>
<Event><![CDATA[VIEW]]></Event>
<EventKey><![CDATA[http://mp.weixin.qq.com/s?__biz=MjM5MzE3NjM0Mw==&mid=503568901&idx=1&sn=68e38de4e280a77f6a9d4729e7b63342&chksm=3d6c747d0a1bfd6b9891ec8de146b4e8934a8e3f178d5f12a5de9984b0c8826680160a8d6af5&scene=18#wechat_redirect]]></EventKey>
<MenuId>503048253</MenuId>
</xml>

2019-01-20 20:44:58 params :
------------
String:
array (
  'message' => 
  array (
    'tousername' => 'gh_74fc964c4914',
    'fromusername' => 'oF_mkjsguB11C-iVEy14x0zzD7wQ',
    'createtime' => '1547988298',
    'msgtype' => 'event',
    'event' => 'VIEW',
    'eventkey' => 'http://mp.weixin.qq.com/s?__biz=MjM5MzE3NjM0Mw==&mid=503568901&idx=1&sn=68e38de4e280a77f6a9d4729e7b63342&chksm=3d6c747d0a1bfd6b9891ec8de146b4e8934a8e3f178d5f12a5de9984b0c8826680160a8d6af5&scene=18#wechat_redirect',
    'menuid' => '503048253',
    'from' => 'oF_mkjsguB11C-iVEy14x0zzD7wQ',
    'to' => 'gh_74fc964c4914',
    'time' => '1547988298',
    'type' => 'text',
    'content' => 'http://mp.weixin.qq.com/s?__biz=MjM5MzE3NjM0Mw==&mid=503568901&idx=1&sn=68e38de4e280a77f6a9d4729e7b63342&chksm=3d6c747d0a1bfd6b9891ec8de146b4e8934a8e3f178d5f12a5de9984b0c8826680160a8d6af5&scene=18#wechat_redirect',
    'redirection' => true,
    'source' => 'VIEW',
  ),
  'module' => 'reply',
  'rule' => '25',
  'priority' => '0',
  'keyword' => 
  array (
    'id' => '32',
    'rid' => '25',
    'uniacid' => '2',
    'module' => 'reply',
    'content' => 'f1',
    'type' => '2',
    'displayorder' => '0',
    'status' => '1',
    'reply_type' => 
    array (
      0 => 'news',
    ),
  ),
  'reply_type' => 
  array (
    0 => 'news',
  ),
)

2019-01-20 20:44:58 response :
------------
Array:
FromUserName : gh_74fc964c4914 ;
ToUserName : oF_mkjsguB11C-iVEy14x0zzD7wQ ;
MsgType : news ;
ArticleCount : 1 ;
Articles : Array ;

2019-01-20 20:47:18 trace :
------------
String:
<xml><ToUserName><![CDATA[gh_74fc964c4914]]></ToUserName>
<FromUserName><![CDATA[oF_mkjsguB11C-iVEy14x0zzD7wQ]]></FromUserName>
<CreateTime>1547988437</CreateTime>
<MsgType><![CDATA[event]]></MsgType>
<Event><![CDATA[unsubscribe]]></Event>
<EventKey><![CDATA[]]></EventKey>
</xml>

2019-01-20 21:24:44 trace :
------------
String:
<xml><ToUserName><![CDATA[gh_74fc964c4914]]></ToUserName>
<FromUserName><![CDATA[oF_mkjnmQXhQGFZxx3WR4AAc2U34]]></FromUserName>
<CreateTime>1547990682</CreateTime>
<MsgType><![CDATA[event]]></MsgType>
<Event><![CDATA[subscribe]]></Event>
<EventKey><![CDATA[qrscene_TZHB15304979337803525--7116]]></EventKey>
<Ticket><![CDATA[gQFv8TwAAAAAAAAAAS5odHRwOi8vd2VpeGluLnFxLmNvbS9xLzAybWtiVk5UblZhQWUxMDAwME0wN2wAAgSNizlbAwQAAAAA]]></Ticket>
</xml>

2019-01-20 21:24:44 params :
------------
String:
array (
  'message' => 
  array (
    'tousername' => 'gh_74fc964c4914',
    'fromusername' => 'oF_mkjnmQXhQGFZxx3WR4AAc2U34',
    'createtime' => '1547990682',
    'msgtype' => 'event',
    'event' => 'subscribe',
    'eventkey' => 'qrscene_TZHB15304979337803525--7116',
    'ticket' => 'gQFv8TwAAAAAAAAAAS5odHRwOi8vd2VpeGluLnFxLmNvbS9xLzAybWtiVk5UblZhQWUxMDAwME0wN2wAAgSNizlbAwQAAAAA',
    'from' => 'oF_mkjnmQXhQGFZxx3WR4AAc2U34',
    'to' => 'gh_74fc964c4914',
    'time' => '1547990682',
    'type' => 'text',
    'scene' => 'TZHB15304979337803525--7116',
    'redirection' => true,
    'source' => 'subscribe',
    'content' => '首次关注',
  ),
  'module' => 'reply',
  'rule' => '9',
  'priority' => '0',
  'keyword' => 
  array (
    'id' => '116',
    'rid' => '9',
    'uniacid' => '2',
    'module' => 'reply',
    'content' => '首次关注',
    'type' => '1',
    'displayorder' => '0',
    'status' => '1',
    'reply_type' => 
    array (
      0 => 'basic',
    ),
  ),
  'reply_type' => 
  array (
    0 => 'basic',
  ),
)

2019-01-20 21:24:44 response :
------------
Array:
FromUserName : gh_74fc964c4914 ;
ToUserName : oF_mkjnmQXhQGFZxx3WR4AAc2U34 ;
MsgType : text ;
Content : 您好，感谢您关注奔瑞汽车用品！360°汽车服务解决方案提供商。业务领域涵盖高端美容、二手翻新及快速钣喷等，欢迎与我们联系。
您也可以回复以下数字，查看相关信息。
【1】品牌介绍
【2】核心项目
【3】合作支持
【4】产品中心
【5】联系方式
您可以留言或拨打客服热线 4006669243 更多资讯，您可以访问奔瑞官网 www.benrui.cn
意见，建议反馈信息请直接回复，谢谢。 ;

2019-01-20 21:24:49 trace :
------------
String:
<xml><ToUserName><![CDATA[gh_74fc964c4914]]></ToUserName>
<FromUserName><![CDATA[oF_mkjnmQXhQGFZxx3WR4AAc2U34]]></FromUserName>
<CreateTime>1547990688</CreateTime>
<MsgType><![CDATA[event]]></MsgType>
<Event><![CDATA[LOCATION]]></Event>
<Latitude>34.877621</Latitude>
<Longitude>113.660950</Longitude>
<Precision>30.000000</Precision>
</xml>

2019-01-20 21:24:49 params :
------------
String:
array (
  'message' => 
  array (
    'tousername' => 'gh_74fc964c4914',
    'fromusername' => 'oF_mkjnmQXhQGFZxx3WR4AAc2U34',
    'createtime' => '1547990688',
    'msgtype' => 'event',
    'event' => 'LOCATION',
    'latitude' => '34.877621',
    'longitude' => '113.660950',
    'precision' => '30.000000',
    'from' => 'oF_mkjnmQXhQGFZxx3WR4AAc2U34',
    'to' => 'gh_74fc964c4914',
    'time' => '1547990688',
    'type' => 'trace',
    'location_x' => '34.877621',
    'location_y' => '113.660950',
  ),
  'module' => 'default',
  'rule' => '-1',
)

2019-01-20 21:24:49 response :
------------
Array:
errno : -1 ;
message : Invaild value ;

2019-01-20 21:25:16 trace :
------------
String:
<xml><ToUserName><![CDATA[gh_74fc964c4914]]></ToUserName>
<FromUserName><![CDATA[oF_mkjnmQXhQGFZxx3WR4AAc2U34]]></FromUserName>
<CreateTime>1547990715</CreateTime>
<MsgType><![CDATA[event]]></MsgType>
<Event><![CDATA[LOCATION]]></Event>
<Latitude>34.877621</Latitude>
<Longitude>113.660950</Longitude>
<Precision>30.000000</Precision>
</xml>

2019-01-20 21:25:16 params :
------------
String:
array (
  'message' => 
  array (
    'tousername' => 'gh_74fc964c4914',
    'fromusername' => 'oF_mkjnmQXhQGFZxx3WR4AAc2U34',
    'createtime' => '1547990715',
    'msgtype' => 'event',
    'event' => 'LOCATION',
    'latitude' => '34.877621',
    'longitude' => '113.660950',
    'precision' => '30.000000',
    'from' => 'oF_mkjnmQXhQGFZxx3WR4AAc2U34',
    'to' => 'gh_74fc964c4914',
    'time' => '1547990715',
    'type' => 'trace',
    'location_x' => '34.877621',
    'location_y' => '113.660950',
  ),
  'module' => 'default',
  'rule' => '-1',
)

2019-01-20 21:25:16 response :
------------
Array:
errno : -1 ;
message : Invaild value ;

2019-01-20 21:44:58 trace :
------------
String:
<xml><ToUserName><![CDATA[gh_74fc964c4914]]></ToUserName>
<FromUserName><![CDATA[oF_mkjslhCVraHuzrW2j5llsSj5I]]></FromUserName>
<CreateTime>1547991897</CreateTime>
<MsgType><![CDATA[event]]></MsgType>
<Event><![CDATA[SCAN]]></Event>
<EventKey><![CDATA[TZHB15304976452541656--6182]]></EventKey>
<Ticket><![CDATA[gQHv8DwAAAAAAAAAAS5odHRwOi8vd2VpeGluLnFxLmNvbS9xLzAyUzc3bE5pblZhQWUxMDAwMHcwNzEAAgRtijlbAwQAAAAA]]></Ticket>
</xml>

2019-01-20 21:44:58 params :
------------
String:
array (
  'rule' => -2,
  'module' => '',
  'message' => 
  array (
    'tousername' => 'gh_74fc964c4914',
    'fromusername' => 'oF_mkjslhCVraHuzrW2j5llsSj5I',
    'createtime' => '1547991897',
    'msgtype' => 'event',
    'event' => 'SCAN',
    'eventkey' => 'TZHB15304976452541656--6182',
    'ticket' => 'gQHv8DwAAAAAAAAAAS5odHRwOi8vd2VpeGluLnFxLmNvbS9xLzAyUzc3bE5pblZhQWUxMDAwMHcwNzEAAgRtijlbAwQAAAAA',
    'from' => 'oF_mkjslhCVraHuzrW2j5llsSj5I',
    'to' => 'gh_74fc964c4914',
    'time' => '1547991897',
    'type' => 'text',
    'scene' => 'TZHB15304976452541656--6182',
    'redirection' => true,
    'source' => 'qr',
  ),
)

2019-01-20 21:44:58 response :
------------

