2019-01-16 07:54:19 trace :
------------
String:
<xml><ToUserName><![CDATA[gh_74fc964c4914]]></ToUserName>
<FromUserName><![CDATA[oF_mkjsFcHGfOV3h1CLQBWKMB-IU]]></FromUserName>
<CreateTime>1547596458</CreateTime>
<MsgType><![CDATA[event]]></MsgType>
<Event><![CDATA[unsubscribe]]></Event>
<EventKey><![CDATA[]]></EventKey>
</xml>

2019-01-16 09:07:08 trace :
------------
String:
<xml><ToUserName><![CDATA[gh_74fc964c4914]]></ToUserName>
<FromUserName><![CDATA[oF_mkjlXPeUN9NR75tZrXsrEq0hE]]></FromUserName>
<CreateTime>1547600827</CreateTime>
<MsgType><![CDATA[event]]></MsgType>
<Event><![CDATA[SCAN]]></Event>
<EventKey><![CDATA[TZHB15444181631494041--12413]]></EventKey>
<Ticket><![CDATA[gQGA8DwAAAAAAAAAAS5odHRwOi8vd2VpeGluLnFxLmNvbS9xLzAyLV8zY01tblZhQWUxMDAwMGcwN3QAAgRz8w1cAwQAAAAA]]></Ticket>
</xml>

2019-01-16 09:07:08 params :
------------
String:
array (
  'rule' => -2,
  'module' => '',
  'message' => 
  array (
    'tousername' => 'gh_74fc964c4914',
    'fromusername' => 'oF_mkjlXPeUN9NR75tZrXsrEq0hE',
    'createtime' => '1547600827',
    'msgtype' => 'event',
    'event' => 'SCAN',
    'eventkey' => 'TZHB15444181631494041--12413',
    'ticket' => 'gQGA8DwAAAAAAAAAAS5odHRwOi8vd2VpeGluLnFxLmNvbS9xLzAyLV8zY01tblZhQWUxMDAwMGcwN3QAAgRz8w1cAwQAAAAA',
    'from' => 'oF_mkjlXPeUN9NR75tZrXsrEq0hE',
    'to' => 'gh_74fc964c4914',
    'time' => '1547600827',
    'type' => 'text',
    'scene' => 'TZHB15444181631494041--12413',
    'redirection' => true,
    'source' => 'qr',
  ),
)

2019-01-16 09:07:08 response :
------------

2019-01-16 09:07:43 trace :
------------
String:
<xml><ToUserName><![CDATA[gh_74fc964c4914]]></ToUserName>
<FromUserName><![CDATA[oF_mkjqyNJo-Iz-iqS8UB4MYRttI]]></FromUserName>
<CreateTime>1547600863</CreateTime>
<MsgType><![CDATA[event]]></MsgType>
<Event><![CDATA[LOCATION]]></Event>
<Latitude>35.111942</Latitude>
<Longitude>118.298203</Longitude>
<Precision>490.000000</Precision>
</xml>

2019-01-16 09:07:44 params :
------------
String:
array (
  'message' => 
  array (
    'tousername' => 'gh_74fc964c4914',
    'fromusername' => 'oF_mkjqyNJo-Iz-iqS8UB4MYRttI',
    'createtime' => '1547600863',
    'msgtype' => 'event',
    'event' => 'LOCATION',
    'latitude' => '35.111942',
    'longitude' => '118.298203',
    'precision' => '490.000000',
    'from' => 'oF_mkjqyNJo-Iz-iqS8UB4MYRttI',
    'to' => 'gh_74fc964c4914',
    'time' => '1547600863',
    'type' => 'trace',
    'location_x' => '35.111942',
    'location_y' => '118.298203',
  ),
  'module' => 'default',
  'rule' => '-1',
)

2019-01-16 09:07:44 response :
------------
Array:
errno : -1 ;
message : Invaild value ;

2019-01-16 09:07:44 trace :
------------
String:
<xml><ToUserName><![CDATA[gh_74fc964c4914]]></ToUserName>
<FromUserName><![CDATA[oF_mkjqyNJo-Iz-iqS8UB4MYRttI]]></FromUserName>
<CreateTime>1547600862</CreateTime>
<MsgType><![CDATA[event]]></MsgType>
<Event><![CDATA[SCAN]]></Event>
<EventKey><![CDATA[TZHB15444180801481269--11825]]></EventKey>
<Ticket><![CDATA[gQHL8DwAAAAAAAAAAS5odHRwOi8vd2VpeGluLnFxLmNvbS9xLzAyRTdIcU5iblZhQWUxMDAwMGcwN3MAAgQg8w1cAwQAAAAA]]></Ticket>
</xml>

2019-01-16 09:07:44 params :
------------
String:
array (
  'rule' => -2,
  'module' => '',
  'message' => 
  array (
    'tousername' => 'gh_74fc964c4914',
    'fromusername' => 'oF_mkjqyNJo-Iz-iqS8UB4MYRttI',
    'createtime' => '1547600862',
    'msgtype' => 'event',
    'event' => 'SCAN',
    'eventkey' => 'TZHB15444180801481269--11825',
    'ticket' => 'gQHL8DwAAAAAAAAAAS5odHRwOi8vd2VpeGluLnFxLmNvbS9xLzAyRTdIcU5iblZhQWUxMDAwMGcwN3MAAgQg8w1cAwQAAAAA',
    'from' => 'oF_mkjqyNJo-Iz-iqS8UB4MYRttI',
    'to' => 'gh_74fc964c4914',
    'time' => '1547600862',
    'type' => 'text',
    'scene' => 'TZHB15444180801481269--11825',
    'redirection' => true,
    'source' => 'qr',
  ),
)

2019-01-16 09:07:44 response :
------------

2019-01-16 09:08:01 trace :
------------
String:
<xml><ToUserName><![CDATA[gh_74fc964c4914]]></ToUserName>
<FromUserName><![CDATA[oF_mkjqyNJo-Iz-iqS8UB4MYRttI]]></FromUserName>
<CreateTime>1547600881</CreateTime>
<MsgType><![CDATA[event]]></MsgType>
<Event><![CDATA[LOCATION]]></Event>
<Latitude>35.111942</Latitude>
<Longitude>118.298203</Longitude>
<Precision>490.000000</Precision>
</xml>

2019-01-16 09:08:02 params :
------------
String:
array (
  'message' => 
  array (
    'tousername' => 'gh_74fc964c4914',
    'fromusername' => 'oF_mkjqyNJo-Iz-iqS8UB4MYRttI',
    'createtime' => '1547600881',
    'msgtype' => 'event',
    'event' => 'LOCATION',
    'latitude' => '35.111942',
    'longitude' => '118.298203',
    'precision' => '490.000000',
    'from' => 'oF_mkjqyNJo-Iz-iqS8UB4MYRttI',
    'to' => 'gh_74fc964c4914',
    'time' => '1547600881',
    'type' => 'trace',
    'location_x' => '35.111942',
    'location_y' => '118.298203',
  ),
  'module' => 'default',
  'rule' => '-1',
)

2019-01-16 09:08:02 response :
------------
Array:
errno : -1 ;
message : Invaild value ;

2019-01-16 09:25:49 trace :
------------
String:
<xml><ToUserName><![CDATA[gh_74fc964c4914]]></ToUserName>
<FromUserName><![CDATA[oF_mkjnaHCXBvRXS1hW35dIX7uzI]]></FromUserName>
<CreateTime>1547601948</CreateTime>
<MsgType><![CDATA[event]]></MsgType>
<Event><![CDATA[SCAN]]></Event>
<EventKey><![CDATA[TZHB15367436495504969--10179]]></EventKey>
<Ticket><![CDATA[gQH78TwAAAAAAAAAAS5odHRwOi8vd2VpeGluLnFxLmNvbS9xLzAyRUpnSU0wblZhQWUxMDAwMDAwN3MAAgTh2JhbAwQAAAAA]]></Ticket>
</xml>

2019-01-16 09:25:49 params :
------------
String:
array (
  'rule' => -2,
  'module' => '',
  'message' => 
  array (
    'tousername' => 'gh_74fc964c4914',
    'fromusername' => 'oF_mkjnaHCXBvRXS1hW35dIX7uzI',
    'createtime' => '1547601948',
    'msgtype' => 'event',
    'event' => 'SCAN',
    'eventkey' => 'TZHB15367436495504969--10179',
    'ticket' => 'gQH78TwAAAAAAAAAAS5odHRwOi8vd2VpeGluLnFxLmNvbS9xLzAyRUpnSU0wblZhQWUxMDAwMDAwN3MAAgTh2JhbAwQAAAAA',
    'from' => 'oF_mkjnaHCXBvRXS1hW35dIX7uzI',
    'to' => 'gh_74fc964c4914',
    'time' => '1547601948',
    'type' => 'text',
    'scene' => 'TZHB15367436495504969--10179',
    'redirection' => true,
    'source' => 'qr',
  ),
)

2019-01-16 09:25:49 response :
------------

2019-01-16 09:25:53 trace :
------------
String:
<xml><ToUserName><![CDATA[gh_74fc964c4914]]></ToUserName>
<FromUserName><![CDATA[oF_mkjnaHCXBvRXS1hW35dIX7uzI]]></FromUserName>
<CreateTime>1547601953</CreateTime>
<MsgType><![CDATA[event]]></MsgType>
<Event><![CDATA[LOCATION]]></Event>
<Latitude>32.406895</Latitude>
<Longitude>120.556694</Longitude>
<Precision>320.000000</Precision>
</xml>

2019-01-16 09:25:53 params :
------------
String:
array (
  'message' => 
  array (
    'tousername' => 'gh_74fc964c4914',
    'fromusername' => 'oF_mkjnaHCXBvRXS1hW35dIX7uzI',
    'createtime' => '1547601953',
    'msgtype' => 'event',
    'event' => 'LOCATION',
    'latitude' => '32.406895',
    'longitude' => '120.556694',
    'precision' => '320.000000',
    'from' => 'oF_mkjnaHCXBvRXS1hW35dIX7uzI',
    'to' => 'gh_74fc964c4914',
    'time' => '1547601953',
    'type' => 'trace',
    'location_x' => '32.406895',
    'location_y' => '120.556694',
  ),
  'module' => 'default',
  'rule' => '-1',
)

2019-01-16 09:25:53 response :
------------
Array:
errno : -1 ;
message : Invaild value ;

2019-01-16 09:26:02 trace :
------------
String:
<xml><ToUserName><![CDATA[gh_74fc964c4914]]></ToUserName>
<FromUserName><![CDATA[oF_mkjnaHCXBvRXS1hW35dIX7uzI]]></FromUserName>
<CreateTime>1547601961</CreateTime>
<MsgType><![CDATA[event]]></MsgType>
<Event><![CDATA[LOCATION]]></Event>
<Latitude>32.406895</Latitude>
<Longitude>120.556694</Longitude>
<Precision>320.000000</Precision>
</xml>

2019-01-16 09:26:02 params :
------------
String:
array (
  'message' => 
  array (
    'tousername' => 'gh_74fc964c4914',
    'fromusername' => 'oF_mkjnaHCXBvRXS1hW35dIX7uzI',
    'createtime' => '1547601961',
    'msgtype' => 'event',
    'event' => 'LOCATION',
    'latitude' => '32.406895',
    'longitude' => '120.556694',
    'precision' => '320.000000',
    'from' => 'oF_mkjnaHCXBvRXS1hW35dIX7uzI',
    'to' => 'gh_74fc964c4914',
    'time' => '1547601961',
    'type' => 'trace',
    'location_x' => '32.406895',
    'location_y' => '120.556694',
  ),
  'module' => 'default',
  'rule' => '-1',
)

2019-01-16 09:26:02 response :
------------
Array:
errno : -1 ;
message : Invaild value ;

2019-01-16 09:49:35 trace :
------------
String:
<xml><ToUserName><![CDATA[gh_74fc964c4914]]></ToUserName>
<FromUserName><![CDATA[oF_mkjlKjjszO7GzXQqLCTjrIOrA]]></FromUserName>
<CreateTime>1547603373</CreateTime>
<MsgType><![CDATA[event]]></MsgType>
<Event><![CDATA[SCAN]]></Event>
<EventKey><![CDATA[TZHB15301485273166793--4947]]></EventKey>
<Ticket><![CDATA[gQHA8DwAAAAAAAAAAS5odHRwOi8vd2VpeGluLnFxLmNvbS9xLzAyUjZwWE14blZhQWUxMDAwMHcwN0YAAgSvNjRbAwQAAAAA]]></Ticket>
</xml>

2019-01-16 09:49:35 params :
------------
String:
array (
  'rule' => -2,
  'module' => '',
  'message' => 
  array (
    'tousername' => 'gh_74fc964c4914',
    'fromusername' => 'oF_mkjlKjjszO7GzXQqLCTjrIOrA',
    'createtime' => '1547603373',
    'msgtype' => 'event',
    'event' => 'SCAN',
    'eventkey' => 'TZHB15301485273166793--4947',
    'ticket' => 'gQHA8DwAAAAAAAAAAS5odHRwOi8vd2VpeGluLnFxLmNvbS9xLzAyUjZwWE14blZhQWUxMDAwMHcwN0YAAgSvNjRbAwQAAAAA',
    'from' => 'oF_mkjlKjjszO7GzXQqLCTjrIOrA',
    'to' => 'gh_74fc964c4914',
    'time' => '1547603373',
    'type' => 'text',
    'scene' => 'TZHB15301485273166793--4947',
    'redirection' => true,
    'source' => 'qr',
  ),
)

2019-01-16 09:49:35 response :
------------

2019-01-16 09:56:04 trace :
------------
String:
<xml><ToUserName><![CDATA[gh_74fc964c4914]]></ToUserName>
<FromUserName><![CDATA[oF_mkjtCO6ktSLCFoWrWTxlJd7vM]]></FromUserName>
<CreateTime>1547603763</CreateTime>
<MsgType><![CDATA[event]]></MsgType>
<Event><![CDATA[subscribe]]></Event>
<EventKey><![CDATA[]]></EventKey>
</xml>

2019-01-16 09:56:04 params :
------------
String:
array (
  'message' => 
  array (
    'tousername' => 'gh_74fc964c4914',
    'fromusername' => 'oF_mkjtCO6ktSLCFoWrWTxlJd7vM',
    'createtime' => '1547603763',
    'msgtype' => 'event',
    'event' => 'subscribe',
    'eventkey' => '',
    'from' => 'oF_mkjtCO6ktSLCFoWrWTxlJd7vM',
    'to' => 'gh_74fc964c4914',
    'time' => '1547603763',
    'type' => 'text',
    'redirection' => true,
    'source' => 'subscribe',
    'content' => '首次关注',
  ),
  'module' => 'reply',
  'rule' => '9',
  'priority' => '0',
  'keyword' => 
  array (
    'id' => '116',
    'rid' => '9',
    'uniacid' => '2',
    'module' => 'reply',
    'content' => '首次关注',
    'type' => '1',
    'displayorder' => '0',
    'status' => '1',
    'reply_type' => 
    array (
      0 => 'basic',
    ),
  ),
  'reply_type' => 
  array (
    0 => 'basic',
  ),
)

2019-01-16 09:56:04 response :
------------
Array:
FromUserName : gh_74fc964c4914 ;
ToUserName : oF_mkjtCO6ktSLCFoWrWTxlJd7vM ;
MsgType : text ;
Content : 您好，感谢您关注奔瑞汽车用品！360°汽车服务解决方案提供商。业务领域涵盖高端美容、二手翻新及快速钣喷等，欢迎与我们联系。
您也可以回复以下数字，查看相关信息。
【1】品牌介绍
【2】核心项目
【3】合作支持
【4】产品中心
【5】联系方式
您可以留言或拨打客服热线 4006669243 更多资讯，您可以访问奔瑞官网 www.benrui.cn
意见，建议反馈信息请直接回复，谢谢。 ;

2019-01-16 09:57:53 trace :
------------
String:
<xml><ToUserName><![CDATA[gh_74fc964c4914]]></ToUserName>
<FromUserName><![CDATA[oF_mkjtCO6ktSLCFoWrWTxlJd7vM]]></FromUserName>
<CreateTime>1547603873</CreateTime>
<MsgType><![CDATA[event]]></MsgType>
<Event><![CDATA[unsubscribe]]></Event>
<EventKey><![CDATA[]]></EventKey>
</xml>

2019-01-16 11:33:22 trace :
------------
String:
<xml><ToUserName><![CDATA[gh_74fc964c4914]]></ToUserName>
<FromUserName><![CDATA[oF_mkjnsxo7xEkn1GC58QDZRoaZo]]></FromUserName>
<CreateTime>1547609600</CreateTime>
<MsgType><![CDATA[event]]></MsgType>
<Event><![CDATA[subscribe]]></Event>
<EventKey><![CDATA[qrscene_TZHB15304978982813598--6801]]></EventKey>
<Ticket><![CDATA[gQFm8DwAAAAAAAAAAS5odHRwOi8vd2VpeGluLnFxLmNvbS9xLzAyZ29Gb05QblZhQWUxMDAwMHcwN3cAAgRqizlbAwQAAAAA]]></Ticket>
</xml>

2019-01-16 11:33:23 params :
------------
String:
array (
  'message' => 
  array (
    'tousername' => 'gh_74fc964c4914',
    'fromusername' => 'oF_mkjnsxo7xEkn1GC58QDZRoaZo',
    'createtime' => '1547609600',
    'msgtype' => 'event',
    'event' => 'subscribe',
    'eventkey' => 'qrscene_TZHB15304978982813598--6801',
    'ticket' => 'gQFm8DwAAAAAAAAAAS5odHRwOi8vd2VpeGluLnFxLmNvbS9xLzAyZ29Gb05QblZhQWUxMDAwMHcwN3cAAgRqizlbAwQAAAAA',
    'from' => 'oF_mkjnsxo7xEkn1GC58QDZRoaZo',
    'to' => 'gh_74fc964c4914',
    'time' => '1547609600',
    'type' => 'text',
    'scene' => 'TZHB15304978982813598--6801',
    'redirection' => true,
    'source' => 'subscribe',
    'content' => '首次关注',
  ),
  'module' => 'reply',
  'rule' => '9',
  'priority' => '0',
  'keyword' => 
  array (
    'id' => '116',
    'rid' => '9',
    'uniacid' => '2',
    'module' => 'reply',
    'content' => '首次关注',
    'type' => '1',
    'displayorder' => '0',
    'status' => '1',
    'reply_type' => 
    array (
      0 => 'basic',
    ),
  ),
  'reply_type' => 
  array (
    0 => 'basic',
  ),
)

2019-01-16 11:33:23 response :
------------
Array:
FromUserName : gh_74fc964c4914 ;
ToUserName : oF_mkjnsxo7xEkn1GC58QDZRoaZo ;
MsgType : text ;
Content : 您好，感谢您关注奔瑞汽车用品！360°汽车服务解决方案提供商。业务领域涵盖高端美容、二手翻新及快速钣喷等，欢迎与我们联系。
您也可以回复以下数字，查看相关信息。
【1】品牌介绍
【2】核心项目
【3】合作支持
【4】产品中心
【5】联系方式
您可以留言或拨打客服热线 4006669243 更多资讯，您可以访问奔瑞官网 www.benrui.cn
意见，建议反馈信息请直接回复，谢谢。 ;

2019-01-16 11:51:48 trace :
------------
String:
<xml><ToUserName><![CDATA[gh_74fc964c4914]]></ToUserName>
<FromUserName><![CDATA[oF_mkjhZMKkUAlMXOqyY98iPBJNg]]></FromUserName>
<CreateTime>1547610707</CreateTime>
<MsgType><![CDATA[event]]></MsgType>
<Event><![CDATA[unsubscribe]]></Event>
<EventKey><![CDATA[]]></EventKey>
</xml>

2019-01-16 12:53:57 trace :
------------
String:
<xml><ToUserName><![CDATA[gh_74fc964c4914]]></ToUserName>
<FromUserName><![CDATA[oF_mkjlYSQO2Ed_05f-nwT2w8VT0]]></FromUserName>
<CreateTime>1547614435</CreateTime>
<MsgType><![CDATA[event]]></MsgType>
<Event><![CDATA[SCAN]]></Event>
<EventKey><![CDATA[TZHB15304976263839015--6015]]></EventKey>
<Ticket><![CDATA[gQE78TwAAAAAAAAAAS5odHRwOi8vd2VpeGluLnFxLmNvbS9xLzAyMy1Tbk1GblZhQWUxMDAwMDAwN28AAgRaijlbAwQAAAAA]]></Ticket>
</xml>

2019-01-16 12:53:57 params :
------------
String:
array (
  'rule' => -2,
  'module' => '',
  'message' => 
  array (
    'tousername' => 'gh_74fc964c4914',
    'fromusername' => 'oF_mkjlYSQO2Ed_05f-nwT2w8VT0',
    'createtime' => '1547614435',
    'msgtype' => 'event',
    'event' => 'SCAN',
    'eventkey' => 'TZHB15304976263839015--6015',
    'ticket' => 'gQE78TwAAAAAAAAAAS5odHRwOi8vd2VpeGluLnFxLmNvbS9xLzAyMy1Tbk1GblZhQWUxMDAwMDAwN28AAgRaijlbAwQAAAAA',
    'from' => 'oF_mkjlYSQO2Ed_05f-nwT2w8VT0',
    'to' => 'gh_74fc964c4914',
    'time' => '1547614435',
    'type' => 'text',
    'scene' => 'TZHB15304976263839015--6015',
    'redirection' => true,
    'source' => 'qr',
  ),
)

2019-01-16 12:53:57 response :
------------

2019-01-16 13:36:33 trace :
------------
String:
<xml><ToUserName><![CDATA[gh_74fc964c4914]]></ToUserName>
<FromUserName><![CDATA[oF_mkjhulF8ACAsr89RrUHmegK0Q]]></FromUserName>
<CreateTime>1547616991</CreateTime>
<MsgType><![CDATA[event]]></MsgType>
<Event><![CDATA[SCAN]]></Event>
<EventKey><![CDATA[TZHB15264358151916605--180]]></EventKey>
<Ticket><![CDATA[gQF48TwAAAAAAAAAAS5odHRwOi8vd2VpeGluLnFxLmNvbS9xLzAyUVNpWE5zblZhQWUxMDAwME0wN1AAAgTnj-taAwQAAAAA]]></Ticket>
</xml>

2019-01-16 13:36:33 params :
------------
String:
array (
  'rule' => -2,
  'module' => '',
  'message' => 
  array (
    'tousername' => 'gh_74fc964c4914',
    'fromusername' => 'oF_mkjhulF8ACAsr89RrUHmegK0Q',
    'createtime' => '1547616991',
    'msgtype' => 'event',
    'event' => 'SCAN',
    'eventkey' => 'TZHB15264358151916605--180',
    'ticket' => 'gQF48TwAAAAAAAAAAS5odHRwOi8vd2VpeGluLnFxLmNvbS9xLzAyUVNpWE5zblZhQWUxMDAwME0wN1AAAgTnj-taAwQAAAAA',
    'from' => 'oF_mkjhulF8ACAsr89RrUHmegK0Q',
    'to' => 'gh_74fc964c4914',
    'time' => '1547616991',
    'type' => 'text',
    'scene' => 'TZHB15264358151916605--180',
    'redirection' => true,
    'source' => 'qr',
  ),
)

2019-01-16 13:36:33 response :
------------

2019-01-16 13:50:37 trace :
------------
String:
<xml><ToUserName><![CDATA[gh_74fc964c4914]]></ToUserName>
<FromUserName><![CDATA[oF_mkjmbqXzOlMVbZGZw4qKPyb6s]]></FromUserName>
<CreateTime>1547617835</CreateTime>
<MsgType><![CDATA[event]]></MsgType>
<Event><![CDATA[SCAN]]></Event>
<EventKey><![CDATA[TZHB15367433274435975--9949]]></EventKey>
<Ticket><![CDATA[gQEa8jwAAAAAAAAAAS5odHRwOi8vd2VpeGluLnFxLmNvbS9xLzAyQU5PcU5mblZhQWUxMDAwME0wNzMAAgSf15hbAwQAAAAA]]></Ticket>
</xml>

2019-01-16 13:50:37 params :
------------
String:
array (
  'rule' => -2,
  'module' => '',
  'message' => 
  array (
    'tousername' => 'gh_74fc964c4914',
    'fromusername' => 'oF_mkjmbqXzOlMVbZGZw4qKPyb6s',
    'createtime' => '1547617835',
    'msgtype' => 'event',
    'event' => 'SCAN',
    'eventkey' => 'TZHB15367433274435975--9949',
    'ticket' => 'gQEa8jwAAAAAAAAAAS5odHRwOi8vd2VpeGluLnFxLmNvbS9xLzAyQU5PcU5mblZhQWUxMDAwME0wNzMAAgSf15hbAwQAAAAA',
    'from' => 'oF_mkjmbqXzOlMVbZGZw4qKPyb6s',
    'to' => 'gh_74fc964c4914',
    'time' => '1547617835',
    'type' => 'text',
    'scene' => 'TZHB15367433274435975--9949',
    'redirection' => true,
    'source' => 'qr',
  ),
)

2019-01-16 13:50:37 response :
------------

2019-01-16 13:50:51 trace :
------------
String:
<xml><ToUserName><![CDATA[gh_74fc964c4914]]></ToUserName>
<FromUserName><![CDATA[oF_mkjmbqXzOlMVbZGZw4qKPyb6s]]></FromUserName>
<CreateTime>1547617849</CreateTime>
<MsgType><![CDATA[event]]></MsgType>
<Event><![CDATA[SCAN]]></Event>
<EventKey><![CDATA[TZHB15367433272212663--9948]]></EventKey>
<Ticket><![CDATA[gQEh8jwAAAAAAAAAAS5odHRwOi8vd2VpeGluLnFxLmNvbS9xLzAyRzAyT05lblZhQWUxMDAwMGcwN2oAAgSf15hbAwQAAAAA]]></Ticket>
</xml>

2019-01-16 13:50:51 params :
------------
String:
array (
  'rule' => -2,
  'module' => '',
  'message' => 
  array (
    'tousername' => 'gh_74fc964c4914',
    'fromusername' => 'oF_mkjmbqXzOlMVbZGZw4qKPyb6s',
    'createtime' => '1547617849',
    'msgtype' => 'event',
    'event' => 'SCAN',
    'eventkey' => 'TZHB15367433272212663--9948',
    'ticket' => 'gQEh8jwAAAAAAAAAAS5odHRwOi8vd2VpeGluLnFxLmNvbS9xLzAyRzAyT05lblZhQWUxMDAwMGcwN2oAAgSf15hbAwQAAAAA',
    'from' => 'oF_mkjmbqXzOlMVbZGZw4qKPyb6s',
    'to' => 'gh_74fc964c4914',
    'time' => '1547617849',
    'type' => 'text',
    'scene' => 'TZHB15367433272212663--9948',
    'redirection' => true,
    'source' => 'qr',
  ),
)

2019-01-16 13:50:51 response :
------------

2019-01-16 14:03:59 trace :
------------
String:
<xml><ToUserName><![CDATA[gh_74fc964c4914]]></ToUserName>
<FromUserName><![CDATA[oF_mkjrZMjus_aOq0U6TwbqhDc_I]]></FromUserName>
<CreateTime>1547618639</CreateTime>
<MsgType><![CDATA[event]]></MsgType>
<Event><![CDATA[SCAN]]></Event>
<EventKey><![CDATA[TZHB15367440965535628--11115]]></EventKey>
<Ticket><![CDATA[gQHu8TwAAAAAAAAAAS5odHRwOi8vd2VpeGluLnFxLmNvbS9xLzAyTnJXR05YblZhQWUxMDAwME0wN1oAAgSg2phbAwQAAAAA]]></Ticket>
</xml>

2019-01-16 14:03:59 params :
------------
String:
array (
  'rule' => -2,
  'module' => '',
  'message' => 
  array (
    'tousername' => 'gh_74fc964c4914',
    'fromusername' => 'oF_mkjrZMjus_aOq0U6TwbqhDc_I',
    'createtime' => '1547618639',
    'msgtype' => 'event',
    'event' => 'SCAN',
    'eventkey' => 'TZHB15367440965535628--11115',
    'ticket' => 'gQHu8TwAAAAAAAAAAS5odHRwOi8vd2VpeGluLnFxLmNvbS9xLzAyTnJXR05YblZhQWUxMDAwME0wN1oAAgSg2phbAwQAAAAA',
    'from' => 'oF_mkjrZMjus_aOq0U6TwbqhDc_I',
    'to' => 'gh_74fc964c4914',
    'time' => '1547618639',
    'type' => 'text',
    'scene' => 'TZHB15367440965535628--11115',
    'redirection' => true,
    'source' => 'qr',
  ),
)

2019-01-16 14:03:59 response :
------------

2019-01-16 14:30:09 trace :
------------
String:
<xml><ToUserName><![CDATA[gh_74fc964c4914]]></ToUserName>
<FromUserName><![CDATA[oF_mkjrb9PAFqPCmeUuFmsBiyZao]]></FromUserName>
<CreateTime>1547620208</CreateTime>
<MsgType><![CDATA[event]]></MsgType>
<Event><![CDATA[SCAN]]></Event>
<EventKey><![CDATA[TZHB15367433220184261--9925]]></EventKey>
<Ticket><![CDATA[gQE48jwAAAAAAAAAAS5odHRwOi8vd2VpeGluLnFxLmNvbS9xLzAyQ0w0cE5QblZhQWUxMDAwMGcwNzIAAgSa15hbAwQAAAAA]]></Ticket>
</xml>

2019-01-16 14:30:09 params :
------------
String:
array (
  'rule' => -2,
  'module' => '',
  'message' => 
  array (
    'tousername' => 'gh_74fc964c4914',
    'fromusername' => 'oF_mkjrb9PAFqPCmeUuFmsBiyZao',
    'createtime' => '1547620208',
    'msgtype' => 'event',
    'event' => 'SCAN',
    'eventkey' => 'TZHB15367433220184261--9925',
    'ticket' => 'gQE48jwAAAAAAAAAAS5odHRwOi8vd2VpeGluLnFxLmNvbS9xLzAyQ0w0cE5QblZhQWUxMDAwMGcwNzIAAgSa15hbAwQAAAAA',
    'from' => 'oF_mkjrb9PAFqPCmeUuFmsBiyZao',
    'to' => 'gh_74fc964c4914',
    'time' => '1547620208',
    'type' => 'text',
    'scene' => 'TZHB15367433220184261--9925',
    'redirection' => true,
    'source' => 'qr',
  ),
)

2019-01-16 14:30:09 response :
------------

2019-01-16 14:30:11 trace :
------------
String:
<xml><ToUserName><![CDATA[gh_74fc964c4914]]></ToUserName>
<FromUserName><![CDATA[oF_mkjrb9PAFqPCmeUuFmsBiyZao]]></FromUserName>
<CreateTime>1547620210</CreateTime>
<MsgType><![CDATA[event]]></MsgType>
<Event><![CDATA[LOCATION]]></Event>
<Latitude>22.566696</Latitude>
<Longitude>113.848312</Longitude>
<Precision>30.000000</Precision>
</xml>

2019-01-16 14:30:11 params :
------------
String:
array (
  'message' => 
  array (
    'tousername' => 'gh_74fc964c4914',
    'fromusername' => 'oF_mkjrb9PAFqPCmeUuFmsBiyZao',
    'createtime' => '1547620210',
    'msgtype' => 'event',
    'event' => 'LOCATION',
    'latitude' => '22.566696',
    'longitude' => '113.848312',
    'precision' => '30.000000',
    'from' => 'oF_mkjrb9PAFqPCmeUuFmsBiyZao',
    'to' => 'gh_74fc964c4914',
    'time' => '1547620210',
    'type' => 'trace',
    'location_x' => '22.566696',
    'location_y' => '113.848312',
  ),
  'module' => 'default',
  'rule' => '-1',
)

2019-01-16 14:30:11 response :
------------
Array:
errno : -1 ;
message : Invaild value ;

2019-01-16 14:30:22 trace :
------------
String:
<xml><ToUserName><![CDATA[gh_74fc964c4914]]></ToUserName>
<FromUserName><![CDATA[oF_mkjrb9PAFqPCmeUuFmsBiyZao]]></FromUserName>
<CreateTime>1547620222</CreateTime>
<MsgType><![CDATA[event]]></MsgType>
<Event><![CDATA[LOCATION]]></Event>
<Latitude>22.566696</Latitude>
<Longitude>113.848312</Longitude>
<Precision>30.000000</Precision>
</xml>

2019-01-16 14:30:23 params :
------------
String:
array (
  'message' => 
  array (
    'tousername' => 'gh_74fc964c4914',
    'fromusername' => 'oF_mkjrb9PAFqPCmeUuFmsBiyZao',
    'createtime' => '1547620222',
    'msgtype' => 'event',
    'event' => 'LOCATION',
    'latitude' => '22.566696',
    'longitude' => '113.848312',
    'precision' => '30.000000',
    'from' => 'oF_mkjrb9PAFqPCmeUuFmsBiyZao',
    'to' => 'gh_74fc964c4914',
    'time' => '1547620222',
    'type' => 'trace',
    'location_x' => '22.566696',
    'location_y' => '113.848312',
  ),
  'module' => 'default',
  'rule' => '-1',
)

2019-01-16 14:30:23 response :
------------
Array:
errno : -1 ;
message : Invaild value ;

2019-01-16 14:30:39 trace :
------------
String:
<xml><ToUserName><![CDATA[gh_74fc964c4914]]></ToUserName>
<FromUserName><![CDATA[oF_mkjrb9PAFqPCmeUuFmsBiyZao]]></FromUserName>
<CreateTime>1547620239</CreateTime>
<MsgType><![CDATA[event]]></MsgType>
<Event><![CDATA[SCAN]]></Event>
<EventKey><![CDATA[TZHB15367433274435975--9949]]></EventKey>
<Ticket><![CDATA[gQEa8jwAAAAAAAAAAS5odHRwOi8vd2VpeGluLnFxLmNvbS9xLzAyQU5PcU5mblZhQWUxMDAwME0wNzMAAgSf15hbAwQAAAAA]]></Ticket>
</xml>

2019-01-16 14:30:39 params :
------------
String:
array (
  'rule' => -2,
  'module' => '',
  'message' => 
  array (
    'tousername' => 'gh_74fc964c4914',
    'fromusername' => 'oF_mkjrb9PAFqPCmeUuFmsBiyZao',
    'createtime' => '1547620239',
    'msgtype' => 'event',
    'event' => 'SCAN',
    'eventkey' => 'TZHB15367433274435975--9949',
    'ticket' => 'gQEa8jwAAAAAAAAAAS5odHRwOi8vd2VpeGluLnFxLmNvbS9xLzAyQU5PcU5mblZhQWUxMDAwME0wNzMAAgSf15hbAwQAAAAA',
    'from' => 'oF_mkjrb9PAFqPCmeUuFmsBiyZao',
    'to' => 'gh_74fc964c4914',
    'time' => '1547620239',
    'type' => 'text',
    'scene' => 'TZHB15367433274435975--9949',
    'redirection' => true,
    'source' => 'qr',
  ),
)

2019-01-16 14:30:39 response :
------------

2019-01-16 14:30:40 trace :
------------
String:
<xml><ToUserName><![CDATA[gh_74fc964c4914]]></ToUserName>
<FromUserName><![CDATA[oF_mkjrb9PAFqPCmeUuFmsBiyZao]]></FromUserName>
<CreateTime>1547620240</CreateTime>
<MsgType><![CDATA[event]]></MsgType>
<Event><![CDATA[LOCATION]]></Event>
<Latitude>22.566696</Latitude>
<Longitude>113.848312</Longitude>
<Precision>30.000000</Precision>
</xml>

2019-01-16 14:30:40 params :
------------
String:
array (
  'message' => 
  array (
    'tousername' => 'gh_74fc964c4914',
    'fromusername' => 'oF_mkjrb9PAFqPCmeUuFmsBiyZao',
    'createtime' => '1547620240',
    'msgtype' => 'event',
    'event' => 'LOCATION',
    'latitude' => '22.566696',
    'longitude' => '113.848312',
    'precision' => '30.000000',
    'from' => 'oF_mkjrb9PAFqPCmeUuFmsBiyZao',
    'to' => 'gh_74fc964c4914',
    'time' => '1547620240',
    'type' => 'trace',
    'location_x' => '22.566696',
    'location_y' => '113.848312',
  ),
  'module' => 'default',
  'rule' => '-1',
)

2019-01-16 14:30:40 response :
------------
Array:
errno : -1 ;
message : Invaild value ;

2019-01-16 14:30:56 trace :
------------
String:
<xml><ToUserName><![CDATA[gh_74fc964c4914]]></ToUserName>
<FromUserName><![CDATA[oF_mkjrb9PAFqPCmeUuFmsBiyZao]]></FromUserName>
<CreateTime>1547620256</CreateTime>
<MsgType><![CDATA[event]]></MsgType>
<Event><![CDATA[SCAN]]></Event>
<EventKey><![CDATA[TZHB15367433272212663--9948]]></EventKey>
<Ticket><![CDATA[gQEh8jwAAAAAAAAAAS5odHRwOi8vd2VpeGluLnFxLmNvbS9xLzAyRzAyT05lblZhQWUxMDAwMGcwN2oAAgSf15hbAwQAAAAA]]></Ticket>
</xml>

2019-01-16 14:30:56 params :
------------
String:
array (
  'rule' => -2,
  'module' => '',
  'message' => 
  array (
    'tousername' => 'gh_74fc964c4914',
    'fromusername' => 'oF_mkjrb9PAFqPCmeUuFmsBiyZao',
    'createtime' => '1547620256',
    'msgtype' => 'event',
    'event' => 'SCAN',
    'eventkey' => 'TZHB15367433272212663--9948',
    'ticket' => 'gQEh8jwAAAAAAAAAAS5odHRwOi8vd2VpeGluLnFxLmNvbS9xLzAyRzAyT05lblZhQWUxMDAwMGcwN2oAAgSf15hbAwQAAAAA',
    'from' => 'oF_mkjrb9PAFqPCmeUuFmsBiyZao',
    'to' => 'gh_74fc964c4914',
    'time' => '1547620256',
    'type' => 'text',
    'scene' => 'TZHB15367433272212663--9948',
    'redirection' => true,
    'source' => 'qr',
  ),
)

2019-01-16 14:30:56 response :
------------

2019-01-16 14:30:57 trace :
------------
String:
<xml><ToUserName><![CDATA[gh_74fc964c4914]]></ToUserName>
<FromUserName><![CDATA[oF_mkjrb9PAFqPCmeUuFmsBiyZao]]></FromUserName>
<CreateTime>1547620257</CreateTime>
<MsgType><![CDATA[event]]></MsgType>
<Event><![CDATA[LOCATION]]></Event>
<Latitude>22.566696</Latitude>
<Longitude>113.848312</Longitude>
<Precision>30.000000</Precision>
</xml>

2019-01-16 14:30:57 params :
------------
String:
array (
  'message' => 
  array (
    'tousername' => 'gh_74fc964c4914',
    'fromusername' => 'oF_mkjrb9PAFqPCmeUuFmsBiyZao',
    'createtime' => '1547620257',
    'msgtype' => 'event',
    'event' => 'LOCATION',
    'latitude' => '22.566696',
    'longitude' => '113.848312',
    'precision' => '30.000000',
    'from' => 'oF_mkjrb9PAFqPCmeUuFmsBiyZao',
    'to' => 'gh_74fc964c4914',
    'time' => '1547620257',
    'type' => 'trace',
    'location_x' => '22.566696',
    'location_y' => '113.848312',
  ),
  'module' => 'default',
  'rule' => '-1',
)

2019-01-16 14:30:57 response :
------------
Array:
errno : -1 ;
message : Invaild value ;

2019-01-16 14:31:26 trace :
------------
String:
<xml><ToUserName><![CDATA[gh_74fc964c4914]]></ToUserName>
<FromUserName><![CDATA[oF_mkjrb9PAFqPCmeUuFmsBiyZao]]></FromUserName>
<CreateTime>1547620286</CreateTime>
<MsgType><![CDATA[event]]></MsgType>
<Event><![CDATA[LOCATION]]></Event>
<Latitude>22.566696</Latitude>
<Longitude>113.848312</Longitude>
<Precision>30.000000</Precision>
</xml>

2019-01-16 14:31:26 params :
------------
String:
array (
  'message' => 
  array (
    'tousername' => 'gh_74fc964c4914',
    'fromusername' => 'oF_mkjrb9PAFqPCmeUuFmsBiyZao',
    'createtime' => '1547620286',
    'msgtype' => 'event',
    'event' => 'LOCATION',
    'latitude' => '22.566696',
    'longitude' => '113.848312',
    'precision' => '30.000000',
    'from' => 'oF_mkjrb9PAFqPCmeUuFmsBiyZao',
    'to' => 'gh_74fc964c4914',
    'time' => '1547620286',
    'type' => 'trace',
    'location_x' => '22.566696',
    'location_y' => '113.848312',
  ),
  'module' => 'default',
  'rule' => '-1',
)

2019-01-16 14:31:26 response :
------------
Array:
errno : -1 ;
message : Invaild value ;

2019-01-16 16:00:43 trace :
------------
String:
<xml><ToUserName><![CDATA[gh_74fc964c4914]]></ToUserName>
<FromUserName><![CDATA[oF_mkjuBryomdRwMLV1bLJwKZD5I]]></FromUserName>
<CreateTime>1547625642</CreateTime>
<MsgType><![CDATA[event]]></MsgType>
<Event><![CDATA[SCAN]]></Event>
<EventKey><![CDATA[TZHB15444181729959795--12450]]></EventKey>
<Ticket><![CDATA[gQHa8DwAAAAAAAAAAS5odHRwOi8vd2VpeGluLnFxLmNvbS9xLzAyYUZkM000blZhQWUxMDAwME0wN0cAAgR98w1cAwQAAAAA]]></Ticket>
</xml>

2019-01-16 16:00:44 params :
------------
String:
array (
  'rule' => -2,
  'module' => '',
  'message' => 
  array (
    'tousername' => 'gh_74fc964c4914',
    'fromusername' => 'oF_mkjuBryomdRwMLV1bLJwKZD5I',
    'createtime' => '1547625642',
    'msgtype' => 'event',
    'event' => 'SCAN',
    'eventkey' => 'TZHB15444181729959795--12450',
    'ticket' => 'gQHa8DwAAAAAAAAAAS5odHRwOi8vd2VpeGluLnFxLmNvbS9xLzAyYUZkM000blZhQWUxMDAwME0wN0cAAgR98w1cAwQAAAAA',
    'from' => 'oF_mkjuBryomdRwMLV1bLJwKZD5I',
    'to' => 'gh_74fc964c4914',
    'time' => '1547625642',
    'type' => 'text',
    'scene' => 'TZHB15444181729959795--12450',
    'redirection' => true,
    'source' => 'qr',
  ),
)

2019-01-16 16:00:44 response :
------------

2019-01-16 16:59:22 trace :
------------
String:
<xml><ToUserName><![CDATA[gh_74fc964c4914]]></ToUserName>
<FromUserName><![CDATA[oF_mkjrb9PAFqPCmeUuFmsBiyZao]]></FromUserName>
<CreateTime>1547629160</CreateTime>
<MsgType><![CDATA[event]]></MsgType>
<Event><![CDATA[SCAN]]></Event>
<EventKey><![CDATA[TZHB15367433321738358--9969]]></EventKey>
<Ticket><![CDATA[gQGN8TwAAAAAAAAAAS5odHRwOi8vd2VpeGluLnFxLmNvbS9xLzAyRm9mdk1QblZhQWUxMDAwMGcwN3YAAgSk15hbAwQAAAAA]]></Ticket>
</xml>

2019-01-16 16:59:22 params :
------------
String:
array (
  'rule' => -2,
  'module' => '',
  'message' => 
  array (
    'tousername' => 'gh_74fc964c4914',
    'fromusername' => 'oF_mkjrb9PAFqPCmeUuFmsBiyZao',
    'createtime' => '1547629160',
    'msgtype' => 'event',
    'event' => 'SCAN',
    'eventkey' => 'TZHB15367433321738358--9969',
    'ticket' => 'gQGN8TwAAAAAAAAAAS5odHRwOi8vd2VpeGluLnFxLmNvbS9xLzAyRm9mdk1QblZhQWUxMDAwMGcwN3YAAgSk15hbAwQAAAAA',
    'from' => 'oF_mkjrb9PAFqPCmeUuFmsBiyZao',
    'to' => 'gh_74fc964c4914',
    'time' => '1547629160',
    'type' => 'text',
    'scene' => 'TZHB15367433321738358--9969',
    'redirection' => true,
    'source' => 'qr',
  ),
)

2019-01-16 16:59:22 response :
------------

2019-01-16 16:59:23 trace :
------------
String:
<xml><ToUserName><![CDATA[gh_74fc964c4914]]></ToUserName>
<FromUserName><![CDATA[oF_mkjrb9PAFqPCmeUuFmsBiyZao]]></FromUserName>
<CreateTime>1547629162</CreateTime>
<MsgType><![CDATA[event]]></MsgType>
<Event><![CDATA[LOCATION]]></Event>
<Latitude>22.566790</Latitude>
<Longitude>113.848106</Longitude>
<Precision>30.000000</Precision>
</xml>

2019-01-16 16:59:23 params :
------------
String:
array (
  'message' => 
  array (
    'tousername' => 'gh_74fc964c4914',
    'fromusername' => 'oF_mkjrb9PAFqPCmeUuFmsBiyZao',
    'createtime' => '1547629162',
    'msgtype' => 'event',
    'event' => 'LOCATION',
    'latitude' => '22.566790',
    'longitude' => '113.848106',
    'precision' => '30.000000',
    'from' => 'oF_mkjrb9PAFqPCmeUuFmsBiyZao',
    'to' => 'gh_74fc964c4914',
    'time' => '1547629162',
    'type' => 'trace',
    'location_x' => '22.566790',
    'location_y' => '113.848106',
  ),
  'module' => 'default',
  'rule' => '-1',
)

2019-01-16 16:59:23 response :
------------
Array:
errno : -1 ;
message : Invaild value ;

2019-01-16 16:59:30 trace :
------------
String:
<xml><ToUserName><![CDATA[gh_74fc964c4914]]></ToUserName>
<FromUserName><![CDATA[oF_mkjrb9PAFqPCmeUuFmsBiyZao]]></FromUserName>
<CreateTime>1547629170</CreateTime>
<MsgType><![CDATA[event]]></MsgType>
<Event><![CDATA[LOCATION]]></Event>
<Latitude>22.566790</Latitude>
<Longitude>113.848106</Longitude>
<Precision>30.000000</Precision>
</xml>

2019-01-16 16:59:30 params :
------------
String:
array (
  'message' => 
  array (
    'tousername' => 'gh_74fc964c4914',
    'fromusername' => 'oF_mkjrb9PAFqPCmeUuFmsBiyZao',
    'createtime' => '1547629170',
    'msgtype' => 'event',
    'event' => 'LOCATION',
    'latitude' => '22.566790',
    'longitude' => '113.848106',
    'precision' => '30.000000',
    'from' => 'oF_mkjrb9PAFqPCmeUuFmsBiyZao',
    'to' => 'gh_74fc964c4914',
    'time' => '1547629170',
    'type' => 'trace',
    'location_x' => '22.566790',
    'location_y' => '113.848106',
  ),
  'module' => 'default',
  'rule' => '-1',
)

2019-01-16 16:59:30 response :
------------
Array:
errno : -1 ;
message : Invaild value ;

2019-01-16 17:21:53 trace :
------------
String:
<xml><ToUserName><![CDATA[gh_74fc964c4914]]></ToUserName>
<FromUserName><![CDATA[oF_mkjv3FhtroZcQJUUJpVFf_aQs]]></FromUserName>
<CreateTime>1547630512</CreateTime>
<MsgType><![CDATA[event]]></MsgType>
<Event><![CDATA[SCAN]]></Event>
<EventKey><![CDATA[TZHB15367439410849495--10918]]></EventKey>
<Ticket><![CDATA[gQFb8TwAAAAAAAAAAS5odHRwOi8vd2VpeGluLnFxLmNvbS9xLzAydU5mV01yblZhQWUxMDAwMDAwN2oAAgQF2phbAwQAAAAA]]></Ticket>
</xml>

2019-01-16 17:21:53 params :
------------
String:
array (
  'rule' => -2,
  'module' => '',
  'message' => 
  array (
    'tousername' => 'gh_74fc964c4914',
    'fromusername' => 'oF_mkjv3FhtroZcQJUUJpVFf_aQs',
    'createtime' => '1547630512',
    'msgtype' => 'event',
    'event' => 'SCAN',
    'eventkey' => 'TZHB15367439410849495--10918',
    'ticket' => 'gQFb8TwAAAAAAAAAAS5odHRwOi8vd2VpeGluLnFxLmNvbS9xLzAydU5mV01yblZhQWUxMDAwMDAwN2oAAgQF2phbAwQAAAAA',
    'from' => 'oF_mkjv3FhtroZcQJUUJpVFf_aQs',
    'to' => 'gh_74fc964c4914',
    'time' => '1547630512',
    'type' => 'text',
    'scene' => 'TZHB15367439410849495--10918',
    'redirection' => true,
    'source' => 'qr',
  ),
)

2019-01-16 17:21:53 response :
------------

2019-01-16 17:34:01 trace :
------------
String:
<xml><ToUserName><![CDATA[gh_74fc964c4914]]></ToUserName>
<FromUserName><![CDATA[oF_mkjuBryomdRwMLV1bLJwKZD5I]]></FromUserName>
<CreateTime>1547631239</CreateTime>
<MsgType><![CDATA[event]]></MsgType>
<Event><![CDATA[SCAN]]></Event>
<EventKey><![CDATA[TZHB15444180620608951--11712]]></EventKey>
<Ticket><![CDATA[gQG58DwAAAAAAAAAAS5odHRwOi8vd2VpeGluLnFxLmNvbS9xLzAyenVRbU5GblZhQWUxMDAwME0wN1UAAgQO8w1cAwQAAAAA]]></Ticket>
</xml>

2019-01-16 17:34:01 params :
------------
String:
array (
  'rule' => -2,
  'module' => '',
  'message' => 
  array (
    'tousername' => 'gh_74fc964c4914',
    'fromusername' => 'oF_mkjuBryomdRwMLV1bLJwKZD5I',
    'createtime' => '1547631239',
    'msgtype' => 'event',
    'event' => 'SCAN',
    'eventkey' => 'TZHB15444180620608951--11712',
    'ticket' => 'gQG58DwAAAAAAAAAAS5odHRwOi8vd2VpeGluLnFxLmNvbS9xLzAyenVRbU5GblZhQWUxMDAwME0wN1UAAgQO8w1cAwQAAAAA',
    'from' => 'oF_mkjuBryomdRwMLV1bLJwKZD5I',
    'to' => 'gh_74fc964c4914',
    'time' => '1547631239',
    'type' => 'text',
    'scene' => 'TZHB15444180620608951--11712',
    'redirection' => true,
    'source' => 'qr',
  ),
)

2019-01-16 17:34:01 response :
------------

2019-01-16 17:36:50 trace :
------------
String:
<xml><ToUserName><![CDATA[gh_74fc964c4914]]></ToUserName>
<FromUserName><![CDATA[oF_mkjroTW_1etU7oiRpjTWKmuX8]]></FromUserName>
<CreateTime>1547631410</CreateTime>
<MsgType><![CDATA[event]]></MsgType>
<Event><![CDATA[unsubscribe]]></Event>
<EventKey><![CDATA[]]></EventKey>
</xml>

2019-01-16 17:47:49 trace :
------------
String:
<xml><ToUserName><![CDATA[gh_74fc964c4914]]></ToUserName>
<FromUserName><![CDATA[oF_mkjlzxAthF4xablNXLn0EFVXw]]></FromUserName>
<CreateTime>1547632067</CreateTime>
<MsgType><![CDATA[event]]></MsgType>
<Event><![CDATA[SCAN]]></Event>
<EventKey><![CDATA[TZHB15367439406464601--10916]]></EventKey>
<Ticket><![CDATA[gQHJ8TwAAAAAAAAAAS5odHRwOi8vd2VpeGluLnFxLmNvbS9xLzAyQTJ5a00tblZhQWUxMDAwMGcwNzQAAgQE2phbAwQAAAAA]]></Ticket>
</xml>

2019-01-16 17:47:49 params :
------------
String:
array (
  'rule' => -2,
  'module' => '',
  'message' => 
  array (
    'tousername' => 'gh_74fc964c4914',
    'fromusername' => 'oF_mkjlzxAthF4xablNXLn0EFVXw',
    'createtime' => '1547632067',
    'msgtype' => 'event',
    'event' => 'SCAN',
    'eventkey' => 'TZHB15367439406464601--10916',
    'ticket' => 'gQHJ8TwAAAAAAAAAAS5odHRwOi8vd2VpeGluLnFxLmNvbS9xLzAyQTJ5a00tblZhQWUxMDAwMGcwNzQAAgQE2phbAwQAAAAA',
    'from' => 'oF_mkjlzxAthF4xablNXLn0EFVXw',
    'to' => 'gh_74fc964c4914',
    'time' => '1547632067',
    'type' => 'text',
    'scene' => 'TZHB15367439406464601--10916',
    'redirection' => true,
    'source' => 'qr',
  ),
)

2019-01-16 17:47:49 response :
------------

2019-01-16 18:12:03 trace :
------------
String:
<xml><ToUserName><![CDATA[gh_74fc964c4914]]></ToUserName>
<FromUserName><![CDATA[oF_mkjjkOPkDv4_0TBaYgtCrAIlE]]></FromUserName>
<CreateTime>1547633522</CreateTime>
<MsgType><![CDATA[event]]></MsgType>
<Event><![CDATA[LOCATION]]></Event>
<Latitude>29.281483</Latitude>
<Longitude>120.235664</Longitude>
<Precision>30.000000</Precision>
</xml>

2019-01-16 18:12:03 params :
------------
String:
array (
  'message' => 
  array (
    'tousername' => 'gh_74fc964c4914',
    'fromusername' => 'oF_mkjjkOPkDv4_0TBaYgtCrAIlE',
    'createtime' => '1547633522',
    'msgtype' => 'event',
    'event' => 'LOCATION',
    'latitude' => '29.281483',
    'longitude' => '120.235664',
    'precision' => '30.000000',
    'from' => 'oF_mkjjkOPkDv4_0TBaYgtCrAIlE',
    'to' => 'gh_74fc964c4914',
    'time' => '1547633522',
    'type' => 'trace',
    'location_x' => '29.281483',
    'location_y' => '120.235664',
  ),
  'module' => 'default',
  'rule' => '-1',
)

2019-01-16 18:12:03 response :
------------
Array:
errno : -1 ;
message : Invaild value ;

2019-01-16 18:12:03 trace :
------------
String:
<xml><ToUserName><![CDATA[gh_74fc964c4914]]></ToUserName>
<FromUserName><![CDATA[oF_mkjjkOPkDv4_0TBaYgtCrAIlE]]></FromUserName>
<CreateTime>1547633521</CreateTime>
<MsgType><![CDATA[event]]></MsgType>
<Event><![CDATA[SCAN]]></Event>
<EventKey><![CDATA[TZHB15304979119639182--6925]]></EventKey>
<Ticket><![CDATA[gQGo8DwAAAAAAAAAAS5odHRwOi8vd2VpeGluLnFxLmNvbS9xLzAycU5hTk1wblZhQWUxMDAwMDAwN2wAAgR4izlbAwQAAAAA]]></Ticket>
</xml>

2019-01-16 18:12:03 params :
------------
String:
array (
  'rule' => -2,
  'module' => '',
  'message' => 
  array (
    'tousername' => 'gh_74fc964c4914',
    'fromusername' => 'oF_mkjjkOPkDv4_0TBaYgtCrAIlE',
    'createtime' => '1547633521',
    'msgtype' => 'event',
    'event' => 'SCAN',
    'eventkey' => 'TZHB15304979119639182--6925',
    'ticket' => 'gQGo8DwAAAAAAAAAAS5odHRwOi8vd2VpeGluLnFxLmNvbS9xLzAycU5hTk1wblZhQWUxMDAwMDAwN2wAAgR4izlbAwQAAAAA',
    'from' => 'oF_mkjjkOPkDv4_0TBaYgtCrAIlE',
    'to' => 'gh_74fc964c4914',
    'time' => '1547633521',
    'type' => 'text',
    'scene' => 'TZHB15304979119639182--6925',
    'redirection' => true,
    'source' => 'qr',
  ),
)

2019-01-16 18:12:03 response :
------------

2019-01-16 18:12:16 trace :
------------
String:
<xml><ToUserName><![CDATA[gh_74fc964c4914]]></ToUserName>
<FromUserName><![CDATA[oF_mkjjkOPkDv4_0TBaYgtCrAIlE]]></FromUserName>
<CreateTime>1547633536</CreateTime>
<MsgType><![CDATA[event]]></MsgType>
<Event><![CDATA[LOCATION]]></Event>
<Latitude>29.281483</Latitude>
<Longitude>120.235664</Longitude>
<Precision>30.000000</Precision>
</xml>

2019-01-16 18:12:16 params :
------------
String:
array (
  'message' => 
  array (
    'tousername' => 'gh_74fc964c4914',
    'fromusername' => 'oF_mkjjkOPkDv4_0TBaYgtCrAIlE',
    'createtime' => '1547633536',
    'msgtype' => 'event',
    'event' => 'LOCATION',
    'latitude' => '29.281483',
    'longitude' => '120.235664',
    'precision' => '30.000000',
    'from' => 'oF_mkjjkOPkDv4_0TBaYgtCrAIlE',
    'to' => 'gh_74fc964c4914',
    'time' => '1547633536',
    'type' => 'trace',
    'location_x' => '29.281483',
    'location_y' => '120.235664',
  ),
  'module' => 'default',
  'rule' => '-1',
)

2019-01-16 18:12:16 response :
------------
Array:
errno : -1 ;
message : Invaild value ;

2019-01-16 18:13:55 trace :
------------
String:
<xml><ToUserName><![CDATA[gh_74fc964c4914]]></ToUserName>
<FromUserName><![CDATA[oF_mkjmxiNqyMcTOUUxxXHctPTE0]]></FromUserName>
<CreateTime>1547633634</CreateTime>
<MsgType><![CDATA[event]]></MsgType>
<Event><![CDATA[subscribe]]></Event>
<EventKey><![CDATA[qrscene_TZHB15444180278596743--11547]]></EventKey>
<Ticket><![CDATA[gQEC8TwAAAAAAAAAAS5odHRwOi8vd2VpeGluLnFxLmNvbS9xLzAyYk1ad01BblZhQWUxMDAwME0wN2MAAgTr8g1cAwQAAAAA]]></Ticket>
</xml>

2019-01-16 18:13:55 params :
------------
String:
array (
  'message' => 
  array (
    'tousername' => 'gh_74fc964c4914',
    'fromusername' => 'oF_mkjmxiNqyMcTOUUxxXHctPTE0',
    'createtime' => '1547633634',
    'msgtype' => 'event',
    'event' => 'subscribe',
    'eventkey' => 'qrscene_TZHB15444180278596743--11547',
    'ticket' => 'gQEC8TwAAAAAAAAAAS5odHRwOi8vd2VpeGluLnFxLmNvbS9xLzAyYk1ad01BblZhQWUxMDAwME0wN2MAAgTr8g1cAwQAAAAA',
    'from' => 'oF_mkjmxiNqyMcTOUUxxXHctPTE0',
    'to' => 'gh_74fc964c4914',
    'time' => '1547633634',
    'type' => 'text',
    'scene' => 'TZHB15444180278596743--11547',
    'redirection' => true,
    'source' => 'subscribe',
    'content' => '首次关注',
  ),
  'module' => 'reply',
  'rule' => '9',
  'priority' => '0',
  'keyword' => 
  array (
    'id' => '116',
    'rid' => '9',
    'uniacid' => '2',
    'module' => 'reply',
    'content' => '首次关注',
    'type' => '1',
    'displayorder' => '0',
    'status' => '1',
    'reply_type' => 
    array (
      0 => 'basic',
    ),
  ),
  'reply_type' => 
  array (
    0 => 'basic',
  ),
)

2019-01-16 18:13:55 response :
------------
Array:
FromUserName : gh_74fc964c4914 ;
ToUserName : oF_mkjmxiNqyMcTOUUxxXHctPTE0 ;
MsgType : text ;
Content : 您好，感谢您关注奔瑞汽车用品！360°汽车服务解决方案提供商。业务领域涵盖高端美容、二手翻新及快速钣喷等，欢迎与我们联系。
您也可以回复以下数字，查看相关信息。
【1】品牌介绍
【2】核心项目
【3】合作支持
【4】产品中心
【5】联系方式
您可以留言或拨打客服热线 4006669243 更多资讯，您可以访问奔瑞官网 www.benrui.cn
意见，建议反馈信息请直接回复，谢谢。 ;

2019-01-16 18:15:19 trace :
------------
String:
<xml><ToUserName><![CDATA[gh_74fc964c4914]]></ToUserName>
<FromUserName><![CDATA[oF_mkjui-tTjPQ5lkBfWZphg4oHE]]></FromUserName>
<CreateTime>1547633718</CreateTime>
<MsgType><![CDATA[event]]></MsgType>
<Event><![CDATA[subscribe]]></Event>
<EventKey><![CDATA[qrscene_TZHB15444180278596743--11547]]></EventKey>
<Ticket><![CDATA[gQEC8TwAAAAAAAAAAS5odHRwOi8vd2VpeGluLnFxLmNvbS9xLzAyYk1ad01BblZhQWUxMDAwME0wN2MAAgTr8g1cAwQAAAAA]]></Ticket>
</xml>

2019-01-16 18:15:19 params :
------------
String:
array (
  'message' => 
  array (
    'tousername' => 'gh_74fc964c4914',
    'fromusername' => 'oF_mkjui-tTjPQ5lkBfWZphg4oHE',
    'createtime' => '1547633718',
    'msgtype' => 'event',
    'event' => 'subscribe',
    'eventkey' => 'qrscene_TZHB15444180278596743--11547',
    'ticket' => 'gQEC8TwAAAAAAAAAAS5odHRwOi8vd2VpeGluLnFxLmNvbS9xLzAyYk1ad01BblZhQWUxMDAwME0wN2MAAgTr8g1cAwQAAAAA',
    'from' => 'oF_mkjui-tTjPQ5lkBfWZphg4oHE',
    'to' => 'gh_74fc964c4914',
    'time' => '1547633718',
    'type' => 'text',
    'scene' => 'TZHB15444180278596743--11547',
    'redirection' => true,
    'source' => 'subscribe',
    'content' => '首次关注',
  ),
  'module' => 'reply',
  'rule' => '9',
  'priority' => '0',
  'keyword' => 
  array (
    'id' => '116',
    'rid' => '9',
    'uniacid' => '2',
    'module' => 'reply',
    'content' => '首次关注',
    'type' => '1',
    'displayorder' => '0',
    'status' => '1',
    'reply_type' => 
    array (
      0 => 'basic',
    ),
  ),
  'reply_type' => 
  array (
    0 => 'basic',
  ),
)

2019-01-16 18:15:19 response :
------------
Array:
FromUserName : gh_74fc964c4914 ;
ToUserName : oF_mkjui-tTjPQ5lkBfWZphg4oHE ;
MsgType : text ;
Content : 您好，感谢您关注奔瑞汽车用品！360°汽车服务解决方案提供商。业务领域涵盖高端美容、二手翻新及快速钣喷等，欢迎与我们联系。
您也可以回复以下数字，查看相关信息。
【1】品牌介绍
【2】核心项目
【3】合作支持
【4】产品中心
【5】联系方式
您可以留言或拨打客服热线 4006669243 更多资讯，您可以访问奔瑞官网 www.benrui.cn
意见，建议反馈信息请直接回复，谢谢。 ;

2019-01-16 18:16:48 trace :
------------
String:
<xml><ToUserName><![CDATA[gh_74fc964c4914]]></ToUserName>
<FromUserName><![CDATA[oF_mkjlNMLKt19LDmwYIDPsM6t0g]]></FromUserName>
<CreateTime>1547633808</CreateTime>
<MsgType><![CDATA[event]]></MsgType>
<Event><![CDATA[subscribe]]></Event>
<EventKey><![CDATA[qrscene_TZHB15444180278596743--11547]]></EventKey>
<Ticket><![CDATA[gQEC8TwAAAAAAAAAAS5odHRwOi8vd2VpeGluLnFxLmNvbS9xLzAyYk1ad01BblZhQWUxMDAwME0wN2MAAgTr8g1cAwQAAAAA]]></Ticket>
</xml>

2019-01-16 18:16:49 params :
------------
String:
array (
  'message' => 
  array (
    'tousername' => 'gh_74fc964c4914',
    'fromusername' => 'oF_mkjlNMLKt19LDmwYIDPsM6t0g',
    'createtime' => '1547633808',
    'msgtype' => 'event',
    'event' => 'subscribe',
    'eventkey' => 'qrscene_TZHB15444180278596743--11547',
    'ticket' => 'gQEC8TwAAAAAAAAAAS5odHRwOi8vd2VpeGluLnFxLmNvbS9xLzAyYk1ad01BblZhQWUxMDAwME0wN2MAAgTr8g1cAwQAAAAA',
    'from' => 'oF_mkjlNMLKt19LDmwYIDPsM6t0g',
    'to' => 'gh_74fc964c4914',
    'time' => '1547633808',
    'type' => 'text',
    'scene' => 'TZHB15444180278596743--11547',
    'redirection' => true,
    'source' => 'subscribe',
    'content' => '首次关注',
  ),
  'module' => 'reply',
  'rule' => '9',
  'priority' => '0',
  'keyword' => 
  array (
    'id' => '116',
    'rid' => '9',
    'uniacid' => '2',
    'module' => 'reply',
    'content' => '首次关注',
    'type' => '1',
    'displayorder' => '0',
    'status' => '1',
    'reply_type' => 
    array (
      0 => 'basic',
    ),
  ),
  'reply_type' => 
  array (
    0 => 'basic',
  ),
)

2019-01-16 18:16:49 response :
------------
Array:
FromUserName : gh_74fc964c4914 ;
ToUserName : oF_mkjlNMLKt19LDmwYIDPsM6t0g ;
MsgType : text ;
Content : 您好，感谢您关注奔瑞汽车用品！360°汽车服务解决方案提供商。业务领域涵盖高端美容、二手翻新及快速钣喷等，欢迎与我们联系。
您也可以回复以下数字，查看相关信息。
【1】品牌介绍
【2】核心项目
【3】合作支持
【4】产品中心
【5】联系方式
您可以留言或拨打客服热线 4006669243 更多资讯，您可以访问奔瑞官网 www.benrui.cn
意见，建议反馈信息请直接回复，谢谢。 ;

2019-01-16 18:17:42 trace :
------------
String:
<xml><ToUserName><![CDATA[gh_74fc964c4914]]></ToUserName>
<FromUserName><![CDATA[oF_mkjlNMLKt19LDmwYIDPsM6t0g]]></FromUserName>
<CreateTime>1547633862</CreateTime>
<MsgType><![CDATA[event]]></MsgType>
<Event><![CDATA[SCAN]]></Event>
<EventKey><![CDATA[TZHB15444180278596743--11547]]></EventKey>
<Ticket><![CDATA[gQEC8TwAAAAAAAAAAS5odHRwOi8vd2VpeGluLnFxLmNvbS9xLzAyYk1ad01BblZhQWUxMDAwME0wN2MAAgTr8g1cAwQAAAAA]]></Ticket>
</xml>

2019-01-16 18:17:42 params :
------------
String:
array (
  'rule' => -2,
  'module' => '',
  'message' => 
  array (
    'tousername' => 'gh_74fc964c4914',
    'fromusername' => 'oF_mkjlNMLKt19LDmwYIDPsM6t0g',
    'createtime' => '1547633862',
    'msgtype' => 'event',
    'event' => 'SCAN',
    'eventkey' => 'TZHB15444180278596743--11547',
    'ticket' => 'gQEC8TwAAAAAAAAAAS5odHRwOi8vd2VpeGluLnFxLmNvbS9xLzAyYk1ad01BblZhQWUxMDAwME0wN2MAAgTr8g1cAwQAAAAA',
    'from' => 'oF_mkjlNMLKt19LDmwYIDPsM6t0g',
    'to' => 'gh_74fc964c4914',
    'time' => '1547633862',
    'type' => 'text',
    'scene' => 'TZHB15444180278596743--11547',
    'redirection' => true,
    'source' => 'qr',
  ),
)

2019-01-16 18:17:42 response :
------------

2019-01-16 18:51:53 trace :
------------
String:
<xml><ToUserName><![CDATA[gh_74fc964c4914]]></ToUserName>
<FromUserName><![CDATA[oF_mkjmlMNaIB9KTiH-W9wjIz95Y]]></FromUserName>
<CreateTime>1547635912</CreateTime>
<MsgType><![CDATA[event]]></MsgType>
<Event><![CDATA[subscribe]]></Event>
<EventKey><![CDATA[qrscene_TZHB15444180508584113--11635]]></EventKey>
<Ticket><![CDATA[gQHp8DwAAAAAAAAAAS5odHRwOi8vd2VpeGluLnFxLmNvbS9xLzAyMWZDUU56blZhQWUxMDAwMHcwN1UAAgQC8w1cAwQAAAAA]]></Ticket>
</xml>

2019-01-16 18:51:54 params :
------------
String:
array (
  'message' => 
  array (
    'tousername' => 'gh_74fc964c4914',
    'fromusername' => 'oF_mkjmlMNaIB9KTiH-W9wjIz95Y',
    'createtime' => '1547635912',
    'msgtype' => 'event',
    'event' => 'subscribe',
    'eventkey' => 'qrscene_TZHB15444180508584113--11635',
    'ticket' => 'gQHp8DwAAAAAAAAAAS5odHRwOi8vd2VpeGluLnFxLmNvbS9xLzAyMWZDUU56blZhQWUxMDAwMHcwN1UAAgQC8w1cAwQAAAAA',
    'from' => 'oF_mkjmlMNaIB9KTiH-W9wjIz95Y',
    'to' => 'gh_74fc964c4914',
    'time' => '1547635912',
    'type' => 'text',
    'scene' => 'TZHB15444180508584113--11635',
    'redirection' => true,
    'source' => 'subscribe',
    'content' => '首次关注',
  ),
  'module' => 'reply',
  'rule' => '9',
  'priority' => '0',
  'keyword' => 
  array (
    'id' => '116',
    'rid' => '9',
    'uniacid' => '2',
    'module' => 'reply',
    'content' => '首次关注',
    'type' => '1',
    'displayorder' => '0',
    'status' => '1',
    'reply_type' => 
    array (
      0 => 'basic',
    ),
  ),
  'reply_type' => 
  array (
    0 => 'basic',
  ),
)

2019-01-16 18:51:54 response :
------------
Array:
FromUserName : gh_74fc964c4914 ;
ToUserName : oF_mkjmlMNaIB9KTiH-W9wjIz95Y ;
MsgType : text ;
Content : 您好，感谢您关注奔瑞汽车用品！360°汽车服务解决方案提供商。业务领域涵盖高端美容、二手翻新及快速钣喷等，欢迎与我们联系。
您也可以回复以下数字，查看相关信息。
【1】品牌介绍
【2】核心项目
【3】合作支持
【4】产品中心
【5】联系方式
您可以留言或拨打客服热线 4006669243 更多资讯，您可以访问奔瑞官网 www.benrui.cn
意见，建议反馈信息请直接回复，谢谢。 ;

2019-01-16 19:01:38 trace :
------------
String:
<xml><ToUserName><![CDATA[gh_74fc964c4914]]></ToUserName>
<FromUserName><![CDATA[oF_mkjgVgBBDjMWfVdAEDbVrQ4TI]]></FromUserName>
<CreateTime>1547636497</CreateTime>
<MsgType><![CDATA[event]]></MsgType>
<Event><![CDATA[LOCATION]]></Event>
<Latitude>23.129978</Latitude>
<Longitude>113.631035</Longitude>
<Precision>290.000000</Precision>
</xml>

2019-01-16 19:01:38 params :
------------
String:
array (
  'message' => 
  array (
    'tousername' => 'gh_74fc964c4914',
    'fromusername' => 'oF_mkjgVgBBDjMWfVdAEDbVrQ4TI',
    'createtime' => '1547636497',
    'msgtype' => 'event',
    'event' => 'LOCATION',
    'latitude' => '23.129978',
    'longitude' => '113.631035',
    'precision' => '290.000000',
    'from' => 'oF_mkjgVgBBDjMWfVdAEDbVrQ4TI',
    'to' => 'gh_74fc964c4914',
    'time' => '1547636497',
    'type' => 'trace',
    'location_x' => '23.129978',
    'location_y' => '113.631035',
  ),
  'module' => 'default',
  'rule' => '-1',
)

2019-01-16 19:01:38 response :
------------
Array:
errno : -1 ;
message : Invaild value ;

2019-01-16 19:55:51 trace :
------------
String:
<xml><ToUserName><![CDATA[gh_74fc964c4914]]></ToUserName>
<FromUserName><![CDATA[oF_mkjjZVCZ_akk7JamnRtJy47LQ]]></FromUserName>
<CreateTime>1547639751</CreateTime>
<MsgType><![CDATA[event]]></MsgType>
<Event><![CDATA[SCAN]]></Event>
<EventKey><![CDATA[TZHB15301485281002615--4954]]></EventKey>
<Ticket><![CDATA[gQFK8TwAAAAAAAAAAS5odHRwOi8vd2VpeGluLnFxLmNvbS9xLzAyTzlZZk41blZhQWUxMDAwMDAwN00AAgSwNjRbAwQAAAAA]]></Ticket>
</xml>

2019-01-16 19:55:51 params :
------------
String:
array (
  'rule' => -2,
  'module' => '',
  'message' => 
  array (
    'tousername' => 'gh_74fc964c4914',
    'fromusername' => 'oF_mkjjZVCZ_akk7JamnRtJy47LQ',
    'createtime' => '1547639751',
    'msgtype' => 'event',
    'event' => 'SCAN',
    'eventkey' => 'TZHB15301485281002615--4954',
    'ticket' => 'gQFK8TwAAAAAAAAAAS5odHRwOi8vd2VpeGluLnFxLmNvbS9xLzAyTzlZZk41blZhQWUxMDAwMDAwN00AAgSwNjRbAwQAAAAA',
    'from' => 'oF_mkjjZVCZ_akk7JamnRtJy47LQ',
    'to' => 'gh_74fc964c4914',
    'time' => '1547639751',
    'type' => 'text',
    'scene' => 'TZHB15301485281002615--4954',
    'redirection' => true,
    'source' => 'qr',
  ),
)

2019-01-16 19:55:51 response :
------------

2019-01-16 19:55:53 trace :
------------
String:
<xml><ToUserName><![CDATA[gh_74fc964c4914]]></ToUserName>
<FromUserName><![CDATA[oF_mkjjZVCZ_akk7JamnRtJy47LQ]]></FromUserName>
<CreateTime>1547639752</CreateTime>
<MsgType><![CDATA[event]]></MsgType>
<Event><![CDATA[LOCATION]]></Event>
<Latitude>28.572910</Latitude>
<Longitude>115.860786</Longitude>
<Precision>30.000000</Precision>
</xml>

2019-01-16 19:55:53 params :
------------
String:
array (
  'message' => 
  array (
    'tousername' => 'gh_74fc964c4914',
    'fromusername' => 'oF_mkjjZVCZ_akk7JamnRtJy47LQ',
    'createtime' => '1547639752',
    'msgtype' => 'event',
    'event' => 'LOCATION',
    'latitude' => '28.572910',
    'longitude' => '115.860786',
    'precision' => '30.000000',
    'from' => 'oF_mkjjZVCZ_akk7JamnRtJy47LQ',
    'to' => 'gh_74fc964c4914',
    'time' => '1547639752',
    'type' => 'trace',
    'location_x' => '28.572910',
    'location_y' => '115.860786',
  ),
  'module' => 'default',
  'rule' => '-1',
)

2019-01-16 19:55:53 response :
------------
Array:
errno : -1 ;
message : Invaild value ;

2019-01-16 19:56:17 trace :
------------
String:
<xml><ToUserName><![CDATA[gh_74fc964c4914]]></ToUserName>
<FromUserName><![CDATA[oF_mkjjZVCZ_akk7JamnRtJy47LQ]]></FromUserName>
<CreateTime>1547639776</CreateTime>
<MsgType><![CDATA[event]]></MsgType>
<Event><![CDATA[LOCATION]]></Event>
<Latitude>28.572910</Latitude>
<Longitude>115.860786</Longitude>
<Precision>30.000000</Precision>
</xml>

2019-01-16 19:56:17 params :
------------
String:
array (
  'message' => 
  array (
    'tousername' => 'gh_74fc964c4914',
    'fromusername' => 'oF_mkjjZVCZ_akk7JamnRtJy47LQ',
    'createtime' => '1547639776',
    'msgtype' => 'event',
    'event' => 'LOCATION',
    'latitude' => '28.572910',
    'longitude' => '115.860786',
    'precision' => '30.000000',
    'from' => 'oF_mkjjZVCZ_akk7JamnRtJy47LQ',
    'to' => 'gh_74fc964c4914',
    'time' => '1547639776',
    'type' => 'trace',
    'location_x' => '28.572910',
    'location_y' => '115.860786',
  ),
  'module' => 'default',
  'rule' => '-1',
)

2019-01-16 19:56:17 response :
------------
Array:
errno : -1 ;
message : Invaild value ;

2019-01-16 19:56:29 trace :
------------
String:
<xml><ToUserName><![CDATA[gh_74fc964c4914]]></ToUserName>
<FromUserName><![CDATA[oF_mkjjZVCZ_akk7JamnRtJy47LQ]]></FromUserName>
<CreateTime>1547639788</CreateTime>
<MsgType><![CDATA[event]]></MsgType>
<Event><![CDATA[LOCATION]]></Event>
<Latitude>28.572910</Latitude>
<Longitude>115.860786</Longitude>
<Precision>30.000000</Precision>
</xml>

2019-01-16 19:56:29 params :
------------
String:
array (
  'message' => 
  array (
    'tousername' => 'gh_74fc964c4914',
    'fromusername' => 'oF_mkjjZVCZ_akk7JamnRtJy47LQ',
    'createtime' => '1547639788',
    'msgtype' => 'event',
    'event' => 'LOCATION',
    'latitude' => '28.572910',
    'longitude' => '115.860786',
    'precision' => '30.000000',
    'from' => 'oF_mkjjZVCZ_akk7JamnRtJy47LQ',
    'to' => 'gh_74fc964c4914',
    'time' => '1547639788',
    'type' => 'trace',
    'location_x' => '28.572910',
    'location_y' => '115.860786',
  ),
  'module' => 'default',
  'rule' => '-1',
)

2019-01-16 19:56:29 response :
------------
Array:
errno : -1 ;
message : Invaild value ;

2019-01-16 19:56:34 trace :
------------
String:
<xml><ToUserName><![CDATA[gh_74fc964c4914]]></ToUserName>
<FromUserName><![CDATA[oF_mkjjZVCZ_akk7JamnRtJy47LQ]]></FromUserName>
<CreateTime>1547639794</CreateTime>
<MsgType><![CDATA[event]]></MsgType>
<Event><![CDATA[SCAN]]></Event>
<EventKey><![CDATA[TZHB15301485305019867--4977]]></EventKey>
<Ticket><![CDATA[gQHd8DwAAAAAAAAAAS5odHRwOi8vd2VpeGluLnFxLmNvbS9xLzAyNFBrOE53blZhQWUxMDAwMHcwN08AAgSyNjRbAwQAAAAA]]></Ticket>
</xml>

2019-01-16 19:56:34 params :
------------
String:
array (
  'rule' => -2,
  'module' => '',
  'message' => 
  array (
    'tousername' => 'gh_74fc964c4914',
    'fromusername' => 'oF_mkjjZVCZ_akk7JamnRtJy47LQ',
    'createtime' => '1547639794',
    'msgtype' => 'event',
    'event' => 'SCAN',
    'eventkey' => 'TZHB15301485305019867--4977',
    'ticket' => 'gQHd8DwAAAAAAAAAAS5odHRwOi8vd2VpeGluLnFxLmNvbS9xLzAyNFBrOE53blZhQWUxMDAwMHcwN08AAgSyNjRbAwQAAAAA',
    'from' => 'oF_mkjjZVCZ_akk7JamnRtJy47LQ',
    'to' => 'gh_74fc964c4914',
    'time' => '1547639794',
    'type' => 'text',
    'scene' => 'TZHB15301485305019867--4977',
    'redirection' => true,
    'source' => 'qr',
  ),
)

2019-01-16 19:56:34 response :
------------

2019-01-16 19:56:35 trace :
------------
String:
<xml><ToUserName><![CDATA[gh_74fc964c4914]]></ToUserName>
<FromUserName><![CDATA[oF_mkjjZVCZ_akk7JamnRtJy47LQ]]></FromUserName>
<CreateTime>1547639795</CreateTime>
<MsgType><![CDATA[event]]></MsgType>
<Event><![CDATA[LOCATION]]></Event>
<Latitude>28.572914</Latitude>
<Longitude>115.860695</Longitude>
<Precision>30.000000</Precision>
</xml>

2019-01-16 19:56:35 params :
------------
String:
array (
  'message' => 
  array (
    'tousername' => 'gh_74fc964c4914',
    'fromusername' => 'oF_mkjjZVCZ_akk7JamnRtJy47LQ',
    'createtime' => '1547639795',
    'msgtype' => 'event',
    'event' => 'LOCATION',
    'latitude' => '28.572914',
    'longitude' => '115.860695',
    'precision' => '30.000000',
    'from' => 'oF_mkjjZVCZ_akk7JamnRtJy47LQ',
    'to' => 'gh_74fc964c4914',
    'time' => '1547639795',
    'type' => 'trace',
    'location_x' => '28.572914',
    'location_y' => '115.860695',
  ),
  'module' => 'default',
  'rule' => '-1',
)

2019-01-16 19:56:35 response :
------------
Array:
errno : -1 ;
message : Invaild value ;

2019-01-16 20:15:10 trace :
------------
String:
<xml><ToUserName><![CDATA[gh_74fc964c4914]]></ToUserName>
<FromUserName><![CDATA[oF_mkjjZVCZ_akk7JamnRtJy47LQ]]></FromUserName>
<CreateTime>1547640909</CreateTime>
<MsgType><![CDATA[event]]></MsgType>
<Event><![CDATA[LOCATION]]></Event>
<Latitude>28.583994</Latitude>
<Longitude>115.877831</Longitude>
<Precision>230.000000</Precision>
</xml>

2019-01-16 20:15:10 params :
------------
String:
array (
  'message' => 
  array (
    'tousername' => 'gh_74fc964c4914',
    'fromusername' => 'oF_mkjjZVCZ_akk7JamnRtJy47LQ',
    'createtime' => '1547640909',
    'msgtype' => 'event',
    'event' => 'LOCATION',
    'latitude' => '28.583994',
    'longitude' => '115.877831',
    'precision' => '230.000000',
    'from' => 'oF_mkjjZVCZ_akk7JamnRtJy47LQ',
    'to' => 'gh_74fc964c4914',
    'time' => '1547640909',
    'type' => 'trace',
    'location_x' => '28.583994',
    'location_y' => '115.877831',
  ),
  'module' => 'default',
  'rule' => '-1',
)

2019-01-16 20:15:10 response :
------------
Array:
errno : -1 ;
message : Invaild value ;

2019-01-16 20:39:13 trace :
------------
String:
<xml><ToUserName><![CDATA[gh_74fc964c4914]]></ToUserName>
<FromUserName><![CDATA[oF_mkjjZVCZ_akk7JamnRtJy47LQ]]></FromUserName>
<CreateTime>1547642352</CreateTime>
<MsgType><![CDATA[event]]></MsgType>
<Event><![CDATA[LOCATION]]></Event>
<Latitude>28.583483</Latitude>
<Longitude>115.877693</Longitude>
<Precision>30.000000</Precision>
</xml>

2019-01-16 20:39:13 params :
------------
String:
array (
  'message' => 
  array (
    'tousername' => 'gh_74fc964c4914',
    'fromusername' => 'oF_mkjjZVCZ_akk7JamnRtJy47LQ',
    'createtime' => '1547642352',
    'msgtype' => 'event',
    'event' => 'LOCATION',
    'latitude' => '28.583483',
    'longitude' => '115.877693',
    'precision' => '30.000000',
    'from' => 'oF_mkjjZVCZ_akk7JamnRtJy47LQ',
    'to' => 'gh_74fc964c4914',
    'time' => '1547642352',
    'type' => 'trace',
    'location_x' => '28.583483',
    'location_y' => '115.877693',
  ),
  'module' => 'default',
  'rule' => '-1',
)

2019-01-16 20:39:13 response :
------------
Array:
errno : -1 ;
message : Invaild value ;

2019-01-16 21:27:21 trace :
------------
String:
<xml><ToUserName><![CDATA[gh_74fc964c4914]]></ToUserName>
<FromUserName><![CDATA[oF_mkjtxW4p2N7ktAq0ZxK-EZGA8]]></FromUserName>
<CreateTime>1547645241</CreateTime>
<MsgType><![CDATA[event]]></MsgType>
<Event><![CDATA[LOCATION]]></Event>
<Latitude>37.560059</Latitude>
<Longitude>118.573021</Longitude>
<Precision>260.000000</Precision>
</xml>

2019-01-16 21:27:21 params :
------------
String:
array (
  'message' => 
  array (
    'tousername' => 'gh_74fc964c4914',
    'fromusername' => 'oF_mkjtxW4p2N7ktAq0ZxK-EZGA8',
    'createtime' => '1547645241',
    'msgtype' => 'event',
    'event' => 'LOCATION',
    'latitude' => '37.560059',
    'longitude' => '118.573021',
    'precision' => '260.000000',
    'from' => 'oF_mkjtxW4p2N7ktAq0ZxK-EZGA8',
    'to' => 'gh_74fc964c4914',
    'time' => '1547645241',
    'type' => 'trace',
    'location_x' => '37.560059',
    'location_y' => '118.573021',
  ),
  'module' => 'default',
  'rule' => '-1',
)

2019-01-16 21:27:21 response :
------------
Array:
errno : -1 ;
message : Invaild value ;

2019-01-16 21:27:21 trace :
------------
String:
<xml><ToUserName><![CDATA[gh_74fc964c4914]]></ToUserName>
<FromUserName><![CDATA[oF_mkjtxW4p2N7ktAq0ZxK-EZGA8]]></FromUserName>
<CreateTime>1547645240</CreateTime>
<MsgType><![CDATA[event]]></MsgType>
<Event><![CDATA[SCAN]]></Event>
<EventKey><![CDATA[TZHB15286866025347660--3182]]></EventKey>
<Ticket><![CDATA[gQHr8DwAAAAAAAAAAS5odHRwOi8vd2VpeGluLnFxLmNvbS9xLzAyQjV5aU1LblZhQWUxMDAwME0wN3MAAgQK6B1bAwQAAAAA]]></Ticket>
</xml>

2019-01-16 21:27:21 params :
------------
String:
array (
  'rule' => -2,
  'module' => '',
  'message' => 
  array (
    'tousername' => 'gh_74fc964c4914',
    'fromusername' => 'oF_mkjtxW4p2N7ktAq0ZxK-EZGA8',
    'createtime' => '1547645240',
    'msgtype' => 'event',
    'event' => 'SCAN',
    'eventkey' => 'TZHB15286866025347660--3182',
    'ticket' => 'gQHr8DwAAAAAAAAAAS5odHRwOi8vd2VpeGluLnFxLmNvbS9xLzAyQjV5aU1LblZhQWUxMDAwME0wN3MAAgQK6B1bAwQAAAAA',
    'from' => 'oF_mkjtxW4p2N7ktAq0ZxK-EZGA8',
    'to' => 'gh_74fc964c4914',
    'time' => '1547645240',
    'type' => 'text',
    'scene' => 'TZHB15286866025347660--3182',
    'redirection' => true,
    'source' => 'qr',
  ),
)

2019-01-16 21:27:21 response :
------------

2019-01-16 21:27:26 trace :
------------
String:
<xml><ToUserName><![CDATA[gh_74fc964c4914]]></ToUserName>
<FromUserName><![CDATA[oF_mkjtxW4p2N7ktAq0ZxK-EZGA8]]></FromUserName>
<CreateTime>1547645246</CreateTime>
<MsgType><![CDATA[event]]></MsgType>
<Event><![CDATA[LOCATION]]></Event>
<Latitude>37.560059</Latitude>
<Longitude>118.573021</Longitude>
<Precision>260.000000</Precision>
</xml>

2019-01-16 21:27:27 params :
------------
String:
array (
  'message' => 
  array (
    'tousername' => 'gh_74fc964c4914',
    'fromusername' => 'oF_mkjtxW4p2N7ktAq0ZxK-EZGA8',
    'createtime' => '1547645246',
    'msgtype' => 'event',
    'event' => 'LOCATION',
    'latitude' => '37.560059',
    'longitude' => '118.573021',
    'precision' => '260.000000',
    'from' => 'oF_mkjtxW4p2N7ktAq0ZxK-EZGA8',
    'to' => 'gh_74fc964c4914',
    'time' => '1547645246',
    'type' => 'trace',
    'location_x' => '37.560059',
    'location_y' => '118.573021',
  ),
  'module' => 'default',
  'rule' => '-1',
)

2019-01-16 21:27:27 response :
------------
Array:
errno : -1 ;
message : Invaild value ;

2019-01-16 21:27:32 trace :
------------
String:
<xml><ToUserName><![CDATA[gh_74fc964c4914]]></ToUserName>
<FromUserName><![CDATA[oF_mkjtxW4p2N7ktAq0ZxK-EZGA8]]></FromUserName>
<CreateTime>1547645252</CreateTime>
<MsgType><![CDATA[event]]></MsgType>
<Event><![CDATA[LOCATION]]></Event>
<Latitude>37.560059</Latitude>
<Longitude>118.573021</Longitude>
<Precision>260.000000</Precision>
</xml>

2019-01-16 21:27:32 params :
------------
String:
array (
  'message' => 
  array (
    'tousername' => 'gh_74fc964c4914',
    'fromusername' => 'oF_mkjtxW4p2N7ktAq0ZxK-EZGA8',
    'createtime' => '1547645252',
    'msgtype' => 'event',
    'event' => 'LOCATION',
    'latitude' => '37.560059',
    'longitude' => '118.573021',
    'precision' => '260.000000',
    'from' => 'oF_mkjtxW4p2N7ktAq0ZxK-EZGA8',
    'to' => 'gh_74fc964c4914',
    'time' => '1547645252',
    'type' => 'trace',
    'location_x' => '37.560059',
    'location_y' => '118.573021',
  ),
  'module' => 'default',
  'rule' => '-1',
)

2019-01-16 21:27:32 response :
------------
Array:
errno : -1 ;
message : Invaild value ;

2019-01-16 23:03:22 trace :
------------
String:
<xml><ToUserName><![CDATA[gh_74fc964c4914]]></ToUserName>
<FromUserName><![CDATA[oF_mkjo3FRXTv2mbWU5V3CKBLwUw]]></FromUserName>
<CreateTime>1547651001</CreateTime>
<MsgType><![CDATA[event]]></MsgType>
<Event><![CDATA[VIEW]]></Event>
<EventKey><![CDATA[http://mp.weixin.qq.com/s?__biz=MjM5MzE3NjM0Mw==&mid=503568901&idx=1&sn=68e38de4e280a77f6a9d4729e7b63342&chksm=3d6c747d0a1bfd6b9891ec8de146b4e8934a8e3f178d5f12a5de9984b0c8826680160a8d6af5&scene=18#wechat_redirect]]></EventKey>
<MenuId>503048253</MenuId>
</xml>

2019-01-16 23:03:22 params :
------------
String:
array (
  'message' => 
  array (
    'tousername' => 'gh_74fc964c4914',
    'fromusername' => 'oF_mkjo3FRXTv2mbWU5V3CKBLwUw',
    'createtime' => '1547651001',
    'msgtype' => 'event',
    'event' => 'VIEW',
    'eventkey' => 'http://mp.weixin.qq.com/s?__biz=MjM5MzE3NjM0Mw==&mid=503568901&idx=1&sn=68e38de4e280a77f6a9d4729e7b63342&chksm=3d6c747d0a1bfd6b9891ec8de146b4e8934a8e3f178d5f12a5de9984b0c8826680160a8d6af5&scene=18#wechat_redirect',
    'menuid' => '503048253',
    'from' => 'oF_mkjo3FRXTv2mbWU5V3CKBLwUw',
    'to' => 'gh_74fc964c4914',
    'time' => '1547651001',
    'type' => 'text',
    'content' => 'http://mp.weixin.qq.com/s?__biz=MjM5MzE3NjM0Mw==&mid=503568901&idx=1&sn=68e38de4e280a77f6a9d4729e7b63342&chksm=3d6c747d0a1bfd6b9891ec8de146b4e8934a8e3f178d5f12a5de9984b0c8826680160a8d6af5&scene=18#wechat_redirect',
    'redirection' => true,
    'source' => 'VIEW',
  ),
  'module' => 'reply',
  'rule' => '25',
  'priority' => '0',
  'keyword' => 
  array (
    'id' => '32',
    'rid' => '25',
    'uniacid' => '2',
    'module' => 'reply',
    'content' => 'f1',
    'type' => '2',
    'displayorder' => '0',
    'status' => '1',
    'reply_type' => 
    array (
      0 => 'news',
    ),
  ),
  'reply_type' => 
  array (
    0 => 'news',
  ),
)

2019-01-16 23:03:22 response :
------------
Array:
FromUserName : gh_74fc964c4914 ;
ToUserName : oF_mkjo3FRXTv2mbWU5V3CKBLwUw ;
MsgType : news ;
ArticleCount : 1 ;
Articles : Array ;

