2019-01-22 01:40:35 trace :
------------
String:
<xml><ToUserName><![CDATA[gh_74fc964c4914]]></ToUserName>
<FromUserName><![CDATA[oF_mkjhhJPXZyyalp8rrXWHRqM3U]]></FromUserName>
<CreateTime>1548092434</CreateTime>
<MsgType><![CDATA[event]]></MsgType>
<Event><![CDATA[LOCATION]]></Event>
<Latitude>36.893635</Latitude>
<Longitude>118.752899</Longitude>
<Precision>20.000000</Precision>
</xml>

2019-01-22 01:40:35 params :
------------
String:
array (
  'message' => 
  array (
    'tousername' => 'gh_74fc964c4914',
    'fromusername' => 'oF_mkjhhJPXZyyalp8rrXWHRqM3U',
    'createtime' => '1548092434',
    'msgtype' => 'event',
    'event' => 'LOCATION',
    'latitude' => '36.893635',
    'longitude' => '118.752899',
    'precision' => '20.000000',
    'from' => 'oF_mkjhhJPXZyyalp8rrXWHRqM3U',
    'to' => 'gh_74fc964c4914',
    'time' => '1548092434',
    'type' => 'trace',
    'location_x' => '36.893635',
    'location_y' => '118.752899',
  ),
  'module' => 'default',
  'rule' => '-1',
)

2019-01-22 01:40:35 response :
------------
Array:
errno : -1 ;
message : Invaild value ;

2019-01-22 08:56:11 trace :
------------
String:
<xml><ToUserName><![CDATA[gh_74fc964c4914]]></ToUserName>
<FromUserName><![CDATA[oF_mkjjY1skLyjhubJH8xzeeADzw]]></FromUserName>
<CreateTime>1548118570</CreateTime>
<MsgType><![CDATA[event]]></MsgType>
<Event><![CDATA[subscribe]]></Event>
<EventKey><![CDATA[qrscene_TZHB15367440893442162--11083]]></EventKey>
<Ticket><![CDATA[gQHa8TwAAAAAAAAAAS5odHRwOi8vd2VpeGluLnFxLmNvbS9xLzAyV3NRQ01KblZhQWUxMDAwMHcwN1oAAgSZ2phbAwQAAAAA]]></Ticket>
</xml>

2019-01-22 08:56:11 params :
------------
String:
array (
  'message' => 
  array (
    'tousername' => 'gh_74fc964c4914',
    'fromusername' => 'oF_mkjjY1skLyjhubJH8xzeeADzw',
    'createtime' => '1548118570',
    'msgtype' => 'event',
    'event' => 'subscribe',
    'eventkey' => 'qrscene_TZHB15367440893442162--11083',
    'ticket' => 'gQHa8TwAAAAAAAAAAS5odHRwOi8vd2VpeGluLnFxLmNvbS9xLzAyV3NRQ01KblZhQWUxMDAwMHcwN1oAAgSZ2phbAwQAAAAA',
    'from' => 'oF_mkjjY1skLyjhubJH8xzeeADzw',
    'to' => 'gh_74fc964c4914',
    'time' => '1548118570',
    'type' => 'text',
    'scene' => 'TZHB15367440893442162--11083',
    'redirection' => true,
    'source' => 'subscribe',
    'content' => '首次关注',
  ),
  'module' => 'reply',
  'rule' => '9',
  'priority' => '0',
  'keyword' => 
  array (
    'id' => '116',
    'rid' => '9',
    'uniacid' => '2',
    'module' => 'reply',
    'content' => '首次关注',
    'type' => '1',
    'displayorder' => '0',
    'status' => '1',
    'reply_type' => 
    array (
      0 => 'basic',
    ),
  ),
  'reply_type' => 
  array (
    0 => 'basic',
  ),
)

2019-01-22 08:56:11 response :
------------
Array:
FromUserName : gh_74fc964c4914 ;
ToUserName : oF_mkjjY1skLyjhubJH8xzeeADzw ;
MsgType : text ;
Content : 您好，感谢您关注奔瑞汽车用品！360°汽车服务解决方案提供商。业务领域涵盖高端美容、二手翻新及快速钣喷等，欢迎与我们联系。
您也可以回复以下数字，查看相关信息。
【1】品牌介绍
【2】核心项目
【3】合作支持
【4】产品中心
【5】联系方式
您可以留言或拨打客服热线 4006669243 更多资讯，您可以访问奔瑞官网 www.benrui.cn
意见，建议反馈信息请直接回复，谢谢。 ;

2019-01-22 09:39:16 trace :
------------
String:
<xml><ToUserName><![CDATA[gh_74fc964c4914]]></ToUserName>
<FromUserName><![CDATA[oF_mkjomu8sEpqmGb-k0z-SLPIzE]]></FromUserName>
<CreateTime>1548121156</CreateTime>
<MsgType><![CDATA[event]]></MsgType>
<Event><![CDATA[LOCATION]]></Event>
<Latitude>31.810823</Latitude>
<Longitude>121.672661</Longitude>
<Precision>30.000000</Precision>
</xml>

2019-01-22 09:39:16 trace :
------------
String:
<xml><ToUserName><![CDATA[gh_74fc964c4914]]></ToUserName>
<FromUserName><![CDATA[oF_mkjomu8sEpqmGb-k0z-SLPIzE]]></FromUserName>
<CreateTime>1548121154</CreateTime>
<MsgType><![CDATA[event]]></MsgType>
<Event><![CDATA[SCAN]]></Event>
<EventKey><![CDATA[TZHB15444181603156965--12390]]></EventKey>
<Ticket><![CDATA[gQFZ8DwAAAAAAAAAAS5odHRwOi8vd2VpeGluLnFxLmNvbS9xLzAyMEZ0dE52blZhQWUxMDAwME0wN3IAAgRw8w1cAwQAAAAA]]></Ticket>
</xml>

2019-01-22 09:39:17 params :
------------
String:
array (
  'rule' => -2,
  'module' => '',
  'message' => 
  array (
    'tousername' => 'gh_74fc964c4914',
    'fromusername' => 'oF_mkjomu8sEpqmGb-k0z-SLPIzE',
    'createtime' => '1548121154',
    'msgtype' => 'event',
    'event' => 'SCAN',
    'eventkey' => 'TZHB15444181603156965--12390',
    'ticket' => 'gQFZ8DwAAAAAAAAAAS5odHRwOi8vd2VpeGluLnFxLmNvbS9xLzAyMEZ0dE52blZhQWUxMDAwME0wN3IAAgRw8w1cAwQAAAAA',
    'from' => 'oF_mkjomu8sEpqmGb-k0z-SLPIzE',
    'to' => 'gh_74fc964c4914',
    'time' => '1548121154',
    'type' => 'text',
    'scene' => 'TZHB15444181603156965--12390',
    'redirection' => true,
    'source' => 'qr',
  ),
)

2019-01-22 09:39:17 response :
------------

2019-01-22 09:39:17 params :
------------
String:
array (
  'message' => 
  array (
    'tousername' => 'gh_74fc964c4914',
    'fromusername' => 'oF_mkjomu8sEpqmGb-k0z-SLPIzE',
    'createtime' => '1548121156',
    'msgtype' => 'event',
    'event' => 'LOCATION',
    'latitude' => '31.810823',
    'longitude' => '121.672661',
    'precision' => '30.000000',
    'from' => 'oF_mkjomu8sEpqmGb-k0z-SLPIzE',
    'to' => 'gh_74fc964c4914',
    'time' => '1548121156',
    'type' => 'trace',
    'location_x' => '31.810823',
    'location_y' => '121.672661',
  ),
  'module' => 'default',
  'rule' => '-1',
)

2019-01-22 09:39:17 response :
------------
Array:
errno : -1 ;
message : Invaild value ;

2019-01-22 09:39:23 trace :
------------
String:
<xml><ToUserName><![CDATA[gh_74fc964c4914]]></ToUserName>
<FromUserName><![CDATA[oF_mkjomu8sEpqmGb-k0z-SLPIzE]]></FromUserName>
<CreateTime>1548121163</CreateTime>
<MsgType><![CDATA[event]]></MsgType>
<Event><![CDATA[LOCATION]]></Event>
<Latitude>31.810823</Latitude>
<Longitude>121.672661</Longitude>
<Precision>30.000000</Precision>
</xml>

2019-01-22 09:39:24 params :
------------
String:
array (
  'message' => 
  array (
    'tousername' => 'gh_74fc964c4914',
    'fromusername' => 'oF_mkjomu8sEpqmGb-k0z-SLPIzE',
    'createtime' => '1548121163',
    'msgtype' => 'event',
    'event' => 'LOCATION',
    'latitude' => '31.810823',
    'longitude' => '121.672661',
    'precision' => '30.000000',
    'from' => 'oF_mkjomu8sEpqmGb-k0z-SLPIzE',
    'to' => 'gh_74fc964c4914',
    'time' => '1548121163',
    'type' => 'trace',
    'location_x' => '31.810823',
    'location_y' => '121.672661',
  ),
  'module' => 'default',
  'rule' => '-1',
)

2019-01-22 09:39:24 response :
------------
Array:
errno : -1 ;
message : Invaild value ;

2019-01-22 09:39:33 trace :
------------
String:
<xml><ToUserName><![CDATA[gh_74fc964c4914]]></ToUserName>
<FromUserName><![CDATA[oF_mkjomu8sEpqmGb-k0z-SLPIzE]]></FromUserName>
<CreateTime>1548121172</CreateTime>
<MsgType><![CDATA[event]]></MsgType>
<Event><![CDATA[LOCATION]]></Event>
<Latitude>31.810711</Latitude>
<Longitude>121.672585</Longitude>
<Precision>30.000000</Precision>
</xml>

2019-01-22 09:39:33 params :
------------
String:
array (
  'message' => 
  array (
    'tousername' => 'gh_74fc964c4914',
    'fromusername' => 'oF_mkjomu8sEpqmGb-k0z-SLPIzE',
    'createtime' => '1548121172',
    'msgtype' => 'event',
    'event' => 'LOCATION',
    'latitude' => '31.810711',
    'longitude' => '121.672585',
    'precision' => '30.000000',
    'from' => 'oF_mkjomu8sEpqmGb-k0z-SLPIzE',
    'to' => 'gh_74fc964c4914',
    'time' => '1548121172',
    'type' => 'trace',
    'location_x' => '31.810711',
    'location_y' => '121.672585',
  ),
  'module' => 'default',
  'rule' => '-1',
)

2019-01-22 09:39:33 response :
------------
Array:
errno : -1 ;
message : Invaild value ;

2019-01-22 09:39:33 trace :
------------
String:
<xml><ToUserName><![CDATA[gh_74fc964c4914]]></ToUserName>
<FromUserName><![CDATA[oF_mkjomu8sEpqmGb-k0z-SLPIzE]]></FromUserName>
<CreateTime>1548121172</CreateTime>
<MsgType><![CDATA[event]]></MsgType>
<Event><![CDATA[SCAN]]></Event>
<EventKey><![CDATA[TZHB15444181616271861--12399]]></EventKey>
<Ticket><![CDATA[gQHE8DwAAAAAAAAAAS5odHRwOi8vd2VpeGluLnFxLmNvbS9xLzAyOGxEWU5jblZhQWUxMDAwMDAwN1MAAgRx8w1cAwQAAAAA]]></Ticket>
</xml>

2019-01-22 09:39:33 params :
------------
String:
array (
  'rule' => -2,
  'module' => '',
  'message' => 
  array (
    'tousername' => 'gh_74fc964c4914',
    'fromusername' => 'oF_mkjomu8sEpqmGb-k0z-SLPIzE',
    'createtime' => '1548121172',
    'msgtype' => 'event',
    'event' => 'SCAN',
    'eventkey' => 'TZHB15444181616271861--12399',
    'ticket' => 'gQHE8DwAAAAAAAAAAS5odHRwOi8vd2VpeGluLnFxLmNvbS9xLzAyOGxEWU5jblZhQWUxMDAwMDAwN1MAAgRx8w1cAwQAAAAA',
    'from' => 'oF_mkjomu8sEpqmGb-k0z-SLPIzE',
    'to' => 'gh_74fc964c4914',
    'time' => '1548121172',
    'type' => 'text',
    'scene' => 'TZHB15444181616271861--12399',
    'redirection' => true,
    'source' => 'qr',
  ),
)

2019-01-22 09:39:33 response :
------------

2019-01-22 09:39:38 trace :
------------
String:
<xml><ToUserName><![CDATA[gh_74fc964c4914]]></ToUserName>
<FromUserName><![CDATA[oF_mkjomu8sEpqmGb-k0z-SLPIzE]]></FromUserName>
<CreateTime>1548121178</CreateTime>
<MsgType><![CDATA[event]]></MsgType>
<Event><![CDATA[LOCATION]]></Event>
<Latitude>31.810617</Latitude>
<Longitude>121.672615</Longitude>
<Precision>30.000000</Precision>
</xml>

2019-01-22 09:39:39 params :
------------
String:
array (
  'message' => 
  array (
    'tousername' => 'gh_74fc964c4914',
    'fromusername' => 'oF_mkjomu8sEpqmGb-k0z-SLPIzE',
    'createtime' => '1548121178',
    'msgtype' => 'event',
    'event' => 'LOCATION',
    'latitude' => '31.810617',
    'longitude' => '121.672615',
    'precision' => '30.000000',
    'from' => 'oF_mkjomu8sEpqmGb-k0z-SLPIzE',
    'to' => 'gh_74fc964c4914',
    'time' => '1548121178',
    'type' => 'trace',
    'location_x' => '31.810617',
    'location_y' => '121.672615',
  ),
  'module' => 'default',
  'rule' => '-1',
)

2019-01-22 09:39:39 response :
------------
Array:
errno : -1 ;
message : Invaild value ;

2019-01-22 09:55:49 trace :
------------
String:
<xml><ToUserName><![CDATA[gh_74fc964c4914]]></ToUserName>
<FromUserName><![CDATA[oF_mkjk4ySwUWQyDJKW3ZVsrXlGE]]></FromUserName>
<CreateTime>1548122147</CreateTime>
<MsgType><![CDATA[event]]></MsgType>
<Event><![CDATA[SCAN]]></Event>
<EventKey><![CDATA[TZHB15304975979007899--5763]]></EventKey>
<Ticket><![CDATA[gQFT8TwAAAAAAAAAAS5odHRwOi8vd2VpeGluLnFxLmNvbS9xLzAyZlpDMk1zblZhQWUxMDAwMDAwNzMAAgQ9ijlbAwQAAAAA]]></Ticket>
</xml>

2019-01-22 09:55:49 params :
------------
String:
array (
  'rule' => -2,
  'module' => '',
  'message' => 
  array (
    'tousername' => 'gh_74fc964c4914',
    'fromusername' => 'oF_mkjk4ySwUWQyDJKW3ZVsrXlGE',
    'createtime' => '1548122147',
    'msgtype' => 'event',
    'event' => 'SCAN',
    'eventkey' => 'TZHB15304975979007899--5763',
    'ticket' => 'gQFT8TwAAAAAAAAAAS5odHRwOi8vd2VpeGluLnFxLmNvbS9xLzAyZlpDMk1zblZhQWUxMDAwMDAwNzMAAgQ9ijlbAwQAAAAA',
    'from' => 'oF_mkjk4ySwUWQyDJKW3ZVsrXlGE',
    'to' => 'gh_74fc964c4914',
    'time' => '1548122147',
    'type' => 'text',
    'scene' => 'TZHB15304975979007899--5763',
    'redirection' => true,
    'source' => 'qr',
  ),
)

2019-01-22 09:55:49 response :
------------

2019-01-22 10:12:38 trace :
------------
String:
<xml><ToUserName><![CDATA[gh_74fc964c4914]]></ToUserName>
<FromUserName><![CDATA[oF_mkjp-etcFGaY_HUcOqA5ykA7E]]></FromUserName>
<CreateTime>1548123158</CreateTime>
<MsgType><![CDATA[event]]></MsgType>
<Event><![CDATA[SCAN]]></Event>
<EventKey><![CDATA[TZHB15304979069442323--6879]]></EventKey>
<Ticket><![CDATA[gQFx8DwAAAAAAAAAAS5odHRwOi8vd2VpeGluLnFxLmNvbS9xLzAySG10Uk5kblZhQWUxMDAwMGcwN28AAgRzizlbAwQAAAAA]]></Ticket>
</xml>

2019-01-22 10:12:38 params :
------------
String:
array (
  'rule' => -2,
  'module' => '',
  'message' => 
  array (
    'tousername' => 'gh_74fc964c4914',
    'fromusername' => 'oF_mkjp-etcFGaY_HUcOqA5ykA7E',
    'createtime' => '1548123158',
    'msgtype' => 'event',
    'event' => 'SCAN',
    'eventkey' => 'TZHB15304979069442323--6879',
    'ticket' => 'gQFx8DwAAAAAAAAAAS5odHRwOi8vd2VpeGluLnFxLmNvbS9xLzAySG10Uk5kblZhQWUxMDAwMGcwN28AAgRzizlbAwQAAAAA',
    'from' => 'oF_mkjp-etcFGaY_HUcOqA5ykA7E',
    'to' => 'gh_74fc964c4914',
    'time' => '1548123158',
    'type' => 'text',
    'scene' => 'TZHB15304979069442323--6879',
    'redirection' => true,
    'source' => 'qr',
  ),
)

2019-01-22 10:12:38 response :
------------

2019-01-22 11:51:51 trace :
------------
String:
<xml><ToUserName><![CDATA[gh_74fc964c4914]]></ToUserName>
<FromUserName><![CDATA[oF_mkjoNAr_xaqNV_hE6WtvCS5zU]]></FromUserName>
<CreateTime>1548129110</CreateTime>
<MsgType><![CDATA[event]]></MsgType>
<Event><![CDATA[unsubscribe]]></Event>
<EventKey><![CDATA[]]></EventKey>
</xml>

2019-01-22 13:53:13 trace :
------------
String:
<xml><ToUserName><![CDATA[gh_74fc964c4914]]></ToUserName>
<FromUserName><![CDATA[oF_mkjpsOKiF6yxfb11MGlA6sv5g]]></FromUserName>
<CreateTime>1548136391</CreateTime>
<MsgType><![CDATA[event]]></MsgType>
<Event><![CDATA[SCAN]]></Event>
<EventKey><![CDATA[TZHB15264358179845985--193]]></EventKey>
<Ticket><![CDATA[gQGo8TwAAAAAAAAAAS5odHRwOi8vd2VpeGluLnFxLmNvbS9xLzAySTFJYk52blZhQWUxMDAwME0wN1oAAgTqj-taAwQAAAAA]]></Ticket>
</xml>

2019-01-22 13:53:13 params :
------------
String:
array (
  'rule' => -2,
  'module' => '',
  'message' => 
  array (
    'tousername' => 'gh_74fc964c4914',
    'fromusername' => 'oF_mkjpsOKiF6yxfb11MGlA6sv5g',
    'createtime' => '1548136391',
    'msgtype' => 'event',
    'event' => 'SCAN',
    'eventkey' => 'TZHB15264358179845985--193',
    'ticket' => 'gQGo8TwAAAAAAAAAAS5odHRwOi8vd2VpeGluLnFxLmNvbS9xLzAySTFJYk52blZhQWUxMDAwME0wN1oAAgTqj-taAwQAAAAA',
    'from' => 'oF_mkjpsOKiF6yxfb11MGlA6sv5g',
    'to' => 'gh_74fc964c4914',
    'time' => '1548136391',
    'type' => 'text',
    'scene' => 'TZHB15264358179845985--193',
    'redirection' => true,
    'source' => 'qr',
  ),
)

2019-01-22 13:53:13 response :
------------

2019-01-22 13:53:14 trace :
------------
String:
<xml><ToUserName><![CDATA[gh_74fc964c4914]]></ToUserName>
<FromUserName><![CDATA[oF_mkjpsOKiF6yxfb11MGlA6sv5g]]></FromUserName>
<CreateTime>1548136393</CreateTime>
<MsgType><![CDATA[event]]></MsgType>
<Event><![CDATA[LOCATION]]></Event>
<Latitude>28.662319</Latitude>
<Longitude>115.934708</Longitude>
<Precision>220.000000</Precision>
</xml>

2019-01-22 13:53:14 params :
------------
String:
array (
  'message' => 
  array (
    'tousername' => 'gh_74fc964c4914',
    'fromusername' => 'oF_mkjpsOKiF6yxfb11MGlA6sv5g',
    'createtime' => '1548136393',
    'msgtype' => 'event',
    'event' => 'LOCATION',
    'latitude' => '28.662319',
    'longitude' => '115.934708',
    'precision' => '220.000000',
    'from' => 'oF_mkjpsOKiF6yxfb11MGlA6sv5g',
    'to' => 'gh_74fc964c4914',
    'time' => '1548136393',
    'type' => 'trace',
    'location_x' => '28.662319',
    'location_y' => '115.934708',
  ),
  'module' => 'default',
  'rule' => '-1',
)

2019-01-22 13:53:14 response :
------------
Array:
errno : -1 ;
message : Invaild value ;

2019-01-22 13:53:49 trace :
------------
String:
<xml><ToUserName><![CDATA[gh_74fc964c4914]]></ToUserName>
<FromUserName><![CDATA[oF_mkjpsOKiF6yxfb11MGlA6sv5g]]></FromUserName>
<CreateTime>1548136429</CreateTime>
<MsgType><![CDATA[event]]></MsgType>
<Event><![CDATA[LOCATION]]></Event>
<Latitude>28.662319</Latitude>
<Longitude>115.934708</Longitude>
<Precision>220.000000</Precision>
</xml>

2019-01-22 13:53:49 params :
------------
String:
array (
  'message' => 
  array (
    'tousername' => 'gh_74fc964c4914',
    'fromusername' => 'oF_mkjpsOKiF6yxfb11MGlA6sv5g',
    'createtime' => '1548136429',
    'msgtype' => 'event',
    'event' => 'LOCATION',
    'latitude' => '28.662319',
    'longitude' => '115.934708',
    'precision' => '220.000000',
    'from' => 'oF_mkjpsOKiF6yxfb11MGlA6sv5g',
    'to' => 'gh_74fc964c4914',
    'time' => '1548136429',
    'type' => 'trace',
    'location_x' => '28.662319',
    'location_y' => '115.934708',
  ),
  'module' => 'default',
  'rule' => '-1',
)

2019-01-22 13:53:49 response :
------------
Array:
errno : -1 ;
message : Invaild value ;

2019-01-22 13:57:17 trace :
------------
String:
<xml><ToUserName><![CDATA[gh_74fc964c4914]]></ToUserName>
<FromUserName><![CDATA[oF_mkjhSUz8c_vvjssKcdBkaQ-yc]]></FromUserName>
<CreateTime>1548136635</CreateTime>
<MsgType><![CDATA[event]]></MsgType>
<Event><![CDATA[SCAN]]></Event>
<EventKey><![CDATA[TZHB15444180845086668--11850]]></EventKey>
<Ticket><![CDATA[gQHd8DwAAAAAAAAAAS5odHRwOi8vd2VpeGluLnFxLmNvbS9xLzAyWkxNYk1OblZhQWUxMDAwMGcwN1IAAgQk8w1cAwQAAAAA]]></Ticket>
</xml>

2019-01-22 13:57:17 params :
------------
String:
array (
  'rule' => -2,
  'module' => '',
  'message' => 
  array (
    'tousername' => 'gh_74fc964c4914',
    'fromusername' => 'oF_mkjhSUz8c_vvjssKcdBkaQ-yc',
    'createtime' => '1548136635',
    'msgtype' => 'event',
    'event' => 'SCAN',
    'eventkey' => 'TZHB15444180845086668--11850',
    'ticket' => 'gQHd8DwAAAAAAAAAAS5odHRwOi8vd2VpeGluLnFxLmNvbS9xLzAyWkxNYk1OblZhQWUxMDAwMGcwN1IAAgQk8w1cAwQAAAAA',
    'from' => 'oF_mkjhSUz8c_vvjssKcdBkaQ-yc',
    'to' => 'gh_74fc964c4914',
    'time' => '1548136635',
    'type' => 'text',
    'scene' => 'TZHB15444180845086668--11850',
    'redirection' => true,
    'source' => 'qr',
  ),
)

2019-01-22 13:57:17 response :
------------

2019-01-22 14:58:16 trace :
------------
String:
<xml><ToUserName><![CDATA[gh_74fc964c4914]]></ToUserName>
<FromUserName><![CDATA[oF_mkjsHj5Erza6Ib4phD1OyKkr0]]></FromUserName>
<CreateTime>1548140294</CreateTime>
<MsgType><![CDATA[event]]></MsgType>
<Event><![CDATA[SCAN]]></Event>
<EventKey><![CDATA[TZHB15367440961168800--11113]]></EventKey>
<Ticket><![CDATA[gQE48jwAAAAAAAAAAS5odHRwOi8vd2VpeGluLnFxLmNvbS9xLzAyT0hpZE43blZhQWUxMDAwMDAwN0gAAgSg2phbAwQAAAAA]]></Ticket>
</xml>

2019-01-22 14:58:16 params :
------------
String:
array (
  'rule' => -2,
  'module' => '',
  'message' => 
  array (
    'tousername' => 'gh_74fc964c4914',
    'fromusername' => 'oF_mkjsHj5Erza6Ib4phD1OyKkr0',
    'createtime' => '1548140294',
    'msgtype' => 'event',
    'event' => 'SCAN',
    'eventkey' => 'TZHB15367440961168800--11113',
    'ticket' => 'gQE48jwAAAAAAAAAAS5odHRwOi8vd2VpeGluLnFxLmNvbS9xLzAyT0hpZE43blZhQWUxMDAwMDAwN0gAAgSg2phbAwQAAAAA',
    'from' => 'oF_mkjsHj5Erza6Ib4phD1OyKkr0',
    'to' => 'gh_74fc964c4914',
    'time' => '1548140294',
    'type' => 'text',
    'scene' => 'TZHB15367440961168800--11113',
    'redirection' => true,
    'source' => 'qr',
  ),
)

2019-01-22 14:58:16 response :
------------

2019-01-22 16:27:38 trace :
------------
String:
<xml><ToUserName><![CDATA[gh_74fc964c4914]]></ToUserName>
<FromUserName><![CDATA[oF_mkjvzF23uDYhH69xlD40LXess]]></FromUserName>
<CreateTime>1548145658</CreateTime>
<MsgType><![CDATA[event]]></MsgType>
<Event><![CDATA[SCAN]]></Event>
<EventKey><![CDATA[TZHB15264370430721707--1571]]></EventKey>
<Ticket><![CDATA[gQFB8TwAAAAAAAAAAS5odHRwOi8vd2VpeGluLnFxLmNvbS9xLzAyUXdyek1kblZhQWUxMDAwMHcwN00AAgSzlPtaAwQAAAAA]]></Ticket>
</xml>

2019-01-22 16:27:38 params :
------------
String:
array (
  'rule' => -2,
  'module' => '',
  'message' => 
  array (
    'tousername' => 'gh_74fc964c4914',
    'fromusername' => 'oF_mkjvzF23uDYhH69xlD40LXess',
    'createtime' => '1548145658',
    'msgtype' => 'event',
    'event' => 'SCAN',
    'eventkey' => 'TZHB15264370430721707--1571',
    'ticket' => 'gQFB8TwAAAAAAAAAAS5odHRwOi8vd2VpeGluLnFxLmNvbS9xLzAyUXdyek1kblZhQWUxMDAwMHcwN00AAgSzlPtaAwQAAAAA',
    'from' => 'oF_mkjvzF23uDYhH69xlD40LXess',
    'to' => 'gh_74fc964c4914',
    'time' => '1548145658',
    'type' => 'text',
    'scene' => 'TZHB15264370430721707--1571',
    'redirection' => true,
    'source' => 'qr',
  ),
)

2019-01-22 16:27:38 response :
------------

2019-01-22 17:01:26 trace :
------------
String:
<xml><ToUserName><![CDATA[gh_74fc964c4914]]></ToUserName>
<FromUserName><![CDATA[oF_mkjv7vr1-xZTAXU038AIvv-sE]]></FromUserName>
<CreateTime>1548147685</CreateTime>
<MsgType><![CDATA[event]]></MsgType>
<Event><![CDATA[VIEW]]></Event>
<EventKey><![CDATA[http://mp.weixin.qq.com/s?__biz=MjM5MzE3NjM0Mw==&mid=503568901&idx=1&sn=68e38de4e280a77f6a9d4729e7b63342&chksm=3d6c747d0a1bfd6b9891ec8de146b4e8934a8e3f178d5f12a5de9984b0c8826680160a8d6af5&scene=18#wechat_redirect]]></EventKey>
<MenuId>503048253</MenuId>
</xml>

2019-01-22 17:01:26 params :
------------
String:
array (
  'message' => 
  array (
    'tousername' => 'gh_74fc964c4914',
    'fromusername' => 'oF_mkjv7vr1-xZTAXU038AIvv-sE',
    'createtime' => '1548147685',
    'msgtype' => 'event',
    'event' => 'VIEW',
    'eventkey' => 'http://mp.weixin.qq.com/s?__biz=MjM5MzE3NjM0Mw==&mid=503568901&idx=1&sn=68e38de4e280a77f6a9d4729e7b63342&chksm=3d6c747d0a1bfd6b9891ec8de146b4e8934a8e3f178d5f12a5de9984b0c8826680160a8d6af5&scene=18#wechat_redirect',
    'menuid' => '503048253',
    'from' => 'oF_mkjv7vr1-xZTAXU038AIvv-sE',
    'to' => 'gh_74fc964c4914',
    'time' => '1548147685',
    'type' => 'text',
    'content' => 'http://mp.weixin.qq.com/s?__biz=MjM5MzE3NjM0Mw==&mid=503568901&idx=1&sn=68e38de4e280a77f6a9d4729e7b63342&chksm=3d6c747d0a1bfd6b9891ec8de146b4e8934a8e3f178d5f12a5de9984b0c8826680160a8d6af5&scene=18#wechat_redirect',
    'redirection' => true,
    'source' => 'VIEW',
  ),
  'module' => 'reply',
  'rule' => '25',
  'priority' => '0',
  'keyword' => 
  array (
    'id' => '32',
    'rid' => '25',
    'uniacid' => '2',
    'module' => 'reply',
    'content' => 'f1',
    'type' => '2',
    'displayorder' => '0',
    'status' => '1',
    'reply_type' => 
    array (
      0 => 'news',
    ),
  ),
  'reply_type' => 
  array (
    0 => 'news',
  ),
)

2019-01-22 17:01:26 response :
------------
Array:
FromUserName : gh_74fc964c4914 ;
ToUserName : oF_mkjv7vr1-xZTAXU038AIvv-sE ;
MsgType : news ;
ArticleCount : 1 ;
Articles : Array ;

2019-01-22 17:44:31 trace :
------------
String:
<xml><ToUserName><![CDATA[gh_74fc964c4914]]></ToUserName>
<FromUserName><![CDATA[oF_mkjuBryomdRwMLV1bLJwKZD5I]]></FromUserName>
<CreateTime>1548150270</CreateTime>
<MsgType><![CDATA[event]]></MsgType>
<Event><![CDATA[SCAN]]></Event>
<EventKey><![CDATA[TZHB15444180840227317--11846]]></EventKey>
<Ticket><![CDATA[gQEu8TwAAAAAAAAAAS5odHRwOi8vd2VpeGluLnFxLmNvbS9xLzAyNkM5WU4xblZhQWUxMDAwMHcwN1cAAgQk8w1cAwQAAAAA]]></Ticket>
</xml>

2019-01-22 17:44:32 params :
------------
String:
array (
  'rule' => -2,
  'module' => '',
  'message' => 
  array (
    'tousername' => 'gh_74fc964c4914',
    'fromusername' => 'oF_mkjuBryomdRwMLV1bLJwKZD5I',
    'createtime' => '1548150270',
    'msgtype' => 'event',
    'event' => 'SCAN',
    'eventkey' => 'TZHB15444180840227317--11846',
    'ticket' => 'gQEu8TwAAAAAAAAAAS5odHRwOi8vd2VpeGluLnFxLmNvbS9xLzAyNkM5WU4xblZhQWUxMDAwMHcwN1cAAgQk8w1cAwQAAAAA',
    'from' => 'oF_mkjuBryomdRwMLV1bLJwKZD5I',
    'to' => 'gh_74fc964c4914',
    'time' => '1548150270',
    'type' => 'text',
    'scene' => 'TZHB15444180840227317--11846',
    'redirection' => true,
    'source' => 'qr',
  ),
)

2019-01-22 17:44:32 response :
------------

2019-01-22 18:27:22 trace :
------------
String:
<xml><ToUserName><![CDATA[gh_74fc964c4914]]></ToUserName>
<FromUserName><![CDATA[oF_mkjkgaefGnTMsGcljmCid32dI]]></FromUserName>
<CreateTime>1548152840</CreateTime>
<MsgType><![CDATA[event]]></MsgType>
<Event><![CDATA[SCAN]]></Event>
<EventKey><![CDATA[TZHB15367441726141813--11455]]></EventKey>
<Ticket><![CDATA[gQHI8TwAAAAAAAAAAS5odHRwOi8vd2VpeGluLnFxLmNvbS9xLzAyRGVZMk5HblZhQWUxMDAwME0wN28AAgTs2phbAwQAAAAA]]></Ticket>
</xml>

2019-01-22 18:27:22 params :
------------
String:
array (
  'rule' => -2,
  'module' => '',
  'message' => 
  array (
    'tousername' => 'gh_74fc964c4914',
    'fromusername' => 'oF_mkjkgaefGnTMsGcljmCid32dI',
    'createtime' => '1548152840',
    'msgtype' => 'event',
    'event' => 'SCAN',
    'eventkey' => 'TZHB15367441726141813--11455',
    'ticket' => 'gQHI8TwAAAAAAAAAAS5odHRwOi8vd2VpeGluLnFxLmNvbS9xLzAyRGVZMk5HblZhQWUxMDAwME0wN28AAgTs2phbAwQAAAAA',
    'from' => 'oF_mkjkgaefGnTMsGcljmCid32dI',
    'to' => 'gh_74fc964c4914',
    'time' => '1548152840',
    'type' => 'text',
    'scene' => 'TZHB15367441726141813--11455',
    'redirection' => true,
    'source' => 'qr',
  ),
)

2019-01-22 18:27:22 response :
------------

2019-01-22 19:20:19 trace :
------------
String:
<xml><ToUserName><![CDATA[gh_74fc964c4914]]></ToUserName>
<FromUserName><![CDATA[oF_mkjv7vr1-xZTAXU038AIvv-sE]]></FromUserName>
<CreateTime>1548156019</CreateTime>
<MsgType><![CDATA[event]]></MsgType>
<Event><![CDATA[VIEW]]></Event>
<EventKey><![CDATA[http://mp.weixin.qq.com/s?__biz=MjM5MzE3NjM0Mw==&mid=503568901&idx=1&sn=68e38de4e280a77f6a9d4729e7b63342&chksm=3d6c747d0a1bfd6b9891ec8de146b4e8934a8e3f178d5f12a5de9984b0c8826680160a8d6af5&scene=18#wechat_redirect]]></EventKey>
<MenuId>503048253</MenuId>
</xml>

2019-01-22 19:20:19 params :
------------
String:
array (
  'message' => 
  array (
    'tousername' => 'gh_74fc964c4914',
    'fromusername' => 'oF_mkjv7vr1-xZTAXU038AIvv-sE',
    'createtime' => '1548156019',
    'msgtype' => 'event',
    'event' => 'VIEW',
    'eventkey' => 'http://mp.weixin.qq.com/s?__biz=MjM5MzE3NjM0Mw==&mid=503568901&idx=1&sn=68e38de4e280a77f6a9d4729e7b63342&chksm=3d6c747d0a1bfd6b9891ec8de146b4e8934a8e3f178d5f12a5de9984b0c8826680160a8d6af5&scene=18#wechat_redirect',
    'menuid' => '503048253',
    'from' => 'oF_mkjv7vr1-xZTAXU038AIvv-sE',
    'to' => 'gh_74fc964c4914',
    'time' => '1548156019',
    'type' => 'text',
    'content' => 'http://mp.weixin.qq.com/s?__biz=MjM5MzE3NjM0Mw==&mid=503568901&idx=1&sn=68e38de4e280a77f6a9d4729e7b63342&chksm=3d6c747d0a1bfd6b9891ec8de146b4e8934a8e3f178d5f12a5de9984b0c8826680160a8d6af5&scene=18#wechat_redirect',
    'redirection' => true,
    'source' => 'VIEW',
  ),
  'module' => 'reply',
  'rule' => '25',
  'priority' => '0',
  'keyword' => 
  array (
    'id' => '32',
    'rid' => '25',
    'uniacid' => '2',
    'module' => 'reply',
    'content' => 'f1',
    'type' => '2',
    'displayorder' => '0',
    'status' => '1',
    'reply_type' => 
    array (
      0 => 'news',
    ),
  ),
  'reply_type' => 
  array (
    0 => 'news',
  ),
)

2019-01-22 19:20:19 response :
------------
Array:
FromUserName : gh_74fc964c4914 ;
ToUserName : oF_mkjv7vr1-xZTAXU038AIvv-sE ;
MsgType : news ;
ArticleCount : 1 ;
Articles : Array ;

2019-01-22 19:51:18 trace :
------------
String:
<xml><ToUserName><![CDATA[gh_74fc964c4914]]></ToUserName>
<FromUserName><![CDATA[oF_mkjqp_ysVNlJsSygKZNg6qcs8]]></FromUserName>
<CreateTime>1548157877</CreateTime>
<MsgType><![CDATA[event]]></MsgType>
<Event><![CDATA[SCAN]]></Event>
<EventKey><![CDATA[TZHB15304975913372915--5704]]></EventKey>
<Ticket><![CDATA[gQEx8TwAAAAAAAAAAS5odHRwOi8vd2VpeGluLnFxLmNvbS9xLzAyM1g5Zk1YblZhQWUxMDAwMGcwN0oAAgQ3ijlbAwQAAAAA]]></Ticket>
</xml>

2019-01-22 19:51:18 params :
------------
String:
array (
  'rule' => -2,
  'module' => '',
  'message' => 
  array (
    'tousername' => 'gh_74fc964c4914',
    'fromusername' => 'oF_mkjqp_ysVNlJsSygKZNg6qcs8',
    'createtime' => '1548157877',
    'msgtype' => 'event',
    'event' => 'SCAN',
    'eventkey' => 'TZHB15304975913372915--5704',
    'ticket' => 'gQEx8TwAAAAAAAAAAS5odHRwOi8vd2VpeGluLnFxLmNvbS9xLzAyM1g5Zk1YblZhQWUxMDAwMGcwN0oAAgQ3ijlbAwQAAAAA',
    'from' => 'oF_mkjqp_ysVNlJsSygKZNg6qcs8',
    'to' => 'gh_74fc964c4914',
    'time' => '1548157877',
    'type' => 'text',
    'scene' => 'TZHB15304975913372915--5704',
    'redirection' => true,
    'source' => 'qr',
  ),
)

2019-01-22 19:51:18 response :
------------

2019-01-22 19:51:19 trace :
------------
String:
<xml><ToUserName><![CDATA[gh_74fc964c4914]]></ToUserName>
<FromUserName><![CDATA[oF_mkjqp_ysVNlJsSygKZNg6qcs8]]></FromUserName>
<CreateTime>1548157878</CreateTime>
<MsgType><![CDATA[event]]></MsgType>
<Event><![CDATA[LOCATION]]></Event>
<Latitude>26.481108</Latitude>
<Longitude>116.002693</Longitude>
<Precision>110.000000</Precision>
</xml>

2019-01-22 19:51:19 params :
------------
String:
array (
  'message' => 
  array (
    'tousername' => 'gh_74fc964c4914',
    'fromusername' => 'oF_mkjqp_ysVNlJsSygKZNg6qcs8',
    'createtime' => '1548157878',
    'msgtype' => 'event',
    'event' => 'LOCATION',
    'latitude' => '26.481108',
    'longitude' => '116.002693',
    'precision' => '110.000000',
    'from' => 'oF_mkjqp_ysVNlJsSygKZNg6qcs8',
    'to' => 'gh_74fc964c4914',
    'time' => '1548157878',
    'type' => 'trace',
    'location_x' => '26.481108',
    'location_y' => '116.002693',
  ),
  'module' => 'default',
  'rule' => '-1',
)

2019-01-22 19:51:19 response :
------------
Array:
errno : -1 ;
message : Invaild value ;

2019-01-22 19:51:26 trace :
------------
String:
<xml><ToUserName><![CDATA[gh_74fc964c4914]]></ToUserName>
<FromUserName><![CDATA[oF_mkjqp_ysVNlJsSygKZNg6qcs8]]></FromUserName>
<CreateTime>1548157885</CreateTime>
<MsgType><![CDATA[event]]></MsgType>
<Event><![CDATA[LOCATION]]></Event>
<Latitude>26.481108</Latitude>
<Longitude>116.002693</Longitude>
<Precision>110.000000</Precision>
</xml>

2019-01-22 19:51:26 params :
------------
String:
array (
  'message' => 
  array (
    'tousername' => 'gh_74fc964c4914',
    'fromusername' => 'oF_mkjqp_ysVNlJsSygKZNg6qcs8',
    'createtime' => '1548157885',
    'msgtype' => 'event',
    'event' => 'LOCATION',
    'latitude' => '26.481108',
    'longitude' => '116.002693',
    'precision' => '110.000000',
    'from' => 'oF_mkjqp_ysVNlJsSygKZNg6qcs8',
    'to' => 'gh_74fc964c4914',
    'time' => '1548157885',
    'type' => 'trace',
    'location_x' => '26.481108',
    'location_y' => '116.002693',
  ),
  'module' => 'default',
  'rule' => '-1',
)

2019-01-22 19:51:26 response :
------------
Array:
errno : -1 ;
message : Invaild value ;

2019-01-22 22:08:48 trace :
------------
String:
<xml><ToUserName><![CDATA[gh_74fc964c4914]]></ToUserName>
<FromUserName><![CDATA[oF_mkjvjrxJkIt18efTTpBfgLI2I]]></FromUserName>
<CreateTime>1548166127</CreateTime>
<MsgType><![CDATA[event]]></MsgType>
<Event><![CDATA[subscribe]]></Event>
<EventKey><![CDATA[qrscene_TZHB15264358702404612--434]]></EventKey>
<Ticket><![CDATA[gQHV8TwAAAAAAAAAAS5odHRwOi8vd2VpeGluLnFxLmNvbS9xLzAyT1RjME0xblZhQWUxMDAwME0wNy0AAgQekPtaAwQAAAAA]]></Ticket>
</xml>

2019-01-22 22:08:48 params :
------------
String:
array (
  'message' => 
  array (
    'tousername' => 'gh_74fc964c4914',
    'fromusername' => 'oF_mkjvjrxJkIt18efTTpBfgLI2I',
    'createtime' => '1548166127',
    'msgtype' => 'event',
    'event' => 'subscribe',
    'eventkey' => 'qrscene_TZHB15264358702404612--434',
    'ticket' => 'gQHV8TwAAAAAAAAAAS5odHRwOi8vd2VpeGluLnFxLmNvbS9xLzAyT1RjME0xblZhQWUxMDAwME0wNy0AAgQekPtaAwQAAAAA',
    'from' => 'oF_mkjvjrxJkIt18efTTpBfgLI2I',
    'to' => 'gh_74fc964c4914',
    'time' => '1548166127',
    'type' => 'text',
    'scene' => 'TZHB15264358702404612--434',
    'redirection' => true,
    'source' => 'subscribe',
    'content' => '首次关注',
  ),
  'module' => 'reply',
  'rule' => '9',
  'priority' => '0',
  'keyword' => 
  array (
    'id' => '116',
    'rid' => '9',
    'uniacid' => '2',
    'module' => 'reply',
    'content' => '首次关注',
    'type' => '1',
    'displayorder' => '0',
    'status' => '1',
    'reply_type' => 
    array (
      0 => 'basic',
    ),
  ),
  'reply_type' => 
  array (
    0 => 'basic',
  ),
)

2019-01-22 22:08:48 response :
------------
Array:
FromUserName : gh_74fc964c4914 ;
ToUserName : oF_mkjvjrxJkIt18efTTpBfgLI2I ;
MsgType : text ;
Content : 您好，感谢您关注奔瑞汽车用品！360°汽车服务解决方案提供商。业务领域涵盖高端美容、二手翻新及快速钣喷等，欢迎与我们联系。
您也可以回复以下数字，查看相关信息。
【1】品牌介绍
【2】核心项目
【3】合作支持
【4】产品中心
【5】联系方式
您可以留言或拨打客服热线 4006669243 更多资讯，您可以访问奔瑞官网 www.benrui.cn
意见，建议反馈信息请直接回复，谢谢。 ;

2019-01-22 22:09:13 trace :
------------
String:
<xml><ToUserName><![CDATA[gh_74fc964c4914]]></ToUserName>
<FromUserName><![CDATA[oF_mkjvjrxJkIt18efTTpBfgLI2I]]></FromUserName>
<CreateTime>1548166151</CreateTime>
<MsgType><![CDATA[event]]></MsgType>
<Event><![CDATA[SCAN]]></Event>
<EventKey><![CDATA[TZHB15264358123666968--167]]></EventKey>
<Ticket><![CDATA[gQH68TwAAAAAAAAAAS5odHRwOi8vd2VpeGluLnFxLmNvbS9xLzAyRzUzaE01blZhQWUxMDAwMGcwN0QAAgTkj-taAwQAAAAA]]></Ticket>
</xml>

2019-01-22 22:09:13 params :
------------
String:
array (
  'rule' => -2,
  'module' => '',
  'message' => 
  array (
    'tousername' => 'gh_74fc964c4914',
    'fromusername' => 'oF_mkjvjrxJkIt18efTTpBfgLI2I',
    'createtime' => '1548166151',
    'msgtype' => 'event',
    'event' => 'SCAN',
    'eventkey' => 'TZHB15264358123666968--167',
    'ticket' => 'gQH68TwAAAAAAAAAAS5odHRwOi8vd2VpeGluLnFxLmNvbS9xLzAyRzUzaE01blZhQWUxMDAwMGcwN0QAAgTkj-taAwQAAAAA',
    'from' => 'oF_mkjvjrxJkIt18efTTpBfgLI2I',
    'to' => 'gh_74fc964c4914',
    'time' => '1548166151',
    'type' => 'text',
    'scene' => 'TZHB15264358123666968--167',
    'redirection' => true,
    'source' => 'qr',
  ),
)

2019-01-22 22:09:13 response :
------------

