2019-01-17 00:17:28 trace :
------------
String:
<xml><ToUserName><![CDATA[gh_74fc964c4914]]></ToUserName>
<FromUserName><![CDATA[oF_mkjnXrfsTxss8rUtYEZRD911g]]></FromUserName>
<CreateTime>1547655446</CreateTime>
<MsgType><![CDATA[event]]></MsgType>
<Event><![CDATA[SCAN]]></Event>
<EventKey><![CDATA[TZHB15367432846279179--9756]]></EventKey>
<Ticket><![CDATA[gQFV8TwAAAAAAAAAAS5odHRwOi8vd2VpeGluLnFxLmNvbS9xLzAyaEd5LU1qblZhQWUxMDAwMDAwNzcAAgR015hbAwQAAAAA]]></Ticket>
</xml>

2019-01-17 00:17:28 params :
------------
String:
array (
  'rule' => -2,
  'module' => '',
  'message' => 
  array (
    'tousername' => 'gh_74fc964c4914',
    'fromusername' => 'oF_mkjnXrfsTxss8rUtYEZRD911g',
    'createtime' => '1547655446',
    'msgtype' => 'event',
    'event' => 'SCAN',
    'eventkey' => 'TZHB15367432846279179--9756',
    'ticket' => 'gQFV8TwAAAAAAAAAAS5odHRwOi8vd2VpeGluLnFxLmNvbS9xLzAyaEd5LU1qblZhQWUxMDAwMDAwNzcAAgR015hbAwQAAAAA',
    'from' => 'oF_mkjnXrfsTxss8rUtYEZRD911g',
    'to' => 'gh_74fc964c4914',
    'time' => '1547655446',
    'type' => 'text',
    'scene' => 'TZHB15367432846279179--9756',
    'redirection' => true,
    'source' => 'qr',
  ),
)

2019-01-17 00:17:28 response :
------------

2019-01-17 00:17:28 trace :
------------
String:
<xml><ToUserName><![CDATA[gh_74fc964c4914]]></ToUserName>
<FromUserName><![CDATA[oF_mkjnXrfsTxss8rUtYEZRD911g]]></FromUserName>
<CreateTime>1547655448</CreateTime>
<MsgType><![CDATA[event]]></MsgType>
<Event><![CDATA[LOCATION]]></Event>
<Latitude>30.217861</Latitude>
<Longitude>120.266815</Longitude>
<Precision>30.000000</Precision>
</xml>

2019-01-17 00:17:28 params :
------------
String:
array (
  'message' => 
  array (
    'tousername' => 'gh_74fc964c4914',
    'fromusername' => 'oF_mkjnXrfsTxss8rUtYEZRD911g',
    'createtime' => '1547655448',
    'msgtype' => 'event',
    'event' => 'LOCATION',
    'latitude' => '30.217861',
    'longitude' => '120.266815',
    'precision' => '30.000000',
    'from' => 'oF_mkjnXrfsTxss8rUtYEZRD911g',
    'to' => 'gh_74fc964c4914',
    'time' => '1547655448',
    'type' => 'trace',
    'location_x' => '30.217861',
    'location_y' => '120.266815',
  ),
  'module' => 'default',
  'rule' => '-1',
)

2019-01-17 00:17:28 response :
------------
Array:
errno : -1 ;
message : Invaild value ;

2019-01-17 00:17:33 trace :
------------
String:
<xml><ToUserName><![CDATA[gh_74fc964c4914]]></ToUserName>
<FromUserName><![CDATA[oF_mkjnXrfsTxss8rUtYEZRD911g]]></FromUserName>
<CreateTime>1547655453</CreateTime>
<MsgType><![CDATA[event]]></MsgType>
<Event><![CDATA[LOCATION]]></Event>
<Latitude>30.217861</Latitude>
<Longitude>120.266815</Longitude>
<Precision>30.000000</Precision>
</xml>

2019-01-17 00:17:33 params :
------------
String:
array (
  'message' => 
  array (
    'tousername' => 'gh_74fc964c4914',
    'fromusername' => 'oF_mkjnXrfsTxss8rUtYEZRD911g',
    'createtime' => '1547655453',
    'msgtype' => 'event',
    'event' => 'LOCATION',
    'latitude' => '30.217861',
    'longitude' => '120.266815',
    'precision' => '30.000000',
    'from' => 'oF_mkjnXrfsTxss8rUtYEZRD911g',
    'to' => 'gh_74fc964c4914',
    'time' => '1547655453',
    'type' => 'trace',
    'location_x' => '30.217861',
    'location_y' => '120.266815',
  ),
  'module' => 'default',
  'rule' => '-1',
)

2019-01-17 00:17:33 response :
------------
Array:
errno : -1 ;
message : Invaild value ;

2019-01-17 00:17:41 trace :
------------
String:
<xml><ToUserName><![CDATA[gh_74fc964c4914]]></ToUserName>
<FromUserName><![CDATA[oF_mkjnXrfsTxss8rUtYEZRD911g]]></FromUserName>
<CreateTime>1547655461</CreateTime>
<MsgType><![CDATA[event]]></MsgType>
<Event><![CDATA[LOCATION]]></Event>
<Latitude>30.217867</Latitude>
<Longitude>120.266724</Longitude>
<Precision>30.000000</Precision>
</xml>

2019-01-17 00:17:41 params :
------------
String:
array (
  'message' => 
  array (
    'tousername' => 'gh_74fc964c4914',
    'fromusername' => 'oF_mkjnXrfsTxss8rUtYEZRD911g',
    'createtime' => '1547655461',
    'msgtype' => 'event',
    'event' => 'LOCATION',
    'latitude' => '30.217867',
    'longitude' => '120.266724',
    'precision' => '30.000000',
    'from' => 'oF_mkjnXrfsTxss8rUtYEZRD911g',
    'to' => 'gh_74fc964c4914',
    'time' => '1547655461',
    'type' => 'trace',
    'location_x' => '30.217867',
    'location_y' => '120.266724',
  ),
  'module' => 'default',
  'rule' => '-1',
)

2019-01-17 00:17:41 response :
------------
Array:
errno : -1 ;
message : Invaild value ;

2019-01-17 00:55:04 trace :
------------
String:
<xml><ToUserName><![CDATA[gh_74fc964c4914]]></ToUserName>
<FromUserName><![CDATA[oF_mkjnXrfsTxss8rUtYEZRD911g]]></FromUserName>
<CreateTime>1547657703</CreateTime>
<MsgType><![CDATA[event]]></MsgType>
<Event><![CDATA[LOCATION]]></Event>
<Latitude>30.217916</Latitude>
<Longitude>120.267563</Longitude>
<Precision>30.000000</Precision>
</xml>

2019-01-17 00:55:04 params :
------------
String:
array (
  'message' => 
  array (
    'tousername' => 'gh_74fc964c4914',
    'fromusername' => 'oF_mkjnXrfsTxss8rUtYEZRD911g',
    'createtime' => '1547657703',
    'msgtype' => 'event',
    'event' => 'LOCATION',
    'latitude' => '30.217916',
    'longitude' => '120.267563',
    'precision' => '30.000000',
    'from' => 'oF_mkjnXrfsTxss8rUtYEZRD911g',
    'to' => 'gh_74fc964c4914',
    'time' => '1547657703',
    'type' => 'trace',
    'location_x' => '30.217916',
    'location_y' => '120.267563',
  ),
  'module' => 'default',
  'rule' => '-1',
)

2019-01-17 00:55:04 response :
------------
Array:
errno : -1 ;
message : Invaild value ;

2019-01-17 02:51:07 trace :
------------
String:
<xml><ToUserName><![CDATA[gh_74fc964c4914]]></ToUserName>
<FromUserName><![CDATA[oF_mkjnXrfsTxss8rUtYEZRD911g]]></FromUserName>
<CreateTime>1547664666</CreateTime>
<MsgType><![CDATA[event]]></MsgType>
<Event><![CDATA[LOCATION]]></Event>
<Latitude>30.217993</Latitude>
<Longitude>120.266998</Longitude>
<Precision>30.000000</Precision>
</xml>

2019-01-17 02:51:07 params :
------------
String:
array (
  'message' => 
  array (
    'tousername' => 'gh_74fc964c4914',
    'fromusername' => 'oF_mkjnXrfsTxss8rUtYEZRD911g',
    'createtime' => '1547664666',
    'msgtype' => 'event',
    'event' => 'LOCATION',
    'latitude' => '30.217993',
    'longitude' => '120.266998',
    'precision' => '30.000000',
    'from' => 'oF_mkjnXrfsTxss8rUtYEZRD911g',
    'to' => 'gh_74fc964c4914',
    'time' => '1547664666',
    'type' => 'trace',
    'location_x' => '30.217993',
    'location_y' => '120.266998',
  ),
  'module' => 'default',
  'rule' => '-1',
)

2019-01-17 02:51:07 response :
------------
Array:
errno : -1 ;
message : Invaild value ;

2019-01-17 06:17:22 trace :
------------
String:
<xml><ToUserName><![CDATA[gh_74fc964c4914]]></ToUserName>
<FromUserName><![CDATA[oF_mkjo1W8li_CgCaGiIMu9FDDFQ]]></FromUserName>
<CreateTime>1547677042</CreateTime>
<MsgType><![CDATA[event]]></MsgType>
<Event><![CDATA[LOCATION]]></Event>
<Latitude>31.960741</Latitude>
<Longitude>118.833344</Longitude>
<Precision>30.000000</Precision>
</xml>

2019-01-17 06:17:22 params :
------------
String:
array (
  'message' => 
  array (
    'tousername' => 'gh_74fc964c4914',
    'fromusername' => 'oF_mkjo1W8li_CgCaGiIMu9FDDFQ',
    'createtime' => '1547677042',
    'msgtype' => 'event',
    'event' => 'LOCATION',
    'latitude' => '31.960741',
    'longitude' => '118.833344',
    'precision' => '30.000000',
    'from' => 'oF_mkjo1W8li_CgCaGiIMu9FDDFQ',
    'to' => 'gh_74fc964c4914',
    'time' => '1547677042',
    'type' => 'trace',
    'location_x' => '31.960741',
    'location_y' => '118.833344',
  ),
  'module' => 'default',
  'rule' => '-1',
)

2019-01-17 06:17:22 response :
------------
Array:
errno : -1 ;
message : Invaild value ;

2019-01-17 09:08:28 trace :
------------
String:
<xml><ToUserName><![CDATA[gh_74fc964c4914]]></ToUserName>
<FromUserName><![CDATA[oF_mkjsS83GG5CsYHWfPbcPM-_E0]]></FromUserName>
<CreateTime>1547687306</CreateTime>
<MsgType><![CDATA[event]]></MsgType>
<Event><![CDATA[SCAN]]></Event>
<EventKey><![CDATA[TZHB15444181887059230--12508]]></EventKey>
<Ticket><![CDATA[gQHx8TwAAAAAAAAAAS5odHRwOi8vd2VpeGluLnFxLmNvbS9xLzAyWjY1Qk1xblZhQWUxMDAwMDAwNzgAAgSM8w1cAwQAAAAA]]></Ticket>
</xml>

2019-01-17 09:08:28 params :
------------
String:
array (
  'rule' => -2,
  'module' => '',
  'message' => 
  array (
    'tousername' => 'gh_74fc964c4914',
    'fromusername' => 'oF_mkjsS83GG5CsYHWfPbcPM-_E0',
    'createtime' => '1547687306',
    'msgtype' => 'event',
    'event' => 'SCAN',
    'eventkey' => 'TZHB15444181887059230--12508',
    'ticket' => 'gQHx8TwAAAAAAAAAAS5odHRwOi8vd2VpeGluLnFxLmNvbS9xLzAyWjY1Qk1xblZhQWUxMDAwMDAwNzgAAgSM8w1cAwQAAAAA',
    'from' => 'oF_mkjsS83GG5CsYHWfPbcPM-_E0',
    'to' => 'gh_74fc964c4914',
    'time' => '1547687306',
    'type' => 'text',
    'scene' => 'TZHB15444181887059230--12508',
    'redirection' => true,
    'source' => 'qr',
  ),
)

2019-01-17 09:08:28 response :
------------

2019-01-17 09:09:14 trace :
------------
String:
<xml><ToUserName><![CDATA[gh_74fc964c4914]]></ToUserName>
<FromUserName><![CDATA[oF_mkjsQX3jJ9XCHrrBHANj3RGZs]]></FromUserName>
<CreateTime>1547687354</CreateTime>
<MsgType><![CDATA[event]]></MsgType>
<Event><![CDATA[SCAN]]></Event>
<EventKey><![CDATA[TZHB15444181729959795--12450]]></EventKey>
<Ticket><![CDATA[gQHa8DwAAAAAAAAAAS5odHRwOi8vd2VpeGluLnFxLmNvbS9xLzAyYUZkM000blZhQWUxMDAwME0wN0cAAgR98w1cAwQAAAAA]]></Ticket>
</xml>

2019-01-17 09:09:14 params :
------------
String:
array (
  'rule' => -2,
  'module' => '',
  'message' => 
  array (
    'tousername' => 'gh_74fc964c4914',
    'fromusername' => 'oF_mkjsQX3jJ9XCHrrBHANj3RGZs',
    'createtime' => '1547687354',
    'msgtype' => 'event',
    'event' => 'SCAN',
    'eventkey' => 'TZHB15444181729959795--12450',
    'ticket' => 'gQHa8DwAAAAAAAAAAS5odHRwOi8vd2VpeGluLnFxLmNvbS9xLzAyYUZkM000blZhQWUxMDAwME0wN0cAAgR98w1cAwQAAAAA',
    'from' => 'oF_mkjsQX3jJ9XCHrrBHANj3RGZs',
    'to' => 'gh_74fc964c4914',
    'time' => '1547687354',
    'type' => 'text',
    'scene' => 'TZHB15444181729959795--12450',
    'redirection' => true,
    'source' => 'qr',
  ),
)

2019-01-17 09:09:14 response :
------------

2019-01-17 09:09:16 trace :
------------
String:
<xml><ToUserName><![CDATA[gh_74fc964c4914]]></ToUserName>
<FromUserName><![CDATA[oF_mkjsQX3jJ9XCHrrBHANj3RGZs]]></FromUserName>
<CreateTime>1547687356</CreateTime>
<MsgType><![CDATA[event]]></MsgType>
<Event><![CDATA[LOCATION]]></Event>
<Latitude>35.112225</Latitude>
<Longitude>118.298439</Longitude>
<Precision>30.000000</Precision>
</xml>

2019-01-17 09:09:16 params :
------------
String:
array (
  'message' => 
  array (
    'tousername' => 'gh_74fc964c4914',
    'fromusername' => 'oF_mkjsQX3jJ9XCHrrBHANj3RGZs',
    'createtime' => '1547687356',
    'msgtype' => 'event',
    'event' => 'LOCATION',
    'latitude' => '35.112225',
    'longitude' => '118.298439',
    'precision' => '30.000000',
    'from' => 'oF_mkjsQX3jJ9XCHrrBHANj3RGZs',
    'to' => 'gh_74fc964c4914',
    'time' => '1547687356',
    'type' => 'trace',
    'location_x' => '35.112225',
    'location_y' => '118.298439',
  ),
  'module' => 'default',
  'rule' => '-1',
)

2019-01-17 09:09:16 response :
------------
Array:
errno : -1 ;
message : Invaild value ;

2019-01-17 10:12:45 trace :
------------
String:
<xml><ToUserName><![CDATA[gh_74fc964c4914]]></ToUserName>
<FromUserName><![CDATA[oF_mkjuKm0DpfKQWn3Ae68gxibzg]]></FromUserName>
<CreateTime>1547691164</CreateTime>
<MsgType><![CDATA[event]]></MsgType>
<Event><![CDATA[subscribe]]></Event>
<EventKey><![CDATA[]]></EventKey>
</xml>

2019-01-17 10:12:46 params :
------------
String:
array (
  'message' => 
  array (
    'tousername' => 'gh_74fc964c4914',
    'fromusername' => 'oF_mkjuKm0DpfKQWn3Ae68gxibzg',
    'createtime' => '1547691164',
    'msgtype' => 'event',
    'event' => 'subscribe',
    'eventkey' => '',
    'from' => 'oF_mkjuKm0DpfKQWn3Ae68gxibzg',
    'to' => 'gh_74fc964c4914',
    'time' => '1547691164',
    'type' => 'text',
    'redirection' => true,
    'source' => 'subscribe',
    'content' => '首次关注',
  ),
  'module' => 'reply',
  'rule' => '9',
  'priority' => '0',
  'keyword' => 
  array (
    'id' => '116',
    'rid' => '9',
    'uniacid' => '2',
    'module' => 'reply',
    'content' => '首次关注',
    'type' => '1',
    'displayorder' => '0',
    'status' => '1',
    'reply_type' => 
    array (
      0 => 'basic',
    ),
  ),
  'reply_type' => 
  array (
    0 => 'basic',
  ),
)

2019-01-17 10:12:46 response :
------------
Array:
FromUserName : gh_74fc964c4914 ;
ToUserName : oF_mkjuKm0DpfKQWn3Ae68gxibzg ;
MsgType : text ;
Content : 您好，感谢您关注奔瑞汽车用品！360°汽车服务解决方案提供商。业务领域涵盖高端美容、二手翻新及快速钣喷等，欢迎与我们联系。
您也可以回复以下数字，查看相关信息。
【1】品牌介绍
【2】核心项目
【3】合作支持
【4】产品中心
【5】联系方式
您可以留言或拨打客服热线 4006669243 更多资讯，您可以访问奔瑞官网 www.benrui.cn
意见，建议反馈信息请直接回复，谢谢。 ;

2019-01-17 12:43:52 trace :
------------
String:
<xml><ToUserName><![CDATA[gh_74fc964c4914]]></ToUserName>
<FromUserName><![CDATA[oF_mkjrZMjus_aOq0U6TwbqhDc_I]]></FromUserName>
<CreateTime>1547700232</CreateTime>
<MsgType><![CDATA[event]]></MsgType>
<Event><![CDATA[unsubscribe]]></Event>
<EventKey><![CDATA[]]></EventKey>
</xml>

2019-01-17 13:33:24 trace :
------------
String:
<xml><ToUserName><![CDATA[gh_74fc964c4914]]></ToUserName>
<FromUserName><![CDATA[oF_mkjmlMNaIB9KTiH-W9wjIz95Y]]></FromUserName>
<CreateTime>1547703202</CreateTime>
<MsgType><![CDATA[event]]></MsgType>
<Event><![CDATA[SCAN]]></Event>
<EventKey><![CDATA[TZHB15444180335485765--11570]]></EventKey>
<Ticket><![CDATA[gQEM8TwAAAAAAAAAAS5odHRwOi8vd2VpeGluLnFxLmNvbS9xLzAyWXc1MU5ablZhQWUxMDAwMHcwN1kAAgTx8g1cAwQAAAAA]]></Ticket>
</xml>

2019-01-17 13:33:24 params :
------------
String:
array (
  'rule' => -2,
  'module' => '',
  'message' => 
  array (
    'tousername' => 'gh_74fc964c4914',
    'fromusername' => 'oF_mkjmlMNaIB9KTiH-W9wjIz95Y',
    'createtime' => '1547703202',
    'msgtype' => 'event',
    'event' => 'SCAN',
    'eventkey' => 'TZHB15444180335485765--11570',
    'ticket' => 'gQEM8TwAAAAAAAAAAS5odHRwOi8vd2VpeGluLnFxLmNvbS9xLzAyWXc1MU5ablZhQWUxMDAwMHcwN1kAAgTx8g1cAwQAAAAA',
    'from' => 'oF_mkjmlMNaIB9KTiH-W9wjIz95Y',
    'to' => 'gh_74fc964c4914',
    'time' => '1547703202',
    'type' => 'text',
    'scene' => 'TZHB15444180335485765--11570',
    'redirection' => true,
    'source' => 'qr',
  ),
)

2019-01-17 13:33:24 response :
------------

2019-01-17 13:41:16 trace :
------------
String:
<xml><ToUserName><![CDATA[gh_74fc964c4914]]></ToUserName>
<FromUserName><![CDATA[oF_mkjlNMLKt19LDmwYIDPsM6t0g]]></FromUserName>
<CreateTime>1547703675</CreateTime>
<MsgType><![CDATA[event]]></MsgType>
<Event><![CDATA[unsubscribe]]></Event>
<EventKey><![CDATA[]]></EventKey>
</xml>

2019-01-17 13:52:07 trace :
------------
String:
<xml><ToUserName><![CDATA[gh_74fc964c4914]]></ToUserName>
<FromUserName><![CDATA[oF_mkjsBw3kv3SN5T132-6372GTI]]></FromUserName>
<CreateTime>1547704325</CreateTime>
<MsgType><![CDATA[event]]></MsgType>
<Event><![CDATA[SCAN]]></Event>
<EventKey><![CDATA[TZHB15304978790932925--6633]]></EventKey>
<Ticket><![CDATA[gQEY8TwAAAAAAAAAAS5odHRwOi8vd2VpeGluLnFxLmNvbS9xLzAyWlhSN01FblZhQWUxMDAwMHcwNzQAAgRXizlbAwQAAAAA]]></Ticket>
</xml>

2019-01-17 13:52:07 params :
------------
String:
array (
  'rule' => -2,
  'module' => '',
  'message' => 
  array (
    'tousername' => 'gh_74fc964c4914',
    'fromusername' => 'oF_mkjsBw3kv3SN5T132-6372GTI',
    'createtime' => '1547704325',
    'msgtype' => 'event',
    'event' => 'SCAN',
    'eventkey' => 'TZHB15304978790932925--6633',
    'ticket' => 'gQEY8TwAAAAAAAAAAS5odHRwOi8vd2VpeGluLnFxLmNvbS9xLzAyWlhSN01FblZhQWUxMDAwMHcwNzQAAgRXizlbAwQAAAAA',
    'from' => 'oF_mkjsBw3kv3SN5T132-6372GTI',
    'to' => 'gh_74fc964c4914',
    'time' => '1547704325',
    'type' => 'text',
    'scene' => 'TZHB15304978790932925--6633',
    'redirection' => true,
    'source' => 'qr',
  ),
)

2019-01-17 13:52:07 response :
------------

2019-01-17 13:52:15 trace :
------------
String:
<xml><ToUserName><![CDATA[gh_74fc964c4914]]></ToUserName>
<FromUserName><![CDATA[oF_mkjsBw3kv3SN5T132-6372GTI]]></FromUserName>
<CreateTime>1547704335</CreateTime>
<MsgType><![CDATA[event]]></MsgType>
<Event><![CDATA[LOCATION]]></Event>
<Latitude>32.190945</Latitude>
<Longitude>119.436104</Longitude>
<Precision>30.000000</Precision>
</xml>

2019-01-17 13:52:15 params :
------------
String:
array (
  'message' => 
  array (
    'tousername' => 'gh_74fc964c4914',
    'fromusername' => 'oF_mkjsBw3kv3SN5T132-6372GTI',
    'createtime' => '1547704335',
    'msgtype' => 'event',
    'event' => 'LOCATION',
    'latitude' => '32.190945',
    'longitude' => '119.436104',
    'precision' => '30.000000',
    'from' => 'oF_mkjsBw3kv3SN5T132-6372GTI',
    'to' => 'gh_74fc964c4914',
    'time' => '1547704335',
    'type' => 'trace',
    'location_x' => '32.190945',
    'location_y' => '119.436104',
  ),
  'module' => 'default',
  'rule' => '-1',
)

2019-01-17 13:52:15 response :
------------
Array:
errno : -1 ;
message : Invaild value ;

2019-01-17 14:10:45 trace :
------------
String:
<xml><ToUserName><![CDATA[gh_74fc964c4914]]></ToUserName>
<FromUserName><![CDATA[oF_mkjkRnipi7RNDw8yxRSW4I790]]></FromUserName>
<CreateTime>1547705444</CreateTime>
<MsgType><![CDATA[event]]></MsgType>
<Event><![CDATA[LOCATION]]></Event>
<Latitude>31.429199</Latitude>
<Longitude>119.485771</Longitude>
<Precision>220.000000</Precision>
</xml>

2019-01-17 14:10:45 params :
------------
String:
array (
  'message' => 
  array (
    'tousername' => 'gh_74fc964c4914',
    'fromusername' => 'oF_mkjkRnipi7RNDw8yxRSW4I790',
    'createtime' => '1547705444',
    'msgtype' => 'event',
    'event' => 'LOCATION',
    'latitude' => '31.429199',
    'longitude' => '119.485771',
    'precision' => '220.000000',
    'from' => 'oF_mkjkRnipi7RNDw8yxRSW4I790',
    'to' => 'gh_74fc964c4914',
    'time' => '1547705444',
    'type' => 'trace',
    'location_x' => '31.429199',
    'location_y' => '119.485771',
  ),
  'module' => 'default',
  'rule' => '-1',
)

2019-01-17 14:10:45 response :
------------
Array:
errno : -1 ;
message : Invaild value ;

2019-01-17 15:21:18 trace :
------------
String:
<xml><ToUserName><![CDATA[gh_74fc964c4914]]></ToUserName>
<FromUserName><![CDATA[oF_mkjsBw3kv3SN5T132-6372GTI]]></FromUserName>
<CreateTime>1547709678</CreateTime>
<MsgType><![CDATA[event]]></MsgType>
<Event><![CDATA[LOCATION]]></Event>
<Latitude>32.190929</Latitude>
<Longitude>119.436127</Longitude>
<Precision>30.000000</Precision>
</xml>

2019-01-17 15:21:18 params :
------------
String:
array (
  'message' => 
  array (
    'tousername' => 'gh_74fc964c4914',
    'fromusername' => 'oF_mkjsBw3kv3SN5T132-6372GTI',
    'createtime' => '1547709678',
    'msgtype' => 'event',
    'event' => 'LOCATION',
    'latitude' => '32.190929',
    'longitude' => '119.436127',
    'precision' => '30.000000',
    'from' => 'oF_mkjsBw3kv3SN5T132-6372GTI',
    'to' => 'gh_74fc964c4914',
    'time' => '1547709678',
    'type' => 'trace',
    'location_x' => '32.190929',
    'location_y' => '119.436127',
  ),
  'module' => 'default',
  'rule' => '-1',
)

2019-01-17 15:21:18 response :
------------
Array:
errno : -1 ;
message : Invaild value ;

2019-01-17 15:21:44 trace :
------------
String:
<xml><ToUserName><![CDATA[gh_74fc964c4914]]></ToUserName>
<FromUserName><![CDATA[oF_mkjsBw3kv3SN5T132-6372GTI]]></FromUserName>
<CreateTime>1547709704</CreateTime>
<MsgType><![CDATA[event]]></MsgType>
<Event><![CDATA[LOCATION]]></Event>
<Latitude>32.190929</Latitude>
<Longitude>119.436127</Longitude>
<Precision>30.000000</Precision>
</xml>

2019-01-17 15:21:44 params :
------------
String:
array (
  'message' => 
  array (
    'tousername' => 'gh_74fc964c4914',
    'fromusername' => 'oF_mkjsBw3kv3SN5T132-6372GTI',
    'createtime' => '1547709704',
    'msgtype' => 'event',
    'event' => 'LOCATION',
    'latitude' => '32.190929',
    'longitude' => '119.436127',
    'precision' => '30.000000',
    'from' => 'oF_mkjsBw3kv3SN5T132-6372GTI',
    'to' => 'gh_74fc964c4914',
    'time' => '1547709704',
    'type' => 'trace',
    'location_x' => '32.190929',
    'location_y' => '119.436127',
  ),
  'module' => 'default',
  'rule' => '-1',
)

2019-01-17 15:21:44 response :
------------
Array:
errno : -1 ;
message : Invaild value ;

2019-01-17 15:21:44 trace :
------------
String:
<xml><ToUserName><![CDATA[gh_74fc964c4914]]></ToUserName>
<FromUserName><![CDATA[oF_mkjsBw3kv3SN5T132-6372GTI]]></FromUserName>
<CreateTime>1547709703</CreateTime>
<MsgType><![CDATA[event]]></MsgType>
<Event><![CDATA[SCAN]]></Event>
<EventKey><![CDATA[TZHB15304978808532833--6649]]></EventKey>
<Ticket><![CDATA[gQGl8DwAAAAAAAAAAS5odHRwOi8vd2VpeGluLnFxLmNvbS9xLzAycHFRcU5ablZhQWUxMDAwME0wN1IAAgRYizlbAwQAAAAA]]></Ticket>
</xml>

2019-01-17 15:21:45 params :
------------
String:
array (
  'rule' => -2,
  'module' => '',
  'message' => 
  array (
    'tousername' => 'gh_74fc964c4914',
    'fromusername' => 'oF_mkjsBw3kv3SN5T132-6372GTI',
    'createtime' => '1547709703',
    'msgtype' => 'event',
    'event' => 'SCAN',
    'eventkey' => 'TZHB15304978808532833--6649',
    'ticket' => 'gQGl8DwAAAAAAAAAAS5odHRwOi8vd2VpeGluLnFxLmNvbS9xLzAycHFRcU5ablZhQWUxMDAwME0wN1IAAgRYizlbAwQAAAAA',
    'from' => 'oF_mkjsBw3kv3SN5T132-6372GTI',
    'to' => 'gh_74fc964c4914',
    'time' => '1547709703',
    'type' => 'text',
    'scene' => 'TZHB15304978808532833--6649',
    'redirection' => true,
    'source' => 'qr',
  ),
)

2019-01-17 15:21:45 response :
------------

2019-01-17 15:21:49 trace :
------------
String:
<xml><ToUserName><![CDATA[gh_74fc964c4914]]></ToUserName>
<FromUserName><![CDATA[oF_mkjsBw3kv3SN5T132-6372GTI]]></FromUserName>
<CreateTime>1547709709</CreateTime>
<MsgType><![CDATA[event]]></MsgType>
<Event><![CDATA[LOCATION]]></Event>
<Latitude>32.190929</Latitude>
<Longitude>119.436127</Longitude>
<Precision>30.000000</Precision>
</xml>

2019-01-17 15:21:49 params :
------------
String:
array (
  'message' => 
  array (
    'tousername' => 'gh_74fc964c4914',
    'fromusername' => 'oF_mkjsBw3kv3SN5T132-6372GTI',
    'createtime' => '1547709709',
    'msgtype' => 'event',
    'event' => 'LOCATION',
    'latitude' => '32.190929',
    'longitude' => '119.436127',
    'precision' => '30.000000',
    'from' => 'oF_mkjsBw3kv3SN5T132-6372GTI',
    'to' => 'gh_74fc964c4914',
    'time' => '1547709709',
    'type' => 'trace',
    'location_x' => '32.190929',
    'location_y' => '119.436127',
  ),
  'module' => 'default',
  'rule' => '-1',
)

2019-01-17 15:21:49 response :
------------
Array:
errno : -1 ;
message : Invaild value ;

2019-01-17 15:21:59 trace :
------------
String:
<xml><ToUserName><![CDATA[gh_74fc964c4914]]></ToUserName>
<FromUserName><![CDATA[oF_mkjsBw3kv3SN5T132-6372GTI]]></FromUserName>
<CreateTime>1547709718</CreateTime>
<MsgType><![CDATA[event]]></MsgType>
<Event><![CDATA[SCAN]]></Event>
<EventKey><![CDATA[TZHB15304976874808813--6477]]></EventKey>
<Ticket><![CDATA[gQGO8TwAAAAAAAAAAS5odHRwOi8vd2VpeGluLnFxLmNvbS9xLzAyMGtac01ZblZhQWUxMDAwMGcwN04AAgSXijlbAwQAAAAA]]></Ticket>
</xml>

2019-01-17 15:21:59 params :
------------
String:
array (
  'rule' => -2,
  'module' => '',
  'message' => 
  array (
    'tousername' => 'gh_74fc964c4914',
    'fromusername' => 'oF_mkjsBw3kv3SN5T132-6372GTI',
    'createtime' => '1547709718',
    'msgtype' => 'event',
    'event' => 'SCAN',
    'eventkey' => 'TZHB15304976874808813--6477',
    'ticket' => 'gQGO8TwAAAAAAAAAAS5odHRwOi8vd2VpeGluLnFxLmNvbS9xLzAyMGtac01ZblZhQWUxMDAwMGcwN04AAgSXijlbAwQAAAAA',
    'from' => 'oF_mkjsBw3kv3SN5T132-6372GTI',
    'to' => 'gh_74fc964c4914',
    'time' => '1547709718',
    'type' => 'text',
    'scene' => 'TZHB15304976874808813--6477',
    'redirection' => true,
    'source' => 'qr',
  ),
)

2019-01-17 15:21:59 response :
------------

2019-01-17 15:22:00 trace :
------------
String:
<xml><ToUserName><![CDATA[gh_74fc964c4914]]></ToUserName>
<FromUserName><![CDATA[oF_mkjsBw3kv3SN5T132-6372GTI]]></FromUserName>
<CreateTime>1547709719</CreateTime>
<MsgType><![CDATA[event]]></MsgType>
<Event><![CDATA[LOCATION]]></Event>
<Latitude>32.190956</Latitude>
<Longitude>119.436142</Longitude>
<Precision>30.000000</Precision>
</xml>

2019-01-17 15:22:00 params :
------------
String:
array (
  'message' => 
  array (
    'tousername' => 'gh_74fc964c4914',
    'fromusername' => 'oF_mkjsBw3kv3SN5T132-6372GTI',
    'createtime' => '1547709719',
    'msgtype' => 'event',
    'event' => 'LOCATION',
    'latitude' => '32.190956',
    'longitude' => '119.436142',
    'precision' => '30.000000',
    'from' => 'oF_mkjsBw3kv3SN5T132-6372GTI',
    'to' => 'gh_74fc964c4914',
    'time' => '1547709719',
    'type' => 'trace',
    'location_x' => '32.190956',
    'location_y' => '119.436142',
  ),
  'module' => 'default',
  'rule' => '-1',
)

2019-01-17 15:22:00 response :
------------
Array:
errno : -1 ;
message : Invaild value ;

2019-01-17 15:22:10 trace :
------------
String:
<xml><ToUserName><![CDATA[gh_74fc964c4914]]></ToUserName>
<FromUserName><![CDATA[oF_mkjsBw3kv3SN5T132-6372GTI]]></FromUserName>
<CreateTime>1547709729</CreateTime>
<MsgType><![CDATA[event]]></MsgType>
<Event><![CDATA[LOCATION]]></Event>
<Latitude>32.190956</Latitude>
<Longitude>119.436142</Longitude>
<Precision>30.000000</Precision>
</xml>

2019-01-17 15:22:10 params :
------------
String:
array (
  'message' => 
  array (
    'tousername' => 'gh_74fc964c4914',
    'fromusername' => 'oF_mkjsBw3kv3SN5T132-6372GTI',
    'createtime' => '1547709729',
    'msgtype' => 'event',
    'event' => 'LOCATION',
    'latitude' => '32.190956',
    'longitude' => '119.436142',
    'precision' => '30.000000',
    'from' => 'oF_mkjsBw3kv3SN5T132-6372GTI',
    'to' => 'gh_74fc964c4914',
    'time' => '1547709729',
    'type' => 'trace',
    'location_x' => '32.190956',
    'location_y' => '119.436142',
  ),
  'module' => 'default',
  'rule' => '-1',
)

2019-01-17 15:22:10 response :
------------
Array:
errno : -1 ;
message : Invaild value ;

2019-01-17 15:22:19 trace :
------------
String:
<xml><ToUserName><![CDATA[gh_74fc964c4914]]></ToUserName>
<FromUserName><![CDATA[oF_mkjsBw3kv3SN5T132-6372GTI]]></FromUserName>
<CreateTime>1547709738</CreateTime>
<MsgType><![CDATA[event]]></MsgType>
<Event><![CDATA[LOCATION]]></Event>
<Latitude>32.190563</Latitude>
<Longitude>119.436104</Longitude>
<Precision>520.000000</Precision>
</xml>

2019-01-17 15:22:19 params :
------------
String:
array (
  'message' => 
  array (
    'tousername' => 'gh_74fc964c4914',
    'fromusername' => 'oF_mkjsBw3kv3SN5T132-6372GTI',
    'createtime' => '1547709738',
    'msgtype' => 'event',
    'event' => 'LOCATION',
    'latitude' => '32.190563',
    'longitude' => '119.436104',
    'precision' => '520.000000',
    'from' => 'oF_mkjsBw3kv3SN5T132-6372GTI',
    'to' => 'gh_74fc964c4914',
    'time' => '1547709738',
    'type' => 'trace',
    'location_x' => '32.190563',
    'location_y' => '119.436104',
  ),
  'module' => 'default',
  'rule' => '-1',
)

2019-01-17 15:22:19 response :
------------
Array:
errno : -1 ;
message : Invaild value ;

2019-01-17 15:23:03 trace :
------------
String:
<xml><ToUserName><![CDATA[gh_74fc964c4914]]></ToUserName>
<FromUserName><![CDATA[oF_mkjsBw3kv3SN5T132-6372GTI]]></FromUserName>
<CreateTime>1547709782</CreateTime>
<MsgType><![CDATA[event]]></MsgType>
<Event><![CDATA[SCAN]]></Event>
<EventKey><![CDATA[TZHB15304976874808813--6477]]></EventKey>
<Ticket><![CDATA[gQGO8TwAAAAAAAAAAS5odHRwOi8vd2VpeGluLnFxLmNvbS9xLzAyMGtac01ZblZhQWUxMDAwMGcwN04AAgSXijlbAwQAAAAA]]></Ticket>
</xml>

2019-01-17 15:23:03 params :
------------
String:
array (
  'rule' => -2,
  'module' => '',
  'message' => 
  array (
    'tousername' => 'gh_74fc964c4914',
    'fromusername' => 'oF_mkjsBw3kv3SN5T132-6372GTI',
    'createtime' => '1547709782',
    'msgtype' => 'event',
    'event' => 'SCAN',
    'eventkey' => 'TZHB15304976874808813--6477',
    'ticket' => 'gQGO8TwAAAAAAAAAAS5odHRwOi8vd2VpeGluLnFxLmNvbS9xLzAyMGtac01ZblZhQWUxMDAwMGcwN04AAgSXijlbAwQAAAAA',
    'from' => 'oF_mkjsBw3kv3SN5T132-6372GTI',
    'to' => 'gh_74fc964c4914',
    'time' => '1547709782',
    'type' => 'text',
    'scene' => 'TZHB15304976874808813--6477',
    'redirection' => true,
    'source' => 'qr',
  ),
)

2019-01-17 15:23:03 response :
------------

2019-01-17 15:23:04 trace :
------------
String:
<xml><ToUserName><![CDATA[gh_74fc964c4914]]></ToUserName>
<FromUserName><![CDATA[oF_mkjsBw3kv3SN5T132-6372GTI]]></FromUserName>
<CreateTime>1547709783</CreateTime>
<MsgType><![CDATA[event]]></MsgType>
<Event><![CDATA[LOCATION]]></Event>
<Latitude>32.190563</Latitude>
<Longitude>119.436104</Longitude>
<Precision>520.000000</Precision>
</xml>

2019-01-17 15:23:04 params :
------------
String:
array (
  'message' => 
  array (
    'tousername' => 'gh_74fc964c4914',
    'fromusername' => 'oF_mkjsBw3kv3SN5T132-6372GTI',
    'createtime' => '1547709783',
    'msgtype' => 'event',
    'event' => 'LOCATION',
    'latitude' => '32.190563',
    'longitude' => '119.436104',
    'precision' => '520.000000',
    'from' => 'oF_mkjsBw3kv3SN5T132-6372GTI',
    'to' => 'gh_74fc964c4914',
    'time' => '1547709783',
    'type' => 'trace',
    'location_x' => '32.190563',
    'location_y' => '119.436104',
  ),
  'module' => 'default',
  'rule' => '-1',
)

2019-01-17 15:23:04 response :
------------
Array:
errno : -1 ;
message : Invaild value ;

2019-01-17 18:30:18 trace :
------------
String:
<xml><ToUserName><![CDATA[gh_74fc964c4914]]></ToUserName>
<FromUserName><![CDATA[oF_mkjtYXlS9yn5zBWNNhGySG0KA]]></FromUserName>
<CreateTime>1547721017</CreateTime>
<MsgType><![CDATA[event]]></MsgType>
<Event><![CDATA[subscribe]]></Event>
<EventKey><![CDATA[]]></EventKey>
</xml>

2019-01-17 18:30:18 params :
------------
String:
array (
  'message' => 
  array (
    'tousername' => 'gh_74fc964c4914',
    'fromusername' => 'oF_mkjtYXlS9yn5zBWNNhGySG0KA',
    'createtime' => '1547721017',
    'msgtype' => 'event',
    'event' => 'subscribe',
    'eventkey' => '',
    'from' => 'oF_mkjtYXlS9yn5zBWNNhGySG0KA',
    'to' => 'gh_74fc964c4914',
    'time' => '1547721017',
    'type' => 'text',
    'redirection' => true,
    'source' => 'subscribe',
    'content' => '首次关注',
  ),
  'module' => 'reply',
  'rule' => '9',
  'priority' => '0',
  'keyword' => 
  array (
    'id' => '116',
    'rid' => '9',
    'uniacid' => '2',
    'module' => 'reply',
    'content' => '首次关注',
    'type' => '1',
    'displayorder' => '0',
    'status' => '1',
    'reply_type' => 
    array (
      0 => 'basic',
    ),
  ),
  'reply_type' => 
  array (
    0 => 'basic',
  ),
)

2019-01-17 18:30:18 response :
------------
Array:
FromUserName : gh_74fc964c4914 ;
ToUserName : oF_mkjtYXlS9yn5zBWNNhGySG0KA ;
MsgType : text ;
Content : 您好，感谢您关注奔瑞汽车用品！360°汽车服务解决方案提供商。业务领域涵盖高端美容、二手翻新及快速钣喷等，欢迎与我们联系。
您也可以回复以下数字，查看相关信息。
【1】品牌介绍
【2】核心项目
【3】合作支持
【4】产品中心
【5】联系方式
您可以留言或拨打客服热线 4006669243 更多资讯，您可以访问奔瑞官网 www.benrui.cn
意见，建议反馈信息请直接回复，谢谢。 ;

2019-01-17 22:33:55 trace :
------------
String:
<xml><ToUserName><![CDATA[gh_74fc964c4914]]></ToUserName>
<FromUserName><![CDATA[oF_mkjhaCe0WDGbk7tp8H-tpooz8]]></FromUserName>
<CreateTime>1547735634</CreateTime>
<MsgType><![CDATA[event]]></MsgType>
<Event><![CDATA[SCAN]]></Event>
<EventKey><![CDATA[TZHB15264364926331452--1393]]></EventKey>
<Ticket><![CDATA[gQEw8jwAAAAAAAAAAS5odHRwOi8vd2VpeGluLnFxLmNvbS9xLzAyS0hRWU1jblZhQWUxMDAwMDAwN0YAAgSMkvtaAwQAAAAA]]></Ticket>
</xml>

2019-01-17 22:33:55 params :
------------
String:
array (
  'rule' => -2,
  'module' => '',
  'message' => 
  array (
    'tousername' => 'gh_74fc964c4914',
    'fromusername' => 'oF_mkjhaCe0WDGbk7tp8H-tpooz8',
    'createtime' => '1547735634',
    'msgtype' => 'event',
    'event' => 'SCAN',
    'eventkey' => 'TZHB15264364926331452--1393',
    'ticket' => 'gQEw8jwAAAAAAAAAAS5odHRwOi8vd2VpeGluLnFxLmNvbS9xLzAyS0hRWU1jblZhQWUxMDAwMDAwN0YAAgSMkvtaAwQAAAAA',
    'from' => 'oF_mkjhaCe0WDGbk7tp8H-tpooz8',
    'to' => 'gh_74fc964c4914',
    'time' => '1547735634',
    'type' => 'text',
    'scene' => 'TZHB15264364926331452--1393',
    'redirection' => true,
    'source' => 'qr',
  ),
)

2019-01-17 22:33:55 response :
------------

2019-01-17 22:33:56 trace :
------------
String:
<xml><ToUserName><![CDATA[gh_74fc964c4914]]></ToUserName>
<FromUserName><![CDATA[oF_mkjhaCe0WDGbk7tp8H-tpooz8]]></FromUserName>
<CreateTime>1547735635</CreateTime>
<MsgType><![CDATA[event]]></MsgType>
<Event><![CDATA[LOCATION]]></Event>
<Latitude>29.349478</Latitude>
<Longitude>120.048210</Longitude>
<Precision>65.000000</Precision>
</xml>

2019-01-17 22:33:56 params :
------------
String:
array (
  'message' => 
  array (
    'tousername' => 'gh_74fc964c4914',
    'fromusername' => 'oF_mkjhaCe0WDGbk7tp8H-tpooz8',
    'createtime' => '1547735635',
    'msgtype' => 'event',
    'event' => 'LOCATION',
    'latitude' => '29.349478',
    'longitude' => '120.048210',
    'precision' => '65.000000',
    'from' => 'oF_mkjhaCe0WDGbk7tp8H-tpooz8',
    'to' => 'gh_74fc964c4914',
    'time' => '1547735635',
    'type' => 'trace',
    'location_x' => '29.349478',
    'location_y' => '120.048210',
  ),
  'module' => 'default',
  'rule' => '-1',
)

2019-01-17 22:33:56 response :
------------
Array:
errno : -1 ;
message : Invaild value ;

2019-01-17 22:47:48 trace :
------------
String:
<xml><ToUserName><![CDATA[gh_74fc964c4914]]></ToUserName>
<FromUserName><![CDATA[oF_mkji71T6utphAA0OOeuEwCy1Y]]></FromUserName>
<CreateTime>1547736467</CreateTime>
<MsgType><![CDATA[event]]></MsgType>
<Event><![CDATA[LOCATION]]></Event>
<Latitude>23.152603</Latitude>
<Longitude>113.192680</Longitude>
<Precision>410.000000</Precision>
</xml>

2019-01-17 22:47:48 params :
------------
String:
array (
  'message' => 
  array (
    'tousername' => 'gh_74fc964c4914',
    'fromusername' => 'oF_mkji71T6utphAA0OOeuEwCy1Y',
    'createtime' => '1547736467',
    'msgtype' => 'event',
    'event' => 'LOCATION',
    'latitude' => '23.152603',
    'longitude' => '113.192680',
    'precision' => '410.000000',
    'from' => 'oF_mkji71T6utphAA0OOeuEwCy1Y',
    'to' => 'gh_74fc964c4914',
    'time' => '1547736467',
    'type' => 'trace',
    'location_x' => '23.152603',
    'location_y' => '113.192680',
  ),
  'module' => 'default',
  'rule' => '-1',
)

2019-01-17 22:47:48 response :
------------
Array:
errno : -1 ;
message : Invaild value ;

2019-01-17 22:47:51 trace :
------------
String:
<xml><ToUserName><![CDATA[gh_74fc964c4914]]></ToUserName>
<FromUserName><![CDATA[oF_mkji71T6utphAA0OOeuEwCy1Y]]></FromUserName>
<CreateTime>1547736470</CreateTime>
<MsgType><![CDATA[event]]></MsgType>
<Event><![CDATA[unsubscribe]]></Event>
<EventKey><![CDATA[]]></EventKey>
</xml>

2019-01-17 22:53:16 trace :
------------
String:
<xml><ToUserName><![CDATA[gh_74fc964c4914]]></ToUserName>
<FromUserName><![CDATA[oF_mkjp20fxCFg6y0QmPEldYTuCg]]></FromUserName>
<CreateTime>1547736796</CreateTime>
<MsgType><![CDATA[event]]></MsgType>
<Event><![CDATA[LOCATION]]></Event>
<Latitude>30.559427</Latitude>
<Longitude>120.689674</Longitude>
<Precision>30.000000</Precision>
</xml>

2019-01-17 22:53:16 params :
------------
String:
array (
  'message' => 
  array (
    'tousername' => 'gh_74fc964c4914',
    'fromusername' => 'oF_mkjp20fxCFg6y0QmPEldYTuCg',
    'createtime' => '1547736796',
    'msgtype' => 'event',
    'event' => 'LOCATION',
    'latitude' => '30.559427',
    'longitude' => '120.689674',
    'precision' => '30.000000',
    'from' => 'oF_mkjp20fxCFg6y0QmPEldYTuCg',
    'to' => 'gh_74fc964c4914',
    'time' => '1547736796',
    'type' => 'trace',
    'location_x' => '30.559427',
    'location_y' => '120.689674',
  ),
  'module' => 'default',
  'rule' => '-1',
)

2019-01-17 22:53:16 response :
------------
Array:
errno : -1 ;
message : Invaild value ;

