2019-03-31 10:57:27 trace :
------------
String:
<xml><ToUserName><![CDATA[gh_74fc964c4914]]></ToUserName>
<FromUserName><![CDATA[oF_mkjnXrfsTxss8rUtYEZRD911g]]></FromUserName>
<CreateTime>1554001048</CreateTime>
<MsgType><![CDATA[event]]></MsgType>
<Event><![CDATA[SCAN]]></Event>
<EventKey><![CDATA[TZHB15367432972069122--9812]]></EventKey>
<Ticket><![CDATA[gQHV8TwAAAAAAAAAAS5odHRwOi8vd2VpeGluLnFxLmNvbS9xLzAycnZoQ05xblZhQWUxMDAwME0wN0cAAgSB15hbAwQAAAAA]]></Ticket>
</xml>

2019-03-31 10:57:28 params :
------------
String:
array (
  'rule' => -2,
  'module' => '',
  'message' => 
  array (
    'tousername' => 'gh_74fc964c4914',
    'fromusername' => 'oF_mkjnXrfsTxss8rUtYEZRD911g',
    'createtime' => '1554001048',
    'msgtype' => 'event',
    'event' => 'SCAN',
    'eventkey' => 'TZHB15367432972069122--9812',
    'ticket' => 'gQHV8TwAAAAAAAAAAS5odHRwOi8vd2VpeGluLnFxLmNvbS9xLzAycnZoQ05xblZhQWUxMDAwME0wN0cAAgSB15hbAwQAAAAA',
    'from' => 'oF_mkjnXrfsTxss8rUtYEZRD911g',
    'to' => 'gh_74fc964c4914',
    'time' => '1554001048',
    'type' => 'text',
    'scene' => 'TZHB15367432972069122--9812',
    'redirection' => true,
    'source' => 'qr',
  ),
)

2019-03-31 10:57:28 response :
------------

2019-03-31 10:57:52 trace :
------------
String:
<xml><ToUserName><![CDATA[gh_74fc964c4914]]></ToUserName>
<FromUserName><![CDATA[oF_mkjnXrfsTxss8rUtYEZRD911g]]></FromUserName>
<CreateTime>1554001074</CreateTime>
<MsgType><![CDATA[event]]></MsgType>
<Event><![CDATA[SCAN]]></Event>
<EventKey><![CDATA[TZHB15367432972069122--9812]]></EventKey>
<Ticket><![CDATA[gQHV8TwAAAAAAAAAAS5odHRwOi8vd2VpeGluLnFxLmNvbS9xLzAycnZoQ05xblZhQWUxMDAwME0wN0cAAgSB15hbAwQAAAAA]]></Ticket>
</xml>

2019-03-31 10:57:52 params :
------------
String:
array (
  'rule' => -2,
  'module' => '',
  'message' => 
  array (
    'tousername' => 'gh_74fc964c4914',
    'fromusername' => 'oF_mkjnXrfsTxss8rUtYEZRD911g',
    'createtime' => '1554001074',
    'msgtype' => 'event',
    'event' => 'SCAN',
    'eventkey' => 'TZHB15367432972069122--9812',
    'ticket' => 'gQHV8TwAAAAAAAAAAS5odHRwOi8vd2VpeGluLnFxLmNvbS9xLzAycnZoQ05xblZhQWUxMDAwME0wN0cAAgSB15hbAwQAAAAA',
    'from' => 'oF_mkjnXrfsTxss8rUtYEZRD911g',
    'to' => 'gh_74fc964c4914',
    'time' => '1554001074',
    'type' => 'text',
    'scene' => 'TZHB15367432972069122--9812',
    'redirection' => true,
    'source' => 'qr',
  ),
)

2019-03-31 10:57:52 response :
------------

2019-03-31 10:58:22 trace :
------------
String:
<xml><ToUserName><![CDATA[gh_74fc964c4914]]></ToUserName>
<FromUserName><![CDATA[oF_mkjnXrfsTxss8rUtYEZRD911g]]></FromUserName>
<CreateTime>1554001103</CreateTime>
<MsgType><![CDATA[event]]></MsgType>
<Event><![CDATA[SCAN]]></Event>
<EventKey><![CDATA[TZHB15367432972069122--9812]]></EventKey>
<Ticket><![CDATA[gQHV8TwAAAAAAAAAAS5odHRwOi8vd2VpeGluLnFxLmNvbS9xLzAycnZoQ05xblZhQWUxMDAwME0wN0cAAgSB15hbAwQAAAAA]]></Ticket>
</xml>

2019-03-31 10:58:22 params :
------------
String:
array (
  'rule' => -2,
  'module' => '',
  'message' => 
  array (
    'tousername' => 'gh_74fc964c4914',
    'fromusername' => 'oF_mkjnXrfsTxss8rUtYEZRD911g',
    'createtime' => '1554001103',
    'msgtype' => 'event',
    'event' => 'SCAN',
    'eventkey' => 'TZHB15367432972069122--9812',
    'ticket' => 'gQHV8TwAAAAAAAAAAS5odHRwOi8vd2VpeGluLnFxLmNvbS9xLzAycnZoQ05xblZhQWUxMDAwME0wN0cAAgSB15hbAwQAAAAA',
    'from' => 'oF_mkjnXrfsTxss8rUtYEZRD911g',
    'to' => 'gh_74fc964c4914',
    'time' => '1554001103',
    'type' => 'text',
    'scene' => 'TZHB15367432972069122--9812',
    'redirection' => true,
    'source' => 'qr',
  ),
)

2019-03-31 10:58:22 response :
------------

2019-03-31 10:58:46 trace :
------------
String:
<xml><ToUserName><![CDATA[gh_74fc964c4914]]></ToUserName>
<FromUserName><![CDATA[oF_mkjnXrfsTxss8rUtYEZRD911g]]></FromUserName>
<CreateTime>1554001127</CreateTime>
<MsgType><![CDATA[event]]></MsgType>
<Event><![CDATA[LOCATION]]></Event>
<Latitude>30.217335</Latitude>
<Longitude>120.266357</Longitude>
<Precision>19.000000</Precision>
</xml>

2019-03-31 10:58:46 params :
------------
String:
array (
  'message' => 
  array (
    'tousername' => 'gh_74fc964c4914',
    'fromusername' => 'oF_mkjnXrfsTxss8rUtYEZRD911g',
    'createtime' => '1554001127',
    'msgtype' => 'event',
    'event' => 'LOCATION',
    'latitude' => '30.217335',
    'longitude' => '120.266357',
    'precision' => '19.000000',
    'from' => 'oF_mkjnXrfsTxss8rUtYEZRD911g',
    'to' => 'gh_74fc964c4914',
    'time' => '1554001127',
    'type' => 'trace',
    'location_x' => '30.217335',
    'location_y' => '120.266357',
  ),
  'module' => 'default',
  'rule' => '-1',
)

2019-03-31 10:58:46 response :
------------
Array:
errno : -1 ;
message : Invaild value ;

2019-03-31 10:58:46 trace :
------------
String:
<xml><ToUserName><![CDATA[gh_74fc964c4914]]></ToUserName>
<FromUserName><![CDATA[oF_mkjnXrfsTxss8rUtYEZRD911g]]></FromUserName>
<CreateTime>1554001128</CreateTime>
<MsgType><![CDATA[event]]></MsgType>
<Event><![CDATA[SCAN]]></Event>
<EventKey><![CDATA[TZHB15367432972069122--9812]]></EventKey>
<Ticket><![CDATA[gQHV8TwAAAAAAAAAAS5odHRwOi8vd2VpeGluLnFxLmNvbS9xLzAycnZoQ05xblZhQWUxMDAwME0wN0cAAgSB15hbAwQAAAAA]]></Ticket>
</xml>

2019-03-31 10:58:46 params :
------------
String:
array (
  'rule' => -2,
  'module' => '',
  'message' => 
  array (
    'tousername' => 'gh_74fc964c4914',
    'fromusername' => 'oF_mkjnXrfsTxss8rUtYEZRD911g',
    'createtime' => '1554001128',
    'msgtype' => 'event',
    'event' => 'SCAN',
    'eventkey' => 'TZHB15367432972069122--9812',
    'ticket' => 'gQHV8TwAAAAAAAAAAS5odHRwOi8vd2VpeGluLnFxLmNvbS9xLzAycnZoQ05xblZhQWUxMDAwME0wN0cAAgSB15hbAwQAAAAA',
    'from' => 'oF_mkjnXrfsTxss8rUtYEZRD911g',
    'to' => 'gh_74fc964c4914',
    'time' => '1554001128',
    'type' => 'text',
    'scene' => 'TZHB15367432972069122--9812',
    'redirection' => true,
    'source' => 'qr',
  ),
)

2019-03-31 10:58:46 response :
------------

2019-03-31 10:58:52 trace :
------------
String:
<xml><ToUserName><![CDATA[gh_74fc964c4914]]></ToUserName>
<FromUserName><![CDATA[oF_mkjnXrfsTxss8rUtYEZRD911g]]></FromUserName>
<CreateTime>1554001133</CreateTime>
<MsgType><![CDATA[event]]></MsgType>
<Event><![CDATA[LOCATION]]></Event>
<Latitude>30.217335</Latitude>
<Longitude>120.266357</Longitude>
<Precision>19.000000</Precision>
</xml>

2019-03-31 10:58:52 params :
------------
String:
array (
  'message' => 
  array (
    'tousername' => 'gh_74fc964c4914',
    'fromusername' => 'oF_mkjnXrfsTxss8rUtYEZRD911g',
    'createtime' => '1554001133',
    'msgtype' => 'event',
    'event' => 'LOCATION',
    'latitude' => '30.217335',
    'longitude' => '120.266357',
    'precision' => '19.000000',
    'from' => 'oF_mkjnXrfsTxss8rUtYEZRD911g',
    'to' => 'gh_74fc964c4914',
    'time' => '1554001133',
    'type' => 'trace',
    'location_x' => '30.217335',
    'location_y' => '120.266357',
  ),
  'module' => 'default',
  'rule' => '-1',
)

2019-03-31 10:58:52 response :
------------
Array:
errno : -1 ;
message : Invaild value ;

2019-03-31 10:58:52 trace :
------------
String:
<xml><ToUserName><![CDATA[gh_74fc964c4914]]></ToUserName>
<FromUserName><![CDATA[oF_mkjnXrfsTxss8rUtYEZRD911g]]></FromUserName>
<CreateTime>1554001133</CreateTime>
<MsgType><![CDATA[event]]></MsgType>
<Event><![CDATA[LOCATION]]></Event>
<Latitude>30.217335</Latitude>
<Longitude>120.266357</Longitude>
<Precision>19.000000</Precision>
</xml>

2019-03-31 10:58:52 trace :
------------
String:
<xml><ToUserName><![CDATA[gh_74fc964c4914]]></ToUserName>
<FromUserName><![CDATA[oF_mkjnXrfsTxss8rUtYEZRD911g]]></FromUserName>
<CreateTime>1554001133</CreateTime>
<MsgType><![CDATA[event]]></MsgType>
<Event><![CDATA[LOCATION]]></Event>
<Latitude>30.217335</Latitude>
<Longitude>120.266357</Longitude>
<Precision>19.000000</Precision>
</xml>

2019-03-31 10:58:52 params :
------------
String:
array (
  'message' => 
  array (
    'tousername' => 'gh_74fc964c4914',
    'fromusername' => 'oF_mkjnXrfsTxss8rUtYEZRD911g',
    'createtime' => '1554001133',
    'msgtype' => 'event',
    'event' => 'LOCATION',
    'latitude' => '30.217335',
    'longitude' => '120.266357',
    'precision' => '19.000000',
    'from' => 'oF_mkjnXrfsTxss8rUtYEZRD911g',
    'to' => 'gh_74fc964c4914',
    'time' => '1554001133',
    'type' => 'trace',
    'location_x' => '30.217335',
    'location_y' => '120.266357',
  ),
  'module' => 'default',
  'rule' => '-1',
)

2019-03-31 10:58:52 response :
------------
Array:
errno : -1 ;
message : Invaild value ;

2019-03-31 10:58:52 params :
------------
String:
array (
  'message' => 
  array (
    'tousername' => 'gh_74fc964c4914',
    'fromusername' => 'oF_mkjnXrfsTxss8rUtYEZRD911g',
    'createtime' => '1554001133',
    'msgtype' => 'event',
    'event' => 'LOCATION',
    'latitude' => '30.217335',
    'longitude' => '120.266357',
    'precision' => '19.000000',
    'from' => 'oF_mkjnXrfsTxss8rUtYEZRD911g',
    'to' => 'gh_74fc964c4914',
    'time' => '1554001133',
    'type' => 'trace',
    'location_x' => '30.217335',
    'location_y' => '120.266357',
  ),
  'module' => 'default',
  'rule' => '-1',
)

2019-03-31 10:58:52 response :
------------
Array:
errno : -1 ;
message : Invaild value ;

2019-03-31 10:59:25 trace :
------------
String:
<xml><ToUserName><![CDATA[gh_74fc964c4914]]></ToUserName>
<FromUserName><![CDATA[oF_mkjnXrfsTxss8rUtYEZRD911g]]></FromUserName>
<CreateTime>1554001166</CreateTime>
<MsgType><![CDATA[event]]></MsgType>
<Event><![CDATA[LOCATION]]></Event>
<Latitude>30.217335</Latitude>
<Longitude>120.266357</Longitude>
<Precision>19.000000</Precision>
</xml>

2019-03-31 10:59:25 params :
------------
String:
array (
  'message' => 
  array (
    'tousername' => 'gh_74fc964c4914',
    'fromusername' => 'oF_mkjnXrfsTxss8rUtYEZRD911g',
    'createtime' => '1554001166',
    'msgtype' => 'event',
    'event' => 'LOCATION',
    'latitude' => '30.217335',
    'longitude' => '120.266357',
    'precision' => '19.000000',
    'from' => 'oF_mkjnXrfsTxss8rUtYEZRD911g',
    'to' => 'gh_74fc964c4914',
    'time' => '1554001166',
    'type' => 'trace',
    'location_x' => '30.217335',
    'location_y' => '120.266357',
  ),
  'module' => 'default',
  'rule' => '-1',
)

2019-03-31 10:59:25 response :
------------
Array:
errno : -1 ;
message : Invaild value ;

2019-03-31 10:59:41 trace :
------------
String:
<xml><ToUserName><![CDATA[gh_74fc964c4914]]></ToUserName>
<FromUserName><![CDATA[oF_mkjnXrfsTxss8rUtYEZRD911g]]></FromUserName>
<CreateTime>1554001182</CreateTime>
<MsgType><![CDATA[event]]></MsgType>
<Event><![CDATA[LOCATION]]></Event>
<Latitude>30.217335</Latitude>
<Longitude>120.266357</Longitude>
<Precision>19.000000</Precision>
</xml>

2019-03-31 10:59:41 params :
------------
String:
array (
  'message' => 
  array (
    'tousername' => 'gh_74fc964c4914',
    'fromusername' => 'oF_mkjnXrfsTxss8rUtYEZRD911g',
    'createtime' => '1554001182',
    'msgtype' => 'event',
    'event' => 'LOCATION',
    'latitude' => '30.217335',
    'longitude' => '120.266357',
    'precision' => '19.000000',
    'from' => 'oF_mkjnXrfsTxss8rUtYEZRD911g',
    'to' => 'gh_74fc964c4914',
    'time' => '1554001182',
    'type' => 'trace',
    'location_x' => '30.217335',
    'location_y' => '120.266357',
  ),
  'module' => 'default',
  'rule' => '-1',
)

2019-03-31 10:59:41 response :
------------
Array:
errno : -1 ;
message : Invaild value ;

2019-03-31 11:00:11 trace :
------------
String:
<xml><ToUserName><![CDATA[gh_74fc964c4914]]></ToUserName>
<FromUserName><![CDATA[oF_mkjnXrfsTxss8rUtYEZRD911g]]></FromUserName>
<CreateTime>1554001213</CreateTime>
<MsgType><![CDATA[event]]></MsgType>
<Event><![CDATA[SCAN]]></Event>
<EventKey><![CDATA[TZHB15367432972069122--9812]]></EventKey>
<Ticket><![CDATA[gQHV8TwAAAAAAAAAAS5odHRwOi8vd2VpeGluLnFxLmNvbS9xLzAycnZoQ05xblZhQWUxMDAwME0wN0cAAgSB15hbAwQAAAAA]]></Ticket>
</xml>

2019-03-31 11:00:11 params :
------------
String:
array (
  'rule' => -2,
  'module' => '',
  'message' => 
  array (
    'tousername' => 'gh_74fc964c4914',
    'fromusername' => 'oF_mkjnXrfsTxss8rUtYEZRD911g',
    'createtime' => '1554001213',
    'msgtype' => 'event',
    'event' => 'SCAN',
    'eventkey' => 'TZHB15367432972069122--9812',
    'ticket' => 'gQHV8TwAAAAAAAAAAS5odHRwOi8vd2VpeGluLnFxLmNvbS9xLzAycnZoQ05xblZhQWUxMDAwME0wN0cAAgSB15hbAwQAAAAA',
    'from' => 'oF_mkjnXrfsTxss8rUtYEZRD911g',
    'to' => 'gh_74fc964c4914',
    'time' => '1554001213',
    'type' => 'text',
    'scene' => 'TZHB15367432972069122--9812',
    'redirection' => true,
    'source' => 'qr',
  ),
)

2019-03-31 11:00:11 response :
------------

2019-03-31 11:00:12 trace :
------------
String:
<xml><ToUserName><![CDATA[gh_74fc964c4914]]></ToUserName>
<FromUserName><![CDATA[oF_mkjnXrfsTxss8rUtYEZRD911g]]></FromUserName>
<CreateTime>1554001214</CreateTime>
<MsgType><![CDATA[event]]></MsgType>
<Event><![CDATA[LOCATION]]></Event>
<Latitude>30.217958</Latitude>
<Longitude>120.266808</Longitude>
<Precision>30.000000</Precision>
</xml>

2019-03-31 11:00:12 params :
------------
String:
array (
  'message' => 
  array (
    'tousername' => 'gh_74fc964c4914',
    'fromusername' => 'oF_mkjnXrfsTxss8rUtYEZRD911g',
    'createtime' => '1554001214',
    'msgtype' => 'event',
    'event' => 'LOCATION',
    'latitude' => '30.217958',
    'longitude' => '120.266808',
    'precision' => '30.000000',
    'from' => 'oF_mkjnXrfsTxss8rUtYEZRD911g',
    'to' => 'gh_74fc964c4914',
    'time' => '1554001214',
    'type' => 'trace',
    'location_x' => '30.217958',
    'location_y' => '120.266808',
  ),
  'module' => 'default',
  'rule' => '-1',
)

2019-03-31 11:00:12 response :
------------
Array:
errno : -1 ;
message : Invaild value ;

2019-03-31 11:00:22 trace :
------------
String:
<xml><ToUserName><![CDATA[gh_74fc964c4914]]></ToUserName>
<FromUserName><![CDATA[oF_mkjnXrfsTxss8rUtYEZRD911g]]></FromUserName>
<CreateTime>1554001224</CreateTime>
<MsgType><![CDATA[event]]></MsgType>
<Event><![CDATA[SCAN]]></Event>
<EventKey><![CDATA[TZHB15367432972069122--9812]]></EventKey>
<Ticket><![CDATA[gQHV8TwAAAAAAAAAAS5odHRwOi8vd2VpeGluLnFxLmNvbS9xLzAycnZoQ05xblZhQWUxMDAwME0wN0cAAgSB15hbAwQAAAAA]]></Ticket>
</xml>

2019-03-31 11:00:22 params :
------------
String:
array (
  'rule' => -2,
  'module' => '',
  'message' => 
  array (
    'tousername' => 'gh_74fc964c4914',
    'fromusername' => 'oF_mkjnXrfsTxss8rUtYEZRD911g',
    'createtime' => '1554001224',
    'msgtype' => 'event',
    'event' => 'SCAN',
    'eventkey' => 'TZHB15367432972069122--9812',
    'ticket' => 'gQHV8TwAAAAAAAAAAS5odHRwOi8vd2VpeGluLnFxLmNvbS9xLzAycnZoQ05xblZhQWUxMDAwME0wN0cAAgSB15hbAwQAAAAA',
    'from' => 'oF_mkjnXrfsTxss8rUtYEZRD911g',
    'to' => 'gh_74fc964c4914',
    'time' => '1554001224',
    'type' => 'text',
    'scene' => 'TZHB15367432972069122--9812',
    'redirection' => true,
    'source' => 'qr',
  ),
)

2019-03-31 11:00:22 response :
------------

2019-03-31 11:00:23 trace :
------------
String:
<xml><ToUserName><![CDATA[gh_74fc964c4914]]></ToUserName>
<FromUserName><![CDATA[oF_mkjnXrfsTxss8rUtYEZRD911g]]></FromUserName>
<CreateTime>1554001225</CreateTime>
<MsgType><![CDATA[event]]></MsgType>
<Event><![CDATA[LOCATION]]></Event>
<Latitude>30.217958</Latitude>
<Longitude>120.266808</Longitude>
<Precision>30.000000</Precision>
</xml>

2019-03-31 11:00:24 params :
------------
String:
array (
  'message' => 
  array (
    'tousername' => 'gh_74fc964c4914',
    'fromusername' => 'oF_mkjnXrfsTxss8rUtYEZRD911g',
    'createtime' => '1554001225',
    'msgtype' => 'event',
    'event' => 'LOCATION',
    'latitude' => '30.217958',
    'longitude' => '120.266808',
    'precision' => '30.000000',
    'from' => 'oF_mkjnXrfsTxss8rUtYEZRD911g',
    'to' => 'gh_74fc964c4914',
    'time' => '1554001225',
    'type' => 'trace',
    'location_x' => '30.217958',
    'location_y' => '120.266808',
  ),
  'module' => 'default',
  'rule' => '-1',
)

2019-03-31 11:00:24 response :
------------
Array:
errno : -1 ;
message : Invaild value ;

2019-03-31 11:39:00 trace :
------------
String:
<xml><ToUserName><![CDATA[gh_74fc964c4914]]></ToUserName>
<FromUserName><![CDATA[oF_mkjo06OXnML3lBFBv17oxzvnw]]></FromUserName>
<CreateTime>1554003541</CreateTime>
<MsgType><![CDATA[event]]></MsgType>
<Event><![CDATA[SCAN]]></Event>
<EventKey><![CDATA[TZHB15304979566053975--7317]]></EventKey>
<Ticket><![CDATA[gQG08TwAAAAAAAAAAS5odHRwOi8vd2VpeGluLnFxLmNvbS9xLzAyVlNHRE5ublZhQWUxMDAwMGcwNzgAAgSkizlbAwQAAAAA]]></Ticket>
</xml>

2019-03-31 11:39:00 params :
------------
String:
array (
  'rule' => -2,
  'module' => '',
  'message' => 
  array (
    'tousername' => 'gh_74fc964c4914',
    'fromusername' => 'oF_mkjo06OXnML3lBFBv17oxzvnw',
    'createtime' => '1554003541',
    'msgtype' => 'event',
    'event' => 'SCAN',
    'eventkey' => 'TZHB15304979566053975--7317',
    'ticket' => 'gQG08TwAAAAAAAAAAS5odHRwOi8vd2VpeGluLnFxLmNvbS9xLzAyVlNHRE5ublZhQWUxMDAwMGcwNzgAAgSkizlbAwQAAAAA',
    'from' => 'oF_mkjo06OXnML3lBFBv17oxzvnw',
    'to' => 'gh_74fc964c4914',
    'time' => '1554003541',
    'type' => 'text',
    'scene' => 'TZHB15304979566053975--7317',
    'redirection' => true,
    'source' => 'qr',
  ),
)

2019-03-31 11:39:00 response :
------------

2019-03-31 11:39:02 trace :
------------
String:
<xml><ToUserName><![CDATA[gh_74fc964c4914]]></ToUserName>
<FromUserName><![CDATA[oF_mkjo06OXnML3lBFBv17oxzvnw]]></FromUserName>
<CreateTime>1554003543</CreateTime>
<MsgType><![CDATA[event]]></MsgType>
<Event><![CDATA[LOCATION]]></Event>
<Latitude>30.552498</Latitude>
<Longitude>120.675323</Longitude>
<Precision>220.000000</Precision>
</xml>

2019-03-31 11:39:02 params :
------------
String:
array (
  'message' => 
  array (
    'tousername' => 'gh_74fc964c4914',
    'fromusername' => 'oF_mkjo06OXnML3lBFBv17oxzvnw',
    'createtime' => '1554003543',
    'msgtype' => 'event',
    'event' => 'LOCATION',
    'latitude' => '30.552498',
    'longitude' => '120.675323',
    'precision' => '220.000000',
    'from' => 'oF_mkjo06OXnML3lBFBv17oxzvnw',
    'to' => 'gh_74fc964c4914',
    'time' => '1554003543',
    'type' => 'trace',
    'location_x' => '30.552498',
    'location_y' => '120.675323',
  ),
  'module' => 'default',
  'rule' => '-1',
)

2019-03-31 11:39:02 response :
------------
Array:
errno : -1 ;
message : Invaild value ;

2019-03-31 11:40:13 trace :
------------
String:
<xml><ToUserName><![CDATA[gh_74fc964c4914]]></ToUserName>
<FromUserName><![CDATA[oF_mkjo06OXnML3lBFBv17oxzvnw]]></FromUserName>
<CreateTime>1554003615</CreateTime>
<MsgType><![CDATA[event]]></MsgType>
<Event><![CDATA[LOCATION]]></Event>
<Latitude>30.552498</Latitude>
<Longitude>120.675323</Longitude>
<Precision>220.000000</Precision>
</xml>

2019-03-31 11:40:13 params :
------------
String:
array (
  'message' => 
  array (
    'tousername' => 'gh_74fc964c4914',
    'fromusername' => 'oF_mkjo06OXnML3lBFBv17oxzvnw',
    'createtime' => '1554003615',
    'msgtype' => 'event',
    'event' => 'LOCATION',
    'latitude' => '30.552498',
    'longitude' => '120.675323',
    'precision' => '220.000000',
    'from' => 'oF_mkjo06OXnML3lBFBv17oxzvnw',
    'to' => 'gh_74fc964c4914',
    'time' => '1554003615',
    'type' => 'trace',
    'location_x' => '30.552498',
    'location_y' => '120.675323',
  ),
  'module' => 'default',
  'rule' => '-1',
)

2019-03-31 11:40:13 response :
------------
Array:
errno : -1 ;
message : Invaild value ;

2019-03-31 16:14:36 trace :
------------
String:
<xml><ToUserName><![CDATA[gh_74fc964c4914]]></ToUserName>
<FromUserName><![CDATA[oF_mkjmbqXzOlMVbZGZw4qKPyb6s]]></FromUserName>
<CreateTime>1554020078</CreateTime>
<MsgType><![CDATA[event]]></MsgType>
<Event><![CDATA[SCAN]]></Event>
<EventKey><![CDATA[TZHB15367433154844726--9895]]></EventKey>
<Ticket><![CDATA[gQFy8TwAAAAAAAAAAS5odHRwOi8vd2VpeGluLnFxLmNvbS9xLzAyb3Vmc05yblZhQWUxMDAwME0wN20AAgST15hbAwQAAAAA]]></Ticket>
</xml>

2019-03-31 16:14:36 params :
------------
String:
array (
  'rule' => -2,
  'module' => '',
  'message' => 
  array (
    'tousername' => 'gh_74fc964c4914',
    'fromusername' => 'oF_mkjmbqXzOlMVbZGZw4qKPyb6s',
    'createtime' => '1554020078',
    'msgtype' => 'event',
    'event' => 'SCAN',
    'eventkey' => 'TZHB15367433154844726--9895',
    'ticket' => 'gQFy8TwAAAAAAAAAAS5odHRwOi8vd2VpeGluLnFxLmNvbS9xLzAyb3Vmc05yblZhQWUxMDAwME0wN20AAgST15hbAwQAAAAA',
    'from' => 'oF_mkjmbqXzOlMVbZGZw4qKPyb6s',
    'to' => 'gh_74fc964c4914',
    'time' => '1554020078',
    'type' => 'text',
    'scene' => 'TZHB15367433154844726--9895',
    'redirection' => true,
    'source' => 'qr',
  ),
)

2019-03-31 16:14:36 response :
------------

2019-03-31 20:56:06 trace :
------------
String:
<xml><ToUserName><![CDATA[gh_74fc964c4914]]></ToUserName>
<FromUserName><![CDATA[oF_mkjvSFbutHzYPIiSa9Wwq2EiY]]></FromUserName>
<CreateTime>1554036967</CreateTime>
<MsgType><![CDATA[event]]></MsgType>
<Event><![CDATA[SCAN]]></Event>
<EventKey><![CDATA[TZHB15264370437241865--1574]]></EventKey>
<Ticket><![CDATA[gQGW8TwAAAAAAAAAAS5odHRwOi8vd2VpeGluLnFxLmNvbS9xLzAyU1Z2Z01RblZhQWUxMDAwME0wN2MAAgSzlPtaAwQAAAAA]]></Ticket>
</xml>

2019-03-31 20:56:06 params :
------------
String:
array (
  'rule' => -2,
  'module' => '',
  'message' => 
  array (
    'tousername' => 'gh_74fc964c4914',
    'fromusername' => 'oF_mkjvSFbutHzYPIiSa9Wwq2EiY',
    'createtime' => '1554036967',
    'msgtype' => 'event',
    'event' => 'SCAN',
    'eventkey' => 'TZHB15264370437241865--1574',
    'ticket' => 'gQGW8TwAAAAAAAAAAS5odHRwOi8vd2VpeGluLnFxLmNvbS9xLzAyU1Z2Z01RblZhQWUxMDAwME0wN2MAAgSzlPtaAwQAAAAA',
    'from' => 'oF_mkjvSFbutHzYPIiSa9Wwq2EiY',
    'to' => 'gh_74fc964c4914',
    'time' => '1554036967',
    'type' => 'text',
    'scene' => 'TZHB15264370437241865--1574',
    'redirection' => true,
    'source' => 'qr',
  ),
)

2019-03-31 20:56:06 response :
------------

2019-03-31 20:56:11 trace :
------------
String:
<xml><ToUserName><![CDATA[gh_74fc964c4914]]></ToUserName>
<FromUserName><![CDATA[oF_mkjvSFbutHzYPIiSa9Wwq2EiY]]></FromUserName>
<CreateTime>1554036972</CreateTime>
<MsgType><![CDATA[event]]></MsgType>
<Event><![CDATA[LOCATION]]></Event>
<Latitude>22.790344</Latitude>
<Longitude>114.455544</Longitude>
<Precision>65.000000</Precision>
</xml>

2019-03-31 20:56:11 params :
------------
String:
array (
  'message' => 
  array (
    'tousername' => 'gh_74fc964c4914',
    'fromusername' => 'oF_mkjvSFbutHzYPIiSa9Wwq2EiY',
    'createtime' => '1554036972',
    'msgtype' => 'event',
    'event' => 'LOCATION',
    'latitude' => '22.790344',
    'longitude' => '114.455544',
    'precision' => '65.000000',
    'from' => 'oF_mkjvSFbutHzYPIiSa9Wwq2EiY',
    'to' => 'gh_74fc964c4914',
    'time' => '1554036972',
    'type' => 'trace',
    'location_x' => '22.790344',
    'location_y' => '114.455544',
  ),
  'module' => 'default',
  'rule' => '-1',
)

2019-03-31 20:56:11 response :
------------
Array:
errno : -1 ;
message : Invaild value ;

2019-03-31 20:56:23 trace :
------------
String:
<xml><ToUserName><![CDATA[gh_74fc964c4914]]></ToUserName>
<FromUserName><![CDATA[oF_mkjvSFbutHzYPIiSa9Wwq2EiY]]></FromUserName>
<CreateTime>1554036985</CreateTime>
<MsgType><![CDATA[event]]></MsgType>
<Event><![CDATA[SCAN]]></Event>
<EventKey><![CDATA[TZHB15264370437241865--1574]]></EventKey>
<Ticket><![CDATA[gQGW8TwAAAAAAAAAAS5odHRwOi8vd2VpeGluLnFxLmNvbS9xLzAyU1Z2Z01RblZhQWUxMDAwME0wN2MAAgSzlPtaAwQAAAAA]]></Ticket>
</xml>

2019-03-31 20:56:23 params :
------------
String:
array (
  'rule' => -2,
  'module' => '',
  'message' => 
  array (
    'tousername' => 'gh_74fc964c4914',
    'fromusername' => 'oF_mkjvSFbutHzYPIiSa9Wwq2EiY',
    'createtime' => '1554036985',
    'msgtype' => 'event',
    'event' => 'SCAN',
    'eventkey' => 'TZHB15264370437241865--1574',
    'ticket' => 'gQGW8TwAAAAAAAAAAS5odHRwOi8vd2VpeGluLnFxLmNvbS9xLzAyU1Z2Z01RblZhQWUxMDAwME0wN2MAAgSzlPtaAwQAAAAA',
    'from' => 'oF_mkjvSFbutHzYPIiSa9Wwq2EiY',
    'to' => 'gh_74fc964c4914',
    'time' => '1554036985',
    'type' => 'text',
    'scene' => 'TZHB15264370437241865--1574',
    'redirection' => true,
    'source' => 'qr',
  ),
)

2019-03-31 20:56:23 response :
------------

2019-03-31 20:56:24 trace :
------------
String:
<xml><ToUserName><![CDATA[gh_74fc964c4914]]></ToUserName>
<FromUserName><![CDATA[oF_mkjvSFbutHzYPIiSa9Wwq2EiY]]></FromUserName>
<CreateTime>1554036985</CreateTime>
<MsgType><![CDATA[event]]></MsgType>
<Event><![CDATA[LOCATION]]></Event>
<Latitude>22.790169</Latitude>
<Longitude>114.455414</Longitude>
<Precision>65.000000</Precision>
</xml>

2019-03-31 20:56:24 params :
------------
String:
array (
  'message' => 
  array (
    'tousername' => 'gh_74fc964c4914',
    'fromusername' => 'oF_mkjvSFbutHzYPIiSa9Wwq2EiY',
    'createtime' => '1554036985',
    'msgtype' => 'event',
    'event' => 'LOCATION',
    'latitude' => '22.790169',
    'longitude' => '114.455414',
    'precision' => '65.000000',
    'from' => 'oF_mkjvSFbutHzYPIiSa9Wwq2EiY',
    'to' => 'gh_74fc964c4914',
    'time' => '1554036985',
    'type' => 'trace',
    'location_x' => '22.790169',
    'location_y' => '114.455414',
  ),
  'module' => 'default',
  'rule' => '-1',
)

2019-03-31 20:56:24 response :
------------
Array:
errno : -1 ;
message : Invaild value ;

2019-03-31 20:56:31 trace :
------------
String:
<xml><ToUserName><![CDATA[gh_74fc964c4914]]></ToUserName>
<FromUserName><![CDATA[oF_mkjvSFbutHzYPIiSa9Wwq2EiY]]></FromUserName>
<CreateTime>1554036993</CreateTime>
<MsgType><![CDATA[event]]></MsgType>
<Event><![CDATA[SCAN]]></Event>
<EventKey><![CDATA[TZHB15264370437241865--1574]]></EventKey>
<Ticket><![CDATA[gQGW8TwAAAAAAAAAAS5odHRwOi8vd2VpeGluLnFxLmNvbS9xLzAyU1Z2Z01RblZhQWUxMDAwME0wN2MAAgSzlPtaAwQAAAAA]]></Ticket>
</xml>

2019-03-31 20:56:32 params :
------------
String:
array (
  'rule' => -2,
  'module' => '',
  'message' => 
  array (
    'tousername' => 'gh_74fc964c4914',
    'fromusername' => 'oF_mkjvSFbutHzYPIiSa9Wwq2EiY',
    'createtime' => '1554036993',
    'msgtype' => 'event',
    'event' => 'SCAN',
    'eventkey' => 'TZHB15264370437241865--1574',
    'ticket' => 'gQGW8TwAAAAAAAAAAS5odHRwOi8vd2VpeGluLnFxLmNvbS9xLzAyU1Z2Z01RblZhQWUxMDAwME0wN2MAAgSzlPtaAwQAAAAA',
    'from' => 'oF_mkjvSFbutHzYPIiSa9Wwq2EiY',
    'to' => 'gh_74fc964c4914',
    'time' => '1554036993',
    'type' => 'text',
    'scene' => 'TZHB15264370437241865--1574',
    'redirection' => true,
    'source' => 'qr',
  ),
)

2019-03-31 20:56:32 response :
------------

2019-03-31 20:56:32 trace :
------------
String:
<xml><ToUserName><![CDATA[gh_74fc964c4914]]></ToUserName>
<FromUserName><![CDATA[oF_mkjvSFbutHzYPIiSa9Wwq2EiY]]></FromUserName>
<CreateTime>1554036993</CreateTime>
<MsgType><![CDATA[event]]></MsgType>
<Event><![CDATA[LOCATION]]></Event>
<Latitude>22.790039</Latitude>
<Longitude>114.455338</Longitude>
<Precision>65.000000</Precision>
</xml>

2019-03-31 20:56:32 params :
------------
String:
array (
  'message' => 
  array (
    'tousername' => 'gh_74fc964c4914',
    'fromusername' => 'oF_mkjvSFbutHzYPIiSa9Wwq2EiY',
    'createtime' => '1554036993',
    'msgtype' => 'event',
    'event' => 'LOCATION',
    'latitude' => '22.790039',
    'longitude' => '114.455338',
    'precision' => '65.000000',
    'from' => 'oF_mkjvSFbutHzYPIiSa9Wwq2EiY',
    'to' => 'gh_74fc964c4914',
    'time' => '1554036993',
    'type' => 'trace',
    'location_x' => '22.790039',
    'location_y' => '114.455338',
  ),
  'module' => 'default',
  'rule' => '-1',
)

2019-03-31 20:56:32 response :
------------
Array:
errno : -1 ;
message : Invaild value ;

2019-03-31 20:56:37 trace :
------------
String:
<xml><ToUserName><![CDATA[gh_74fc964c4914]]></ToUserName>
<FromUserName><![CDATA[oF_mkjvSFbutHzYPIiSa9Wwq2EiY]]></FromUserName>
<CreateTime>1554036999</CreateTime>
<MsgType><![CDATA[event]]></MsgType>
<Event><![CDATA[LOCATION]]></Event>
<Latitude>22.790039</Latitude>
<Longitude>114.455391</Longitude>
<Precision>65.000000</Precision>
</xml>

2019-03-31 20:56:37 params :
------------
String:
array (
  'message' => 
  array (
    'tousername' => 'gh_74fc964c4914',
    'fromusername' => 'oF_mkjvSFbutHzYPIiSa9Wwq2EiY',
    'createtime' => '1554036999',
    'msgtype' => 'event',
    'event' => 'LOCATION',
    'latitude' => '22.790039',
    'longitude' => '114.455391',
    'precision' => '65.000000',
    'from' => 'oF_mkjvSFbutHzYPIiSa9Wwq2EiY',
    'to' => 'gh_74fc964c4914',
    'time' => '1554036999',
    'type' => 'trace',
    'location_x' => '22.790039',
    'location_y' => '114.455391',
  ),
  'module' => 'default',
  'rule' => '-1',
)

2019-03-31 20:56:37 response :
------------
Array:
errno : -1 ;
message : Invaild value ;

