2019-01-18 00:36:13 trace :
------------
String:
<xml><ToUserName><![CDATA[gh_74fc964c4914]]></ToUserName>
<FromUserName><![CDATA[oF_mkjnI9_6vuNDvF4cufWLoEpL8]]></FromUserName>
<CreateTime>1547742973</CreateTime>
<MsgType><![CDATA[event]]></MsgType>
<Event><![CDATA[unsubscribe]]></Event>
<EventKey><![CDATA[]]></EventKey>
</xml>

2019-01-18 08:56:19 trace :
------------
String:
<xml><ToUserName><![CDATA[gh_74fc964c4914]]></ToUserName>
<FromUserName><![CDATA[oF_mkjl1nb1M_1voc190c8EpVnwE]]></FromUserName>
<CreateTime>1547772977</CreateTime>
<MsgType><![CDATA[event]]></MsgType>
<Event><![CDATA[SCAN]]></Event>
<EventKey><![CDATA[TZHB15444181279519429--12134]]></EventKey>
<Ticket><![CDATA[gQHO8DwAAAAAAAAAAS5odHRwOi8vd2VpeGluLnFxLmNvbS9xLzAyQVMxU05mblZhQWUxMDAwME0wN3MAAgRQ8w1cAwQAAAAA]]></Ticket>
</xml>

2019-01-18 08:56:19 params :
------------
String:
array (
  'rule' => -2,
  'module' => '',
  'message' => 
  array (
    'tousername' => 'gh_74fc964c4914',
    'fromusername' => 'oF_mkjl1nb1M_1voc190c8EpVnwE',
    'createtime' => '1547772977',
    'msgtype' => 'event',
    'event' => 'SCAN',
    'eventkey' => 'TZHB15444181279519429--12134',
    'ticket' => 'gQHO8DwAAAAAAAAAAS5odHRwOi8vd2VpeGluLnFxLmNvbS9xLzAyQVMxU05mblZhQWUxMDAwME0wN3MAAgRQ8w1cAwQAAAAA',
    'from' => 'oF_mkjl1nb1M_1voc190c8EpVnwE',
    'to' => 'gh_74fc964c4914',
    'time' => '1547772977',
    'type' => 'text',
    'scene' => 'TZHB15444181279519429--12134',
    'redirection' => true,
    'source' => 'qr',
  ),
)

2019-01-18 08:56:19 response :
------------

2019-01-18 12:09:45 trace :
------------
String:
<xml><ToUserName><![CDATA[gh_74fc964c4914]]></ToUserName>
<FromUserName><![CDATA[oF_mkjl1nb1M_1voc190c8EpVnwE]]></FromUserName>
<CreateTime>1547784583</CreateTime>
<MsgType><![CDATA[event]]></MsgType>
<Event><![CDATA[SCAN]]></Event>
<EventKey><![CDATA[TZHB15444180843808041--11849]]></EventKey>
<Ticket><![CDATA[gQET8TwAAAAAAAAAAS5odHRwOi8vd2VpeGluLnFxLmNvbS9xLzAyVDdlM01SblZhQWUxMDAwME0wN2QAAgQk8w1cAwQAAAAA]]></Ticket>
</xml>

2019-01-18 12:09:45 params :
------------
String:
array (
  'rule' => -2,
  'module' => '',
  'message' => 
  array (
    'tousername' => 'gh_74fc964c4914',
    'fromusername' => 'oF_mkjl1nb1M_1voc190c8EpVnwE',
    'createtime' => '1547784583',
    'msgtype' => 'event',
    'event' => 'SCAN',
    'eventkey' => 'TZHB15444180843808041--11849',
    'ticket' => 'gQET8TwAAAAAAAAAAS5odHRwOi8vd2VpeGluLnFxLmNvbS9xLzAyVDdlM01SblZhQWUxMDAwME0wN2QAAgQk8w1cAwQAAAAA',
    'from' => 'oF_mkjl1nb1M_1voc190c8EpVnwE',
    'to' => 'gh_74fc964c4914',
    'time' => '1547784583',
    'type' => 'text',
    'scene' => 'TZHB15444180843808041--11849',
    'redirection' => true,
    'source' => 'qr',
  ),
)

2019-01-18 12:09:45 response :
------------

2019-01-18 14:14:03 trace :
------------
String:
<xml><ToUserName><![CDATA[gh_74fc964c4914]]></ToUserName>
<FromUserName><![CDATA[oF_mkjiL_X9J6o-nScIOlhS7fZrE]]></FromUserName>
<CreateTime>1547792042</CreateTime>
<MsgType><![CDATA[event]]></MsgType>
<Event><![CDATA[subscribe]]></Event>
<EventKey><![CDATA[]]></EventKey>
</xml>

2019-01-18 14:14:03 params :
------------
String:
array (
  'message' => 
  array (
    'tousername' => 'gh_74fc964c4914',
    'fromusername' => 'oF_mkjiL_X9J6o-nScIOlhS7fZrE',
    'createtime' => '1547792042',
    'msgtype' => 'event',
    'event' => 'subscribe',
    'eventkey' => '',
    'from' => 'oF_mkjiL_X9J6o-nScIOlhS7fZrE',
    'to' => 'gh_74fc964c4914',
    'time' => '1547792042',
    'type' => 'text',
    'redirection' => true,
    'source' => 'subscribe',
    'content' => '首次关注',
  ),
  'module' => 'reply',
  'rule' => '9',
  'priority' => '0',
  'keyword' => 
  array (
    'id' => '116',
    'rid' => '9',
    'uniacid' => '2',
    'module' => 'reply',
    'content' => '首次关注',
    'type' => '1',
    'displayorder' => '0',
    'status' => '1',
    'reply_type' => 
    array (
      0 => 'basic',
    ),
  ),
  'reply_type' => 
  array (
    0 => 'basic',
  ),
)

2019-01-18 14:14:03 response :
------------
Array:
FromUserName : gh_74fc964c4914 ;
ToUserName : oF_mkjiL_X9J6o-nScIOlhS7fZrE ;
MsgType : text ;
Content : 您好，感谢您关注奔瑞汽车用品！360°汽车服务解决方案提供商。业务领域涵盖高端美容、二手翻新及快速钣喷等，欢迎与我们联系。
您也可以回复以下数字，查看相关信息。
【1】品牌介绍
【2】核心项目
【3】合作支持
【4】产品中心
【5】联系方式
您可以留言或拨打客服热线 4006669243 更多资讯，您可以访问奔瑞官网 www.benrui.cn
意见，建议反馈信息请直接回复，谢谢。 ;

2019-01-18 14:19:08 trace :
------------
String:
<xml><ToUserName><![CDATA[gh_74fc964c4914]]></ToUserName>
<FromUserName><![CDATA[oF_mkjgidYSpHeZ0fsjQ0PNWET0s]]></FromUserName>
<CreateTime>1547792348</CreateTime>
<MsgType><![CDATA[event]]></MsgType>
<Event><![CDATA[unsubscribe]]></Event>
<EventKey><![CDATA[]]></EventKey>
</xml>

2019-01-18 15:00:17 trace :
------------
String:
<xml><ToUserName><![CDATA[gh_74fc964c4914]]></ToUserName>
<FromUserName><![CDATA[oF_mkjs_d68OGfdUGoJX1UA8w6F4]]></FromUserName>
<CreateTime>1547794816</CreateTime>
<MsgType><![CDATA[event]]></MsgType>
<Event><![CDATA[subscribe]]></Event>
<EventKey><![CDATA[qrscene_TZHB15304976592847089--6307]]></EventKey>
<Ticket><![CDATA[gQGK8DwAAAAAAAAAAS5odHRwOi8vd2VpeGluLnFxLmNvbS9xLzAyTVlCck1ublZhQWUxMDAwMHcwN1cAAgR7ijlbAwQAAAAA]]></Ticket>
</xml>

2019-01-18 15:00:17 params :
------------
String:
array (
  'message' => 
  array (
    'tousername' => 'gh_74fc964c4914',
    'fromusername' => 'oF_mkjs_d68OGfdUGoJX1UA8w6F4',
    'createtime' => '1547794816',
    'msgtype' => 'event',
    'event' => 'subscribe',
    'eventkey' => 'qrscene_TZHB15304976592847089--6307',
    'ticket' => 'gQGK8DwAAAAAAAAAAS5odHRwOi8vd2VpeGluLnFxLmNvbS9xLzAyTVlCck1ublZhQWUxMDAwMHcwN1cAAgR7ijlbAwQAAAAA',
    'from' => 'oF_mkjs_d68OGfdUGoJX1UA8w6F4',
    'to' => 'gh_74fc964c4914',
    'time' => '1547794816',
    'type' => 'text',
    'scene' => 'TZHB15304976592847089--6307',
    'redirection' => true,
    'source' => 'subscribe',
    'content' => '首次关注',
  ),
  'module' => 'reply',
  'rule' => '9',
  'priority' => '0',
  'keyword' => 
  array (
    'id' => '116',
    'rid' => '9',
    'uniacid' => '2',
    'module' => 'reply',
    'content' => '首次关注',
    'type' => '1',
    'displayorder' => '0',
    'status' => '1',
    'reply_type' => 
    array (
      0 => 'basic',
    ),
  ),
  'reply_type' => 
  array (
    0 => 'basic',
  ),
)

2019-01-18 15:00:17 response :
------------
Array:
FromUserName : gh_74fc964c4914 ;
ToUserName : oF_mkjs_d68OGfdUGoJX1UA8w6F4 ;
MsgType : text ;
Content : 您好，感谢您关注奔瑞汽车用品！360°汽车服务解决方案提供商。业务领域涵盖高端美容、二手翻新及快速钣喷等，欢迎与我们联系。
您也可以回复以下数字，查看相关信息。
【1】品牌介绍
【2】核心项目
【3】合作支持
【4】产品中心
【5】联系方式
您可以留言或拨打客服热线 4006669243 更多资讯，您可以访问奔瑞官网 www.benrui.cn
意见，建议反馈信息请直接回复，谢谢。 ;

2019-01-18 15:00:45 trace :
------------
String:
<xml><ToUserName><![CDATA[gh_74fc964c4914]]></ToUserName>
<FromUserName><![CDATA[oF_mkjs_d68OGfdUGoJX1UA8w6F4]]></FromUserName>
<CreateTime>1547794845</CreateTime>
<MsgType><![CDATA[event]]></MsgType>
<Event><![CDATA[SCAN]]></Event>
<EventKey><![CDATA[TZHB15304976592847089--6307]]></EventKey>
<Ticket><![CDATA[gQGK8DwAAAAAAAAAAS5odHRwOi8vd2VpeGluLnFxLmNvbS9xLzAyTVlCck1ublZhQWUxMDAwMHcwN1cAAgR7ijlbAwQAAAAA]]></Ticket>
</xml>

2019-01-18 15:00:45 params :
------------
String:
array (
  'rule' => -2,
  'module' => '',
  'message' => 
  array (
    'tousername' => 'gh_74fc964c4914',
    'fromusername' => 'oF_mkjs_d68OGfdUGoJX1UA8w6F4',
    'createtime' => '1547794845',
    'msgtype' => 'event',
    'event' => 'SCAN',
    'eventkey' => 'TZHB15304976592847089--6307',
    'ticket' => 'gQGK8DwAAAAAAAAAAS5odHRwOi8vd2VpeGluLnFxLmNvbS9xLzAyTVlCck1ublZhQWUxMDAwMHcwN1cAAgR7ijlbAwQAAAAA',
    'from' => 'oF_mkjs_d68OGfdUGoJX1UA8w6F4',
    'to' => 'gh_74fc964c4914',
    'time' => '1547794845',
    'type' => 'text',
    'scene' => 'TZHB15304976592847089--6307',
    'redirection' => true,
    'source' => 'qr',
  ),
)

2019-01-18 15:00:45 response :
------------

2019-01-18 15:01:08 trace :
------------
String:
<xml><ToUserName><![CDATA[gh_74fc964c4914]]></ToUserName>
<FromUserName><![CDATA[oF_mkjoNDtPkECTzpAVtuwDohiYU]]></FromUserName>
<CreateTime>1547794867</CreateTime>
<MsgType><![CDATA[event]]></MsgType>
<Event><![CDATA[SCAN]]></Event>
<EventKey><![CDATA[TZHB15304976592847089--6307]]></EventKey>
<Ticket><![CDATA[gQGK8DwAAAAAAAAAAS5odHRwOi8vd2VpeGluLnFxLmNvbS9xLzAyTVlCck1ublZhQWUxMDAwMHcwN1cAAgR7ijlbAwQAAAAA]]></Ticket>
</xml>

2019-01-18 15:01:08 params :
------------
String:
array (
  'rule' => -2,
  'module' => '',
  'message' => 
  array (
    'tousername' => 'gh_74fc964c4914',
    'fromusername' => 'oF_mkjoNDtPkECTzpAVtuwDohiYU',
    'createtime' => '1547794867',
    'msgtype' => 'event',
    'event' => 'SCAN',
    'eventkey' => 'TZHB15304976592847089--6307',
    'ticket' => 'gQGK8DwAAAAAAAAAAS5odHRwOi8vd2VpeGluLnFxLmNvbS9xLzAyTVlCck1ublZhQWUxMDAwMHcwN1cAAgR7ijlbAwQAAAAA',
    'from' => 'oF_mkjoNDtPkECTzpAVtuwDohiYU',
    'to' => 'gh_74fc964c4914',
    'time' => '1547794867',
    'type' => 'text',
    'scene' => 'TZHB15304976592847089--6307',
    'redirection' => true,
    'source' => 'qr',
  ),
)

2019-01-18 15:01:08 response :
------------

2019-01-18 15:47:01 trace :
------------
String:
<xml><ToUserName><![CDATA[gh_74fc964c4914]]></ToUserName>
<FromUserName><![CDATA[oF_mkjrX_PrktlHbg4KVmFIJTQd4]]></FromUserName>
<CreateTime>1547797620</CreateTime>
<MsgType><![CDATA[event]]></MsgType>
<Event><![CDATA[subscribe]]></Event>
<EventKey><![CDATA[]]></EventKey>
</xml>

2019-01-18 15:47:01 params :
------------
String:
array (
  'message' => 
  array (
    'tousername' => 'gh_74fc964c4914',
    'fromusername' => 'oF_mkjrX_PrktlHbg4KVmFIJTQd4',
    'createtime' => '1547797620',
    'msgtype' => 'event',
    'event' => 'subscribe',
    'eventkey' => '',
    'from' => 'oF_mkjrX_PrktlHbg4KVmFIJTQd4',
    'to' => 'gh_74fc964c4914',
    'time' => '1547797620',
    'type' => 'text',
    'redirection' => true,
    'source' => 'subscribe',
    'content' => '首次关注',
  ),
  'module' => 'reply',
  'rule' => '9',
  'priority' => '0',
  'keyword' => 
  array (
    'id' => '116',
    'rid' => '9',
    'uniacid' => '2',
    'module' => 'reply',
    'content' => '首次关注',
    'type' => '1',
    'displayorder' => '0',
    'status' => '1',
    'reply_type' => 
    array (
      0 => 'basic',
    ),
  ),
  'reply_type' => 
  array (
    0 => 'basic',
  ),
)

2019-01-18 15:47:01 response :
------------
Array:
FromUserName : gh_74fc964c4914 ;
ToUserName : oF_mkjrX_PrktlHbg4KVmFIJTQd4 ;
MsgType : text ;
Content : 您好，感谢您关注奔瑞汽车用品！360°汽车服务解决方案提供商。业务领域涵盖高端美容、二手翻新及快速钣喷等，欢迎与我们联系。
您也可以回复以下数字，查看相关信息。
【1】品牌介绍
【2】核心项目
【3】合作支持
【4】产品中心
【5】联系方式
您可以留言或拨打客服热线 4006669243 更多资讯，您可以访问奔瑞官网 www.benrui.cn
意见，建议反馈信息请直接回复，谢谢。 ;

2019-01-18 15:47:14 trace :
------------
String:
<xml><ToUserName><![CDATA[gh_74fc964c4914]]></ToUserName>
<FromUserName><![CDATA[oF_mkjp52V7u_hnGiJk8r7_oSHeE]]></FromUserName>
<CreateTime>1547797632</CreateTime>
<MsgType><![CDATA[event]]></MsgType>
<Event><![CDATA[SCAN]]></Event>
<EventKey><![CDATA[TZHB15301481639685519--3979]]></EventKey>
<Ticket><![CDATA[gQFK8DwAAAAAAAAAAS5odHRwOi8vd2VpeGluLnFxLmNvbS9xLzAyNV9fek56blZhQWUxMDAwME0wNzIAAgRENTRbAwQAAAAA]]></Ticket>
</xml>

2019-01-18 15:47:14 params :
------------
String:
array (
  'rule' => -2,
  'module' => '',
  'message' => 
  array (
    'tousername' => 'gh_74fc964c4914',
    'fromusername' => 'oF_mkjp52V7u_hnGiJk8r7_oSHeE',
    'createtime' => '1547797632',
    'msgtype' => 'event',
    'event' => 'SCAN',
    'eventkey' => 'TZHB15301481639685519--3979',
    'ticket' => 'gQFK8DwAAAAAAAAAAS5odHRwOi8vd2VpeGluLnFxLmNvbS9xLzAyNV9fek56blZhQWUxMDAwME0wNzIAAgRENTRbAwQAAAAA',
    'from' => 'oF_mkjp52V7u_hnGiJk8r7_oSHeE',
    'to' => 'gh_74fc964c4914',
    'time' => '1547797632',
    'type' => 'text',
    'scene' => 'TZHB15301481639685519--3979',
    'redirection' => true,
    'source' => 'qr',
  ),
)

2019-01-18 15:47:14 response :
------------

2019-01-18 15:47:34 trace :
------------
String:
<xml><ToUserName><![CDATA[gh_74fc964c4914]]></ToUserName>
<FromUserName><![CDATA[oF_mkjp52V7u_hnGiJk8r7_oSHeE]]></FromUserName>
<CreateTime>1547797652</CreateTime>
<MsgType><![CDATA[event]]></MsgType>
<Event><![CDATA[SCAN]]></Event>
<EventKey><![CDATA[TZHB15301483771493978--4239]]></EventKey>
<Ticket><![CDATA[gQF38DwAAAAAAAAAAS5odHRwOi8vd2VpeGluLnFxLmNvbS9xLzAyY2ZhbE4wblZhQWUxMDAwMGcwNzYAAgQZNjRbAwQAAAAA]]></Ticket>
</xml>

2019-01-18 15:47:34 params :
------------
String:
array (
  'rule' => -2,
  'module' => '',
  'message' => 
  array (
    'tousername' => 'gh_74fc964c4914',
    'fromusername' => 'oF_mkjp52V7u_hnGiJk8r7_oSHeE',
    'createtime' => '1547797652',
    'msgtype' => 'event',
    'event' => 'SCAN',
    'eventkey' => 'TZHB15301483771493978--4239',
    'ticket' => 'gQF38DwAAAAAAAAAAS5odHRwOi8vd2VpeGluLnFxLmNvbS9xLzAyY2ZhbE4wblZhQWUxMDAwMGcwNzYAAgQZNjRbAwQAAAAA',
    'from' => 'oF_mkjp52V7u_hnGiJk8r7_oSHeE',
    'to' => 'gh_74fc964c4914',
    'time' => '1547797652',
    'type' => 'text',
    'scene' => 'TZHB15301483771493978--4239',
    'redirection' => true,
    'source' => 'qr',
  ),
)

2019-01-18 15:47:34 response :
------------

2019-01-18 16:47:34 trace :
------------
String:
<xml><ToUserName><![CDATA[gh_74fc964c4914]]></ToUserName>
<FromUserName><![CDATA[oF_mkjp220el6UvMF0henupuL4mc]]></FromUserName>
<CreateTime>1547801253</CreateTime>
<MsgType><![CDATA[event]]></MsgType>
<Event><![CDATA[SCAN]]></Event>
<EventKey><![CDATA[TZHB15264364833565952--1351]]></EventKey>
<Ticket><![CDATA[gQGn8TwAAAAAAAAAAS5odHRwOi8vd2VpeGluLnFxLmNvbS9xLzAyemhDdk5HblZhQWUxMDAwME0wN3gAAgSDkvtaAwQAAAAA]]></Ticket>
</xml>

2019-01-18 16:47:34 params :
------------
String:
array (
  'rule' => -2,
  'module' => '',
  'message' => 
  array (
    'tousername' => 'gh_74fc964c4914',
    'fromusername' => 'oF_mkjp220el6UvMF0henupuL4mc',
    'createtime' => '1547801253',
    'msgtype' => 'event',
    'event' => 'SCAN',
    'eventkey' => 'TZHB15264364833565952--1351',
    'ticket' => 'gQGn8TwAAAAAAAAAAS5odHRwOi8vd2VpeGluLnFxLmNvbS9xLzAyemhDdk5HblZhQWUxMDAwME0wN3gAAgSDkvtaAwQAAAAA',
    'from' => 'oF_mkjp220el6UvMF0henupuL4mc',
    'to' => 'gh_74fc964c4914',
    'time' => '1547801253',
    'type' => 'text',
    'scene' => 'TZHB15264364833565952--1351',
    'redirection' => true,
    'source' => 'qr',
  ),
)

2019-01-18 16:47:34 response :
------------

2019-01-18 19:42:31 trace :
------------
String:
<xml><ToUserName><![CDATA[gh_74fc964c4914]]></ToUserName>
<FromUserName><![CDATA[oF_mkjvscq63Oxa-pifNEzcCyHPU]]></FromUserName>
<CreateTime>1547811751</CreateTime>
<MsgType><![CDATA[event]]></MsgType>
<Event><![CDATA[SCAN]]></Event>
<EventKey><![CDATA[TZHB15264364833565952--1351]]></EventKey>
<Ticket><![CDATA[gQGn8TwAAAAAAAAAAS5odHRwOi8vd2VpeGluLnFxLmNvbS9xLzAyemhDdk5HblZhQWUxMDAwME0wN3gAAgSDkvtaAwQAAAAA]]></Ticket>
</xml>

2019-01-18 19:42:31 params :
------------
String:
array (
  'rule' => -2,
  'module' => '',
  'message' => 
  array (
    'tousername' => 'gh_74fc964c4914',
    'fromusername' => 'oF_mkjvscq63Oxa-pifNEzcCyHPU',
    'createtime' => '1547811751',
    'msgtype' => 'event',
    'event' => 'SCAN',
    'eventkey' => 'TZHB15264364833565952--1351',
    'ticket' => 'gQGn8TwAAAAAAAAAAS5odHRwOi8vd2VpeGluLnFxLmNvbS9xLzAyemhDdk5HblZhQWUxMDAwME0wN3gAAgSDkvtaAwQAAAAA',
    'from' => 'oF_mkjvscq63Oxa-pifNEzcCyHPU',
    'to' => 'gh_74fc964c4914',
    'time' => '1547811751',
    'type' => 'text',
    'scene' => 'TZHB15264364833565952--1351',
    'redirection' => true,
    'source' => 'qr',
  ),
)

2019-01-18 19:42:31 response :
------------

2019-01-18 19:42:41 trace :
------------
String:
<xml><ToUserName><![CDATA[gh_74fc964c4914]]></ToUserName>
<FromUserName><![CDATA[oF_mkjvscq63Oxa-pifNEzcCyHPU]]></FromUserName>
<CreateTime>1547811760</CreateTime>
<MsgType><![CDATA[event]]></MsgType>
<Event><![CDATA[LOCATION]]></Event>
<Latitude>0.000000</Latitude>
<Longitude>0.000000</Longitude>
<Precision>0.000000</Precision>
</xml>

2019-01-18 19:42:41 params :
------------
String:
array (
  'message' => 
  array (
    'tousername' => 'gh_74fc964c4914',
    'fromusername' => 'oF_mkjvscq63Oxa-pifNEzcCyHPU',
    'createtime' => '1547811760',
    'msgtype' => 'event',
    'event' => 'LOCATION',
    'latitude' => '0.000000',
    'longitude' => '0.000000',
    'precision' => '0.000000',
    'from' => 'oF_mkjvscq63Oxa-pifNEzcCyHPU',
    'to' => 'gh_74fc964c4914',
    'time' => '1547811760',
    'type' => 'trace',
    'location_x' => '0.000000',
    'location_y' => '0.000000',
  ),
  'module' => 'default',
  'rule' => '-1',
)

2019-01-18 19:42:41 response :
------------
Array:
errno : -1 ;
message : Invaild value ;

2019-01-18 19:42:53 trace :
------------
String:
<xml><ToUserName><![CDATA[gh_74fc964c4914]]></ToUserName>
<FromUserName><![CDATA[oF_mkjvscq63Oxa-pifNEzcCyHPU]]></FromUserName>
<CreateTime>1547811772</CreateTime>
<MsgType><![CDATA[event]]></MsgType>
<Event><![CDATA[LOCATION]]></Event>
<Latitude>0.000000</Latitude>
<Longitude>0.000000</Longitude>
<Precision>0.000000</Precision>
</xml>

2019-01-18 19:42:53 params :
------------
String:
array (
  'message' => 
  array (
    'tousername' => 'gh_74fc964c4914',
    'fromusername' => 'oF_mkjvscq63Oxa-pifNEzcCyHPU',
    'createtime' => '1547811772',
    'msgtype' => 'event',
    'event' => 'LOCATION',
    'latitude' => '0.000000',
    'longitude' => '0.000000',
    'precision' => '0.000000',
    'from' => 'oF_mkjvscq63Oxa-pifNEzcCyHPU',
    'to' => 'gh_74fc964c4914',
    'time' => '1547811772',
    'type' => 'trace',
    'location_x' => '0.000000',
    'location_y' => '0.000000',
  ),
  'module' => 'default',
  'rule' => '-1',
)

2019-01-18 19:42:53 response :
------------
Array:
errno : -1 ;
message : Invaild value ;

2019-01-18 19:43:11 trace :
------------
String:
<xml><ToUserName><![CDATA[gh_74fc964c4914]]></ToUserName>
<FromUserName><![CDATA[oF_mkjvscq63Oxa-pifNEzcCyHPU]]></FromUserName>
<CreateTime>1547811790</CreateTime>
<MsgType><![CDATA[event]]></MsgType>
<Event><![CDATA[SCAN]]></Event>
<EventKey><![CDATA[TZHB15264364833565952--1351]]></EventKey>
<Ticket><![CDATA[gQGn8TwAAAAAAAAAAS5odHRwOi8vd2VpeGluLnFxLmNvbS9xLzAyemhDdk5HblZhQWUxMDAwME0wN3gAAgSDkvtaAwQAAAAA]]></Ticket>
</xml>

2019-01-18 19:43:11 params :
------------
String:
array (
  'rule' => -2,
  'module' => '',
  'message' => 
  array (
    'tousername' => 'gh_74fc964c4914',
    'fromusername' => 'oF_mkjvscq63Oxa-pifNEzcCyHPU',
    'createtime' => '1547811790',
    'msgtype' => 'event',
    'event' => 'SCAN',
    'eventkey' => 'TZHB15264364833565952--1351',
    'ticket' => 'gQGn8TwAAAAAAAAAAS5odHRwOi8vd2VpeGluLnFxLmNvbS9xLzAyemhDdk5HblZhQWUxMDAwME0wN3gAAgSDkvtaAwQAAAAA',
    'from' => 'oF_mkjvscq63Oxa-pifNEzcCyHPU',
    'to' => 'gh_74fc964c4914',
    'time' => '1547811790',
    'type' => 'text',
    'scene' => 'TZHB15264364833565952--1351',
    'redirection' => true,
    'source' => 'qr',
  ),
)

2019-01-18 19:43:11 response :
------------

2019-01-18 19:43:12 trace :
------------
String:
<xml><ToUserName><![CDATA[gh_74fc964c4914]]></ToUserName>
<FromUserName><![CDATA[oF_mkjvscq63Oxa-pifNEzcCyHPU]]></FromUserName>
<CreateTime>1547811791</CreateTime>
<MsgType><![CDATA[event]]></MsgType>
<Event><![CDATA[LOCATION]]></Event>
<Latitude>0.000000</Latitude>
<Longitude>0.000000</Longitude>
<Precision>0.000000</Precision>
</xml>

2019-01-18 19:43:12 params :
------------
String:
array (
  'message' => 
  array (
    'tousername' => 'gh_74fc964c4914',
    'fromusername' => 'oF_mkjvscq63Oxa-pifNEzcCyHPU',
    'createtime' => '1547811791',
    'msgtype' => 'event',
    'event' => 'LOCATION',
    'latitude' => '0.000000',
    'longitude' => '0.000000',
    'precision' => '0.000000',
    'from' => 'oF_mkjvscq63Oxa-pifNEzcCyHPU',
    'to' => 'gh_74fc964c4914',
    'time' => '1547811791',
    'type' => 'trace',
    'location_x' => '0.000000',
    'location_y' => '0.000000',
  ),
  'module' => 'default',
  'rule' => '-1',
)

2019-01-18 19:43:12 response :
------------
Array:
errno : -1 ;
message : Invaild value ;

2019-01-18 19:43:36 trace :
------------
String:
<xml><ToUserName><![CDATA[gh_74fc964c4914]]></ToUserName>
<FromUserName><![CDATA[oF_mkjvscq63Oxa-pifNEzcCyHPU]]></FromUserName>
<CreateTime>1547811816</CreateTime>
<MsgType><![CDATA[event]]></MsgType>
<Event><![CDATA[LOCATION]]></Event>
<Latitude>22.638815</Latitude>
<Longitude>114.045776</Longitude>
<Precision>410.000000</Precision>
</xml>

2019-01-18 19:43:36 params :
------------
String:
array (
  'message' => 
  array (
    'tousername' => 'gh_74fc964c4914',
    'fromusername' => 'oF_mkjvscq63Oxa-pifNEzcCyHPU',
    'createtime' => '1547811816',
    'msgtype' => 'event',
    'event' => 'LOCATION',
    'latitude' => '22.638815',
    'longitude' => '114.045776',
    'precision' => '410.000000',
    'from' => 'oF_mkjvscq63Oxa-pifNEzcCyHPU',
    'to' => 'gh_74fc964c4914',
    'time' => '1547811816',
    'type' => 'trace',
    'location_x' => '22.638815',
    'location_y' => '114.045776',
  ),
  'module' => 'default',
  'rule' => '-1',
)

2019-01-18 19:43:36 response :
------------
Array:
errno : -1 ;
message : Invaild value ;

2019-01-18 20:07:23 trace :
------------
String:
<xml><ToUserName><![CDATA[gh_74fc964c4914]]></ToUserName>
<FromUserName><![CDATA[oF_mkjp4ZO9_0fc9zXIz__XQmBU4]]></FromUserName>
<CreateTime>1547813242</CreateTime>
<MsgType><![CDATA[event]]></MsgType>
<Event><![CDATA[LOCATION]]></Event>
<Latitude>33.968880</Latitude>
<Longitude>116.791130</Longitude>
<Precision>30.000000</Precision>
</xml>

2019-01-18 20:07:23 params :
------------
String:
array (
  'message' => 
  array (
    'tousername' => 'gh_74fc964c4914',
    'fromusername' => 'oF_mkjp4ZO9_0fc9zXIz__XQmBU4',
    'createtime' => '1547813242',
    'msgtype' => 'event',
    'event' => 'LOCATION',
    'latitude' => '33.968880',
    'longitude' => '116.791130',
    'precision' => '30.000000',
    'from' => 'oF_mkjp4ZO9_0fc9zXIz__XQmBU4',
    'to' => 'gh_74fc964c4914',
    'time' => '1547813242',
    'type' => 'trace',
    'location_x' => '33.968880',
    'location_y' => '116.791130',
  ),
  'module' => 'default',
  'rule' => '-1',
)

2019-01-18 20:07:23 response :
------------
Array:
errno : -1 ;
message : Invaild value ;

2019-01-18 20:38:15 trace :
------------
String:
<xml><ToUserName><![CDATA[gh_74fc964c4914]]></ToUserName>
<FromUserName><![CDATA[oF_mkjk2xwE6PB1Mr2j5tTPCdCDs]]></FromUserName>
<CreateTime>1547815093</CreateTime>
<MsgType><![CDATA[event]]></MsgType>
<Event><![CDATA[SCAN]]></Event>
<EventKey><![CDATA[TZHB15444180182281009--11518]]></EventKey>
<Ticket><![CDATA[gQHe8DwAAAAAAAAAAS5odHRwOi8vd2VpeGluLnFxLmNvbS9xLzAyeHo4aE1mblZhQWUxMDAwMDAwN3YAAgTi8g1cAwQAAAAA]]></Ticket>
</xml>

2019-01-18 20:38:15 params :
------------
String:
array (
  'rule' => -2,
  'module' => '',
  'message' => 
  array (
    'tousername' => 'gh_74fc964c4914',
    'fromusername' => 'oF_mkjk2xwE6PB1Mr2j5tTPCdCDs',
    'createtime' => '1547815093',
    'msgtype' => 'event',
    'event' => 'SCAN',
    'eventkey' => 'TZHB15444180182281009--11518',
    'ticket' => 'gQHe8DwAAAAAAAAAAS5odHRwOi8vd2VpeGluLnFxLmNvbS9xLzAyeHo4aE1mblZhQWUxMDAwMDAwN3YAAgTi8g1cAwQAAAAA',
    'from' => 'oF_mkjk2xwE6PB1Mr2j5tTPCdCDs',
    'to' => 'gh_74fc964c4914',
    'time' => '1547815093',
    'type' => 'text',
    'scene' => 'TZHB15444180182281009--11518',
    'redirection' => true,
    'source' => 'qr',
  ),
)

2019-01-18 20:38:15 response :
------------

2019-01-18 20:38:17 trace :
------------
String:
<xml><ToUserName><![CDATA[gh_74fc964c4914]]></ToUserName>
<FromUserName><![CDATA[oF_mkjk2xwE6PB1Mr2j5tTPCdCDs]]></FromUserName>
<CreateTime>1547815097</CreateTime>
<MsgType><![CDATA[event]]></MsgType>
<Event><![CDATA[LOCATION]]></Event>
<Latitude>35.112293</Latitude>
<Longitude>118.298477</Longitude>
<Precision>30.000000</Precision>
</xml>

2019-01-18 20:38:17 params :
------------
String:
array (
  'message' => 
  array (
    'tousername' => 'gh_74fc964c4914',
    'fromusername' => 'oF_mkjk2xwE6PB1Mr2j5tTPCdCDs',
    'createtime' => '1547815097',
    'msgtype' => 'event',
    'event' => 'LOCATION',
    'latitude' => '35.112293',
    'longitude' => '118.298477',
    'precision' => '30.000000',
    'from' => 'oF_mkjk2xwE6PB1Mr2j5tTPCdCDs',
    'to' => 'gh_74fc964c4914',
    'time' => '1547815097',
    'type' => 'trace',
    'location_x' => '35.112293',
    'location_y' => '118.298477',
  ),
  'module' => 'default',
  'rule' => '-1',
)

2019-01-18 20:38:17 response :
------------
Array:
errno : -1 ;
message : Invaild value ;

2019-01-18 20:38:28 trace :
------------
String:
<xml><ToUserName><![CDATA[gh_74fc964c4914]]></ToUserName>
<FromUserName><![CDATA[oF_mkjk2xwE6PB1Mr2j5tTPCdCDs]]></FromUserName>
<CreateTime>1547815107</CreateTime>
<MsgType><![CDATA[event]]></MsgType>
<Event><![CDATA[LOCATION]]></Event>
<Latitude>35.112293</Latitude>
<Longitude>118.298477</Longitude>
<Precision>30.000000</Precision>
</xml>

2019-01-18 20:38:28 params :
------------
String:
array (
  'message' => 
  array (
    'tousername' => 'gh_74fc964c4914',
    'fromusername' => 'oF_mkjk2xwE6PB1Mr2j5tTPCdCDs',
    'createtime' => '1547815107',
    'msgtype' => 'event',
    'event' => 'LOCATION',
    'latitude' => '35.112293',
    'longitude' => '118.298477',
    'precision' => '30.000000',
    'from' => 'oF_mkjk2xwE6PB1Mr2j5tTPCdCDs',
    'to' => 'gh_74fc964c4914',
    'time' => '1547815107',
    'type' => 'trace',
    'location_x' => '35.112293',
    'location_y' => '118.298477',
  ),
  'module' => 'default',
  'rule' => '-1',
)

2019-01-18 20:38:28 response :
------------
Array:
errno : -1 ;
message : Invaild value ;

2019-01-18 20:38:36 trace :
------------
String:
<xml><ToUserName><![CDATA[gh_74fc964c4914]]></ToUserName>
<FromUserName><![CDATA[oF_mkjk2xwE6PB1Mr2j5tTPCdCDs]]></FromUserName>
<CreateTime>1547815116</CreateTime>
<MsgType><![CDATA[event]]></MsgType>
<Event><![CDATA[LOCATION]]></Event>
<Latitude>35.112293</Latitude>
<Longitude>118.298477</Longitude>
<Precision>30.000000</Precision>
</xml>

2019-01-18 20:38:36 params :
------------
String:
array (
  'message' => 
  array (
    'tousername' => 'gh_74fc964c4914',
    'fromusername' => 'oF_mkjk2xwE6PB1Mr2j5tTPCdCDs',
    'createtime' => '1547815116',
    'msgtype' => 'event',
    'event' => 'LOCATION',
    'latitude' => '35.112293',
    'longitude' => '118.298477',
    'precision' => '30.000000',
    'from' => 'oF_mkjk2xwE6PB1Mr2j5tTPCdCDs',
    'to' => 'gh_74fc964c4914',
    'time' => '1547815116',
    'type' => 'trace',
    'location_x' => '35.112293',
    'location_y' => '118.298477',
  ),
  'module' => 'default',
  'rule' => '-1',
)

2019-01-18 20:38:36 response :
------------
Array:
errno : -1 ;
message : Invaild value ;

2019-01-18 20:38:37 trace :
------------
String:
<xml><ToUserName><![CDATA[gh_74fc964c4914]]></ToUserName>
<FromUserName><![CDATA[oF_mkjqyNJo-Iz-iqS8UB4MYRttI]]></FromUserName>
<CreateTime>1547815117</CreateTime>
<MsgType><![CDATA[event]]></MsgType>
<Event><![CDATA[SCAN]]></Event>
<EventKey><![CDATA[TZHB15444181729959795--12450]]></EventKey>
<Ticket><![CDATA[gQHa8DwAAAAAAAAAAS5odHRwOi8vd2VpeGluLnFxLmNvbS9xLzAyYUZkM000blZhQWUxMDAwME0wN0cAAgR98w1cAwQAAAAA]]></Ticket>
</xml>

2019-01-18 20:38:37 params :
------------
String:
array (
  'rule' => -2,
  'module' => '',
  'message' => 
  array (
    'tousername' => 'gh_74fc964c4914',
    'fromusername' => 'oF_mkjqyNJo-Iz-iqS8UB4MYRttI',
    'createtime' => '1547815117',
    'msgtype' => 'event',
    'event' => 'SCAN',
    'eventkey' => 'TZHB15444181729959795--12450',
    'ticket' => 'gQHa8DwAAAAAAAAAAS5odHRwOi8vd2VpeGluLnFxLmNvbS9xLzAyYUZkM000blZhQWUxMDAwME0wN0cAAgR98w1cAwQAAAAA',
    'from' => 'oF_mkjqyNJo-Iz-iqS8UB4MYRttI',
    'to' => 'gh_74fc964c4914',
    'time' => '1547815117',
    'type' => 'text',
    'scene' => 'TZHB15444181729959795--12450',
    'redirection' => true,
    'source' => 'qr',
  ),
)

2019-01-18 20:38:37 response :
------------

2019-01-18 20:38:41 trace :
------------
String:
<xml><ToUserName><![CDATA[gh_74fc964c4914]]></ToUserName>
<FromUserName><![CDATA[oF_mkjqyNJo-Iz-iqS8UB4MYRttI]]></FromUserName>
<CreateTime>1547815121</CreateTime>
<MsgType><![CDATA[event]]></MsgType>
<Event><![CDATA[LOCATION]]></Event>
<Latitude>35.112286</Latitude>
<Longitude>118.298401</Longitude>
<Precision>30.000000</Precision>
</xml>

2019-01-18 20:38:41 params :
------------
String:
array (
  'message' => 
  array (
    'tousername' => 'gh_74fc964c4914',
    'fromusername' => 'oF_mkjqyNJo-Iz-iqS8UB4MYRttI',
    'createtime' => '1547815121',
    'msgtype' => 'event',
    'event' => 'LOCATION',
    'latitude' => '35.112286',
    'longitude' => '118.298401',
    'precision' => '30.000000',
    'from' => 'oF_mkjqyNJo-Iz-iqS8UB4MYRttI',
    'to' => 'gh_74fc964c4914',
    'time' => '1547815121',
    'type' => 'trace',
    'location_x' => '35.112286',
    'location_y' => '118.298401',
  ),
  'module' => 'default',
  'rule' => '-1',
)

2019-01-18 20:38:41 response :
------------
Array:
errno : -1 ;
message : Invaild value ;

2019-01-18 20:38:53 trace :
------------
String:
<xml><ToUserName><![CDATA[gh_74fc964c4914]]></ToUserName>
<FromUserName><![CDATA[oF_mkjqyNJo-Iz-iqS8UB4MYRttI]]></FromUserName>
<CreateTime>1547815132</CreateTime>
<MsgType><![CDATA[event]]></MsgType>
<Event><![CDATA[LOCATION]]></Event>
<Latitude>35.112286</Latitude>
<Longitude>118.298401</Longitude>
<Precision>30.000000</Precision>
</xml>

2019-01-18 20:38:53 params :
------------
String:
array (
  'message' => 
  array (
    'tousername' => 'gh_74fc964c4914',
    'fromusername' => 'oF_mkjqyNJo-Iz-iqS8UB4MYRttI',
    'createtime' => '1547815132',
    'msgtype' => 'event',
    'event' => 'LOCATION',
    'latitude' => '35.112286',
    'longitude' => '118.298401',
    'precision' => '30.000000',
    'from' => 'oF_mkjqyNJo-Iz-iqS8UB4MYRttI',
    'to' => 'gh_74fc964c4914',
    'time' => '1547815132',
    'type' => 'trace',
    'location_x' => '35.112286',
    'location_y' => '118.298401',
  ),
  'module' => 'default',
  'rule' => '-1',
)

2019-01-18 20:38:53 response :
------------
Array:
errno : -1 ;
message : Invaild value ;

2019-01-18 20:38:53 trace :
------------
String:
<xml><ToUserName><![CDATA[gh_74fc964c4914]]></ToUserName>
<FromUserName><![CDATA[oF_mkjqyNJo-Iz-iqS8UB4MYRttI]]></FromUserName>
<CreateTime>1547815131</CreateTime>
<MsgType><![CDATA[event]]></MsgType>
<Event><![CDATA[SCAN]]></Event>
<EventKey><![CDATA[TZHB15444181742861633--12456]]></EventKey>
<Ticket><![CDATA[gQHi8DwAAAAAAAAAAS5odHRwOi8vd2VpeGluLnFxLmNvbS9xLzAyMkdwNE05blZhQWUxMDAwMHcwNzAAAgR_8w1cAwQAAAAA]]></Ticket>
</xml>

2019-01-18 20:38:53 params :
------------
String:
array (
  'rule' => -2,
  'module' => '',
  'message' => 
  array (
    'tousername' => 'gh_74fc964c4914',
    'fromusername' => 'oF_mkjqyNJo-Iz-iqS8UB4MYRttI',
    'createtime' => '1547815131',
    'msgtype' => 'event',
    'event' => 'SCAN',
    'eventkey' => 'TZHB15444181742861633--12456',
    'ticket' => 'gQHi8DwAAAAAAAAAAS5odHRwOi8vd2VpeGluLnFxLmNvbS9xLzAyMkdwNE05blZhQWUxMDAwMHcwNzAAAgR_8w1cAwQAAAAA',
    'from' => 'oF_mkjqyNJo-Iz-iqS8UB4MYRttI',
    'to' => 'gh_74fc964c4914',
    'time' => '1547815131',
    'type' => 'text',
    'scene' => 'TZHB15444181742861633--12456',
    'redirection' => true,
    'source' => 'qr',
  ),
)

2019-01-18 20:38:53 response :
------------

2019-01-18 20:38:59 trace :
------------
String:
<xml><ToUserName><![CDATA[gh_74fc964c4914]]></ToUserName>
<FromUserName><![CDATA[oF_mkjqyNJo-Iz-iqS8UB4MYRttI]]></FromUserName>
<CreateTime>1547815139</CreateTime>
<MsgType><![CDATA[event]]></MsgType>
<Event><![CDATA[LOCATION]]></Event>
<Latitude>35.112286</Latitude>
<Longitude>118.298401</Longitude>
<Precision>30.000000</Precision>
</xml>

2019-01-18 20:38:59 params :
------------
String:
array (
  'message' => 
  array (
    'tousername' => 'gh_74fc964c4914',
    'fromusername' => 'oF_mkjqyNJo-Iz-iqS8UB4MYRttI',
    'createtime' => '1547815139',
    'msgtype' => 'event',
    'event' => 'LOCATION',
    'latitude' => '35.112286',
    'longitude' => '118.298401',
    'precision' => '30.000000',
    'from' => 'oF_mkjqyNJo-Iz-iqS8UB4MYRttI',
    'to' => 'gh_74fc964c4914',
    'time' => '1547815139',
    'type' => 'trace',
    'location_x' => '35.112286',
    'location_y' => '118.298401',
  ),
  'module' => 'default',
  'rule' => '-1',
)

2019-01-18 20:38:59 response :
------------
Array:
errno : -1 ;
message : Invaild value ;

2019-01-18 20:39:07 trace :
------------
String:
<xml><ToUserName><![CDATA[gh_74fc964c4914]]></ToUserName>
<FromUserName><![CDATA[oF_mkjqyNJo-Iz-iqS8UB4MYRttI]]></FromUserName>
<CreateTime>1547815147</CreateTime>
<MsgType><![CDATA[event]]></MsgType>
<Event><![CDATA[LOCATION]]></Event>
<Latitude>35.112083</Latitude>
<Longitude>118.298294</Longitude>
<Precision>30.000000</Precision>
</xml>

2019-01-18 20:39:07 params :
------------
String:
array (
  'message' => 
  array (
    'tousername' => 'gh_74fc964c4914',
    'fromusername' => 'oF_mkjqyNJo-Iz-iqS8UB4MYRttI',
    'createtime' => '1547815147',
    'msgtype' => 'event',
    'event' => 'LOCATION',
    'latitude' => '35.112083',
    'longitude' => '118.298294',
    'precision' => '30.000000',
    'from' => 'oF_mkjqyNJo-Iz-iqS8UB4MYRttI',
    'to' => 'gh_74fc964c4914',
    'time' => '1547815147',
    'type' => 'trace',
    'location_x' => '35.112083',
    'location_y' => '118.298294',
  ),
  'module' => 'default',
  'rule' => '-1',
)

2019-01-18 20:39:07 response :
------------
Array:
errno : -1 ;
message : Invaild value ;

2019-01-18 20:39:10 trace :
------------
String:
<xml><ToUserName><![CDATA[gh_74fc964c4914]]></ToUserName>
<FromUserName><![CDATA[oF_mkjk2xwE6PB1Mr2j5tTPCdCDs]]></FromUserName>
<CreateTime>1547815149</CreateTime>
<MsgType><![CDATA[event]]></MsgType>
<Event><![CDATA[LOCATION]]></Event>
<Latitude>35.112293</Latitude>
<Longitude>118.298477</Longitude>
<Precision>30.000000</Precision>
</xml>

2019-01-18 20:39:10 params :
------------
String:
array (
  'message' => 
  array (
    'tousername' => 'gh_74fc964c4914',
    'fromusername' => 'oF_mkjk2xwE6PB1Mr2j5tTPCdCDs',
    'createtime' => '1547815149',
    'msgtype' => 'event',
    'event' => 'LOCATION',
    'latitude' => '35.112293',
    'longitude' => '118.298477',
    'precision' => '30.000000',
    'from' => 'oF_mkjk2xwE6PB1Mr2j5tTPCdCDs',
    'to' => 'gh_74fc964c4914',
    'time' => '1547815149',
    'type' => 'trace',
    'location_x' => '35.112293',
    'location_y' => '118.298477',
  ),
  'module' => 'default',
  'rule' => '-1',
)

2019-01-18 20:39:10 response :
------------
Array:
errno : -1 ;
message : Invaild value ;

2019-01-18 20:39:21 trace :
------------
String:
<xml><ToUserName><![CDATA[gh_74fc964c4914]]></ToUserName>
<FromUserName><![CDATA[oF_mkjk2xwE6PB1Mr2j5tTPCdCDs]]></FromUserName>
<CreateTime>1547815160</CreateTime>
<MsgType><![CDATA[event]]></MsgType>
<Event><![CDATA[LOCATION]]></Event>
<Latitude>35.112293</Latitude>
<Longitude>118.298477</Longitude>
<Precision>30.000000</Precision>
</xml>

2019-01-18 20:39:21 params :
------------
String:
array (
  'message' => 
  array (
    'tousername' => 'gh_74fc964c4914',
    'fromusername' => 'oF_mkjk2xwE6PB1Mr2j5tTPCdCDs',
    'createtime' => '1547815160',
    'msgtype' => 'event',
    'event' => 'LOCATION',
    'latitude' => '35.112293',
    'longitude' => '118.298477',
    'precision' => '30.000000',
    'from' => 'oF_mkjk2xwE6PB1Mr2j5tTPCdCDs',
    'to' => 'gh_74fc964c4914',
    'time' => '1547815160',
    'type' => 'trace',
    'location_x' => '35.112293',
    'location_y' => '118.298477',
  ),
  'module' => 'default',
  'rule' => '-1',
)

2019-01-18 20:39:21 response :
------------
Array:
errno : -1 ;
message : Invaild value ;

2019-01-18 20:39:41 trace :
------------
String:
<xml><ToUserName><![CDATA[gh_74fc964c4914]]></ToUserName>
<FromUserName><![CDATA[oF_mkjk2xwE6PB1Mr2j5tTPCdCDs]]></FromUserName>
<CreateTime>1547815181</CreateTime>
<MsgType><![CDATA[event]]></MsgType>
<Event><![CDATA[LOCATION]]></Event>
<Latitude>35.112278</Latitude>
<Longitude>118.298477</Longitude>
<Precision>30.000000</Precision>
</xml>

2019-01-18 20:39:41 params :
------------
String:
array (
  'message' => 
  array (
    'tousername' => 'gh_74fc964c4914',
    'fromusername' => 'oF_mkjk2xwE6PB1Mr2j5tTPCdCDs',
    'createtime' => '1547815181',
    'msgtype' => 'event',
    'event' => 'LOCATION',
    'latitude' => '35.112278',
    'longitude' => '118.298477',
    'precision' => '30.000000',
    'from' => 'oF_mkjk2xwE6PB1Mr2j5tTPCdCDs',
    'to' => 'gh_74fc964c4914',
    'time' => '1547815181',
    'type' => 'trace',
    'location_x' => '35.112278',
    'location_y' => '118.298477',
  ),
  'module' => 'default',
  'rule' => '-1',
)

2019-01-18 20:39:41 response :
------------
Array:
errno : -1 ;
message : Invaild value ;

2019-01-18 21:24:33 trace :
------------
String:
<xml><ToUserName><![CDATA[gh_74fc964c4914]]></ToUserName>
<FromUserName><![CDATA[oF_mkjhaCe0WDGbk7tp8H-tpooz8]]></FromUserName>
<CreateTime>1547817872</CreateTime>
<MsgType><![CDATA[event]]></MsgType>
<Event><![CDATA[LOCATION]]></Event>
<Latitude>29.347094</Latitude>
<Longitude>120.036911</Longitude>
<Precision>65.000000</Precision>
</xml>

2019-01-18 21:24:33 params :
------------
String:
array (
  'message' => 
  array (
    'tousername' => 'gh_74fc964c4914',
    'fromusername' => 'oF_mkjhaCe0WDGbk7tp8H-tpooz8',
    'createtime' => '1547817872',
    'msgtype' => 'event',
    'event' => 'LOCATION',
    'latitude' => '29.347094',
    'longitude' => '120.036911',
    'precision' => '65.000000',
    'from' => 'oF_mkjhaCe0WDGbk7tp8H-tpooz8',
    'to' => 'gh_74fc964c4914',
    'time' => '1547817872',
    'type' => 'trace',
    'location_x' => '29.347094',
    'location_y' => '120.036911',
  ),
  'module' => 'default',
  'rule' => '-1',
)

2019-01-18 21:24:33 response :
------------
Array:
errno : -1 ;
message : Invaild value ;

2019-01-18 21:24:36 trace :
------------
String:
<xml><ToUserName><![CDATA[gh_74fc964c4914]]></ToUserName>
<FromUserName><![CDATA[oF_mkjhaCe0WDGbk7tp8H-tpooz8]]></FromUserName>
<CreateTime>1547817876</CreateTime>
<MsgType><![CDATA[event]]></MsgType>
<Event><![CDATA[LOCATION]]></Event>
<Latitude>29.347092</Latitude>
<Longitude>120.036919</Longitude>
<Precision>65.000000</Precision>
</xml>

2019-01-18 21:24:37 params :
------------
String:
array (
  'message' => 
  array (
    'tousername' => 'gh_74fc964c4914',
    'fromusername' => 'oF_mkjhaCe0WDGbk7tp8H-tpooz8',
    'createtime' => '1547817876',
    'msgtype' => 'event',
    'event' => 'LOCATION',
    'latitude' => '29.347092',
    'longitude' => '120.036919',
    'precision' => '65.000000',
    'from' => 'oF_mkjhaCe0WDGbk7tp8H-tpooz8',
    'to' => 'gh_74fc964c4914',
    'time' => '1547817876',
    'type' => 'trace',
    'location_x' => '29.347092',
    'location_y' => '120.036919',
  ),
  'module' => 'default',
  'rule' => '-1',
)

2019-01-18 21:24:37 response :
------------
Array:
errno : -1 ;
message : Invaild value ;

2019-01-18 21:26:04 trace :
------------
String:
<xml><ToUserName><![CDATA[gh_74fc964c4914]]></ToUserName>
<FromUserName><![CDATA[oF_mkjhaCe0WDGbk7tp8H-tpooz8]]></FromUserName>
<CreateTime>1547817964</CreateTime>
<MsgType><![CDATA[event]]></MsgType>
<Event><![CDATA[CLICK]]></Event>
<EventKey><![CDATA[最新优惠]]></EventKey>
</xml>

2019-01-18 21:26:04 params :
------------
String:
array (
  'message' => 
  array (
    'tousername' => 'gh_74fc964c4914',
    'fromusername' => 'oF_mkjhaCe0WDGbk7tp8H-tpooz8',
    'createtime' => '1547817964',
    'msgtype' => 'event',
    'event' => 'CLICK',
    'eventkey' => '最新优惠',
    'from' => 'oF_mkjhaCe0WDGbk7tp8H-tpooz8',
    'to' => 'gh_74fc964c4914',
    'time' => '1547817964',
    'type' => 'text',
    'content' => '最新优惠',
    'redirection' => true,
    'source' => 'click',
  ),
  'module' => 'reply',
  'rule' => '53',
  'priority' => '0',
  'keyword' => 
  array (
    'id' => '115',
    'rid' => '53',
    'uniacid' => '2',
    'module' => 'reply',
    'content' => '最新优惠',
    'type' => '1',
    'displayorder' => '0',
    'status' => '1',
    'reply_type' => 
    array (
      0 => 'basic',
    ),
  ),
  'reply_type' => 
  array (
    0 => 'basic',
  ),
)

2019-01-18 21:26:04 response :
------------
Array:
FromUserName : gh_74fc964c4914 ;
ToUserName : oF_mkjhaCe0WDGbk7tp8H-tpooz8 ;
MsgType : text ;
Content : 优质服务季，一大波促销活动即将激情开启，敬请期待。 ;

2019-01-18 21:52:38 trace :
------------
String:
<xml><ToUserName><![CDATA[gh_74fc964c4914]]></ToUserName>
<FromUserName><![CDATA[oF_mkjnXrfsTxss8rUtYEZRD911g]]></FromUserName>
<CreateTime>1547819556</CreateTime>
<MsgType><![CDATA[event]]></MsgType>
<Event><![CDATA[SCAN]]></Event>
<EventKey><![CDATA[TZHB15367432778848016--9725]]></EventKey>
<Ticket><![CDATA[gQE88TwAAAAAAAAAAS5odHRwOi8vd2VpeGluLnFxLmNvbS9xLzAyNDFNZE5SblZhQWUxMDAwMGcwN3YAAgRt15hbAwQAAAAA]]></Ticket>
</xml>

2019-01-18 21:52:38 params :
------------
String:
array (
  'rule' => -2,
  'module' => '',
  'message' => 
  array (
    'tousername' => 'gh_74fc964c4914',
    'fromusername' => 'oF_mkjnXrfsTxss8rUtYEZRD911g',
    'createtime' => '1547819556',
    'msgtype' => 'event',
    'event' => 'SCAN',
    'eventkey' => 'TZHB15367432778848016--9725',
    'ticket' => 'gQE88TwAAAAAAAAAAS5odHRwOi8vd2VpeGluLnFxLmNvbS9xLzAyNDFNZE5SblZhQWUxMDAwMGcwN3YAAgRt15hbAwQAAAAA',
    'from' => 'oF_mkjnXrfsTxss8rUtYEZRD911g',
    'to' => 'gh_74fc964c4914',
    'time' => '1547819556',
    'type' => 'text',
    'scene' => 'TZHB15367432778848016--9725',
    'redirection' => true,
    'source' => 'qr',
  ),
)

2019-01-18 21:52:38 response :
------------

2019-01-18 21:52:38 trace :
------------
String:
<xml><ToUserName><![CDATA[gh_74fc964c4914]]></ToUserName>
<FromUserName><![CDATA[oF_mkjnXrfsTxss8rUtYEZRD911g]]></FromUserName>
<CreateTime>1547819558</CreateTime>
<MsgType><![CDATA[event]]></MsgType>
<Event><![CDATA[LOCATION]]></Event>
<Latitude>30.217922</Latitude>
<Longitude>120.266785</Longitude>
<Precision>30.000000</Precision>
</xml>

2019-01-18 21:52:38 params :
------------
String:
array (
  'message' => 
  array (
    'tousername' => 'gh_74fc964c4914',
    'fromusername' => 'oF_mkjnXrfsTxss8rUtYEZRD911g',
    'createtime' => '1547819558',
    'msgtype' => 'event',
    'event' => 'LOCATION',
    'latitude' => '30.217922',
    'longitude' => '120.266785',
    'precision' => '30.000000',
    'from' => 'oF_mkjnXrfsTxss8rUtYEZRD911g',
    'to' => 'gh_74fc964c4914',
    'time' => '1547819558',
    'type' => 'trace',
    'location_x' => '30.217922',
    'location_y' => '120.266785',
  ),
  'module' => 'default',
  'rule' => '-1',
)

2019-01-18 21:52:38 response :
------------
Array:
errno : -1 ;
message : Invaild value ;

2019-01-18 22:01:37 trace :
------------
String:
<xml><ToUserName><![CDATA[gh_74fc964c4914]]></ToUserName>
<FromUserName><![CDATA[oF_mkjk2xwE6PB1Mr2j5tTPCdCDs]]></FromUserName>
<CreateTime>1547820097</CreateTime>
<MsgType><![CDATA[event]]></MsgType>
<Event><![CDATA[LOCATION]]></Event>
<Latitude>35.110958</Latitude>
<Longitude>118.298927</Longitude>
<Precision>30.000000</Precision>
</xml>

2019-01-18 22:01:37 params :
------------
String:
array (
  'message' => 
  array (
    'tousername' => 'gh_74fc964c4914',
    'fromusername' => 'oF_mkjk2xwE6PB1Mr2j5tTPCdCDs',
    'createtime' => '1547820097',
    'msgtype' => 'event',
    'event' => 'LOCATION',
    'latitude' => '35.110958',
    'longitude' => '118.298927',
    'precision' => '30.000000',
    'from' => 'oF_mkjk2xwE6PB1Mr2j5tTPCdCDs',
    'to' => 'gh_74fc964c4914',
    'time' => '1547820097',
    'type' => 'trace',
    'location_x' => '35.110958',
    'location_y' => '118.298927',
  ),
  'module' => 'default',
  'rule' => '-1',
)

2019-01-18 22:01:37 response :
------------
Array:
errno : -1 ;
message : Invaild value ;

2019-01-18 22:02:43 trace :
------------
String:
<xml><ToUserName><![CDATA[gh_74fc964c4914]]></ToUserName>
<FromUserName><![CDATA[oF_mkjk2xwE6PB1Mr2j5tTPCdCDs]]></FromUserName>
<CreateTime>1547820163</CreateTime>
<MsgType><![CDATA[event]]></MsgType>
<Event><![CDATA[LOCATION]]></Event>
<Latitude>35.111084</Latitude>
<Longitude>118.298866</Longitude>
<Precision>90.000000</Precision>
</xml>

2019-01-18 22:02:43 params :
------------
String:
array (
  'message' => 
  array (
    'tousername' => 'gh_74fc964c4914',
    'fromusername' => 'oF_mkjk2xwE6PB1Mr2j5tTPCdCDs',
    'createtime' => '1547820163',
    'msgtype' => 'event',
    'event' => 'LOCATION',
    'latitude' => '35.111084',
    'longitude' => '118.298866',
    'precision' => '90.000000',
    'from' => 'oF_mkjk2xwE6PB1Mr2j5tTPCdCDs',
    'to' => 'gh_74fc964c4914',
    'time' => '1547820163',
    'type' => 'trace',
    'location_x' => '35.111084',
    'location_y' => '118.298866',
  ),
  'module' => 'default',
  'rule' => '-1',
)

2019-01-18 22:02:43 response :
------------
Array:
errno : -1 ;
message : Invaild value ;

2019-01-18 22:39:24 trace :
------------
String:
<xml><ToUserName><![CDATA[gh_74fc964c4914]]></ToUserName>
<FromUserName><![CDATA[oF_mkjlw-deuK7k5-3lVahW8ED6s]]></FromUserName>
<CreateTime>1547822364</CreateTime>
<MsgType><![CDATA[event]]></MsgType>
<Event><![CDATA[unsubscribe]]></Event>
<EventKey><![CDATA[]]></EventKey>
</xml>

2019-01-18 22:46:11 trace :
------------
String:
<xml><ToUserName><![CDATA[gh_74fc964c4914]]></ToUserName>
<FromUserName><![CDATA[oF_mkjsdB8Dx88AKwqhbLnyJl18E]]></FromUserName>
<CreateTime>1547822770</CreateTime>
<MsgType><![CDATA[event]]></MsgType>
<Event><![CDATA[LOCATION]]></Event>
<Latitude>22.656410</Latitude>
<Longitude>114.013023</Longitude>
<Precision>30.000000</Precision>
</xml>

2019-01-18 22:46:11 params :
------------
String:
array (
  'message' => 
  array (
    'tousername' => 'gh_74fc964c4914',
    'fromusername' => 'oF_mkjsdB8Dx88AKwqhbLnyJl18E',
    'createtime' => '1547822770',
    'msgtype' => 'event',
    'event' => 'LOCATION',
    'latitude' => '22.656410',
    'longitude' => '114.013023',
    'precision' => '30.000000',
    'from' => 'oF_mkjsdB8Dx88AKwqhbLnyJl18E',
    'to' => 'gh_74fc964c4914',
    'time' => '1547822770',
    'type' => 'trace',
    'location_x' => '22.656410',
    'location_y' => '114.013023',
  ),
  'module' => 'default',
  'rule' => '-1',
)

2019-01-18 22:46:11 response :
------------
Array:
errno : -1 ;
message : Invaild value ;

2019-01-18 22:46:45 trace :
------------
String:
<xml><ToUserName><![CDATA[gh_74fc964c4914]]></ToUserName>
<FromUserName><![CDATA[oF_mkjsdB8Dx88AKwqhbLnyJl18E]]></FromUserName>
<CreateTime>1547822805</CreateTime>
<MsgType><![CDATA[event]]></MsgType>
<Event><![CDATA[LOCATION]]></Event>
<Latitude>22.656410</Latitude>
<Longitude>114.013023</Longitude>
<Precision>30.000000</Precision>
</xml>

2019-01-18 22:46:45 params :
------------
String:
array (
  'message' => 
  array (
    'tousername' => 'gh_74fc964c4914',
    'fromusername' => 'oF_mkjsdB8Dx88AKwqhbLnyJl18E',
    'createtime' => '1547822805',
    'msgtype' => 'event',
    'event' => 'LOCATION',
    'latitude' => '22.656410',
    'longitude' => '114.013023',
    'precision' => '30.000000',
    'from' => 'oF_mkjsdB8Dx88AKwqhbLnyJl18E',
    'to' => 'gh_74fc964c4914',
    'time' => '1547822805',
    'type' => 'trace',
    'location_x' => '22.656410',
    'location_y' => '114.013023',
  ),
  'module' => 'default',
  'rule' => '-1',
)

2019-01-18 22:46:45 response :
------------
Array:
errno : -1 ;
message : Invaild value ;

2019-01-18 22:47:43 trace :
------------
String:
<xml><ToUserName><![CDATA[gh_74fc964c4914]]></ToUserName>
<FromUserName><![CDATA[oF_mkjsdB8Dx88AKwqhbLnyJl18E]]></FromUserName>
<CreateTime>1547822863</CreateTime>
<MsgType><![CDATA[event]]></MsgType>
<Event><![CDATA[LOCATION]]></Event>
<Latitude>22.656410</Latitude>
<Longitude>114.013023</Longitude>
<Precision>30.000000</Precision>
</xml>

2019-01-18 22:47:43 params :
------------
String:
array (
  'message' => 
  array (
    'tousername' => 'gh_74fc964c4914',
    'fromusername' => 'oF_mkjsdB8Dx88AKwqhbLnyJl18E',
    'createtime' => '1547822863',
    'msgtype' => 'event',
    'event' => 'LOCATION',
    'latitude' => '22.656410',
    'longitude' => '114.013023',
    'precision' => '30.000000',
    'from' => 'oF_mkjsdB8Dx88AKwqhbLnyJl18E',
    'to' => 'gh_74fc964c4914',
    'time' => '1547822863',
    'type' => 'trace',
    'location_x' => '22.656410',
    'location_y' => '114.013023',
  ),
  'module' => 'default',
  'rule' => '-1',
)

2019-01-18 22:47:43 response :
------------
Array:
errno : -1 ;
message : Invaild value ;

2019-01-18 23:20:56 trace :
------------
String:
<xml><ToUserName><![CDATA[gh_74fc964c4914]]></ToUserName>
<FromUserName><![CDATA[oF_mkjq_AMxLfSrE4-qOmprYi1Fs]]></FromUserName>
<CreateTime>1547824855</CreateTime>
<MsgType><![CDATA[event]]></MsgType>
<Event><![CDATA[LOCATION]]></Event>
<Latitude>31.893099</Latitude>
<Longitude>117.283562</Longitude>
<Precision>30.000000</Precision>
</xml>

2019-01-18 23:20:56 params :
------------
String:
array (
  'message' => 
  array (
    'tousername' => 'gh_74fc964c4914',
    'fromusername' => 'oF_mkjq_AMxLfSrE4-qOmprYi1Fs',
    'createtime' => '1547824855',
    'msgtype' => 'event',
    'event' => 'LOCATION',
    'latitude' => '31.893099',
    'longitude' => '117.283562',
    'precision' => '30.000000',
    'from' => 'oF_mkjq_AMxLfSrE4-qOmprYi1Fs',
    'to' => 'gh_74fc964c4914',
    'time' => '1547824855',
    'type' => 'trace',
    'location_x' => '31.893099',
    'location_y' => '117.283562',
  ),
  'module' => 'default',
  'rule' => '-1',
)

2019-01-18 23:20:56 response :
------------
Array:
errno : -1 ;
message : Invaild value ;

2019-01-18 23:45:50 trace :
------------
String:
<xml><ToUserName><![CDATA[gh_74fc964c4914]]></ToUserName>
<FromUserName><![CDATA[oF_mkjmlMNaIB9KTiH-W9wjIz95Y]]></FromUserName>
<CreateTime>1547826350</CreateTime>
<MsgType><![CDATA[event]]></MsgType>
<Event><![CDATA[unsubscribe]]></Event>
<EventKey><![CDATA[]]></EventKey>
</xml>

