2019-03-08 06:17:39 trace :
------------
String:
<xml><ToUserName><![CDATA[gh_74fc964c4914]]></ToUserName>
<FromUserName><![CDATA[oF_mkjmuPZ0ND5y9oMZSpuQHn3jM]]></FromUserName>
<CreateTime>1551997060</CreateTime>
<MsgType><![CDATA[event]]></MsgType>
<Event><![CDATA[LOCATION]]></Event>
<Latitude>46.636982</Latitude>
<Longitude>126.965202</Longitude>
<Precision>30.000000</Precision>
</xml>

2019-03-08 06:17:39 params :
------------
String:
array (
  'message' => 
  array (
    'tousername' => 'gh_74fc964c4914',
    'fromusername' => 'oF_mkjmuPZ0ND5y9oMZSpuQHn3jM',
    'createtime' => '1551997060',
    'msgtype' => 'event',
    'event' => 'LOCATION',
    'latitude' => '46.636982',
    'longitude' => '126.965202',
    'precision' => '30.000000',
    'from' => 'oF_mkjmuPZ0ND5y9oMZSpuQHn3jM',
    'to' => 'gh_74fc964c4914',
    'time' => '1551997060',
    'type' => 'trace',
    'location_x' => '46.636982',
    'location_y' => '126.965202',
  ),
  'module' => 'default',
  'rule' => '-1',
)

2019-03-08 06:17:39 response :
------------
Array:
errno : -1 ;
message : Invaild value ;

2019-03-08 09:26:50 trace :
------------
String:
<xml><ToUserName><![CDATA[gh_74fc964c4914]]></ToUserName>
<FromUserName><![CDATA[oF_mkjhKRqbw_kYm_YVi8pbpiwAg]]></FromUserName>
<CreateTime>1552008411</CreateTime>
<MsgType><![CDATA[event]]></MsgType>
<Event><![CDATA[SCAN]]></Event>
<EventKey><![CDATA[TZHB15367441257686804--11243]]></EventKey>
<Ticket><![CDATA[gQHh8TwAAAAAAAAAAS5odHRwOi8vd2VpeGluLnFxLmNvbS9xLzAycVhRVU0wblZhQWUxMDAwMGcwN0gAAgS92phbAwQAAAAA]]></Ticket>
</xml>

2019-03-08 09:26:50 params :
------------
String:
array (
  'rule' => -2,
  'module' => '',
  'message' => 
  array (
    'tousername' => 'gh_74fc964c4914',
    'fromusername' => 'oF_mkjhKRqbw_kYm_YVi8pbpiwAg',
    'createtime' => '1552008411',
    'msgtype' => 'event',
    'event' => 'SCAN',
    'eventkey' => 'TZHB15367441257686804--11243',
    'ticket' => 'gQHh8TwAAAAAAAAAAS5odHRwOi8vd2VpeGluLnFxLmNvbS9xLzAycVhRVU0wblZhQWUxMDAwMGcwN0gAAgS92phbAwQAAAAA',
    'from' => 'oF_mkjhKRqbw_kYm_YVi8pbpiwAg',
    'to' => 'gh_74fc964c4914',
    'time' => '1552008411',
    'type' => 'text',
    'scene' => 'TZHB15367441257686804--11243',
    'redirection' => true,
    'source' => 'qr',
  ),
)

2019-03-08 09:26:50 response :
------------

2019-03-08 09:50:19 trace :
------------
String:
<xml><ToUserName><![CDATA[gh_74fc964c4914]]></ToUserName>
<FromUserName><![CDATA[oF_mkjmuPZ0ND5y9oMZSpuQHn3jM]]></FromUserName>
<CreateTime>1552009820</CreateTime>
<MsgType><![CDATA[event]]></MsgType>
<Event><![CDATA[LOCATION]]></Event>
<Latitude>46.634487</Latitude>
<Longitude>126.962196</Longitude>
<Precision>220.000000</Precision>
</xml>

2019-03-08 09:50:19 params :
------------
String:
array (
  'message' => 
  array (
    'tousername' => 'gh_74fc964c4914',
    'fromusername' => 'oF_mkjmuPZ0ND5y9oMZSpuQHn3jM',
    'createtime' => '1552009820',
    'msgtype' => 'event',
    'event' => 'LOCATION',
    'latitude' => '46.634487',
    'longitude' => '126.962196',
    'precision' => '220.000000',
    'from' => 'oF_mkjmuPZ0ND5y9oMZSpuQHn3jM',
    'to' => 'gh_74fc964c4914',
    'time' => '1552009820',
    'type' => 'trace',
    'location_x' => '46.634487',
    'location_y' => '126.962196',
  ),
  'module' => 'default',
  'rule' => '-1',
)

2019-03-08 09:50:19 response :
------------
Array:
errno : -1 ;
message : Invaild value ;

2019-03-08 09:50:57 trace :
------------
String:
<xml><ToUserName><![CDATA[gh_74fc964c4914]]></ToUserName>
<FromUserName><![CDATA[oF_mkjmuPZ0ND5y9oMZSpuQHn3jM]]></FromUserName>
<CreateTime>1552009859</CreateTime>
<MsgType><![CDATA[event]]></MsgType>
<Event><![CDATA[LOCATION]]></Event>
<Latitude>46.634487</Latitude>
<Longitude>126.962196</Longitude>
<Precision>220.000000</Precision>
</xml>

2019-03-08 09:50:57 params :
------------
String:
array (
  'message' => 
  array (
    'tousername' => 'gh_74fc964c4914',
    'fromusername' => 'oF_mkjmuPZ0ND5y9oMZSpuQHn3jM',
    'createtime' => '1552009859',
    'msgtype' => 'event',
    'event' => 'LOCATION',
    'latitude' => '46.634487',
    'longitude' => '126.962196',
    'precision' => '220.000000',
    'from' => 'oF_mkjmuPZ0ND5y9oMZSpuQHn3jM',
    'to' => 'gh_74fc964c4914',
    'time' => '1552009859',
    'type' => 'trace',
    'location_x' => '46.634487',
    'location_y' => '126.962196',
  ),
  'module' => 'default',
  'rule' => '-1',
)

2019-03-08 09:50:57 response :
------------
Array:
errno : -1 ;
message : Invaild value ;

2019-03-08 09:51:26 trace :
------------
String:
<xml><ToUserName><![CDATA[gh_74fc964c4914]]></ToUserName>
<FromUserName><![CDATA[oF_mkjmuPZ0ND5y9oMZSpuQHn3jM]]></FromUserName>
<CreateTime>1552009887</CreateTime>
<MsgType><![CDATA[event]]></MsgType>
<Event><![CDATA[LOCATION]]></Event>
<Latitude>46.634487</Latitude>
<Longitude>126.962196</Longitude>
<Precision>220.000000</Precision>
</xml>

2019-03-08 09:51:26 params :
------------
String:
array (
  'message' => 
  array (
    'tousername' => 'gh_74fc964c4914',
    'fromusername' => 'oF_mkjmuPZ0ND5y9oMZSpuQHn3jM',
    'createtime' => '1552009887',
    'msgtype' => 'event',
    'event' => 'LOCATION',
    'latitude' => '46.634487',
    'longitude' => '126.962196',
    'precision' => '220.000000',
    'from' => 'oF_mkjmuPZ0ND5y9oMZSpuQHn3jM',
    'to' => 'gh_74fc964c4914',
    'time' => '1552009887',
    'type' => 'trace',
    'location_x' => '46.634487',
    'location_y' => '126.962196',
  ),
  'module' => 'default',
  'rule' => '-1',
)

2019-03-08 09:51:26 response :
------------
Array:
errno : -1 ;
message : Invaild value ;

2019-03-08 10:09:05 trace :
------------
String:
<xml><ToUserName><![CDATA[gh_74fc964c4914]]></ToUserName>
<FromUserName><![CDATA[oF_mkjj5ExecWNcPutBmmJdAPXCA]]></FromUserName>
<CreateTime>1552010946</CreateTime>
<MsgType><![CDATA[event]]></MsgType>
<Event><![CDATA[LOCATION]]></Event>
<Latitude>30.467293</Latitude>
<Longitude>106.625214</Longitude>
<Precision>220.000000</Precision>
</xml>

2019-03-08 10:09:05 params :
------------
String:
array (
  'message' => 
  array (
    'tousername' => 'gh_74fc964c4914',
    'fromusername' => 'oF_mkjj5ExecWNcPutBmmJdAPXCA',
    'createtime' => '1552010946',
    'msgtype' => 'event',
    'event' => 'LOCATION',
    'latitude' => '30.467293',
    'longitude' => '106.625214',
    'precision' => '220.000000',
    'from' => 'oF_mkjj5ExecWNcPutBmmJdAPXCA',
    'to' => 'gh_74fc964c4914',
    'time' => '1552010946',
    'type' => 'trace',
    'location_x' => '30.467293',
    'location_y' => '106.625214',
  ),
  'module' => 'default',
  'rule' => '-1',
)

2019-03-08 10:09:05 response :
------------
Array:
errno : -1 ;
message : Invaild value ;

2019-03-08 15:01:10 trace :
------------
String:
<xml><ToUserName><![CDATA[gh_74fc964c4914]]></ToUserName>
<FromUserName><![CDATA[oF_mkjuTTsUMNTYW7rop2KG4vNIk]]></FromUserName>
<CreateTime>1552028471</CreateTime>
<MsgType><![CDATA[event]]></MsgType>
<Event><![CDATA[LOCATION]]></Event>
<Latitude>28.890116</Latitude>
<Longitude>105.441078</Longitude>
<Precision>50.000000</Precision>
</xml>

2019-03-08 15:01:10 params :
------------
String:
array (
  'message' => 
  array (
    'tousername' => 'gh_74fc964c4914',
    'fromusername' => 'oF_mkjuTTsUMNTYW7rop2KG4vNIk',
    'createtime' => '1552028471',
    'msgtype' => 'event',
    'event' => 'LOCATION',
    'latitude' => '28.890116',
    'longitude' => '105.441078',
    'precision' => '50.000000',
    'from' => 'oF_mkjuTTsUMNTYW7rop2KG4vNIk',
    'to' => 'gh_74fc964c4914',
    'time' => '1552028471',
    'type' => 'trace',
    'location_x' => '28.890116',
    'location_y' => '105.441078',
  ),
  'module' => 'default',
  'rule' => '-1',
)

2019-03-08 15:01:10 response :
------------
Array:
errno : -1 ;
message : Invaild value ;

2019-03-08 15:31:50 trace :
------------
String:
<xml><ToUserName><![CDATA[gh_74fc964c4914]]></ToUserName>
<FromUserName><![CDATA[oF_mkjp220el6UvMF0henupuL4mc]]></FromUserName>
<CreateTime>1552030311</CreateTime>
<MsgType><![CDATA[event]]></MsgType>
<Event><![CDATA[unsubscribe]]></Event>
<EventKey><![CDATA[]]></EventKey>
</xml>

2019-03-08 16:21:39 trace :
------------
String:
<xml><ToUserName><![CDATA[gh_74fc964c4914]]></ToUserName>
<FromUserName><![CDATA[oF_mkjk9eyZplAr-w5OnZFubj9Vc]]></FromUserName>
<CreateTime>1552033299</CreateTime>
<MsgType><![CDATA[event]]></MsgType>
<Event><![CDATA[SCAN]]></Event>
<EventKey><![CDATA[TZHB15264360833176490--772]]></EventKey>
<Ticket><![CDATA[gQEl8TwAAAAAAAAAAS5odHRwOi8vd2VpeGluLnFxLmNvbS9xLzAyZ1JZbE1xblZhQWUxMDAwMGcwN2YAAgTzkPtaAwQAAAAA]]></Ticket>
</xml>

2019-03-08 16:21:39 params :
------------
String:
array (
  'rule' => -2,
  'module' => '',
  'message' => 
  array (
    'tousername' => 'gh_74fc964c4914',
    'fromusername' => 'oF_mkjk9eyZplAr-w5OnZFubj9Vc',
    'createtime' => '1552033299',
    'msgtype' => 'event',
    'event' => 'SCAN',
    'eventkey' => 'TZHB15264360833176490--772',
    'ticket' => 'gQEl8TwAAAAAAAAAAS5odHRwOi8vd2VpeGluLnFxLmNvbS9xLzAyZ1JZbE1xblZhQWUxMDAwMGcwN2YAAgTzkPtaAwQAAAAA',
    'from' => 'oF_mkjk9eyZplAr-w5OnZFubj9Vc',
    'to' => 'gh_74fc964c4914',
    'time' => '1552033299',
    'type' => 'text',
    'scene' => 'TZHB15264360833176490--772',
    'redirection' => true,
    'source' => 'qr',
  ),
)

2019-03-08 16:21:39 response :
------------

2019-03-08 18:37:45 trace :
------------
String:
<xml><ToUserName><![CDATA[gh_74fc964c4914]]></ToUserName>
<FromUserName><![CDATA[oF_mkjmuPZ0ND5y9oMZSpuQHn3jM]]></FromUserName>
<CreateTime>1552041466</CreateTime>
<MsgType><![CDATA[event]]></MsgType>
<Event><![CDATA[LOCATION]]></Event>
<Latitude>46.636917</Latitude>
<Longitude>126.965202</Longitude>
<Precision>30.000000</Precision>
</xml>

2019-03-08 18:37:45 params :
------------
String:
array (
  'message' => 
  array (
    'tousername' => 'gh_74fc964c4914',
    'fromusername' => 'oF_mkjmuPZ0ND5y9oMZSpuQHn3jM',
    'createtime' => '1552041466',
    'msgtype' => 'event',
    'event' => 'LOCATION',
    'latitude' => '46.636917',
    'longitude' => '126.965202',
    'precision' => '30.000000',
    'from' => 'oF_mkjmuPZ0ND5y9oMZSpuQHn3jM',
    'to' => 'gh_74fc964c4914',
    'time' => '1552041466',
    'type' => 'trace',
    'location_x' => '46.636917',
    'location_y' => '126.965202',
  ),
  'module' => 'default',
  'rule' => '-1',
)

2019-03-08 18:37:45 response :
------------
Array:
errno : -1 ;
message : Invaild value ;

2019-03-08 18:39:38 trace :
------------
String:
<xml><ToUserName><![CDATA[gh_74fc964c4914]]></ToUserName>
<FromUserName><![CDATA[oF_mkjmuPZ0ND5y9oMZSpuQHn3jM]]></FromUserName>
<CreateTime>1552041579</CreateTime>
<MsgType><![CDATA[event]]></MsgType>
<Event><![CDATA[LOCATION]]></Event>
<Latitude>46.637001</Latitude>
<Longitude>126.965202</Longitude>
<Precision>30.000000</Precision>
</xml>

2019-03-08 18:39:38 params :
------------
String:
array (
  'message' => 
  array (
    'tousername' => 'gh_74fc964c4914',
    'fromusername' => 'oF_mkjmuPZ0ND5y9oMZSpuQHn3jM',
    'createtime' => '1552041579',
    'msgtype' => 'event',
    'event' => 'LOCATION',
    'latitude' => '46.637001',
    'longitude' => '126.965202',
    'precision' => '30.000000',
    'from' => 'oF_mkjmuPZ0ND5y9oMZSpuQHn3jM',
    'to' => 'gh_74fc964c4914',
    'time' => '1552041579',
    'type' => 'trace',
    'location_x' => '46.637001',
    'location_y' => '126.965202',
  ),
  'module' => 'default',
  'rule' => '-1',
)

2019-03-08 18:39:38 response :
------------
Array:
errno : -1 ;
message : Invaild value ;

2019-03-08 18:54:25 trace :
------------
String:
<xml><ToUserName><![CDATA[gh_74fc964c4914]]></ToUserName>
<FromUserName><![CDATA[oF_mkjllbTFCnkSw0Go1iG60yzbA]]></FromUserName>
<CreateTime>1552042465</CreateTime>
<MsgType><![CDATA[event]]></MsgType>
<Event><![CDATA[SCAN]]></Event>
<EventKey><![CDATA[TZHB15301484632802161--4606]]></EventKey>
<Ticket><![CDATA[gQEe8DwAAAAAAAAAAS5odHRwOi8vd2VpeGluLnFxLmNvbS9xLzAyUmtrRU5XblZhQWUxMDAwME0wN1UAAgRvNjRbAwQAAAAA]]></Ticket>
</xml>

2019-03-08 18:54:25 params :
------------
String:
array (
  'rule' => -2,
  'module' => '',
  'message' => 
  array (
    'tousername' => 'gh_74fc964c4914',
    'fromusername' => 'oF_mkjllbTFCnkSw0Go1iG60yzbA',
    'createtime' => '1552042465',
    'msgtype' => 'event',
    'event' => 'SCAN',
    'eventkey' => 'TZHB15301484632802161--4606',
    'ticket' => 'gQEe8DwAAAAAAAAAAS5odHRwOi8vd2VpeGluLnFxLmNvbS9xLzAyUmtrRU5XblZhQWUxMDAwME0wN1UAAgRvNjRbAwQAAAAA',
    'from' => 'oF_mkjllbTFCnkSw0Go1iG60yzbA',
    'to' => 'gh_74fc964c4914',
    'time' => '1552042465',
    'type' => 'text',
    'scene' => 'TZHB15301484632802161--4606',
    'redirection' => true,
    'source' => 'qr',
  ),
)

2019-03-08 18:54:25 response :
------------

2019-03-08 19:32:37 trace :
------------
String:
<xml><ToUserName><![CDATA[gh_74fc964c4914]]></ToUserName>
<FromUserName><![CDATA[oF_mkjvAnxPrI2iGnTOGDSBY4jnY]]></FromUserName>
<CreateTime>1552044758</CreateTime>
<MsgType><![CDATA[event]]></MsgType>
<Event><![CDATA[subscribe]]></Event>
<EventKey><![CDATA[qrscene_TZHB15264358803694917--481]]></EventKey>
<Ticket><![CDATA[gQEa8TwAAAAAAAAAAS5odHRwOi8vd2VpeGluLnFxLmNvbS9xLzAyWnJtaE1rblZhQWUxMDAwMDAwN1YAAgQokPtaAwQAAAAA]]></Ticket>
</xml>

2019-03-08 19:32:38 params :
------------
String:
array (
  'message' => 
  array (
    'tousername' => 'gh_74fc964c4914',
    'fromusername' => 'oF_mkjvAnxPrI2iGnTOGDSBY4jnY',
    'createtime' => '1552044758',
    'msgtype' => 'event',
    'event' => 'subscribe',
    'eventkey' => 'qrscene_TZHB15264358803694917--481',
    'ticket' => 'gQEa8TwAAAAAAAAAAS5odHRwOi8vd2VpeGluLnFxLmNvbS9xLzAyWnJtaE1rblZhQWUxMDAwMDAwN1YAAgQokPtaAwQAAAAA',
    'from' => 'oF_mkjvAnxPrI2iGnTOGDSBY4jnY',
    'to' => 'gh_74fc964c4914',
    'time' => '1552044758',
    'type' => 'text',
    'scene' => 'TZHB15264358803694917--481',
    'redirection' => true,
    'source' => 'subscribe',
    'content' => '首次关注',
  ),
  'module' => 'reply',
  'rule' => '9',
  'priority' => '0',
  'keyword' => 
  array (
    'id' => '116',
    'rid' => '9',
    'uniacid' => '2',
    'module' => 'reply',
    'content' => '首次关注',
    'type' => '1',
    'displayorder' => '0',
    'status' => '1',
    'reply_type' => 
    array (
      0 => 'basic',
    ),
  ),
  'reply_type' => 
  array (
    0 => 'basic',
  ),
)

2019-03-08 19:32:38 response :
------------
Array:
FromUserName : gh_74fc964c4914 ;
ToUserName : oF_mkjvAnxPrI2iGnTOGDSBY4jnY ;
MsgType : text ;
Content : 您好，感谢您关注奔瑞汽车用品！360°汽车服务解决方案提供商。业务领域涵盖高端美容、二手翻新及快速钣喷等，欢迎与我们联系。
您也可以回复以下数字，查看相关信息。
【1】品牌介绍
【2】核心项目
【3】合作支持
【4】产品中心
【5】联系方式
您可以留言或拨打客服热线 4006669243 更多资讯，您可以访问奔瑞官网 www.benrui.cn
意见，建议反馈信息请直接回复，谢谢。 ;

2019-03-08 20:31:37 trace :
------------
String:
<xml><ToUserName><![CDATA[gh_74fc964c4914]]></ToUserName>
<FromUserName><![CDATA[oF_mkjtMXh7x3CxX_VkCbLjcVNcE]]></FromUserName>
<CreateTime>1552048298</CreateTime>
<MsgType><![CDATA[event]]></MsgType>
<Event><![CDATA[unsubscribe]]></Event>
<EventKey><![CDATA[]]></EventKey>
</xml>

2019-03-08 21:11:59 trace :
------------
String:
<xml><ToUserName><![CDATA[gh_74fc964c4914]]></ToUserName>
<FromUserName><![CDATA[oF_mkjmU3D-nbBvqSqvpN2mzJcIc]]></FromUserName>
<CreateTime>1552050718</CreateTime>
<MsgType><![CDATA[event]]></MsgType>
<Event><![CDATA[SCAN]]></Event>
<EventKey><![CDATA[TZHB15301485204708837--4885]]></EventKey>
<Ticket><![CDATA[gQEg8TwAAAAAAAAAAS5odHRwOi8vd2VpeGluLnFxLmNvbS9xLzAyczk1S01FblZhQWUxMDAwME0wN24AAgSoNjRbAwQAAAAA]]></Ticket>
</xml>

2019-03-08 21:11:59 params :
------------
String:
array (
  'rule' => -2,
  'module' => '',
  'message' => 
  array (
    'tousername' => 'gh_74fc964c4914',
    'fromusername' => 'oF_mkjmU3D-nbBvqSqvpN2mzJcIc',
    'createtime' => '1552050718',
    'msgtype' => 'event',
    'event' => 'SCAN',
    'eventkey' => 'TZHB15301485204708837--4885',
    'ticket' => 'gQEg8TwAAAAAAAAAAS5odHRwOi8vd2VpeGluLnFxLmNvbS9xLzAyczk1S01FblZhQWUxMDAwME0wN24AAgSoNjRbAwQAAAAA',
    'from' => 'oF_mkjmU3D-nbBvqSqvpN2mzJcIc',
    'to' => 'gh_74fc964c4914',
    'time' => '1552050718',
    'type' => 'text',
    'scene' => 'TZHB15301485204708837--4885',
    'redirection' => true,
    'source' => 'qr',
  ),
)

2019-03-08 21:11:59 response :
------------

2019-03-08 23:06:22 trace :
------------
String:
<xml><ToUserName><![CDATA[gh_74fc964c4914]]></ToUserName>
<FromUserName><![CDATA[oF_mkjnmQXhQGFZxx3WR4AAc2U34]]></FromUserName>
<CreateTime>1552057582</CreateTime>
<MsgType><![CDATA[event]]></MsgType>
<Event><![CDATA[SCAN]]></Event>
<EventKey><![CDATA[TZHB15304979502499335--7261]]></EventKey>
<Ticket><![CDATA[gQGR8TwAAAAAAAAAAS5odHRwOi8vd2VpeGluLnFxLmNvbS9xLzAyM1VjdU1HblZhQWUxMDAwME0wN3cAAgSeizlbAwQAAAAA]]></Ticket>
</xml>

2019-03-08 23:06:22 params :
------------
String:
array (
  'rule' => -2,
  'module' => '',
  'message' => 
  array (
    'tousername' => 'gh_74fc964c4914',
    'fromusername' => 'oF_mkjnmQXhQGFZxx3WR4AAc2U34',
    'createtime' => '1552057582',
    'msgtype' => 'event',
    'event' => 'SCAN',
    'eventkey' => 'TZHB15304979502499335--7261',
    'ticket' => 'gQGR8TwAAAAAAAAAAS5odHRwOi8vd2VpeGluLnFxLmNvbS9xLzAyM1VjdU1HblZhQWUxMDAwME0wN3cAAgSeizlbAwQAAAAA',
    'from' => 'oF_mkjnmQXhQGFZxx3WR4AAc2U34',
    'to' => 'gh_74fc964c4914',
    'time' => '1552057582',
    'type' => 'text',
    'scene' => 'TZHB15304979502499335--7261',
    'redirection' => true,
    'source' => 'qr',
  ),
)

2019-03-08 23:06:22 response :
------------

2019-03-08 23:06:23 trace :
------------
String:
<xml><ToUserName><![CDATA[gh_74fc964c4914]]></ToUserName>
<FromUserName><![CDATA[oF_mkjnmQXhQGFZxx3WR4AAc2U34]]></FromUserName>
<CreateTime>1552057584</CreateTime>
<MsgType><![CDATA[event]]></MsgType>
<Event><![CDATA[LOCATION]]></Event>
<Latitude>34.877666</Latitude>
<Longitude>113.661118</Longitude>
<Precision>30.000000</Precision>
</xml>

2019-03-08 23:06:23 params :
------------
String:
array (
  'message' => 
  array (
    'tousername' => 'gh_74fc964c4914',
    'fromusername' => 'oF_mkjnmQXhQGFZxx3WR4AAc2U34',
    'createtime' => '1552057584',
    'msgtype' => 'event',
    'event' => 'LOCATION',
    'latitude' => '34.877666',
    'longitude' => '113.661118',
    'precision' => '30.000000',
    'from' => 'oF_mkjnmQXhQGFZxx3WR4AAc2U34',
    'to' => 'gh_74fc964c4914',
    'time' => '1552057584',
    'type' => 'trace',
    'location_x' => '34.877666',
    'location_y' => '113.661118',
  ),
  'module' => 'default',
  'rule' => '-1',
)

2019-03-08 23:06:23 response :
------------
Array:
errno : -1 ;
message : Invaild value ;

2019-03-08 23:06:38 trace :
------------
String:
<xml><ToUserName><![CDATA[gh_74fc964c4914]]></ToUserName>
<FromUserName><![CDATA[oF_mkjnmQXhQGFZxx3WR4AAc2U34]]></FromUserName>
<CreateTime>1552057599</CreateTime>
<MsgType><![CDATA[event]]></MsgType>
<Event><![CDATA[LOCATION]]></Event>
<Latitude>34.877666</Latitude>
<Longitude>113.661118</Longitude>
<Precision>30.000000</Precision>
</xml>

2019-03-08 23:06:38 params :
------------
String:
array (
  'message' => 
  array (
    'tousername' => 'gh_74fc964c4914',
    'fromusername' => 'oF_mkjnmQXhQGFZxx3WR4AAc2U34',
    'createtime' => '1552057599',
    'msgtype' => 'event',
    'event' => 'LOCATION',
    'latitude' => '34.877666',
    'longitude' => '113.661118',
    'precision' => '30.000000',
    'from' => 'oF_mkjnmQXhQGFZxx3WR4AAc2U34',
    'to' => 'gh_74fc964c4914',
    'time' => '1552057599',
    'type' => 'trace',
    'location_x' => '34.877666',
    'location_y' => '113.661118',
  ),
  'module' => 'default',
  'rule' => '-1',
)

2019-03-08 23:06:38 response :
------------
Array:
errno : -1 ;
message : Invaild value ;

2019-03-08 23:06:43 trace :
------------
String:
<xml><ToUserName><![CDATA[gh_74fc964c4914]]></ToUserName>
<FromUserName><![CDATA[oF_mkjnmQXhQGFZxx3WR4AAc2U34]]></FromUserName>
<CreateTime>1552057604</CreateTime>
<MsgType><![CDATA[event]]></MsgType>
<Event><![CDATA[LOCATION]]></Event>
<Latitude>34.877666</Latitude>
<Longitude>113.661118</Longitude>
<Precision>30.000000</Precision>
</xml>

2019-03-08 23:06:43 params :
------------
String:
array (
  'message' => 
  array (
    'tousername' => 'gh_74fc964c4914',
    'fromusername' => 'oF_mkjnmQXhQGFZxx3WR4AAc2U34',
    'createtime' => '1552057604',
    'msgtype' => 'event',
    'event' => 'LOCATION',
    'latitude' => '34.877666',
    'longitude' => '113.661118',
    'precision' => '30.000000',
    'from' => 'oF_mkjnmQXhQGFZxx3WR4AAc2U34',
    'to' => 'gh_74fc964c4914',
    'time' => '1552057604',
    'type' => 'trace',
    'location_x' => '34.877666',
    'location_y' => '113.661118',
  ),
  'module' => 'default',
  'rule' => '-1',
)

2019-03-08 23:06:43 response :
------------
Array:
errno : -1 ;
message : Invaild value ;

2019-03-08 23:06:54 trace :
------------
String:
<xml><ToUserName><![CDATA[gh_74fc964c4914]]></ToUserName>
<FromUserName><![CDATA[oF_mkjnmQXhQGFZxx3WR4AAc2U34]]></FromUserName>
<CreateTime>1552057615</CreateTime>
<MsgType><![CDATA[event]]></MsgType>
<Event><![CDATA[LOCATION]]></Event>
<Latitude>34.877666</Latitude>
<Longitude>113.661118</Longitude>
<Precision>30.000000</Precision>
</xml>

2019-03-08 23:06:54 params :
------------
String:
array (
  'message' => 
  array (
    'tousername' => 'gh_74fc964c4914',
    'fromusername' => 'oF_mkjnmQXhQGFZxx3WR4AAc2U34',
    'createtime' => '1552057615',
    'msgtype' => 'event',
    'event' => 'LOCATION',
    'latitude' => '34.877666',
    'longitude' => '113.661118',
    'precision' => '30.000000',
    'from' => 'oF_mkjnmQXhQGFZxx3WR4AAc2U34',
    'to' => 'gh_74fc964c4914',
    'time' => '1552057615',
    'type' => 'trace',
    'location_x' => '34.877666',
    'location_y' => '113.661118',
  ),
  'module' => 'default',
  'rule' => '-1',
)

2019-03-08 23:06:54 response :
------------
Array:
errno : -1 ;
message : Invaild value ;

2019-03-08 23:07:18 trace :
------------
String:
<xml><ToUserName><![CDATA[gh_74fc964c4914]]></ToUserName>
<FromUserName><![CDATA[oF_mkjnmQXhQGFZxx3WR4AAc2U34]]></FromUserName>
<CreateTime>1552057639</CreateTime>
<MsgType><![CDATA[event]]></MsgType>
<Event><![CDATA[LOCATION]]></Event>
<Latitude>34.877666</Latitude>
<Longitude>113.661118</Longitude>
<Precision>30.000000</Precision>
</xml>

2019-03-08 23:07:18 params :
------------
String:
array (
  'message' => 
  array (
    'tousername' => 'gh_74fc964c4914',
    'fromusername' => 'oF_mkjnmQXhQGFZxx3WR4AAc2U34',
    'createtime' => '1552057639',
    'msgtype' => 'event',
    'event' => 'LOCATION',
    'latitude' => '34.877666',
    'longitude' => '113.661118',
    'precision' => '30.000000',
    'from' => 'oF_mkjnmQXhQGFZxx3WR4AAc2U34',
    'to' => 'gh_74fc964c4914',
    'time' => '1552057639',
    'type' => 'trace',
    'location_x' => '34.877666',
    'location_y' => '113.661118',
  ),
  'module' => 'default',
  'rule' => '-1',
)

2019-03-08 23:07:18 response :
------------
Array:
errno : -1 ;
message : Invaild value ;

2019-03-08 23:07:34 trace :
------------
String:
<xml><ToUserName><![CDATA[gh_74fc964c4914]]></ToUserName>
<FromUserName><![CDATA[oF_mkjnmQXhQGFZxx3WR4AAc2U34]]></FromUserName>
<CreateTime>1552057655</CreateTime>
<MsgType><![CDATA[event]]></MsgType>
<Event><![CDATA[SCAN]]></Event>
<EventKey><![CDATA[TZHB15304979409109864--7180]]></EventKey>
<Ticket><![CDATA[gQHy8TwAAAAAAAAAAS5odHRwOi8vd2VpeGluLnFxLmNvbS9xLzAyUlFDYU4wblZhQWUxMDAwME0wN04AAgSVizlbAwQAAAAA]]></Ticket>
</xml>

2019-03-08 23:07:34 params :
------------
String:
array (
  'rule' => -2,
  'module' => '',
  'message' => 
  array (
    'tousername' => 'gh_74fc964c4914',
    'fromusername' => 'oF_mkjnmQXhQGFZxx3WR4AAc2U34',
    'createtime' => '1552057655',
    'msgtype' => 'event',
    'event' => 'SCAN',
    'eventkey' => 'TZHB15304979409109864--7180',
    'ticket' => 'gQHy8TwAAAAAAAAAAS5odHRwOi8vd2VpeGluLnFxLmNvbS9xLzAyUlFDYU4wblZhQWUxMDAwME0wN04AAgSVizlbAwQAAAAA',
    'from' => 'oF_mkjnmQXhQGFZxx3WR4AAc2U34',
    'to' => 'gh_74fc964c4914',
    'time' => '1552057655',
    'type' => 'text',
    'scene' => 'TZHB15304979409109864--7180',
    'redirection' => true,
    'source' => 'qr',
  ),
)

2019-03-08 23:07:34 response :
------------

2019-03-08 23:07:35 trace :
------------
String:
<xml><ToUserName><![CDATA[gh_74fc964c4914]]></ToUserName>
<FromUserName><![CDATA[oF_mkjnmQXhQGFZxx3WR4AAc2U34]]></FromUserName>
<CreateTime>1552057657</CreateTime>
<MsgType><![CDATA[event]]></MsgType>
<Event><![CDATA[LOCATION]]></Event>
<Latitude>34.877666</Latitude>
<Longitude>113.661118</Longitude>
<Precision>30.000000</Precision>
</xml>

2019-03-08 23:07:36 params :
------------
String:
array (
  'message' => 
  array (
    'tousername' => 'gh_74fc964c4914',
    'fromusername' => 'oF_mkjnmQXhQGFZxx3WR4AAc2U34',
    'createtime' => '1552057657',
    'msgtype' => 'event',
    'event' => 'LOCATION',
    'latitude' => '34.877666',
    'longitude' => '113.661118',
    'precision' => '30.000000',
    'from' => 'oF_mkjnmQXhQGFZxx3WR4AAc2U34',
    'to' => 'gh_74fc964c4914',
    'time' => '1552057657',
    'type' => 'trace',
    'location_x' => '34.877666',
    'location_y' => '113.661118',
  ),
  'module' => 'default',
  'rule' => '-1',
)

2019-03-08 23:07:36 response :
------------
Array:
errno : -1 ;
message : Invaild value ;

2019-03-08 23:08:08 trace :
------------
String:
<xml><ToUserName><![CDATA[gh_74fc964c4914]]></ToUserName>
<FromUserName><![CDATA[oF_mkjnmQXhQGFZxx3WR4AAc2U34]]></FromUserName>
<CreateTime>1552057689</CreateTime>
<MsgType><![CDATA[event]]></MsgType>
<Event><![CDATA[SCAN]]></Event>
<EventKey><![CDATA[TZHB15304979337803525--7116]]></EventKey>
<Ticket><![CDATA[gQFv8TwAAAAAAAAAAS5odHRwOi8vd2VpeGluLnFxLmNvbS9xLzAybWtiVk5UblZhQWUxMDAwME0wN2wAAgSNizlbAwQAAAAA]]></Ticket>
</xml>

2019-03-08 23:08:08 params :
------------
String:
array (
  'rule' => -2,
  'module' => '',
  'message' => 
  array (
    'tousername' => 'gh_74fc964c4914',
    'fromusername' => 'oF_mkjnmQXhQGFZxx3WR4AAc2U34',
    'createtime' => '1552057689',
    'msgtype' => 'event',
    'event' => 'SCAN',
    'eventkey' => 'TZHB15304979337803525--7116',
    'ticket' => 'gQFv8TwAAAAAAAAAAS5odHRwOi8vd2VpeGluLnFxLmNvbS9xLzAybWtiVk5UblZhQWUxMDAwME0wN2wAAgSNizlbAwQAAAAA',
    'from' => 'oF_mkjnmQXhQGFZxx3WR4AAc2U34',
    'to' => 'gh_74fc964c4914',
    'time' => '1552057689',
    'type' => 'text',
    'scene' => 'TZHB15304979337803525--7116',
    'redirection' => true,
    'source' => 'qr',
  ),
)

2019-03-08 23:08:08 response :
------------

2019-03-08 23:08:09 trace :
------------
String:
<xml><ToUserName><![CDATA[gh_74fc964c4914]]></ToUserName>
<FromUserName><![CDATA[oF_mkjnmQXhQGFZxx3WR4AAc2U34]]></FromUserName>
<CreateTime>1552057690</CreateTime>
<MsgType><![CDATA[event]]></MsgType>
<Event><![CDATA[LOCATION]]></Event>
<Latitude>34.877666</Latitude>
<Longitude>113.661118</Longitude>
<Precision>30.000000</Precision>
</xml>

2019-03-08 23:08:09 params :
------------
String:
array (
  'message' => 
  array (
    'tousername' => 'gh_74fc964c4914',
    'fromusername' => 'oF_mkjnmQXhQGFZxx3WR4AAc2U34',
    'createtime' => '1552057690',
    'msgtype' => 'event',
    'event' => 'LOCATION',
    'latitude' => '34.877666',
    'longitude' => '113.661118',
    'precision' => '30.000000',
    'from' => 'oF_mkjnmQXhQGFZxx3WR4AAc2U34',
    'to' => 'gh_74fc964c4914',
    'time' => '1552057690',
    'type' => 'trace',
    'location_x' => '34.877666',
    'location_y' => '113.661118',
  ),
  'module' => 'default',
  'rule' => '-1',
)

2019-03-08 23:08:09 response :
------------
Array:
errno : -1 ;
message : Invaild value ;

2019-03-08 23:08:15 trace :
------------
String:
<xml><ToUserName><![CDATA[gh_74fc964c4914]]></ToUserName>
<FromUserName><![CDATA[oF_mkjnmQXhQGFZxx3WR4AAc2U34]]></FromUserName>
<CreateTime>1552057696</CreateTime>
<MsgType><![CDATA[event]]></MsgType>
<Event><![CDATA[LOCATION]]></Event>
<Latitude>34.877666</Latitude>
<Longitude>113.661118</Longitude>
<Precision>30.000000</Precision>
</xml>

2019-03-08 23:08:15 params :
------------
String:
array (
  'message' => 
  array (
    'tousername' => 'gh_74fc964c4914',
    'fromusername' => 'oF_mkjnmQXhQGFZxx3WR4AAc2U34',
    'createtime' => '1552057696',
    'msgtype' => 'event',
    'event' => 'LOCATION',
    'latitude' => '34.877666',
    'longitude' => '113.661118',
    'precision' => '30.000000',
    'from' => 'oF_mkjnmQXhQGFZxx3WR4AAc2U34',
    'to' => 'gh_74fc964c4914',
    'time' => '1552057696',
    'type' => 'trace',
    'location_x' => '34.877666',
    'location_y' => '113.661118',
  ),
  'module' => 'default',
  'rule' => '-1',
)

2019-03-08 23:08:15 response :
------------
Array:
errno : -1 ;
message : Invaild value ;

2019-03-08 23:08:53 trace :
------------
String:
<xml><ToUserName><![CDATA[gh_74fc964c4914]]></ToUserName>
<FromUserName><![CDATA[oF_mkjnmQXhQGFZxx3WR4AAc2U34]]></FromUserName>
<CreateTime>1552057734</CreateTime>
<MsgType><![CDATA[event]]></MsgType>
<Event><![CDATA[LOCATION]]></Event>
<Latitude>34.877686</Latitude>
<Longitude>113.661041</Longitude>
<Precision>30.000000</Precision>
</xml>

2019-03-08 23:08:53 params :
------------
String:
array (
  'message' => 
  array (
    'tousername' => 'gh_74fc964c4914',
    'fromusername' => 'oF_mkjnmQXhQGFZxx3WR4AAc2U34',
    'createtime' => '1552057734',
    'msgtype' => 'event',
    'event' => 'LOCATION',
    'latitude' => '34.877686',
    'longitude' => '113.661041',
    'precision' => '30.000000',
    'from' => 'oF_mkjnmQXhQGFZxx3WR4AAc2U34',
    'to' => 'gh_74fc964c4914',
    'time' => '1552057734',
    'type' => 'trace',
    'location_x' => '34.877686',
    'location_y' => '113.661041',
  ),
  'module' => 'default',
  'rule' => '-1',
)

2019-03-08 23:08:53 response :
------------
Array:
errno : -1 ;
message : Invaild value ;

2019-03-08 23:18:15 trace :
------------
String:
<xml><ToUserName><![CDATA[gh_74fc964c4914]]></ToUserName>
<FromUserName><![CDATA[oF_mkju6rB7PaqbzUhVp4VGmooAA]]></FromUserName>
<CreateTime>1552058296</CreateTime>
<MsgType><![CDATA[event]]></MsgType>
<Event><![CDATA[SCAN]]></Event>
<EventKey><![CDATA[TZHB15301483340901555--4043]]></EventKey>
<Ticket><![CDATA[gQEy8DwAAAAAAAAAAS5odHRwOi8vd2VpeGluLnFxLmNvbS9xLzAyU011dU5tblZhQWUxMDAwMHcwN2YAAgTuNTRbAwQAAAAA]]></Ticket>
</xml>

2019-03-08 23:18:15 params :
------------
String:
array (
  'rule' => -2,
  'module' => '',
  'message' => 
  array (
    'tousername' => 'gh_74fc964c4914',
    'fromusername' => 'oF_mkju6rB7PaqbzUhVp4VGmooAA',
    'createtime' => '1552058296',
    'msgtype' => 'event',
    'event' => 'SCAN',
    'eventkey' => 'TZHB15301483340901555--4043',
    'ticket' => 'gQEy8DwAAAAAAAAAAS5odHRwOi8vd2VpeGluLnFxLmNvbS9xLzAyU011dU5tblZhQWUxMDAwMHcwN2YAAgTuNTRbAwQAAAAA',
    'from' => 'oF_mkju6rB7PaqbzUhVp4VGmooAA',
    'to' => 'gh_74fc964c4914',
    'time' => '1552058296',
    'type' => 'text',
    'scene' => 'TZHB15301483340901555--4043',
    'redirection' => true,
    'source' => 'qr',
  ),
)

2019-03-08 23:18:15 response :
------------

2019-03-08 23:18:36 trace :
------------
String:
<xml><ToUserName><![CDATA[gh_74fc964c4914]]></ToUserName>
<FromUserName><![CDATA[oF_mkju6rB7PaqbzUhVp4VGmooAA]]></FromUserName>
<CreateTime>1552058316</CreateTime>
<MsgType><![CDATA[event]]></MsgType>
<Event><![CDATA[SCAN]]></Event>
<EventKey><![CDATA[TZHB15301483340901555--4043]]></EventKey>
<Ticket><![CDATA[gQEy8DwAAAAAAAAAAS5odHRwOi8vd2VpeGluLnFxLmNvbS9xLzAyU011dU5tblZhQWUxMDAwMHcwN2YAAgTuNTRbAwQAAAAA]]></Ticket>
</xml>

2019-03-08 23:18:36 params :
------------
String:
array (
  'rule' => -2,
  'module' => '',
  'message' => 
  array (
    'tousername' => 'gh_74fc964c4914',
    'fromusername' => 'oF_mkju6rB7PaqbzUhVp4VGmooAA',
    'createtime' => '1552058316',
    'msgtype' => 'event',
    'event' => 'SCAN',
    'eventkey' => 'TZHB15301483340901555--4043',
    'ticket' => 'gQEy8DwAAAAAAAAAAS5odHRwOi8vd2VpeGluLnFxLmNvbS9xLzAyU011dU5tblZhQWUxMDAwMHcwN2YAAgTuNTRbAwQAAAAA',
    'from' => 'oF_mkju6rB7PaqbzUhVp4VGmooAA',
    'to' => 'gh_74fc964c4914',
    'time' => '1552058316',
    'type' => 'text',
    'scene' => 'TZHB15301483340901555--4043',
    'redirection' => true,
    'source' => 'qr',
  ),
)

2019-03-08 23:18:36 response :
------------

2019-03-08 23:51:51 trace :
------------
String:
<xml><ToUserName><![CDATA[gh_74fc964c4914]]></ToUserName>
<FromUserName><![CDATA[oF_mkjuwcc2-7_wCBNF-LPa7p6gU]]></FromUserName>
<CreateTime>1552060312</CreateTime>
<MsgType><![CDATA[event]]></MsgType>
<Event><![CDATA[LOCATION]]></Event>
<Latitude>30.722498</Latitude>
<Longitude>103.919159</Longitude>
<Precision>30.000000</Precision>
</xml>

2019-03-08 23:51:51 params :
------------
String:
array (
  'message' => 
  array (
    'tousername' => 'gh_74fc964c4914',
    'fromusername' => 'oF_mkjuwcc2-7_wCBNF-LPa7p6gU',
    'createtime' => '1552060312',
    'msgtype' => 'event',
    'event' => 'LOCATION',
    'latitude' => '30.722498',
    'longitude' => '103.919159',
    'precision' => '30.000000',
    'from' => 'oF_mkjuwcc2-7_wCBNF-LPa7p6gU',
    'to' => 'gh_74fc964c4914',
    'time' => '1552060312',
    'type' => 'trace',
    'location_x' => '30.722498',
    'location_y' => '103.919159',
  ),
  'module' => 'default',
  'rule' => '-1',
)

2019-03-08 23:51:51 response :
------------
Array:
errno : -1 ;
message : Invaild value ;

