2019-01-08 08:00:17 trace :
------------
String:
<xml><ToUserName><![CDATA[gh_74fc964c4914]]></ToUserName>
<FromUserName><![CDATA[oF_mkjmQGmvPn3fmaqrqgvO5o2_w]]></FromUserName>
<CreateTime>1546905617</CreateTime>
<MsgType><![CDATA[event]]></MsgType>
<Event><![CDATA[unsubscribe]]></Event>
<EventKey><![CDATA[]]></EventKey>
</xml>

2019-01-08 08:49:45 trace :
------------
String:
<xml><ToUserName><![CDATA[gh_74fc964c4914]]></ToUserName>
<FromUserName><![CDATA[oF_mkjj4-oPxPmN9gyfTjBuYJdek]]></FromUserName>
<CreateTime>1546908585</CreateTime>
<MsgType><![CDATA[event]]></MsgType>
<Event><![CDATA[subscribe]]></Event>
<EventKey><![CDATA[qrscene_TZHB15301486068532747--5424]]></EventKey>
<Ticket><![CDATA[gQFt8DwAAAAAAAAAAS5odHRwOi8vd2VpeGluLnFxLmNvbS9xLzAyZGhaNE5qblZhQWUxMDAwMHcwN00AAgT_NjRbAwQAAAAA]]></Ticket>
</xml>

2019-01-08 08:49:46 params :
------------
String:
array (
  'message' => 
  array (
    'tousername' => 'gh_74fc964c4914',
    'fromusername' => 'oF_mkjj4-oPxPmN9gyfTjBuYJdek',
    'createtime' => '1546908585',
    'msgtype' => 'event',
    'event' => 'subscribe',
    'eventkey' => 'qrscene_TZHB15301486068532747--5424',
    'ticket' => 'gQFt8DwAAAAAAAAAAS5odHRwOi8vd2VpeGluLnFxLmNvbS9xLzAyZGhaNE5qblZhQWUxMDAwMHcwN00AAgT_NjRbAwQAAAAA',
    'from' => 'oF_mkjj4-oPxPmN9gyfTjBuYJdek',
    'to' => 'gh_74fc964c4914',
    'time' => '1546908585',
    'type' => 'text',
    'scene' => 'TZHB15301486068532747--5424',
    'redirection' => true,
    'source' => 'subscribe',
    'content' => '首次关注',
  ),
  'module' => 'reply',
  'rule' => '9',
  'priority' => '0',
  'keyword' => 
  array (
    'id' => '116',
    'rid' => '9',
    'uniacid' => '2',
    'module' => 'reply',
    'content' => '首次关注',
    'type' => '1',
    'displayorder' => '0',
    'status' => '1',
    'reply_type' => 
    array (
      0 => 'basic',
    ),
  ),
  'reply_type' => 
  array (
    0 => 'basic',
  ),
)

2019-01-08 08:49:46 response :
------------
Array:
FromUserName : gh_74fc964c4914 ;
ToUserName : oF_mkjj4-oPxPmN9gyfTjBuYJdek ;
MsgType : text ;
Content : 您好，感谢您关注奔瑞汽车用品！360°汽车服务解决方案提供商。业务领域涵盖高端美容、二手翻新及快速钣喷等，欢迎与我们联系。
您也可以回复以下数字，查看相关信息。
【1】品牌介绍
【2】核心项目
【3】合作支持
【4】产品中心
【5】联系方式
您可以留言或拨打客服热线 4006669243 更多资讯，您可以访问奔瑞官网 www.benrui.cn
意见，建议反馈信息请直接回复，谢谢。 ;

2019-01-08 08:49:54 trace :
------------
String:
<xml><ToUserName><![CDATA[gh_74fc964c4914]]></ToUserName>
<FromUserName><![CDATA[oF_mkjj4-oPxPmN9gyfTjBuYJdek]]></FromUserName>
<CreateTime>1546908594</CreateTime>
<MsgType><![CDATA[event]]></MsgType>
<Event><![CDATA[SCAN]]></Event>
<EventKey><![CDATA[TZHB15301486068532747--5424]]></EventKey>
<Ticket><![CDATA[gQFt8DwAAAAAAAAAAS5odHRwOi8vd2VpeGluLnFxLmNvbS9xLzAyZGhaNE5qblZhQWUxMDAwMHcwN00AAgT_NjRbAwQAAAAA]]></Ticket>
</xml>

2019-01-08 08:49:54 params :
------------
String:
array (
  'rule' => -2,
  'module' => '',
  'message' => 
  array (
    'tousername' => 'gh_74fc964c4914',
    'fromusername' => 'oF_mkjj4-oPxPmN9gyfTjBuYJdek',
    'createtime' => '1546908594',
    'msgtype' => 'event',
    'event' => 'SCAN',
    'eventkey' => 'TZHB15301486068532747--5424',
    'ticket' => 'gQFt8DwAAAAAAAAAAS5odHRwOi8vd2VpeGluLnFxLmNvbS9xLzAyZGhaNE5qblZhQWUxMDAwMHcwN00AAgT_NjRbAwQAAAAA',
    'from' => 'oF_mkjj4-oPxPmN9gyfTjBuYJdek',
    'to' => 'gh_74fc964c4914',
    'time' => '1546908594',
    'type' => 'text',
    'scene' => 'TZHB15301486068532747--5424',
    'redirection' => true,
    'source' => 'qr',
  ),
)

2019-01-08 08:49:54 response :
------------

2019-01-08 10:18:04 trace :
------------
String:
<xml><ToUserName><![CDATA[gh_74fc964c4914]]></ToUserName>
<FromUserName><![CDATA[oF_mkjlDyWP3JbTD6LajXpjsn_XY]]></FromUserName>
<CreateTime>1546913883</CreateTime>
<MsgType><![CDATA[event]]></MsgType>
<Event><![CDATA[SCAN]]></Event>
<EventKey><![CDATA[TZHB15367438723298583--10612]]></EventKey>
<Ticket><![CDATA[gQEA8jwAAAAAAAAAAS5odHRwOi8vd2VpeGluLnFxLmNvbS9xLzAyRTlJT01ublZhQWUxMDAwMGcwN0IAAgTA2ZhbAwQAAAAA]]></Ticket>
</xml>

2019-01-08 10:18:04 params :
------------
String:
array (
  'rule' => -2,
  'module' => '',
  'message' => 
  array (
    'tousername' => 'gh_74fc964c4914',
    'fromusername' => 'oF_mkjlDyWP3JbTD6LajXpjsn_XY',
    'createtime' => '1546913883',
    'msgtype' => 'event',
    'event' => 'SCAN',
    'eventkey' => 'TZHB15367438723298583--10612',
    'ticket' => 'gQEA8jwAAAAAAAAAAS5odHRwOi8vd2VpeGluLnFxLmNvbS9xLzAyRTlJT01ublZhQWUxMDAwMGcwN0IAAgTA2ZhbAwQAAAAA',
    'from' => 'oF_mkjlDyWP3JbTD6LajXpjsn_XY',
    'to' => 'gh_74fc964c4914',
    'time' => '1546913883',
    'type' => 'text',
    'scene' => 'TZHB15367438723298583--10612',
    'redirection' => true,
    'source' => 'qr',
  ),
)

2019-01-08 10:18:04 response :
------------

2019-01-08 10:18:22 trace :
------------
String:
<xml><ToUserName><![CDATA[gh_74fc964c4914]]></ToUserName>
<FromUserName><![CDATA[oF_mkjlDyWP3JbTD6LajXpjsn_XY]]></FromUserName>
<CreateTime>1546913902</CreateTime>
<MsgType><![CDATA[event]]></MsgType>
<Event><![CDATA[SCAN]]></Event>
<EventKey><![CDATA[TZHB15367438766285364--10631]]></EventKey>
<Ticket><![CDATA[gQFn8TwAAAAAAAAAAS5odHRwOi8vd2VpeGluLnFxLmNvbS9xLzAydkNZZ053blZhQWUxMDAwMHcwN1oAAgTE2ZhbAwQAAAAA]]></Ticket>
</xml>

2019-01-08 10:18:22 params :
------------
String:
array (
  'rule' => -2,
  'module' => '',
  'message' => 
  array (
    'tousername' => 'gh_74fc964c4914',
    'fromusername' => 'oF_mkjlDyWP3JbTD6LajXpjsn_XY',
    'createtime' => '1546913902',
    'msgtype' => 'event',
    'event' => 'SCAN',
    'eventkey' => 'TZHB15367438766285364--10631',
    'ticket' => 'gQFn8TwAAAAAAAAAAS5odHRwOi8vd2VpeGluLnFxLmNvbS9xLzAydkNZZ053blZhQWUxMDAwMHcwN1oAAgTE2ZhbAwQAAAAA',
    'from' => 'oF_mkjlDyWP3JbTD6LajXpjsn_XY',
    'to' => 'gh_74fc964c4914',
    'time' => '1546913902',
    'type' => 'text',
    'scene' => 'TZHB15367438766285364--10631',
    'redirection' => true,
    'source' => 'qr',
  ),
)

2019-01-08 10:18:22 response :
------------

2019-01-08 12:11:33 trace :
------------
String:
<xml><ToUserName><![CDATA[gh_74fc964c4914]]></ToUserName>
<FromUserName><![CDATA[oF_mkjhaQwNJmV0qUe63g_3O6Eac]]></FromUserName>
<CreateTime>1546920692</CreateTime>
<MsgType><![CDATA[event]]></MsgType>
<Event><![CDATA[subscribe]]></Event>
<EventKey><![CDATA[]]></EventKey>
</xml>

2019-01-08 12:11:33 params :
------------
String:
array (
  'message' => 
  array (
    'tousername' => 'gh_74fc964c4914',
    'fromusername' => 'oF_mkjhaQwNJmV0qUe63g_3O6Eac',
    'createtime' => '1546920692',
    'msgtype' => 'event',
    'event' => 'subscribe',
    'eventkey' => '',
    'from' => 'oF_mkjhaQwNJmV0qUe63g_3O6Eac',
    'to' => 'gh_74fc964c4914',
    'time' => '1546920692',
    'type' => 'text',
    'redirection' => true,
    'source' => 'subscribe',
    'content' => '首次关注',
  ),
  'module' => 'reply',
  'rule' => '9',
  'priority' => '0',
  'keyword' => 
  array (
    'id' => '116',
    'rid' => '9',
    'uniacid' => '2',
    'module' => 'reply',
    'content' => '首次关注',
    'type' => '1',
    'displayorder' => '0',
    'status' => '1',
    'reply_type' => 
    array (
      0 => 'basic',
    ),
  ),
  'reply_type' => 
  array (
    0 => 'basic',
  ),
)

2019-01-08 12:11:33 response :
------------
Array:
FromUserName : gh_74fc964c4914 ;
ToUserName : oF_mkjhaQwNJmV0qUe63g_3O6Eac ;
MsgType : text ;
Content : 您好，感谢您关注奔瑞汽车用品！360°汽车服务解决方案提供商。业务领域涵盖高端美容、二手翻新及快速钣喷等，欢迎与我们联系。
您也可以回复以下数字，查看相关信息。
【1】品牌介绍
【2】核心项目
【3】合作支持
【4】产品中心
【5】联系方式
您可以留言或拨打客服热线 4006669243 更多资讯，您可以访问奔瑞官网 www.benrui.cn
意见，建议反馈信息请直接回复，谢谢。 ;

2019-01-08 12:16:21 trace :
------------
String:
<xml><ToUserName><![CDATA[gh_74fc964c4914]]></ToUserName>
<FromUserName><![CDATA[oF_mkjhaQwNJmV0qUe63g_3O6Eac]]></FromUserName>
<CreateTime>1546920980</CreateTime>
<MsgType><![CDATA[event]]></MsgType>
<Event><![CDATA[unsubscribe]]></Event>
<EventKey><![CDATA[]]></EventKey>
</xml>

2019-01-08 14:36:26 trace :
------------
String:
<xml><ToUserName><![CDATA[gh_74fc964c4914]]></ToUserName>
<FromUserName><![CDATA[oF_mkjopPwK37vYXUTDWRAH4HCRk]]></FromUserName>
<CreateTime>1546929383</CreateTime>
<MsgType><![CDATA[event]]></MsgType>
<Event><![CDATA[SCAN]]></Event>
<EventKey><![CDATA[TZHB15367441817873963--11495]]></EventKey>
<Ticket><![CDATA[gQFi8TwAAAAAAAAAAS5odHRwOi8vd2VpeGluLnFxLmNvbS9xLzAydlV4Yk5SblZhQWUxMDAwMDAwN20AAgT12phbAwQAAAAA]]></Ticket>
</xml>

2019-01-08 14:36:26 params :
------------
String:
array (
  'rule' => -2,
  'module' => '',
  'message' => 
  array (
    'tousername' => 'gh_74fc964c4914',
    'fromusername' => 'oF_mkjopPwK37vYXUTDWRAH4HCRk',
    'createtime' => '1546929383',
    'msgtype' => 'event',
    'event' => 'SCAN',
    'eventkey' => 'TZHB15367441817873963--11495',
    'ticket' => 'gQFi8TwAAAAAAAAAAS5odHRwOi8vd2VpeGluLnFxLmNvbS9xLzAydlV4Yk5SblZhQWUxMDAwMDAwN20AAgT12phbAwQAAAAA',
    'from' => 'oF_mkjopPwK37vYXUTDWRAH4HCRk',
    'to' => 'gh_74fc964c4914',
    'time' => '1546929383',
    'type' => 'text',
    'scene' => 'TZHB15367441817873963--11495',
    'redirection' => true,
    'source' => 'qr',
  ),
)

2019-01-08 14:36:26 response :
------------

2019-01-08 14:56:22 trace :
------------
String:
<xml><ToUserName><![CDATA[gh_74fc964c4914]]></ToUserName>
<FromUserName><![CDATA[oF_mkjrrH3YxxkycYOv-i97SyBUY]]></FromUserName>
<CreateTime>1546930582</CreateTime>
<MsgType><![CDATA[event]]></MsgType>
<Event><![CDATA[subscribe]]></Event>
<EventKey><![CDATA[]]></EventKey>
</xml>

2019-01-08 14:56:22 params :
------------
String:
array (
  'message' => 
  array (
    'tousername' => 'gh_74fc964c4914',
    'fromusername' => 'oF_mkjrrH3YxxkycYOv-i97SyBUY',
    'createtime' => '1546930582',
    'msgtype' => 'event',
    'event' => 'subscribe',
    'eventkey' => '',
    'from' => 'oF_mkjrrH3YxxkycYOv-i97SyBUY',
    'to' => 'gh_74fc964c4914',
    'time' => '1546930582',
    'type' => 'text',
    'redirection' => true,
    'source' => 'subscribe',
    'content' => '首次关注',
  ),
  'module' => 'reply',
  'rule' => '9',
  'priority' => '0',
  'keyword' => 
  array (
    'id' => '116',
    'rid' => '9',
    'uniacid' => '2',
    'module' => 'reply',
    'content' => '首次关注',
    'type' => '1',
    'displayorder' => '0',
    'status' => '1',
    'reply_type' => 
    array (
      0 => 'basic',
    ),
  ),
  'reply_type' => 
  array (
    0 => 'basic',
  ),
)

2019-01-08 14:56:22 response :
------------
Array:
FromUserName : gh_74fc964c4914 ;
ToUserName : oF_mkjrrH3YxxkycYOv-i97SyBUY ;
MsgType : text ;
Content : 您好，感谢您关注奔瑞汽车用品！360°汽车服务解决方案提供商。业务领域涵盖高端美容、二手翻新及快速钣喷等，欢迎与我们联系。
您也可以回复以下数字，查看相关信息。
【1】品牌介绍
【2】核心项目
【3】合作支持
【4】产品中心
【5】联系方式
您可以留言或拨打客服热线 4006669243 更多资讯，您可以访问奔瑞官网 www.benrui.cn
意见，建议反馈信息请直接回复，谢谢。 ;

2019-01-08 15:25:04 trace :
------------
String:
<xml><ToUserName><![CDATA[gh_74fc964c4914]]></ToUserName>
<FromUserName><![CDATA[oF_mkjofPscZu7N8Y2lANJRFJEus]]></FromUserName>
<CreateTime>1546932302</CreateTime>
<MsgType><![CDATA[event]]></MsgType>
<Event><![CDATA[subscribe]]></Event>
<EventKey><![CDATA[qrscene_TZHB15367439597001721--11000]]></EventKey>
<Ticket><![CDATA[gQFl8TwAAAAAAAAAAS5odHRwOi8vd2VpeGluLnFxLmNvbS9xLzAyTTJOcU5kblZhQWUxMDAwMHcwN1YAAgQX2phbAwQAAAAA]]></Ticket>
</xml>

2019-01-08 15:25:04 params :
------------
String:
array (
  'message' => 
  array (
    'tousername' => 'gh_74fc964c4914',
    'fromusername' => 'oF_mkjofPscZu7N8Y2lANJRFJEus',
    'createtime' => '1546932302',
    'msgtype' => 'event',
    'event' => 'subscribe',
    'eventkey' => 'qrscene_TZHB15367439597001721--11000',
    'ticket' => 'gQFl8TwAAAAAAAAAAS5odHRwOi8vd2VpeGluLnFxLmNvbS9xLzAyTTJOcU5kblZhQWUxMDAwMHcwN1YAAgQX2phbAwQAAAAA',
    'from' => 'oF_mkjofPscZu7N8Y2lANJRFJEus',
    'to' => 'gh_74fc964c4914',
    'time' => '1546932302',
    'type' => 'text',
    'scene' => 'TZHB15367439597001721--11000',
    'redirection' => true,
    'source' => 'subscribe',
    'content' => '首次关注',
  ),
  'module' => 'reply',
  'rule' => '9',
  'priority' => '0',
  'keyword' => 
  array (
    'id' => '116',
    'rid' => '9',
    'uniacid' => '2',
    'module' => 'reply',
    'content' => '首次关注',
    'type' => '1',
    'displayorder' => '0',
    'status' => '1',
    'reply_type' => 
    array (
      0 => 'basic',
    ),
  ),
  'reply_type' => 
  array (
    0 => 'basic',
  ),
)

2019-01-08 15:25:04 response :
------------
Array:
FromUserName : gh_74fc964c4914 ;
ToUserName : oF_mkjofPscZu7N8Y2lANJRFJEus ;
MsgType : text ;
Content : 您好，感谢您关注奔瑞汽车用品！360°汽车服务解决方案提供商。业务领域涵盖高端美容、二手翻新及快速钣喷等，欢迎与我们联系。
您也可以回复以下数字，查看相关信息。
【1】品牌介绍
【2】核心项目
【3】合作支持
【4】产品中心
【5】联系方式
您可以留言或拨打客服热线 4006669243 更多资讯，您可以访问奔瑞官网 www.benrui.cn
意见，建议反馈信息请直接回复，谢谢。 ;

2019-01-08 15:26:14 trace :
------------
String:
<xml><ToUserName><![CDATA[gh_74fc964c4914]]></ToUserName>
<FromUserName><![CDATA[oF_mkjofPscZu7N8Y2lANJRFJEus]]></FromUserName>
<CreateTime>1546932374</CreateTime>
<MsgType><![CDATA[event]]></MsgType>
<Event><![CDATA[unsubscribe]]></Event>
<EventKey><![CDATA[]]></EventKey>
</xml>

2019-01-08 15:27:45 trace :
------------
String:
<xml><ToUserName><![CDATA[gh_74fc964c4914]]></ToUserName>
<FromUserName><![CDATA[oF_mkjtuz8liFhdUU8Nkkp3cJeCI]]></FromUserName>
<CreateTime>1546932463</CreateTime>
<MsgType><![CDATA[event]]></MsgType>
<Event><![CDATA[SCAN]]></Event>
<EventKey><![CDATA[TZHB15367438614083129--10564]]></EventKey>
<Ticket><![CDATA[gQES8jwAAAAAAAAAAS5odHRwOi8vd2VpeGluLnFxLmNvbS9xLzAyRGRoOU4yblZhQWUxMDAwMGcwN0MAAgS12ZhbAwQAAAAA]]></Ticket>
</xml>

2019-01-08 15:27:45 params :
------------
String:
array (
  'rule' => -2,
  'module' => '',
  'message' => 
  array (
    'tousername' => 'gh_74fc964c4914',
    'fromusername' => 'oF_mkjtuz8liFhdUU8Nkkp3cJeCI',
    'createtime' => '1546932463',
    'msgtype' => 'event',
    'event' => 'SCAN',
    'eventkey' => 'TZHB15367438614083129--10564',
    'ticket' => 'gQES8jwAAAAAAAAAAS5odHRwOi8vd2VpeGluLnFxLmNvbS9xLzAyRGRoOU4yblZhQWUxMDAwMGcwN0MAAgS12ZhbAwQAAAAA',
    'from' => 'oF_mkjtuz8liFhdUU8Nkkp3cJeCI',
    'to' => 'gh_74fc964c4914',
    'time' => '1546932463',
    'type' => 'text',
    'scene' => 'TZHB15367438614083129--10564',
    'redirection' => true,
    'source' => 'qr',
  ),
)

2019-01-08 15:27:45 response :
------------

2019-01-08 16:19:08 trace :
------------
String:
<xml><ToUserName><![CDATA[gh_74fc964c4914]]></ToUserName>
<FromUserName><![CDATA[oF_mkjndUNlDgfK4wrev-prHoJSE]]></FromUserName>
<CreateTime>1546935547</CreateTime>
<MsgType><![CDATA[event]]></MsgType>
<Event><![CDATA[SCAN]]></Event>
<EventKey><![CDATA[TZHB15286800964236594--2012]]></EventKey>
<Ticket><![CDATA[gQEL8TwAAAAAAAAAAS5odHRwOi8vd2VpeGluLnFxLmNvbS9xLzAyakJ2bk1HblZhQWUxMDAwMHcwN3oAAgSgzh1bAwQAAAAA]]></Ticket>
</xml>

2019-01-08 16:19:08 params :
------------
String:
array (
  'rule' => -2,
  'module' => '',
  'message' => 
  array (
    'tousername' => 'gh_74fc964c4914',
    'fromusername' => 'oF_mkjndUNlDgfK4wrev-prHoJSE',
    'createtime' => '1546935547',
    'msgtype' => 'event',
    'event' => 'SCAN',
    'eventkey' => 'TZHB15286800964236594--2012',
    'ticket' => 'gQEL8TwAAAAAAAAAAS5odHRwOi8vd2VpeGluLnFxLmNvbS9xLzAyakJ2bk1HblZhQWUxMDAwMHcwN3oAAgSgzh1bAwQAAAAA',
    'from' => 'oF_mkjndUNlDgfK4wrev-prHoJSE',
    'to' => 'gh_74fc964c4914',
    'time' => '1546935547',
    'type' => 'text',
    'scene' => 'TZHB15286800964236594--2012',
    'redirection' => true,
    'source' => 'qr',
  ),
)

2019-01-08 16:19:08 response :
------------

2019-01-08 16:51:20 trace :
------------
String:
<xml><ToUserName><![CDATA[gh_74fc964c4914]]></ToUserName>
<FromUserName><![CDATA[oF_mkjsP4MhfFc3zeI-N-Jjgjdng]]></FromUserName>
<CreateTime>1546937480</CreateTime>
<MsgType><![CDATA[event]]></MsgType>
<Event><![CDATA[LOCATION]]></Event>
<Latitude>22.870632</Latitude>
<Longitude>113.199051</Longitude>
<Precision>65.000000</Precision>
</xml>

2019-01-08 16:51:20 params :
------------
String:
array (
  'message' => 
  array (
    'tousername' => 'gh_74fc964c4914',
    'fromusername' => 'oF_mkjsP4MhfFc3zeI-N-Jjgjdng',
    'createtime' => '1546937480',
    'msgtype' => 'event',
    'event' => 'LOCATION',
    'latitude' => '22.870632',
    'longitude' => '113.199051',
    'precision' => '65.000000',
    'from' => 'oF_mkjsP4MhfFc3zeI-N-Jjgjdng',
    'to' => 'gh_74fc964c4914',
    'time' => '1546937480',
    'type' => 'trace',
    'location_x' => '22.870632',
    'location_y' => '113.199051',
  ),
  'module' => 'default',
  'rule' => '-1',
)

2019-01-08 16:51:20 response :
------------
Array:
errno : -1 ;
message : Invaild value ;

2019-01-08 16:51:21 trace :
------------
String:
<xml><ToUserName><![CDATA[gh_74fc964c4914]]></ToUserName>
<FromUserName><![CDATA[oF_mkjsP4MhfFc3zeI-N-Jjgjdng]]></FromUserName>
<CreateTime>1546937480</CreateTime>
<MsgType><![CDATA[event]]></MsgType>
<Event><![CDATA[LOCATION]]></Event>
<Latitude>22.870604</Latitude>
<Longitude>113.199036</Longitude>
<Precision>65.000000</Precision>
</xml>

2019-01-08 16:51:21 params :
------------
String:
array (
  'message' => 
  array (
    'tousername' => 'gh_74fc964c4914',
    'fromusername' => 'oF_mkjsP4MhfFc3zeI-N-Jjgjdng',
    'createtime' => '1546937480',
    'msgtype' => 'event',
    'event' => 'LOCATION',
    'latitude' => '22.870604',
    'longitude' => '113.199036',
    'precision' => '65.000000',
    'from' => 'oF_mkjsP4MhfFc3zeI-N-Jjgjdng',
    'to' => 'gh_74fc964c4914',
    'time' => '1546937480',
    'type' => 'trace',
    'location_x' => '22.870604',
    'location_y' => '113.199036',
  ),
  'module' => 'default',
  'rule' => '-1',
)

2019-01-08 16:51:21 response :
------------
Array:
errno : -1 ;
message : Invaild value ;

2019-01-08 16:51:21 trace :
------------
String:
<xml><ToUserName><![CDATA[gh_74fc964c4914]]></ToUserName>
<FromUserName><![CDATA[oF_mkjsP4MhfFc3zeI-N-Jjgjdng]]></FromUserName>
<CreateTime>1546937479</CreateTime>
<MsgType><![CDATA[event]]></MsgType>
<Event><![CDATA[SCAN]]></Event>
<EventKey><![CDATA[TZHB15367432889401264--9775]]></EventKey>
<Ticket><![CDATA[gQEd8TwAAAAAAAAAAS5odHRwOi8vd2VpeGluLnFxLmNvbS9xLzAydVFTd05CblZhQWUxMDAwMDAwN1YAAgR515hbAwQAAAAA]]></Ticket>
</xml>

2019-01-08 16:51:21 params :
------------
String:
array (
  'rule' => -2,
  'module' => '',
  'message' => 
  array (
    'tousername' => 'gh_74fc964c4914',
    'fromusername' => 'oF_mkjsP4MhfFc3zeI-N-Jjgjdng',
    'createtime' => '1546937479',
    'msgtype' => 'event',
    'event' => 'SCAN',
    'eventkey' => 'TZHB15367432889401264--9775',
    'ticket' => 'gQEd8TwAAAAAAAAAAS5odHRwOi8vd2VpeGluLnFxLmNvbS9xLzAydVFTd05CblZhQWUxMDAwMDAwN1YAAgR515hbAwQAAAAA',
    'from' => 'oF_mkjsP4MhfFc3zeI-N-Jjgjdng',
    'to' => 'gh_74fc964c4914',
    'time' => '1546937479',
    'type' => 'text',
    'scene' => 'TZHB15367432889401264--9775',
    'redirection' => true,
    'source' => 'qr',
  ),
)

2019-01-08 16:51:21 response :
------------

2019-01-08 18:35:22 trace :
------------
String:
<xml><ToUserName><![CDATA[gh_74fc964c4914]]></ToUserName>
<FromUserName><![CDATA[oF_mkjuSAbVZKnihPRCM7twOZh0M]]></FromUserName>
<CreateTime>1546943722</CreateTime>
<MsgType><![CDATA[event]]></MsgType>
<Event><![CDATA[SCAN]]></Event>
<EventKey><![CDATA[TZHB15286801114115292--2079]]></EventKey>
<Ticket><![CDATA[gQHM8TwAAAAAAAAAAS5odHRwOi8vd2VpeGluLnFxLmNvbS9xLzAyNVB5RE4xblZhQWUxMDAwMDAwN1QAAgSvzh1bAwQAAAAA]]></Ticket>
</xml>

2019-01-08 18:35:23 params :
------------
String:
array (
  'rule' => -2,
  'module' => '',
  'message' => 
  array (
    'tousername' => 'gh_74fc964c4914',
    'fromusername' => 'oF_mkjuSAbVZKnihPRCM7twOZh0M',
    'createtime' => '1546943722',
    'msgtype' => 'event',
    'event' => 'SCAN',
    'eventkey' => 'TZHB15286801114115292--2079',
    'ticket' => 'gQHM8TwAAAAAAAAAAS5odHRwOi8vd2VpeGluLnFxLmNvbS9xLzAyNVB5RE4xblZhQWUxMDAwMDAwN1QAAgSvzh1bAwQAAAAA',
    'from' => 'oF_mkjuSAbVZKnihPRCM7twOZh0M',
    'to' => 'gh_74fc964c4914',
    'time' => '1546943722',
    'type' => 'text',
    'scene' => 'TZHB15286801114115292--2079',
    'redirection' => true,
    'source' => 'qr',
  ),
)

2019-01-08 18:35:23 response :
------------

2019-01-08 18:35:41 trace :
------------
String:
<xml><ToUserName><![CDATA[gh_74fc964c4914]]></ToUserName>
<FromUserName><![CDATA[oF_mkjg1B4XxFtJ_yugVzENzPAqc]]></FromUserName>
<CreateTime>1546943741</CreateTime>
<MsgType><![CDATA[event]]></MsgType>
<Event><![CDATA[subscribe]]></Event>
<EventKey><![CDATA[qrscene_TZHB15444180208827147--11529]]></EventKey>
<Ticket><![CDATA[gQFi8TwAAAAAAAAAAS5odHRwOi8vd2VpeGluLnFxLmNvbS9xLzAyZkMxTE0zblZhQWUxMDAwME0wN3IAAgTk8g1cAwQAAAAA]]></Ticket>
</xml>

2019-01-08 18:35:42 params :
------------
String:
array (
  'message' => 
  array (
    'tousername' => 'gh_74fc964c4914',
    'fromusername' => 'oF_mkjg1B4XxFtJ_yugVzENzPAqc',
    'createtime' => '1546943741',
    'msgtype' => 'event',
    'event' => 'subscribe',
    'eventkey' => 'qrscene_TZHB15444180208827147--11529',
    'ticket' => 'gQFi8TwAAAAAAAAAAS5odHRwOi8vd2VpeGluLnFxLmNvbS9xLzAyZkMxTE0zblZhQWUxMDAwME0wN3IAAgTk8g1cAwQAAAAA',
    'from' => 'oF_mkjg1B4XxFtJ_yugVzENzPAqc',
    'to' => 'gh_74fc964c4914',
    'time' => '1546943741',
    'type' => 'text',
    'scene' => 'TZHB15444180208827147--11529',
    'redirection' => true,
    'source' => 'subscribe',
    'content' => '首次关注',
  ),
  'module' => 'reply',
  'rule' => '9',
  'priority' => '0',
  'keyword' => 
  array (
    'id' => '116',
    'rid' => '9',
    'uniacid' => '2',
    'module' => 'reply',
    'content' => '首次关注',
    'type' => '1',
    'displayorder' => '0',
    'status' => '1',
    'reply_type' => 
    array (
      0 => 'basic',
    ),
  ),
  'reply_type' => 
  array (
    0 => 'basic',
  ),
)

2019-01-08 18:35:42 response :
------------
Array:
FromUserName : gh_74fc964c4914 ;
ToUserName : oF_mkjg1B4XxFtJ_yugVzENzPAqc ;
MsgType : text ;
Content : 您好，感谢您关注奔瑞汽车用品！360°汽车服务解决方案提供商。业务领域涵盖高端美容、二手翻新及快速钣喷等，欢迎与我们联系。
您也可以回复以下数字，查看相关信息。
【1】品牌介绍
【2】核心项目
【3】合作支持
【4】产品中心
【5】联系方式
您可以留言或拨打客服热线 4006669243 更多资讯，您可以访问奔瑞官网 www.benrui.cn
意见，建议反馈信息请直接回复，谢谢。 ;

2019-01-08 18:35:59 trace :
------------
String:
<xml><ToUserName><![CDATA[gh_74fc964c4914]]></ToUserName>
<FromUserName><![CDATA[oF_mkjg1B4XxFtJ_yugVzENzPAqc]]></FromUserName>
<CreateTime>1546943758</CreateTime>
<MsgType><![CDATA[event]]></MsgType>
<Event><![CDATA[SCAN]]></Event>
<EventKey><![CDATA[TZHB15444180208827147--11529]]></EventKey>
<Ticket><![CDATA[gQFi8TwAAAAAAAAAAS5odHRwOi8vd2VpeGluLnFxLmNvbS9xLzAyZkMxTE0zblZhQWUxMDAwME0wN3IAAgTk8g1cAwQAAAAA]]></Ticket>
</xml>

2019-01-08 18:35:59 params :
------------
String:
array (
  'rule' => -2,
  'module' => '',
  'message' => 
  array (
    'tousername' => 'gh_74fc964c4914',
    'fromusername' => 'oF_mkjg1B4XxFtJ_yugVzENzPAqc',
    'createtime' => '1546943758',
    'msgtype' => 'event',
    'event' => 'SCAN',
    'eventkey' => 'TZHB15444180208827147--11529',
    'ticket' => 'gQFi8TwAAAAAAAAAAS5odHRwOi8vd2VpeGluLnFxLmNvbS9xLzAyZkMxTE0zblZhQWUxMDAwME0wN3IAAgTk8g1cAwQAAAAA',
    'from' => 'oF_mkjg1B4XxFtJ_yugVzENzPAqc',
    'to' => 'gh_74fc964c4914',
    'time' => '1546943758',
    'type' => 'text',
    'scene' => 'TZHB15444180208827147--11529',
    'redirection' => true,
    'source' => 'qr',
  ),
)

2019-01-08 18:35:59 response :
------------

2019-01-08 20:26:12 trace :
------------
String:
<xml><ToUserName><![CDATA[gh_74fc964c4914]]></ToUserName>
<FromUserName><![CDATA[oF_mkjo24oEzKfRA1KmAWjN-tU9s]]></FromUserName>
<CreateTime>1546950371</CreateTime>
<MsgType><![CDATA[event]]></MsgType>
<Event><![CDATA[unsubscribe]]></Event>
<EventKey><![CDATA[]]></EventKey>
</xml>

