2019-03-20 00:31:37 trace :
------------
String:
<xml><ToUserName><![CDATA[gh_74fc964c4914]]></ToUserName>
<FromUserName><![CDATA[oF_mkjvVHe5nfVFnB-eFBRGMWono]]></FromUserName>
<CreateTime>1553013099</CreateTime>
<MsgType><![CDATA[event]]></MsgType>
<Event><![CDATA[subscribe]]></Event>
<EventKey><![CDATA[qrscene_TZHB15264371257713592--1954]]></EventKey>
<Ticket><![CDATA[gQFM8TwAAAAAAAAAAS5odHRwOi8vd2VpeGluLnFxLmNvbS9xLzAybHA0UU0xblZhQWUxMDAwMHcwN3UAAgQFlftaAwQAAAAA]]></Ticket>
</xml>

2019-03-20 00:31:38 params :
------------
String:
array (
  'message' => 
  array (
    'tousername' => 'gh_74fc964c4914',
    'fromusername' => 'oF_mkjvVHe5nfVFnB-eFBRGMWono',
    'createtime' => '1553013099',
    'msgtype' => 'event',
    'event' => 'subscribe',
    'eventkey' => 'qrscene_TZHB15264371257713592--1954',
    'ticket' => 'gQFM8TwAAAAAAAAAAS5odHRwOi8vd2VpeGluLnFxLmNvbS9xLzAybHA0UU0xblZhQWUxMDAwMHcwN3UAAgQFlftaAwQAAAAA',
    'from' => 'oF_mkjvVHe5nfVFnB-eFBRGMWono',
    'to' => 'gh_74fc964c4914',
    'time' => '1553013099',
    'type' => 'text',
    'scene' => 'TZHB15264371257713592--1954',
    'redirection' => true,
    'source' => 'subscribe',
    'content' => '首次关注',
  ),
  'module' => 'reply',
  'rule' => '9',
  'priority' => '0',
  'keyword' => 
  array (
    'id' => '116',
    'rid' => '9',
    'uniacid' => '2',
    'module' => 'reply',
    'content' => '首次关注',
    'type' => '1',
    'displayorder' => '0',
    'status' => '1',
    'reply_type' => 
    array (
      0 => 'basic',
    ),
  ),
  'reply_type' => 
  array (
    0 => 'basic',
  ),
)

2019-03-20 00:31:38 response :
------------
Array:
FromUserName : gh_74fc964c4914 ;
ToUserName : oF_mkjvVHe5nfVFnB-eFBRGMWono ;
MsgType : text ;
Content : 您好，感谢您关注奔瑞汽车用品！360°汽车服务解决方案提供商。业务领域涵盖高端美容、二手翻新及快速钣喷等，欢迎与我们联系。
您也可以回复以下数字，查看相关信息。
【1】品牌介绍
【2】核心项目
【3】合作支持
【4】产品中心
【5】联系方式
您可以留言或拨打客服热线 4006669243 更多资讯，您可以访问奔瑞官网 www.benrui.cn
意见，建议反馈信息请直接回复，谢谢。 ;

2019-03-20 00:32:01 trace :
------------
String:
<xml><ToUserName><![CDATA[gh_74fc964c4914]]></ToUserName>
<FromUserName><![CDATA[oF_mkjvVHe5nfVFnB-eFBRGMWono]]></FromUserName>
<CreateTime>1553013122</CreateTime>
<MsgType><![CDATA[event]]></MsgType>
<Event><![CDATA[SCAN]]></Event>
<EventKey><![CDATA[TZHB15264371257713592--1954]]></EventKey>
<Ticket><![CDATA[gQFM8TwAAAAAAAAAAS5odHRwOi8vd2VpeGluLnFxLmNvbS9xLzAybHA0UU0xblZhQWUxMDAwMHcwN3UAAgQFlftaAwQAAAAA]]></Ticket>
</xml>

2019-03-20 00:32:01 params :
------------
String:
array (
  'rule' => -2,
  'module' => '',
  'message' => 
  array (
    'tousername' => 'gh_74fc964c4914',
    'fromusername' => 'oF_mkjvVHe5nfVFnB-eFBRGMWono',
    'createtime' => '1553013122',
    'msgtype' => 'event',
    'event' => 'SCAN',
    'eventkey' => 'TZHB15264371257713592--1954',
    'ticket' => 'gQFM8TwAAAAAAAAAAS5odHRwOi8vd2VpeGluLnFxLmNvbS9xLzAybHA0UU0xblZhQWUxMDAwMHcwN3UAAgQFlftaAwQAAAAA',
    'from' => 'oF_mkjvVHe5nfVFnB-eFBRGMWono',
    'to' => 'gh_74fc964c4914',
    'time' => '1553013122',
    'type' => 'text',
    'scene' => 'TZHB15264371257713592--1954',
    'redirection' => true,
    'source' => 'qr',
  ),
)

2019-03-20 00:32:01 response :
------------

2019-03-20 01:11:57 trace :
------------
String:
<xml><ToUserName><![CDATA[gh_74fc964c4914]]></ToUserName>
<FromUserName><![CDATA[oF_mkjvVHe5nfVFnB-eFBRGMWono]]></FromUserName>
<CreateTime>1553015518</CreateTime>
<MsgType><![CDATA[event]]></MsgType>
<Event><![CDATA[VIEW]]></Event>
<EventKey><![CDATA[http://mp.weixin.qq.com/s?__biz=MjM5MzE3NjM0Mw==&mid=503568901&idx=1&sn=68e38de4e280a77f6a9d4729e7b63342&chksm=3d6c747d0a1bfd6b9891ec8de146b4e8934a8e3f178d5f12a5de9984b0c8826680160a8d6af5&scene=18#wechat_redirect]]></EventKey>
<MenuId>503048253</MenuId>
</xml>

2019-03-20 01:11:57 params :
------------
String:
array (
  'message' => 
  array (
    'tousername' => 'gh_74fc964c4914',
    'fromusername' => 'oF_mkjvVHe5nfVFnB-eFBRGMWono',
    'createtime' => '1553015518',
    'msgtype' => 'event',
    'event' => 'VIEW',
    'eventkey' => 'http://mp.weixin.qq.com/s?__biz=MjM5MzE3NjM0Mw==&mid=503568901&idx=1&sn=68e38de4e280a77f6a9d4729e7b63342&chksm=3d6c747d0a1bfd6b9891ec8de146b4e8934a8e3f178d5f12a5de9984b0c8826680160a8d6af5&scene=18#wechat_redirect',
    'menuid' => '503048253',
    'from' => 'oF_mkjvVHe5nfVFnB-eFBRGMWono',
    'to' => 'gh_74fc964c4914',
    'time' => '1553015518',
    'type' => 'text',
    'content' => 'http://mp.weixin.qq.com/s?__biz=MjM5MzE3NjM0Mw==&mid=503568901&idx=1&sn=68e38de4e280a77f6a9d4729e7b63342&chksm=3d6c747d0a1bfd6b9891ec8de146b4e8934a8e3f178d5f12a5de9984b0c8826680160a8d6af5&scene=18#wechat_redirect',
    'redirection' => true,
    'source' => 'VIEW',
  ),
  'module' => 'reply',
  'rule' => '25',
  'priority' => '0',
  'keyword' => 
  array (
    'id' => '32',
    'rid' => '25',
    'uniacid' => '2',
    'module' => 'reply',
    'content' => 'f1',
    'type' => '2',
    'displayorder' => '0',
    'status' => '1',
    'reply_type' => 
    array (
      0 => 'news',
    ),
  ),
  'reply_type' => 
  array (
    0 => 'news',
  ),
)

2019-03-20 01:11:57 response :
------------
Array:
FromUserName : gh_74fc964c4914 ;
ToUserName : oF_mkjvVHe5nfVFnB-eFBRGMWono ;
MsgType : news ;
ArticleCount : 1 ;
Articles : Array ;

2019-03-20 10:11:06 trace :
------------
String:
<xml><ToUserName><![CDATA[gh_74fc964c4914]]></ToUserName>
<FromUserName><![CDATA[oF_mkjpcvGoJaQ-MPNflZHHxsnPs]]></FromUserName>
<CreateTime>1553047866</CreateTime>
<MsgType><![CDATA[event]]></MsgType>
<Event><![CDATA[subscribe]]></Event>
<EventKey><![CDATA[qrscene_TZHB15447491571659310--13002]]></EventKey>
<Ticket><![CDATA[gQGR8DwAAAAAAAAAAS5odHRwOi8vd2VpeGluLnFxLmNvbS9xLzAyWVJOQk5oblZhQWUxMDAwME0wN2MAAgRlABNcAwQAAAAA]]></Ticket>
</xml>

2019-03-20 10:11:07 params :
------------
String:
array (
  'message' => 
  array (
    'tousername' => 'gh_74fc964c4914',
    'fromusername' => 'oF_mkjpcvGoJaQ-MPNflZHHxsnPs',
    'createtime' => '1553047866',
    'msgtype' => 'event',
    'event' => 'subscribe',
    'eventkey' => 'qrscene_TZHB15447491571659310--13002',
    'ticket' => 'gQGR8DwAAAAAAAAAAS5odHRwOi8vd2VpeGluLnFxLmNvbS9xLzAyWVJOQk5oblZhQWUxMDAwME0wN2MAAgRlABNcAwQAAAAA',
    'from' => 'oF_mkjpcvGoJaQ-MPNflZHHxsnPs',
    'to' => 'gh_74fc964c4914',
    'time' => '1553047866',
    'type' => 'text',
    'scene' => 'TZHB15447491571659310--13002',
    'redirection' => true,
    'source' => 'subscribe',
    'content' => '首次关注',
  ),
  'module' => 'reply',
  'rule' => '9',
  'priority' => '0',
  'keyword' => 
  array (
    'id' => '116',
    'rid' => '9',
    'uniacid' => '2',
    'module' => 'reply',
    'content' => '首次关注',
    'type' => '1',
    'displayorder' => '0',
    'status' => '1',
    'reply_type' => 
    array (
      0 => 'basic',
    ),
  ),
  'reply_type' => 
  array (
    0 => 'basic',
  ),
)

2019-03-20 10:11:07 response :
------------
Array:
FromUserName : gh_74fc964c4914 ;
ToUserName : oF_mkjpcvGoJaQ-MPNflZHHxsnPs ;
MsgType : text ;
Content : 您好，感谢您关注奔瑞汽车用品！360°汽车服务解决方案提供商。业务领域涵盖高端美容、二手翻新及快速钣喷等，欢迎与我们联系。
您也可以回复以下数字，查看相关信息。
【1】品牌介绍
【2】核心项目
【3】合作支持
【4】产品中心
【5】联系方式
您可以留言或拨打客服热线 4006669243 更多资讯，您可以访问奔瑞官网 www.benrui.cn
意见，建议反馈信息请直接回复，谢谢。 ;

2019-03-20 10:11:19 trace :
------------
String:
<xml><ToUserName><![CDATA[gh_74fc964c4914]]></ToUserName>
<FromUserName><![CDATA[oF_mkjpcvGoJaQ-MPNflZHHxsnPs]]></FromUserName>
<CreateTime>1553047881</CreateTime>
<MsgType><![CDATA[event]]></MsgType>
<Event><![CDATA[unsubscribe]]></Event>
<EventKey><![CDATA[]]></EventKey>
</xml>

2019-03-20 11:56:32 trace :
------------
String:
<xml><ToUserName><![CDATA[gh_74fc964c4914]]></ToUserName>
<FromUserName><![CDATA[oF_mkjki4iDLwRfybzokqGdEqmU0]]></FromUserName>
<CreateTime>1553054193</CreateTime>
<MsgType><![CDATA[event]]></MsgType>
<Event><![CDATA[subscribe]]></Event>
<EventKey><![CDATA[qrscene_TZHB15301485267047444--4941]]></EventKey>
<Ticket><![CDATA[gQGV8DwAAAAAAAAAAS5odHRwOi8vd2VpeGluLnFxLmNvbS9xLzAyc2drX01wblZhQWUxMDAwMDAwN20AAgSuNjRbAwQAAAAA]]></Ticket>
</xml>

2019-03-20 11:56:32 params :
------------
String:
array (
  'message' => 
  array (
    'tousername' => 'gh_74fc964c4914',
    'fromusername' => 'oF_mkjki4iDLwRfybzokqGdEqmU0',
    'createtime' => '1553054193',
    'msgtype' => 'event',
    'event' => 'subscribe',
    'eventkey' => 'qrscene_TZHB15301485267047444--4941',
    'ticket' => 'gQGV8DwAAAAAAAAAAS5odHRwOi8vd2VpeGluLnFxLmNvbS9xLzAyc2drX01wblZhQWUxMDAwMDAwN20AAgSuNjRbAwQAAAAA',
    'from' => 'oF_mkjki4iDLwRfybzokqGdEqmU0',
    'to' => 'gh_74fc964c4914',
    'time' => '1553054193',
    'type' => 'text',
    'scene' => 'TZHB15301485267047444--4941',
    'redirection' => true,
    'source' => 'subscribe',
    'content' => '首次关注',
  ),
  'module' => 'reply',
  'rule' => '9',
  'priority' => '0',
  'keyword' => 
  array (
    'id' => '116',
    'rid' => '9',
    'uniacid' => '2',
    'module' => 'reply',
    'content' => '首次关注',
    'type' => '1',
    'displayorder' => '0',
    'status' => '1',
    'reply_type' => 
    array (
      0 => 'basic',
    ),
  ),
  'reply_type' => 
  array (
    0 => 'basic',
  ),
)

2019-03-20 11:56:32 response :
------------
Array:
FromUserName : gh_74fc964c4914 ;
ToUserName : oF_mkjki4iDLwRfybzokqGdEqmU0 ;
MsgType : text ;
Content : 您好，感谢您关注奔瑞汽车用品！360°汽车服务解决方案提供商。业务领域涵盖高端美容、二手翻新及快速钣喷等，欢迎与我们联系。
您也可以回复以下数字，查看相关信息。
【1】品牌介绍
【2】核心项目
【3】合作支持
【4】产品中心
【5】联系方式
您可以留言或拨打客服热线 4006669243 更多资讯，您可以访问奔瑞官网 www.benrui.cn
意见，建议反馈信息请直接回复，谢谢。 ;

2019-03-20 12:45:22 trace :
------------
String:
<xml><ToUserName><![CDATA[gh_74fc964c4914]]></ToUserName>
<FromUserName><![CDATA[oF_mkjqwvC2FJAYH2MVQ2nriz5Mk]]></FromUserName>
<CreateTime>1553057123</CreateTime>
<MsgType><![CDATA[event]]></MsgType>
<Event><![CDATA[unsubscribe]]></Event>
<EventKey><![CDATA[]]></EventKey>
</xml>

2019-03-20 14:59:36 trace :
------------
String:
<xml><ToUserName><![CDATA[gh_74fc964c4914]]></ToUserName>
<FromUserName><![CDATA[oF_mkju3UQriKPY3qzJgepUzTZ-k]]></FromUserName>
<CreateTime>1553065177</CreateTime>
<MsgType><![CDATA[event]]></MsgType>
<Event><![CDATA[SCAN]]></Event>
<EventKey><![CDATA[TZHB15447490311607245--12660]]></EventKey>
<Ticket><![CDATA[gQEH8TwAAAAAAAAAAS5odHRwOi8vd2VpeGluLnFxLmNvbS9xLzAyTUx1Yk5DblZhQWUxMDAwMGcwN0MAAgTn-xJcAwQAAAAA]]></Ticket>
</xml>

2019-03-20 14:59:36 params :
------------
String:
array (
  'rule' => -2,
  'module' => '',
  'message' => 
  array (
    'tousername' => 'gh_74fc964c4914',
    'fromusername' => 'oF_mkju3UQriKPY3qzJgepUzTZ-k',
    'createtime' => '1553065177',
    'msgtype' => 'event',
    'event' => 'SCAN',
    'eventkey' => 'TZHB15447490311607245--12660',
    'ticket' => 'gQEH8TwAAAAAAAAAAS5odHRwOi8vd2VpeGluLnFxLmNvbS9xLzAyTUx1Yk5DblZhQWUxMDAwMGcwN0MAAgTn-xJcAwQAAAAA',
    'from' => 'oF_mkju3UQriKPY3qzJgepUzTZ-k',
    'to' => 'gh_74fc964c4914',
    'time' => '1553065177',
    'type' => 'text',
    'scene' => 'TZHB15447490311607245--12660',
    'redirection' => true,
    'source' => 'qr',
  ),
)

2019-03-20 14:59:36 response :
------------

2019-03-20 15:23:45 trace :
------------
String:
<xml><ToUserName><![CDATA[gh_74fc964c4914]]></ToUserName>
<FromUserName><![CDATA[oF_mkjvX7AvGB8xh6Z3w1F9iyQ94]]></FromUserName>
<CreateTime>1553066626</CreateTime>
<MsgType><![CDATA[event]]></MsgType>
<Event><![CDATA[subscribe]]></Event>
<EventKey><![CDATA[qrscene_TZHB15264371300554978--1973]]></EventKey>
<Ticket><![CDATA[gQGN8TwAAAAAAAAAAS5odHRwOi8vd2VpeGluLnFxLmNvbS9xLzAyR2N6Q01WblZhQWUxMDAwMDAwN0sAAgQKlftaAwQAAAAA]]></Ticket>
</xml>

2019-03-20 15:23:46 params :
------------
String:
array (
  'message' => 
  array (
    'tousername' => 'gh_74fc964c4914',
    'fromusername' => 'oF_mkjvX7AvGB8xh6Z3w1F9iyQ94',
    'createtime' => '1553066626',
    'msgtype' => 'event',
    'event' => 'subscribe',
    'eventkey' => 'qrscene_TZHB15264371300554978--1973',
    'ticket' => 'gQGN8TwAAAAAAAAAAS5odHRwOi8vd2VpeGluLnFxLmNvbS9xLzAyR2N6Q01WblZhQWUxMDAwMDAwN0sAAgQKlftaAwQAAAAA',
    'from' => 'oF_mkjvX7AvGB8xh6Z3w1F9iyQ94',
    'to' => 'gh_74fc964c4914',
    'time' => '1553066626',
    'type' => 'text',
    'scene' => 'TZHB15264371300554978--1973',
    'redirection' => true,
    'source' => 'subscribe',
    'content' => '首次关注',
  ),
  'module' => 'reply',
  'rule' => '9',
  'priority' => '0',
  'keyword' => 
  array (
    'id' => '116',
    'rid' => '9',
    'uniacid' => '2',
    'module' => 'reply',
    'content' => '首次关注',
    'type' => '1',
    'displayorder' => '0',
    'status' => '1',
    'reply_type' => 
    array (
      0 => 'basic',
    ),
  ),
  'reply_type' => 
  array (
    0 => 'basic',
  ),
)

2019-03-20 15:23:46 response :
------------
Array:
FromUserName : gh_74fc964c4914 ;
ToUserName : oF_mkjvX7AvGB8xh6Z3w1F9iyQ94 ;
MsgType : text ;
Content : 您好，感谢您关注奔瑞汽车用品！360°汽车服务解决方案提供商。业务领域涵盖高端美容、二手翻新及快速钣喷等，欢迎与我们联系。
您也可以回复以下数字，查看相关信息。
【1】品牌介绍
【2】核心项目
【3】合作支持
【4】产品中心
【5】联系方式
您可以留言或拨打客服热线 4006669243 更多资讯，您可以访问奔瑞官网 www.benrui.cn
意见，建议反馈信息请直接回复，谢谢。 ;

2019-03-20 15:24:23 trace :
------------
String:
<xml><ToUserName><![CDATA[gh_74fc964c4914]]></ToUserName>
<FromUserName><![CDATA[oF_mkjvX7AvGB8xh6Z3w1F9iyQ94]]></FromUserName>
<CreateTime>1553066664</CreateTime>
<MsgType><![CDATA[event]]></MsgType>
<Event><![CDATA[unsubscribe]]></Event>
<EventKey><![CDATA[]]></EventKey>
</xml>

2019-03-20 15:56:06 trace :
------------
String:
<xml><ToUserName><![CDATA[gh_74fc964c4914]]></ToUserName>
<FromUserName><![CDATA[oF_mkjnZrcmVFqMlDvXLUG9GxHoE]]></FromUserName>
<CreateTime>1553068567</CreateTime>
<MsgType><![CDATA[event]]></MsgType>
<Event><![CDATA[SCAN]]></Event>
<EventKey><![CDATA[TZHB15301481659625076--3988]]></EventKey>
<Ticket><![CDATA[gQEj8DwAAAAAAAAAAS5odHRwOi8vd2VpeGluLnFxLmNvbS9xLzAyZlBUbU5WblZhQWUxMDAwMHcwN0gAAgRFNTRbAwQAAAAA]]></Ticket>
</xml>

2019-03-20 15:56:06 params :
------------
String:
array (
  'rule' => -2,
  'module' => '',
  'message' => 
  array (
    'tousername' => 'gh_74fc964c4914',
    'fromusername' => 'oF_mkjnZrcmVFqMlDvXLUG9GxHoE',
    'createtime' => '1553068567',
    'msgtype' => 'event',
    'event' => 'SCAN',
    'eventkey' => 'TZHB15301481659625076--3988',
    'ticket' => 'gQEj8DwAAAAAAAAAAS5odHRwOi8vd2VpeGluLnFxLmNvbS9xLzAyZlBUbU5WblZhQWUxMDAwMHcwN0gAAgRFNTRbAwQAAAAA',
    'from' => 'oF_mkjnZrcmVFqMlDvXLUG9GxHoE',
    'to' => 'gh_74fc964c4914',
    'time' => '1553068567',
    'type' => 'text',
    'scene' => 'TZHB15301481659625076--3988',
    'redirection' => true,
    'source' => 'qr',
  ),
)

2019-03-20 15:56:06 response :
------------

2019-03-20 15:56:15 trace :
------------
String:
<xml><ToUserName><![CDATA[gh_74fc964c4914]]></ToUserName>
<FromUserName><![CDATA[oF_mkjnZrcmVFqMlDvXLUG9GxHoE]]></FromUserName>
<CreateTime>1553068577</CreateTime>
<MsgType><![CDATA[event]]></MsgType>
<Event><![CDATA[SCAN]]></Event>
<EventKey><![CDATA[TZHB15301481659625076--3988]]></EventKey>
<Ticket><![CDATA[gQEj8DwAAAAAAAAAAS5odHRwOi8vd2VpeGluLnFxLmNvbS9xLzAyZlBUbU5WblZhQWUxMDAwMHcwN0gAAgRFNTRbAwQAAAAA]]></Ticket>
</xml>

2019-03-20 15:56:16 params :
------------
String:
array (
  'rule' => -2,
  'module' => '',
  'message' => 
  array (
    'tousername' => 'gh_74fc964c4914',
    'fromusername' => 'oF_mkjnZrcmVFqMlDvXLUG9GxHoE',
    'createtime' => '1553068577',
    'msgtype' => 'event',
    'event' => 'SCAN',
    'eventkey' => 'TZHB15301481659625076--3988',
    'ticket' => 'gQEj8DwAAAAAAAAAAS5odHRwOi8vd2VpeGluLnFxLmNvbS9xLzAyZlBUbU5WblZhQWUxMDAwMHcwN0gAAgRFNTRbAwQAAAAA',
    'from' => 'oF_mkjnZrcmVFqMlDvXLUG9GxHoE',
    'to' => 'gh_74fc964c4914',
    'time' => '1553068577',
    'type' => 'text',
    'scene' => 'TZHB15301481659625076--3988',
    'redirection' => true,
    'source' => 'qr',
  ),
)

2019-03-20 15:56:16 response :
------------

2019-03-20 15:56:35 trace :
------------
String:
<xml><ToUserName><![CDATA[gh_74fc964c4914]]></ToUserName>
<FromUserName><![CDATA[oF_mkjnZrcmVFqMlDvXLUG9GxHoE]]></FromUserName>
<CreateTime>1553068596</CreateTime>
<MsgType><![CDATA[event]]></MsgType>
<Event><![CDATA[SCAN]]></Event>
<EventKey><![CDATA[TZHB15301481659625076--3988]]></EventKey>
<Ticket><![CDATA[gQEj8DwAAAAAAAAAAS5odHRwOi8vd2VpeGluLnFxLmNvbS9xLzAyZlBUbU5WblZhQWUxMDAwMHcwN0gAAgRFNTRbAwQAAAAA]]></Ticket>
</xml>

2019-03-20 15:56:35 params :
------------
String:
array (
  'rule' => -2,
  'module' => '',
  'message' => 
  array (
    'tousername' => 'gh_74fc964c4914',
    'fromusername' => 'oF_mkjnZrcmVFqMlDvXLUG9GxHoE',
    'createtime' => '1553068596',
    'msgtype' => 'event',
    'event' => 'SCAN',
    'eventkey' => 'TZHB15301481659625076--3988',
    'ticket' => 'gQEj8DwAAAAAAAAAAS5odHRwOi8vd2VpeGluLnFxLmNvbS9xLzAyZlBUbU5WblZhQWUxMDAwMHcwN0gAAgRFNTRbAwQAAAAA',
    'from' => 'oF_mkjnZrcmVFqMlDvXLUG9GxHoE',
    'to' => 'gh_74fc964c4914',
    'time' => '1553068596',
    'type' => 'text',
    'scene' => 'TZHB15301481659625076--3988',
    'redirection' => true,
    'source' => 'qr',
  ),
)

2019-03-20 15:56:35 response :
------------

2019-03-20 15:56:56 trace :
------------
String:
<xml><ToUserName><![CDATA[gh_74fc964c4914]]></ToUserName>
<FromUserName><![CDATA[oF_mkjtkujGRy9TkxXcMlPhEPADg]]></FromUserName>
<CreateTime>1553068618</CreateTime>
<MsgType><![CDATA[event]]></MsgType>
<Event><![CDATA[SCAN]]></Event>
<EventKey><![CDATA[TZHB15301481659625076--3988]]></EventKey>
<Ticket><![CDATA[gQEj8DwAAAAAAAAAAS5odHRwOi8vd2VpeGluLnFxLmNvbS9xLzAyZlBUbU5WblZhQWUxMDAwMHcwN0gAAgRFNTRbAwQAAAAA]]></Ticket>
</xml>

2019-03-20 15:56:56 params :
------------
String:
array (
  'rule' => -2,
  'module' => '',
  'message' => 
  array (
    'tousername' => 'gh_74fc964c4914',
    'fromusername' => 'oF_mkjtkujGRy9TkxXcMlPhEPADg',
    'createtime' => '1553068618',
    'msgtype' => 'event',
    'event' => 'SCAN',
    'eventkey' => 'TZHB15301481659625076--3988',
    'ticket' => 'gQEj8DwAAAAAAAAAAS5odHRwOi8vd2VpeGluLnFxLmNvbS9xLzAyZlBUbU5WblZhQWUxMDAwMHcwN0gAAgRFNTRbAwQAAAAA',
    'from' => 'oF_mkjtkujGRy9TkxXcMlPhEPADg',
    'to' => 'gh_74fc964c4914',
    'time' => '1553068618',
    'type' => 'text',
    'scene' => 'TZHB15301481659625076--3988',
    'redirection' => true,
    'source' => 'qr',
  ),
)

2019-03-20 15:56:56 response :
------------

2019-03-20 16:17:47 trace :
------------
String:
<xml><ToUserName><![CDATA[gh_74fc964c4914]]></ToUserName>
<FromUserName><![CDATA[oF_mkjgRNDq68MIjYELnQSYZXazs]]></FromUserName>
<CreateTime>1553069868</CreateTime>
<MsgType><![CDATA[event]]></MsgType>
<Event><![CDATA[subscribe]]></Event>
<EventKey><![CDATA[]]></EventKey>
</xml>

2019-03-20 16:17:47 params :
------------
String:
array (
  'message' => 
  array (
    'tousername' => 'gh_74fc964c4914',
    'fromusername' => 'oF_mkjgRNDq68MIjYELnQSYZXazs',
    'createtime' => '1553069868',
    'msgtype' => 'event',
    'event' => 'subscribe',
    'eventkey' => '',
    'from' => 'oF_mkjgRNDq68MIjYELnQSYZXazs',
    'to' => 'gh_74fc964c4914',
    'time' => '1553069868',
    'type' => 'text',
    'redirection' => true,
    'source' => 'subscribe',
    'content' => '首次关注',
  ),
  'module' => 'reply',
  'rule' => '9',
  'priority' => '0',
  'keyword' => 
  array (
    'id' => '116',
    'rid' => '9',
    'uniacid' => '2',
    'module' => 'reply',
    'content' => '首次关注',
    'type' => '1',
    'displayorder' => '0',
    'status' => '1',
    'reply_type' => 
    array (
      0 => 'basic',
    ),
  ),
  'reply_type' => 
  array (
    0 => 'basic',
  ),
)

2019-03-20 16:17:47 response :
------------
Array:
FromUserName : gh_74fc964c4914 ;
ToUserName : oF_mkjgRNDq68MIjYELnQSYZXazs ;
MsgType : text ;
Content : 您好，感谢您关注奔瑞汽车用品！360°汽车服务解决方案提供商。业务领域涵盖高端美容、二手翻新及快速钣喷等，欢迎与我们联系。
您也可以回复以下数字，查看相关信息。
【1】品牌介绍
【2】核心项目
【3】合作支持
【4】产品中心
【5】联系方式
您可以留言或拨打客服热线 4006669243 更多资讯，您可以访问奔瑞官网 www.benrui.cn
意见，建议反馈信息请直接回复，谢谢。 ;

2019-03-20 16:18:30 trace :
------------
String:
<xml><ToUserName><![CDATA[gh_74fc964c4914]]></ToUserName>
<FromUserName><![CDATA[oF_mkjnZrcmVFqMlDvXLUG9GxHoE]]></FromUserName>
<CreateTime>1553069911</CreateTime>
<MsgType><![CDATA[event]]></MsgType>
<Event><![CDATA[SCAN]]></Event>
<EventKey><![CDATA[TZHB15301481659625076--3988]]></EventKey>
<Ticket><![CDATA[gQEj8DwAAAAAAAAAAS5odHRwOi8vd2VpeGluLnFxLmNvbS9xLzAyZlBUbU5WblZhQWUxMDAwMHcwN0gAAgRFNTRbAwQAAAAA]]></Ticket>
</xml>

2019-03-20 16:18:30 params :
------------
String:
array (
  'rule' => -2,
  'module' => '',
  'message' => 
  array (
    'tousername' => 'gh_74fc964c4914',
    'fromusername' => 'oF_mkjnZrcmVFqMlDvXLUG9GxHoE',
    'createtime' => '1553069911',
    'msgtype' => 'event',
    'event' => 'SCAN',
    'eventkey' => 'TZHB15301481659625076--3988',
    'ticket' => 'gQEj8DwAAAAAAAAAAS5odHRwOi8vd2VpeGluLnFxLmNvbS9xLzAyZlBUbU5WblZhQWUxMDAwMHcwN0gAAgRFNTRbAwQAAAAA',
    'from' => 'oF_mkjnZrcmVFqMlDvXLUG9GxHoE',
    'to' => 'gh_74fc964c4914',
    'time' => '1553069911',
    'type' => 'text',
    'scene' => 'TZHB15301481659625076--3988',
    'redirection' => true,
    'source' => 'qr',
  ),
)

2019-03-20 16:18:30 response :
------------

2019-03-20 16:34:07 trace :
------------
String:
<xml><ToUserName><![CDATA[gh_74fc964c4914]]></ToUserName>
<FromUserName><![CDATA[oF_mkjgRNDq68MIjYELnQSYZXazs]]></FromUserName>
<CreateTime>1553070848</CreateTime>
<MsgType><![CDATA[event]]></MsgType>
<Event><![CDATA[CLICK]]></Event>
<EventKey><![CDATA[最新优惠]]></EventKey>
</xml>

2019-03-20 16:34:07 params :
------------
String:
array (
  'message' => 
  array (
    'tousername' => 'gh_74fc964c4914',
    'fromusername' => 'oF_mkjgRNDq68MIjYELnQSYZXazs',
    'createtime' => '1553070848',
    'msgtype' => 'event',
    'event' => 'CLICK',
    'eventkey' => '最新优惠',
    'from' => 'oF_mkjgRNDq68MIjYELnQSYZXazs',
    'to' => 'gh_74fc964c4914',
    'time' => '1553070848',
    'type' => 'text',
    'content' => '最新优惠',
    'redirection' => true,
    'source' => 'click',
  ),
  'module' => 'reply',
  'rule' => '53',
  'priority' => '0',
  'keyword' => 
  array (
    'id' => '115',
    'rid' => '53',
    'uniacid' => '2',
    'module' => 'reply',
    'content' => '最新优惠',
    'type' => '1',
    'displayorder' => '0',
    'status' => '1',
    'reply_type' => 
    array (
      0 => 'basic',
    ),
  ),
  'reply_type' => 
  array (
    0 => 'basic',
  ),
)

2019-03-20 16:34:07 response :
------------
Array:
FromUserName : gh_74fc964c4914 ;
ToUserName : oF_mkjgRNDq68MIjYELnQSYZXazs ;
MsgType : text ;
Content : 优质服务季，一大波促销活动即将激情开启，敬请期待。 ;

2019-03-20 16:53:19 trace :
------------
String:
<xml><ToUserName><![CDATA[gh_74fc964c4914]]></ToUserName>
<FromUserName><![CDATA[oF_mkjj9fAFpTXhxlNot6XK9sP_M]]></FromUserName>
<CreateTime>1553072000</CreateTime>
<MsgType><![CDATA[event]]></MsgType>
<Event><![CDATA[subscribe]]></Event>
<EventKey><![CDATA[]]></EventKey>
</xml>

2019-03-20 16:53:19 params :
------------
String:
array (
  'message' => 
  array (
    'tousername' => 'gh_74fc964c4914',
    'fromusername' => 'oF_mkjj9fAFpTXhxlNot6XK9sP_M',
    'createtime' => '1553072000',
    'msgtype' => 'event',
    'event' => 'subscribe',
    'eventkey' => '',
    'from' => 'oF_mkjj9fAFpTXhxlNot6XK9sP_M',
    'to' => 'gh_74fc964c4914',
    'time' => '1553072000',
    'type' => 'text',
    'redirection' => true,
    'source' => 'subscribe',
    'content' => '首次关注',
  ),
  'module' => 'reply',
  'rule' => '9',
  'priority' => '0',
  'keyword' => 
  array (
    'id' => '116',
    'rid' => '9',
    'uniacid' => '2',
    'module' => 'reply',
    'content' => '首次关注',
    'type' => '1',
    'displayorder' => '0',
    'status' => '1',
    'reply_type' => 
    array (
      0 => 'basic',
    ),
  ),
  'reply_type' => 
  array (
    0 => 'basic',
  ),
)

2019-03-20 16:53:19 response :
------------
Array:
FromUserName : gh_74fc964c4914 ;
ToUserName : oF_mkjj9fAFpTXhxlNot6XK9sP_M ;
MsgType : text ;
Content : 您好，感谢您关注奔瑞汽车用品！360°汽车服务解决方案提供商。业务领域涵盖高端美容、二手翻新及快速钣喷等，欢迎与我们联系。
您也可以回复以下数字，查看相关信息。
【1】品牌介绍
【2】核心项目
【3】合作支持
【4】产品中心
【5】联系方式
您可以留言或拨打客服热线 4006669243 更多资讯，您可以访问奔瑞官网 www.benrui.cn
意见，建议反馈信息请直接回复，谢谢。 ;

2019-03-20 16:54:06 trace :
------------
String:
<xml><ToUserName><![CDATA[gh_74fc964c4914]]></ToUserName>
<FromUserName><![CDATA[oF_mkjj9fAFpTXhxlNot6XK9sP_M]]></FromUserName>
<CreateTime>1553072048</CreateTime>
<MsgType><![CDATA[event]]></MsgType>
<Event><![CDATA[VIEW]]></Event>
<EventKey><![CDATA[http://mp.weixin.qq.com/s?__biz=MjM5MzE3NjM0Mw==&mid=503568901&idx=1&sn=68e38de4e280a77f6a9d4729e7b63342&chksm=3d6c747d0a1bfd6b9891ec8de146b4e8934a8e3f178d5f12a5de9984b0c8826680160a8d6af5&scene=18#wechat_redirect]]></EventKey>
<MenuId>503048253</MenuId>
</xml>

2019-03-20 16:54:06 params :
------------
String:
array (
  'message' => 
  array (
    'tousername' => 'gh_74fc964c4914',
    'fromusername' => 'oF_mkjj9fAFpTXhxlNot6XK9sP_M',
    'createtime' => '1553072048',
    'msgtype' => 'event',
    'event' => 'VIEW',
    'eventkey' => 'http://mp.weixin.qq.com/s?__biz=MjM5MzE3NjM0Mw==&mid=503568901&idx=1&sn=68e38de4e280a77f6a9d4729e7b63342&chksm=3d6c747d0a1bfd6b9891ec8de146b4e8934a8e3f178d5f12a5de9984b0c8826680160a8d6af5&scene=18#wechat_redirect',
    'menuid' => '503048253',
    'from' => 'oF_mkjj9fAFpTXhxlNot6XK9sP_M',
    'to' => 'gh_74fc964c4914',
    'time' => '1553072048',
    'type' => 'text',
    'content' => 'http://mp.weixin.qq.com/s?__biz=MjM5MzE3NjM0Mw==&mid=503568901&idx=1&sn=68e38de4e280a77f6a9d4729e7b63342&chksm=3d6c747d0a1bfd6b9891ec8de146b4e8934a8e3f178d5f12a5de9984b0c8826680160a8d6af5&scene=18#wechat_redirect',
    'redirection' => true,
    'source' => 'VIEW',
  ),
  'module' => 'reply',
  'rule' => '25',
  'priority' => '0',
  'keyword' => 
  array (
    'id' => '32',
    'rid' => '25',
    'uniacid' => '2',
    'module' => 'reply',
    'content' => 'f1',
    'type' => '2',
    'displayorder' => '0',
    'status' => '1',
    'reply_type' => 
    array (
      0 => 'news',
    ),
  ),
  'reply_type' => 
  array (
    0 => 'news',
  ),
)

2019-03-20 16:54:06 response :
------------
Array:
FromUserName : gh_74fc964c4914 ;
ToUserName : oF_mkjj9fAFpTXhxlNot6XK9sP_M ;
MsgType : news ;
ArticleCount : 1 ;
Articles : Array ;

2019-03-20 16:54:17 trace :
------------
String:
<xml><ToUserName><![CDATA[gh_74fc964c4914]]></ToUserName>
<FromUserName><![CDATA[oF_mkjj9fAFpTXhxlNot6XK9sP_M]]></FromUserName>
<CreateTime>1553072058</CreateTime>
<MsgType><![CDATA[event]]></MsgType>
<Event><![CDATA[unsubscribe]]></Event>
<EventKey><![CDATA[]]></EventKey>
</xml>

2019-03-20 20:39:29 trace :
------------
String:
<xml><ToUserName><![CDATA[gh_74fc964c4914]]></ToUserName>
<FromUserName><![CDATA[oF_mkjseO-JTd43phrAAaRH_YhNc]]></FromUserName>
<CreateTime>1553085570</CreateTime>
<MsgType><![CDATA[event]]></MsgType>
<Event><![CDATA[subscribe]]></Event>
<EventKey><![CDATA[qrscene_TZHB15447490871276294--12820]]></EventKey>
<Ticket><![CDATA[gQGh8DwAAAAAAAAAAS5odHRwOi8vd2VpeGluLnFxLmNvbS9xLzAyT1VxcE5lblZhQWUxMDAwME0wN1IAAgQfABNcAwQAAAAA]]></Ticket>
</xml>

2019-03-20 20:39:30 params :
------------
String:
array (
  'message' => 
  array (
    'tousername' => 'gh_74fc964c4914',
    'fromusername' => 'oF_mkjseO-JTd43phrAAaRH_YhNc',
    'createtime' => '1553085570',
    'msgtype' => 'event',
    'event' => 'subscribe',
    'eventkey' => 'qrscene_TZHB15447490871276294--12820',
    'ticket' => 'gQGh8DwAAAAAAAAAAS5odHRwOi8vd2VpeGluLnFxLmNvbS9xLzAyT1VxcE5lblZhQWUxMDAwME0wN1IAAgQfABNcAwQAAAAA',
    'from' => 'oF_mkjseO-JTd43phrAAaRH_YhNc',
    'to' => 'gh_74fc964c4914',
    'time' => '1553085570',
    'type' => 'text',
    'scene' => 'TZHB15447490871276294--12820',
    'redirection' => true,
    'source' => 'subscribe',
    'content' => '首次关注',
  ),
  'module' => 'reply',
  'rule' => '9',
  'priority' => '0',
  'keyword' => 
  array (
    'id' => '116',
    'rid' => '9',
    'uniacid' => '2',
    'module' => 'reply',
    'content' => '首次关注',
    'type' => '1',
    'displayorder' => '0',
    'status' => '1',
    'reply_type' => 
    array (
      0 => 'basic',
    ),
  ),
  'reply_type' => 
  array (
    0 => 'basic',
  ),
)

2019-03-20 20:39:30 response :
------------
Array:
FromUserName : gh_74fc964c4914 ;
ToUserName : oF_mkjseO-JTd43phrAAaRH_YhNc ;
MsgType : text ;
Content : 您好，感谢您关注奔瑞汽车用品！360°汽车服务解决方案提供商。业务领域涵盖高端美容、二手翻新及快速钣喷等，欢迎与我们联系。
您也可以回复以下数字，查看相关信息。
【1】品牌介绍
【2】核心项目
【3】合作支持
【4】产品中心
【5】联系方式
您可以留言或拨打客服热线 4006669243 更多资讯，您可以访问奔瑞官网 www.benrui.cn
意见，建议反馈信息请直接回复，谢谢。 ;

