2019-01-23 04:30:45 trace :
------------
String:
<xml><ToUserName><![CDATA[gh_74fc964c4914]]></ToUserName>
<FromUserName><![CDATA[oF_mkjldCDeWsLBQkjrkapDq-QRA]]></FromUserName>
<CreateTime>1548189044</CreateTime>
<MsgType><![CDATA[event]]></MsgType>
<Event><![CDATA[unsubscribe]]></Event>
<EventKey><![CDATA[]]></EventKey>
</xml>

2019-01-23 09:07:22 trace :
------------
String:
<xml><ToUserName><![CDATA[gh_74fc964c4914]]></ToUserName>
<FromUserName><![CDATA[oF_mkjp9e_ZRil2KI9UU_VjR2eww]]></FromUserName>
<CreateTime>1548205641</CreateTime>
<MsgType><![CDATA[event]]></MsgType>
<Event><![CDATA[SCAN]]></Event>
<EventKey><![CDATA[TZHB15367439008069556--10738]]></EventKey>
<Ticket><![CDATA[gQGL8TwAAAAAAAAAAS5odHRwOi8vd2VpeGluLnFxLmNvbS9xLzAyTjh6VE12blZhQWUxMDAwMGcwN1UAAgTc2ZhbAwQAAAAA]]></Ticket>
</xml>

2019-01-23 09:07:23 params :
------------
String:
array (
  'rule' => -2,
  'module' => '',
  'message' => 
  array (
    'tousername' => 'gh_74fc964c4914',
    'fromusername' => 'oF_mkjp9e_ZRil2KI9UU_VjR2eww',
    'createtime' => '1548205641',
    'msgtype' => 'event',
    'event' => 'SCAN',
    'eventkey' => 'TZHB15367439008069556--10738',
    'ticket' => 'gQGL8TwAAAAAAAAAAS5odHRwOi8vd2VpeGluLnFxLmNvbS9xLzAyTjh6VE12blZhQWUxMDAwMGcwN1UAAgTc2ZhbAwQAAAAA',
    'from' => 'oF_mkjp9e_ZRil2KI9UU_VjR2eww',
    'to' => 'gh_74fc964c4914',
    'time' => '1548205641',
    'type' => 'text',
    'scene' => 'TZHB15367439008069556--10738',
    'redirection' => true,
    'source' => 'qr',
  ),
)

2019-01-23 09:07:23 response :
------------

2019-01-23 09:18:38 trace :
------------
String:
<xml><ToUserName><![CDATA[gh_74fc964c4914]]></ToUserName>
<FromUserName><![CDATA[oF_mkjseDAvTurrGpWf02jJmw44k]]></FromUserName>
<CreateTime>1548206316</CreateTime>
<MsgType><![CDATA[event]]></MsgType>
<Event><![CDATA[subscribe]]></Event>
<EventKey><![CDATA[qrscene_TZHB15304978781052684--6624]]></EventKey>
<Ticket><![CDATA[gQHA8DwAAAAAAAAAAS5odHRwOi8vd2VpeGluLnFxLmNvbS9xLzAyUm0tcU5tblZhQWUxMDAwME0wN2wAAgRWizlbAwQAAAAA]]></Ticket>
</xml>

2019-01-23 09:18:38 params :
------------
String:
array (
  'message' => 
  array (
    'tousername' => 'gh_74fc964c4914',
    'fromusername' => 'oF_mkjseDAvTurrGpWf02jJmw44k',
    'createtime' => '1548206316',
    'msgtype' => 'event',
    'event' => 'subscribe',
    'eventkey' => 'qrscene_TZHB15304978781052684--6624',
    'ticket' => 'gQHA8DwAAAAAAAAAAS5odHRwOi8vd2VpeGluLnFxLmNvbS9xLzAyUm0tcU5tblZhQWUxMDAwME0wN2wAAgRWizlbAwQAAAAA',
    'from' => 'oF_mkjseDAvTurrGpWf02jJmw44k',
    'to' => 'gh_74fc964c4914',
    'time' => '1548206316',
    'type' => 'text',
    'scene' => 'TZHB15304978781052684--6624',
    'redirection' => true,
    'source' => 'subscribe',
    'content' => '首次关注',
  ),
  'module' => 'reply',
  'rule' => '9',
  'priority' => '0',
  'keyword' => 
  array (
    'id' => '116',
    'rid' => '9',
    'uniacid' => '2',
    'module' => 'reply',
    'content' => '首次关注',
    'type' => '1',
    'displayorder' => '0',
    'status' => '1',
    'reply_type' => 
    array (
      0 => 'basic',
    ),
  ),
  'reply_type' => 
  array (
    0 => 'basic',
  ),
)

2019-01-23 09:18:38 response :
------------
Array:
FromUserName : gh_74fc964c4914 ;
ToUserName : oF_mkjseDAvTurrGpWf02jJmw44k ;
MsgType : text ;
Content : 您好，感谢您关注奔瑞汽车用品！360°汽车服务解决方案提供商。业务领域涵盖高端美容、二手翻新及快速钣喷等，欢迎与我们联系。
您也可以回复以下数字，查看相关信息。
【1】品牌介绍
【2】核心项目
【3】合作支持
【4】产品中心
【5】联系方式
您可以留言或拨打客服热线 4006669243 更多资讯，您可以访问奔瑞官网 www.benrui.cn
意见，建议反馈信息请直接回复，谢谢。 ;

2019-01-23 09:18:50 trace :
------------
String:
<xml><ToUserName><![CDATA[gh_74fc964c4914]]></ToUserName>
<FromUserName><![CDATA[oF_mkjseDAvTurrGpWf02jJmw44k]]></FromUserName>
<CreateTime>1548206329</CreateTime>
<MsgType><![CDATA[event]]></MsgType>
<Event><![CDATA[SCAN]]></Event>
<EventKey><![CDATA[TZHB15304978781052684--6624]]></EventKey>
<Ticket><![CDATA[gQHA8DwAAAAAAAAAAS5odHRwOi8vd2VpeGluLnFxLmNvbS9xLzAyUm0tcU5tblZhQWUxMDAwME0wN2wAAgRWizlbAwQAAAAA]]></Ticket>
</xml>

2019-01-23 09:18:50 params :
------------
String:
array (
  'rule' => -2,
  'module' => '',
  'message' => 
  array (
    'tousername' => 'gh_74fc964c4914',
    'fromusername' => 'oF_mkjseDAvTurrGpWf02jJmw44k',
    'createtime' => '1548206329',
    'msgtype' => 'event',
    'event' => 'SCAN',
    'eventkey' => 'TZHB15304978781052684--6624',
    'ticket' => 'gQHA8DwAAAAAAAAAAS5odHRwOi8vd2VpeGluLnFxLmNvbS9xLzAyUm0tcU5tblZhQWUxMDAwME0wN2wAAgRWizlbAwQAAAAA',
    'from' => 'oF_mkjseDAvTurrGpWf02jJmw44k',
    'to' => 'gh_74fc964c4914',
    'time' => '1548206329',
    'type' => 'text',
    'scene' => 'TZHB15304978781052684--6624',
    'redirection' => true,
    'source' => 'qr',
  ),
)

2019-01-23 09:18:50 response :
------------

2019-01-23 10:42:48 trace :
------------
String:
<xml><ToUserName><![CDATA[gh_74fc964c4914]]></ToUserName>
<FromUserName><![CDATA[oF_mkjnkLwLSfeMxH4p0vGNw2nTE]]></FromUserName>
<CreateTime>1548211365</CreateTime>
<MsgType><![CDATA[event]]></MsgType>
<Event><![CDATA[subscribe]]></Event>
<EventKey><![CDATA[qrscene_TZHB15367439205704401--10827]]></EventKey>
<Ticket><![CDATA[gQGj8TwAAAAAAAAAAS5odHRwOi8vd2VpeGluLnFxLmNvbS9xLzAyYXFqTk1nblZhQWUxMDAwMDAwNzkAAgTw2ZhbAwQAAAAA]]></Ticket>
</xml>

2019-01-23 10:42:48 params :
------------
String:
array (
  'message' => 
  array (
    'tousername' => 'gh_74fc964c4914',
    'fromusername' => 'oF_mkjnkLwLSfeMxH4p0vGNw2nTE',
    'createtime' => '1548211365',
    'msgtype' => 'event',
    'event' => 'subscribe',
    'eventkey' => 'qrscene_TZHB15367439205704401--10827',
    'ticket' => 'gQGj8TwAAAAAAAAAAS5odHRwOi8vd2VpeGluLnFxLmNvbS9xLzAyYXFqTk1nblZhQWUxMDAwMDAwNzkAAgTw2ZhbAwQAAAAA',
    'from' => 'oF_mkjnkLwLSfeMxH4p0vGNw2nTE',
    'to' => 'gh_74fc964c4914',
    'time' => '1548211365',
    'type' => 'text',
    'scene' => 'TZHB15367439205704401--10827',
    'redirection' => true,
    'source' => 'subscribe',
    'content' => '首次关注',
  ),
  'module' => 'reply',
  'rule' => '9',
  'priority' => '0',
  'keyword' => 
  array (
    'id' => '116',
    'rid' => '9',
    'uniacid' => '2',
    'module' => 'reply',
    'content' => '首次关注',
    'type' => '1',
    'displayorder' => '0',
    'status' => '1',
    'reply_type' => 
    array (
      0 => 'basic',
    ),
  ),
  'reply_type' => 
  array (
    0 => 'basic',
  ),
)

2019-01-23 10:42:48 response :
------------
Array:
FromUserName : gh_74fc964c4914 ;
ToUserName : oF_mkjnkLwLSfeMxH4p0vGNw2nTE ;
MsgType : text ;
Content : 您好，感谢您关注奔瑞汽车用品！360°汽车服务解决方案提供商。业务领域涵盖高端美容、二手翻新及快速钣喷等，欢迎与我们联系。
您也可以回复以下数字，查看相关信息。
【1】品牌介绍
【2】核心项目
【3】合作支持
【4】产品中心
【5】联系方式
您可以留言或拨打客服热线 4006669243 更多资讯，您可以访问奔瑞官网 www.benrui.cn
意见，建议反馈信息请直接回复，谢谢。 ;

2019-01-23 12:12:55 trace :
------------
String:
<xml><ToUserName><![CDATA[gh_74fc964c4914]]></ToUserName>
<FromUserName><![CDATA[oF_mkjnXrfsTxss8rUtYEZRD911g]]></FromUserName>
<CreateTime>1548216773</CreateTime>
<MsgType><![CDATA[event]]></MsgType>
<Event><![CDATA[SCAN]]></Event>
<EventKey><![CDATA[TZHB15367432744156499--9709]]></EventKey>
<Ticket><![CDATA[gQGO8TwAAAAAAAAAAS5odHRwOi8vd2VpeGluLnFxLmNvbS9xLzAyNzQyaU1RblZhQWUxMDAwME0wN1MAAgRq15hbAwQAAAAA]]></Ticket>
</xml>

2019-01-23 12:12:55 trace :
------------
String:
<xml><ToUserName><![CDATA[gh_74fc964c4914]]></ToUserName>
<FromUserName><![CDATA[oF_mkjnXrfsTxss8rUtYEZRD911g]]></FromUserName>
<CreateTime>1548216775</CreateTime>
<MsgType><![CDATA[event]]></MsgType>
<Event><![CDATA[LOCATION]]></Event>
<Latitude>30.217852</Latitude>
<Longitude>120.266853</Longitude>
<Precision>30.000000</Precision>
</xml>

2019-01-23 12:12:55 params :
------------
String:
array (
  'rule' => -2,
  'module' => '',
  'message' => 
  array (
    'tousername' => 'gh_74fc964c4914',
    'fromusername' => 'oF_mkjnXrfsTxss8rUtYEZRD911g',
    'createtime' => '1548216773',
    'msgtype' => 'event',
    'event' => 'SCAN',
    'eventkey' => 'TZHB15367432744156499--9709',
    'ticket' => 'gQGO8TwAAAAAAAAAAS5odHRwOi8vd2VpeGluLnFxLmNvbS9xLzAyNzQyaU1RblZhQWUxMDAwME0wN1MAAgRq15hbAwQAAAAA',
    'from' => 'oF_mkjnXrfsTxss8rUtYEZRD911g',
    'to' => 'gh_74fc964c4914',
    'time' => '1548216773',
    'type' => 'text',
    'scene' => 'TZHB15367432744156499--9709',
    'redirection' => true,
    'source' => 'qr',
  ),
)

2019-01-23 12:12:55 response :
------------

2019-01-23 12:12:55 params :
------------
String:
array (
  'message' => 
  array (
    'tousername' => 'gh_74fc964c4914',
    'fromusername' => 'oF_mkjnXrfsTxss8rUtYEZRD911g',
    'createtime' => '1548216775',
    'msgtype' => 'event',
    'event' => 'LOCATION',
    'latitude' => '30.217852',
    'longitude' => '120.266853',
    'precision' => '30.000000',
    'from' => 'oF_mkjnXrfsTxss8rUtYEZRD911g',
    'to' => 'gh_74fc964c4914',
    'time' => '1548216775',
    'type' => 'trace',
    'location_x' => '30.217852',
    'location_y' => '120.266853',
  ),
  'module' => 'default',
  'rule' => '-1',
)

2019-01-23 12:12:55 response :
------------
Array:
errno : -1 ;
message : Invaild value ;

2019-01-23 12:13:18 trace :
------------
String:
<xml><ToUserName><![CDATA[gh_74fc964c4914]]></ToUserName>
<FromUserName><![CDATA[oF_mkjnXrfsTxss8rUtYEZRD911g]]></FromUserName>
<CreateTime>1548216797</CreateTime>
<MsgType><![CDATA[event]]></MsgType>
<Event><![CDATA[LOCATION]]></Event>
<Latitude>30.217852</Latitude>
<Longitude>120.266853</Longitude>
<Precision>30.000000</Precision>
</xml>

2019-01-23 12:13:18 params :
------------
String:
array (
  'message' => 
  array (
    'tousername' => 'gh_74fc964c4914',
    'fromusername' => 'oF_mkjnXrfsTxss8rUtYEZRD911g',
    'createtime' => '1548216797',
    'msgtype' => 'event',
    'event' => 'LOCATION',
    'latitude' => '30.217852',
    'longitude' => '120.266853',
    'precision' => '30.000000',
    'from' => 'oF_mkjnXrfsTxss8rUtYEZRD911g',
    'to' => 'gh_74fc964c4914',
    'time' => '1548216797',
    'type' => 'trace',
    'location_x' => '30.217852',
    'location_y' => '120.266853',
  ),
  'module' => 'default',
  'rule' => '-1',
)

2019-01-23 12:13:18 response :
------------
Array:
errno : -1 ;
message : Invaild value ;

2019-01-23 12:51:41 trace :
------------
String:
<xml><ToUserName><![CDATA[gh_74fc964c4914]]></ToUserName>
<FromUserName><![CDATA[oF_mkjuQ6lMQ6oeXKAKKRytOegAA]]></FromUserName>
<CreateTime>1548219100</CreateTime>
<MsgType><![CDATA[event]]></MsgType>
<Event><![CDATA[SCAN]]></Event>
<EventKey><![CDATA[TZHB15367438695583782--10600]]></EventKey>
<Ticket><![CDATA[gQH98TwAAAAAAAAAAS5odHRwOi8vd2VpeGluLnFxLmNvbS9xLzAySWtSRE1SblZhQWUxMDAwME0wN0oAAgS92ZhbAwQAAAAA]]></Ticket>
</xml>

2019-01-23 12:51:41 params :
------------
String:
array (
  'rule' => -2,
  'module' => '',
  'message' => 
  array (
    'tousername' => 'gh_74fc964c4914',
    'fromusername' => 'oF_mkjuQ6lMQ6oeXKAKKRytOegAA',
    'createtime' => '1548219100',
    'msgtype' => 'event',
    'event' => 'SCAN',
    'eventkey' => 'TZHB15367438695583782--10600',
    'ticket' => 'gQH98TwAAAAAAAAAAS5odHRwOi8vd2VpeGluLnFxLmNvbS9xLzAySWtSRE1SblZhQWUxMDAwME0wN0oAAgS92ZhbAwQAAAAA',
    'from' => 'oF_mkjuQ6lMQ6oeXKAKKRytOegAA',
    'to' => 'gh_74fc964c4914',
    'time' => '1548219100',
    'type' => 'text',
    'scene' => 'TZHB15367438695583782--10600',
    'redirection' => true,
    'source' => 'qr',
  ),
)

2019-01-23 12:51:41 response :
------------

2019-01-23 13:21:14 trace :
------------
String:
<xml><ToUserName><![CDATA[gh_74fc964c4914]]></ToUserName>
<FromUserName><![CDATA[oF_mkjvAfsMllQlPQIEGtqZXcuO8]]></FromUserName>
<CreateTime>1548220872</CreateTime>
<MsgType><![CDATA[event]]></MsgType>
<Event><![CDATA[SCAN]]></Event>
<EventKey><![CDATA[TZHB15264357868987125--51]]></EventKey>
<Ticket><![CDATA[gQGm8TwAAAAAAAAAAS5odHRwOi8vd2VpeGluLnFxLmNvbS9xLzAycDhneE0xblZhQWUxMDAwMHcwNzYAAgTKj-taAwQAAAAA]]></Ticket>
</xml>

2019-01-23 13:21:14 params :
------------
String:
array (
  'rule' => -2,
  'module' => '',
  'message' => 
  array (
    'tousername' => 'gh_74fc964c4914',
    'fromusername' => 'oF_mkjvAfsMllQlPQIEGtqZXcuO8',
    'createtime' => '1548220872',
    'msgtype' => 'event',
    'event' => 'SCAN',
    'eventkey' => 'TZHB15264357868987125--51',
    'ticket' => 'gQGm8TwAAAAAAAAAAS5odHRwOi8vd2VpeGluLnFxLmNvbS9xLzAycDhneE0xblZhQWUxMDAwMHcwNzYAAgTKj-taAwQAAAAA',
    'from' => 'oF_mkjvAfsMllQlPQIEGtqZXcuO8',
    'to' => 'gh_74fc964c4914',
    'time' => '1548220872',
    'type' => 'text',
    'scene' => 'TZHB15264357868987125--51',
    'redirection' => true,
    'source' => 'qr',
  ),
)

2019-01-23 13:21:14 response :
------------

2019-01-23 13:21:14 trace :
------------
String:
<xml><ToUserName><![CDATA[gh_74fc964c4914]]></ToUserName>
<FromUserName><![CDATA[oF_mkjvAfsMllQlPQIEGtqZXcuO8]]></FromUserName>
<CreateTime>1548220874</CreateTime>
<MsgType><![CDATA[event]]></MsgType>
<Event><![CDATA[LOCATION]]></Event>
<Latitude>28.219027</Latitude>
<Longitude>112.982651</Longitude>
<Precision>30.000000</Precision>
</xml>

2019-01-23 13:21:14 params :
------------
String:
array (
  'message' => 
  array (
    'tousername' => 'gh_74fc964c4914',
    'fromusername' => 'oF_mkjvAfsMllQlPQIEGtqZXcuO8',
    'createtime' => '1548220874',
    'msgtype' => 'event',
    'event' => 'LOCATION',
    'latitude' => '28.219027',
    'longitude' => '112.982651',
    'precision' => '30.000000',
    'from' => 'oF_mkjvAfsMllQlPQIEGtqZXcuO8',
    'to' => 'gh_74fc964c4914',
    'time' => '1548220874',
    'type' => 'trace',
    'location_x' => '28.219027',
    'location_y' => '112.982651',
  ),
  'module' => 'default',
  'rule' => '-1',
)

2019-01-23 13:21:14 response :
------------
Array:
errno : -1 ;
message : Invaild value ;

2019-01-23 13:21:21 trace :
------------
String:
<xml><ToUserName><![CDATA[gh_74fc964c4914]]></ToUserName>
<FromUserName><![CDATA[oF_mkjvAfsMllQlPQIEGtqZXcuO8]]></FromUserName>
<CreateTime>1548220880</CreateTime>
<MsgType><![CDATA[event]]></MsgType>
<Event><![CDATA[LOCATION]]></Event>
<Latitude>28.219027</Latitude>
<Longitude>112.982651</Longitude>
<Precision>30.000000</Precision>
</xml>

2019-01-23 13:21:21 params :
------------
String:
array (
  'message' => 
  array (
    'tousername' => 'gh_74fc964c4914',
    'fromusername' => 'oF_mkjvAfsMllQlPQIEGtqZXcuO8',
    'createtime' => '1548220880',
    'msgtype' => 'event',
    'event' => 'LOCATION',
    'latitude' => '28.219027',
    'longitude' => '112.982651',
    'precision' => '30.000000',
    'from' => 'oF_mkjvAfsMllQlPQIEGtqZXcuO8',
    'to' => 'gh_74fc964c4914',
    'time' => '1548220880',
    'type' => 'trace',
    'location_x' => '28.219027',
    'location_y' => '112.982651',
  ),
  'module' => 'default',
  'rule' => '-1',
)

2019-01-23 13:21:21 response :
------------
Array:
errno : -1 ;
message : Invaild value ;

2019-01-23 13:41:30 trace :
------------
String:
<xml><ToUserName><![CDATA[gh_74fc964c4914]]></ToUserName>
<FromUserName><![CDATA[oF_mkjlKjjszO7GzXQqLCTjrIOrA]]></FromUserName>
<CreateTime>1548222088</CreateTime>
<MsgType><![CDATA[event]]></MsgType>
<Event><![CDATA[SCAN]]></Event>
<EventKey><![CDATA[TZHB15301483780259549--4243]]></EventKey>
<Ticket><![CDATA[gQFO8DwAAAAAAAAAAS5odHRwOi8vd2VpeGluLnFxLmNvbS9xLzAyWm1SMk1yblZhQWUxMDAwMHcwN1gAAgQaNjRbAwQAAAAA]]></Ticket>
</xml>

2019-01-23 13:41:30 params :
------------
String:
array (
  'rule' => -2,
  'module' => '',
  'message' => 
  array (
    'tousername' => 'gh_74fc964c4914',
    'fromusername' => 'oF_mkjlKjjszO7GzXQqLCTjrIOrA',
    'createtime' => '1548222088',
    'msgtype' => 'event',
    'event' => 'SCAN',
    'eventkey' => 'TZHB15301483780259549--4243',
    'ticket' => 'gQFO8DwAAAAAAAAAAS5odHRwOi8vd2VpeGluLnFxLmNvbS9xLzAyWm1SMk1yblZhQWUxMDAwMHcwN1gAAgQaNjRbAwQAAAAA',
    'from' => 'oF_mkjlKjjszO7GzXQqLCTjrIOrA',
    'to' => 'gh_74fc964c4914',
    'time' => '1548222088',
    'type' => 'text',
    'scene' => 'TZHB15301483780259549--4243',
    'redirection' => true,
    'source' => 'qr',
  ),
)

2019-01-23 13:41:30 response :
------------

2019-01-23 14:32:24 trace :
------------
String:
<xml><ToUserName><![CDATA[gh_74fc964c4914]]></ToUserName>
<FromUserName><![CDATA[oF_mkjrb9PAFqPCmeUuFmsBiyZao]]></FromUserName>
<CreateTime>1548225142</CreateTime>
<MsgType><![CDATA[event]]></MsgType>
<Event><![CDATA[SCAN]]></Event>
<EventKey><![CDATA[TZHB15367433126894939--9882]]></EventKey>
<Ticket><![CDATA[gQER8jwAAAAAAAAAAS5odHRwOi8vd2VpeGluLnFxLmNvbS9xLzAyZWZVTk0yblZhQWUxMDAwMGcwN0cAAgSQ15hbAwQAAAAA]]></Ticket>
</xml>

2019-01-23 14:32:24 params :
------------
String:
array (
  'rule' => -2,
  'module' => '',
  'message' => 
  array (
    'tousername' => 'gh_74fc964c4914',
    'fromusername' => 'oF_mkjrb9PAFqPCmeUuFmsBiyZao',
    'createtime' => '1548225142',
    'msgtype' => 'event',
    'event' => 'SCAN',
    'eventkey' => 'TZHB15367433126894939--9882',
    'ticket' => 'gQER8jwAAAAAAAAAAS5odHRwOi8vd2VpeGluLnFxLmNvbS9xLzAyZWZVTk0yblZhQWUxMDAwMGcwN0cAAgSQ15hbAwQAAAAA',
    'from' => 'oF_mkjrb9PAFqPCmeUuFmsBiyZao',
    'to' => 'gh_74fc964c4914',
    'time' => '1548225142',
    'type' => 'text',
    'scene' => 'TZHB15367433126894939--9882',
    'redirection' => true,
    'source' => 'qr',
  ),
)

2019-01-23 14:32:24 response :
------------

2019-01-23 14:32:25 trace :
------------
String:
<xml><ToUserName><![CDATA[gh_74fc964c4914]]></ToUserName>
<FromUserName><![CDATA[oF_mkjrb9PAFqPCmeUuFmsBiyZao]]></FromUserName>
<CreateTime>1548225145</CreateTime>
<MsgType><![CDATA[event]]></MsgType>
<Event><![CDATA[LOCATION]]></Event>
<Latitude>22.566750</Latitude>
<Longitude>113.848228</Longitude>
<Precision>30.000000</Precision>
</xml>

2019-01-23 14:32:25 params :
------------
String:
array (
  'message' => 
  array (
    'tousername' => 'gh_74fc964c4914',
    'fromusername' => 'oF_mkjrb9PAFqPCmeUuFmsBiyZao',
    'createtime' => '1548225145',
    'msgtype' => 'event',
    'event' => 'LOCATION',
    'latitude' => '22.566750',
    'longitude' => '113.848228',
    'precision' => '30.000000',
    'from' => 'oF_mkjrb9PAFqPCmeUuFmsBiyZao',
    'to' => 'gh_74fc964c4914',
    'time' => '1548225145',
    'type' => 'trace',
    'location_x' => '22.566750',
    'location_y' => '113.848228',
  ),
  'module' => 'default',
  'rule' => '-1',
)

2019-01-23 14:32:25 response :
------------
Array:
errno : -1 ;
message : Invaild value ;

2019-01-23 14:32:31 trace :
------------
String:
<xml><ToUserName><![CDATA[gh_74fc964c4914]]></ToUserName>
<FromUserName><![CDATA[oF_mkjrb9PAFqPCmeUuFmsBiyZao]]></FromUserName>
<CreateTime>1548225150</CreateTime>
<MsgType><![CDATA[event]]></MsgType>
<Event><![CDATA[LOCATION]]></Event>
<Latitude>22.566750</Latitude>
<Longitude>113.848228</Longitude>
<Precision>30.000000</Precision>
</xml>

2019-01-23 14:32:31 params :
------------
String:
array (
  'message' => 
  array (
    'tousername' => 'gh_74fc964c4914',
    'fromusername' => 'oF_mkjrb9PAFqPCmeUuFmsBiyZao',
    'createtime' => '1548225150',
    'msgtype' => 'event',
    'event' => 'LOCATION',
    'latitude' => '22.566750',
    'longitude' => '113.848228',
    'precision' => '30.000000',
    'from' => 'oF_mkjrb9PAFqPCmeUuFmsBiyZao',
    'to' => 'gh_74fc964c4914',
    'time' => '1548225150',
    'type' => 'trace',
    'location_x' => '22.566750',
    'location_y' => '113.848228',
  ),
  'module' => 'default',
  'rule' => '-1',
)

2019-01-23 14:32:31 response :
------------
Array:
errno : -1 ;
message : Invaild value ;

2019-01-23 15:08:14 trace :
------------
String:
<xml><ToUserName><![CDATA[gh_74fc964c4914]]></ToUserName>
<FromUserName><![CDATA[oF_mkjnaHCXBvRXS1hW35dIX7uzI]]></FromUserName>
<CreateTime>1548227292</CreateTime>
<MsgType><![CDATA[event]]></MsgType>
<Event><![CDATA[SCAN]]></Event>
<EventKey><![CDATA[TZHB15367437020898988--10413]]></EventKey>
<Ticket><![CDATA[gQFo8TwAAAAAAAAAAS5odHRwOi8vd2VpeGluLnFxLmNvbS9xLzAyWkN3YU1JblZhQWUxMDAwME0wN2QAAgQW2ZhbAwQAAAAA]]></Ticket>
</xml>

2019-01-23 15:08:14 params :
------------
String:
array (
  'rule' => -2,
  'module' => '',
  'message' => 
  array (
    'tousername' => 'gh_74fc964c4914',
    'fromusername' => 'oF_mkjnaHCXBvRXS1hW35dIX7uzI',
    'createtime' => '1548227292',
    'msgtype' => 'event',
    'event' => 'SCAN',
    'eventkey' => 'TZHB15367437020898988--10413',
    'ticket' => 'gQFo8TwAAAAAAAAAAS5odHRwOi8vd2VpeGluLnFxLmNvbS9xLzAyWkN3YU1JblZhQWUxMDAwME0wN2QAAgQW2ZhbAwQAAAAA',
    'from' => 'oF_mkjnaHCXBvRXS1hW35dIX7uzI',
    'to' => 'gh_74fc964c4914',
    'time' => '1548227292',
    'type' => 'text',
    'scene' => 'TZHB15367437020898988--10413',
    'redirection' => true,
    'source' => 'qr',
  ),
)

2019-01-23 15:08:14 response :
------------

2019-01-23 15:08:14 trace :
------------
String:
<xml><ToUserName><![CDATA[gh_74fc964c4914]]></ToUserName>
<FromUserName><![CDATA[oF_mkjnaHCXBvRXS1hW35dIX7uzI]]></FromUserName>
<CreateTime>1548227294</CreateTime>
<MsgType><![CDATA[event]]></MsgType>
<Event><![CDATA[LOCATION]]></Event>
<Latitude>32.406975</Latitude>
<Longitude>120.557678</Longitude>
<Precision>30.000000</Precision>
</xml>

2019-01-23 15:08:15 params :
------------
String:
array (
  'message' => 
  array (
    'tousername' => 'gh_74fc964c4914',
    'fromusername' => 'oF_mkjnaHCXBvRXS1hW35dIX7uzI',
    'createtime' => '1548227294',
    'msgtype' => 'event',
    'event' => 'LOCATION',
    'latitude' => '32.406975',
    'longitude' => '120.557678',
    'precision' => '30.000000',
    'from' => 'oF_mkjnaHCXBvRXS1hW35dIX7uzI',
    'to' => 'gh_74fc964c4914',
    'time' => '1548227294',
    'type' => 'trace',
    'location_x' => '32.406975',
    'location_y' => '120.557678',
  ),
  'module' => 'default',
  'rule' => '-1',
)

2019-01-23 15:08:15 response :
------------
Array:
errno : -1 ;
message : Invaild value ;

2019-01-23 15:08:21 trace :
------------
String:
<xml><ToUserName><![CDATA[gh_74fc964c4914]]></ToUserName>
<FromUserName><![CDATA[oF_mkjnaHCXBvRXS1hW35dIX7uzI]]></FromUserName>
<CreateTime>1548227300</CreateTime>
<MsgType><![CDATA[event]]></MsgType>
<Event><![CDATA[LOCATION]]></Event>
<Latitude>32.406975</Latitude>
<Longitude>120.557678</Longitude>
<Precision>30.000000</Precision>
</xml>

2019-01-23 15:08:21 params :
------------
String:
array (
  'message' => 
  array (
    'tousername' => 'gh_74fc964c4914',
    'fromusername' => 'oF_mkjnaHCXBvRXS1hW35dIX7uzI',
    'createtime' => '1548227300',
    'msgtype' => 'event',
    'event' => 'LOCATION',
    'latitude' => '32.406975',
    'longitude' => '120.557678',
    'precision' => '30.000000',
    'from' => 'oF_mkjnaHCXBvRXS1hW35dIX7uzI',
    'to' => 'gh_74fc964c4914',
    'time' => '1548227300',
    'type' => 'trace',
    'location_x' => '32.406975',
    'location_y' => '120.557678',
  ),
  'module' => 'default',
  'rule' => '-1',
)

2019-01-23 15:08:21 response :
------------
Array:
errno : -1 ;
message : Invaild value ;

2019-01-23 15:16:04 trace :
------------
String:
<xml><ToUserName><![CDATA[gh_74fc964c4914]]></ToUserName>
<FromUserName><![CDATA[oF_mkjrb9PAFqPCmeUuFmsBiyZao]]></FromUserName>
<CreateTime>1548227762</CreateTime>
<MsgType><![CDATA[event]]></MsgType>
<Event><![CDATA[SCAN]]></Event>
<EventKey><![CDATA[TZHB15367433259516765--9942]]></EventKey>
<Ticket><![CDATA[gQG38TwAAAAAAAAAAS5odHRwOi8vd2VpeGluLnFxLmNvbS9xLzAyVXR5Mk1NblZhQWUxMDAwMGcwN3MAAgSd15hbAwQAAAAA]]></Ticket>
</xml>

2019-01-23 15:16:04 params :
------------
String:
array (
  'rule' => -2,
  'module' => '',
  'message' => 
  array (
    'tousername' => 'gh_74fc964c4914',
    'fromusername' => 'oF_mkjrb9PAFqPCmeUuFmsBiyZao',
    'createtime' => '1548227762',
    'msgtype' => 'event',
    'event' => 'SCAN',
    'eventkey' => 'TZHB15367433259516765--9942',
    'ticket' => 'gQG38TwAAAAAAAAAAS5odHRwOi8vd2VpeGluLnFxLmNvbS9xLzAyVXR5Mk1NblZhQWUxMDAwMGcwN3MAAgSd15hbAwQAAAAA',
    'from' => 'oF_mkjrb9PAFqPCmeUuFmsBiyZao',
    'to' => 'gh_74fc964c4914',
    'time' => '1548227762',
    'type' => 'text',
    'scene' => 'TZHB15367433259516765--9942',
    'redirection' => true,
    'source' => 'qr',
  ),
)

2019-01-23 15:16:04 response :
------------

2019-01-23 15:16:05 trace :
------------
String:
<xml><ToUserName><![CDATA[gh_74fc964c4914]]></ToUserName>
<FromUserName><![CDATA[oF_mkjrb9PAFqPCmeUuFmsBiyZao]]></FromUserName>
<CreateTime>1548227765</CreateTime>
<MsgType><![CDATA[event]]></MsgType>
<Event><![CDATA[LOCATION]]></Event>
<Latitude>22.566946</Latitude>
<Longitude>113.848114</Longitude>
<Precision>30.000000</Precision>
</xml>

2019-01-23 15:16:05 params :
------------
String:
array (
  'message' => 
  array (
    'tousername' => 'gh_74fc964c4914',
    'fromusername' => 'oF_mkjrb9PAFqPCmeUuFmsBiyZao',
    'createtime' => '1548227765',
    'msgtype' => 'event',
    'event' => 'LOCATION',
    'latitude' => '22.566946',
    'longitude' => '113.848114',
    'precision' => '30.000000',
    'from' => 'oF_mkjrb9PAFqPCmeUuFmsBiyZao',
    'to' => 'gh_74fc964c4914',
    'time' => '1548227765',
    'type' => 'trace',
    'location_x' => '22.566946',
    'location_y' => '113.848114',
  ),
  'module' => 'default',
  'rule' => '-1',
)

2019-01-23 15:16:05 response :
------------
Array:
errno : -1 ;
message : Invaild value ;

2019-01-23 15:16:13 trace :
------------
String:
<xml><ToUserName><![CDATA[gh_74fc964c4914]]></ToUserName>
<FromUserName><![CDATA[oF_mkjrb9PAFqPCmeUuFmsBiyZao]]></FromUserName>
<CreateTime>1548227772</CreateTime>
<MsgType><![CDATA[event]]></MsgType>
<Event><![CDATA[LOCATION]]></Event>
<Latitude>22.566946</Latitude>
<Longitude>113.848114</Longitude>
<Precision>30.000000</Precision>
</xml>

2019-01-23 15:16:13 params :
------------
String:
array (
  'message' => 
  array (
    'tousername' => 'gh_74fc964c4914',
    'fromusername' => 'oF_mkjrb9PAFqPCmeUuFmsBiyZao',
    'createtime' => '1548227772',
    'msgtype' => 'event',
    'event' => 'LOCATION',
    'latitude' => '22.566946',
    'longitude' => '113.848114',
    'precision' => '30.000000',
    'from' => 'oF_mkjrb9PAFqPCmeUuFmsBiyZao',
    'to' => 'gh_74fc964c4914',
    'time' => '1548227772',
    'type' => 'trace',
    'location_x' => '22.566946',
    'location_y' => '113.848114',
  ),
  'module' => 'default',
  'rule' => '-1',
)

2019-01-23 15:16:13 response :
------------
Array:
errno : -1 ;
message : Invaild value ;

2019-01-23 15:16:25 trace :
------------
String:
<xml><ToUserName><![CDATA[gh_74fc964c4914]]></ToUserName>
<FromUserName><![CDATA[oF_mkjrb9PAFqPCmeUuFmsBiyZao]]></FromUserName>
<CreateTime>1548227784</CreateTime>
<MsgType><![CDATA[event]]></MsgType>
<Event><![CDATA[LOCATION]]></Event>
<Latitude>22.566734</Latitude>
<Longitude>113.848274</Longitude>
<Precision>30.000000</Precision>
</xml>

2019-01-23 15:16:25 params :
------------
String:
array (
  'message' => 
  array (
    'tousername' => 'gh_74fc964c4914',
    'fromusername' => 'oF_mkjrb9PAFqPCmeUuFmsBiyZao',
    'createtime' => '1548227784',
    'msgtype' => 'event',
    'event' => 'LOCATION',
    'latitude' => '22.566734',
    'longitude' => '113.848274',
    'precision' => '30.000000',
    'from' => 'oF_mkjrb9PAFqPCmeUuFmsBiyZao',
    'to' => 'gh_74fc964c4914',
    'time' => '1548227784',
    'type' => 'trace',
    'location_x' => '22.566734',
    'location_y' => '113.848274',
  ),
  'module' => 'default',
  'rule' => '-1',
)

2019-01-23 15:16:25 response :
------------
Array:
errno : -1 ;
message : Invaild value ;

2019-01-23 16:08:11 trace :
------------
String:
<xml><ToUserName><![CDATA[gh_74fc964c4914]]></ToUserName>
<FromUserName><![CDATA[oF_mkjg6jsvzOKAGJ1XmxBa1hfTQ]]></FromUserName>
<CreateTime>1548230889</CreateTime>
<MsgType><![CDATA[event]]></MsgType>
<Event><![CDATA[SCAN]]></Event>
<EventKey><![CDATA[TZHB15367439539243239--10974]]></EventKey>
<Ticket><![CDATA[gQGt8TwAAAAAAAAAAS5odHRwOi8vd2VpeGluLnFxLmNvbS9xLzAyb01LYU04blZhQWUxMDAwME0wN0EAAgQR2phbAwQAAAAA]]></Ticket>
</xml>

2019-01-23 16:08:11 params :
------------
String:
array (
  'rule' => -2,
  'module' => '',
  'message' => 
  array (
    'tousername' => 'gh_74fc964c4914',
    'fromusername' => 'oF_mkjg6jsvzOKAGJ1XmxBa1hfTQ',
    'createtime' => '1548230889',
    'msgtype' => 'event',
    'event' => 'SCAN',
    'eventkey' => 'TZHB15367439539243239--10974',
    'ticket' => 'gQGt8TwAAAAAAAAAAS5odHRwOi8vd2VpeGluLnFxLmNvbS9xLzAyb01LYU04blZhQWUxMDAwME0wN0EAAgQR2phbAwQAAAAA',
    'from' => 'oF_mkjg6jsvzOKAGJ1XmxBa1hfTQ',
    'to' => 'gh_74fc964c4914',
    'time' => '1548230889',
    'type' => 'text',
    'scene' => 'TZHB15367439539243239--10974',
    'redirection' => true,
    'source' => 'qr',
  ),
)

2019-01-23 16:08:11 response :
------------

2019-01-23 16:20:26 trace :
------------
String:
<xml><ToUserName><![CDATA[gh_74fc964c4914]]></ToUserName>
<FromUserName><![CDATA[oF_mkjk1cDPOUlz0GGJ-QhLfCQfE]]></FromUserName>
<CreateTime>1548231625</CreateTime>
<MsgType><![CDATA[event]]></MsgType>
<Event><![CDATA[SCAN]]></Event>
<EventKey><![CDATA[TZHB15286801396724128--2209]]></EventKey>
<Ticket><![CDATA[gQFl8TwAAAAAAAAAAS5odHRwOi8vd2VpeGluLnFxLmNvbS9xLzAyX0tHV056blZhQWUxMDAwME0wNzMAAgTLzh1bAwQAAAAA]]></Ticket>
</xml>

2019-01-23 16:20:26 params :
------------
String:
array (
  'rule' => -2,
  'module' => '',
  'message' => 
  array (
    'tousername' => 'gh_74fc964c4914',
    'fromusername' => 'oF_mkjk1cDPOUlz0GGJ-QhLfCQfE',
    'createtime' => '1548231625',
    'msgtype' => 'event',
    'event' => 'SCAN',
    'eventkey' => 'TZHB15286801396724128--2209',
    'ticket' => 'gQFl8TwAAAAAAAAAAS5odHRwOi8vd2VpeGluLnFxLmNvbS9xLzAyX0tHV056blZhQWUxMDAwME0wNzMAAgTLzh1bAwQAAAAA',
    'from' => 'oF_mkjk1cDPOUlz0GGJ-QhLfCQfE',
    'to' => 'gh_74fc964c4914',
    'time' => '1548231625',
    'type' => 'text',
    'scene' => 'TZHB15286801396724128--2209',
    'redirection' => true,
    'source' => 'qr',
  ),
)

2019-01-23 16:20:26 response :
------------

2019-01-23 17:42:22 trace :
------------
String:
<xml><ToUserName><![CDATA[gh_74fc964c4914]]></ToUserName>
<FromUserName><![CDATA[oF_mkjlCG4O68So-FxXVtRC2GJV8]]></FromUserName>
<CreateTime>1548236540</CreateTime>
<MsgType><![CDATA[event]]></MsgType>
<Event><![CDATA[SCAN]]></Event>
<EventKey><![CDATA[TZHB15444180325098884--11566]]></EventKey>
<Ticket><![CDATA[gQGY8DwAAAAAAAAAAS5odHRwOi8vd2VpeGluLnFxLmNvbS9xLzAySHNXeU51blZhQWUxMDAwMGcwN24AAgTw8g1cAwQAAAAA]]></Ticket>
</xml>

2019-01-23 17:42:22 params :
------------
String:
array (
  'rule' => -2,
  'module' => '',
  'message' => 
  array (
    'tousername' => 'gh_74fc964c4914',
    'fromusername' => 'oF_mkjlCG4O68So-FxXVtRC2GJV8',
    'createtime' => '1548236540',
    'msgtype' => 'event',
    'event' => 'SCAN',
    'eventkey' => 'TZHB15444180325098884--11566',
    'ticket' => 'gQGY8DwAAAAAAAAAAS5odHRwOi8vd2VpeGluLnFxLmNvbS9xLzAySHNXeU51blZhQWUxMDAwMGcwN24AAgTw8g1cAwQAAAAA',
    'from' => 'oF_mkjlCG4O68So-FxXVtRC2GJV8',
    'to' => 'gh_74fc964c4914',
    'time' => '1548236540',
    'type' => 'text',
    'scene' => 'TZHB15444180325098884--11566',
    'redirection' => true,
    'source' => 'qr',
  ),
)

2019-01-23 17:42:22 response :
------------

2019-01-23 18:22:25 trace :
------------
String:
<xml><ToUserName><![CDATA[gh_74fc964c4914]]></ToUserName>
<FromUserName><![CDATA[oF_mkjuKOLy4piyuk1PpasgzRw_Q]]></FromUserName>
<CreateTime>1548238943</CreateTime>
<MsgType><![CDATA[event]]></MsgType>
<Event><![CDATA[subscribe]]></Event>
<EventKey><![CDATA[qrscene_TZHB15304976950777056--6511]]></EventKey>
<Ticket><![CDATA[gQH98TwAAAAAAAAAAS5odHRwOi8vd2VpeGluLnFxLmNvbS9xLzAyM01YMU1OblZhQWUxMDAwMGcwN0EAAgSfijlbAwQAAAAA]]></Ticket>
</xml>

2019-01-23 18:22:25 params :
------------
String:
array (
  'message' => 
  array (
    'tousername' => 'gh_74fc964c4914',
    'fromusername' => 'oF_mkjuKOLy4piyuk1PpasgzRw_Q',
    'createtime' => '1548238943',
    'msgtype' => 'event',
    'event' => 'subscribe',
    'eventkey' => 'qrscene_TZHB15304976950777056--6511',
    'ticket' => 'gQH98TwAAAAAAAAAAS5odHRwOi8vd2VpeGluLnFxLmNvbS9xLzAyM01YMU1OblZhQWUxMDAwMGcwN0EAAgSfijlbAwQAAAAA',
    'from' => 'oF_mkjuKOLy4piyuk1PpasgzRw_Q',
    'to' => 'gh_74fc964c4914',
    'time' => '1548238943',
    'type' => 'text',
    'scene' => 'TZHB15304976950777056--6511',
    'redirection' => true,
    'source' => 'subscribe',
    'content' => '首次关注',
  ),
  'module' => 'reply',
  'rule' => '9',
  'priority' => '0',
  'keyword' => 
  array (
    'id' => '116',
    'rid' => '9',
    'uniacid' => '2',
    'module' => 'reply',
    'content' => '首次关注',
    'type' => '1',
    'displayorder' => '0',
    'status' => '1',
    'reply_type' => 
    array (
      0 => 'basic',
    ),
  ),
  'reply_type' => 
  array (
    0 => 'basic',
  ),
)

2019-01-23 18:22:25 response :
------------
Array:
FromUserName : gh_74fc964c4914 ;
ToUserName : oF_mkjuKOLy4piyuk1PpasgzRw_Q ;
MsgType : text ;
Content : 您好，感谢您关注奔瑞汽车用品！360°汽车服务解决方案提供商。业务领域涵盖高端美容、二手翻新及快速钣喷等，欢迎与我们联系。
您也可以回复以下数字，查看相关信息。
【1】品牌介绍
【2】核心项目
【3】合作支持
【4】产品中心
【5】联系方式
您可以留言或拨打客服热线 4006669243 更多资讯，您可以访问奔瑞官网 www.benrui.cn
意见，建议反馈信息请直接回复，谢谢。 ;

2019-01-23 18:22:27 trace :
------------
String:
<xml><ToUserName><![CDATA[gh_74fc964c4914]]></ToUserName>
<FromUserName><![CDATA[oF_mkjuKOLy4piyuk1PpasgzRw_Q]]></FromUserName>
<CreateTime>1548238947</CreateTime>
<MsgType><![CDATA[event]]></MsgType>
<Event><![CDATA[LOCATION]]></Event>
<Latitude>36.948681</Latitude>
<Longitude>118.099831</Longitude>
<Precision>65.000000</Precision>
</xml>

2019-01-23 18:22:27 params :
------------
String:
array (
  'message' => 
  array (
    'tousername' => 'gh_74fc964c4914',
    'fromusername' => 'oF_mkjuKOLy4piyuk1PpasgzRw_Q',
    'createtime' => '1548238947',
    'msgtype' => 'event',
    'event' => 'LOCATION',
    'latitude' => '36.948681',
    'longitude' => '118.099831',
    'precision' => '65.000000',
    'from' => 'oF_mkjuKOLy4piyuk1PpasgzRw_Q',
    'to' => 'gh_74fc964c4914',
    'time' => '1548238947',
    'type' => 'trace',
    'location_x' => '36.948681',
    'location_y' => '118.099831',
  ),
  'module' => 'default',
  'rule' => '-1',
)

2019-01-23 18:22:27 response :
------------
Array:
errno : -1 ;
message : Invaild value ;

2019-01-23 18:22:58 trace :
------------
String:
<xml><ToUserName><![CDATA[gh_74fc964c4914]]></ToUserName>
<FromUserName><![CDATA[oF_mkjqrapRi_NkcTrLMjFY37KDg]]></FromUserName>
<CreateTime>1548238977</CreateTime>
<MsgType><![CDATA[event]]></MsgType>
<Event><![CDATA[subscribe]]></Event>
<EventKey><![CDATA[qrscene_TZHB15444181045542872--11991]]></EventKey>
<Ticket><![CDATA[gQG-8DwAAAAAAAAAAS5odHRwOi8vd2VpeGluLnFxLmNvbS9xLzAyQ3g4TU14blZhQWUxMDAwME0wN2EAAgQ48w1cAwQAAAAA]]></Ticket>
</xml>

2019-01-23 18:22:59 params :
------------
String:
array (
  'message' => 
  array (
    'tousername' => 'gh_74fc964c4914',
    'fromusername' => 'oF_mkjqrapRi_NkcTrLMjFY37KDg',
    'createtime' => '1548238977',
    'msgtype' => 'event',
    'event' => 'subscribe',
    'eventkey' => 'qrscene_TZHB15444181045542872--11991',
    'ticket' => 'gQG-8DwAAAAAAAAAAS5odHRwOi8vd2VpeGluLnFxLmNvbS9xLzAyQ3g4TU14blZhQWUxMDAwME0wN2EAAgQ48w1cAwQAAAAA',
    'from' => 'oF_mkjqrapRi_NkcTrLMjFY37KDg',
    'to' => 'gh_74fc964c4914',
    'time' => '1548238977',
    'type' => 'text',
    'scene' => 'TZHB15444181045542872--11991',
    'redirection' => true,
    'source' => 'subscribe',
    'content' => '首次关注',
  ),
  'module' => 'reply',
  'rule' => '9',
  'priority' => '0',
  'keyword' => 
  array (
    'id' => '116',
    'rid' => '9',
    'uniacid' => '2',
    'module' => 'reply',
    'content' => '首次关注',
    'type' => '1',
    'displayorder' => '0',
    'status' => '1',
    'reply_type' => 
    array (
      0 => 'basic',
    ),
  ),
  'reply_type' => 
  array (
    0 => 'basic',
  ),
)

2019-01-23 18:22:59 response :
------------
Array:
FromUserName : gh_74fc964c4914 ;
ToUserName : oF_mkjqrapRi_NkcTrLMjFY37KDg ;
MsgType : text ;
Content : 您好，感谢您关注奔瑞汽车用品！360°汽车服务解决方案提供商。业务领域涵盖高端美容、二手翻新及快速钣喷等，欢迎与我们联系。
您也可以回复以下数字，查看相关信息。
【1】品牌介绍
【2】核心项目
【3】合作支持
【4】产品中心
【5】联系方式
您可以留言或拨打客服热线 4006669243 更多资讯，您可以访问奔瑞官网 www.benrui.cn
意见，建议反馈信息请直接回复，谢谢。 ;

2019-01-23 18:23:44 trace :
------------
String:
<xml><ToUserName><![CDATA[gh_74fc964c4914]]></ToUserName>
<FromUserName><![CDATA[oF_mkjqrapRi_NkcTrLMjFY37KDg]]></FromUserName>
<CreateTime>1548239022</CreateTime>
<MsgType><![CDATA[event]]></MsgType>
<Event><![CDATA[SCAN]]></Event>
<EventKey><![CDATA[TZHB15444181291674351--12145]]></EventKey>
<Ticket><![CDATA[gQGU8DwAAAAAAAAAAS5odHRwOi8vd2VpeGluLnFxLmNvbS9xLzAyUDFIdk1tblZhQWUxMDAwMHcwN1UAAgRR8w1cAwQAAAAA]]></Ticket>
</xml>

2019-01-23 18:23:44 params :
------------
String:
array (
  'rule' => -2,
  'module' => '',
  'message' => 
  array (
    'tousername' => 'gh_74fc964c4914',
    'fromusername' => 'oF_mkjqrapRi_NkcTrLMjFY37KDg',
    'createtime' => '1548239022',
    'msgtype' => 'event',
    'event' => 'SCAN',
    'eventkey' => 'TZHB15444181291674351--12145',
    'ticket' => 'gQGU8DwAAAAAAAAAAS5odHRwOi8vd2VpeGluLnFxLmNvbS9xLzAyUDFIdk1tblZhQWUxMDAwMHcwN1UAAgRR8w1cAwQAAAAA',
    'from' => 'oF_mkjqrapRi_NkcTrLMjFY37KDg',
    'to' => 'gh_74fc964c4914',
    'time' => '1548239022',
    'type' => 'text',
    'scene' => 'TZHB15444181291674351--12145',
    'redirection' => true,
    'source' => 'qr',
  ),
)

2019-01-23 18:23:44 response :
------------

2019-01-23 18:24:22 trace :
------------
String:
<xml><ToUserName><![CDATA[gh_74fc964c4914]]></ToUserName>
<FromUserName><![CDATA[oF_mkjvIQMkgOCN440mGneHXbMqk]]></FromUserName>
<CreateTime>1548239062</CreateTime>
<MsgType><![CDATA[event]]></MsgType>
<Event><![CDATA[subscribe]]></Event>
<EventKey><![CDATA[qrscene_TZHB15444181291674351--12145]]></EventKey>
<Ticket><![CDATA[gQGU8DwAAAAAAAAAAS5odHRwOi8vd2VpeGluLnFxLmNvbS9xLzAyUDFIdk1tblZhQWUxMDAwMHcwN1UAAgRR8w1cAwQAAAAA]]></Ticket>
</xml>

2019-01-23 18:24:23 params :
------------
String:
array (
  'message' => 
  array (
    'tousername' => 'gh_74fc964c4914',
    'fromusername' => 'oF_mkjvIQMkgOCN440mGneHXbMqk',
    'createtime' => '1548239062',
    'msgtype' => 'event',
    'event' => 'subscribe',
    'eventkey' => 'qrscene_TZHB15444181291674351--12145',
    'ticket' => 'gQGU8DwAAAAAAAAAAS5odHRwOi8vd2VpeGluLnFxLmNvbS9xLzAyUDFIdk1tblZhQWUxMDAwMHcwN1UAAgRR8w1cAwQAAAAA',
    'from' => 'oF_mkjvIQMkgOCN440mGneHXbMqk',
    'to' => 'gh_74fc964c4914',
    'time' => '1548239062',
    'type' => 'text',
    'scene' => 'TZHB15444181291674351--12145',
    'redirection' => true,
    'source' => 'subscribe',
    'content' => '首次关注',
  ),
  'module' => 'reply',
  'rule' => '9',
  'priority' => '0',
  'keyword' => 
  array (
    'id' => '116',
    'rid' => '9',
    'uniacid' => '2',
    'module' => 'reply',
    'content' => '首次关注',
    'type' => '1',
    'displayorder' => '0',
    'status' => '1',
    'reply_type' => 
    array (
      0 => 'basic',
    ),
  ),
  'reply_type' => 
  array (
    0 => 'basic',
  ),
)

2019-01-23 18:24:23 response :
------------
Array:
FromUserName : gh_74fc964c4914 ;
ToUserName : oF_mkjvIQMkgOCN440mGneHXbMqk ;
MsgType : text ;
Content : 您好，感谢您关注奔瑞汽车用品！360°汽车服务解决方案提供商。业务领域涵盖高端美容、二手翻新及快速钣喷等，欢迎与我们联系。
您也可以回复以下数字，查看相关信息。
【1】品牌介绍
【2】核心项目
【3】合作支持
【4】产品中心
【5】联系方式
您可以留言或拨打客服热线 4006669243 更多资讯，您可以访问奔瑞官网 www.benrui.cn
意见，建议反馈信息请直接回复，谢谢。 ;

2019-01-23 18:38:39 trace :
------------
String:
<xml><ToUserName><![CDATA[gh_74fc964c4914]]></ToUserName>
<FromUserName><![CDATA[oF_mkjuMe7Hsrl6IuiiZJ5Lp9ha8]]></FromUserName>
<CreateTime>1548239919</CreateTime>
<MsgType><![CDATA[event]]></MsgType>
<Event><![CDATA[SCAN]]></Event>
<EventKey><![CDATA[TZHB15444181045542872--11991]]></EventKey>
<Ticket><![CDATA[gQG-8DwAAAAAAAAAAS5odHRwOi8vd2VpeGluLnFxLmNvbS9xLzAyQ3g4TU14blZhQWUxMDAwME0wN2EAAgQ48w1cAwQAAAAA]]></Ticket>
</xml>

2019-01-23 18:38:39 params :
------------
String:
array (
  'rule' => -2,
  'module' => '',
  'message' => 
  array (
    'tousername' => 'gh_74fc964c4914',
    'fromusername' => 'oF_mkjuMe7Hsrl6IuiiZJ5Lp9ha8',
    'createtime' => '1548239919',
    'msgtype' => 'event',
    'event' => 'SCAN',
    'eventkey' => 'TZHB15444181045542872--11991',
    'ticket' => 'gQG-8DwAAAAAAAAAAS5odHRwOi8vd2VpeGluLnFxLmNvbS9xLzAyQ3g4TU14blZhQWUxMDAwME0wN2EAAgQ48w1cAwQAAAAA',
    'from' => 'oF_mkjuMe7Hsrl6IuiiZJ5Lp9ha8',
    'to' => 'gh_74fc964c4914',
    'time' => '1548239919',
    'type' => 'text',
    'scene' => 'TZHB15444181045542872--11991',
    'redirection' => true,
    'source' => 'qr',
  ),
)

2019-01-23 18:38:39 response :
------------

2019-01-23 18:49:41 trace :
------------
String:
<xml><ToUserName><![CDATA[gh_74fc964c4914]]></ToUserName>
<FromUserName><![CDATA[oF_mkjt9EdkJ3LkBYVRqmv9MPTDA]]></FromUserName>
<CreateTime>1548240580</CreateTime>
<MsgType><![CDATA[event]]></MsgType>
<Event><![CDATA[SCAN]]></Event>
<EventKey><![CDATA[TZHB15301486068532747--5424]]></EventKey>
<Ticket><![CDATA[gQFt8DwAAAAAAAAAAS5odHRwOi8vd2VpeGluLnFxLmNvbS9xLzAyZGhaNE5qblZhQWUxMDAwMHcwN00AAgT_NjRbAwQAAAAA]]></Ticket>
</xml>

2019-01-23 18:49:41 params :
------------
String:
array (
  'rule' => -2,
  'module' => '',
  'message' => 
  array (
    'tousername' => 'gh_74fc964c4914',
    'fromusername' => 'oF_mkjt9EdkJ3LkBYVRqmv9MPTDA',
    'createtime' => '1548240580',
    'msgtype' => 'event',
    'event' => 'SCAN',
    'eventkey' => 'TZHB15301486068532747--5424',
    'ticket' => 'gQFt8DwAAAAAAAAAAS5odHRwOi8vd2VpeGluLnFxLmNvbS9xLzAyZGhaNE5qblZhQWUxMDAwMHcwN00AAgT_NjRbAwQAAAAA',
    'from' => 'oF_mkjt9EdkJ3LkBYVRqmv9MPTDA',
    'to' => 'gh_74fc964c4914',
    'time' => '1548240580',
    'type' => 'text',
    'scene' => 'TZHB15301486068532747--5424',
    'redirection' => true,
    'source' => 'qr',
  ),
)

2019-01-23 18:49:41 response :
------------

2019-01-23 18:50:00 trace :
------------
String:
<xml><ToUserName><![CDATA[gh_74fc964c4914]]></ToUserName>
<FromUserName><![CDATA[oF_mkjt9EdkJ3LkBYVRqmv9MPTDA]]></FromUserName>
<CreateTime>1548240599</CreateTime>
<MsgType><![CDATA[event]]></MsgType>
<Event><![CDATA[SCAN]]></Event>
<EventKey><![CDATA[TZHB15301486068532747--5424]]></EventKey>
<Ticket><![CDATA[gQFt8DwAAAAAAAAAAS5odHRwOi8vd2VpeGluLnFxLmNvbS9xLzAyZGhaNE5qblZhQWUxMDAwMHcwN00AAgT_NjRbAwQAAAAA]]></Ticket>
</xml>

2019-01-23 18:50:00 params :
------------
String:
array (
  'rule' => -2,
  'module' => '',
  'message' => 
  array (
    'tousername' => 'gh_74fc964c4914',
    'fromusername' => 'oF_mkjt9EdkJ3LkBYVRqmv9MPTDA',
    'createtime' => '1548240599',
    'msgtype' => 'event',
    'event' => 'SCAN',
    'eventkey' => 'TZHB15301486068532747--5424',
    'ticket' => 'gQFt8DwAAAAAAAAAAS5odHRwOi8vd2VpeGluLnFxLmNvbS9xLzAyZGhaNE5qblZhQWUxMDAwMHcwN00AAgT_NjRbAwQAAAAA',
    'from' => 'oF_mkjt9EdkJ3LkBYVRqmv9MPTDA',
    'to' => 'gh_74fc964c4914',
    'time' => '1548240599',
    'type' => 'text',
    'scene' => 'TZHB15301486068532747--5424',
    'redirection' => true,
    'source' => 'qr',
  ),
)

2019-01-23 18:50:00 response :
------------

2019-01-23 18:53:46 trace :
------------
String:
<xml><ToUserName><![CDATA[gh_74fc964c4914]]></ToUserName>
<FromUserName><![CDATA[oF_mkjv7E-pNBFH8DhkYIQiI1knM]]></FromUserName>
<CreateTime>1548240824</CreateTime>
<MsgType><![CDATA[event]]></MsgType>
<Event><![CDATA[SCAN]]></Event>
<EventKey><![CDATA[TZHB15304979242849653--7033]]></EventKey>
<Ticket><![CDATA[gQG58TwAAAAAAAAAAS5odHRwOi8vd2VpeGluLnFxLmNvbS9xLzAyRjRLeE1kblZhQWUxMDAwME0wN28AAgSEizlbAwQAAAAA]]></Ticket>
</xml>

2019-01-23 18:53:46 params :
------------
String:
array (
  'rule' => -2,
  'module' => '',
  'message' => 
  array (
    'tousername' => 'gh_74fc964c4914',
    'fromusername' => 'oF_mkjv7E-pNBFH8DhkYIQiI1knM',
    'createtime' => '1548240824',
    'msgtype' => 'event',
    'event' => 'SCAN',
    'eventkey' => 'TZHB15304979242849653--7033',
    'ticket' => 'gQG58TwAAAAAAAAAAS5odHRwOi8vd2VpeGluLnFxLmNvbS9xLzAyRjRLeE1kblZhQWUxMDAwME0wN28AAgSEizlbAwQAAAAA',
    'from' => 'oF_mkjv7E-pNBFH8DhkYIQiI1knM',
    'to' => 'gh_74fc964c4914',
    'time' => '1548240824',
    'type' => 'text',
    'scene' => 'TZHB15304979242849653--7033',
    'redirection' => true,
    'source' => 'qr',
  ),
)

2019-01-23 18:53:46 response :
------------

2019-01-23 19:00:06 trace :
------------
String:
<xml><ToUserName><![CDATA[gh_74fc964c4914]]></ToUserName>
<FromUserName><![CDATA[oF_mkjtV0hfkjnL3Kv6ne9gyR3UA]]></FromUserName>
<CreateTime>1548241205</CreateTime>
<MsgType><![CDATA[event]]></MsgType>
<Event><![CDATA[SCAN]]></Event>
<EventKey><![CDATA[TZHB15304979242849653--7033]]></EventKey>
<Ticket><![CDATA[gQG58TwAAAAAAAAAAS5odHRwOi8vd2VpeGluLnFxLmNvbS9xLzAyRjRLeE1kblZhQWUxMDAwME0wN28AAgSEizlbAwQAAAAA]]></Ticket>
</xml>

2019-01-23 19:00:06 params :
------------
String:
array (
  'rule' => -2,
  'module' => '',
  'message' => 
  array (
    'tousername' => 'gh_74fc964c4914',
    'fromusername' => 'oF_mkjtV0hfkjnL3Kv6ne9gyR3UA',
    'createtime' => '1548241205',
    'msgtype' => 'event',
    'event' => 'SCAN',
    'eventkey' => 'TZHB15304979242849653--7033',
    'ticket' => 'gQG58TwAAAAAAAAAAS5odHRwOi8vd2VpeGluLnFxLmNvbS9xLzAyRjRLeE1kblZhQWUxMDAwME0wN28AAgSEizlbAwQAAAAA',
    'from' => 'oF_mkjtV0hfkjnL3Kv6ne9gyR3UA',
    'to' => 'gh_74fc964c4914',
    'time' => '1548241205',
    'type' => 'text',
    'scene' => 'TZHB15304979242849653--7033',
    'redirection' => true,
    'source' => 'qr',
  ),
)

2019-01-23 19:00:06 response :
------------

2019-01-23 19:00:28 trace :
------------
String:
<xml><ToUserName><![CDATA[gh_74fc964c4914]]></ToUserName>
<FromUserName><![CDATA[oF_mkjtV0hfkjnL3Kv6ne9gyR3UA]]></FromUserName>
<CreateTime>1548241227</CreateTime>
<MsgType><![CDATA[event]]></MsgType>
<Event><![CDATA[SCAN]]></Event>
<EventKey><![CDATA[TZHB15304979242849653--7033]]></EventKey>
<Ticket><![CDATA[gQG58TwAAAAAAAAAAS5odHRwOi8vd2VpeGluLnFxLmNvbS9xLzAyRjRLeE1kblZhQWUxMDAwME0wN28AAgSEizlbAwQAAAAA]]></Ticket>
</xml>

2019-01-23 19:00:28 params :
------------
String:
array (
  'rule' => -2,
  'module' => '',
  'message' => 
  array (
    'tousername' => 'gh_74fc964c4914',
    'fromusername' => 'oF_mkjtV0hfkjnL3Kv6ne9gyR3UA',
    'createtime' => '1548241227',
    'msgtype' => 'event',
    'event' => 'SCAN',
    'eventkey' => 'TZHB15304979242849653--7033',
    'ticket' => 'gQG58TwAAAAAAAAAAS5odHRwOi8vd2VpeGluLnFxLmNvbS9xLzAyRjRLeE1kblZhQWUxMDAwME0wN28AAgSEizlbAwQAAAAA',
    'from' => 'oF_mkjtV0hfkjnL3Kv6ne9gyR3UA',
    'to' => 'gh_74fc964c4914',
    'time' => '1548241227',
    'type' => 'text',
    'scene' => 'TZHB15304979242849653--7033',
    'redirection' => true,
    'source' => 'qr',
  ),
)

2019-01-23 19:00:28 response :
------------

2019-01-23 20:08:08 trace :
------------
String:
<xml><ToUserName><![CDATA[gh_74fc964c4914]]></ToUserName>
<FromUserName><![CDATA[oF_mkjsP4MhfFc3zeI-N-Jjgjdng]]></FromUserName>
<CreateTime>1548245288</CreateTime>
<MsgType><![CDATA[event]]></MsgType>
<Event><![CDATA[LOCATION]]></Event>
<Latitude>22.870638</Latitude>
<Longitude>113.199104</Longitude>
<Precision>65.000000</Precision>
</xml>

2019-01-23 20:08:08 params :
------------
String:
array (
  'message' => 
  array (
    'tousername' => 'gh_74fc964c4914',
    'fromusername' => 'oF_mkjsP4MhfFc3zeI-N-Jjgjdng',
    'createtime' => '1548245288',
    'msgtype' => 'event',
    'event' => 'LOCATION',
    'latitude' => '22.870638',
    'longitude' => '113.199104',
    'precision' => '65.000000',
    'from' => 'oF_mkjsP4MhfFc3zeI-N-Jjgjdng',
    'to' => 'gh_74fc964c4914',
    'time' => '1548245288',
    'type' => 'trace',
    'location_x' => '22.870638',
    'location_y' => '113.199104',
  ),
  'module' => 'default',
  'rule' => '-1',
)

2019-01-23 20:08:08 response :
------------
Array:
errno : -1 ;
message : Invaild value ;

2019-01-23 20:08:09 trace :
------------
String:
<xml><ToUserName><![CDATA[gh_74fc964c4914]]></ToUserName>
<FromUserName><![CDATA[oF_mkjsP4MhfFc3zeI-N-Jjgjdng]]></FromUserName>
<CreateTime>1548245289</CreateTime>
<MsgType><![CDATA[event]]></MsgType>
<Event><![CDATA[LOCATION]]></Event>
<Latitude>22.870590</Latitude>
<Longitude>113.199219</Longitude>
<Precision>65.000000</Precision>
</xml>

2019-01-23 20:08:09 trace :
------------
String:
<xml><ToUserName><![CDATA[gh_74fc964c4914]]></ToUserName>
<FromUserName><![CDATA[oF_mkjsP4MhfFc3zeI-N-Jjgjdng]]></FromUserName>
<CreateTime>1548245287</CreateTime>
<MsgType><![CDATA[event]]></MsgType>
<Event><![CDATA[SCAN]]></Event>
<EventKey><![CDATA[TZHB15367432907442442--9783]]></EventKey>
<Ticket><![CDATA[gQFK8TwAAAAAAAAAAS5odHRwOi8vd2VpeGluLnFxLmNvbS9xLzAyTkY3M01XblZhQWUxMDAwMHcwN18AAgR615hbAwQAAAAA]]></Ticket>
</xml>

2019-01-23 20:08:09 params :
------------
String:
array (
  'message' => 
  array (
    'tousername' => 'gh_74fc964c4914',
    'fromusername' => 'oF_mkjsP4MhfFc3zeI-N-Jjgjdng',
    'createtime' => '1548245289',
    'msgtype' => 'event',
    'event' => 'LOCATION',
    'latitude' => '22.870590',
    'longitude' => '113.199219',
    'precision' => '65.000000',
    'from' => 'oF_mkjsP4MhfFc3zeI-N-Jjgjdng',
    'to' => 'gh_74fc964c4914',
    'time' => '1548245289',
    'type' => 'trace',
    'location_x' => '22.870590',
    'location_y' => '113.199219',
  ),
  'module' => 'default',
  'rule' => '-1',
)

2019-01-23 20:08:09 response :
------------
Array:
errno : -1 ;
message : Invaild value ;

2019-01-23 20:08:09 params :
------------
String:
array (
  'rule' => -2,
  'module' => '',
  'message' => 
  array (
    'tousername' => 'gh_74fc964c4914',
    'fromusername' => 'oF_mkjsP4MhfFc3zeI-N-Jjgjdng',
    'createtime' => '1548245287',
    'msgtype' => 'event',
    'event' => 'SCAN',
    'eventkey' => 'TZHB15367432907442442--9783',
    'ticket' => 'gQFK8TwAAAAAAAAAAS5odHRwOi8vd2VpeGluLnFxLmNvbS9xLzAyTkY3M01XblZhQWUxMDAwMHcwN18AAgR615hbAwQAAAAA',
    'from' => 'oF_mkjsP4MhfFc3zeI-N-Jjgjdng',
    'to' => 'gh_74fc964c4914',
    'time' => '1548245287',
    'type' => 'text',
    'scene' => 'TZHB15367432907442442--9783',
    'redirection' => true,
    'source' => 'qr',
  ),
)

2019-01-23 20:08:09 response :
------------

2019-01-23 21:16:59 trace :
------------
String:
<xml><ToUserName><![CDATA[gh_74fc964c4914]]></ToUserName>
<FromUserName><![CDATA[oF_mkjjQXZdj9wDT3OfltUDTbIUc]]></FromUserName>
<CreateTime>1548249418</CreateTime>
<MsgType><![CDATA[event]]></MsgType>
<Event><![CDATA[SCAN]]></Event>
<EventKey><![CDATA[TZHB15367432969559834--9811]]></EventKey>
<Ticket><![CDATA[gQFd8jwAAAAAAAAAAS5odHRwOi8vd2VpeGluLnFxLmNvbS9xLzAyOENQR01lblZhQWUxMDAwME0wN00AAgSB15hbAwQAAAAA]]></Ticket>
</xml>

2019-01-23 21:16:59 params :
------------
String:
array (
  'rule' => -2,
  'module' => '',
  'message' => 
  array (
    'tousername' => 'gh_74fc964c4914',
    'fromusername' => 'oF_mkjjQXZdj9wDT3OfltUDTbIUc',
    'createtime' => '1548249418',
    'msgtype' => 'event',
    'event' => 'SCAN',
    'eventkey' => 'TZHB15367432969559834--9811',
    'ticket' => 'gQFd8jwAAAAAAAAAAS5odHRwOi8vd2VpeGluLnFxLmNvbS9xLzAyOENQR01lblZhQWUxMDAwME0wN00AAgSB15hbAwQAAAAA',
    'from' => 'oF_mkjjQXZdj9wDT3OfltUDTbIUc',
    'to' => 'gh_74fc964c4914',
    'time' => '1548249418',
    'type' => 'text',
    'scene' => 'TZHB15367432969559834--9811',
    'redirection' => true,
    'source' => 'qr',
  ),
)

2019-01-23 21:16:59 response :
------------

2019-01-23 21:26:54 trace :
------------
String:
<xml><ToUserName><![CDATA[gh_74fc964c4914]]></ToUserName>
<FromUserName><![CDATA[oF_mkjpWkQys1Fyqsn2dqdETR4gg]]></FromUserName>
<CreateTime>1548250013</CreateTime>
<MsgType><![CDATA[event]]></MsgType>
<Event><![CDATA[subscribe]]></Event>
<EventKey><![CDATA[qrscene_TZHB15264358653019869--411]]></EventKey>
<Ticket><![CDATA[gQF28TwAAAAAAAAAAS5odHRwOi8vd2VpeGluLnFxLmNvbS9xLzAyWkFpa05WblZhQWUxMDAwME0wNzIAAgQZkPtaAwQAAAAA]]></Ticket>
</xml>

2019-01-23 21:26:55 params :
------------
String:
array (
  'message' => 
  array (
    'tousername' => 'gh_74fc964c4914',
    'fromusername' => 'oF_mkjpWkQys1Fyqsn2dqdETR4gg',
    'createtime' => '1548250013',
    'msgtype' => 'event',
    'event' => 'subscribe',
    'eventkey' => 'qrscene_TZHB15264358653019869--411',
    'ticket' => 'gQF28TwAAAAAAAAAAS5odHRwOi8vd2VpeGluLnFxLmNvbS9xLzAyWkFpa05WblZhQWUxMDAwME0wNzIAAgQZkPtaAwQAAAAA',
    'from' => 'oF_mkjpWkQys1Fyqsn2dqdETR4gg',
    'to' => 'gh_74fc964c4914',
    'time' => '1548250013',
    'type' => 'text',
    'scene' => 'TZHB15264358653019869--411',
    'redirection' => true,
    'source' => 'subscribe',
    'content' => '首次关注',
  ),
  'module' => 'reply',
  'rule' => '9',
  'priority' => '0',
  'keyword' => 
  array (
    'id' => '116',
    'rid' => '9',
    'uniacid' => '2',
    'module' => 'reply',
    'content' => '首次关注',
    'type' => '1',
    'displayorder' => '0',
    'status' => '1',
    'reply_type' => 
    array (
      0 => 'basic',
    ),
  ),
  'reply_type' => 
  array (
    0 => 'basic',
  ),
)

2019-01-23 21:26:55 response :
------------
Array:
FromUserName : gh_74fc964c4914 ;
ToUserName : oF_mkjpWkQys1Fyqsn2dqdETR4gg ;
MsgType : text ;
Content : 您好，感谢您关注奔瑞汽车用品！360°汽车服务解决方案提供商。业务领域涵盖高端美容、二手翻新及快速钣喷等，欢迎与我们联系。
您也可以回复以下数字，查看相关信息。
【1】品牌介绍
【2】核心项目
【3】合作支持
【4】产品中心
【5】联系方式
您可以留言或拨打客服热线 4006669243 更多资讯，您可以访问奔瑞官网 www.benrui.cn
意见，建议反馈信息请直接回复，谢谢。 ;

2019-01-23 21:42:03 trace :
------------
String:
<xml><ToUserName><![CDATA[gh_74fc964c4914]]></ToUserName>
<FromUserName><![CDATA[oF_mkjjzfcgj7z1SvGqz4r7sukmA]]></FromUserName>
<CreateTime>1548250921</CreateTime>
<MsgType><![CDATA[event]]></MsgType>
<Event><![CDATA[subscribe]]></Event>
<EventKey><![CDATA[qrscene_TZHB15301483509005172--4120]]></EventKey>
<Ticket><![CDATA[gQGb8DwAAAAAAAAAAS5odHRwOi8vd2VpeGluLnFxLmNvbS9xLzAyWjJtT054blZhQWUxMDAwMGcwNzQAAgT_NTRbAwQAAAAA]]></Ticket>
</xml>

2019-01-23 21:42:03 params :
------------
String:
array (
  'message' => 
  array (
    'tousername' => 'gh_74fc964c4914',
    'fromusername' => 'oF_mkjjzfcgj7z1SvGqz4r7sukmA',
    'createtime' => '1548250921',
    'msgtype' => 'event',
    'event' => 'subscribe',
    'eventkey' => 'qrscene_TZHB15301483509005172--4120',
    'ticket' => 'gQGb8DwAAAAAAAAAAS5odHRwOi8vd2VpeGluLnFxLmNvbS9xLzAyWjJtT054blZhQWUxMDAwMGcwNzQAAgT_NTRbAwQAAAAA',
    'from' => 'oF_mkjjzfcgj7z1SvGqz4r7sukmA',
    'to' => 'gh_74fc964c4914',
    'time' => '1548250921',
    'type' => 'text',
    'scene' => 'TZHB15301483509005172--4120',
    'redirection' => true,
    'source' => 'subscribe',
    'content' => '首次关注',
  ),
  'module' => 'reply',
  'rule' => '9',
  'priority' => '0',
  'keyword' => 
  array (
    'id' => '116',
    'rid' => '9',
    'uniacid' => '2',
    'module' => 'reply',
    'content' => '首次关注',
    'type' => '1',
    'displayorder' => '0',
    'status' => '1',
    'reply_type' => 
    array (
      0 => 'basic',
    ),
  ),
  'reply_type' => 
  array (
    0 => 'basic',
  ),
)

2019-01-23 21:42:03 response :
------------
Array:
FromUserName : gh_74fc964c4914 ;
ToUserName : oF_mkjjzfcgj7z1SvGqz4r7sukmA ;
MsgType : text ;
Content : 您好，感谢您关注奔瑞汽车用品！360°汽车服务解决方案提供商。业务领域涵盖高端美容、二手翻新及快速钣喷等，欢迎与我们联系。
您也可以回复以下数字，查看相关信息。
【1】品牌介绍
【2】核心项目
【3】合作支持
【4】产品中心
【5】联系方式
您可以留言或拨打客服热线 4006669243 更多资讯，您可以访问奔瑞官网 www.benrui.cn
意见，建议反馈信息请直接回复，谢谢。 ;

2019-01-23 22:27:54 trace :
------------
String:
<xml><ToUserName><![CDATA[gh_74fc964c4914]]></ToUserName>
<FromUserName><![CDATA[oF_mkjnzqppG6Tl3PAxkzPvu6M8I]]></FromUserName>
<CreateTime>1548253673</CreateTime>
<MsgType><![CDATA[event]]></MsgType>
<Event><![CDATA[SCAN]]></Event>
<EventKey><![CDATA[TZHB15264357936921658--82]]></EventKey>
<Ticket><![CDATA[gQHY8TwAAAAAAAAAAS5odHRwOi8vd2VpeGluLnFxLmNvbS9xLzAyUVBLR011blZhQWUxMDAwMDAwN1QAAgTRj-taAwQAAAAA]]></Ticket>
</xml>

2019-01-23 22:27:54 params :
------------
String:
array (
  'rule' => -2,
  'module' => '',
  'message' => 
  array (
    'tousername' => 'gh_74fc964c4914',
    'fromusername' => 'oF_mkjnzqppG6Tl3PAxkzPvu6M8I',
    'createtime' => '1548253673',
    'msgtype' => 'event',
    'event' => 'SCAN',
    'eventkey' => 'TZHB15264357936921658--82',
    'ticket' => 'gQHY8TwAAAAAAAAAAS5odHRwOi8vd2VpeGluLnFxLmNvbS9xLzAyUVBLR011blZhQWUxMDAwMDAwN1QAAgTRj-taAwQAAAAA',
    'from' => 'oF_mkjnzqppG6Tl3PAxkzPvu6M8I',
    'to' => 'gh_74fc964c4914',
    'time' => '1548253673',
    'type' => 'text',
    'scene' => 'TZHB15264357936921658--82',
    'redirection' => true,
    'source' => 'qr',
  ),
)

2019-01-23 22:27:54 response :
------------

2019-01-23 22:56:28 trace :
------------
String:
<xml><ToUserName><![CDATA[gh_74fc964c4914]]></ToUserName>
<FromUserName><![CDATA[oF_mkjsP4MhfFc3zeI-N-Jjgjdng]]></FromUserName>
<CreateTime>1548255388</CreateTime>
<MsgType><![CDATA[event]]></MsgType>
<Event><![CDATA[LOCATION]]></Event>
<Latitude>22.870560</Latitude>
<Longitude>113.199219</Longitude>
<Precision>65.000000</Precision>
</xml>

2019-01-23 22:56:28 params :
------------
String:
array (
  'message' => 
  array (
    'tousername' => 'gh_74fc964c4914',
    'fromusername' => 'oF_mkjsP4MhfFc3zeI-N-Jjgjdng',
    'createtime' => '1548255388',
    'msgtype' => 'event',
    'event' => 'LOCATION',
    'latitude' => '22.870560',
    'longitude' => '113.199219',
    'precision' => '65.000000',
    'from' => 'oF_mkjsP4MhfFc3zeI-N-Jjgjdng',
    'to' => 'gh_74fc964c4914',
    'time' => '1548255388',
    'type' => 'trace',
    'location_x' => '22.870560',
    'location_y' => '113.199219',
  ),
  'module' => 'default',
  'rule' => '-1',
)

2019-01-23 22:56:28 response :
------------
Array:
errno : -1 ;
message : Invaild value ;

2019-01-23 22:56:28 trace :
------------
String:
<xml><ToUserName><![CDATA[gh_74fc964c4914]]></ToUserName>
<FromUserName><![CDATA[oF_mkjsP4MhfFc3zeI-N-Jjgjdng]]></FromUserName>
<CreateTime>1548255387</CreateTime>
<MsgType><![CDATA[event]]></MsgType>
<Event><![CDATA[SCAN]]></Event>
<EventKey><![CDATA[TZHB15367438716784331--10609]]></EventKey>
<Ticket><![CDATA[gQHX8TwAAAAAAAAAAS5odHRwOi8vd2VpeGluLnFxLmNvbS9xLzAyb2Q4T01XblZhQWUxMDAwMDAwN3YAAgS-2ZhbAwQAAAAA]]></Ticket>
</xml>

2019-01-23 22:56:28 params :
------------
String:
array (
  'rule' => -2,
  'module' => '',
  'message' => 
  array (
    'tousername' => 'gh_74fc964c4914',
    'fromusername' => 'oF_mkjsP4MhfFc3zeI-N-Jjgjdng',
    'createtime' => '1548255387',
    'msgtype' => 'event',
    'event' => 'SCAN',
    'eventkey' => 'TZHB15367438716784331--10609',
    'ticket' => 'gQHX8TwAAAAAAAAAAS5odHRwOi8vd2VpeGluLnFxLmNvbS9xLzAyb2Q4T01XblZhQWUxMDAwMDAwN3YAAgS-2ZhbAwQAAAAA',
    'from' => 'oF_mkjsP4MhfFc3zeI-N-Jjgjdng',
    'to' => 'gh_74fc964c4914',
    'time' => '1548255387',
    'type' => 'text',
    'scene' => 'TZHB15367438716784331--10609',
    'redirection' => true,
    'source' => 'qr',
  ),
)

2019-01-23 22:56:28 response :
------------

2019-01-23 22:56:29 trace :
------------
String:
<xml><ToUserName><![CDATA[gh_74fc964c4914]]></ToUserName>
<FromUserName><![CDATA[oF_mkjsP4MhfFc3zeI-N-Jjgjdng]]></FromUserName>
<CreateTime>1548255388</CreateTime>
<MsgType><![CDATA[event]]></MsgType>
<Event><![CDATA[LOCATION]]></Event>
<Latitude>22.870560</Latitude>
<Longitude>113.199219</Longitude>
<Precision>65.000000</Precision>
</xml>

2019-01-23 22:56:29 params :
------------
String:
array (
  'message' => 
  array (
    'tousername' => 'gh_74fc964c4914',
    'fromusername' => 'oF_mkjsP4MhfFc3zeI-N-Jjgjdng',
    'createtime' => '1548255388',
    'msgtype' => 'event',
    'event' => 'LOCATION',
    'latitude' => '22.870560',
    'longitude' => '113.199219',
    'precision' => '65.000000',
    'from' => 'oF_mkjsP4MhfFc3zeI-N-Jjgjdng',
    'to' => 'gh_74fc964c4914',
    'time' => '1548255388',
    'type' => 'trace',
    'location_x' => '22.870560',
    'location_y' => '113.199219',
  ),
  'module' => 'default',
  'rule' => '-1',
)

2019-01-23 22:56:29 response :
------------
Array:
errno : -1 ;
message : Invaild value ;

