2019-01-30 11:05:45 trace :
------------
String:
<xml><ToUserName><![CDATA[gh_74fc964c4914]]></ToUserName>
<FromUserName><![CDATA[oF_mkjshT2UuIdRHw9191-OV2_9I]]></FromUserName>
<CreateTime>1548817543</CreateTime>
<MsgType><![CDATA[event]]></MsgType>
<Event><![CDATA[subscribe]]></Event>
<EventKey><![CDATA[qrscene_TZHB15367432960447708--9807]]></EventKey>
<Ticket><![CDATA[gQGy8TwAAAAAAAAAAS5odHRwOi8vd2VpeGluLnFxLmNvbS9xLzAyRHlvV012blZhQWUxMDAwME0wN3cAAgSA15hbAwQAAAAA]]></Ticket>
</xml>

2019-01-30 11:05:46 params :
------------
String:
array (
  'message' => 
  array (
    'tousername' => 'gh_74fc964c4914',
    'fromusername' => 'oF_mkjshT2UuIdRHw9191-OV2_9I',
    'createtime' => '1548817543',
    'msgtype' => 'event',
    'event' => 'subscribe',
    'eventkey' => 'qrscene_TZHB15367432960447708--9807',
    'ticket' => 'gQGy8TwAAAAAAAAAAS5odHRwOi8vd2VpeGluLnFxLmNvbS9xLzAyRHlvV012blZhQWUxMDAwME0wN3cAAgSA15hbAwQAAAAA',
    'from' => 'oF_mkjshT2UuIdRHw9191-OV2_9I',
    'to' => 'gh_74fc964c4914',
    'time' => '1548817543',
    'type' => 'text',
    'scene' => 'TZHB15367432960447708--9807',
    'redirection' => true,
    'source' => 'subscribe',
    'content' => '首次关注',
  ),
  'module' => 'reply',
  'rule' => '9',
  'priority' => '0',
  'keyword' => 
  array (
    'id' => '116',
    'rid' => '9',
    'uniacid' => '2',
    'module' => 'reply',
    'content' => '首次关注',
    'type' => '1',
    'displayorder' => '0',
    'status' => '1',
    'reply_type' => 
    array (
      0 => 'basic',
    ),
  ),
  'reply_type' => 
  array (
    0 => 'basic',
  ),
)

2019-01-30 11:05:46 response :
------------
Array:
FromUserName : gh_74fc964c4914 ;
ToUserName : oF_mkjshT2UuIdRHw9191-OV2_9I ;
MsgType : text ;
Content : 您好，感谢您关注奔瑞汽车用品！360°汽车服务解决方案提供商。业务领域涵盖高端美容、二手翻新及快速钣喷等，欢迎与我们联系。
您也可以回复以下数字，查看相关信息。
【1】品牌介绍
【2】核心项目
【3】合作支持
【4】产品中心
【5】联系方式
您可以留言或拨打客服热线 4006669243 更多资讯，您可以访问奔瑞官网 www.benrui.cn
意见，建议反馈信息请直接回复，谢谢。 ;

2019-01-30 11:36:29 trace :
------------
String:
<xml><ToUserName><![CDATA[gh_74fc964c4914]]></ToUserName>
<FromUserName><![CDATA[oF_mkjuzHy3VU-i4ZW9-MxK64tx8]]></FromUserName>
<CreateTime>1548819389</CreateTime>
<MsgType><![CDATA[event]]></MsgType>
<Event><![CDATA[unsubscribe]]></Event>
<EventKey><![CDATA[]]></EventKey>
</xml>

2019-01-30 13:12:40 trace :
------------
String:
<xml><ToUserName><![CDATA[gh_74fc964c4914]]></ToUserName>
<FromUserName><![CDATA[oF_mkjnXrfsTxss8rUtYEZRD911g]]></FromUserName>
<CreateTime>1548825158</CreateTime>
<MsgType><![CDATA[event]]></MsgType>
<Event><![CDATA[SCAN]]></Event>
<EventKey><![CDATA[TZHB15367432649148408--9666]]></EventKey>
<Ticket><![CDATA[gQFo8TwAAAAAAAAAAS5odHRwOi8vd2VpeGluLnFxLmNvbS9xLzAyX2lWM05zblZhQWUxMDAwMDAwNzIAAgRg15hbAwQAAAAA]]></Ticket>
</xml>

2019-01-30 13:12:40 params :
------------
String:
array (
  'rule' => -2,
  'module' => '',
  'message' => 
  array (
    'tousername' => 'gh_74fc964c4914',
    'fromusername' => 'oF_mkjnXrfsTxss8rUtYEZRD911g',
    'createtime' => '1548825158',
    'msgtype' => 'event',
    'event' => 'SCAN',
    'eventkey' => 'TZHB15367432649148408--9666',
    'ticket' => 'gQFo8TwAAAAAAAAAAS5odHRwOi8vd2VpeGluLnFxLmNvbS9xLzAyX2lWM05zblZhQWUxMDAwMDAwNzIAAgRg15hbAwQAAAAA',
    'from' => 'oF_mkjnXrfsTxss8rUtYEZRD911g',
    'to' => 'gh_74fc964c4914',
    'time' => '1548825158',
    'type' => 'text',
    'scene' => 'TZHB15367432649148408--9666',
    'redirection' => true,
    'source' => 'qr',
  ),
)

2019-01-30 13:12:40 response :
------------

2019-01-30 13:12:41 trace :
------------
String:
<xml><ToUserName><![CDATA[gh_74fc964c4914]]></ToUserName>
<FromUserName><![CDATA[oF_mkjnXrfsTxss8rUtYEZRD911g]]></FromUserName>
<CreateTime>1548825160</CreateTime>
<MsgType><![CDATA[event]]></MsgType>
<Event><![CDATA[LOCATION]]></Event>
<Latitude>30.217932</Latitude>
<Longitude>120.266762</Longitude>
<Precision>30.000000</Precision>
</xml>

2019-01-30 13:12:41 params :
------------
String:
array (
  'message' => 
  array (
    'tousername' => 'gh_74fc964c4914',
    'fromusername' => 'oF_mkjnXrfsTxss8rUtYEZRD911g',
    'createtime' => '1548825160',
    'msgtype' => 'event',
    'event' => 'LOCATION',
    'latitude' => '30.217932',
    'longitude' => '120.266762',
    'precision' => '30.000000',
    'from' => 'oF_mkjnXrfsTxss8rUtYEZRD911g',
    'to' => 'gh_74fc964c4914',
    'time' => '1548825160',
    'type' => 'trace',
    'location_x' => '30.217932',
    'location_y' => '120.266762',
  ),
  'module' => 'default',
  'rule' => '-1',
)

2019-01-30 13:12:41 response :
------------
Array:
errno : -1 ;
message : Invaild value ;

2019-01-30 13:12:46 trace :
------------
String:
<xml><ToUserName><![CDATA[gh_74fc964c4914]]></ToUserName>
<FromUserName><![CDATA[oF_mkjnXrfsTxss8rUtYEZRD911g]]></FromUserName>
<CreateTime>1548825166</CreateTime>
<MsgType><![CDATA[event]]></MsgType>
<Event><![CDATA[LOCATION]]></Event>
<Latitude>30.217932</Latitude>
<Longitude>120.266762</Longitude>
<Precision>30.000000</Precision>
</xml>

2019-01-30 13:12:46 params :
------------
String:
array (
  'message' => 
  array (
    'tousername' => 'gh_74fc964c4914',
    'fromusername' => 'oF_mkjnXrfsTxss8rUtYEZRD911g',
    'createtime' => '1548825166',
    'msgtype' => 'event',
    'event' => 'LOCATION',
    'latitude' => '30.217932',
    'longitude' => '120.266762',
    'precision' => '30.000000',
    'from' => 'oF_mkjnXrfsTxss8rUtYEZRD911g',
    'to' => 'gh_74fc964c4914',
    'time' => '1548825166',
    'type' => 'trace',
    'location_x' => '30.217932',
    'location_y' => '120.266762',
  ),
  'module' => 'default',
  'rule' => '-1',
)

2019-01-30 13:12:46 response :
------------
Array:
errno : -1 ;
message : Invaild value ;

2019-01-30 14:02:05 trace :
------------
String:
<xml><ToUserName><![CDATA[gh_74fc964c4914]]></ToUserName>
<FromUserName><![CDATA[oF_mkjoirAiFnhglrSAfzYwzlkwo]]></FromUserName>
<CreateTime>1548828123</CreateTime>
<MsgType><![CDATA[event]]></MsgType>
<Event><![CDATA[subscribe]]></Event>
<EventKey><![CDATA[qrscene_TZHB15367433377444752--9994]]></EventKey>
<Ticket><![CDATA[gQF88jwAAAAAAAAAAS5odHRwOi8vd2VpeGluLnFxLmNvbS9xLzAyMUc0Mk0wblZhQWUxMDAwME0wN28AAgSp15hbAwQAAAAA]]></Ticket>
</xml>

2019-01-30 14:02:05 params :
------------
String:
array (
  'message' => 
  array (
    'tousername' => 'gh_74fc964c4914',
    'fromusername' => 'oF_mkjoirAiFnhglrSAfzYwzlkwo',
    'createtime' => '1548828123',
    'msgtype' => 'event',
    'event' => 'subscribe',
    'eventkey' => 'qrscene_TZHB15367433377444752--9994',
    'ticket' => 'gQF88jwAAAAAAAAAAS5odHRwOi8vd2VpeGluLnFxLmNvbS9xLzAyMUc0Mk0wblZhQWUxMDAwME0wN28AAgSp15hbAwQAAAAA',
    'from' => 'oF_mkjoirAiFnhglrSAfzYwzlkwo',
    'to' => 'gh_74fc964c4914',
    'time' => '1548828123',
    'type' => 'text',
    'scene' => 'TZHB15367433377444752--9994',
    'redirection' => true,
    'source' => 'subscribe',
    'content' => '首次关注',
  ),
  'module' => 'reply',
  'rule' => '9',
  'priority' => '0',
  'keyword' => 
  array (
    'id' => '116',
    'rid' => '9',
    'uniacid' => '2',
    'module' => 'reply',
    'content' => '首次关注',
    'type' => '1',
    'displayorder' => '0',
    'status' => '1',
    'reply_type' => 
    array (
      0 => 'basic',
    ),
  ),
  'reply_type' => 
  array (
    0 => 'basic',
  ),
)

2019-01-30 14:02:05 response :
------------
Array:
FromUserName : gh_74fc964c4914 ;
ToUserName : oF_mkjoirAiFnhglrSAfzYwzlkwo ;
MsgType : text ;
Content : 您好，感谢您关注奔瑞汽车用品！360°汽车服务解决方案提供商。业务领域涵盖高端美容、二手翻新及快速钣喷等，欢迎与我们联系。
您也可以回复以下数字，查看相关信息。
【1】品牌介绍
【2】核心项目
【3】合作支持
【4】产品中心
【5】联系方式
您可以留言或拨打客服热线 4006669243 更多资讯，您可以访问奔瑞官网 www.benrui.cn
意见，建议反馈信息请直接回复，谢谢。 ;

2019-01-30 14:02:42 trace :
------------
String:
<xml><ToUserName><![CDATA[gh_74fc964c4914]]></ToUserName>
<FromUserName><![CDATA[oF_mkjoirAiFnhglrSAfzYwzlkwo]]></FromUserName>
<CreateTime>1548828162</CreateTime>
<MsgType><![CDATA[event]]></MsgType>
<Event><![CDATA[SCAN]]></Event>
<EventKey><![CDATA[TZHB15367433377444752--9994]]></EventKey>
<Ticket><![CDATA[gQF88jwAAAAAAAAAAS5odHRwOi8vd2VpeGluLnFxLmNvbS9xLzAyMUc0Mk0wblZhQWUxMDAwME0wN28AAgSp15hbAwQAAAAA]]></Ticket>
</xml>

2019-01-30 14:02:43 params :
------------
String:
array (
  'rule' => -2,
  'module' => '',
  'message' => 
  array (
    'tousername' => 'gh_74fc964c4914',
    'fromusername' => 'oF_mkjoirAiFnhglrSAfzYwzlkwo',
    'createtime' => '1548828162',
    'msgtype' => 'event',
    'event' => 'SCAN',
    'eventkey' => 'TZHB15367433377444752--9994',
    'ticket' => 'gQF88jwAAAAAAAAAAS5odHRwOi8vd2VpeGluLnFxLmNvbS9xLzAyMUc0Mk0wblZhQWUxMDAwME0wN28AAgSp15hbAwQAAAAA',
    'from' => 'oF_mkjoirAiFnhglrSAfzYwzlkwo',
    'to' => 'gh_74fc964c4914',
    'time' => '1548828162',
    'type' => 'text',
    'scene' => 'TZHB15367433377444752--9994',
    'redirection' => true,
    'source' => 'qr',
  ),
)

2019-01-30 14:02:43 response :
------------

2019-01-30 20:07:35 trace :
------------
String:
<xml><ToUserName><![CDATA[gh_74fc964c4914]]></ToUserName>
<FromUserName><![CDATA[oF_mkjmU3D-nbBvqSqvpN2mzJcIc]]></FromUserName>
<CreateTime>1548850054</CreateTime>
<MsgType><![CDATA[event]]></MsgType>
<Event><![CDATA[SCAN]]></Event>
<EventKey><![CDATA[TZHB15301486001334607--5393]]></EventKey>
<Ticket><![CDATA[gQGt8DwAAAAAAAAAAS5odHRwOi8vd2VpeGluLnFxLmNvbS9xLzAyQW1TRk1tblZhQWUxMDAwME0wN04AAgT4NjRbAwQAAAAA]]></Ticket>
</xml>

2019-01-30 20:07:36 params :
------------
String:
array (
  'rule' => -2,
  'module' => '',
  'message' => 
  array (
    'tousername' => 'gh_74fc964c4914',
    'fromusername' => 'oF_mkjmU3D-nbBvqSqvpN2mzJcIc',
    'createtime' => '1548850054',
    'msgtype' => 'event',
    'event' => 'SCAN',
    'eventkey' => 'TZHB15301486001334607--5393',
    'ticket' => 'gQGt8DwAAAAAAAAAAS5odHRwOi8vd2VpeGluLnFxLmNvbS9xLzAyQW1TRk1tblZhQWUxMDAwME0wN04AAgT4NjRbAwQAAAAA',
    'from' => 'oF_mkjmU3D-nbBvqSqvpN2mzJcIc',
    'to' => 'gh_74fc964c4914',
    'time' => '1548850054',
    'type' => 'text',
    'scene' => 'TZHB15301486001334607--5393',
    'redirection' => true,
    'source' => 'qr',
  ),
)

2019-01-30 20:07:36 response :
------------

2019-01-30 22:06:13 trace :
------------
String:
<xml><ToUserName><![CDATA[gh_74fc964c4914]]></ToUserName>
<FromUserName><![CDATA[oF_mkjtDbVZzU14hkDVuCbMzuiws]]></FromUserName>
<CreateTime>1548857172</CreateTime>
<MsgType><![CDATA[event]]></MsgType>
<Event><![CDATA[LOCATION]]></Event>
<Latitude>34.408604</Latitude>
<Longitude>113.696030</Longitude>
<Precision>20.000000</Precision>
</xml>

2019-01-30 22:06:13 params :
------------
String:
array (
  'message' => 
  array (
    'tousername' => 'gh_74fc964c4914',
    'fromusername' => 'oF_mkjtDbVZzU14hkDVuCbMzuiws',
    'createtime' => '1548857172',
    'msgtype' => 'event',
    'event' => 'LOCATION',
    'latitude' => '34.408604',
    'longitude' => '113.696030',
    'precision' => '20.000000',
    'from' => 'oF_mkjtDbVZzU14hkDVuCbMzuiws',
    'to' => 'gh_74fc964c4914',
    'time' => '1548857172',
    'type' => 'trace',
    'location_x' => '34.408604',
    'location_y' => '113.696030',
  ),
  'module' => 'default',
  'rule' => '-1',
)

2019-01-30 22:06:13 response :
------------
Array:
errno : -1 ;
message : Invaild value ;

