2019-03-30 07:17:49 trace :
------------
String:
<xml><ToUserName><![CDATA[gh_74fc964c4914]]></ToUserName>
<FromUserName><![CDATA[oF_mkjl7C6SUSfrj1tc8wy9ZPE2U]]></FromUserName>
<CreateTime>1553901470</CreateTime>
<MsgType><![CDATA[event]]></MsgType>
<Event><![CDATA[unsubscribe]]></Event>
<EventKey><![CDATA[]]></EventKey>
</xml>

2019-03-30 09:52:08 trace :
------------
String:
<xml><ToUserName><![CDATA[gh_74fc964c4914]]></ToUserName>
<FromUserName><![CDATA[oF_mkjtFJPez-griY2ZwJ4NkqwDg]]></FromUserName>
<CreateTime>1553910719</CreateTime>
<MsgType><![CDATA[event]]></MsgType>
<Event><![CDATA[SCAN]]></Event>
<EventKey><![CDATA[TZHB15367436959826408--10386]]></EventKey>
<Ticket><![CDATA[gQGr8TwAAAAAAAAAAS5odHRwOi8vd2VpeGluLnFxLmNvbS9xLzAyMmM2QU1xblZhQWUxMDAwME0wN2gAAgQQ2ZhbAwQAAAAA]]></Ticket>
</xml>

2019-03-30 09:52:08 params :
------------
String:
array (
  'rule' => -2,
  'module' => '',
  'message' => 
  array (
    'tousername' => 'gh_74fc964c4914',
    'fromusername' => 'oF_mkjtFJPez-griY2ZwJ4NkqwDg',
    'createtime' => '1553910719',
    'msgtype' => 'event',
    'event' => 'SCAN',
    'eventkey' => 'TZHB15367436959826408--10386',
    'ticket' => 'gQGr8TwAAAAAAAAAAS5odHRwOi8vd2VpeGluLnFxLmNvbS9xLzAyMmM2QU1xblZhQWUxMDAwME0wN2gAAgQQ2ZhbAwQAAAAA',
    'from' => 'oF_mkjtFJPez-griY2ZwJ4NkqwDg',
    'to' => 'gh_74fc964c4914',
    'time' => '1553910719',
    'type' => 'text',
    'scene' => 'TZHB15367436959826408--10386',
    'redirection' => true,
    'source' => 'qr',
  ),
)

2019-03-30 09:52:08 response :
------------

2019-03-30 09:53:30 trace :
------------
String:
<xml><ToUserName><![CDATA[gh_74fc964c4914]]></ToUserName>
<FromUserName><![CDATA[oF_mkjtFJPez-griY2ZwJ4NkqwDg]]></FromUserName>
<CreateTime>1553910811</CreateTime>
<MsgType><![CDATA[event]]></MsgType>
<Event><![CDATA[SCAN]]></Event>
<EventKey><![CDATA[TZHB15367436959826408--10386]]></EventKey>
<Ticket><![CDATA[gQGr8TwAAAAAAAAAAS5odHRwOi8vd2VpeGluLnFxLmNvbS9xLzAyMmM2QU1xblZhQWUxMDAwME0wN2gAAgQQ2ZhbAwQAAAAA]]></Ticket>
</xml>

2019-03-30 09:53:30 params :
------------
String:
array (
  'rule' => -2,
  'module' => '',
  'message' => 
  array (
    'tousername' => 'gh_74fc964c4914',
    'fromusername' => 'oF_mkjtFJPez-griY2ZwJ4NkqwDg',
    'createtime' => '1553910811',
    'msgtype' => 'event',
    'event' => 'SCAN',
    'eventkey' => 'TZHB15367436959826408--10386',
    'ticket' => 'gQGr8TwAAAAAAAAAAS5odHRwOi8vd2VpeGluLnFxLmNvbS9xLzAyMmM2QU1xblZhQWUxMDAwME0wN2gAAgQQ2ZhbAwQAAAAA',
    'from' => 'oF_mkjtFJPez-griY2ZwJ4NkqwDg',
    'to' => 'gh_74fc964c4914',
    'time' => '1553910811',
    'type' => 'text',
    'scene' => 'TZHB15367436959826408--10386',
    'redirection' => true,
    'source' => 'qr',
  ),
)

2019-03-30 09:53:30 response :
------------

2019-03-30 09:54:44 trace :
------------
String:
<xml><ToUserName><![CDATA[gh_74fc964c4914]]></ToUserName>
<FromUserName><![CDATA[oF_mkjtFJPez-griY2ZwJ4NkqwDg]]></FromUserName>
<CreateTime>1553910885</CreateTime>
<MsgType><![CDATA[text]]></MsgType>
<Content><![CDATA[奔瑞汽车用品]]></Content>
<MsgId>22246654180102141</MsgId>
</xml>

2019-03-30 09:54:44 params :
------------
String:
array (
  'rule' => -2,
  'module' => '',
  'message' => 
  array (
    'tousername' => 'gh_74fc964c4914',
    'fromusername' => 'oF_mkjtFJPez-griY2ZwJ4NkqwDg',
    'createtime' => '1553910885',
    'msgtype' => 'text',
    'content' => '奔瑞汽车用品',
    'msgid' => '22246654180102141',
    'from' => 'oF_mkjtFJPez-griY2ZwJ4NkqwDg',
    'to' => 'gh_74fc964c4914',
    'time' => '1553910885',
    'type' => 'text',
    'event' => NULL,
    'redirection' => false,
    'source' => NULL,
  ),
)

2019-03-30 09:54:44 response :
------------

2019-03-30 09:56:10 trace :
------------
String:
<xml><ToUserName><![CDATA[gh_74fc964c4914]]></ToUserName>
<FromUserName><![CDATA[oF_mkjprWSI7PXhsULIgcPV15Rn4]]></FromUserName>
<CreateTime>1553910972</CreateTime>
<MsgType><![CDATA[event]]></MsgType>
<Event><![CDATA[subscribe]]></Event>
<EventKey><![CDATA[qrscene_TZHB15367436959826408--10386]]></EventKey>
<Ticket><![CDATA[gQGr8TwAAAAAAAAAAS5odHRwOi8vd2VpeGluLnFxLmNvbS9xLzAyMmM2QU1xblZhQWUxMDAwME0wN2gAAgQQ2ZhbAwQAAAAA]]></Ticket>
</xml>

2019-03-30 09:56:11 params :
------------
String:
array (
  'message' => 
  array (
    'tousername' => 'gh_74fc964c4914',
    'fromusername' => 'oF_mkjprWSI7PXhsULIgcPV15Rn4',
    'createtime' => '1553910972',
    'msgtype' => 'event',
    'event' => 'subscribe',
    'eventkey' => 'qrscene_TZHB15367436959826408--10386',
    'ticket' => 'gQGr8TwAAAAAAAAAAS5odHRwOi8vd2VpeGluLnFxLmNvbS9xLzAyMmM2QU1xblZhQWUxMDAwME0wN2gAAgQQ2ZhbAwQAAAAA',
    'from' => 'oF_mkjprWSI7PXhsULIgcPV15Rn4',
    'to' => 'gh_74fc964c4914',
    'time' => '1553910972',
    'type' => 'text',
    'scene' => 'TZHB15367436959826408--10386',
    'redirection' => true,
    'source' => 'subscribe',
    'content' => '首次关注',
  ),
  'module' => 'reply',
  'rule' => '9',
  'priority' => '0',
  'keyword' => 
  array (
    'id' => '116',
    'rid' => '9',
    'uniacid' => '2',
    'module' => 'reply',
    'content' => '首次关注',
    'type' => '1',
    'displayorder' => '0',
    'status' => '1',
    'reply_type' => 
    array (
      0 => 'basic',
    ),
  ),
  'reply_type' => 
  array (
    0 => 'basic',
  ),
)

2019-03-30 09:56:11 response :
------------
Array:
FromUserName : gh_74fc964c4914 ;
ToUserName : oF_mkjprWSI7PXhsULIgcPV15Rn4 ;
MsgType : text ;
Content : 您好，感谢您关注奔瑞汽车用品！360°汽车服务解决方案提供商。业务领域涵盖高端美容、二手翻新及快速钣喷等，欢迎与我们联系。
您也可以回复以下数字，查看相关信息。
【1】品牌介绍
【2】核心项目
【3】合作支持
【4】产品中心
【5】联系方式
您可以留言或拨打客服热线 4006669243 更多资讯，您可以访问奔瑞官网 www.benrui.cn
意见，建议反馈信息请直接回复，谢谢。 ;

2019-03-30 09:56:22 trace :
------------
String:
<xml><ToUserName><![CDATA[gh_74fc964c4914]]></ToUserName>
<FromUserName><![CDATA[oF_mkjprWSI7PXhsULIgcPV15Rn4]]></FromUserName>
<CreateTime>1553910984</CreateTime>
<MsgType><![CDATA[event]]></MsgType>
<Event><![CDATA[SCAN]]></Event>
<EventKey><![CDATA[TZHB15367436959826408--10386]]></EventKey>
<Ticket><![CDATA[gQGr8TwAAAAAAAAAAS5odHRwOi8vd2VpeGluLnFxLmNvbS9xLzAyMmM2QU1xblZhQWUxMDAwME0wN2gAAgQQ2ZhbAwQAAAAA]]></Ticket>
</xml>

2019-03-30 09:56:22 params :
------------
String:
array (
  'rule' => -2,
  'module' => '',
  'message' => 
  array (
    'tousername' => 'gh_74fc964c4914',
    'fromusername' => 'oF_mkjprWSI7PXhsULIgcPV15Rn4',
    'createtime' => '1553910984',
    'msgtype' => 'event',
    'event' => 'SCAN',
    'eventkey' => 'TZHB15367436959826408--10386',
    'ticket' => 'gQGr8TwAAAAAAAAAAS5odHRwOi8vd2VpeGluLnFxLmNvbS9xLzAyMmM2QU1xblZhQWUxMDAwME0wN2gAAgQQ2ZhbAwQAAAAA',
    'from' => 'oF_mkjprWSI7PXhsULIgcPV15Rn4',
    'to' => 'gh_74fc964c4914',
    'time' => '1553910984',
    'type' => 'text',
    'scene' => 'TZHB15367436959826408--10386',
    'redirection' => true,
    'source' => 'qr',
  ),
)

2019-03-30 09:56:22 response :
------------

2019-03-30 11:01:54 trace :
------------
String:
<xml><ToUserName><![CDATA[gh_74fc964c4914]]></ToUserName>
<FromUserName><![CDATA[oF_mkjrb9PAFqPCmeUuFmsBiyZao]]></FromUserName>
<CreateTime>1553914916</CreateTime>
<MsgType><![CDATA[event]]></MsgType>
<Event><![CDATA[SCAN]]></Event>
<EventKey><![CDATA[TZHB15367433253387430--9939]]></EventKey>
<Ticket><![CDATA[gQHK8TwAAAAAAAAAAS5odHRwOi8vd2VpeGluLnFxLmNvbS9xLzAyWGY1Wk5kblZhQWUxMDAwMHcwN18AAgSd15hbAwQAAAAA]]></Ticket>
</xml>

2019-03-30 11:01:54 params :
------------
String:
array (
  'rule' => -2,
  'module' => '',
  'message' => 
  array (
    'tousername' => 'gh_74fc964c4914',
    'fromusername' => 'oF_mkjrb9PAFqPCmeUuFmsBiyZao',
    'createtime' => '1553914916',
    'msgtype' => 'event',
    'event' => 'SCAN',
    'eventkey' => 'TZHB15367433253387430--9939',
    'ticket' => 'gQHK8TwAAAAAAAAAAS5odHRwOi8vd2VpeGluLnFxLmNvbS9xLzAyWGY1Wk5kblZhQWUxMDAwMHcwN18AAgSd15hbAwQAAAAA',
    'from' => 'oF_mkjrb9PAFqPCmeUuFmsBiyZao',
    'to' => 'gh_74fc964c4914',
    'time' => '1553914916',
    'type' => 'text',
    'scene' => 'TZHB15367433253387430--9939',
    'redirection' => true,
    'source' => 'qr',
  ),
)

2019-03-30 11:01:54 response :
------------

2019-03-30 11:01:56 trace :
------------
String:
<xml><ToUserName><![CDATA[gh_74fc964c4914]]></ToUserName>
<FromUserName><![CDATA[oF_mkjrb9PAFqPCmeUuFmsBiyZao]]></FromUserName>
<CreateTime>1553914918</CreateTime>
<MsgType><![CDATA[event]]></MsgType>
<Event><![CDATA[LOCATION]]></Event>
<Latitude>22.566748</Latitude>
<Longitude>113.848289</Longitude>
<Precision>30.000000</Precision>
</xml>

2019-03-30 11:01:56 params :
------------
String:
array (
  'message' => 
  array (
    'tousername' => 'gh_74fc964c4914',
    'fromusername' => 'oF_mkjrb9PAFqPCmeUuFmsBiyZao',
    'createtime' => '1553914918',
    'msgtype' => 'event',
    'event' => 'LOCATION',
    'latitude' => '22.566748',
    'longitude' => '113.848289',
    'precision' => '30.000000',
    'from' => 'oF_mkjrb9PAFqPCmeUuFmsBiyZao',
    'to' => 'gh_74fc964c4914',
    'time' => '1553914918',
    'type' => 'trace',
    'location_x' => '22.566748',
    'location_y' => '113.848289',
  ),
  'module' => 'default',
  'rule' => '-1',
)

2019-03-30 11:01:56 response :
------------
Array:
errno : -1 ;
message : Invaild value ;

2019-03-30 11:02:04 trace :
------------
String:
<xml><ToUserName><![CDATA[gh_74fc964c4914]]></ToUserName>
<FromUserName><![CDATA[oF_mkjrb9PAFqPCmeUuFmsBiyZao]]></FromUserName>
<CreateTime>1553914926</CreateTime>
<MsgType><![CDATA[event]]></MsgType>
<Event><![CDATA[LOCATION]]></Event>
<Latitude>22.566748</Latitude>
<Longitude>113.848289</Longitude>
<Precision>30.000000</Precision>
</xml>

2019-03-30 11:02:04 params :
------------
String:
array (
  'message' => 
  array (
    'tousername' => 'gh_74fc964c4914',
    'fromusername' => 'oF_mkjrb9PAFqPCmeUuFmsBiyZao',
    'createtime' => '1553914926',
    'msgtype' => 'event',
    'event' => 'LOCATION',
    'latitude' => '22.566748',
    'longitude' => '113.848289',
    'precision' => '30.000000',
    'from' => 'oF_mkjrb9PAFqPCmeUuFmsBiyZao',
    'to' => 'gh_74fc964c4914',
    'time' => '1553914926',
    'type' => 'trace',
    'location_x' => '22.566748',
    'location_y' => '113.848289',
  ),
  'module' => 'default',
  'rule' => '-1',
)

2019-03-30 11:02:04 response :
------------
Array:
errno : -1 ;
message : Invaild value ;

2019-03-30 11:35:43 trace :
------------
String:
<xml><ToUserName><![CDATA[gh_74fc964c4914]]></ToUserName>
<FromUserName><![CDATA[oF_mkjoetPxXgm_fIk19d0laKXJE]]></FromUserName>
<CreateTime>1553916944</CreateTime>
<MsgType><![CDATA[event]]></MsgType>
<Event><![CDATA[SCAN]]></Event>
<EventKey><![CDATA[TZHB15264358419095605--302]]></EventKey>
<Ticket><![CDATA[gQFY8TwAAAAAAAAAAS5odHRwOi8vd2VpeGluLnFxLmNvbS9xLzAyWl9nT05hblZhQWUxMDAwMGcwN0MAAgQBkPtaAwQAAAAA]]></Ticket>
</xml>

2019-03-30 11:35:43 params :
------------
String:
array (
  'rule' => -2,
  'module' => '',
  'message' => 
  array (
    'tousername' => 'gh_74fc964c4914',
    'fromusername' => 'oF_mkjoetPxXgm_fIk19d0laKXJE',
    'createtime' => '1553916944',
    'msgtype' => 'event',
    'event' => 'SCAN',
    'eventkey' => 'TZHB15264358419095605--302',
    'ticket' => 'gQFY8TwAAAAAAAAAAS5odHRwOi8vd2VpeGluLnFxLmNvbS9xLzAyWl9nT05hblZhQWUxMDAwMGcwN0MAAgQBkPtaAwQAAAAA',
    'from' => 'oF_mkjoetPxXgm_fIk19d0laKXJE',
    'to' => 'gh_74fc964c4914',
    'time' => '1553916944',
    'type' => 'text',
    'scene' => 'TZHB15264358419095605--302',
    'redirection' => true,
    'source' => 'qr',
  ),
)

2019-03-30 11:35:43 response :
------------

2019-03-30 11:35:45 trace :
------------
String:
<xml><ToUserName><![CDATA[gh_74fc964c4914]]></ToUserName>
<FromUserName><![CDATA[oF_mkjoetPxXgm_fIk19d0laKXJE]]></FromUserName>
<CreateTime>1553916946</CreateTime>
<MsgType><![CDATA[event]]></MsgType>
<Event><![CDATA[LOCATION]]></Event>
<Latitude>28.661869</Latitude>
<Longitude>115.934113</Longitude>
<Precision>30.000000</Precision>
</xml>

2019-03-30 11:35:45 params :
------------
String:
array (
  'message' => 
  array (
    'tousername' => 'gh_74fc964c4914',
    'fromusername' => 'oF_mkjoetPxXgm_fIk19d0laKXJE',
    'createtime' => '1553916946',
    'msgtype' => 'event',
    'event' => 'LOCATION',
    'latitude' => '28.661869',
    'longitude' => '115.934113',
    'precision' => '30.000000',
    'from' => 'oF_mkjoetPxXgm_fIk19d0laKXJE',
    'to' => 'gh_74fc964c4914',
    'time' => '1553916946',
    'type' => 'trace',
    'location_x' => '28.661869',
    'location_y' => '115.934113',
  ),
  'module' => 'default',
  'rule' => '-1',
)

2019-03-30 11:35:45 response :
------------
Array:
errno : -1 ;
message : Invaild value ;

2019-03-30 11:48:08 trace :
------------
String:
<xml><ToUserName><![CDATA[gh_74fc964c4914]]></ToUserName>
<FromUserName><![CDATA[oF_mkjrb9PAFqPCmeUuFmsBiyZao]]></FromUserName>
<CreateTime>1553917689</CreateTime>
<MsgType><![CDATA[event]]></MsgType>
<Event><![CDATA[LOCATION]]></Event>
<Latitude>22.566626</Latitude>
<Longitude>113.848808</Longitude>
<Precision>30.000000</Precision>
</xml>

2019-03-30 11:48:08 params :
------------
String:
array (
  'message' => 
  array (
    'tousername' => 'gh_74fc964c4914',
    'fromusername' => 'oF_mkjrb9PAFqPCmeUuFmsBiyZao',
    'createtime' => '1553917689',
    'msgtype' => 'event',
    'event' => 'LOCATION',
    'latitude' => '22.566626',
    'longitude' => '113.848808',
    'precision' => '30.000000',
    'from' => 'oF_mkjrb9PAFqPCmeUuFmsBiyZao',
    'to' => 'gh_74fc964c4914',
    'time' => '1553917689',
    'type' => 'trace',
    'location_x' => '22.566626',
    'location_y' => '113.848808',
  ),
  'module' => 'default',
  'rule' => '-1',
)

2019-03-30 11:48:08 response :
------------
Array:
errno : -1 ;
message : Invaild value ;

2019-03-30 12:56:10 trace :
------------
String:
<xml><ToUserName><![CDATA[gh_74fc964c4914]]></ToUserName>
<FromUserName><![CDATA[oF_mkjrLOdh1_8h-UYK_29pbfTgU]]></FromUserName>
<CreateTime>1553921772</CreateTime>
<MsgType><![CDATA[event]]></MsgType>
<Event><![CDATA[SCAN]]></Event>
<EventKey><![CDATA[TZHB15444180976654564--11939]]></EventKey>
<Ticket><![CDATA[gQHa8DwAAAAAAAAAAS5odHRwOi8vd2VpeGluLnFxLmNvbS9xLzAyVEpHdk13blZhQWUxMDAwME0wNzMAAgQx8w1cAwQAAAAA]]></Ticket>
</xml>

2019-03-30 12:56:10 params :
------------
String:
array (
  'rule' => -2,
  'module' => '',
  'message' => 
  array (
    'tousername' => 'gh_74fc964c4914',
    'fromusername' => 'oF_mkjrLOdh1_8h-UYK_29pbfTgU',
    'createtime' => '1553921772',
    'msgtype' => 'event',
    'event' => 'SCAN',
    'eventkey' => 'TZHB15444180976654564--11939',
    'ticket' => 'gQHa8DwAAAAAAAAAAS5odHRwOi8vd2VpeGluLnFxLmNvbS9xLzAyVEpHdk13blZhQWUxMDAwME0wNzMAAgQx8w1cAwQAAAAA',
    'from' => 'oF_mkjrLOdh1_8h-UYK_29pbfTgU',
    'to' => 'gh_74fc964c4914',
    'time' => '1553921772',
    'type' => 'text',
    'scene' => 'TZHB15444180976654564--11939',
    'redirection' => true,
    'source' => 'qr',
  ),
)

2019-03-30 12:56:10 response :
------------

2019-03-30 13:14:18 trace :
------------
String:
<xml><ToUserName><![CDATA[gh_74fc964c4914]]></ToUserName>
<FromUserName><![CDATA[oF_mkjghO0KIgojP_l8DWqEl8cIs]]></FromUserName>
<CreateTime>1553922859</CreateTime>
<MsgType><![CDATA[event]]></MsgType>
<Event><![CDATA[SCAN]]></Event>
<EventKey><![CDATA[TZHB15367433004743331--9827]]></EventKey>
<Ticket><![CDATA[gQHl8TwAAAAAAAAAAS5odHRwOi8vd2VpeGluLnFxLmNvbS9xLzAyUGtlck5HblZhQWUxMDAwMHcwNzUAAgSE15hbAwQAAAAA]]></Ticket>
</xml>

2019-03-30 13:14:18 params :
------------
String:
array (
  'rule' => -2,
  'module' => '',
  'message' => 
  array (
    'tousername' => 'gh_74fc964c4914',
    'fromusername' => 'oF_mkjghO0KIgojP_l8DWqEl8cIs',
    'createtime' => '1553922859',
    'msgtype' => 'event',
    'event' => 'SCAN',
    'eventkey' => 'TZHB15367433004743331--9827',
    'ticket' => 'gQHl8TwAAAAAAAAAAS5odHRwOi8vd2VpeGluLnFxLmNvbS9xLzAyUGtlck5HblZhQWUxMDAwMHcwNzUAAgSE15hbAwQAAAAA',
    'from' => 'oF_mkjghO0KIgojP_l8DWqEl8cIs',
    'to' => 'gh_74fc964c4914',
    'time' => '1553922859',
    'type' => 'text',
    'scene' => 'TZHB15367433004743331--9827',
    'redirection' => true,
    'source' => 'qr',
  ),
)

2019-03-30 13:14:18 response :
------------

2019-03-30 13:14:47 trace :
------------
String:
<xml><ToUserName><![CDATA[gh_74fc964c4914]]></ToUserName>
<FromUserName><![CDATA[oF_mkjghO0KIgojP_l8DWqEl8cIs]]></FromUserName>
<CreateTime>1553922888</CreateTime>
<MsgType><![CDATA[event]]></MsgType>
<Event><![CDATA[SCAN]]></Event>
<EventKey><![CDATA[TZHB15367433004743331--9827]]></EventKey>
<Ticket><![CDATA[gQHl8TwAAAAAAAAAAS5odHRwOi8vd2VpeGluLnFxLmNvbS9xLzAyUGtlck5HblZhQWUxMDAwMHcwNzUAAgSE15hbAwQAAAAA]]></Ticket>
</xml>

2019-03-30 13:14:47 params :
------------
String:
array (
  'rule' => -2,
  'module' => '',
  'message' => 
  array (
    'tousername' => 'gh_74fc964c4914',
    'fromusername' => 'oF_mkjghO0KIgojP_l8DWqEl8cIs',
    'createtime' => '1553922888',
    'msgtype' => 'event',
    'event' => 'SCAN',
    'eventkey' => 'TZHB15367433004743331--9827',
    'ticket' => 'gQHl8TwAAAAAAAAAAS5odHRwOi8vd2VpeGluLnFxLmNvbS9xLzAyUGtlck5HblZhQWUxMDAwMHcwNzUAAgSE15hbAwQAAAAA',
    'from' => 'oF_mkjghO0KIgojP_l8DWqEl8cIs',
    'to' => 'gh_74fc964c4914',
    'time' => '1553922888',
    'type' => 'text',
    'scene' => 'TZHB15367433004743331--9827',
    'redirection' => true,
    'source' => 'qr',
  ),
)

2019-03-30 13:14:47 response :
------------

2019-03-30 13:15:02 trace :
------------
String:
<xml><ToUserName><![CDATA[gh_74fc964c4914]]></ToUserName>
<FromUserName><![CDATA[oF_mkjghO0KIgojP_l8DWqEl8cIs]]></FromUserName>
<CreateTime>1553922903</CreateTime>
<MsgType><![CDATA[text]]></MsgType>
<Content><![CDATA[红包]]></Content>
<MsgId>22246828429452520</MsgId>
</xml>

2019-03-30 13:15:02 params :
------------
String:
array (
  'rule' => -2,
  'module' => '',
  'message' => 
  array (
    'tousername' => 'gh_74fc964c4914',
    'fromusername' => 'oF_mkjghO0KIgojP_l8DWqEl8cIs',
    'createtime' => '1553922903',
    'msgtype' => 'text',
    'content' => '红包',
    'msgid' => '22246828429452520',
    'from' => 'oF_mkjghO0KIgojP_l8DWqEl8cIs',
    'to' => 'gh_74fc964c4914',
    'time' => '1553922903',
    'type' => 'text',
    'event' => NULL,
    'redirection' => false,
    'source' => NULL,
  ),
)

2019-03-30 13:15:02 response :
------------

2019-03-30 13:15:19 trace :
------------
String:
<xml><ToUserName><![CDATA[gh_74fc964c4914]]></ToUserName>
<FromUserName><![CDATA[oF_mkjghO0KIgojP_l8DWqEl8cIs]]></FromUserName>
<CreateTime>1553922921</CreateTime>
<MsgType><![CDATA[event]]></MsgType>
<Event><![CDATA[SCAN]]></Event>
<EventKey><![CDATA[TZHB15367433004743331--9827]]></EventKey>
<Ticket><![CDATA[gQHl8TwAAAAAAAAAAS5odHRwOi8vd2VpeGluLnFxLmNvbS9xLzAyUGtlck5HblZhQWUxMDAwMHcwNzUAAgSE15hbAwQAAAAA]]></Ticket>
</xml>

2019-03-30 13:15:19 params :
------------
String:
array (
  'rule' => -2,
  'module' => '',
  'message' => 
  array (
    'tousername' => 'gh_74fc964c4914',
    'fromusername' => 'oF_mkjghO0KIgojP_l8DWqEl8cIs',
    'createtime' => '1553922921',
    'msgtype' => 'event',
    'event' => 'SCAN',
    'eventkey' => 'TZHB15367433004743331--9827',
    'ticket' => 'gQHl8TwAAAAAAAAAAS5odHRwOi8vd2VpeGluLnFxLmNvbS9xLzAyUGtlck5HblZhQWUxMDAwMHcwNzUAAgSE15hbAwQAAAAA',
    'from' => 'oF_mkjghO0KIgojP_l8DWqEl8cIs',
    'to' => 'gh_74fc964c4914',
    'time' => '1553922921',
    'type' => 'text',
    'scene' => 'TZHB15367433004743331--9827',
    'redirection' => true,
    'source' => 'qr',
  ),
)

2019-03-30 13:15:19 response :
------------

2019-03-30 13:16:12 trace :
------------
String:
<xml><ToUserName><![CDATA[gh_74fc964c4914]]></ToUserName>
<FromUserName><![CDATA[oF_mkjghO0KIgojP_l8DWqEl8cIs]]></FromUserName>
<CreateTime>1553922974</CreateTime>
<MsgType><![CDATA[event]]></MsgType>
<Event><![CDATA[SCAN]]></Event>
<EventKey><![CDATA[TZHB15367433004743331--9827]]></EventKey>
<Ticket><![CDATA[gQHl8TwAAAAAAAAAAS5odHRwOi8vd2VpeGluLnFxLmNvbS9xLzAyUGtlck5HblZhQWUxMDAwMHcwNzUAAgSE15hbAwQAAAAA]]></Ticket>
</xml>

2019-03-30 13:16:12 params :
------------
String:
array (
  'rule' => -2,
  'module' => '',
  'message' => 
  array (
    'tousername' => 'gh_74fc964c4914',
    'fromusername' => 'oF_mkjghO0KIgojP_l8DWqEl8cIs',
    'createtime' => '1553922974',
    'msgtype' => 'event',
    'event' => 'SCAN',
    'eventkey' => 'TZHB15367433004743331--9827',
    'ticket' => 'gQHl8TwAAAAAAAAAAS5odHRwOi8vd2VpeGluLnFxLmNvbS9xLzAyUGtlck5HblZhQWUxMDAwMHcwNzUAAgSE15hbAwQAAAAA',
    'from' => 'oF_mkjghO0KIgojP_l8DWqEl8cIs',
    'to' => 'gh_74fc964c4914',
    'time' => '1553922974',
    'type' => 'text',
    'scene' => 'TZHB15367433004743331--9827',
    'redirection' => true,
    'source' => 'qr',
  ),
)

2019-03-30 13:16:12 response :
------------

2019-03-30 13:16:14 trace :
------------
String:
<xml><ToUserName><![CDATA[gh_74fc964c4914]]></ToUserName>
<FromUserName><![CDATA[oF_mkjvRc0ZUBUp2HLQisIDLR_lA]]></FromUserName>
<CreateTime>1553922976</CreateTime>
<MsgType><![CDATA[event]]></MsgType>
<Event><![CDATA[subscribe]]></Event>
<EventKey><![CDATA[qrscene_TZHB15367433004743331--9827]]></EventKey>
<Ticket><![CDATA[gQHl8TwAAAAAAAAAAS5odHRwOi8vd2VpeGluLnFxLmNvbS9xLzAyUGtlck5HblZhQWUxMDAwMHcwNzUAAgSE15hbAwQAAAAA]]></Ticket>
</xml>

2019-03-30 13:16:15 params :
------------
String:
array (
  'message' => 
  array (
    'tousername' => 'gh_74fc964c4914',
    'fromusername' => 'oF_mkjvRc0ZUBUp2HLQisIDLR_lA',
    'createtime' => '1553922976',
    'msgtype' => 'event',
    'event' => 'subscribe',
    'eventkey' => 'qrscene_TZHB15367433004743331--9827',
    'ticket' => 'gQHl8TwAAAAAAAAAAS5odHRwOi8vd2VpeGluLnFxLmNvbS9xLzAyUGtlck5HblZhQWUxMDAwMHcwNzUAAgSE15hbAwQAAAAA',
    'from' => 'oF_mkjvRc0ZUBUp2HLQisIDLR_lA',
    'to' => 'gh_74fc964c4914',
    'time' => '1553922976',
    'type' => 'text',
    'scene' => 'TZHB15367433004743331--9827',
    'redirection' => true,
    'source' => 'subscribe',
    'content' => '首次关注',
  ),
  'module' => 'reply',
  'rule' => '9',
  'priority' => '0',
  'keyword' => 
  array (
    'id' => '116',
    'rid' => '9',
    'uniacid' => '2',
    'module' => 'reply',
    'content' => '首次关注',
    'type' => '1',
    'displayorder' => '0',
    'status' => '1',
    'reply_type' => 
    array (
      0 => 'basic',
    ),
  ),
  'reply_type' => 
  array (
    0 => 'basic',
  ),
)

2019-03-30 13:16:15 response :
------------
Array:
FromUserName : gh_74fc964c4914 ;
ToUserName : oF_mkjvRc0ZUBUp2HLQisIDLR_lA ;
MsgType : text ;
Content : 您好，感谢您关注奔瑞汽车用品！360°汽车服务解决方案提供商。业务领域涵盖高端美容、二手翻新及快速钣喷等，欢迎与我们联系。
您也可以回复以下数字，查看相关信息。
【1】品牌介绍
【2】核心项目
【3】合作支持
【4】产品中心
【5】联系方式
您可以留言或拨打客服热线 4006669243 更多资讯，您可以访问奔瑞官网 www.benrui.cn
意见，建议反馈信息请直接回复，谢谢。 ;

2019-03-30 13:16:36 trace :
------------
String:
<xml><ToUserName><![CDATA[gh_74fc964c4914]]></ToUserName>
<FromUserName><![CDATA[oF_mkjvRc0ZUBUp2HLQisIDLR_lA]]></FromUserName>
<CreateTime>1553922997</CreateTime>
<MsgType><![CDATA[event]]></MsgType>
<Event><![CDATA[SCAN]]></Event>
<EventKey><![CDATA[TZHB15367433004743331--9827]]></EventKey>
<Ticket><![CDATA[gQHl8TwAAAAAAAAAAS5odHRwOi8vd2VpeGluLnFxLmNvbS9xLzAyUGtlck5HblZhQWUxMDAwMHcwNzUAAgSE15hbAwQAAAAA]]></Ticket>
</xml>

2019-03-30 13:16:36 params :
------------
String:
array (
  'rule' => -2,
  'module' => '',
  'message' => 
  array (
    'tousername' => 'gh_74fc964c4914',
    'fromusername' => 'oF_mkjvRc0ZUBUp2HLQisIDLR_lA',
    'createtime' => '1553922997',
    'msgtype' => 'event',
    'event' => 'SCAN',
    'eventkey' => 'TZHB15367433004743331--9827',
    'ticket' => 'gQHl8TwAAAAAAAAAAS5odHRwOi8vd2VpeGluLnFxLmNvbS9xLzAyUGtlck5HblZhQWUxMDAwMHcwNzUAAgSE15hbAwQAAAAA',
    'from' => 'oF_mkjvRc0ZUBUp2HLQisIDLR_lA',
    'to' => 'gh_74fc964c4914',
    'time' => '1553922997',
    'type' => 'text',
    'scene' => 'TZHB15367433004743331--9827',
    'redirection' => true,
    'source' => 'qr',
  ),
)

2019-03-30 13:16:36 response :
------------

2019-03-30 15:40:35 trace :
------------
String:
<xml><ToUserName><![CDATA[gh_74fc964c4914]]></ToUserName>
<FromUserName><![CDATA[oF_mkjlXPeUN9NR75tZrXsrEq0hE]]></FromUserName>
<CreateTime>1553931637</CreateTime>
<MsgType><![CDATA[event]]></MsgType>
<Event><![CDATA[SCAN]]></Event>
<EventKey><![CDATA[TZHB15444181482978357--12295]]></EventKey>
<Ticket><![CDATA[gQHs8DwAAAAAAAAAAS5odHRwOi8vd2VpeGluLnFxLmNvbS9xLzAyMmw5Vk5iblZhQWUxMDAwMDAwN00AAgRk8w1cAwQAAAAA]]></Ticket>
</xml>

2019-03-30 15:40:35 params :
------------
String:
array (
  'rule' => -2,
  'module' => '',
  'message' => 
  array (
    'tousername' => 'gh_74fc964c4914',
    'fromusername' => 'oF_mkjlXPeUN9NR75tZrXsrEq0hE',
    'createtime' => '1553931637',
    'msgtype' => 'event',
    'event' => 'SCAN',
    'eventkey' => 'TZHB15444181482978357--12295',
    'ticket' => 'gQHs8DwAAAAAAAAAAS5odHRwOi8vd2VpeGluLnFxLmNvbS9xLzAyMmw5Vk5iblZhQWUxMDAwMDAwN00AAgRk8w1cAwQAAAAA',
    'from' => 'oF_mkjlXPeUN9NR75tZrXsrEq0hE',
    'to' => 'gh_74fc964c4914',
    'time' => '1553931637',
    'type' => 'text',
    'scene' => 'TZHB15444181482978357--12295',
    'redirection' => true,
    'source' => 'qr',
  ),
)

2019-03-30 15:40:35 response :
------------

2019-03-30 18:48:56 trace :
------------
String:
<xml><ToUserName><![CDATA[gh_74fc964c4914]]></ToUserName>
<FromUserName><![CDATA[oF_mkjtFJPez-griY2ZwJ4NkqwDg]]></FromUserName>
<CreateTime>1553942938</CreateTime>
<MsgType><![CDATA[text]]></MsgType>
<Content><![CDATA[爆滑镀晶]]></Content>
<MsgId>22247113572859421</MsgId>
</xml>

2019-03-30 18:48:57 params :
------------
String:
array (
  'rule' => -2,
  'module' => '',
  'message' => 
  array (
    'tousername' => 'gh_74fc964c4914',
    'fromusername' => 'oF_mkjtFJPez-griY2ZwJ4NkqwDg',
    'createtime' => '1553942938',
    'msgtype' => 'text',
    'content' => '爆滑镀晶',
    'msgid' => '22247113572859421',
    'from' => 'oF_mkjtFJPez-griY2ZwJ4NkqwDg',
    'to' => 'gh_74fc964c4914',
    'time' => '1553942938',
    'type' => 'text',
    'event' => NULL,
    'redirection' => false,
    'source' => NULL,
  ),
)

2019-03-30 18:48:57 response :
------------

2019-03-30 18:58:08 trace :
------------
String:
<xml><ToUserName><![CDATA[gh_74fc964c4914]]></ToUserName>
<FromUserName><![CDATA[oF_mkjtFJPez-griY2ZwJ4NkqwDg]]></FromUserName>
<CreateTime>1553943489</CreateTime>
<MsgType><![CDATA[text]]></MsgType>
<Content><![CDATA[2]]></Content>
<MsgId>22247122794074214</MsgId>
</xml>

2019-03-30 18:58:08 params :
------------
String:
array (
  'message' => 
  array (
    'tousername' => 'gh_74fc964c4914',
    'fromusername' => 'oF_mkjtFJPez-griY2ZwJ4NkqwDg',
    'createtime' => '1553943489',
    'msgtype' => 'text',
    'content' => '2',
    'msgid' => '22247122794074214',
    'from' => 'oF_mkjtFJPez-griY2ZwJ4NkqwDg',
    'to' => 'gh_74fc964c4914',
    'time' => '1553943489',
    'type' => 'text',
    'event' => NULL,
    'redirection' => false,
    'source' => NULL,
  ),
  'module' => 'reply',
  'rule' => '33',
  'priority' => '0',
  'keyword' => 
  array (
    'id' => '54',
    'rid' => '33',
    'uniacid' => '2',
    'module' => 'reply',
    'content' => '2',
    'type' => '1',
    'displayorder' => '0',
    'status' => '1',
    'reply_type' => 
    array (
      0 => 'basic',
    ),
  ),
  'reply_type' => 
  array (
    0 => 'basic',
  ),
)

2019-03-30 18:58:08 response :
------------
Array:
FromUserName : gh_74fc964c4914 ;
ToUserName : oF_mkjtFJPez-griY2ZwJ4NkqwDg ;
MsgType : text ;
Content : 回复【201】了解快速钣金：一场钣金技术的革命，来自日本Star公司的神奇系统是专为简单、方便、快速钣金修复而设计的，高效，省力，简单易学。
回复【202】真皮修补：奔瑞真皮修复系统可将已褪色、龟裂、老化、划伤、烫伤的真皮座椅、补伤、上色、改色、裂纹修复，使之重新翻新，从而还您座驾的第二次青春！
回复【203】快速烤漆：来自欧洲的环保节能产品，全球首款快干型清漆，20摄氏度 10分钟干燥交车，最环保 最接近水性的清漆。 ;

2019-03-30 18:58:28 trace :
------------
String:
<xml><ToUserName><![CDATA[gh_74fc964c4914]]></ToUserName>
<FromUserName><![CDATA[oF_mkjtFJPez-griY2ZwJ4NkqwDg]]></FromUserName>
<CreateTime>1553943509</CreateTime>
<MsgType><![CDATA[text]]></MsgType>
<Content><![CDATA[4]]></Content>
<MsgId>22247121681169290</MsgId>
</xml>

2019-03-30 18:58:28 params :
------------
String:
array (
  'message' => 
  array (
    'tousername' => 'gh_74fc964c4914',
    'fromusername' => 'oF_mkjtFJPez-griY2ZwJ4NkqwDg',
    'createtime' => '1553943509',
    'msgtype' => 'text',
    'content' => '4',
    'msgid' => '22247121681169290',
    'from' => 'oF_mkjtFJPez-griY2ZwJ4NkqwDg',
    'to' => 'gh_74fc964c4914',
    'time' => '1553943509',
    'type' => 'text',
    'event' => NULL,
    'redirection' => false,
    'source' => NULL,
  ),
  'module' => 'reply',
  'rule' => '32',
  'priority' => '0',
  'keyword' => 
  array (
    'id' => '53',
    'rid' => '32',
    'uniacid' => '2',
    'module' => 'reply',
    'content' => '4',
    'type' => '1',
    'displayorder' => '0',
    'status' => '1',
    'reply_type' => 
    array (
      0 => 'basic',
    ),
  ),
  'reply_type' => 
  array (
    0 => 'basic',
  ),
)

2019-03-30 18:58:28 response :
------------
Array:
FromUserName : gh_74fc964c4914 ;
ToUserName : oF_mkjtFJPez-griY2ZwJ4NkqwDg ;
MsgType : text ;
Content : 回复【401】查看镀膜类系列产品
回复【402】查看基础护理类产品
回复【403】查看清洁保护类产品
回复【404】查看空气净化类产品
回复【405】查看真皮塑件保养类产品
回复【406】查看工具系列产品 ;

2019-03-30 18:58:44 trace :
------------
String:
<xml><ToUserName><![CDATA[gh_74fc964c4914]]></ToUserName>
<FromUserName><![CDATA[oF_mkjtFJPez-griY2ZwJ4NkqwDg]]></FromUserName>
<CreateTime>1553943525</CreateTime>
<MsgType><![CDATA[text]]></MsgType>
<Content><![CDATA[401]]></Content>
<MsgId>22247119018837453</MsgId>
</xml>

2019-03-30 18:58:44 params :
------------
String:
array (
  'message' => 
  array (
    'tousername' => 'gh_74fc964c4914',
    'fromusername' => 'oF_mkjtFJPez-griY2ZwJ4NkqwDg',
    'createtime' => '1553943525',
    'msgtype' => 'text',
    'content' => '401',
    'msgid' => '22247119018837453',
    'from' => 'oF_mkjtFJPez-griY2ZwJ4NkqwDg',
    'to' => 'gh_74fc964c4914',
    'time' => '1553943525',
    'type' => 'text',
    'event' => NULL,
    'redirection' => false,
    'source' => NULL,
  ),
  'module' => 'reply',
  'rule' => '31',
  'priority' => '0',
  'keyword' => 
  array (
    'id' => '52',
    'rid' => '31',
    'uniacid' => '2',
    'module' => 'reply',
    'content' => '401',
    'type' => '1',
    'displayorder' => '0',
    'status' => '1',
    'reply_type' => 
    array (
      0 => 'basic',
    ),
  ),
  'reply_type' => 
  array (
    0 => 'basic',
  ),
)

2019-03-30 18:58:44 response :
------------
Array:
FromUserName : gh_74fc964c4914 ;
ToUserName : oF_mkjtFJPez-griY2ZwJ4NkqwDg ;
MsgType : text ;
Content : 回复产品前编号如【x-1】查看产品详细信息。
F1 漆面专业烤瓷
F2 至尊硬化镀膜
X-1 铂金硬化镀膜
X-6 欧铂硬化镀膜
A-390 超级玻璃纤维素镀膜
A-600 超级纳米镀膜
A-730 晶钻硬化镀膜
B-180B 玻璃防水镀膜
C-200 车内顶棚绒布镀膜
C-210 真皮镀膜
C-230 仪表台镀膜
C-260 装饰件翻新镀膜 ;

2019-03-30 18:59:15 trace :
------------
String:
<xml><ToUserName><![CDATA[gh_74fc964c4914]]></ToUserName>
<FromUserName><![CDATA[oF_mkjtFJPez-griY2ZwJ4NkqwDg]]></FromUserName>
<CreateTime>1553943557</CreateTime>
<MsgType><![CDATA[text]]></MsgType>
<Content><![CDATA[v-9]]></Content>
<MsgId>22247121108173217</MsgId>
</xml>

2019-03-30 18:59:15 params :
------------
String:
array (
  'rule' => -2,
  'module' => '',
  'message' => 
  array (
    'tousername' => 'gh_74fc964c4914',
    'fromusername' => 'oF_mkjtFJPez-griY2ZwJ4NkqwDg',
    'createtime' => '1553943557',
    'msgtype' => 'text',
    'content' => 'v-9',
    'msgid' => '22247121108173217',
    'from' => 'oF_mkjtFJPez-griY2ZwJ4NkqwDg',
    'to' => 'gh_74fc964c4914',
    'time' => '1553943557',
    'type' => 'text',
    'event' => NULL,
    'redirection' => false,
    'source' => NULL,
  ),
)

2019-03-30 18:59:15 response :
------------

2019-03-30 19:42:03 trace :
------------
String:
<xml><ToUserName><![CDATA[gh_74fc964c4914]]></ToUserName>
<FromUserName><![CDATA[oF_mkjvVHe5nfVFnB-eFBRGMWono]]></FromUserName>
<CreateTime>1553946124</CreateTime>
<MsgType><![CDATA[text]]></MsgType>
<Content><![CDATA[咋了]]></Content>
<MsgId>22247161126599139</MsgId>
</xml>

2019-03-30 19:42:03 params :
------------
String:
array (
  'rule' => -2,
  'module' => '',
  'message' => 
  array (
    'tousername' => 'gh_74fc964c4914',
    'fromusername' => 'oF_mkjvVHe5nfVFnB-eFBRGMWono',
    'createtime' => '1553946124',
    'msgtype' => 'text',
    'content' => '咋了',
    'msgid' => '22247161126599139',
    'from' => 'oF_mkjvVHe5nfVFnB-eFBRGMWono',
    'to' => 'gh_74fc964c4914',
    'time' => '1553946124',
    'type' => 'text',
    'event' => NULL,
    'redirection' => false,
    'source' => NULL,
  ),
)

2019-03-30 19:42:03 response :
------------

