2019-01-07 00:32:01 trace :
------------
String:
<xml><ToUserName><![CDATA[gh_74fc964c4914]]></ToUserName>
<FromUserName><![CDATA[oF_mkjlffBz7gYxeincpzkrWv2pw]]></FromUserName>
<CreateTime>1546792321</CreateTime>
<MsgType><![CDATA[event]]></MsgType>
<Event><![CDATA[unsubscribe]]></Event>
<EventKey><![CDATA[]]></EventKey>
</xml>

2019-01-07 08:22:05 trace :
------------
String:
<xml><ToUserName><![CDATA[gh_74fc964c4914]]></ToUserName>
<FromUserName><![CDATA[oF_mkjkCbwceidxSapGOaVNRZ4P0]]></FromUserName>
<CreateTime>1546820525</CreateTime>
<MsgType><![CDATA[event]]></MsgType>
<Event><![CDATA[SCAN]]></Event>
<EventKey><![CDATA[TZHB15304979695513946--7419]]></EventKey>
<Ticket><![CDATA[gQFB8TwAAAAAAAAAAS5odHRwOi8vd2VpeGluLnFxLmNvbS9xLzAyY2RIdk5iblZhQWUxMDAwMHcwN0kAAgSxizlbAwQAAAAA]]></Ticket>
</xml>

2019-01-07 08:22:06 params :
------------
String:
array (
  'rule' => -2,
  'module' => '',
  'message' => 
  array (
    'tousername' => 'gh_74fc964c4914',
    'fromusername' => 'oF_mkjkCbwceidxSapGOaVNRZ4P0',
    'createtime' => '1546820525',
    'msgtype' => 'event',
    'event' => 'SCAN',
    'eventkey' => 'TZHB15304979695513946--7419',
    'ticket' => 'gQFB8TwAAAAAAAAAAS5odHRwOi8vd2VpeGluLnFxLmNvbS9xLzAyY2RIdk5iblZhQWUxMDAwMHcwN0kAAgSxizlbAwQAAAAA',
    'from' => 'oF_mkjkCbwceidxSapGOaVNRZ4P0',
    'to' => 'gh_74fc964c4914',
    'time' => '1546820525',
    'type' => 'text',
    'scene' => 'TZHB15304979695513946--7419',
    'redirection' => true,
    'source' => 'qr',
  ),
)

2019-01-07 08:22:06 response :
------------

2019-01-07 08:26:30 trace :
------------
String:
<xml><ToUserName><![CDATA[gh_74fc964c4914]]></ToUserName>
<FromUserName><![CDATA[oF_mkjuBryomdRwMLV1bLJwKZD5I]]></FromUserName>
<CreateTime>1546820788</CreateTime>
<MsgType><![CDATA[event]]></MsgType>
<Event><![CDATA[SCAN]]></Event>
<EventKey><![CDATA[TZHB15444180806316601--11827]]></EventKey>
<Ticket><![CDATA[gQHN8DwAAAAAAAAAAS5odHRwOi8vd2VpeGluLnFxLmNvbS9xLzAycHI5ak1CblZhQWUxMDAwMDAwN3kAAgQg8w1cAwQAAAAA]]></Ticket>
</xml>

2019-01-07 08:26:30 params :
------------
String:
array (
  'rule' => -2,
  'module' => '',
  'message' => 
  array (
    'tousername' => 'gh_74fc964c4914',
    'fromusername' => 'oF_mkjuBryomdRwMLV1bLJwKZD5I',
    'createtime' => '1546820788',
    'msgtype' => 'event',
    'event' => 'SCAN',
    'eventkey' => 'TZHB15444180806316601--11827',
    'ticket' => 'gQHN8DwAAAAAAAAAAS5odHRwOi8vd2VpeGluLnFxLmNvbS9xLzAycHI5ak1CblZhQWUxMDAwMDAwN3kAAgQg8w1cAwQAAAAA',
    'from' => 'oF_mkjuBryomdRwMLV1bLJwKZD5I',
    'to' => 'gh_74fc964c4914',
    'time' => '1546820788',
    'type' => 'text',
    'scene' => 'TZHB15444180806316601--11827',
    'redirection' => true,
    'source' => 'qr',
  ),
)

2019-01-07 08:26:30 response :
------------

2019-01-07 08:28:09 trace :
------------
String:
<xml><ToUserName><![CDATA[gh_74fc964c4914]]></ToUserName>
<FromUserName><![CDATA[oF_mkjqyNJo-Iz-iqS8UB4MYRttI]]></FromUserName>
<CreateTime>1546820888</CreateTime>
<MsgType><![CDATA[event]]></MsgType>
<Event><![CDATA[LOCATION]]></Event>
<Latitude>35.111935</Latitude>
<Longitude>118.298233</Longitude>
<Precision>490.000000</Precision>
</xml>

2019-01-07 08:28:09 params :
------------
String:
array (
  'message' => 
  array (
    'tousername' => 'gh_74fc964c4914',
    'fromusername' => 'oF_mkjqyNJo-Iz-iqS8UB4MYRttI',
    'createtime' => '1546820888',
    'msgtype' => 'event',
    'event' => 'LOCATION',
    'latitude' => '35.111935',
    'longitude' => '118.298233',
    'precision' => '490.000000',
    'from' => 'oF_mkjqyNJo-Iz-iqS8UB4MYRttI',
    'to' => 'gh_74fc964c4914',
    'time' => '1546820888',
    'type' => 'trace',
    'location_x' => '35.111935',
    'location_y' => '118.298233',
  ),
  'module' => 'default',
  'rule' => '-1',
)

2019-01-07 08:28:09 response :
------------
Array:
errno : -1 ;
message : Invaild value ;

2019-01-07 08:28:09 trace :
------------
String:
<xml><ToUserName><![CDATA[gh_74fc964c4914]]></ToUserName>
<FromUserName><![CDATA[oF_mkjqyNJo-Iz-iqS8UB4MYRttI]]></FromUserName>
<CreateTime>1546820887</CreateTime>
<MsgType><![CDATA[event]]></MsgType>
<Event><![CDATA[SCAN]]></Event>
<EventKey><![CDATA[TZHB15444181698054252--12436]]></EventKey>
<Ticket><![CDATA[gQG98DwAAAAAAAAAAS5odHRwOi8vd2VpeGluLnFxLmNvbS9xLzAyRTc5aU5JblZhQWUxMDAwME0wN3IAAgR58w1cAwQAAAAA]]></Ticket>
</xml>

2019-01-07 08:28:09 params :
------------
String:
array (
  'rule' => -2,
  'module' => '',
  'message' => 
  array (
    'tousername' => 'gh_74fc964c4914',
    'fromusername' => 'oF_mkjqyNJo-Iz-iqS8UB4MYRttI',
    'createtime' => '1546820887',
    'msgtype' => 'event',
    'event' => 'SCAN',
    'eventkey' => 'TZHB15444181698054252--12436',
    'ticket' => 'gQG98DwAAAAAAAAAAS5odHRwOi8vd2VpeGluLnFxLmNvbS9xLzAyRTc5aU5JblZhQWUxMDAwME0wN3IAAgR58w1cAwQAAAAA',
    'from' => 'oF_mkjqyNJo-Iz-iqS8UB4MYRttI',
    'to' => 'gh_74fc964c4914',
    'time' => '1546820887',
    'type' => 'text',
    'scene' => 'TZHB15444181698054252--12436',
    'redirection' => true,
    'source' => 'qr',
  ),
)

2019-01-07 08:28:09 response :
------------

2019-01-07 08:28:25 trace :
------------
String:
<xml><ToUserName><![CDATA[gh_74fc964c4914]]></ToUserName>
<FromUserName><![CDATA[oF_mkjqyNJo-Iz-iqS8UB4MYRttI]]></FromUserName>
<CreateTime>1546820904</CreateTime>
<MsgType><![CDATA[event]]></MsgType>
<Event><![CDATA[LOCATION]]></Event>
<Latitude>35.111935</Latitude>
<Longitude>118.298233</Longitude>
<Precision>490.000000</Precision>
</xml>

2019-01-07 08:28:25 params :
------------
String:
array (
  'message' => 
  array (
    'tousername' => 'gh_74fc964c4914',
    'fromusername' => 'oF_mkjqyNJo-Iz-iqS8UB4MYRttI',
    'createtime' => '1546820904',
    'msgtype' => 'event',
    'event' => 'LOCATION',
    'latitude' => '35.111935',
    'longitude' => '118.298233',
    'precision' => '490.000000',
    'from' => 'oF_mkjqyNJo-Iz-iqS8UB4MYRttI',
    'to' => 'gh_74fc964c4914',
    'time' => '1546820904',
    'type' => 'trace',
    'location_x' => '35.111935',
    'location_y' => '118.298233',
  ),
  'module' => 'default',
  'rule' => '-1',
)

2019-01-07 08:28:25 response :
------------
Array:
errno : -1 ;
message : Invaild value ;

2019-01-07 09:07:36 trace :
------------
String:
<xml><ToUserName><![CDATA[gh_74fc964c4914]]></ToUserName>
<FromUserName><![CDATA[oF_mkjrCSUAQYqVka2DMW4kQOm-Y]]></FromUserName>
<CreateTime>1546823255</CreateTime>
<MsgType><![CDATA[event]]></MsgType>
<Event><![CDATA[unsubscribe]]></Event>
<EventKey><![CDATA[]]></EventKey>
</xml>

2019-01-07 10:59:51 trace :
------------
String:
<xml><ToUserName><![CDATA[gh_74fc964c4914]]></ToUserName>
<FromUserName><![CDATA[oF_mkjp31BayEzCAX7g5zte6QfXY]]></FromUserName>
<CreateTime>1546829989</CreateTime>
<MsgType><![CDATA[event]]></MsgType>
<Event><![CDATA[SCAN]]></Event>
<EventKey><![CDATA[TZHB15286801114115292--2079]]></EventKey>
<Ticket><![CDATA[gQHM8TwAAAAAAAAAAS5odHRwOi8vd2VpeGluLnFxLmNvbS9xLzAyNVB5RE4xblZhQWUxMDAwMDAwN1QAAgSvzh1bAwQAAAAA]]></Ticket>
</xml>

2019-01-07 10:59:51 params :
------------
String:
array (
  'rule' => -2,
  'module' => '',
  'message' => 
  array (
    'tousername' => 'gh_74fc964c4914',
    'fromusername' => 'oF_mkjp31BayEzCAX7g5zte6QfXY',
    'createtime' => '1546829989',
    'msgtype' => 'event',
    'event' => 'SCAN',
    'eventkey' => 'TZHB15286801114115292--2079',
    'ticket' => 'gQHM8TwAAAAAAAAAAS5odHRwOi8vd2VpeGluLnFxLmNvbS9xLzAyNVB5RE4xblZhQWUxMDAwMDAwN1QAAgSvzh1bAwQAAAAA',
    'from' => 'oF_mkjp31BayEzCAX7g5zte6QfXY',
    'to' => 'gh_74fc964c4914',
    'time' => '1546829989',
    'type' => 'text',
    'scene' => 'TZHB15286801114115292--2079',
    'redirection' => true,
    'source' => 'qr',
  ),
)

2019-01-07 10:59:51 response :
------------

2019-01-07 11:17:26 trace :
------------
String:
<xml><ToUserName><![CDATA[gh_74fc964c4914]]></ToUserName>
<FromUserName><![CDATA[oF_mkjhe_poSoDbEX1MJHPfqdgh0]]></FromUserName>
<CreateTime>1546831045</CreateTime>
<MsgType><![CDATA[event]]></MsgType>
<Event><![CDATA[subscribe]]></Event>
<EventKey><![CDATA[qrscene_TZHB15304976535918993--6257]]></EventKey>
<Ticket><![CDATA[gQHu8DwAAAAAAAAAAS5odHRwOi8vd2VpeGluLnFxLmNvbS9xLzAyUFlIa003blZhQWUxMDAwME0wN1gAAgR1ijlbAwQAAAAA]]></Ticket>
</xml>

2019-01-07 11:17:26 params :
------------
String:
array (
  'message' => 
  array (
    'tousername' => 'gh_74fc964c4914',
    'fromusername' => 'oF_mkjhe_poSoDbEX1MJHPfqdgh0',
    'createtime' => '1546831045',
    'msgtype' => 'event',
    'event' => 'subscribe',
    'eventkey' => 'qrscene_TZHB15304976535918993--6257',
    'ticket' => 'gQHu8DwAAAAAAAAAAS5odHRwOi8vd2VpeGluLnFxLmNvbS9xLzAyUFlIa003blZhQWUxMDAwME0wN1gAAgR1ijlbAwQAAAAA',
    'from' => 'oF_mkjhe_poSoDbEX1MJHPfqdgh0',
    'to' => 'gh_74fc964c4914',
    'time' => '1546831045',
    'type' => 'text',
    'scene' => 'TZHB15304976535918993--6257',
    'redirection' => true,
    'source' => 'subscribe',
    'content' => '首次关注',
  ),
  'module' => 'reply',
  'rule' => '9',
  'priority' => '0',
  'keyword' => 
  array (
    'id' => '116',
    'rid' => '9',
    'uniacid' => '2',
    'module' => 'reply',
    'content' => '首次关注',
    'type' => '1',
    'displayorder' => '0',
    'status' => '1',
    'reply_type' => 
    array (
      0 => 'basic',
    ),
  ),
  'reply_type' => 
  array (
    0 => 'basic',
  ),
)

2019-01-07 11:17:26 response :
------------
Array:
FromUserName : gh_74fc964c4914 ;
ToUserName : oF_mkjhe_poSoDbEX1MJHPfqdgh0 ;
MsgType : text ;
Content : 您好，感谢您关注奔瑞汽车用品！360°汽车服务解决方案提供商。业务领域涵盖高端美容、二手翻新及快速钣喷等，欢迎与我们联系。
您也可以回复以下数字，查看相关信息。
【1】品牌介绍
【2】核心项目
【3】合作支持
【4】产品中心
【5】联系方式
您可以留言或拨打客服热线 4006669243 更多资讯，您可以访问奔瑞官网 www.benrui.cn
意见，建议反馈信息请直接回复，谢谢。 ;

2019-01-07 11:20:42 trace :
------------
String:
<xml><ToUserName><![CDATA[gh_74fc964c4914]]></ToUserName>
<FromUserName><![CDATA[oF_mkjhe_poSoDbEX1MJHPfqdgh0]]></FromUserName>
<CreateTime>1546831241</CreateTime>
<MsgType><![CDATA[event]]></MsgType>
<Event><![CDATA[unsubscribe]]></Event>
<EventKey><![CDATA[]]></EventKey>
</xml>

2019-01-07 11:39:58 trace :
------------
String:
<xml><ToUserName><![CDATA[gh_74fc964c4914]]></ToUserName>
<FromUserName><![CDATA[oF_mkjlDyWP3JbTD6LajXpjsn_XY]]></FromUserName>
<CreateTime>1546832397</CreateTime>
<MsgType><![CDATA[event]]></MsgType>
<Event><![CDATA[SCAN]]></Event>
<EventKey><![CDATA[TZHB15367438766285364--10631]]></EventKey>
<Ticket><![CDATA[gQFn8TwAAAAAAAAAAS5odHRwOi8vd2VpeGluLnFxLmNvbS9xLzAydkNZZ053blZhQWUxMDAwMHcwN1oAAgTE2ZhbAwQAAAAA]]></Ticket>
</xml>

2019-01-07 11:39:58 params :
------------
String:
array (
  'rule' => -2,
  'module' => '',
  'message' => 
  array (
    'tousername' => 'gh_74fc964c4914',
    'fromusername' => 'oF_mkjlDyWP3JbTD6LajXpjsn_XY',
    'createtime' => '1546832397',
    'msgtype' => 'event',
    'event' => 'SCAN',
    'eventkey' => 'TZHB15367438766285364--10631',
    'ticket' => 'gQFn8TwAAAAAAAAAAS5odHRwOi8vd2VpeGluLnFxLmNvbS9xLzAydkNZZ053blZhQWUxMDAwMHcwN1oAAgTE2ZhbAwQAAAAA',
    'from' => 'oF_mkjlDyWP3JbTD6LajXpjsn_XY',
    'to' => 'gh_74fc964c4914',
    'time' => '1546832397',
    'type' => 'text',
    'scene' => 'TZHB15367438766285364--10631',
    'redirection' => true,
    'source' => 'qr',
  ),
)

2019-01-07 11:39:58 response :
------------

2019-01-07 12:47:47 trace :
------------
String:
<xml><ToUserName><![CDATA[gh_74fc964c4914]]></ToUserName>
<FromUserName><![CDATA[oF_mkjhG_gL_GlPywzlvWDIX00ok]]></FromUserName>
<CreateTime>1546836465</CreateTime>
<MsgType><![CDATA[event]]></MsgType>
<Event><![CDATA[subscribe]]></Event>
<EventKey><![CDATA[qrscene_TZHB15444180208827147--11529]]></EventKey>
<Ticket><![CDATA[gQFi8TwAAAAAAAAAAS5odHRwOi8vd2VpeGluLnFxLmNvbS9xLzAyZkMxTE0zblZhQWUxMDAwME0wN3IAAgTk8g1cAwQAAAAA]]></Ticket>
</xml>

2019-01-07 12:47:47 params :
------------
String:
array (
  'message' => 
  array (
    'tousername' => 'gh_74fc964c4914',
    'fromusername' => 'oF_mkjhG_gL_GlPywzlvWDIX00ok',
    'createtime' => '1546836465',
    'msgtype' => 'event',
    'event' => 'subscribe',
    'eventkey' => 'qrscene_TZHB15444180208827147--11529',
    'ticket' => 'gQFi8TwAAAAAAAAAAS5odHRwOi8vd2VpeGluLnFxLmNvbS9xLzAyZkMxTE0zblZhQWUxMDAwME0wN3IAAgTk8g1cAwQAAAAA',
    'from' => 'oF_mkjhG_gL_GlPywzlvWDIX00ok',
    'to' => 'gh_74fc964c4914',
    'time' => '1546836465',
    'type' => 'text',
    'scene' => 'TZHB15444180208827147--11529',
    'redirection' => true,
    'source' => 'subscribe',
    'content' => '首次关注',
  ),
  'module' => 'reply',
  'rule' => '9',
  'priority' => '0',
  'keyword' => 
  array (
    'id' => '116',
    'rid' => '9',
    'uniacid' => '2',
    'module' => 'reply',
    'content' => '首次关注',
    'type' => '1',
    'displayorder' => '0',
    'status' => '1',
    'reply_type' => 
    array (
      0 => 'basic',
    ),
  ),
  'reply_type' => 
  array (
    0 => 'basic',
  ),
)

2019-01-07 12:47:47 response :
------------
Array:
FromUserName : gh_74fc964c4914 ;
ToUserName : oF_mkjhG_gL_GlPywzlvWDIX00ok ;
MsgType : text ;
Content : 您好，感谢您关注奔瑞汽车用品！360°汽车服务解决方案提供商。业务领域涵盖高端美容、二手翻新及快速钣喷等，欢迎与我们联系。
您也可以回复以下数字，查看相关信息。
【1】品牌介绍
【2】核心项目
【3】合作支持
【4】产品中心
【5】联系方式
您可以留言或拨打客服热线 4006669243 更多资讯，您可以访问奔瑞官网 www.benrui.cn
意见，建议反馈信息请直接回复，谢谢。 ;

2019-01-07 14:55:05 trace :
------------
String:
<xml><ToUserName><![CDATA[gh_74fc964c4914]]></ToUserName>
<FromUserName><![CDATA[oF_mkjnWy_B8RB7tB3kSoR1vPYz4]]></FromUserName>
<CreateTime>1546844103</CreateTime>
<MsgType><![CDATA[event]]></MsgType>
<Event><![CDATA[subscribe]]></Event>
<EventKey><![CDATA[qrscene_TZHB15264360411013640--587]]></EventKey>
<Ticket><![CDATA[gQG48TwAAAAAAAAAAS5odHRwOi8vd2VpeGluLnFxLmNvbS9xLzAyeDJJYk40blZhQWUxMDAwMGcwN2IAAgTJkPtaAwQAAAAA]]></Ticket>
</xml>

2019-01-07 14:55:05 params :
------------
String:
array (
  'message' => 
  array (
    'tousername' => 'gh_74fc964c4914',
    'fromusername' => 'oF_mkjnWy_B8RB7tB3kSoR1vPYz4',
    'createtime' => '1546844103',
    'msgtype' => 'event',
    'event' => 'subscribe',
    'eventkey' => 'qrscene_TZHB15264360411013640--587',
    'ticket' => 'gQG48TwAAAAAAAAAAS5odHRwOi8vd2VpeGluLnFxLmNvbS9xLzAyeDJJYk40blZhQWUxMDAwMGcwN2IAAgTJkPtaAwQAAAAA',
    'from' => 'oF_mkjnWy_B8RB7tB3kSoR1vPYz4',
    'to' => 'gh_74fc964c4914',
    'time' => '1546844103',
    'type' => 'text',
    'scene' => 'TZHB15264360411013640--587',
    'redirection' => true,
    'source' => 'subscribe',
    'content' => '首次关注',
  ),
  'module' => 'reply',
  'rule' => '9',
  'priority' => '0',
  'keyword' => 
  array (
    'id' => '116',
    'rid' => '9',
    'uniacid' => '2',
    'module' => 'reply',
    'content' => '首次关注',
    'type' => '1',
    'displayorder' => '0',
    'status' => '1',
    'reply_type' => 
    array (
      0 => 'basic',
    ),
  ),
  'reply_type' => 
  array (
    0 => 'basic',
  ),
)

2019-01-07 14:55:05 response :
------------
Array:
FromUserName : gh_74fc964c4914 ;
ToUserName : oF_mkjnWy_B8RB7tB3kSoR1vPYz4 ;
MsgType : text ;
Content : 您好，感谢您关注奔瑞汽车用品！360°汽车服务解决方案提供商。业务领域涵盖高端美容、二手翻新及快速钣喷等，欢迎与我们联系。
您也可以回复以下数字，查看相关信息。
【1】品牌介绍
【2】核心项目
【3】合作支持
【4】产品中心
【5】联系方式
您可以留言或拨打客服热线 4006669243 更多资讯，您可以访问奔瑞官网 www.benrui.cn
意见，建议反馈信息请直接回复，谢谢。 ;

2019-01-07 14:55:40 trace :
------------
String:
<xml><ToUserName><![CDATA[gh_74fc964c4914]]></ToUserName>
<FromUserName><![CDATA[oF_mkjtxW4p2N7ktAq0ZxK-EZGA8]]></FromUserName>
<CreateTime>1546844138</CreateTime>
<MsgType><![CDATA[event]]></MsgType>
<Event><![CDATA[SCAN]]></Event>
<EventKey><![CDATA[TZHB15301481116477620--3741]]></EventKey>
<Ticket><![CDATA[gQGW8DwAAAAAAAAAAS5odHRwOi8vd2VpeGluLnFxLmNvbS9xLzAybXBJMU5vblZhQWUxMDAwMDAwN1kAAgQPNTRbAwQAAAAA]]></Ticket>
</xml>

2019-01-07 14:55:40 params :
------------
String:
array (
  'rule' => -2,
  'module' => '',
  'message' => 
  array (
    'tousername' => 'gh_74fc964c4914',
    'fromusername' => 'oF_mkjtxW4p2N7ktAq0ZxK-EZGA8',
    'createtime' => '1546844138',
    'msgtype' => 'event',
    'event' => 'SCAN',
    'eventkey' => 'TZHB15301481116477620--3741',
    'ticket' => 'gQGW8DwAAAAAAAAAAS5odHRwOi8vd2VpeGluLnFxLmNvbS9xLzAybXBJMU5vblZhQWUxMDAwMDAwN1kAAgQPNTRbAwQAAAAA',
    'from' => 'oF_mkjtxW4p2N7ktAq0ZxK-EZGA8',
    'to' => 'gh_74fc964c4914',
    'time' => '1546844138',
    'type' => 'text',
    'scene' => 'TZHB15301481116477620--3741',
    'redirection' => true,
    'source' => 'qr',
  ),
)

2019-01-07 14:55:40 response :
------------

2019-01-07 14:55:40 trace :
------------
String:
<xml><ToUserName><![CDATA[gh_74fc964c4914]]></ToUserName>
<FromUserName><![CDATA[oF_mkjtxW4p2N7ktAq0ZxK-EZGA8]]></FromUserName>
<CreateTime>1546844140</CreateTime>
<MsgType><![CDATA[event]]></MsgType>
<Event><![CDATA[LOCATION]]></Event>
<Latitude>37.561455</Latitude>
<Longitude>118.578934</Longitude>
<Precision>420.000000</Precision>
</xml>

2019-01-07 14:55:40 params :
------------
String:
array (
  'message' => 
  array (
    'tousername' => 'gh_74fc964c4914',
    'fromusername' => 'oF_mkjtxW4p2N7ktAq0ZxK-EZGA8',
    'createtime' => '1546844140',
    'msgtype' => 'event',
    'event' => 'LOCATION',
    'latitude' => '37.561455',
    'longitude' => '118.578934',
    'precision' => '420.000000',
    'from' => 'oF_mkjtxW4p2N7ktAq0ZxK-EZGA8',
    'to' => 'gh_74fc964c4914',
    'time' => '1546844140',
    'type' => 'trace',
    'location_x' => '37.561455',
    'location_y' => '118.578934',
  ),
  'module' => 'default',
  'rule' => '-1',
)

2019-01-07 14:55:40 response :
------------
Array:
errno : -1 ;
message : Invaild value ;

2019-01-07 14:55:46 trace :
------------
String:
<xml><ToUserName><![CDATA[gh_74fc964c4914]]></ToUserName>
<FromUserName><![CDATA[oF_mkjm4q8nRKJcABLpZfZcnOrI8]]></FromUserName>
<CreateTime>1546844146</CreateTime>
<MsgType><![CDATA[event]]></MsgType>
<Event><![CDATA[subscribe]]></Event>
<EventKey><![CDATA[qrscene_TZHB15264360411013640--587]]></EventKey>
<Ticket><![CDATA[gQG48TwAAAAAAAAAAS5odHRwOi8vd2VpeGluLnFxLmNvbS9xLzAyeDJJYk40blZhQWUxMDAwMGcwN2IAAgTJkPtaAwQAAAAA]]></Ticket>
</xml>

2019-01-07 14:55:46 params :
------------
String:
array (
  'message' => 
  array (
    'tousername' => 'gh_74fc964c4914',
    'fromusername' => 'oF_mkjm4q8nRKJcABLpZfZcnOrI8',
    'createtime' => '1546844146',
    'msgtype' => 'event',
    'event' => 'subscribe',
    'eventkey' => 'qrscene_TZHB15264360411013640--587',
    'ticket' => 'gQG48TwAAAAAAAAAAS5odHRwOi8vd2VpeGluLnFxLmNvbS9xLzAyeDJJYk40blZhQWUxMDAwMGcwN2IAAgTJkPtaAwQAAAAA',
    'from' => 'oF_mkjm4q8nRKJcABLpZfZcnOrI8',
    'to' => 'gh_74fc964c4914',
    'time' => '1546844146',
    'type' => 'text',
    'scene' => 'TZHB15264360411013640--587',
    'redirection' => true,
    'source' => 'subscribe',
    'content' => '首次关注',
  ),
  'module' => 'reply',
  'rule' => '9',
  'priority' => '0',
  'keyword' => 
  array (
    'id' => '116',
    'rid' => '9',
    'uniacid' => '2',
    'module' => 'reply',
    'content' => '首次关注',
    'type' => '1',
    'displayorder' => '0',
    'status' => '1',
    'reply_type' => 
    array (
      0 => 'basic',
    ),
  ),
  'reply_type' => 
  array (
    0 => 'basic',
  ),
)

2019-01-07 14:55:46 response :
------------
Array:
FromUserName : gh_74fc964c4914 ;
ToUserName : oF_mkjm4q8nRKJcABLpZfZcnOrI8 ;
MsgType : text ;
Content : 您好，感谢您关注奔瑞汽车用品！360°汽车服务解决方案提供商。业务领域涵盖高端美容、二手翻新及快速钣喷等，欢迎与我们联系。
您也可以回复以下数字，查看相关信息。
【1】品牌介绍
【2】核心项目
【3】合作支持
【4】产品中心
【5】联系方式
您可以留言或拨打客服热线 4006669243 更多资讯，您可以访问奔瑞官网 www.benrui.cn
意见，建议反馈信息请直接回复，谢谢。 ;

2019-01-07 14:55:51 trace :
------------
String:
<xml><ToUserName><![CDATA[gh_74fc964c4914]]></ToUserName>
<FromUserName><![CDATA[oF_mkjtxW4p2N7ktAq0ZxK-EZGA8]]></FromUserName>
<CreateTime>1546844150</CreateTime>
<MsgType><![CDATA[event]]></MsgType>
<Event><![CDATA[LOCATION]]></Event>
<Latitude>37.561455</Latitude>
<Longitude>118.578934</Longitude>
<Precision>420.000000</Precision>
</xml>

2019-01-07 14:55:51 params :
------------
String:
array (
  'message' => 
  array (
    'tousername' => 'gh_74fc964c4914',
    'fromusername' => 'oF_mkjtxW4p2N7ktAq0ZxK-EZGA8',
    'createtime' => '1546844150',
    'msgtype' => 'event',
    'event' => 'LOCATION',
    'latitude' => '37.561455',
    'longitude' => '118.578934',
    'precision' => '420.000000',
    'from' => 'oF_mkjtxW4p2N7ktAq0ZxK-EZGA8',
    'to' => 'gh_74fc964c4914',
    'time' => '1546844150',
    'type' => 'trace',
    'location_x' => '37.561455',
    'location_y' => '118.578934',
  ),
  'module' => 'default',
  'rule' => '-1',
)

2019-01-07 14:55:51 response :
------------
Array:
errno : -1 ;
message : Invaild value ;

2019-01-07 14:56:01 trace :
------------
String:
<xml><ToUserName><![CDATA[gh_74fc964c4914]]></ToUserName>
<FromUserName><![CDATA[oF_mkjm4q8nRKJcABLpZfZcnOrI8]]></FromUserName>
<CreateTime>1546844161</CreateTime>
<MsgType><![CDATA[event]]></MsgType>
<Event><![CDATA[SCAN]]></Event>
<EventKey><![CDATA[TZHB15264360411013640--587]]></EventKey>
<Ticket><![CDATA[gQG48TwAAAAAAAAAAS5odHRwOi8vd2VpeGluLnFxLmNvbS9xLzAyeDJJYk40blZhQWUxMDAwMGcwN2IAAgTJkPtaAwQAAAAA]]></Ticket>
</xml>

2019-01-07 14:56:01 params :
------------
String:
array (
  'rule' => -2,
  'module' => '',
  'message' => 
  array (
    'tousername' => 'gh_74fc964c4914',
    'fromusername' => 'oF_mkjm4q8nRKJcABLpZfZcnOrI8',
    'createtime' => '1546844161',
    'msgtype' => 'event',
    'event' => 'SCAN',
    'eventkey' => 'TZHB15264360411013640--587',
    'ticket' => 'gQG48TwAAAAAAAAAAS5odHRwOi8vd2VpeGluLnFxLmNvbS9xLzAyeDJJYk40blZhQWUxMDAwMGcwN2IAAgTJkPtaAwQAAAAA',
    'from' => 'oF_mkjm4q8nRKJcABLpZfZcnOrI8',
    'to' => 'gh_74fc964c4914',
    'time' => '1546844161',
    'type' => 'text',
    'scene' => 'TZHB15264360411013640--587',
    'redirection' => true,
    'source' => 'qr',
  ),
)

2019-01-07 14:56:01 response :
------------

2019-01-07 14:56:01 trace :
------------
String:
<xml><ToUserName><![CDATA[gh_74fc964c4914]]></ToUserName>
<FromUserName><![CDATA[oF_mkjm4q8nRKJcABLpZfZcnOrI8]]></FromUserName>
<CreateTime>1546844161</CreateTime>
<MsgType><![CDATA[event]]></MsgType>
<Event><![CDATA[SCAN]]></Event>
<EventKey><![CDATA[TZHB15264360411013640--587]]></EventKey>
<Ticket><![CDATA[gQG48TwAAAAAAAAAAS5odHRwOi8vd2VpeGluLnFxLmNvbS9xLzAyeDJJYk40blZhQWUxMDAwMGcwN2IAAgTJkPtaAwQAAAAA]]></Ticket>
</xml>

2019-01-07 14:56:01 params :
------------
String:
array (
  'rule' => -2,
  'module' => '',
  'message' => 
  array (
    'tousername' => 'gh_74fc964c4914',
    'fromusername' => 'oF_mkjm4q8nRKJcABLpZfZcnOrI8',
    'createtime' => '1546844161',
    'msgtype' => 'event',
    'event' => 'SCAN',
    'eventkey' => 'TZHB15264360411013640--587',
    'ticket' => 'gQG48TwAAAAAAAAAAS5odHRwOi8vd2VpeGluLnFxLmNvbS9xLzAyeDJJYk40blZhQWUxMDAwMGcwN2IAAgTJkPtaAwQAAAAA',
    'from' => 'oF_mkjm4q8nRKJcABLpZfZcnOrI8',
    'to' => 'gh_74fc964c4914',
    'time' => '1546844161',
    'type' => 'text',
    'scene' => 'TZHB15264360411013640--587',
    'redirection' => true,
    'source' => 'qr',
  ),
)

2019-01-07 14:56:01 response :
------------

2019-01-07 14:56:12 trace :
------------
String:
<xml><ToUserName><![CDATA[gh_74fc964c4914]]></ToUserName>
<FromUserName><![CDATA[oF_mkjtxW4p2N7ktAq0ZxK-EZGA8]]></FromUserName>
<CreateTime>1546844171</CreateTime>
<MsgType><![CDATA[event]]></MsgType>
<Event><![CDATA[SCAN]]></Event>
<EventKey><![CDATA[TZHB15301485131824380--4832]]></EventKey>
<Ticket><![CDATA[gQHM8DwAAAAAAAAAAS5odHRwOi8vd2VpeGluLnFxLmNvbS9xLzAySmhjMk5kblZhQWUxMDAwMHcwN2QAAgShNjRbAwQAAAAA]]></Ticket>
</xml>

2019-01-07 14:56:12 params :
------------
String:
array (
  'rule' => -2,
  'module' => '',
  'message' => 
  array (
    'tousername' => 'gh_74fc964c4914',
    'fromusername' => 'oF_mkjtxW4p2N7ktAq0ZxK-EZGA8',
    'createtime' => '1546844171',
    'msgtype' => 'event',
    'event' => 'SCAN',
    'eventkey' => 'TZHB15301485131824380--4832',
    'ticket' => 'gQHM8DwAAAAAAAAAAS5odHRwOi8vd2VpeGluLnFxLmNvbS9xLzAySmhjMk5kblZhQWUxMDAwMHcwN2QAAgShNjRbAwQAAAAA',
    'from' => 'oF_mkjtxW4p2N7ktAq0ZxK-EZGA8',
    'to' => 'gh_74fc964c4914',
    'time' => '1546844171',
    'type' => 'text',
    'scene' => 'TZHB15301485131824380--4832',
    'redirection' => true,
    'source' => 'qr',
  ),
)

2019-01-07 14:56:12 response :
------------

2019-01-07 14:56:12 trace :
------------
String:
<xml><ToUserName><![CDATA[gh_74fc964c4914]]></ToUserName>
<FromUserName><![CDATA[oF_mkjtxW4p2N7ktAq0ZxK-EZGA8]]></FromUserName>
<CreateTime>1546844172</CreateTime>
<MsgType><![CDATA[event]]></MsgType>
<Event><![CDATA[LOCATION]]></Event>
<Latitude>37.561455</Latitude>
<Longitude>118.578934</Longitude>
<Precision>420.000000</Precision>
</xml>

2019-01-07 14:56:12 params :
------------
String:
array (
  'message' => 
  array (
    'tousername' => 'gh_74fc964c4914',
    'fromusername' => 'oF_mkjtxW4p2N7ktAq0ZxK-EZGA8',
    'createtime' => '1546844172',
    'msgtype' => 'event',
    'event' => 'LOCATION',
    'latitude' => '37.561455',
    'longitude' => '118.578934',
    'precision' => '420.000000',
    'from' => 'oF_mkjtxW4p2N7ktAq0ZxK-EZGA8',
    'to' => 'gh_74fc964c4914',
    'time' => '1546844172',
    'type' => 'trace',
    'location_x' => '37.561455',
    'location_y' => '118.578934',
  ),
  'module' => 'default',
  'rule' => '-1',
)

2019-01-07 14:56:12 response :
------------
Array:
errno : -1 ;
message : Invaild value ;

2019-01-07 14:56:21 trace :
------------
String:
<xml><ToUserName><![CDATA[gh_74fc964c4914]]></ToUserName>
<FromUserName><![CDATA[oF_mkjtxW4p2N7ktAq0ZxK-EZGA8]]></FromUserName>
<CreateTime>1546844181</CreateTime>
<MsgType><![CDATA[event]]></MsgType>
<Event><![CDATA[LOCATION]]></Event>
<Latitude>37.561455</Latitude>
<Longitude>118.578934</Longitude>
<Precision>420.000000</Precision>
</xml>

2019-01-07 14:56:21 params :
------------
String:
array (
  'message' => 
  array (
    'tousername' => 'gh_74fc964c4914',
    'fromusername' => 'oF_mkjtxW4p2N7ktAq0ZxK-EZGA8',
    'createtime' => '1546844181',
    'msgtype' => 'event',
    'event' => 'LOCATION',
    'latitude' => '37.561455',
    'longitude' => '118.578934',
    'precision' => '420.000000',
    'from' => 'oF_mkjtxW4p2N7ktAq0ZxK-EZGA8',
    'to' => 'gh_74fc964c4914',
    'time' => '1546844181',
    'type' => 'trace',
    'location_x' => '37.561455',
    'location_y' => '118.578934',
  ),
  'module' => 'default',
  'rule' => '-1',
)

2019-01-07 14:56:21 response :
------------
Array:
errno : -1 ;
message : Invaild value ;

2019-01-07 18:01:40 trace :
------------
String:
<xml><ToUserName><![CDATA[gh_74fc964c4914]]></ToUserName>
<FromUserName><![CDATA[oF_mkjsRAU4QDbK3s2QeKnpGDF5A]]></FromUserName>
<CreateTime>1546855298</CreateTime>
<MsgType><![CDATA[event]]></MsgType>
<Event><![CDATA[subscribe]]></Event>
<EventKey><![CDATA[qrscene_TZHB15286865648627108--3013]]></EventKey>
<Ticket><![CDATA[gQFI8TwAAAAAAAAAAS5odHRwOi8vd2VpeGluLnFxLmNvbS9xLzAycEtIbE4tblZhQWUxMDAwMDAwN2EAAgTk5x1bAwQAAAAA]]></Ticket>
</xml>

2019-01-07 18:01:40 params :
------------
String:
array (
  'message' => 
  array (
    'tousername' => 'gh_74fc964c4914',
    'fromusername' => 'oF_mkjsRAU4QDbK3s2QeKnpGDF5A',
    'createtime' => '1546855298',
    'msgtype' => 'event',
    'event' => 'subscribe',
    'eventkey' => 'qrscene_TZHB15286865648627108--3013',
    'ticket' => 'gQFI8TwAAAAAAAAAAS5odHRwOi8vd2VpeGluLnFxLmNvbS9xLzAycEtIbE4tblZhQWUxMDAwMDAwN2EAAgTk5x1bAwQAAAAA',
    'from' => 'oF_mkjsRAU4QDbK3s2QeKnpGDF5A',
    'to' => 'gh_74fc964c4914',
    'time' => '1546855298',
    'type' => 'text',
    'scene' => 'TZHB15286865648627108--3013',
    'redirection' => true,
    'source' => 'subscribe',
    'content' => '首次关注',
  ),
  'module' => 'reply',
  'rule' => '9',
  'priority' => '0',
  'keyword' => 
  array (
    'id' => '116',
    'rid' => '9',
    'uniacid' => '2',
    'module' => 'reply',
    'content' => '首次关注',
    'type' => '1',
    'displayorder' => '0',
    'status' => '1',
    'reply_type' => 
    array (
      0 => 'basic',
    ),
  ),
  'reply_type' => 
  array (
    0 => 'basic',
  ),
)

2019-01-07 18:01:40 response :
------------
Array:
FromUserName : gh_74fc964c4914 ;
ToUserName : oF_mkjsRAU4QDbK3s2QeKnpGDF5A ;
MsgType : text ;
Content : 您好，感谢您关注奔瑞汽车用品！360°汽车服务解决方案提供商。业务领域涵盖高端美容、二手翻新及快速钣喷等，欢迎与我们联系。
您也可以回复以下数字，查看相关信息。
【1】品牌介绍
【2】核心项目
【3】合作支持
【4】产品中心
【5】联系方式
您可以留言或拨打客服热线 4006669243 更多资讯，您可以访问奔瑞官网 www.benrui.cn
意见，建议反馈信息请直接回复，谢谢。 ;

2019-01-07 18:02:34 trace :
------------
String:
<xml><ToUserName><![CDATA[gh_74fc964c4914]]></ToUserName>
<FromUserName><![CDATA[oF_mkjpm3kHuQyX5SjEfWujgZeYk]]></FromUserName>
<CreateTime>1546855353</CreateTime>
<MsgType><![CDATA[event]]></MsgType>
<Event><![CDATA[subscribe]]></Event>
<EventKey><![CDATA[qrscene_TZHB15286865648627108--3013]]></EventKey>
<Ticket><![CDATA[gQFI8TwAAAAAAAAAAS5odHRwOi8vd2VpeGluLnFxLmNvbS9xLzAycEtIbE4tblZhQWUxMDAwMDAwN2EAAgTk5x1bAwQAAAAA]]></Ticket>
</xml>

2019-01-07 18:02:34 params :
------------
String:
array (
  'message' => 
  array (
    'tousername' => 'gh_74fc964c4914',
    'fromusername' => 'oF_mkjpm3kHuQyX5SjEfWujgZeYk',
    'createtime' => '1546855353',
    'msgtype' => 'event',
    'event' => 'subscribe',
    'eventkey' => 'qrscene_TZHB15286865648627108--3013',
    'ticket' => 'gQFI8TwAAAAAAAAAAS5odHRwOi8vd2VpeGluLnFxLmNvbS9xLzAycEtIbE4tblZhQWUxMDAwMDAwN2EAAgTk5x1bAwQAAAAA',
    'from' => 'oF_mkjpm3kHuQyX5SjEfWujgZeYk',
    'to' => 'gh_74fc964c4914',
    'time' => '1546855353',
    'type' => 'text',
    'scene' => 'TZHB15286865648627108--3013',
    'redirection' => true,
    'source' => 'subscribe',
    'content' => '首次关注',
  ),
  'module' => 'reply',
  'rule' => '9',
  'priority' => '0',
  'keyword' => 
  array (
    'id' => '116',
    'rid' => '9',
    'uniacid' => '2',
    'module' => 'reply',
    'content' => '首次关注',
    'type' => '1',
    'displayorder' => '0',
    'status' => '1',
    'reply_type' => 
    array (
      0 => 'basic',
    ),
  ),
  'reply_type' => 
  array (
    0 => 'basic',
  ),
)

2019-01-07 18:02:34 response :
------------
Array:
FromUserName : gh_74fc964c4914 ;
ToUserName : oF_mkjpm3kHuQyX5SjEfWujgZeYk ;
MsgType : text ;
Content : 您好，感谢您关注奔瑞汽车用品！360°汽车服务解决方案提供商。业务领域涵盖高端美容、二手翻新及快速钣喷等，欢迎与我们联系。
您也可以回复以下数字，查看相关信息。
【1】品牌介绍
【2】核心项目
【3】合作支持
【4】产品中心
【5】联系方式
您可以留言或拨打客服热线 4006669243 更多资讯，您可以访问奔瑞官网 www.benrui.cn
意见，建议反馈信息请直接回复，谢谢。 ;

2019-01-07 18:02:40 trace :
------------
String:
<xml><ToUserName><![CDATA[gh_74fc964c4914]]></ToUserName>
<FromUserName><![CDATA[oF_mkjpm3kHuQyX5SjEfWujgZeYk]]></FromUserName>
<CreateTime>1546855360</CreateTime>
<MsgType><![CDATA[event]]></MsgType>
<Event><![CDATA[unsubscribe]]></Event>
<EventKey><![CDATA[]]></EventKey>
</xml>

2019-01-07 18:10:29 trace :
------------
String:
<xml><ToUserName><![CDATA[gh_74fc964c4914]]></ToUserName>
<FromUserName><![CDATA[oF_mkjrVnBrbwQzqtKF3csEyQv9E]]></FromUserName>
<CreateTime>1546855827</CreateTime>
<MsgType><![CDATA[event]]></MsgType>
<Event><![CDATA[subscribe]]></Event>
<EventKey><![CDATA[qrscene_TZHB15304978610143740--6547]]></EventKey>
<Ticket><![CDATA[gQG08TwAAAAAAAAAAS5odHRwOi8vd2VpeGluLnFxLmNvbS9xLzAyMVZCMU4tblZhQWUxMDAwMDAwN0kAAgRFizlbAwQAAAAA]]></Ticket>
</xml>

2019-01-07 18:10:29 params :
------------
String:
array (
  'message' => 
  array (
    'tousername' => 'gh_74fc964c4914',
    'fromusername' => 'oF_mkjrVnBrbwQzqtKF3csEyQv9E',
    'createtime' => '1546855827',
    'msgtype' => 'event',
    'event' => 'subscribe',
    'eventkey' => 'qrscene_TZHB15304978610143740--6547',
    'ticket' => 'gQG08TwAAAAAAAAAAS5odHRwOi8vd2VpeGluLnFxLmNvbS9xLzAyMVZCMU4tblZhQWUxMDAwMDAwN0kAAgRFizlbAwQAAAAA',
    'from' => 'oF_mkjrVnBrbwQzqtKF3csEyQv9E',
    'to' => 'gh_74fc964c4914',
    'time' => '1546855827',
    'type' => 'text',
    'scene' => 'TZHB15304978610143740--6547',
    'redirection' => true,
    'source' => 'subscribe',
    'content' => '首次关注',
  ),
  'module' => 'reply',
  'rule' => '9',
  'priority' => '0',
  'keyword' => 
  array (
    'id' => '116',
    'rid' => '9',
    'uniacid' => '2',
    'module' => 'reply',
    'content' => '首次关注',
    'type' => '1',
    'displayorder' => '0',
    'status' => '1',
    'reply_type' => 
    array (
      0 => 'basic',
    ),
  ),
  'reply_type' => 
  array (
    0 => 'basic',
  ),
)

2019-01-07 18:10:29 response :
------------
Array:
FromUserName : gh_74fc964c4914 ;
ToUserName : oF_mkjrVnBrbwQzqtKF3csEyQv9E ;
MsgType : text ;
Content : 您好，感谢您关注奔瑞汽车用品！360°汽车服务解决方案提供商。业务领域涵盖高端美容、二手翻新及快速钣喷等，欢迎与我们联系。
您也可以回复以下数字，查看相关信息。
【1】品牌介绍
【2】核心项目
【3】合作支持
【4】产品中心
【5】联系方式
您可以留言或拨打客服热线 4006669243 更多资讯，您可以访问奔瑞官网 www.benrui.cn
意见，建议反馈信息请直接回复，谢谢。 ;

2019-01-07 18:13:36 trace :
------------
String:
<xml><ToUserName><![CDATA[gh_74fc964c4914]]></ToUserName>
<FromUserName><![CDATA[oF_mkjlXPeUN9NR75tZrXsrEq0hE]]></FromUserName>
<CreateTime>1546856015</CreateTime>
<MsgType><![CDATA[event]]></MsgType>
<Event><![CDATA[SCAN]]></Event>
<EventKey><![CDATA[TZHB15444180864273309--11865]]></EventKey>
<Ticket><![CDATA[gQF98DwAAAAAAAAAAS5odHRwOi8vd2VpeGluLnFxLmNvbS9xLzAyUXNSck12blZhQWUxMDAwMHcwN0UAAgQm8w1cAwQAAAAA]]></Ticket>
</xml>

2019-01-07 18:13:36 params :
------------
String:
array (
  'rule' => -2,
  'module' => '',
  'message' => 
  array (
    'tousername' => 'gh_74fc964c4914',
    'fromusername' => 'oF_mkjlXPeUN9NR75tZrXsrEq0hE',
    'createtime' => '1546856015',
    'msgtype' => 'event',
    'event' => 'SCAN',
    'eventkey' => 'TZHB15444180864273309--11865',
    'ticket' => 'gQF98DwAAAAAAAAAAS5odHRwOi8vd2VpeGluLnFxLmNvbS9xLzAyUXNSck12blZhQWUxMDAwMHcwN0UAAgQm8w1cAwQAAAAA',
    'from' => 'oF_mkjlXPeUN9NR75tZrXsrEq0hE',
    'to' => 'gh_74fc964c4914',
    'time' => '1546856015',
    'type' => 'text',
    'scene' => 'TZHB15444180864273309--11865',
    'redirection' => true,
    'source' => 'qr',
  ),
)

2019-01-07 18:13:36 response :
------------

2019-01-07 18:19:22 trace :
------------
String:
<xml><ToUserName><![CDATA[gh_74fc964c4914]]></ToUserName>
<FromUserName><![CDATA[oF_mkjqW82qpyiqW9ABxiSV77Mh0]]></FromUserName>
<CreateTime>1546856361</CreateTime>
<MsgType><![CDATA[event]]></MsgType>
<Event><![CDATA[SCAN]]></Event>
<EventKey><![CDATA[TZHB15304976597389492--6310]]></EventKey>
<Ticket><![CDATA[gQGh8DwAAAAAAAAAAS5odHRwOi8vd2VpeGluLnFxLmNvbS9xLzAybFN2Wk1yblZhQWUxMDAwMDAwN04AAgR7ijlbAwQAAAAA]]></Ticket>
</xml>

2019-01-07 18:19:23 params :
------------
String:
array (
  'rule' => -2,
  'module' => '',
  'message' => 
  array (
    'tousername' => 'gh_74fc964c4914',
    'fromusername' => 'oF_mkjqW82qpyiqW9ABxiSV77Mh0',
    'createtime' => '1546856361',
    'msgtype' => 'event',
    'event' => 'SCAN',
    'eventkey' => 'TZHB15304976597389492--6310',
    'ticket' => 'gQGh8DwAAAAAAAAAAS5odHRwOi8vd2VpeGluLnFxLmNvbS9xLzAybFN2Wk1yblZhQWUxMDAwMDAwN04AAgR7ijlbAwQAAAAA',
    'from' => 'oF_mkjqW82qpyiqW9ABxiSV77Mh0',
    'to' => 'gh_74fc964c4914',
    'time' => '1546856361',
    'type' => 'text',
    'scene' => 'TZHB15304976597389492--6310',
    'redirection' => true,
    'source' => 'qr',
  ),
)

2019-01-07 18:19:23 response :
------------

2019-01-07 18:21:40 trace :
------------
String:
<xml><ToUserName><![CDATA[gh_74fc964c4914]]></ToUserName>
<FromUserName><![CDATA[oF_mkjggvoQFw4bIjJpaM0UBHPUA]]></FromUserName>
<CreateTime>1546856500</CreateTime>
<MsgType><![CDATA[event]]></MsgType>
<Event><![CDATA[subscribe]]></Event>
<EventKey><![CDATA[qrscene_TZHB15304976597389492--6310]]></EventKey>
<Ticket><![CDATA[gQGh8DwAAAAAAAAAAS5odHRwOi8vd2VpeGluLnFxLmNvbS9xLzAybFN2Wk1yblZhQWUxMDAwMDAwN04AAgR7ijlbAwQAAAAA]]></Ticket>
</xml>

2019-01-07 18:21:40 params :
------------
String:
array (
  'message' => 
  array (
    'tousername' => 'gh_74fc964c4914',
    'fromusername' => 'oF_mkjggvoQFw4bIjJpaM0UBHPUA',
    'createtime' => '1546856500',
    'msgtype' => 'event',
    'event' => 'subscribe',
    'eventkey' => 'qrscene_TZHB15304976597389492--6310',
    'ticket' => 'gQGh8DwAAAAAAAAAAS5odHRwOi8vd2VpeGluLnFxLmNvbS9xLzAybFN2Wk1yblZhQWUxMDAwMDAwN04AAgR7ijlbAwQAAAAA',
    'from' => 'oF_mkjggvoQFw4bIjJpaM0UBHPUA',
    'to' => 'gh_74fc964c4914',
    'time' => '1546856500',
    'type' => 'text',
    'scene' => 'TZHB15304976597389492--6310',
    'redirection' => true,
    'source' => 'subscribe',
    'content' => '首次关注',
  ),
  'module' => 'reply',
  'rule' => '9',
  'priority' => '0',
  'keyword' => 
  array (
    'id' => '116',
    'rid' => '9',
    'uniacid' => '2',
    'module' => 'reply',
    'content' => '首次关注',
    'type' => '1',
    'displayorder' => '0',
    'status' => '1',
    'reply_type' => 
    array (
      0 => 'basic',
    ),
  ),
  'reply_type' => 
  array (
    0 => 'basic',
  ),
)

2019-01-07 18:21:40 response :
------------
Array:
FromUserName : gh_74fc964c4914 ;
ToUserName : oF_mkjggvoQFw4bIjJpaM0UBHPUA ;
MsgType : text ;
Content : 您好，感谢您关注奔瑞汽车用品！360°汽车服务解决方案提供商。业务领域涵盖高端美容、二手翻新及快速钣喷等，欢迎与我们联系。
您也可以回复以下数字，查看相关信息。
【1】品牌介绍
【2】核心项目
【3】合作支持
【4】产品中心
【5】联系方式
您可以留言或拨打客服热线 4006669243 更多资讯，您可以访问奔瑞官网 www.benrui.cn
意见，建议反馈信息请直接回复，谢谢。 ;

2019-01-07 18:21:51 trace :
------------
String:
<xml><ToUserName><![CDATA[gh_74fc964c4914]]></ToUserName>
<FromUserName><![CDATA[oF_mkjggvoQFw4bIjJpaM0UBHPUA]]></FromUserName>
<CreateTime>1546856510</CreateTime>
<MsgType><![CDATA[event]]></MsgType>
<Event><![CDATA[unsubscribe]]></Event>
<EventKey><![CDATA[]]></EventKey>
</xml>

2019-01-07 18:41:54 trace :
------------
String:
<xml><ToUserName><![CDATA[gh_74fc964c4914]]></ToUserName>
<FromUserName><![CDATA[oF_mkjrVnBrbwQzqtKF3csEyQv9E]]></FromUserName>
<CreateTime>1546857714</CreateTime>
<MsgType><![CDATA[event]]></MsgType>
<Event><![CDATA[unsubscribe]]></Event>
<EventKey><![CDATA[]]></EventKey>
</xml>

2019-01-07 19:46:31 trace :
------------
String:
<xml><ToUserName><![CDATA[gh_74fc964c4914]]></ToUserName>
<FromUserName><![CDATA[oF_mkjnjLLrQ4W5-uDUtcBOsu2XM]]></FromUserName>
<CreateTime>1546861590</CreateTime>
<MsgType><![CDATA[event]]></MsgType>
<Event><![CDATA[LOCATION]]></Event>
<Latitude>37.006821</Latitude>
<Longitude>114.697334</Longitude>
<Precision>260.000000</Precision>
</xml>

2019-01-07 19:46:31 params :
------------
String:
array (
  'message' => 
  array (
    'tousername' => 'gh_74fc964c4914',
    'fromusername' => 'oF_mkjnjLLrQ4W5-uDUtcBOsu2XM',
    'createtime' => '1546861590',
    'msgtype' => 'event',
    'event' => 'LOCATION',
    'latitude' => '37.006821',
    'longitude' => '114.697334',
    'precision' => '260.000000',
    'from' => 'oF_mkjnjLLrQ4W5-uDUtcBOsu2XM',
    'to' => 'gh_74fc964c4914',
    'time' => '1546861590',
    'type' => 'trace',
    'location_x' => '37.006821',
    'location_y' => '114.697334',
  ),
  'module' => 'default',
  'rule' => '-1',
)

2019-01-07 19:46:31 response :
------------
Array:
errno : -1 ;
message : Invaild value ;

2019-01-07 19:46:49 trace :
------------
String:
<xml><ToUserName><![CDATA[gh_74fc964c4914]]></ToUserName>
<FromUserName><![CDATA[oF_mkjnjLLrQ4W5-uDUtcBOsu2XM]]></FromUserName>
<CreateTime>1546861609</CreateTime>
<MsgType><![CDATA[event]]></MsgType>
<Event><![CDATA[LOCATION]]></Event>
<Latitude>37.006821</Latitude>
<Longitude>114.697334</Longitude>
<Precision>260.000000</Precision>
</xml>

2019-01-07 19:46:49 params :
------------
String:
array (
  'message' => 
  array (
    'tousername' => 'gh_74fc964c4914',
    'fromusername' => 'oF_mkjnjLLrQ4W5-uDUtcBOsu2XM',
    'createtime' => '1546861609',
    'msgtype' => 'event',
    'event' => 'LOCATION',
    'latitude' => '37.006821',
    'longitude' => '114.697334',
    'precision' => '260.000000',
    'from' => 'oF_mkjnjLLrQ4W5-uDUtcBOsu2XM',
    'to' => 'gh_74fc964c4914',
    'time' => '1546861609',
    'type' => 'trace',
    'location_x' => '37.006821',
    'location_y' => '114.697334',
  ),
  'module' => 'default',
  'rule' => '-1',
)

2019-01-07 19:46:49 response :
------------
Array:
errno : -1 ;
message : Invaild value ;

2019-01-07 19:46:57 trace :
------------
String:
<xml><ToUserName><![CDATA[gh_74fc964c4914]]></ToUserName>
<FromUserName><![CDATA[oF_mkjnjLLrQ4W5-uDUtcBOsu2XM]]></FromUserName>
<CreateTime>1546861617</CreateTime>
<MsgType><![CDATA[event]]></MsgType>
<Event><![CDATA[CLICK]]></Event>
<EventKey><![CDATA[最新优惠]]></EventKey>
</xml>

2019-01-07 19:46:57 params :
------------
String:
array (
  'message' => 
  array (
    'tousername' => 'gh_74fc964c4914',
    'fromusername' => 'oF_mkjnjLLrQ4W5-uDUtcBOsu2XM',
    'createtime' => '1546861617',
    'msgtype' => 'event',
    'event' => 'CLICK',
    'eventkey' => '最新优惠',
    'from' => 'oF_mkjnjLLrQ4W5-uDUtcBOsu2XM',
    'to' => 'gh_74fc964c4914',
    'time' => '1546861617',
    'type' => 'text',
    'content' => '最新优惠',
    'redirection' => true,
    'source' => 'click',
  ),
  'module' => 'reply',
  'rule' => '53',
  'priority' => '0',
  'keyword' => 
  array (
    'id' => '115',
    'rid' => '53',
    'uniacid' => '2',
    'module' => 'reply',
    'content' => '最新优惠',
    'type' => '1',
    'displayorder' => '0',
    'status' => '1',
    'reply_type' => 
    array (
      0 => 'basic',
    ),
  ),
  'reply_type' => 
  array (
    0 => 'basic',
  ),
)

2019-01-07 19:46:57 response :
------------
Array:
FromUserName : gh_74fc964c4914 ;
ToUserName : oF_mkjnjLLrQ4W5-uDUtcBOsu2XM ;
MsgType : text ;
Content : 优质服务季，一大波促销活动即将激情开启，敬请期待。 ;

2019-01-07 19:48:23 trace :
------------
String:
<xml><ToUserName><![CDATA[gh_74fc964c4914]]></ToUserName>
<FromUserName><![CDATA[oF_mkjnjLLrQ4W5-uDUtcBOsu2XM]]></FromUserName>
<CreateTime>1546861702</CreateTime>
<MsgType><![CDATA[event]]></MsgType>
<Event><![CDATA[LOCATION]]></Event>
<Latitude>37.007000</Latitude>
<Longitude>114.695656</Longitude>
<Precision>410.000000</Precision>
</xml>

2019-01-07 19:48:23 params :
------------
String:
array (
  'message' => 
  array (
    'tousername' => 'gh_74fc964c4914',
    'fromusername' => 'oF_mkjnjLLrQ4W5-uDUtcBOsu2XM',
    'createtime' => '1546861702',
    'msgtype' => 'event',
    'event' => 'LOCATION',
    'latitude' => '37.007000',
    'longitude' => '114.695656',
    'precision' => '410.000000',
    'from' => 'oF_mkjnjLLrQ4W5-uDUtcBOsu2XM',
    'to' => 'gh_74fc964c4914',
    'time' => '1546861702',
    'type' => 'trace',
    'location_x' => '37.007000',
    'location_y' => '114.695656',
  ),
  'module' => 'default',
  'rule' => '-1',
)

2019-01-07 19:48:23 response :
------------
Array:
errno : -1 ;
message : Invaild value ;

2019-01-07 19:48:26 trace :
------------
String:
<xml><ToUserName><![CDATA[gh_74fc964c4914]]></ToUserName>
<FromUserName><![CDATA[oF_mkjnjLLrQ4W5-uDUtcBOsu2XM]]></FromUserName>
<CreateTime>1546861706</CreateTime>
<MsgType><![CDATA[event]]></MsgType>
<Event><![CDATA[VIEW]]></Event>
<EventKey><![CDATA[http://mp.weixin.qq.com/s?__biz=MjM5MzE3NjM0Mw==&mid=2651052631&idx=1&sn=f6c637ac6355950fb6a6be3d98a3cc23&chksm=bd6c742f8a1bfd39d1d675b59be3bddfb6f31ba6f7077f16cd628b6444ecb07d173e07cf2793&scene=18#wechat_redirect]]></EventKey>
<MenuId>503048253</MenuId>
</xml>

2019-01-07 19:48:27 params :
------------
String:
array (
  'message' => 
  array (
    'tousername' => 'gh_74fc964c4914',
    'fromusername' => 'oF_mkjnjLLrQ4W5-uDUtcBOsu2XM',
    'createtime' => '1546861706',
    'msgtype' => 'event',
    'event' => 'VIEW',
    'eventkey' => 'http://mp.weixin.qq.com/s?__biz=MjM5MzE3NjM0Mw==&mid=2651052631&idx=1&sn=f6c637ac6355950fb6a6be3d98a3cc23&chksm=bd6c742f8a1bfd39d1d675b59be3bddfb6f31ba6f7077f16cd628b6444ecb07d173e07cf2793&scene=18#wechat_redirect',
    'menuid' => '503048253',
    'from' => 'oF_mkjnjLLrQ4W5-uDUtcBOsu2XM',
    'to' => 'gh_74fc964c4914',
    'time' => '1546861706',
    'type' => 'text',
    'content' => 'http://mp.weixin.qq.com/s?__biz=MjM5MzE3NjM0Mw==&mid=2651052631&idx=1&sn=f6c637ac6355950fb6a6be3d98a3cc23&chksm=bd6c742f8a1bfd39d1d675b59be3bddfb6f31ba6f7077f16cd628b6444ecb07d173e07cf2793&scene=18#wechat_redirect',
    'redirection' => true,
    'source' => 'VIEW',
  ),
  'module' => 'reply',
  'rule' => '25',
  'priority' => '0',
  'keyword' => 
  array (
    'id' => '32',
    'rid' => '25',
    'uniacid' => '2',
    'module' => 'reply',
    'content' => 'f1',
    'type' => '2',
    'displayorder' => '0',
    'status' => '1',
    'reply_type' => 
    array (
      0 => 'news',
    ),
  ),
  'reply_type' => 
  array (
    0 => 'news',
  ),
)

2019-01-07 19:48:27 response :
------------
Array:
FromUserName : gh_74fc964c4914 ;
ToUserName : oF_mkjnjLLrQ4W5-uDUtcBOsu2XM ;
MsgType : news ;
ArticleCount : 1 ;
Articles : Array ;

2019-01-07 19:48:29 trace :
------------
String:
<xml><ToUserName><![CDATA[gh_74fc964c4914]]></ToUserName>
<FromUserName><![CDATA[oF_mkjnjLLrQ4W5-uDUtcBOsu2XM]]></FromUserName>
<CreateTime>1546861709</CreateTime>
<MsgType><![CDATA[event]]></MsgType>
<Event><![CDATA[LOCATION]]></Event>
<Latitude>37.007000</Latitude>
<Longitude>114.695656</Longitude>
<Precision>410.000000</Precision>
</xml>

2019-01-07 19:48:29 params :
------------
String:
array (
  'message' => 
  array (
    'tousername' => 'gh_74fc964c4914',
    'fromusername' => 'oF_mkjnjLLrQ4W5-uDUtcBOsu2XM',
    'createtime' => '1546861709',
    'msgtype' => 'event',
    'event' => 'LOCATION',
    'latitude' => '37.007000',
    'longitude' => '114.695656',
    'precision' => '410.000000',
    'from' => 'oF_mkjnjLLrQ4W5-uDUtcBOsu2XM',
    'to' => 'gh_74fc964c4914',
    'time' => '1546861709',
    'type' => 'trace',
    'location_x' => '37.007000',
    'location_y' => '114.695656',
  ),
  'module' => 'default',
  'rule' => '-1',
)

2019-01-07 19:48:29 response :
------------
Array:
errno : -1 ;
message : Invaild value ;

2019-01-07 19:48:39 trace :
------------
String:
<xml><ToUserName><![CDATA[gh_74fc964c4914]]></ToUserName>
<FromUserName><![CDATA[oF_mkjnjLLrQ4W5-uDUtcBOsu2XM]]></FromUserName>
<CreateTime>1546861719</CreateTime>
<MsgType><![CDATA[event]]></MsgType>
<Event><![CDATA[LOCATION]]></Event>
<Latitude>37.007000</Latitude>
<Longitude>114.695656</Longitude>
<Precision>410.000000</Precision>
</xml>

2019-01-07 19:48:39 params :
------------
String:
array (
  'message' => 
  array (
    'tousername' => 'gh_74fc964c4914',
    'fromusername' => 'oF_mkjnjLLrQ4W5-uDUtcBOsu2XM',
    'createtime' => '1546861719',
    'msgtype' => 'event',
    'event' => 'LOCATION',
    'latitude' => '37.007000',
    'longitude' => '114.695656',
    'precision' => '410.000000',
    'from' => 'oF_mkjnjLLrQ4W5-uDUtcBOsu2XM',
    'to' => 'gh_74fc964c4914',
    'time' => '1546861719',
    'type' => 'trace',
    'location_x' => '37.007000',
    'location_y' => '114.695656',
  ),
  'module' => 'default',
  'rule' => '-1',
)

2019-01-07 19:48:39 response :
------------
Array:
errno : -1 ;
message : Invaild value ;

2019-01-07 20:26:13 trace :
------------
String:
<xml><ToUserName><![CDATA[gh_74fc964c4914]]></ToUserName>
<FromUserName><![CDATA[oF_mkjnjLLrQ4W5-uDUtcBOsu2XM]]></FromUserName>
<CreateTime>1546863973</CreateTime>
<MsgType><![CDATA[event]]></MsgType>
<Event><![CDATA[LOCATION]]></Event>
<Latitude>37.004906</Latitude>
<Longitude>114.699783</Longitude>
<Precision>450.000000</Precision>
</xml>

2019-01-07 20:26:13 params :
------------
String:
array (
  'message' => 
  array (
    'tousername' => 'gh_74fc964c4914',
    'fromusername' => 'oF_mkjnjLLrQ4W5-uDUtcBOsu2XM',
    'createtime' => '1546863973',
    'msgtype' => 'event',
    'event' => 'LOCATION',
    'latitude' => '37.004906',
    'longitude' => '114.699783',
    'precision' => '450.000000',
    'from' => 'oF_mkjnjLLrQ4W5-uDUtcBOsu2XM',
    'to' => 'gh_74fc964c4914',
    'time' => '1546863973',
    'type' => 'trace',
    'location_x' => '37.004906',
    'location_y' => '114.699783',
  ),
  'module' => 'default',
  'rule' => '-1',
)

2019-01-07 20:26:13 response :
------------
Array:
errno : -1 ;
message : Invaild value ;

2019-01-07 20:26:42 trace :
------------
String:
<xml><ToUserName><![CDATA[gh_74fc964c4914]]></ToUserName>
<FromUserName><![CDATA[oF_mkjnjLLrQ4W5-uDUtcBOsu2XM]]></FromUserName>
<CreateTime>1546864002</CreateTime>
<MsgType><![CDATA[event]]></MsgType>
<Event><![CDATA[LOCATION]]></Event>
<Latitude>37.004906</Latitude>
<Longitude>114.699783</Longitude>
<Precision>450.000000</Precision>
</xml>

2019-01-07 20:26:43 params :
------------
String:
array (
  'message' => 
  array (
    'tousername' => 'gh_74fc964c4914',
    'fromusername' => 'oF_mkjnjLLrQ4W5-uDUtcBOsu2XM',
    'createtime' => '1546864002',
    'msgtype' => 'event',
    'event' => 'LOCATION',
    'latitude' => '37.004906',
    'longitude' => '114.699783',
    'precision' => '450.000000',
    'from' => 'oF_mkjnjLLrQ4W5-uDUtcBOsu2XM',
    'to' => 'gh_74fc964c4914',
    'time' => '1546864002',
    'type' => 'trace',
    'location_x' => '37.004906',
    'location_y' => '114.699783',
  ),
  'module' => 'default',
  'rule' => '-1',
)

2019-01-07 20:26:43 response :
------------
Array:
errno : -1 ;
message : Invaild value ;

2019-01-07 20:28:04 trace :
------------
String:
<xml><ToUserName><![CDATA[gh_74fc964c4914]]></ToUserName>
<FromUserName><![CDATA[oF_mkjnjLLrQ4W5-uDUtcBOsu2XM]]></FromUserName>
<CreateTime>1546864083</CreateTime>
<MsgType><![CDATA[event]]></MsgType>
<Event><![CDATA[LOCATION]]></Event>
<Latitude>37.004906</Latitude>
<Longitude>114.699783</Longitude>
<Precision>450.000000</Precision>
</xml>

2019-01-07 20:28:04 params :
------------
String:
array (
  'message' => 
  array (
    'tousername' => 'gh_74fc964c4914',
    'fromusername' => 'oF_mkjnjLLrQ4W5-uDUtcBOsu2XM',
    'createtime' => '1546864083',
    'msgtype' => 'event',
    'event' => 'LOCATION',
    'latitude' => '37.004906',
    'longitude' => '114.699783',
    'precision' => '450.000000',
    'from' => 'oF_mkjnjLLrQ4W5-uDUtcBOsu2XM',
    'to' => 'gh_74fc964c4914',
    'time' => '1546864083',
    'type' => 'trace',
    'location_x' => '37.004906',
    'location_y' => '114.699783',
  ),
  'module' => 'default',
  'rule' => '-1',
)

2019-01-07 20:28:04 response :
------------
Array:
errno : -1 ;
message : Invaild value ;

2019-01-07 20:29:04 trace :
------------
String:
<xml><ToUserName><![CDATA[gh_74fc964c4914]]></ToUserName>
<FromUserName><![CDATA[oF_mkjnjLLrQ4W5-uDUtcBOsu2XM]]></FromUserName>
<CreateTime>1546864144</CreateTime>
<MsgType><![CDATA[event]]></MsgType>
<Event><![CDATA[LOCATION]]></Event>
<Latitude>37.004906</Latitude>
<Longitude>114.699783</Longitude>
<Precision>450.000000</Precision>
</xml>

2019-01-07 20:29:04 params :
------------
String:
array (
  'message' => 
  array (
    'tousername' => 'gh_74fc964c4914',
    'fromusername' => 'oF_mkjnjLLrQ4W5-uDUtcBOsu2XM',
    'createtime' => '1546864144',
    'msgtype' => 'event',
    'event' => 'LOCATION',
    'latitude' => '37.004906',
    'longitude' => '114.699783',
    'precision' => '450.000000',
    'from' => 'oF_mkjnjLLrQ4W5-uDUtcBOsu2XM',
    'to' => 'gh_74fc964c4914',
    'time' => '1546864144',
    'type' => 'trace',
    'location_x' => '37.004906',
    'location_y' => '114.699783',
  ),
  'module' => 'default',
  'rule' => '-1',
)

2019-01-07 20:29:04 response :
------------
Array:
errno : -1 ;
message : Invaild value ;

2019-01-07 21:09:11 trace :
------------
String:
<xml><ToUserName><![CDATA[gh_74fc964c4914]]></ToUserName>
<FromUserName><![CDATA[oF_mkjsyZ0QBdrjX_qR-USY2Aprw]]></FromUserName>
<CreateTime>1546866551</CreateTime>
<MsgType><![CDATA[event]]></MsgType>
<Event><![CDATA[LOCATION]]></Event>
<Latitude>29.871239</Latitude>
<Longitude>121.597107</Longitude>
<Precision>30.000000</Precision>
</xml>

2019-01-07 21:09:11 params :
------------
String:
array (
  'message' => 
  array (
    'tousername' => 'gh_74fc964c4914',
    'fromusername' => 'oF_mkjsyZ0QBdrjX_qR-USY2Aprw',
    'createtime' => '1546866551',
    'msgtype' => 'event',
    'event' => 'LOCATION',
    'latitude' => '29.871239',
    'longitude' => '121.597107',
    'precision' => '30.000000',
    'from' => 'oF_mkjsyZ0QBdrjX_qR-USY2Aprw',
    'to' => 'gh_74fc964c4914',
    'time' => '1546866551',
    'type' => 'trace',
    'location_x' => '29.871239',
    'location_y' => '121.597107',
  ),
  'module' => 'default',
  'rule' => '-1',
)

2019-01-07 21:09:11 response :
------------
Array:
errno : -1 ;
message : Invaild value ;

2019-01-07 21:41:23 trace :
------------
String:
<xml><ToUserName><![CDATA[gh_74fc964c4914]]></ToUserName>
<FromUserName><![CDATA[oF_mkjlhpsSmDRyawzDz6QXyI-Mc]]></FromUserName>
<CreateTime>1546868483</CreateTime>
<MsgType><![CDATA[event]]></MsgType>
<Event><![CDATA[unsubscribe]]></Event>
<EventKey><![CDATA[]]></EventKey>
</xml>

