2019-03-16 00:09:28 trace :
------------
String:
<xml><ToUserName><![CDATA[gh_74fc964c4914]]></ToUserName>
<FromUserName><![CDATA[oF_mkjpSSazNG4zPFDbfa0BWpkDU]]></FromUserName>
<CreateTime>1552666169</CreateTime>
<MsgType><![CDATA[event]]></MsgType>
<Event><![CDATA[unsubscribe]]></Event>
<EventKey><![CDATA[]]></EventKey>
</xml>

2019-03-16 00:25:18 trace :
------------
String:
<xml><ToUserName><![CDATA[gh_74fc964c4914]]></ToUserName>
<FromUserName><![CDATA[oF_mkjv7SCj8Xmawb6CK9KHzUOes]]></FromUserName>
<CreateTime>1552667119</CreateTime>
<MsgType><![CDATA[event]]></MsgType>
<Event><![CDATA[LOCATION]]></Event>
<Latitude>29.278543</Latitude>
<Longitude>117.214432</Longitude>
<Precision>30.000000</Precision>
</xml>

2019-03-16 00:25:18 params :
------------
String:
array (
  'message' => 
  array (
    'tousername' => 'gh_74fc964c4914',
    'fromusername' => 'oF_mkjv7SCj8Xmawb6CK9KHzUOes',
    'createtime' => '1552667119',
    'msgtype' => 'event',
    'event' => 'LOCATION',
    'latitude' => '29.278543',
    'longitude' => '117.214432',
    'precision' => '30.000000',
    'from' => 'oF_mkjv7SCj8Xmawb6CK9KHzUOes',
    'to' => 'gh_74fc964c4914',
    'time' => '1552667119',
    'type' => 'trace',
    'location_x' => '29.278543',
    'location_y' => '117.214432',
  ),
  'module' => 'default',
  'rule' => '-1',
)

2019-03-16 00:25:18 response :
------------
Array:
errno : -1 ;
message : Invaild value ;

2019-03-16 00:25:34 trace :
------------
String:
<xml><ToUserName><![CDATA[gh_74fc964c4914]]></ToUserName>
<FromUserName><![CDATA[oF_mkjv7SCj8Xmawb6CK9KHzUOes]]></FromUserName>
<CreateTime>1552667135</CreateTime>
<MsgType><![CDATA[event]]></MsgType>
<Event><![CDATA[LOCATION]]></Event>
<Latitude>29.278543</Latitude>
<Longitude>117.214432</Longitude>
<Precision>30.000000</Precision>
</xml>

2019-03-16 00:25:34 params :
------------
String:
array (
  'message' => 
  array (
    'tousername' => 'gh_74fc964c4914',
    'fromusername' => 'oF_mkjv7SCj8Xmawb6CK9KHzUOes',
    'createtime' => '1552667135',
    'msgtype' => 'event',
    'event' => 'LOCATION',
    'latitude' => '29.278543',
    'longitude' => '117.214432',
    'precision' => '30.000000',
    'from' => 'oF_mkjv7SCj8Xmawb6CK9KHzUOes',
    'to' => 'gh_74fc964c4914',
    'time' => '1552667135',
    'type' => 'trace',
    'location_x' => '29.278543',
    'location_y' => '117.214432',
  ),
  'module' => 'default',
  'rule' => '-1',
)

2019-03-16 00:25:34 response :
------------
Array:
errno : -1 ;
message : Invaild value ;

2019-03-16 00:26:04 trace :
------------
String:
<xml><ToUserName><![CDATA[gh_74fc964c4914]]></ToUserName>
<FromUserName><![CDATA[oF_mkjv7SCj8Xmawb6CK9KHzUOes]]></FromUserName>
<CreateTime>1552667165</CreateTime>
<MsgType><![CDATA[event]]></MsgType>
<Event><![CDATA[LOCATION]]></Event>
<Latitude>29.278543</Latitude>
<Longitude>117.214432</Longitude>
<Precision>30.000000</Precision>
</xml>

2019-03-16 00:26:04 params :
------------
String:
array (
  'message' => 
  array (
    'tousername' => 'gh_74fc964c4914',
    'fromusername' => 'oF_mkjv7SCj8Xmawb6CK9KHzUOes',
    'createtime' => '1552667165',
    'msgtype' => 'event',
    'event' => 'LOCATION',
    'latitude' => '29.278543',
    'longitude' => '117.214432',
    'precision' => '30.000000',
    'from' => 'oF_mkjv7SCj8Xmawb6CK9KHzUOes',
    'to' => 'gh_74fc964c4914',
    'time' => '1552667165',
    'type' => 'trace',
    'location_x' => '29.278543',
    'location_y' => '117.214432',
  ),
  'module' => 'default',
  'rule' => '-1',
)

2019-03-16 00:26:04 response :
------------
Array:
errno : -1 ;
message : Invaild value ;

2019-03-16 09:38:16 trace :
------------
String:
<xml><ToUserName><![CDATA[gh_74fc964c4914]]></ToUserName>
<FromUserName><![CDATA[oF_mkjpwq5xrelWXbAsXyAyElE6M]]></FromUserName>
<CreateTime>1552700296</CreateTime>
<MsgType><![CDATA[event]]></MsgType>
<Event><![CDATA[SCAN]]></Event>
<EventKey><![CDATA[TZHB15367433110389893--9875]]></EventKey>
<Ticket><![CDATA[gQGt8TwAAAAAAAAAAS5odHRwOi8vd2VpeGluLnFxLmNvbS9xLzAyY2lSdk00blZhQWUxMDAwMHcwN3QAAgSP15hbAwQAAAAA]]></Ticket>
</xml>

2019-03-16 09:38:16 params :
------------
String:
array (
  'rule' => -2,
  'module' => '',
  'message' => 
  array (
    'tousername' => 'gh_74fc964c4914',
    'fromusername' => 'oF_mkjpwq5xrelWXbAsXyAyElE6M',
    'createtime' => '1552700296',
    'msgtype' => 'event',
    'event' => 'SCAN',
    'eventkey' => 'TZHB15367433110389893--9875',
    'ticket' => 'gQGt8TwAAAAAAAAAAS5odHRwOi8vd2VpeGluLnFxLmNvbS9xLzAyY2lSdk00blZhQWUxMDAwMHcwN3QAAgSP15hbAwQAAAAA',
    'from' => 'oF_mkjpwq5xrelWXbAsXyAyElE6M',
    'to' => 'gh_74fc964c4914',
    'time' => '1552700296',
    'type' => 'text',
    'scene' => 'TZHB15367433110389893--9875',
    'redirection' => true,
    'source' => 'qr',
  ),
)

2019-03-16 09:38:16 response :
------------

2019-03-16 09:38:30 trace :
------------
String:
<xml><ToUserName><![CDATA[gh_74fc964c4914]]></ToUserName>
<FromUserName><![CDATA[oF_mkjpwq5xrelWXbAsXyAyElE6M]]></FromUserName>
<CreateTime>1552700311</CreateTime>
<MsgType><![CDATA[event]]></MsgType>
<Event><![CDATA[SCAN]]></Event>
<EventKey><![CDATA[TZHB15367433110389893--9875]]></EventKey>
<Ticket><![CDATA[gQGt8TwAAAAAAAAAAS5odHRwOi8vd2VpeGluLnFxLmNvbS9xLzAyY2lSdk00blZhQWUxMDAwMHcwN3QAAgSP15hbAwQAAAAA]]></Ticket>
</xml>

2019-03-16 09:38:30 params :
------------
String:
array (
  'rule' => -2,
  'module' => '',
  'message' => 
  array (
    'tousername' => 'gh_74fc964c4914',
    'fromusername' => 'oF_mkjpwq5xrelWXbAsXyAyElE6M',
    'createtime' => '1552700311',
    'msgtype' => 'event',
    'event' => 'SCAN',
    'eventkey' => 'TZHB15367433110389893--9875',
    'ticket' => 'gQGt8TwAAAAAAAAAAS5odHRwOi8vd2VpeGluLnFxLmNvbS9xLzAyY2lSdk00blZhQWUxMDAwMHcwN3QAAgSP15hbAwQAAAAA',
    'from' => 'oF_mkjpwq5xrelWXbAsXyAyElE6M',
    'to' => 'gh_74fc964c4914',
    'time' => '1552700311',
    'type' => 'text',
    'scene' => 'TZHB15367433110389893--9875',
    'redirection' => true,
    'source' => 'qr',
  ),
)

2019-03-16 09:38:30 response :
------------

2019-03-16 09:38:39 trace :
------------
String:
<xml><ToUserName><![CDATA[gh_74fc964c4914]]></ToUserName>
<FromUserName><![CDATA[oF_mkjoZGH6IggZv9u-hB2QRD1uA]]></FromUserName>
<CreateTime>1552700321</CreateTime>
<MsgType><![CDATA[event]]></MsgType>
<Event><![CDATA[SCAN]]></Event>
<EventKey><![CDATA[TZHB15367433237606086--9932]]></EventKey>
<Ticket><![CDATA[gQG88TwAAAAAAAAAAS5odHRwOi8vd2VpeGluLnFxLmNvbS9xLzAybTZXTk1xblZhQWUxMDAwMHcwN2gAAgSb15hbAwQAAAAA]]></Ticket>
</xml>

2019-03-16 09:38:39 params :
------------
String:
array (
  'rule' => -2,
  'module' => '',
  'message' => 
  array (
    'tousername' => 'gh_74fc964c4914',
    'fromusername' => 'oF_mkjoZGH6IggZv9u-hB2QRD1uA',
    'createtime' => '1552700321',
    'msgtype' => 'event',
    'event' => 'SCAN',
    'eventkey' => 'TZHB15367433237606086--9932',
    'ticket' => 'gQG88TwAAAAAAAAAAS5odHRwOi8vd2VpeGluLnFxLmNvbS9xLzAybTZXTk1xblZhQWUxMDAwMHcwN2gAAgSb15hbAwQAAAAA',
    'from' => 'oF_mkjoZGH6IggZv9u-hB2QRD1uA',
    'to' => 'gh_74fc964c4914',
    'time' => '1552700321',
    'type' => 'text',
    'scene' => 'TZHB15367433237606086--9932',
    'redirection' => true,
    'source' => 'qr',
  ),
)

2019-03-16 09:38:39 response :
------------

2019-03-16 09:38:58 trace :
------------
String:
<xml><ToUserName><![CDATA[gh_74fc964c4914]]></ToUserName>
<FromUserName><![CDATA[oF_mkjrALwgvfVHtPLK7J-8Xz-Yc]]></FromUserName>
<CreateTime>1552700339</CreateTime>
<MsgType><![CDATA[event]]></MsgType>
<Event><![CDATA[SCAN]]></Event>
<EventKey><![CDATA[TZHB15367433193628467--9913]]></EventKey>
<Ticket><![CDATA[gQEM8jwAAAAAAAAAAS5odHRwOi8vd2VpeGluLnFxLmNvbS9xLzAyVng4OE1jblZhQWUxMDAwMGcwN0QAAgSX15hbAwQAAAAA]]></Ticket>
</xml>

2019-03-16 09:38:58 params :
------------
String:
array (
  'rule' => -2,
  'module' => '',
  'message' => 
  array (
    'tousername' => 'gh_74fc964c4914',
    'fromusername' => 'oF_mkjrALwgvfVHtPLK7J-8Xz-Yc',
    'createtime' => '1552700339',
    'msgtype' => 'event',
    'event' => 'SCAN',
    'eventkey' => 'TZHB15367433193628467--9913',
    'ticket' => 'gQEM8jwAAAAAAAAAAS5odHRwOi8vd2VpeGluLnFxLmNvbS9xLzAyVng4OE1jblZhQWUxMDAwMGcwN0QAAgSX15hbAwQAAAAA',
    'from' => 'oF_mkjrALwgvfVHtPLK7J-8Xz-Yc',
    'to' => 'gh_74fc964c4914',
    'time' => '1552700339',
    'type' => 'text',
    'scene' => 'TZHB15367433193628467--9913',
    'redirection' => true,
    'source' => 'qr',
  ),
)

2019-03-16 09:38:58 response :
------------

2019-03-16 09:39:19 trace :
------------
String:
<xml><ToUserName><![CDATA[gh_74fc964c4914]]></ToUserName>
<FromUserName><![CDATA[oF_mkjoZGH6IggZv9u-hB2QRD1uA]]></FromUserName>
<CreateTime>1552700361</CreateTime>
<MsgType><![CDATA[event]]></MsgType>
<Event><![CDATA[unsubscribe]]></Event>
<EventKey><![CDATA[]]></EventKey>
</xml>

2019-03-16 09:39:25 trace :
------------
String:
<xml><ToUserName><![CDATA[gh_74fc964c4914]]></ToUserName>
<FromUserName><![CDATA[oF_mkjpwq5xrelWXbAsXyAyElE6M]]></FromUserName>
<CreateTime>1552700367</CreateTime>
<MsgType><![CDATA[event]]></MsgType>
<Event><![CDATA[unsubscribe]]></Event>
<EventKey><![CDATA[]]></EventKey>
</xml>

2019-03-16 09:39:31 trace :
------------
String:
<xml><ToUserName><![CDATA[gh_74fc964c4914]]></ToUserName>
<FromUserName><![CDATA[oF_mkjoZGH6IggZv9u-hB2QRD1uA]]></FromUserName>
<CreateTime>1552700372</CreateTime>
<MsgType><![CDATA[event]]></MsgType>
<Event><![CDATA[subscribe]]></Event>
<EventKey><![CDATA[qrscene_TZHB15367433237606086--9932]]></EventKey>
<Ticket><![CDATA[gQG88TwAAAAAAAAAAS5odHRwOi8vd2VpeGluLnFxLmNvbS9xLzAybTZXTk1xblZhQWUxMDAwMHcwN2gAAgSb15hbAwQAAAAA]]></Ticket>
</xml>

2019-03-16 09:39:31 params :
------------
String:
array (
  'message' => 
  array (
    'tousername' => 'gh_74fc964c4914',
    'fromusername' => 'oF_mkjoZGH6IggZv9u-hB2QRD1uA',
    'createtime' => '1552700372',
    'msgtype' => 'event',
    'event' => 'subscribe',
    'eventkey' => 'qrscene_TZHB15367433237606086--9932',
    'ticket' => 'gQG88TwAAAAAAAAAAS5odHRwOi8vd2VpeGluLnFxLmNvbS9xLzAybTZXTk1xblZhQWUxMDAwMHcwN2gAAgSb15hbAwQAAAAA',
    'from' => 'oF_mkjoZGH6IggZv9u-hB2QRD1uA',
    'to' => 'gh_74fc964c4914',
    'time' => '1552700372',
    'type' => 'text',
    'scene' => 'TZHB15367433237606086--9932',
    'redirection' => true,
    'source' => 'subscribe',
    'content' => '首次关注',
  ),
  'module' => 'reply',
  'rule' => '9',
  'priority' => '0',
  'keyword' => 
  array (
    'id' => '116',
    'rid' => '9',
    'uniacid' => '2',
    'module' => 'reply',
    'content' => '首次关注',
    'type' => '1',
    'displayorder' => '0',
    'status' => '1',
    'reply_type' => 
    array (
      0 => 'basic',
    ),
  ),
  'reply_type' => 
  array (
    0 => 'basic',
  ),
)

2019-03-16 09:39:31 response :
------------
Array:
FromUserName : gh_74fc964c4914 ;
ToUserName : oF_mkjoZGH6IggZv9u-hB2QRD1uA ;
MsgType : text ;
Content : 您好，感谢您关注奔瑞汽车用品！360°汽车服务解决方案提供商。业务领域涵盖高端美容、二手翻新及快速钣喷等，欢迎与我们联系。
您也可以回复以下数字，查看相关信息。
【1】品牌介绍
【2】核心项目
【3】合作支持
【4】产品中心
【5】联系方式
您可以留言或拨打客服热线 4006669243 更多资讯，您可以访问奔瑞官网 www.benrui.cn
意见，建议反馈信息请直接回复，谢谢。 ;

2019-03-16 09:39:33 trace :
------------
String:
<xml><ToUserName><![CDATA[gh_74fc964c4914]]></ToUserName>
<FromUserName><![CDATA[oF_mkjpwq5xrelWXbAsXyAyElE6M]]></FromUserName>
<CreateTime>1552700375</CreateTime>
<MsgType><![CDATA[event]]></MsgType>
<Event><![CDATA[subscribe]]></Event>
<EventKey><![CDATA[qrscene_TZHB15367433110389893--9875]]></EventKey>
<Ticket><![CDATA[gQGt8TwAAAAAAAAAAS5odHRwOi8vd2VpeGluLnFxLmNvbS9xLzAyY2lSdk00blZhQWUxMDAwMHcwN3QAAgSP15hbAwQAAAAA]]></Ticket>
</xml>

2019-03-16 09:39:33 params :
------------
String:
array (
  'message' => 
  array (
    'tousername' => 'gh_74fc964c4914',
    'fromusername' => 'oF_mkjpwq5xrelWXbAsXyAyElE6M',
    'createtime' => '1552700375',
    'msgtype' => 'event',
    'event' => 'subscribe',
    'eventkey' => 'qrscene_TZHB15367433110389893--9875',
    'ticket' => 'gQGt8TwAAAAAAAAAAS5odHRwOi8vd2VpeGluLnFxLmNvbS9xLzAyY2lSdk00blZhQWUxMDAwMHcwN3QAAgSP15hbAwQAAAAA',
    'from' => 'oF_mkjpwq5xrelWXbAsXyAyElE6M',
    'to' => 'gh_74fc964c4914',
    'time' => '1552700375',
    'type' => 'text',
    'scene' => 'TZHB15367433110389893--9875',
    'redirection' => true,
    'source' => 'subscribe',
    'content' => '首次关注',
  ),
  'module' => 'reply',
  'rule' => '9',
  'priority' => '0',
  'keyword' => 
  array (
    'id' => '116',
    'rid' => '9',
    'uniacid' => '2',
    'module' => 'reply',
    'content' => '首次关注',
    'type' => '1',
    'displayorder' => '0',
    'status' => '1',
    'reply_type' => 
    array (
      0 => 'basic',
    ),
  ),
  'reply_type' => 
  array (
    0 => 'basic',
  ),
)

2019-03-16 09:39:33 response :
------------
Array:
FromUserName : gh_74fc964c4914 ;
ToUserName : oF_mkjpwq5xrelWXbAsXyAyElE6M ;
MsgType : text ;
Content : 您好，感谢您关注奔瑞汽车用品！360°汽车服务解决方案提供商。业务领域涵盖高端美容、二手翻新及快速钣喷等，欢迎与我们联系。
您也可以回复以下数字，查看相关信息。
【1】品牌介绍
【2】核心项目
【3】合作支持
【4】产品中心
【5】联系方式
您可以留言或拨打客服热线 4006669243 更多资讯，您可以访问奔瑞官网 www.benrui.cn
意见，建议反馈信息请直接回复，谢谢。 ;

2019-03-16 09:39:44 trace :
------------
String:
<xml><ToUserName><![CDATA[gh_74fc964c4914]]></ToUserName>
<FromUserName><![CDATA[oF_mkjrALwgvfVHtPLK7J-8Xz-Yc]]></FromUserName>
<CreateTime>1552700385</CreateTime>
<MsgType><![CDATA[event]]></MsgType>
<Event><![CDATA[SCAN]]></Event>
<EventKey><![CDATA[TZHB15367433193628467--9913]]></EventKey>
<Ticket><![CDATA[gQEM8jwAAAAAAAAAAS5odHRwOi8vd2VpeGluLnFxLmNvbS9xLzAyVng4OE1jblZhQWUxMDAwMGcwN0QAAgSX15hbAwQAAAAA]]></Ticket>
</xml>

2019-03-16 09:39:44 params :
------------
String:
array (
  'rule' => -2,
  'module' => '',
  'message' => 
  array (
    'tousername' => 'gh_74fc964c4914',
    'fromusername' => 'oF_mkjrALwgvfVHtPLK7J-8Xz-Yc',
    'createtime' => '1552700385',
    'msgtype' => 'event',
    'event' => 'SCAN',
    'eventkey' => 'TZHB15367433193628467--9913',
    'ticket' => 'gQEM8jwAAAAAAAAAAS5odHRwOi8vd2VpeGluLnFxLmNvbS9xLzAyVng4OE1jblZhQWUxMDAwMGcwN0QAAgSX15hbAwQAAAAA',
    'from' => 'oF_mkjrALwgvfVHtPLK7J-8Xz-Yc',
    'to' => 'gh_74fc964c4914',
    'time' => '1552700385',
    'type' => 'text',
    'scene' => 'TZHB15367433193628467--9913',
    'redirection' => true,
    'source' => 'qr',
  ),
)

2019-03-16 09:39:44 response :
------------

2019-03-16 09:40:21 trace :
------------
String:
<xml><ToUserName><![CDATA[gh_74fc964c4914]]></ToUserName>
<FromUserName><![CDATA[oF_mkjrALwgvfVHtPLK7J-8Xz-Yc]]></FromUserName>
<CreateTime>1552700422</CreateTime>
<MsgType><![CDATA[event]]></MsgType>
<Event><![CDATA[SCAN]]></Event>
<EventKey><![CDATA[TZHB15367433193628467--9913]]></EventKey>
<Ticket><![CDATA[gQEM8jwAAAAAAAAAAS5odHRwOi8vd2VpeGluLnFxLmNvbS9xLzAyVng4OE1jblZhQWUxMDAwMGcwN0QAAgSX15hbAwQAAAAA]]></Ticket>
</xml>

2019-03-16 09:40:21 params :
------------
String:
array (
  'rule' => -2,
  'module' => '',
  'message' => 
  array (
    'tousername' => 'gh_74fc964c4914',
    'fromusername' => 'oF_mkjrALwgvfVHtPLK7J-8Xz-Yc',
    'createtime' => '1552700422',
    'msgtype' => 'event',
    'event' => 'SCAN',
    'eventkey' => 'TZHB15367433193628467--9913',
    'ticket' => 'gQEM8jwAAAAAAAAAAS5odHRwOi8vd2VpeGluLnFxLmNvbS9xLzAyVng4OE1jblZhQWUxMDAwMGcwN0QAAgSX15hbAwQAAAAA',
    'from' => 'oF_mkjrALwgvfVHtPLK7J-8Xz-Yc',
    'to' => 'gh_74fc964c4914',
    'time' => '1552700422',
    'type' => 'text',
    'scene' => 'TZHB15367433193628467--9913',
    'redirection' => true,
    'source' => 'qr',
  ),
)

2019-03-16 09:40:21 response :
------------

2019-03-16 09:40:22 trace :
------------
String:
<xml><ToUserName><![CDATA[gh_74fc964c4914]]></ToUserName>
<FromUserName><![CDATA[oF_mkjoZGH6IggZv9u-hB2QRD1uA]]></FromUserName>
<CreateTime>1552700423</CreateTime>
<MsgType><![CDATA[event]]></MsgType>
<Event><![CDATA[SCAN]]></Event>
<EventKey><![CDATA[TZHB15367433237606086--9932]]></EventKey>
<Ticket><![CDATA[gQG88TwAAAAAAAAAAS5odHRwOi8vd2VpeGluLnFxLmNvbS9xLzAybTZXTk1xblZhQWUxMDAwMHcwN2gAAgSb15hbAwQAAAAA]]></Ticket>
</xml>

2019-03-16 09:40:22 params :
------------
String:
array (
  'rule' => -2,
  'module' => '',
  'message' => 
  array (
    'tousername' => 'gh_74fc964c4914',
    'fromusername' => 'oF_mkjoZGH6IggZv9u-hB2QRD1uA',
    'createtime' => '1552700423',
    'msgtype' => 'event',
    'event' => 'SCAN',
    'eventkey' => 'TZHB15367433237606086--9932',
    'ticket' => 'gQG88TwAAAAAAAAAAS5odHRwOi8vd2VpeGluLnFxLmNvbS9xLzAybTZXTk1xblZhQWUxMDAwMHcwN2gAAgSb15hbAwQAAAAA',
    'from' => 'oF_mkjoZGH6IggZv9u-hB2QRD1uA',
    'to' => 'gh_74fc964c4914',
    'time' => '1552700423',
    'type' => 'text',
    'scene' => 'TZHB15367433237606086--9932',
    'redirection' => true,
    'source' => 'qr',
  ),
)

2019-03-16 09:40:22 response :
------------

2019-03-16 09:41:02 trace :
------------
String:
<xml><ToUserName><![CDATA[gh_74fc964c4914]]></ToUserName>
<FromUserName><![CDATA[oF_mkjoZGH6IggZv9u-hB2QRD1uA]]></FromUserName>
<CreateTime>1552700463</CreateTime>
<MsgType><![CDATA[event]]></MsgType>
<Event><![CDATA[SCAN]]></Event>
<EventKey><![CDATA[TZHB15367433110389893--9875]]></EventKey>
<Ticket><![CDATA[gQGt8TwAAAAAAAAAAS5odHRwOi8vd2VpeGluLnFxLmNvbS9xLzAyY2lSdk00blZhQWUxMDAwMHcwN3QAAgSP15hbAwQAAAAA]]></Ticket>
</xml>

2019-03-16 09:41:02 params :
------------
String:
array (
  'rule' => -2,
  'module' => '',
  'message' => 
  array (
    'tousername' => 'gh_74fc964c4914',
    'fromusername' => 'oF_mkjoZGH6IggZv9u-hB2QRD1uA',
    'createtime' => '1552700463',
    'msgtype' => 'event',
    'event' => 'SCAN',
    'eventkey' => 'TZHB15367433110389893--9875',
    'ticket' => 'gQGt8TwAAAAAAAAAAS5odHRwOi8vd2VpeGluLnFxLmNvbS9xLzAyY2lSdk00blZhQWUxMDAwMHcwN3QAAgSP15hbAwQAAAAA',
    'from' => 'oF_mkjoZGH6IggZv9u-hB2QRD1uA',
    'to' => 'gh_74fc964c4914',
    'time' => '1552700463',
    'type' => 'text',
    'scene' => 'TZHB15367433110389893--9875',
    'redirection' => true,
    'source' => 'qr',
  ),
)

2019-03-16 09:41:02 response :
------------

2019-03-16 09:41:24 trace :
------------
String:
<xml><ToUserName><![CDATA[gh_74fc964c4914]]></ToUserName>
<FromUserName><![CDATA[oF_mkjpwq5xrelWXbAsXyAyElE6M]]></FromUserName>
<CreateTime>1552700485</CreateTime>
<MsgType><![CDATA[event]]></MsgType>
<Event><![CDATA[SCAN]]></Event>
<EventKey><![CDATA[TZHB15367433193628467--9913]]></EventKey>
<Ticket><![CDATA[gQEM8jwAAAAAAAAAAS5odHRwOi8vd2VpeGluLnFxLmNvbS9xLzAyVng4OE1jblZhQWUxMDAwMGcwN0QAAgSX15hbAwQAAAAA]]></Ticket>
</xml>

2019-03-16 09:41:24 params :
------------
String:
array (
  'rule' => -2,
  'module' => '',
  'message' => 
  array (
    'tousername' => 'gh_74fc964c4914',
    'fromusername' => 'oF_mkjpwq5xrelWXbAsXyAyElE6M',
    'createtime' => '1552700485',
    'msgtype' => 'event',
    'event' => 'SCAN',
    'eventkey' => 'TZHB15367433193628467--9913',
    'ticket' => 'gQEM8jwAAAAAAAAAAS5odHRwOi8vd2VpeGluLnFxLmNvbS9xLzAyVng4OE1jblZhQWUxMDAwMGcwN0QAAgSX15hbAwQAAAAA',
    'from' => 'oF_mkjpwq5xrelWXbAsXyAyElE6M',
    'to' => 'gh_74fc964c4914',
    'time' => '1552700485',
    'type' => 'text',
    'scene' => 'TZHB15367433193628467--9913',
    'redirection' => true,
    'source' => 'qr',
  ),
)

2019-03-16 09:41:24 response :
------------

2019-03-16 09:41:41 trace :
------------
String:
<xml><ToUserName><![CDATA[gh_74fc964c4914]]></ToUserName>
<FromUserName><![CDATA[oF_mkjrALwgvfVHtPLK7J-8Xz-Yc]]></FromUserName>
<CreateTime>1552700502</CreateTime>
<MsgType><![CDATA[event]]></MsgType>
<Event><![CDATA[SCAN]]></Event>
<EventKey><![CDATA[TZHB15447490351702013--12677]]></EventKey>
<Ticket><![CDATA[gQEl8TwAAAAAAAAAAS5odHRwOi8vd2VpeGluLnFxLmNvbS9xLzAyTUdTVU5iblZhQWUxMDAwMGcwNzYAAgTr-xJcAwQAAAAA]]></Ticket>
</xml>

2019-03-16 09:41:41 params :
------------
String:
array (
  'rule' => -2,
  'module' => '',
  'message' => 
  array (
    'tousername' => 'gh_74fc964c4914',
    'fromusername' => 'oF_mkjrALwgvfVHtPLK7J-8Xz-Yc',
    'createtime' => '1552700502',
    'msgtype' => 'event',
    'event' => 'SCAN',
    'eventkey' => 'TZHB15447490351702013--12677',
    'ticket' => 'gQEl8TwAAAAAAAAAAS5odHRwOi8vd2VpeGluLnFxLmNvbS9xLzAyTUdTVU5iblZhQWUxMDAwMGcwNzYAAgTr-xJcAwQAAAAA',
    'from' => 'oF_mkjrALwgvfVHtPLK7J-8Xz-Yc',
    'to' => 'gh_74fc964c4914',
    'time' => '1552700502',
    'type' => 'text',
    'scene' => 'TZHB15447490351702013--12677',
    'redirection' => true,
    'source' => 'qr',
  ),
)

2019-03-16 09:41:41 response :
------------

2019-03-16 09:41:42 trace :
------------
String:
<xml><ToUserName><![CDATA[gh_74fc964c4914]]></ToUserName>
<FromUserName><![CDATA[oF_mkjoZGH6IggZv9u-hB2QRD1uA]]></FromUserName>
<CreateTime>1552700504</CreateTime>
<MsgType><![CDATA[event]]></MsgType>
<Event><![CDATA[SCAN]]></Event>
<EventKey><![CDATA[TZHB15447490476232245--12723]]></EventKey>
<Ticket><![CDATA[gQEp8TwAAAAAAAAAAS5odHRwOi8vd2VpeGluLnFxLmNvbS9xLzAySjZBRU5TblZhQWUxMDAwMGcwN2sAAgT3-xJcAwQAAAAA]]></Ticket>
</xml>

2019-03-16 09:41:42 params :
------------
String:
array (
  'rule' => -2,
  'module' => '',
  'message' => 
  array (
    'tousername' => 'gh_74fc964c4914',
    'fromusername' => 'oF_mkjoZGH6IggZv9u-hB2QRD1uA',
    'createtime' => '1552700504',
    'msgtype' => 'event',
    'event' => 'SCAN',
    'eventkey' => 'TZHB15447490476232245--12723',
    'ticket' => 'gQEp8TwAAAAAAAAAAS5odHRwOi8vd2VpeGluLnFxLmNvbS9xLzAySjZBRU5TblZhQWUxMDAwMGcwN2sAAgT3-xJcAwQAAAAA',
    'from' => 'oF_mkjoZGH6IggZv9u-hB2QRD1uA',
    'to' => 'gh_74fc964c4914',
    'time' => '1552700504',
    'type' => 'text',
    'scene' => 'TZHB15447490476232245--12723',
    'redirection' => true,
    'source' => 'qr',
  ),
)

2019-03-16 09:41:42 response :
------------

2019-03-16 09:41:53 trace :
------------
String:
<xml><ToUserName><![CDATA[gh_74fc964c4914]]></ToUserName>
<FromUserName><![CDATA[oF_mkjoZGH6IggZv9u-hB2QRD1uA]]></FromUserName>
<CreateTime>1552700514</CreateTime>
<MsgType><![CDATA[event]]></MsgType>
<Event><![CDATA[SCAN]]></Event>
<EventKey><![CDATA[TZHB15447490476232245--12723]]></EventKey>
<Ticket><![CDATA[gQEp8TwAAAAAAAAAAS5odHRwOi8vd2VpeGluLnFxLmNvbS9xLzAySjZBRU5TblZhQWUxMDAwMGcwN2sAAgT3-xJcAwQAAAAA]]></Ticket>
</xml>

2019-03-16 09:41:53 params :
------------
String:
array (
  'rule' => -2,
  'module' => '',
  'message' => 
  array (
    'tousername' => 'gh_74fc964c4914',
    'fromusername' => 'oF_mkjoZGH6IggZv9u-hB2QRD1uA',
    'createtime' => '1552700514',
    'msgtype' => 'event',
    'event' => 'SCAN',
    'eventkey' => 'TZHB15447490476232245--12723',
    'ticket' => 'gQEp8TwAAAAAAAAAAS5odHRwOi8vd2VpeGluLnFxLmNvbS9xLzAySjZBRU5TblZhQWUxMDAwMGcwN2sAAgT3-xJcAwQAAAAA',
    'from' => 'oF_mkjoZGH6IggZv9u-hB2QRD1uA',
    'to' => 'gh_74fc964c4914',
    'time' => '1552700514',
    'type' => 'text',
    'scene' => 'TZHB15447490476232245--12723',
    'redirection' => true,
    'source' => 'qr',
  ),
)

2019-03-16 09:41:53 response :
------------

2019-03-16 09:42:25 trace :
------------
String:
<xml><ToUserName><![CDATA[gh_74fc964c4914]]></ToUserName>
<FromUserName><![CDATA[oF_mkjrALwgvfVHtPLK7J-8Xz-Yc]]></FromUserName>
<CreateTime>1552700546</CreateTime>
<MsgType><![CDATA[event]]></MsgType>
<Event><![CDATA[SCAN]]></Event>
<EventKey><![CDATA[TZHB15447490351702013--12677]]></EventKey>
<Ticket><![CDATA[gQEl8TwAAAAAAAAAAS5odHRwOi8vd2VpeGluLnFxLmNvbS9xLzAyTUdTVU5iblZhQWUxMDAwMGcwNzYAAgTr-xJcAwQAAAAA]]></Ticket>
</xml>

2019-03-16 09:42:25 params :
------------
String:
array (
  'rule' => -2,
  'module' => '',
  'message' => 
  array (
    'tousername' => 'gh_74fc964c4914',
    'fromusername' => 'oF_mkjrALwgvfVHtPLK7J-8Xz-Yc',
    'createtime' => '1552700546',
    'msgtype' => 'event',
    'event' => 'SCAN',
    'eventkey' => 'TZHB15447490351702013--12677',
    'ticket' => 'gQEl8TwAAAAAAAAAAS5odHRwOi8vd2VpeGluLnFxLmNvbS9xLzAyTUdTVU5iblZhQWUxMDAwMGcwNzYAAgTr-xJcAwQAAAAA',
    'from' => 'oF_mkjrALwgvfVHtPLK7J-8Xz-Yc',
    'to' => 'gh_74fc964c4914',
    'time' => '1552700546',
    'type' => 'text',
    'scene' => 'TZHB15447490351702013--12677',
    'redirection' => true,
    'source' => 'qr',
  ),
)

2019-03-16 09:42:25 response :
------------

2019-03-16 09:42:33 trace :
------------
String:
<xml><ToUserName><![CDATA[gh_74fc964c4914]]></ToUserName>
<FromUserName><![CDATA[oF_mkjrALwgvfVHtPLK7J-8Xz-Yc]]></FromUserName>
<CreateTime>1552700554</CreateTime>
<MsgType><![CDATA[event]]></MsgType>
<Event><![CDATA[unsubscribe]]></Event>
<EventKey><![CDATA[]]></EventKey>
</xml>

2019-03-16 09:42:38 trace :
------------
String:
<xml><ToUserName><![CDATA[gh_74fc964c4914]]></ToUserName>
<FromUserName><![CDATA[oF_mkjoZGH6IggZv9u-hB2QRD1uA]]></FromUserName>
<CreateTime>1552700560</CreateTime>
<MsgType><![CDATA[event]]></MsgType>
<Event><![CDATA[SCAN]]></Event>
<EventKey><![CDATA[TZHB15447490504451323--12736]]></EventKey>
<Ticket><![CDATA[gQEp8TwAAAAAAAAAAS5odHRwOi8vd2VpeGluLnFxLmNvbS9xLzAydzVQaU5EblZhQWUxMDAwME0wNzIAAgT6-xJcAwQAAAAA]]></Ticket>
</xml>

2019-03-16 09:42:38 params :
------------
String:
array (
  'rule' => -2,
  'module' => '',
  'message' => 
  array (
    'tousername' => 'gh_74fc964c4914',
    'fromusername' => 'oF_mkjoZGH6IggZv9u-hB2QRD1uA',
    'createtime' => '1552700560',
    'msgtype' => 'event',
    'event' => 'SCAN',
    'eventkey' => 'TZHB15447490504451323--12736',
    'ticket' => 'gQEp8TwAAAAAAAAAAS5odHRwOi8vd2VpeGluLnFxLmNvbS9xLzAydzVQaU5EblZhQWUxMDAwME0wNzIAAgT6-xJcAwQAAAAA',
    'from' => 'oF_mkjoZGH6IggZv9u-hB2QRD1uA',
    'to' => 'gh_74fc964c4914',
    'time' => '1552700560',
    'type' => 'text',
    'scene' => 'TZHB15447490504451323--12736',
    'redirection' => true,
    'source' => 'qr',
  ),
)

2019-03-16 09:42:38 response :
------------

2019-03-16 09:42:42 trace :
------------
String:
<xml><ToUserName><![CDATA[gh_74fc964c4914]]></ToUserName>
<FromUserName><![CDATA[oF_mkjrALwgvfVHtPLK7J-8Xz-Yc]]></FromUserName>
<CreateTime>1552700563</CreateTime>
<MsgType><![CDATA[event]]></MsgType>
<Event><![CDATA[subscribe]]></Event>
<EventKey><![CDATA[qrscene_TZHB15447490351702013--12677]]></EventKey>
<Ticket><![CDATA[gQEl8TwAAAAAAAAAAS5odHRwOi8vd2VpeGluLnFxLmNvbS9xLzAyTUdTVU5iblZhQWUxMDAwMGcwNzYAAgTr-xJcAwQAAAAA]]></Ticket>
</xml>

2019-03-16 09:42:42 params :
------------
String:
array (
  'message' => 
  array (
    'tousername' => 'gh_74fc964c4914',
    'fromusername' => 'oF_mkjrALwgvfVHtPLK7J-8Xz-Yc',
    'createtime' => '1552700563',
    'msgtype' => 'event',
    'event' => 'subscribe',
    'eventkey' => 'qrscene_TZHB15447490351702013--12677',
    'ticket' => 'gQEl8TwAAAAAAAAAAS5odHRwOi8vd2VpeGluLnFxLmNvbS9xLzAyTUdTVU5iblZhQWUxMDAwMGcwNzYAAgTr-xJcAwQAAAAA',
    'from' => 'oF_mkjrALwgvfVHtPLK7J-8Xz-Yc',
    'to' => 'gh_74fc964c4914',
    'time' => '1552700563',
    'type' => 'text',
    'scene' => 'TZHB15447490351702013--12677',
    'redirection' => true,
    'source' => 'subscribe',
    'content' => '首次关注',
  ),
  'module' => 'reply',
  'rule' => '9',
  'priority' => '0',
  'keyword' => 
  array (
    'id' => '116',
    'rid' => '9',
    'uniacid' => '2',
    'module' => 'reply',
    'content' => '首次关注',
    'type' => '1',
    'displayorder' => '0',
    'status' => '1',
    'reply_type' => 
    array (
      0 => 'basic',
    ),
  ),
  'reply_type' => 
  array (
    0 => 'basic',
  ),
)

2019-03-16 09:42:42 response :
------------
Array:
FromUserName : gh_74fc964c4914 ;
ToUserName : oF_mkjrALwgvfVHtPLK7J-8Xz-Yc ;
MsgType : text ;
Content : 您好，感谢您关注奔瑞汽车用品！360°汽车服务解决方案提供商。业务领域涵盖高端美容、二手翻新及快速钣喷等，欢迎与我们联系。
您也可以回复以下数字，查看相关信息。
【1】品牌介绍
【2】核心项目
【3】合作支持
【4】产品中心
【5】联系方式
您可以留言或拨打客服热线 4006669243 更多资讯，您可以访问奔瑞官网 www.benrui.cn
意见，建议反馈信息请直接回复，谢谢。 ;

2019-03-16 09:42:42 trace :
------------
String:
<xml><ToUserName><![CDATA[gh_74fc964c4914]]></ToUserName>
<FromUserName><![CDATA[oF_mkjoZGH6IggZv9u-hB2QRD1uA]]></FromUserName>
<CreateTime>1552700564</CreateTime>
<MsgType><![CDATA[event]]></MsgType>
<Event><![CDATA[CLICK]]></Event>
<EventKey><![CDATA[最新优惠]]></EventKey>
</xml>

2019-03-16 09:42:42 params :
------------
String:
array (
  'message' => 
  array (
    'tousername' => 'gh_74fc964c4914',
    'fromusername' => 'oF_mkjoZGH6IggZv9u-hB2QRD1uA',
    'createtime' => '1552700564',
    'msgtype' => 'event',
    'event' => 'CLICK',
    'eventkey' => '最新优惠',
    'from' => 'oF_mkjoZGH6IggZv9u-hB2QRD1uA',
    'to' => 'gh_74fc964c4914',
    'time' => '1552700564',
    'type' => 'text',
    'content' => '最新优惠',
    'redirection' => true,
    'source' => 'click',
  ),
  'module' => 'reply',
  'rule' => '53',
  'priority' => '0',
  'keyword' => 
  array (
    'id' => '115',
    'rid' => '53',
    'uniacid' => '2',
    'module' => 'reply',
    'content' => '最新优惠',
    'type' => '1',
    'displayorder' => '0',
    'status' => '1',
    'reply_type' => 
    array (
      0 => 'basic',
    ),
  ),
  'reply_type' => 
  array (
    0 => 'basic',
  ),
)

2019-03-16 09:42:42 response :
------------
Array:
FromUserName : gh_74fc964c4914 ;
ToUserName : oF_mkjoZGH6IggZv9u-hB2QRD1uA ;
MsgType : text ;
Content : 优质服务季，一大波促销活动即将激情开启，敬请期待。 ;

2019-03-16 09:42:51 trace :
------------
String:
<xml><ToUserName><![CDATA[gh_74fc964c4914]]></ToUserName>
<FromUserName><![CDATA[oF_mkjrALwgvfVHtPLK7J-8Xz-Yc]]></FromUserName>
<CreateTime>1552700572</CreateTime>
<MsgType><![CDATA[event]]></MsgType>
<Event><![CDATA[LOCATION]]></Event>
<Latitude>30.128880</Latitude>
<Longitude>120.515236</Longitude>
<Precision>110.000000</Precision>
</xml>

2019-03-16 09:42:51 params :
------------
String:
array (
  'message' => 
  array (
    'tousername' => 'gh_74fc964c4914',
    'fromusername' => 'oF_mkjrALwgvfVHtPLK7J-8Xz-Yc',
    'createtime' => '1552700572',
    'msgtype' => 'event',
    'event' => 'LOCATION',
    'latitude' => '30.128880',
    'longitude' => '120.515236',
    'precision' => '110.000000',
    'from' => 'oF_mkjrALwgvfVHtPLK7J-8Xz-Yc',
    'to' => 'gh_74fc964c4914',
    'time' => '1552700572',
    'type' => 'trace',
    'location_x' => '30.128880',
    'location_y' => '120.515236',
  ),
  'module' => 'default',
  'rule' => '-1',
)

2019-03-16 09:42:51 response :
------------
Array:
errno : -1 ;
message : Invaild value ;

2019-03-16 09:42:51 trace :
------------
String:
<xml><ToUserName><![CDATA[gh_74fc964c4914]]></ToUserName>
<FromUserName><![CDATA[oF_mkjoZGH6IggZv9u-hB2QRD1uA]]></FromUserName>
<CreateTime>1552700572</CreateTime>
<MsgType><![CDATA[event]]></MsgType>
<Event><![CDATA[VIEW]]></Event>
<EventKey><![CDATA[http://mp.weixin.qq.com/s?__biz=MjM5MzE3NjM0Mw==&mid=2651052631&idx=1&sn=f6c637ac6355950fb6a6be3d98a3cc23&chksm=bd6c742f8a1bfd39d1d675b59be3bddfb6f31ba6f7077f16cd628b6444ecb07d173e07cf2793&scene=18#wechat_redirect]]></EventKey>
<MenuId>503048253</MenuId>
</xml>

2019-03-16 09:42:51 params :
------------
String:
array (
  'message' => 
  array (
    'tousername' => 'gh_74fc964c4914',
    'fromusername' => 'oF_mkjoZGH6IggZv9u-hB2QRD1uA',
    'createtime' => '1552700572',
    'msgtype' => 'event',
    'event' => 'VIEW',
    'eventkey' => 'http://mp.weixin.qq.com/s?__biz=MjM5MzE3NjM0Mw==&mid=2651052631&idx=1&sn=f6c637ac6355950fb6a6be3d98a3cc23&chksm=bd6c742f8a1bfd39d1d675b59be3bddfb6f31ba6f7077f16cd628b6444ecb07d173e07cf2793&scene=18#wechat_redirect',
    'menuid' => '503048253',
    'from' => 'oF_mkjoZGH6IggZv9u-hB2QRD1uA',
    'to' => 'gh_74fc964c4914',
    'time' => '1552700572',
    'type' => 'text',
    'content' => 'http://mp.weixin.qq.com/s?__biz=MjM5MzE3NjM0Mw==&mid=2651052631&idx=1&sn=f6c637ac6355950fb6a6be3d98a3cc23&chksm=bd6c742f8a1bfd39d1d675b59be3bddfb6f31ba6f7077f16cd628b6444ecb07d173e07cf2793&scene=18#wechat_redirect',
    'redirection' => true,
    'source' => 'VIEW',
  ),
  'module' => 'reply',
  'rule' => '25',
  'priority' => '0',
  'keyword' => 
  array (
    'id' => '32',
    'rid' => '25',
    'uniacid' => '2',
    'module' => 'reply',
    'content' => 'f1',
    'type' => '2',
    'displayorder' => '0',
    'status' => '1',
    'reply_type' => 
    array (
      0 => 'news',
    ),
  ),
  'reply_type' => 
  array (
    0 => 'news',
  ),
)

2019-03-16 09:42:51 response :
------------
Array:
FromUserName : gh_74fc964c4914 ;
ToUserName : oF_mkjoZGH6IggZv9u-hB2QRD1uA ;
MsgType : news ;
ArticleCount : 1 ;
Articles : Array ;

2019-03-16 09:42:59 trace :
------------
String:
<xml><ToUserName><![CDATA[gh_74fc964c4914]]></ToUserName>
<FromUserName><![CDATA[oF_mkjoZGH6IggZv9u-hB2QRD1uA]]></FromUserName>
<CreateTime>1552700581</CreateTime>
<MsgType><![CDATA[event]]></MsgType>
<Event><![CDATA[VIEW]]></Event>
<EventKey><![CDATA[http://mp.weixin.qq.com/s?__biz=MjM5MzE3NjM0Mw==&mid=503568906&idx=1&sn=f69b31c00cb3a1c6d10bbd603f2d6a9d&chksm=3d6c74720a1bfd64faf54e1953da8af16745ad2e97a8a1c5013448887a270dbfe1e016af3f77&scene=18#wechat_redirect]]></EventKey>
<MenuId>503048253</MenuId>
</xml>

2019-03-16 09:42:59 params :
------------
String:
array (
  'message' => 
  array (
    'tousername' => 'gh_74fc964c4914',
    'fromusername' => 'oF_mkjoZGH6IggZv9u-hB2QRD1uA',
    'createtime' => '1552700581',
    'msgtype' => 'event',
    'event' => 'VIEW',
    'eventkey' => 'http://mp.weixin.qq.com/s?__biz=MjM5MzE3NjM0Mw==&mid=503568906&idx=1&sn=f69b31c00cb3a1c6d10bbd603f2d6a9d&chksm=3d6c74720a1bfd64faf54e1953da8af16745ad2e97a8a1c5013448887a270dbfe1e016af3f77&scene=18#wechat_redirect',
    'menuid' => '503048253',
    'from' => 'oF_mkjoZGH6IggZv9u-hB2QRD1uA',
    'to' => 'gh_74fc964c4914',
    'time' => '1552700581',
    'type' => 'text',
    'content' => 'http://mp.weixin.qq.com/s?__biz=MjM5MzE3NjM0Mw==&mid=503568906&idx=1&sn=f69b31c00cb3a1c6d10bbd603f2d6a9d&chksm=3d6c74720a1bfd64faf54e1953da8af16745ad2e97a8a1c5013448887a270dbfe1e016af3f77&scene=18#wechat_redirect',
    'redirection' => true,
    'source' => 'VIEW',
  ),
  'module' => 'reply',
  'rule' => '25',
  'priority' => '0',
  'keyword' => 
  array (
    'id' => '32',
    'rid' => '25',
    'uniacid' => '2',
    'module' => 'reply',
    'content' => 'f1',
    'type' => '2',
    'displayorder' => '0',
    'status' => '1',
    'reply_type' => 
    array (
      0 => 'news',
    ),
  ),
  'reply_type' => 
  array (
    0 => 'news',
  ),
)

2019-03-16 09:42:59 response :
------------
Array:
FromUserName : gh_74fc964c4914 ;
ToUserName : oF_mkjoZGH6IggZv9u-hB2QRD1uA ;
MsgType : news ;
ArticleCount : 1 ;
Articles : Array ;

2019-03-16 09:43:08 trace :
------------
String:
<xml><ToUserName><![CDATA[gh_74fc964c4914]]></ToUserName>
<FromUserName><![CDATA[oF_mkjrALwgvfVHtPLK7J-8Xz-Yc]]></FromUserName>
<CreateTime>1552700589</CreateTime>
<MsgType><![CDATA[event]]></MsgType>
<Event><![CDATA[SCAN]]></Event>
<EventKey><![CDATA[TZHB15447490351702013--12677]]></EventKey>
<Ticket><![CDATA[gQEl8TwAAAAAAAAAAS5odHRwOi8vd2VpeGluLnFxLmNvbS9xLzAyTUdTVU5iblZhQWUxMDAwMGcwNzYAAgTr-xJcAwQAAAAA]]></Ticket>
</xml>

2019-03-16 09:43:08 params :
------------
String:
array (
  'rule' => -2,
  'module' => '',
  'message' => 
  array (
    'tousername' => 'gh_74fc964c4914',
    'fromusername' => 'oF_mkjrALwgvfVHtPLK7J-8Xz-Yc',
    'createtime' => '1552700589',
    'msgtype' => 'event',
    'event' => 'SCAN',
    'eventkey' => 'TZHB15447490351702013--12677',
    'ticket' => 'gQEl8TwAAAAAAAAAAS5odHRwOi8vd2VpeGluLnFxLmNvbS9xLzAyTUdTVU5iblZhQWUxMDAwMGcwNzYAAgTr-xJcAwQAAAAA',
    'from' => 'oF_mkjrALwgvfVHtPLK7J-8Xz-Yc',
    'to' => 'gh_74fc964c4914',
    'time' => '1552700589',
    'type' => 'text',
    'scene' => 'TZHB15447490351702013--12677',
    'redirection' => true,
    'source' => 'qr',
  ),
)

2019-03-16 09:43:08 response :
------------

2019-03-16 09:43:08 trace :
------------
String:
<xml><ToUserName><![CDATA[gh_74fc964c4914]]></ToUserName>
<FromUserName><![CDATA[oF_mkjrALwgvfVHtPLK7J-8Xz-Yc]]></FromUserName>
<CreateTime>1552700590</CreateTime>
<MsgType><![CDATA[event]]></MsgType>
<Event><![CDATA[LOCATION]]></Event>
<Latitude>30.128880</Latitude>
<Longitude>120.515236</Longitude>
<Precision>110.000000</Precision>
</xml>

2019-03-16 09:43:09 params :
------------
String:
array (
  'message' => 
  array (
    'tousername' => 'gh_74fc964c4914',
    'fromusername' => 'oF_mkjrALwgvfVHtPLK7J-8Xz-Yc',
    'createtime' => '1552700590',
    'msgtype' => 'event',
    'event' => 'LOCATION',
    'latitude' => '30.128880',
    'longitude' => '120.515236',
    'precision' => '110.000000',
    'from' => 'oF_mkjrALwgvfVHtPLK7J-8Xz-Yc',
    'to' => 'gh_74fc964c4914',
    'time' => '1552700590',
    'type' => 'trace',
    'location_x' => '30.128880',
    'location_y' => '120.515236',
  ),
  'module' => 'default',
  'rule' => '-1',
)

2019-03-16 09:43:09 response :
------------
Array:
errno : -1 ;
message : Invaild value ;

2019-03-16 09:43:23 trace :
------------
String:
<xml><ToUserName><![CDATA[gh_74fc964c4914]]></ToUserName>
<FromUserName><![CDATA[oF_mkjoZGH6IggZv9u-hB2QRD1uA]]></FromUserName>
<CreateTime>1552700604</CreateTime>
<MsgType><![CDATA[event]]></MsgType>
<Event><![CDATA[SCAN]]></Event>
<EventKey><![CDATA[TZHB15447490504451323--12736]]></EventKey>
<Ticket><![CDATA[gQEp8TwAAAAAAAAAAS5odHRwOi8vd2VpeGluLnFxLmNvbS9xLzAydzVQaU5EblZhQWUxMDAwME0wNzIAAgT6-xJcAwQAAAAA]]></Ticket>
</xml>

2019-03-16 09:43:23 params :
------------
String:
array (
  'rule' => -2,
  'module' => '',
  'message' => 
  array (
    'tousername' => 'gh_74fc964c4914',
    'fromusername' => 'oF_mkjoZGH6IggZv9u-hB2QRD1uA',
    'createtime' => '1552700604',
    'msgtype' => 'event',
    'event' => 'SCAN',
    'eventkey' => 'TZHB15447490504451323--12736',
    'ticket' => 'gQEp8TwAAAAAAAAAAS5odHRwOi8vd2VpeGluLnFxLmNvbS9xLzAydzVQaU5EblZhQWUxMDAwME0wNzIAAgT6-xJcAwQAAAAA',
    'from' => 'oF_mkjoZGH6IggZv9u-hB2QRD1uA',
    'to' => 'gh_74fc964c4914',
    'time' => '1552700604',
    'type' => 'text',
    'scene' => 'TZHB15447490504451323--12736',
    'redirection' => true,
    'source' => 'qr',
  ),
)

2019-03-16 09:43:23 response :
------------

2019-03-16 09:43:57 trace :
------------
String:
<xml><ToUserName><![CDATA[gh_74fc964c4914]]></ToUserName>
<FromUserName><![CDATA[oF_mkjrALwgvfVHtPLK7J-8Xz-Yc]]></FromUserName>
<CreateTime>1552700639</CreateTime>
<MsgType><![CDATA[event]]></MsgType>
<Event><![CDATA[SCAN]]></Event>
<EventKey><![CDATA[TZHB15264370812646103--1748]]></EventKey>
<Ticket><![CDATA[gQGX8TwAAAAAAAAAAS5odHRwOi8vd2VpeGluLnFxLmNvbS9xLzAyei10OU5oblZhQWUxMDAwMDAwN3MAAgTZlPtaAwQAAAAA]]></Ticket>
</xml>

2019-03-16 09:43:58 params :
------------
String:
array (
  'rule' => -2,
  'module' => '',
  'message' => 
  array (
    'tousername' => 'gh_74fc964c4914',
    'fromusername' => 'oF_mkjrALwgvfVHtPLK7J-8Xz-Yc',
    'createtime' => '1552700639',
    'msgtype' => 'event',
    'event' => 'SCAN',
    'eventkey' => 'TZHB15264370812646103--1748',
    'ticket' => 'gQGX8TwAAAAAAAAAAS5odHRwOi8vd2VpeGluLnFxLmNvbS9xLzAyei10OU5oblZhQWUxMDAwMDAwN3MAAgTZlPtaAwQAAAAA',
    'from' => 'oF_mkjrALwgvfVHtPLK7J-8Xz-Yc',
    'to' => 'gh_74fc964c4914',
    'time' => '1552700639',
    'type' => 'text',
    'scene' => 'TZHB15264370812646103--1748',
    'redirection' => true,
    'source' => 'qr',
  ),
)

2019-03-16 09:43:58 response :
------------

2019-03-16 09:43:58 trace :
------------
String:
<xml><ToUserName><![CDATA[gh_74fc964c4914]]></ToUserName>
<FromUserName><![CDATA[oF_mkjrALwgvfVHtPLK7J-8Xz-Yc]]></FromUserName>
<CreateTime>1552700640</CreateTime>
<MsgType><![CDATA[event]]></MsgType>
<Event><![CDATA[LOCATION]]></Event>
<Latitude>30.128887</Latitude>
<Longitude>120.515289</Longitude>
<Precision>110.000000</Precision>
</xml>

2019-03-16 09:43:58 params :
------------
String:
array (
  'message' => 
  array (
    'tousername' => 'gh_74fc964c4914',
    'fromusername' => 'oF_mkjrALwgvfVHtPLK7J-8Xz-Yc',
    'createtime' => '1552700640',
    'msgtype' => 'event',
    'event' => 'LOCATION',
    'latitude' => '30.128887',
    'longitude' => '120.515289',
    'precision' => '110.000000',
    'from' => 'oF_mkjrALwgvfVHtPLK7J-8Xz-Yc',
    'to' => 'gh_74fc964c4914',
    'time' => '1552700640',
    'type' => 'trace',
    'location_x' => '30.128887',
    'location_y' => '120.515289',
  ),
  'module' => 'default',
  'rule' => '-1',
)

2019-03-16 09:43:58 response :
------------
Array:
errno : -1 ;
message : Invaild value ;

2019-03-16 09:44:17 trace :
------------
String:
<xml><ToUserName><![CDATA[gh_74fc964c4914]]></ToUserName>
<FromUserName><![CDATA[oF_mkjrALwgvfVHtPLK7J-8Xz-Yc]]></FromUserName>
<CreateTime>1552700659</CreateTime>
<MsgType><![CDATA[event]]></MsgType>
<Event><![CDATA[LOCATION]]></Event>
<Latitude>30.128887</Latitude>
<Longitude>120.515289</Longitude>
<Precision>110.000000</Precision>
</xml>

2019-03-16 09:44:17 params :
------------
String:
array (
  'message' => 
  array (
    'tousername' => 'gh_74fc964c4914',
    'fromusername' => 'oF_mkjrALwgvfVHtPLK7J-8Xz-Yc',
    'createtime' => '1552700659',
    'msgtype' => 'event',
    'event' => 'LOCATION',
    'latitude' => '30.128887',
    'longitude' => '120.515289',
    'precision' => '110.000000',
    'from' => 'oF_mkjrALwgvfVHtPLK7J-8Xz-Yc',
    'to' => 'gh_74fc964c4914',
    'time' => '1552700659',
    'type' => 'trace',
    'location_x' => '30.128887',
    'location_y' => '120.515289',
  ),
  'module' => 'default',
  'rule' => '-1',
)

2019-03-16 09:44:17 response :
------------
Array:
errno : -1 ;
message : Invaild value ;

2019-03-16 09:44:27 trace :
------------
String:
<xml><ToUserName><![CDATA[gh_74fc964c4914]]></ToUserName>
<FromUserName><![CDATA[oF_mkjoZGH6IggZv9u-hB2QRD1uA]]></FromUserName>
<CreateTime>1552700668</CreateTime>
<MsgType><![CDATA[event]]></MsgType>
<Event><![CDATA[SCAN]]></Event>
<EventKey><![CDATA[TZHB15447490452025312--12712]]></EventKey>
<Ticket><![CDATA[gQHZ8DwAAAAAAAAAAS5odHRwOi8vd2VpeGluLnFxLmNvbS9xLzAyX0N5dE01blZhQWUxMDAwMHcwN0MAAgT1-xJcAwQAAAAA]]></Ticket>
</xml>

2019-03-16 09:44:27 trace :
------------
String:
<xml><ToUserName><![CDATA[gh_74fc964c4914]]></ToUserName>
<FromUserName><![CDATA[oF_mkjrALwgvfVHtPLK7J-8Xz-Yc]]></FromUserName>
<CreateTime>1552700668</CreateTime>
<MsgType><![CDATA[event]]></MsgType>
<Event><![CDATA[SCAN]]></Event>
<EventKey><![CDATA[TZHB15264370812646103--1748]]></EventKey>
<Ticket><![CDATA[gQGX8TwAAAAAAAAAAS5odHRwOi8vd2VpeGluLnFxLmNvbS9xLzAyei10OU5oblZhQWUxMDAwMDAwN3MAAgTZlPtaAwQAAAAA]]></Ticket>
</xml>

2019-03-16 09:44:27 params :
------------
String:
array (
  'rule' => -2,
  'module' => '',
  'message' => 
  array (
    'tousername' => 'gh_74fc964c4914',
    'fromusername' => 'oF_mkjoZGH6IggZv9u-hB2QRD1uA',
    'createtime' => '1552700668',
    'msgtype' => 'event',
    'event' => 'SCAN',
    'eventkey' => 'TZHB15447490452025312--12712',
    'ticket' => 'gQHZ8DwAAAAAAAAAAS5odHRwOi8vd2VpeGluLnFxLmNvbS9xLzAyX0N5dE01blZhQWUxMDAwMHcwN0MAAgT1-xJcAwQAAAAA',
    'from' => 'oF_mkjoZGH6IggZv9u-hB2QRD1uA',
    'to' => 'gh_74fc964c4914',
    'time' => '1552700668',
    'type' => 'text',
    'scene' => 'TZHB15447490452025312--12712',
    'redirection' => true,
    'source' => 'qr',
  ),
)

2019-03-16 09:44:27 response :
------------

2019-03-16 09:44:27 params :
------------
String:
array (
  'rule' => -2,
  'module' => '',
  'message' => 
  array (
    'tousername' => 'gh_74fc964c4914',
    'fromusername' => 'oF_mkjrALwgvfVHtPLK7J-8Xz-Yc',
    'createtime' => '1552700668',
    'msgtype' => 'event',
    'event' => 'SCAN',
    'eventkey' => 'TZHB15264370812646103--1748',
    'ticket' => 'gQGX8TwAAAAAAAAAAS5odHRwOi8vd2VpeGluLnFxLmNvbS9xLzAyei10OU5oblZhQWUxMDAwMDAwN3MAAgTZlPtaAwQAAAAA',
    'from' => 'oF_mkjrALwgvfVHtPLK7J-8Xz-Yc',
    'to' => 'gh_74fc964c4914',
    'time' => '1552700668',
    'type' => 'text',
    'scene' => 'TZHB15264370812646103--1748',
    'redirection' => true,
    'source' => 'qr',
  ),
)

2019-03-16 09:44:27 response :
------------

2019-03-16 09:44:27 trace :
------------
String:
<xml><ToUserName><![CDATA[gh_74fc964c4914]]></ToUserName>
<FromUserName><![CDATA[oF_mkjrALwgvfVHtPLK7J-8Xz-Yc]]></FromUserName>
<CreateTime>1552700669</CreateTime>
<MsgType><![CDATA[event]]></MsgType>
<Event><![CDATA[LOCATION]]></Event>
<Latitude>30.128920</Latitude>
<Longitude>120.515137</Longitude>
<Precision>900.000000</Precision>
</xml>

2019-03-16 09:44:27 params :
------------
String:
array (
  'message' => 
  array (
    'tousername' => 'gh_74fc964c4914',
    'fromusername' => 'oF_mkjrALwgvfVHtPLK7J-8Xz-Yc',
    'createtime' => '1552700669',
    'msgtype' => 'event',
    'event' => 'LOCATION',
    'latitude' => '30.128920',
    'longitude' => '120.515137',
    'precision' => '900.000000',
    'from' => 'oF_mkjrALwgvfVHtPLK7J-8Xz-Yc',
    'to' => 'gh_74fc964c4914',
    'time' => '1552700669',
    'type' => 'trace',
    'location_x' => '30.128920',
    'location_y' => '120.515137',
  ),
  'module' => 'default',
  'rule' => '-1',
)

2019-03-16 09:44:27 response :
------------
Array:
errno : -1 ;
message : Invaild value ;

2019-03-16 09:44:46 trace :
------------
String:
<xml><ToUserName><![CDATA[gh_74fc964c4914]]></ToUserName>
<FromUserName><![CDATA[oF_mkjoZGH6IggZv9u-hB2QRD1uA]]></FromUserName>
<CreateTime>1552700687</CreateTime>
<MsgType><![CDATA[text]]></MsgType>
<Content><![CDATA[扫码抢红包]]></Content>
<MsgId>22229328741223563</MsgId>
</xml>

2019-03-16 09:44:46 params :
------------
String:
array (
  'rule' => -2,
  'module' => '',
  'message' => 
  array (
    'tousername' => 'gh_74fc964c4914',
    'fromusername' => 'oF_mkjoZGH6IggZv9u-hB2QRD1uA',
    'createtime' => '1552700687',
    'msgtype' => 'text',
    'content' => '扫码抢红包',
    'msgid' => '22229328741223563',
    'from' => 'oF_mkjoZGH6IggZv9u-hB2QRD1uA',
    'to' => 'gh_74fc964c4914',
    'time' => '1552700687',
    'type' => 'text',
    'event' => NULL,
    'redirection' => false,
    'source' => NULL,
  ),
)

2019-03-16 09:44:46 response :
------------

2019-03-16 09:45:07 trace :
------------
String:
<xml><ToUserName><![CDATA[gh_74fc964c4914]]></ToUserName>
<FromUserName><![CDATA[oF_mkjrALwgvfVHtPLK7J-8Xz-Yc]]></FromUserName>
<CreateTime>1552700709</CreateTime>
<MsgType><![CDATA[event]]></MsgType>
<Event><![CDATA[SCAN]]></Event>
<EventKey><![CDATA[TZHB15264370812646103--1748]]></EventKey>
<Ticket><![CDATA[gQGX8TwAAAAAAAAAAS5odHRwOi8vd2VpeGluLnFxLmNvbS9xLzAyei10OU5oblZhQWUxMDAwMDAwN3MAAgTZlPtaAwQAAAAA]]></Ticket>
</xml>

2019-03-16 09:45:08 params :
------------
String:
array (
  'rule' => -2,
  'module' => '',
  'message' => 
  array (
    'tousername' => 'gh_74fc964c4914',
    'fromusername' => 'oF_mkjrALwgvfVHtPLK7J-8Xz-Yc',
    'createtime' => '1552700709',
    'msgtype' => 'event',
    'event' => 'SCAN',
    'eventkey' => 'TZHB15264370812646103--1748',
    'ticket' => 'gQGX8TwAAAAAAAAAAS5odHRwOi8vd2VpeGluLnFxLmNvbS9xLzAyei10OU5oblZhQWUxMDAwMDAwN3MAAgTZlPtaAwQAAAAA',
    'from' => 'oF_mkjrALwgvfVHtPLK7J-8Xz-Yc',
    'to' => 'gh_74fc964c4914',
    'time' => '1552700709',
    'type' => 'text',
    'scene' => 'TZHB15264370812646103--1748',
    'redirection' => true,
    'source' => 'qr',
  ),
)

2019-03-16 09:45:08 response :
------------

2019-03-16 09:45:08 trace :
------------
String:
<xml><ToUserName><![CDATA[gh_74fc964c4914]]></ToUserName>
<FromUserName><![CDATA[oF_mkjrALwgvfVHtPLK7J-8Xz-Yc]]></FromUserName>
<CreateTime>1552700710</CreateTime>
<MsgType><![CDATA[event]]></MsgType>
<Event><![CDATA[LOCATION]]></Event>
<Latitude>30.128920</Latitude>
<Longitude>120.515137</Longitude>
<Precision>900.000000</Precision>
</xml>

2019-03-16 09:45:08 params :
------------
String:
array (
  'message' => 
  array (
    'tousername' => 'gh_74fc964c4914',
    'fromusername' => 'oF_mkjrALwgvfVHtPLK7J-8Xz-Yc',
    'createtime' => '1552700710',
    'msgtype' => 'event',
    'event' => 'LOCATION',
    'latitude' => '30.128920',
    'longitude' => '120.515137',
    'precision' => '900.000000',
    'from' => 'oF_mkjrALwgvfVHtPLK7J-8Xz-Yc',
    'to' => 'gh_74fc964c4914',
    'time' => '1552700710',
    'type' => 'trace',
    'location_x' => '30.128920',
    'location_y' => '120.515137',
  ),
  'module' => 'default',
  'rule' => '-1',
)

2019-03-16 09:45:08 response :
------------
Array:
errno : -1 ;
message : Invaild value ;

2019-03-16 09:50:38 trace :
------------
String:
<xml><ToUserName><![CDATA[gh_74fc964c4914]]></ToUserName>
<FromUserName><![CDATA[oF_mkjrALwgvfVHtPLK7J-8Xz-Yc]]></FromUserName>
<CreateTime>1552701039</CreateTime>
<MsgType><![CDATA[event]]></MsgType>
<Event><![CDATA[LOCATION]]></Event>
<Latitude>30.128878</Latitude>
<Longitude>120.515236</Longitude>
<Precision>170.000000</Precision>
</xml>

2019-03-16 09:50:38 params :
------------
String:
array (
  'message' => 
  array (
    'tousername' => 'gh_74fc964c4914',
    'fromusername' => 'oF_mkjrALwgvfVHtPLK7J-8Xz-Yc',
    'createtime' => '1552701039',
    'msgtype' => 'event',
    'event' => 'LOCATION',
    'latitude' => '30.128878',
    'longitude' => '120.515236',
    'precision' => '170.000000',
    'from' => 'oF_mkjrALwgvfVHtPLK7J-8Xz-Yc',
    'to' => 'gh_74fc964c4914',
    'time' => '1552701039',
    'type' => 'trace',
    'location_x' => '30.128878',
    'location_y' => '120.515236',
  ),
  'module' => 'default',
  'rule' => '-1',
)

2019-03-16 09:50:38 response :
------------
Array:
errno : -1 ;
message : Invaild value ;

2019-03-16 10:39:05 trace :
------------
String:
<xml><ToUserName><![CDATA[gh_74fc964c4914]]></ToUserName>
<FromUserName><![CDATA[oF_mkjuwcc2-7_wCBNF-LPa7p6gU]]></FromUserName>
<CreateTime>1552703946</CreateTime>
<MsgType><![CDATA[event]]></MsgType>
<Event><![CDATA[LOCATION]]></Event>
<Latitude>30.722628</Latitude>
<Longitude>103.919067</Longitude>
<Precision>30.000000</Precision>
</xml>

2019-03-16 10:39:05 params :
------------
String:
array (
  'message' => 
  array (
    'tousername' => 'gh_74fc964c4914',
    'fromusername' => 'oF_mkjuwcc2-7_wCBNF-LPa7p6gU',
    'createtime' => '1552703946',
    'msgtype' => 'event',
    'event' => 'LOCATION',
    'latitude' => '30.722628',
    'longitude' => '103.919067',
    'precision' => '30.000000',
    'from' => 'oF_mkjuwcc2-7_wCBNF-LPa7p6gU',
    'to' => 'gh_74fc964c4914',
    'time' => '1552703946',
    'type' => 'trace',
    'location_x' => '30.722628',
    'location_y' => '103.919067',
  ),
  'module' => 'default',
  'rule' => '-1',
)

2019-03-16 10:39:05 response :
------------
Array:
errno : -1 ;
message : Invaild value ;

2019-03-16 10:45:09 trace :
------------
String:
<xml><ToUserName><![CDATA[gh_74fc964c4914]]></ToUserName>
<FromUserName><![CDATA[oF_mkjql0Ko9pCClpVP0yhwtbO9o]]></FromUserName>
<CreateTime>1552704310</CreateTime>
<MsgType><![CDATA[event]]></MsgType>
<Event><![CDATA[SCAN]]></Event>
<EventKey><![CDATA[TZHB15367436244485128--10066]]></EventKey>
<Ticket><![CDATA[gQHp8TwAAAAAAAAAAS5odHRwOi8vd2VpeGluLnFxLmNvbS9xLzAyaC0tWE00blZhQWUxMDAwMHcwN3gAAgTI2JhbAwQAAAAA]]></Ticket>
</xml>

2019-03-16 10:45:09 params :
------------
String:
array (
  'rule' => -2,
  'module' => '',
  'message' => 
  array (
    'tousername' => 'gh_74fc964c4914',
    'fromusername' => 'oF_mkjql0Ko9pCClpVP0yhwtbO9o',
    'createtime' => '1552704310',
    'msgtype' => 'event',
    'event' => 'SCAN',
    'eventkey' => 'TZHB15367436244485128--10066',
    'ticket' => 'gQHp8TwAAAAAAAAAAS5odHRwOi8vd2VpeGluLnFxLmNvbS9xLzAyaC0tWE00blZhQWUxMDAwMHcwN3gAAgTI2JhbAwQAAAAA',
    'from' => 'oF_mkjql0Ko9pCClpVP0yhwtbO9o',
    'to' => 'gh_74fc964c4914',
    'time' => '1552704310',
    'type' => 'text',
    'scene' => 'TZHB15367436244485128--10066',
    'redirection' => true,
    'source' => 'qr',
  ),
)

2019-03-16 10:45:09 response :
------------

2019-03-16 12:55:55 trace :
------------
String:
<xml><ToUserName><![CDATA[gh_74fc964c4914]]></ToUserName>
<FromUserName><![CDATA[oF_mkjmbqXzOlMVbZGZw4qKPyb6s]]></FromUserName>
<CreateTime>1552712157</CreateTime>
<MsgType><![CDATA[event]]></MsgType>
<Event><![CDATA[SCAN]]></Event>
<EventKey><![CDATA[TZHB15367433338692845--9977]]></EventKey>
<Ticket><![CDATA[gQEp8jwAAAAAAAAAAS5odHRwOi8vd2VpeGluLnFxLmNvbS9xLzAyN3lGRE1kblZhQWUxMDAwMDAwN1MAAgSl15hbAwQAAAAA]]></Ticket>
</xml>

2019-03-16 12:55:56 params :
------------
String:
array (
  'rule' => -2,
  'module' => '',
  'message' => 
  array (
    'tousername' => 'gh_74fc964c4914',
    'fromusername' => 'oF_mkjmbqXzOlMVbZGZw4qKPyb6s',
    'createtime' => '1552712157',
    'msgtype' => 'event',
    'event' => 'SCAN',
    'eventkey' => 'TZHB15367433338692845--9977',
    'ticket' => 'gQEp8jwAAAAAAAAAAS5odHRwOi8vd2VpeGluLnFxLmNvbS9xLzAyN3lGRE1kblZhQWUxMDAwMDAwN1MAAgSl15hbAwQAAAAA',
    'from' => 'oF_mkjmbqXzOlMVbZGZw4qKPyb6s',
    'to' => 'gh_74fc964c4914',
    'time' => '1552712157',
    'type' => 'text',
    'scene' => 'TZHB15367433338692845--9977',
    'redirection' => true,
    'source' => 'qr',
  ),
)

2019-03-16 12:55:56 response :
------------

2019-03-16 12:56:05 trace :
------------
String:
<xml><ToUserName><![CDATA[gh_74fc964c4914]]></ToUserName>
<FromUserName><![CDATA[oF_mkjmbqXzOlMVbZGZw4qKPyb6s]]></FromUserName>
<CreateTime>1552712166</CreateTime>
<MsgType><![CDATA[event]]></MsgType>
<Event><![CDATA[SCAN]]></Event>
<EventKey><![CDATA[TZHB15367433285215245--9954]]></EventKey>
<Ticket><![CDATA[gQHM8TwAAAAAAAAAAS5odHRwOi8vd2VpeGluLnFxLmNvbS9xLzAyd0JWak00blZhQWUxMDAwMHcwN18AAgSg15hbAwQAAAAA]]></Ticket>
</xml>

2019-03-16 12:56:05 params :
------------
String:
array (
  'rule' => -2,
  'module' => '',
  'message' => 
  array (
    'tousername' => 'gh_74fc964c4914',
    'fromusername' => 'oF_mkjmbqXzOlMVbZGZw4qKPyb6s',
    'createtime' => '1552712166',
    'msgtype' => 'event',
    'event' => 'SCAN',
    'eventkey' => 'TZHB15367433285215245--9954',
    'ticket' => 'gQHM8TwAAAAAAAAAAS5odHRwOi8vd2VpeGluLnFxLmNvbS9xLzAyd0JWak00blZhQWUxMDAwMHcwN18AAgSg15hbAwQAAAAA',
    'from' => 'oF_mkjmbqXzOlMVbZGZw4qKPyb6s',
    'to' => 'gh_74fc964c4914',
    'time' => '1552712166',
    'type' => 'text',
    'scene' => 'TZHB15367433285215245--9954',
    'redirection' => true,
    'source' => 'qr',
  ),
)

2019-03-16 12:56:05 response :
------------

2019-03-16 14:55:01 trace :
------------
String:
<xml><ToUserName><![CDATA[gh_74fc964c4914]]></ToUserName>
<FromUserName><![CDATA[oF_mkjqeNdLqSEoZZxPa4RHBnZmM]]></FromUserName>
<CreateTime>1552719302</CreateTime>
<MsgType><![CDATA[event]]></MsgType>
<Event><![CDATA[subscribe]]></Event>
<EventKey><![CDATA[qrscene_TZHB15444181503511781--12313]]></EventKey>
<Ticket><![CDATA[gQHj8DwAAAAAAAAAAS5odHRwOi8vd2VpeGluLnFxLmNvbS9xLzAyM1JGcU00blZhQWUxMDAwMDAwN3QAAgRm8w1cAwQAAAAA]]></Ticket>
</xml>

2019-03-16 14:55:01 params :
------------
String:
array (
  'message' => 
  array (
    'tousername' => 'gh_74fc964c4914',
    'fromusername' => 'oF_mkjqeNdLqSEoZZxPa4RHBnZmM',
    'createtime' => '1552719302',
    'msgtype' => 'event',
    'event' => 'subscribe',
    'eventkey' => 'qrscene_TZHB15444181503511781--12313',
    'ticket' => 'gQHj8DwAAAAAAAAAAS5odHRwOi8vd2VpeGluLnFxLmNvbS9xLzAyM1JGcU00blZhQWUxMDAwMDAwN3QAAgRm8w1cAwQAAAAA',
    'from' => 'oF_mkjqeNdLqSEoZZxPa4RHBnZmM',
    'to' => 'gh_74fc964c4914',
    'time' => '1552719302',
    'type' => 'text',
    'scene' => 'TZHB15444181503511781--12313',
    'redirection' => true,
    'source' => 'subscribe',
    'content' => '首次关注',
  ),
  'module' => 'reply',
  'rule' => '9',
  'priority' => '0',
  'keyword' => 
  array (
    'id' => '116',
    'rid' => '9',
    'uniacid' => '2',
    'module' => 'reply',
    'content' => '首次关注',
    'type' => '1',
    'displayorder' => '0',
    'status' => '1',
    'reply_type' => 
    array (
      0 => 'basic',
    ),
  ),
  'reply_type' => 
  array (
    0 => 'basic',
  ),
)

2019-03-16 14:55:01 response :
------------
Array:
FromUserName : gh_74fc964c4914 ;
ToUserName : oF_mkjqeNdLqSEoZZxPa4RHBnZmM ;
MsgType : text ;
Content : 您好，感谢您关注奔瑞汽车用品！360°汽车服务解决方案提供商。业务领域涵盖高端美容、二手翻新及快速钣喷等，欢迎与我们联系。
您也可以回复以下数字，查看相关信息。
【1】品牌介绍
【2】核心项目
【3】合作支持
【4】产品中心
【5】联系方式
您可以留言或拨打客服热线 4006669243 更多资讯，您可以访问奔瑞官网 www.benrui.cn
意见，建议反馈信息请直接回复，谢谢。 ;

2019-03-16 14:55:15 trace :
------------
String:
<xml><ToUserName><![CDATA[gh_74fc964c4914]]></ToUserName>
<FromUserName><![CDATA[oF_mkjqeNdLqSEoZZxPa4RHBnZmM]]></FromUserName>
<CreateTime>1552719316</CreateTime>
<MsgType><![CDATA[event]]></MsgType>
<Event><![CDATA[SCAN]]></Event>
<EventKey><![CDATA[TZHB15444181503511781--12313]]></EventKey>
<Ticket><![CDATA[gQHj8DwAAAAAAAAAAS5odHRwOi8vd2VpeGluLnFxLmNvbS9xLzAyM1JGcU00blZhQWUxMDAwMDAwN3QAAgRm8w1cAwQAAAAA]]></Ticket>
</xml>

2019-03-16 14:55:15 params :
------------
String:
array (
  'rule' => -2,
  'module' => '',
  'message' => 
  array (
    'tousername' => 'gh_74fc964c4914',
    'fromusername' => 'oF_mkjqeNdLqSEoZZxPa4RHBnZmM',
    'createtime' => '1552719316',
    'msgtype' => 'event',
    'event' => 'SCAN',
    'eventkey' => 'TZHB15444181503511781--12313',
    'ticket' => 'gQHj8DwAAAAAAAAAAS5odHRwOi8vd2VpeGluLnFxLmNvbS9xLzAyM1JGcU00blZhQWUxMDAwMDAwN3QAAgRm8w1cAwQAAAAA',
    'from' => 'oF_mkjqeNdLqSEoZZxPa4RHBnZmM',
    'to' => 'gh_74fc964c4914',
    'time' => '1552719316',
    'type' => 'text',
    'scene' => 'TZHB15444181503511781--12313',
    'redirection' => true,
    'source' => 'qr',
  ),
)

2019-03-16 14:55:15 response :
------------

2019-03-16 14:55:28 trace :
------------
String:
<xml><ToUserName><![CDATA[gh_74fc964c4914]]></ToUserName>
<FromUserName><![CDATA[oF_mkjqeNdLqSEoZZxPa4RHBnZmM]]></FromUserName>
<CreateTime>1552719330</CreateTime>
<MsgType><![CDATA[event]]></MsgType>
<Event><![CDATA[unsubscribe]]></Event>
<EventKey><![CDATA[]]></EventKey>
</xml>

2019-03-16 14:58:13 trace :
------------
String:
<xml><ToUserName><![CDATA[gh_74fc964c4914]]></ToUserName>
<FromUserName><![CDATA[oF_mkjmDInwSB_h-eRRLwh_btqbY]]></FromUserName>
<CreateTime>1552719494</CreateTime>
<MsgType><![CDATA[event]]></MsgType>
<Event><![CDATA[subscribe]]></Event>
<EventKey><![CDATA[qrscene_TZHB15367432870905139--9767]]></EventKey>
<Ticket><![CDATA[gQFr8TwAAAAAAAAAAS5odHRwOi8vd2VpeGluLnFxLmNvbS9xLzAyRkNWWU1vblZhQWUxMDAwMDAwNzYAAgR315hbAwQAAAAA]]></Ticket>
</xml>

2019-03-16 14:58:13 params :
------------
String:
array (
  'message' => 
  array (
    'tousername' => 'gh_74fc964c4914',
    'fromusername' => 'oF_mkjmDInwSB_h-eRRLwh_btqbY',
    'createtime' => '1552719494',
    'msgtype' => 'event',
    'event' => 'subscribe',
    'eventkey' => 'qrscene_TZHB15367432870905139--9767',
    'ticket' => 'gQFr8TwAAAAAAAAAAS5odHRwOi8vd2VpeGluLnFxLmNvbS9xLzAyRkNWWU1vblZhQWUxMDAwMDAwNzYAAgR315hbAwQAAAAA',
    'from' => 'oF_mkjmDInwSB_h-eRRLwh_btqbY',
    'to' => 'gh_74fc964c4914',
    'time' => '1552719494',
    'type' => 'text',
    'scene' => 'TZHB15367432870905139--9767',
    'redirection' => true,
    'source' => 'subscribe',
    'content' => '首次关注',
  ),
  'module' => 'reply',
  'rule' => '9',
  'priority' => '0',
  'keyword' => 
  array (
    'id' => '116',
    'rid' => '9',
    'uniacid' => '2',
    'module' => 'reply',
    'content' => '首次关注',
    'type' => '1',
    'displayorder' => '0',
    'status' => '1',
    'reply_type' => 
    array (
      0 => 'basic',
    ),
  ),
  'reply_type' => 
  array (
    0 => 'basic',
  ),
)

2019-03-16 14:58:13 response :
------------
Array:
FromUserName : gh_74fc964c4914 ;
ToUserName : oF_mkjmDInwSB_h-eRRLwh_btqbY ;
MsgType : text ;
Content : 您好，感谢您关注奔瑞汽车用品！360°汽车服务解决方案提供商。业务领域涵盖高端美容、二手翻新及快速钣喷等，欢迎与我们联系。
您也可以回复以下数字，查看相关信息。
【1】品牌介绍
【2】核心项目
【3】合作支持
【4】产品中心
【5】联系方式
您可以留言或拨打客服热线 4006669243 更多资讯，您可以访问奔瑞官网 www.benrui.cn
意见，建议反馈信息请直接回复，谢谢。 ;

2019-03-16 15:01:00 trace :
------------
String:
<xml><ToUserName><![CDATA[gh_74fc964c4914]]></ToUserName>
<FromUserName><![CDATA[oF_mkjqeNdLqSEoZZxPa4RHBnZmM]]></FromUserName>
<CreateTime>1552719661</CreateTime>
<MsgType><![CDATA[event]]></MsgType>
<Event><![CDATA[subscribe]]></Event>
<EventKey><![CDATA[]]></EventKey>
</xml>

2019-03-16 15:01:00 params :
------------
String:
array (
  'message' => 
  array (
    'tousername' => 'gh_74fc964c4914',
    'fromusername' => 'oF_mkjqeNdLqSEoZZxPa4RHBnZmM',
    'createtime' => '1552719661',
    'msgtype' => 'event',
    'event' => 'subscribe',
    'eventkey' => '',
    'from' => 'oF_mkjqeNdLqSEoZZxPa4RHBnZmM',
    'to' => 'gh_74fc964c4914',
    'time' => '1552719661',
    'type' => 'text',
    'redirection' => true,
    'source' => 'subscribe',
    'content' => '首次关注',
  ),
  'module' => 'reply',
  'rule' => '9',
  'priority' => '0',
  'keyword' => 
  array (
    'id' => '116',
    'rid' => '9',
    'uniacid' => '2',
    'module' => 'reply',
    'content' => '首次关注',
    'type' => '1',
    'displayorder' => '0',
    'status' => '1',
    'reply_type' => 
    array (
      0 => 'basic',
    ),
  ),
  'reply_type' => 
  array (
    0 => 'basic',
  ),
)

2019-03-16 15:01:00 response :
------------
Array:
FromUserName : gh_74fc964c4914 ;
ToUserName : oF_mkjqeNdLqSEoZZxPa4RHBnZmM ;
MsgType : text ;
Content : 您好，感谢您关注奔瑞汽车用品！360°汽车服务解决方案提供商。业务领域涵盖高端美容、二手翻新及快速钣喷等，欢迎与我们联系。
您也可以回复以下数字，查看相关信息。
【1】品牌介绍
【2】核心项目
【3】合作支持
【4】产品中心
【5】联系方式
您可以留言或拨打客服热线 4006669243 更多资讯，您可以访问奔瑞官网 www.benrui.cn
意见，建议反馈信息请直接回复，谢谢。 ;

2019-03-16 15:01:19 trace :
------------
String:
<xml><ToUserName><![CDATA[gh_74fc964c4914]]></ToUserName>
<FromUserName><![CDATA[oF_mkjqeNdLqSEoZZxPa4RHBnZmM]]></FromUserName>
<CreateTime>1552719681</CreateTime>
<MsgType><![CDATA[event]]></MsgType>
<Event><![CDATA[CLICK]]></Event>
<EventKey><![CDATA[最新优惠]]></EventKey>
</xml>

2019-03-16 15:01:19 params :
------------
String:
array (
  'message' => 
  array (
    'tousername' => 'gh_74fc964c4914',
    'fromusername' => 'oF_mkjqeNdLqSEoZZxPa4RHBnZmM',
    'createtime' => '1552719681',
    'msgtype' => 'event',
    'event' => 'CLICK',
    'eventkey' => '最新优惠',
    'from' => 'oF_mkjqeNdLqSEoZZxPa4RHBnZmM',
    'to' => 'gh_74fc964c4914',
    'time' => '1552719681',
    'type' => 'text',
    'content' => '最新优惠',
    'redirection' => true,
    'source' => 'click',
  ),
  'module' => 'reply',
  'rule' => '53',
  'priority' => '0',
  'keyword' => 
  array (
    'id' => '115',
    'rid' => '53',
    'uniacid' => '2',
    'module' => 'reply',
    'content' => '最新优惠',
    'type' => '1',
    'displayorder' => '0',
    'status' => '1',
    'reply_type' => 
    array (
      0 => 'basic',
    ),
  ),
  'reply_type' => 
  array (
    0 => 'basic',
  ),
)

2019-03-16 15:01:19 response :
------------
Array:
FromUserName : gh_74fc964c4914 ;
ToUserName : oF_mkjqeNdLqSEoZZxPa4RHBnZmM ;
MsgType : text ;
Content : 优质服务季，一大波促销活动即将激情开启，敬请期待。 ;

2019-03-16 15:01:33 trace :
------------
String:
<xml><ToUserName><![CDATA[gh_74fc964c4914]]></ToUserName>
<FromUserName><![CDATA[oF_mkjqeNdLqSEoZZxPa4RHBnZmM]]></FromUserName>
<CreateTime>1552719695</CreateTime>
<MsgType><![CDATA[event]]></MsgType>
<Event><![CDATA[unsubscribe]]></Event>
<EventKey><![CDATA[]]></EventKey>
</xml>

2019-03-16 15:34:56 trace :
------------
String:
<xml><ToUserName><![CDATA[gh_74fc964c4914]]></ToUserName>
<FromUserName><![CDATA[oF_mkjglOsRCOW9LAmWURaHHg92w]]></FromUserName>
<CreateTime>1552721697</CreateTime>
<MsgType><![CDATA[event]]></MsgType>
<Event><![CDATA[SCAN]]></Event>
<EventKey><![CDATA[TZHB15367436299976960--10091]]></EventKey>
<Ticket><![CDATA[gQHj8TwAAAAAAAAAAS5odHRwOi8vd2VpeGluLnFxLmNvbS9xLzAyS2V5X04tblZhQWUxMDAwMDAwN1cAAgTO2JhbAwQAAAAA]]></Ticket>
</xml>

2019-03-16 15:34:56 params :
------------
String:
array (
  'rule' => -2,
  'module' => '',
  'message' => 
  array (
    'tousername' => 'gh_74fc964c4914',
    'fromusername' => 'oF_mkjglOsRCOW9LAmWURaHHg92w',
    'createtime' => '1552721697',
    'msgtype' => 'event',
    'event' => 'SCAN',
    'eventkey' => 'TZHB15367436299976960--10091',
    'ticket' => 'gQHj8TwAAAAAAAAAAS5odHRwOi8vd2VpeGluLnFxLmNvbS9xLzAyS2V5X04tblZhQWUxMDAwMDAwN1cAAgTO2JhbAwQAAAAA',
    'from' => 'oF_mkjglOsRCOW9LAmWURaHHg92w',
    'to' => 'gh_74fc964c4914',
    'time' => '1552721697',
    'type' => 'text',
    'scene' => 'TZHB15367436299976960--10091',
    'redirection' => true,
    'source' => 'qr',
  ),
)

2019-03-16 15:34:56 response :
------------

2019-03-16 15:46:06 trace :
------------
String:
<xml><ToUserName><![CDATA[gh_74fc964c4914]]></ToUserName>
<FromUserName><![CDATA[oF_mkjriFeRwSgCiTZHoFRoK2u58]]></FromUserName>
<CreateTime>1552722368</CreateTime>
<MsgType><![CDATA[event]]></MsgType>
<Event><![CDATA[subscribe]]></Event>
<EventKey><![CDATA[qrscene_TZHB15301485510344191--5158]]></EventKey>
<Ticket><![CDATA[gQES8TwAAAAAAAAAAS5odHRwOi8vd2VpeGluLnFxLmNvbS9xLzAyMkQ0RE1WblZhQWUxMDAwMGcwN3AAAgTHNjRbAwQAAAAA]]></Ticket>
</xml>

2019-03-16 15:46:07 params :
------------
String:
array (
  'message' => 
  array (
    'tousername' => 'gh_74fc964c4914',
    'fromusername' => 'oF_mkjriFeRwSgCiTZHoFRoK2u58',
    'createtime' => '1552722368',
    'msgtype' => 'event',
    'event' => 'subscribe',
    'eventkey' => 'qrscene_TZHB15301485510344191--5158',
    'ticket' => 'gQES8TwAAAAAAAAAAS5odHRwOi8vd2VpeGluLnFxLmNvbS9xLzAyMkQ0RE1WblZhQWUxMDAwMGcwN3AAAgTHNjRbAwQAAAAA',
    'from' => 'oF_mkjriFeRwSgCiTZHoFRoK2u58',
    'to' => 'gh_74fc964c4914',
    'time' => '1552722368',
    'type' => 'text',
    'scene' => 'TZHB15301485510344191--5158',
    'redirection' => true,
    'source' => 'subscribe',
    'content' => '首次关注',
  ),
  'module' => 'reply',
  'rule' => '9',
  'priority' => '0',
  'keyword' => 
  array (
    'id' => '116',
    'rid' => '9',
    'uniacid' => '2',
    'module' => 'reply',
    'content' => '首次关注',
    'type' => '1',
    'displayorder' => '0',
    'status' => '1',
    'reply_type' => 
    array (
      0 => 'basic',
    ),
  ),
  'reply_type' => 
  array (
    0 => 'basic',
  ),
)

2019-03-16 15:46:07 response :
------------
Array:
FromUserName : gh_74fc964c4914 ;
ToUserName : oF_mkjriFeRwSgCiTZHoFRoK2u58 ;
MsgType : text ;
Content : 您好，感谢您关注奔瑞汽车用品！360°汽车服务解决方案提供商。业务领域涵盖高端美容、二手翻新及快速钣喷等，欢迎与我们联系。
您也可以回复以下数字，查看相关信息。
【1】品牌介绍
【2】核心项目
【3】合作支持
【4】产品中心
【5】联系方式
您可以留言或拨打客服热线 4006669243 更多资讯，您可以访问奔瑞官网 www.benrui.cn
意见，建议反馈信息请直接回复，谢谢。 ;

2019-03-16 15:46:22 trace :
------------
String:
<xml><ToUserName><![CDATA[gh_74fc964c4914]]></ToUserName>
<FromUserName><![CDATA[oF_mkjriFeRwSgCiTZHoFRoK2u58]]></FromUserName>
<CreateTime>1552722383</CreateTime>
<MsgType><![CDATA[event]]></MsgType>
<Event><![CDATA[SCAN]]></Event>
<EventKey><![CDATA[TZHB15301485510344191--5158]]></EventKey>
<Ticket><![CDATA[gQES8TwAAAAAAAAAAS5odHRwOi8vd2VpeGluLnFxLmNvbS9xLzAyMkQ0RE1WblZhQWUxMDAwMGcwN3AAAgTHNjRbAwQAAAAA]]></Ticket>
</xml>

2019-03-16 15:46:22 params :
------------
String:
array (
  'rule' => -2,
  'module' => '',
  'message' => 
  array (
    'tousername' => 'gh_74fc964c4914',
    'fromusername' => 'oF_mkjriFeRwSgCiTZHoFRoK2u58',
    'createtime' => '1552722383',
    'msgtype' => 'event',
    'event' => 'SCAN',
    'eventkey' => 'TZHB15301485510344191--5158',
    'ticket' => 'gQES8TwAAAAAAAAAAS5odHRwOi8vd2VpeGluLnFxLmNvbS9xLzAyMkQ0RE1WblZhQWUxMDAwMGcwN3AAAgTHNjRbAwQAAAAA',
    'from' => 'oF_mkjriFeRwSgCiTZHoFRoK2u58',
    'to' => 'gh_74fc964c4914',
    'time' => '1552722383',
    'type' => 'text',
    'scene' => 'TZHB15301485510344191--5158',
    'redirection' => true,
    'source' => 'qr',
  ),
)

2019-03-16 15:46:22 response :
------------

2019-03-16 15:46:28 trace :
------------
String:
<xml><ToUserName><![CDATA[gh_74fc964c4914]]></ToUserName>
<FromUserName><![CDATA[oF_mkjriFeRwSgCiTZHoFRoK2u58]]></FromUserName>
<CreateTime>1552722390</CreateTime>
<MsgType><![CDATA[event]]></MsgType>
<Event><![CDATA[LOCATION]]></Event>
<Latitude>27.759285</Latitude>
<Longitude>111.992180</Longitude>
<Precision>30.000000</Precision>
</xml>

2019-03-16 15:46:29 params :
------------
String:
array (
  'message' => 
  array (
    'tousername' => 'gh_74fc964c4914',
    'fromusername' => 'oF_mkjriFeRwSgCiTZHoFRoK2u58',
    'createtime' => '1552722390',
    'msgtype' => 'event',
    'event' => 'LOCATION',
    'latitude' => '27.759285',
    'longitude' => '111.992180',
    'precision' => '30.000000',
    'from' => 'oF_mkjriFeRwSgCiTZHoFRoK2u58',
    'to' => 'gh_74fc964c4914',
    'time' => '1552722390',
    'type' => 'trace',
    'location_x' => '27.759285',
    'location_y' => '111.992180',
  ),
  'module' => 'default',
  'rule' => '-1',
)

2019-03-16 15:46:29 response :
------------
Array:
errno : -1 ;
message : Invaild value ;

2019-03-16 15:46:36 trace :
------------
String:
<xml><ToUserName><![CDATA[gh_74fc964c4914]]></ToUserName>
<FromUserName><![CDATA[oF_mkjriFeRwSgCiTZHoFRoK2u58]]></FromUserName>
<CreateTime>1552722398</CreateTime>
<MsgType><![CDATA[event]]></MsgType>
<Event><![CDATA[SCAN]]></Event>
<EventKey><![CDATA[TZHB15301485510344191--5158]]></EventKey>
<Ticket><![CDATA[gQES8TwAAAAAAAAAAS5odHRwOi8vd2VpeGluLnFxLmNvbS9xLzAyMkQ0RE1WblZhQWUxMDAwMGcwN3AAAgTHNjRbAwQAAAAA]]></Ticket>
</xml>

2019-03-16 15:46:36 params :
------------
String:
array (
  'rule' => -2,
  'module' => '',
  'message' => 
  array (
    'tousername' => 'gh_74fc964c4914',
    'fromusername' => 'oF_mkjriFeRwSgCiTZHoFRoK2u58',
    'createtime' => '1552722398',
    'msgtype' => 'event',
    'event' => 'SCAN',
    'eventkey' => 'TZHB15301485510344191--5158',
    'ticket' => 'gQES8TwAAAAAAAAAAS5odHRwOi8vd2VpeGluLnFxLmNvbS9xLzAyMkQ0RE1WblZhQWUxMDAwMGcwN3AAAgTHNjRbAwQAAAAA',
    'from' => 'oF_mkjriFeRwSgCiTZHoFRoK2u58',
    'to' => 'gh_74fc964c4914',
    'time' => '1552722398',
    'type' => 'text',
    'scene' => 'TZHB15301485510344191--5158',
    'redirection' => true,
    'source' => 'qr',
  ),
)

2019-03-16 15:46:36 response :
------------

2019-03-16 15:46:37 trace :
------------
String:
<xml><ToUserName><![CDATA[gh_74fc964c4914]]></ToUserName>
<FromUserName><![CDATA[oF_mkjriFeRwSgCiTZHoFRoK2u58]]></FromUserName>
<CreateTime>1552722399</CreateTime>
<MsgType><![CDATA[event]]></MsgType>
<Event><![CDATA[LOCATION]]></Event>
<Latitude>27.759285</Latitude>
<Longitude>111.992180</Longitude>
<Precision>30.000000</Precision>
</xml>

2019-03-16 15:46:37 params :
------------
String:
array (
  'message' => 
  array (
    'tousername' => 'gh_74fc964c4914',
    'fromusername' => 'oF_mkjriFeRwSgCiTZHoFRoK2u58',
    'createtime' => '1552722399',
    'msgtype' => 'event',
    'event' => 'LOCATION',
    'latitude' => '27.759285',
    'longitude' => '111.992180',
    'precision' => '30.000000',
    'from' => 'oF_mkjriFeRwSgCiTZHoFRoK2u58',
    'to' => 'gh_74fc964c4914',
    'time' => '1552722399',
    'type' => 'trace',
    'location_x' => '27.759285',
    'location_y' => '111.992180',
  ),
  'module' => 'default',
  'rule' => '-1',
)

2019-03-16 15:46:37 response :
------------
Array:
errno : -1 ;
message : Invaild value ;

2019-03-16 15:46:43 trace :
------------
String:
<xml><ToUserName><![CDATA[gh_74fc964c4914]]></ToUserName>
<FromUserName><![CDATA[oF_mkjriFeRwSgCiTZHoFRoK2u58]]></FromUserName>
<CreateTime>1552722404</CreateTime>
<MsgType><![CDATA[text]]></MsgType>
<Content><![CDATA[红包]]></Content>
<MsgId>22229640763728407</MsgId>
</xml>

2019-03-16 15:46:43 params :
------------
String:
array (
  'rule' => -2,
  'module' => '',
  'message' => 
  array (
    'tousername' => 'gh_74fc964c4914',
    'fromusername' => 'oF_mkjriFeRwSgCiTZHoFRoK2u58',
    'createtime' => '1552722404',
    'msgtype' => 'text',
    'content' => '红包',
    'msgid' => '22229640763728407',
    'from' => 'oF_mkjriFeRwSgCiTZHoFRoK2u58',
    'to' => 'gh_74fc964c4914',
    'time' => '1552722404',
    'type' => 'text',
    'event' => NULL,
    'redirection' => false,
    'source' => NULL,
  ),
)

2019-03-16 15:46:43 response :
------------

2019-03-16 15:46:48 trace :
------------
String:
<xml><ToUserName><![CDATA[gh_74fc964c4914]]></ToUserName>
<FromUserName><![CDATA[oF_mkjriFeRwSgCiTZHoFRoK2u58]]></FromUserName>
<CreateTime>1552722409</CreateTime>
<MsgType><![CDATA[text]]></MsgType>
<Content><![CDATA[滚]]></Content>
<MsgId>22229641759861609</MsgId>
</xml>

2019-03-16 15:46:48 params :
------------
String:
array (
  'rule' => -2,
  'module' => '',
  'message' => 
  array (
    'tousername' => 'gh_74fc964c4914',
    'fromusername' => 'oF_mkjriFeRwSgCiTZHoFRoK2u58',
    'createtime' => '1552722409',
    'msgtype' => 'text',
    'content' => '滚',
    'msgid' => '22229641759861609',
    'from' => 'oF_mkjriFeRwSgCiTZHoFRoK2u58',
    'to' => 'gh_74fc964c4914',
    'time' => '1552722409',
    'type' => 'text',
    'event' => NULL,
    'redirection' => false,
    'source' => NULL,
  ),
)

2019-03-16 15:46:48 response :
------------

2019-03-16 15:46:51 trace :
------------
String:
<xml><ToUserName><![CDATA[gh_74fc964c4914]]></ToUserName>
<FromUserName><![CDATA[oF_mkjriFeRwSgCiTZHoFRoK2u58]]></FromUserName>
<CreateTime>1552722413</CreateTime>
<MsgType><![CDATA[event]]></MsgType>
<Event><![CDATA[unsubscribe]]></Event>
<EventKey><![CDATA[]]></EventKey>
</xml>

2019-03-16 16:32:45 trace :
------------
String:
<xml><ToUserName><![CDATA[gh_74fc964c4914]]></ToUserName>
<FromUserName><![CDATA[oF_mkjpsFhsyWY1Y0MYMyNdgWq6U]]></FromUserName>
<CreateTime>1552725167</CreateTime>
<MsgType><![CDATA[event]]></MsgType>
<Event><![CDATA[SCAN]]></Event>
<EventKey><![CDATA[TZHB15304975888041733--5682]]></EventKey>
<Ticket><![CDATA[gQFN8TwAAAAAAAAAAS5odHRwOi8vd2VpeGluLnFxLmNvbS9xLzAyT0c4VU5ablZhQWUxMDAwME0wN08AAgQ0ijlbAwQAAAAA]]></Ticket>
</xml>

2019-03-16 16:32:46 params :
------------
String:
array (
  'rule' => -2,
  'module' => '',
  'message' => 
  array (
    'tousername' => 'gh_74fc964c4914',
    'fromusername' => 'oF_mkjpsFhsyWY1Y0MYMyNdgWq6U',
    'createtime' => '1552725167',
    'msgtype' => 'event',
    'event' => 'SCAN',
    'eventkey' => 'TZHB15304975888041733--5682',
    'ticket' => 'gQFN8TwAAAAAAAAAAS5odHRwOi8vd2VpeGluLnFxLmNvbS9xLzAyT0c4VU5ablZhQWUxMDAwME0wN08AAgQ0ijlbAwQAAAAA',
    'from' => 'oF_mkjpsFhsyWY1Y0MYMyNdgWq6U',
    'to' => 'gh_74fc964c4914',
    'time' => '1552725167',
    'type' => 'text',
    'scene' => 'TZHB15304975888041733--5682',
    'redirection' => true,
    'source' => 'qr',
  ),
)

2019-03-16 16:32:46 response :
------------

2019-03-16 17:18:35 trace :
------------
String:
<xml><ToUserName><![CDATA[gh_74fc964c4914]]></ToUserName>
<FromUserName><![CDATA[oF_mkjsP5YVAz_h6nRxdiqGC8mXQ]]></FromUserName>
<CreateTime>1552727916</CreateTime>
<MsgType><![CDATA[event]]></MsgType>
<Event><![CDATA[subscribe]]></Event>
<EventKey><![CDATA[qrscene_TZHB15367439428364183--10925]]></EventKey>
<Ticket><![CDATA[gQFR8TwAAAAAAAAAAS5odHRwOi8vd2VpeGluLnFxLmNvbS9xLzAyM3FCek5UblZhQWUxMDAwMHcwN2kAAgQG2phbAwQAAAAA]]></Ticket>
</xml>

2019-03-16 17:18:35 params :
------------
String:
array (
  'message' => 
  array (
    'tousername' => 'gh_74fc964c4914',
    'fromusername' => 'oF_mkjsP5YVAz_h6nRxdiqGC8mXQ',
    'createtime' => '1552727916',
    'msgtype' => 'event',
    'event' => 'subscribe',
    'eventkey' => 'qrscene_TZHB15367439428364183--10925',
    'ticket' => 'gQFR8TwAAAAAAAAAAS5odHRwOi8vd2VpeGluLnFxLmNvbS9xLzAyM3FCek5UblZhQWUxMDAwMHcwN2kAAgQG2phbAwQAAAAA',
    'from' => 'oF_mkjsP5YVAz_h6nRxdiqGC8mXQ',
    'to' => 'gh_74fc964c4914',
    'time' => '1552727916',
    'type' => 'text',
    'scene' => 'TZHB15367439428364183--10925',
    'redirection' => true,
    'source' => 'subscribe',
    'content' => '首次关注',
  ),
  'module' => 'reply',
  'rule' => '9',
  'priority' => '0',
  'keyword' => 
  array (
    'id' => '116',
    'rid' => '9',
    'uniacid' => '2',
    'module' => 'reply',
    'content' => '首次关注',
    'type' => '1',
    'displayorder' => '0',
    'status' => '1',
    'reply_type' => 
    array (
      0 => 'basic',
    ),
  ),
  'reply_type' => 
  array (
    0 => 'basic',
  ),
)

2019-03-16 17:18:35 response :
------------
Array:
FromUserName : gh_74fc964c4914 ;
ToUserName : oF_mkjsP5YVAz_h6nRxdiqGC8mXQ ;
MsgType : text ;
Content : 您好，感谢您关注奔瑞汽车用品！360°汽车服务解决方案提供商。业务领域涵盖高端美容、二手翻新及快速钣喷等，欢迎与我们联系。
您也可以回复以下数字，查看相关信息。
【1】品牌介绍
【2】核心项目
【3】合作支持
【4】产品中心
【5】联系方式
您可以留言或拨打客服热线 4006669243 更多资讯，您可以访问奔瑞官网 www.benrui.cn
意见，建议反馈信息请直接回复，谢谢。 ;

2019-03-16 17:18:49 trace :
------------
String:
<xml><ToUserName><![CDATA[gh_74fc964c4914]]></ToUserName>
<FromUserName><![CDATA[oF_mkjsP5YVAz_h6nRxdiqGC8mXQ]]></FromUserName>
<CreateTime>1552727931</CreateTime>
<MsgType><![CDATA[event]]></MsgType>
<Event><![CDATA[SCAN]]></Event>
<EventKey><![CDATA[TZHB15367439428364183--10925]]></EventKey>
<Ticket><![CDATA[gQFR8TwAAAAAAAAAAS5odHRwOi8vd2VpeGluLnFxLmNvbS9xLzAyM3FCek5UblZhQWUxMDAwMHcwN2kAAgQG2phbAwQAAAAA]]></Ticket>
</xml>

2019-03-16 17:18:49 params :
------------
String:
array (
  'rule' => -2,
  'module' => '',
  'message' => 
  array (
    'tousername' => 'gh_74fc964c4914',
    'fromusername' => 'oF_mkjsP5YVAz_h6nRxdiqGC8mXQ',
    'createtime' => '1552727931',
    'msgtype' => 'event',
    'event' => 'SCAN',
    'eventkey' => 'TZHB15367439428364183--10925',
    'ticket' => 'gQFR8TwAAAAAAAAAAS5odHRwOi8vd2VpeGluLnFxLmNvbS9xLzAyM3FCek5UblZhQWUxMDAwMHcwN2kAAgQG2phbAwQAAAAA',
    'from' => 'oF_mkjsP5YVAz_h6nRxdiqGC8mXQ',
    'to' => 'gh_74fc964c4914',
    'time' => '1552727931',
    'type' => 'text',
    'scene' => 'TZHB15367439428364183--10925',
    'redirection' => true,
    'source' => 'qr',
  ),
)

2019-03-16 17:18:49 response :
------------

2019-03-16 17:28:53 trace :
------------
String:
<xml><ToUserName><![CDATA[gh_74fc964c4914]]></ToUserName>
<FromUserName><![CDATA[oF_mkjpHgyxSADKio260g0ROoT_s]]></FromUserName>
<CreateTime>1552728534</CreateTime>
<MsgType><![CDATA[event]]></MsgType>
<Event><![CDATA[subscribe]]></Event>
<EventKey><![CDATA[]]></EventKey>
</xml>

2019-03-16 17:28:53 params :
------------
String:
array (
  'message' => 
  array (
    'tousername' => 'gh_74fc964c4914',
    'fromusername' => 'oF_mkjpHgyxSADKio260g0ROoT_s',
    'createtime' => '1552728534',
    'msgtype' => 'event',
    'event' => 'subscribe',
    'eventkey' => '',
    'from' => 'oF_mkjpHgyxSADKio260g0ROoT_s',
    'to' => 'gh_74fc964c4914',
    'time' => '1552728534',
    'type' => 'text',
    'redirection' => true,
    'source' => 'subscribe',
    'content' => '首次关注',
  ),
  'module' => 'reply',
  'rule' => '9',
  'priority' => '0',
  'keyword' => 
  array (
    'id' => '116',
    'rid' => '9',
    'uniacid' => '2',
    'module' => 'reply',
    'content' => '首次关注',
    'type' => '1',
    'displayorder' => '0',
    'status' => '1',
    'reply_type' => 
    array (
      0 => 'basic',
    ),
  ),
  'reply_type' => 
  array (
    0 => 'basic',
  ),
)

2019-03-16 17:28:53 response :
------------
Array:
FromUserName : gh_74fc964c4914 ;
ToUserName : oF_mkjpHgyxSADKio260g0ROoT_s ;
MsgType : text ;
Content : 您好，感谢您关注奔瑞汽车用品！360°汽车服务解决方案提供商。业务领域涵盖高端美容、二手翻新及快速钣喷等，欢迎与我们联系。
您也可以回复以下数字，查看相关信息。
【1】品牌介绍
【2】核心项目
【3】合作支持
【4】产品中心
【5】联系方式
您可以留言或拨打客服热线 4006669243 更多资讯，您可以访问奔瑞官网 www.benrui.cn
意见，建议反馈信息请直接回复，谢谢。 ;

2019-03-16 17:29:00 trace :
------------
String:
<xml><ToUserName><![CDATA[gh_74fc964c4914]]></ToUserName>
<FromUserName><![CDATA[oF_mkjpHgyxSADKio260g0ROoT_s]]></FromUserName>
<CreateTime>1552728541</CreateTime>
<MsgType><![CDATA[text]]></MsgType>
<Content><![CDATA[镀晶]]></Content>
<MsgId>22229727459663830</MsgId>
</xml>

2019-03-16 17:29:00 params :
------------
String:
array (
  'rule' => -2,
  'module' => '',
  'message' => 
  array (
    'tousername' => 'gh_74fc964c4914',
    'fromusername' => 'oF_mkjpHgyxSADKio260g0ROoT_s',
    'createtime' => '1552728541',
    'msgtype' => 'text',
    'content' => '镀晶',
    'msgid' => '22229727459663830',
    'from' => 'oF_mkjpHgyxSADKio260g0ROoT_s',
    'to' => 'gh_74fc964c4914',
    'time' => '1552728541',
    'type' => 'text',
    'event' => NULL,
    'redirection' => false,
    'source' => NULL,
  ),
)

2019-03-16 17:29:00 response :
------------

2019-03-16 17:39:45 trace :
------------
String:
<xml><ToUserName><![CDATA[gh_74fc964c4914]]></ToUserName>
<FromUserName><![CDATA[oF_mkjpHgyxSADKio260g0ROoT_s]]></FromUserName>
<CreateTime>1552729186</CreateTime>
<MsgType><![CDATA[event]]></MsgType>
<Event><![CDATA[unsubscribe]]></Event>
<EventKey><![CDATA[]]></EventKey>
</xml>

2019-03-16 18:04:37 trace :
------------
String:
<xml><ToUserName><![CDATA[gh_74fc964c4914]]></ToUserName>
<FromUserName><![CDATA[oF_mkjqSHvKFnw-V0JfZXYvoTSOc]]></FromUserName>
<CreateTime>1552730679</CreateTime>
<MsgType><![CDATA[event]]></MsgType>
<Event><![CDATA[subscribe]]></Event>
<EventKey><![CDATA[qrscene_TZHB15304978757734712--6613]]></EventKey>
<Ticket><![CDATA[gQHz8DwAAAAAAAAAAS5odHRwOi8vd2VpeGluLnFxLmNvbS9xLzAyWktCaU55blZhQWUxMDAwMDAwN1oAAgRTizlbAwQAAAAA]]></Ticket>
</xml>

2019-03-16 18:04:38 params :
------------
String:
array (
  'message' => 
  array (
    'tousername' => 'gh_74fc964c4914',
    'fromusername' => 'oF_mkjqSHvKFnw-V0JfZXYvoTSOc',
    'createtime' => '1552730679',
    'msgtype' => 'event',
    'event' => 'subscribe',
    'eventkey' => 'qrscene_TZHB15304978757734712--6613',
    'ticket' => 'gQHz8DwAAAAAAAAAAS5odHRwOi8vd2VpeGluLnFxLmNvbS9xLzAyWktCaU55blZhQWUxMDAwMDAwN1oAAgRTizlbAwQAAAAA',
    'from' => 'oF_mkjqSHvKFnw-V0JfZXYvoTSOc',
    'to' => 'gh_74fc964c4914',
    'time' => '1552730679',
    'type' => 'text',
    'scene' => 'TZHB15304978757734712--6613',
    'redirection' => true,
    'source' => 'subscribe',
    'content' => '首次关注',
  ),
  'module' => 'reply',
  'rule' => '9',
  'priority' => '0',
  'keyword' => 
  array (
    'id' => '116',
    'rid' => '9',
    'uniacid' => '2',
    'module' => 'reply',
    'content' => '首次关注',
    'type' => '1',
    'displayorder' => '0',
    'status' => '1',
    'reply_type' => 
    array (
      0 => 'basic',
    ),
  ),
  'reply_type' => 
  array (
    0 => 'basic',
  ),
)

2019-03-16 18:04:38 response :
------------
Array:
FromUserName : gh_74fc964c4914 ;
ToUserName : oF_mkjqSHvKFnw-V0JfZXYvoTSOc ;
MsgType : text ;
Content : 您好，感谢您关注奔瑞汽车用品！360°汽车服务解决方案提供商。业务领域涵盖高端美容、二手翻新及快速钣喷等，欢迎与我们联系。
您也可以回复以下数字，查看相关信息。
【1】品牌介绍
【2】核心项目
【3】合作支持
【4】产品中心
【5】联系方式
您可以留言或拨打客服热线 4006669243 更多资讯，您可以访问奔瑞官网 www.benrui.cn
意见，建议反馈信息请直接回复，谢谢。 ;

2019-03-16 18:24:13 trace :
------------
String:
<xml><ToUserName><![CDATA[gh_74fc964c4914]]></ToUserName>
<FromUserName><![CDATA[oF_mkjhViOh5xrxIsZ2q6bviJtQE]]></FromUserName>
<CreateTime>1552731854</CreateTime>
<MsgType><![CDATA[event]]></MsgType>
<Event><![CDATA[subscribe]]></Event>
<EventKey><![CDATA[qrscene_TZHB15367438664973737--10586]]></EventKey>
<Ticket><![CDATA[gQHV8TwAAAAAAAAAAS5odHRwOi8vd2VpeGluLnFxLmNvbS9xLzAyQzlKT016blZhQWUxMDAwMGcwN2gAAgS62ZhbAwQAAAAA]]></Ticket>
</xml>

2019-03-16 18:24:13 params :
------------
String:
array (
  'message' => 
  array (
    'tousername' => 'gh_74fc964c4914',
    'fromusername' => 'oF_mkjhViOh5xrxIsZ2q6bviJtQE',
    'createtime' => '1552731854',
    'msgtype' => 'event',
    'event' => 'subscribe',
    'eventkey' => 'qrscene_TZHB15367438664973737--10586',
    'ticket' => 'gQHV8TwAAAAAAAAAAS5odHRwOi8vd2VpeGluLnFxLmNvbS9xLzAyQzlKT016blZhQWUxMDAwMGcwN2gAAgS62ZhbAwQAAAAA',
    'from' => 'oF_mkjhViOh5xrxIsZ2q6bviJtQE',
    'to' => 'gh_74fc964c4914',
    'time' => '1552731854',
    'type' => 'text',
    'scene' => 'TZHB15367438664973737--10586',
    'redirection' => true,
    'source' => 'subscribe',
    'content' => '首次关注',
  ),
  'module' => 'reply',
  'rule' => '9',
  'priority' => '0',
  'keyword' => 
  array (
    'id' => '116',
    'rid' => '9',
    'uniacid' => '2',
    'module' => 'reply',
    'content' => '首次关注',
    'type' => '1',
    'displayorder' => '0',
    'status' => '1',
    'reply_type' => 
    array (
      0 => 'basic',
    ),
  ),
  'reply_type' => 
  array (
    0 => 'basic',
  ),
)

2019-03-16 18:24:13 response :
------------
Array:
FromUserName : gh_74fc964c4914 ;
ToUserName : oF_mkjhViOh5xrxIsZ2q6bviJtQE ;
MsgType : text ;
Content : 您好，感谢您关注奔瑞汽车用品！360°汽车服务解决方案提供商。业务领域涵盖高端美容、二手翻新及快速钣喷等，欢迎与我们联系。
您也可以回复以下数字，查看相关信息。
【1】品牌介绍
【2】核心项目
【3】合作支持
【4】产品中心
【5】联系方式
您可以留言或拨打客服热线 4006669243 更多资讯，您可以访问奔瑞官网 www.benrui.cn
意见，建议反馈信息请直接回复，谢谢。 ;

2019-03-16 18:24:38 trace :
------------
String:
<xml><ToUserName><![CDATA[gh_74fc964c4914]]></ToUserName>
<FromUserName><![CDATA[oF_mkjhViOh5xrxIsZ2q6bviJtQE]]></FromUserName>
<CreateTime>1552731880</CreateTime>
<MsgType><![CDATA[event]]></MsgType>
<Event><![CDATA[CLICK]]></Event>
<EventKey><![CDATA[最新优惠]]></EventKey>
</xml>

2019-03-16 18:24:38 params :
------------
String:
array (
  'message' => 
  array (
    'tousername' => 'gh_74fc964c4914',
    'fromusername' => 'oF_mkjhViOh5xrxIsZ2q6bviJtQE',
    'createtime' => '1552731880',
    'msgtype' => 'event',
    'event' => 'CLICK',
    'eventkey' => '最新优惠',
    'from' => 'oF_mkjhViOh5xrxIsZ2q6bviJtQE',
    'to' => 'gh_74fc964c4914',
    'time' => '1552731880',
    'type' => 'text',
    'content' => '最新优惠',
    'redirection' => true,
    'source' => 'click',
  ),
  'module' => 'reply',
  'rule' => '53',
  'priority' => '0',
  'keyword' => 
  array (
    'id' => '115',
    'rid' => '53',
    'uniacid' => '2',
    'module' => 'reply',
    'content' => '最新优惠',
    'type' => '1',
    'displayorder' => '0',
    'status' => '1',
    'reply_type' => 
    array (
      0 => 'basic',
    ),
  ),
  'reply_type' => 
  array (
    0 => 'basic',
  ),
)

2019-03-16 18:24:38 response :
------------
Array:
FromUserName : gh_74fc964c4914 ;
ToUserName : oF_mkjhViOh5xrxIsZ2q6bviJtQE ;
MsgType : text ;
Content : 优质服务季，一大波促销活动即将激情开启，敬请期待。 ;

2019-03-16 18:25:12 trace :
------------
String:
<xml><ToUserName><![CDATA[gh_74fc964c4914]]></ToUserName>
<FromUserName><![CDATA[oF_mkjhViOh5xrxIsZ2q6bviJtQE]]></FromUserName>
<CreateTime>1552731914</CreateTime>
<MsgType><![CDATA[event]]></MsgType>
<Event><![CDATA[unsubscribe]]></Event>
<EventKey><![CDATA[]]></EventKey>
</xml>

2019-03-16 18:41:31 trace :
------------
String:
<xml><ToUserName><![CDATA[gh_74fc964c4914]]></ToUserName>
<FromUserName><![CDATA[oF_mkjsQX3jJ9XCHrrBHANj3RGZs]]></FromUserName>
<CreateTime>1552732893</CreateTime>
<MsgType><![CDATA[event]]></MsgType>
<Event><![CDATA[SCAN]]></Event>
<EventKey><![CDATA[TZHB15444181611771407--12395]]></EventKey>
<Ticket><![CDATA[gQGN8DwAAAAAAAAAAS5odHRwOi8vd2VpeGluLnFxLmNvbS9xLzAyMkRKcE1UblZhQWUxMDAwMGcwN3QAAgRx8w1cAwQAAAAA]]></Ticket>
</xml>

2019-03-16 18:41:31 params :
------------
String:
array (
  'rule' => -2,
  'module' => '',
  'message' => 
  array (
    'tousername' => 'gh_74fc964c4914',
    'fromusername' => 'oF_mkjsQX3jJ9XCHrrBHANj3RGZs',
    'createtime' => '1552732893',
    'msgtype' => 'event',
    'event' => 'SCAN',
    'eventkey' => 'TZHB15444181611771407--12395',
    'ticket' => 'gQGN8DwAAAAAAAAAAS5odHRwOi8vd2VpeGluLnFxLmNvbS9xLzAyMkRKcE1UblZhQWUxMDAwMGcwN3QAAgRx8w1cAwQAAAAA',
    'from' => 'oF_mkjsQX3jJ9XCHrrBHANj3RGZs',
    'to' => 'gh_74fc964c4914',
    'time' => '1552732893',
    'type' => 'text',
    'scene' => 'TZHB15444181611771407--12395',
    'redirection' => true,
    'source' => 'qr',
  ),
)

2019-03-16 18:41:31 response :
------------

2019-03-16 18:41:33 trace :
------------
String:
<xml><ToUserName><![CDATA[gh_74fc964c4914]]></ToUserName>
<FromUserName><![CDATA[oF_mkjsQX3jJ9XCHrrBHANj3RGZs]]></FromUserName>
<CreateTime>1552732895</CreateTime>
<MsgType><![CDATA[event]]></MsgType>
<Event><![CDATA[LOCATION]]></Event>
<Latitude>35.112267</Latitude>
<Longitude>118.298538</Longitude>
<Precision>30.000000</Precision>
</xml>

2019-03-16 18:41:33 params :
------------
String:
array (
  'message' => 
  array (
    'tousername' => 'gh_74fc964c4914',
    'fromusername' => 'oF_mkjsQX3jJ9XCHrrBHANj3RGZs',
    'createtime' => '1552732895',
    'msgtype' => 'event',
    'event' => 'LOCATION',
    'latitude' => '35.112267',
    'longitude' => '118.298538',
    'precision' => '30.000000',
    'from' => 'oF_mkjsQX3jJ9XCHrrBHANj3RGZs',
    'to' => 'gh_74fc964c4914',
    'time' => '1552732895',
    'type' => 'trace',
    'location_x' => '35.112267',
    'location_y' => '118.298538',
  ),
  'module' => 'default',
  'rule' => '-1',
)

2019-03-16 18:41:33 response :
------------
Array:
errno : -1 ;
message : Invaild value ;

