2019-02-05 09:33:31 trace :
------------
String:
<xml><ToUserName><![CDATA[gh_74fc964c4914]]></ToUserName>
<FromUserName><![CDATA[oF_mkjnXrfsTxss8rUtYEZRD911g]]></FromUserName>
<CreateTime>1549330410</CreateTime>
<MsgType><![CDATA[event]]></MsgType>
<Event><![CDATA[LOCATION]]></Event>
<Latitude>30.316063</Latitude>
<Longitude>120.142288</Longitude>
<Precision>30.000000</Precision>
</xml>

2019-02-05 09:33:31 params :
------------
String:
array (
  'message' => 
  array (
    'tousername' => 'gh_74fc964c4914',
    'fromusername' => 'oF_mkjnXrfsTxss8rUtYEZRD911g',
    'createtime' => '1549330410',
    'msgtype' => 'event',
    'event' => 'LOCATION',
    'latitude' => '30.316063',
    'longitude' => '120.142288',
    'precision' => '30.000000',
    'from' => 'oF_mkjnXrfsTxss8rUtYEZRD911g',
    'to' => 'gh_74fc964c4914',
    'time' => '1549330410',
    'type' => 'trace',
    'location_x' => '30.316063',
    'location_y' => '120.142288',
  ),
  'module' => 'default',
  'rule' => '-1',
)

2019-02-05 09:33:31 response :
------------
Array:
errno : -1 ;
message : Invaild value ;

2019-02-05 09:33:36 trace :
------------
String:
<xml><ToUserName><![CDATA[gh_74fc964c4914]]></ToUserName>
<FromUserName><![CDATA[oF_mkjnXrfsTxss8rUtYEZRD911g]]></FromUserName>
<CreateTime>1549330416</CreateTime>
<MsgType><![CDATA[event]]></MsgType>
<Event><![CDATA[LOCATION]]></Event>
<Latitude>30.309116</Latitude>
<Longitude>120.142731</Longitude>
<Precision>30.000000</Precision>
</xml>

2019-02-05 09:33:36 params :
------------
String:
array (
  'message' => 
  array (
    'tousername' => 'gh_74fc964c4914',
    'fromusername' => 'oF_mkjnXrfsTxss8rUtYEZRD911g',
    'createtime' => '1549330416',
    'msgtype' => 'event',
    'event' => 'LOCATION',
    'latitude' => '30.309116',
    'longitude' => '120.142731',
    'precision' => '30.000000',
    'from' => 'oF_mkjnXrfsTxss8rUtYEZRD911g',
    'to' => 'gh_74fc964c4914',
    'time' => '1549330416',
    'type' => 'trace',
    'location_x' => '30.309116',
    'location_y' => '120.142731',
  ),
  'module' => 'default',
  'rule' => '-1',
)

2019-02-05 09:33:36 response :
------------
Array:
errno : -1 ;
message : Invaild value ;

