2019-03-09 08:18:41 trace :
------------
String:
<xml><ToUserName><![CDATA[gh_74fc964c4914]]></ToUserName>
<FromUserName><![CDATA[oF_mkjvk3IbHnIuSeCnulmf-xcD8]]></FromUserName>
<CreateTime>1552090721</CreateTime>
<MsgType><![CDATA[event]]></MsgType>
<Event><![CDATA[SCAN]]></Event>
<EventKey><![CDATA[TZHB15301483345162801--4045]]></EventKey>
<Ticket><![CDATA[gQE28DwAAAAAAAAAAS5odHRwOi8vd2VpeGluLnFxLmNvbS9xLzAyM3NtX012blZhQWUxMDAwMHcwN3IAAgTuNTRbAwQAAAAA]]></Ticket>
</xml>

2019-03-09 08:18:41 params :
------------
String:
array (
  'rule' => -2,
  'module' => '',
  'message' => 
  array (
    'tousername' => 'gh_74fc964c4914',
    'fromusername' => 'oF_mkjvk3IbHnIuSeCnulmf-xcD8',
    'createtime' => '1552090721',
    'msgtype' => 'event',
    'event' => 'SCAN',
    'eventkey' => 'TZHB15301483345162801--4045',
    'ticket' => 'gQE28DwAAAAAAAAAAS5odHRwOi8vd2VpeGluLnFxLmNvbS9xLzAyM3NtX012blZhQWUxMDAwMHcwN3IAAgTuNTRbAwQAAAAA',
    'from' => 'oF_mkjvk3IbHnIuSeCnulmf-xcD8',
    'to' => 'gh_74fc964c4914',
    'time' => '1552090721',
    'type' => 'text',
    'scene' => 'TZHB15301483345162801--4045',
    'redirection' => true,
    'source' => 'qr',
  ),
)

2019-03-09 08:18:41 response :
------------

2019-03-09 08:18:52 trace :
------------
String:
<xml><ToUserName><![CDATA[gh_74fc964c4914]]></ToUserName>
<FromUserName><![CDATA[oF_mkjvk3IbHnIuSeCnulmf-xcD8]]></FromUserName>
<CreateTime>1552090733</CreateTime>
<MsgType><![CDATA[event]]></MsgType>
<Event><![CDATA[LOCATION]]></Event>
<Latitude>35.249050</Latitude>
<Longitude>115.486252</Longitude>
<Precision>30.000000</Precision>
</xml>

2019-03-09 08:18:52 params :
------------
String:
array (
  'message' => 
  array (
    'tousername' => 'gh_74fc964c4914',
    'fromusername' => 'oF_mkjvk3IbHnIuSeCnulmf-xcD8',
    'createtime' => '1552090733',
    'msgtype' => 'event',
    'event' => 'LOCATION',
    'latitude' => '35.249050',
    'longitude' => '115.486252',
    'precision' => '30.000000',
    'from' => 'oF_mkjvk3IbHnIuSeCnulmf-xcD8',
    'to' => 'gh_74fc964c4914',
    'time' => '1552090733',
    'type' => 'trace',
    'location_x' => '35.249050',
    'location_y' => '115.486252',
  ),
  'module' => 'default',
  'rule' => '-1',
)

2019-03-09 08:18:52 response :
------------
Array:
errno : -1 ;
message : Invaild value ;

2019-03-09 08:19:08 trace :
------------
String:
<xml><ToUserName><![CDATA[gh_74fc964c4914]]></ToUserName>
<FromUserName><![CDATA[oF_mkjvk3IbHnIuSeCnulmf-xcD8]]></FromUserName>
<CreateTime>1552090749</CreateTime>
<MsgType><![CDATA[event]]></MsgType>
<Event><![CDATA[LOCATION]]></Event>
<Latitude>35.249050</Latitude>
<Longitude>115.486252</Longitude>
<Precision>30.000000</Precision>
</xml>

2019-03-09 08:19:08 params :
------------
String:
array (
  'message' => 
  array (
    'tousername' => 'gh_74fc964c4914',
    'fromusername' => 'oF_mkjvk3IbHnIuSeCnulmf-xcD8',
    'createtime' => '1552090749',
    'msgtype' => 'event',
    'event' => 'LOCATION',
    'latitude' => '35.249050',
    'longitude' => '115.486252',
    'precision' => '30.000000',
    'from' => 'oF_mkjvk3IbHnIuSeCnulmf-xcD8',
    'to' => 'gh_74fc964c4914',
    'time' => '1552090749',
    'type' => 'trace',
    'location_x' => '35.249050',
    'location_y' => '115.486252',
  ),
  'module' => 'default',
  'rule' => '-1',
)

2019-03-09 08:19:08 response :
------------
Array:
errno : -1 ;
message : Invaild value ;

2019-03-09 08:19:17 trace :
------------
String:
<xml><ToUserName><![CDATA[gh_74fc964c4914]]></ToUserName>
<FromUserName><![CDATA[oF_mkjvk3IbHnIuSeCnulmf-xcD8]]></FromUserName>
<CreateTime>1552090758</CreateTime>
<MsgType><![CDATA[event]]></MsgType>
<Event><![CDATA[LOCATION]]></Event>
<Latitude>35.249050</Latitude>
<Longitude>115.486252</Longitude>
<Precision>30.000000</Precision>
</xml>

2019-03-09 08:19:17 params :
------------
String:
array (
  'message' => 
  array (
    'tousername' => 'gh_74fc964c4914',
    'fromusername' => 'oF_mkjvk3IbHnIuSeCnulmf-xcD8',
    'createtime' => '1552090758',
    'msgtype' => 'event',
    'event' => 'LOCATION',
    'latitude' => '35.249050',
    'longitude' => '115.486252',
    'precision' => '30.000000',
    'from' => 'oF_mkjvk3IbHnIuSeCnulmf-xcD8',
    'to' => 'gh_74fc964c4914',
    'time' => '1552090758',
    'type' => 'trace',
    'location_x' => '35.249050',
    'location_y' => '115.486252',
  ),
  'module' => 'default',
  'rule' => '-1',
)

2019-03-09 08:19:17 response :
------------
Array:
errno : -1 ;
message : Invaild value ;

2019-03-09 08:19:18 trace :
------------
String:
<xml><ToUserName><![CDATA[gh_74fc964c4914]]></ToUserName>
<FromUserName><![CDATA[oF_mkjvk3IbHnIuSeCnulmf-xcD8]]></FromUserName>
<CreateTime>1552090758</CreateTime>
<MsgType><![CDATA[event]]></MsgType>
<Event><![CDATA[SCAN]]></Event>
<EventKey><![CDATA[TZHB15301483345162801--4045]]></EventKey>
<Ticket><![CDATA[gQE28DwAAAAAAAAAAS5odHRwOi8vd2VpeGluLnFxLmNvbS9xLzAyM3NtX012blZhQWUxMDAwMHcwN3IAAgTuNTRbAwQAAAAA]]></Ticket>
</xml>

2019-03-09 08:19:18 params :
------------
String:
array (
  'rule' => -2,
  'module' => '',
  'message' => 
  array (
    'tousername' => 'gh_74fc964c4914',
    'fromusername' => 'oF_mkjvk3IbHnIuSeCnulmf-xcD8',
    'createtime' => '1552090758',
    'msgtype' => 'event',
    'event' => 'SCAN',
    'eventkey' => 'TZHB15301483345162801--4045',
    'ticket' => 'gQE28DwAAAAAAAAAAS5odHRwOi8vd2VpeGluLnFxLmNvbS9xLzAyM3NtX012blZhQWUxMDAwMHcwN3IAAgTuNTRbAwQAAAAA',
    'from' => 'oF_mkjvk3IbHnIuSeCnulmf-xcD8',
    'to' => 'gh_74fc964c4914',
    'time' => '1552090758',
    'type' => 'text',
    'scene' => 'TZHB15301483345162801--4045',
    'redirection' => true,
    'source' => 'qr',
  ),
)

2019-03-09 08:19:18 response :
------------

2019-03-09 08:19:24 trace :
------------
String:
<xml><ToUserName><![CDATA[gh_74fc964c4914]]></ToUserName>
<FromUserName><![CDATA[oF_mkjvk3IbHnIuSeCnulmf-xcD8]]></FromUserName>
<CreateTime>1552090765</CreateTime>
<MsgType><![CDATA[event]]></MsgType>
<Event><![CDATA[LOCATION]]></Event>
<Latitude>35.249050</Latitude>
<Longitude>115.486252</Longitude>
<Precision>30.000000</Precision>
</xml>

2019-03-09 08:19:24 params :
------------
String:
array (
  'message' => 
  array (
    'tousername' => 'gh_74fc964c4914',
    'fromusername' => 'oF_mkjvk3IbHnIuSeCnulmf-xcD8',
    'createtime' => '1552090765',
    'msgtype' => 'event',
    'event' => 'LOCATION',
    'latitude' => '35.249050',
    'longitude' => '115.486252',
    'precision' => '30.000000',
    'from' => 'oF_mkjvk3IbHnIuSeCnulmf-xcD8',
    'to' => 'gh_74fc964c4914',
    'time' => '1552090765',
    'type' => 'trace',
    'location_x' => '35.249050',
    'location_y' => '115.486252',
  ),
  'module' => 'default',
  'rule' => '-1',
)

2019-03-09 08:19:24 response :
------------
Array:
errno : -1 ;
message : Invaild value ;

2019-03-09 09:00:34 trace :
------------
String:
<xml><ToUserName><![CDATA[gh_74fc964c4914]]></ToUserName>
<FromUserName><![CDATA[oF_mkjuwcc2-7_wCBNF-LPa7p6gU]]></FromUserName>
<CreateTime>1552093235</CreateTime>
<MsgType><![CDATA[event]]></MsgType>
<Event><![CDATA[LOCATION]]></Event>
<Latitude>30.722477</Latitude>
<Longitude>103.919128</Longitude>
<Precision>30.000000</Precision>
</xml>

2019-03-09 09:00:34 params :
------------
String:
array (
  'message' => 
  array (
    'tousername' => 'gh_74fc964c4914',
    'fromusername' => 'oF_mkjuwcc2-7_wCBNF-LPa7p6gU',
    'createtime' => '1552093235',
    'msgtype' => 'event',
    'event' => 'LOCATION',
    'latitude' => '30.722477',
    'longitude' => '103.919128',
    'precision' => '30.000000',
    'from' => 'oF_mkjuwcc2-7_wCBNF-LPa7p6gU',
    'to' => 'gh_74fc964c4914',
    'time' => '1552093235',
    'type' => 'trace',
    'location_x' => '30.722477',
    'location_y' => '103.919128',
  ),
  'module' => 'default',
  'rule' => '-1',
)

2019-03-09 09:00:34 response :
------------
Array:
errno : -1 ;
message : Invaild value ;

2019-03-09 10:30:14 trace :
------------
String:
<xml><ToUserName><![CDATA[gh_74fc964c4914]]></ToUserName>
<FromUserName><![CDATA[oF_mkjkRI06sHmF2-LWqu03bkNiU]]></FromUserName>
<CreateTime>1552098615</CreateTime>
<MsgType><![CDATA[event]]></MsgType>
<Event><![CDATA[LOCATION]]></Event>
<Latitude>40.829498</Latitude>
<Longitude>111.613411</Longitude>
<Precision>220.000000</Precision>
</xml>

2019-03-09 10:30:14 params :
------------
String:
array (
  'message' => 
  array (
    'tousername' => 'gh_74fc964c4914',
    'fromusername' => 'oF_mkjkRI06sHmF2-LWqu03bkNiU',
    'createtime' => '1552098615',
    'msgtype' => 'event',
    'event' => 'LOCATION',
    'latitude' => '40.829498',
    'longitude' => '111.613411',
    'precision' => '220.000000',
    'from' => 'oF_mkjkRI06sHmF2-LWqu03bkNiU',
    'to' => 'gh_74fc964c4914',
    'time' => '1552098615',
    'type' => 'trace',
    'location_x' => '40.829498',
    'location_y' => '111.613411',
  ),
  'module' => 'default',
  'rule' => '-1',
)

2019-03-09 10:30:14 response :
------------
Array:
errno : -1 ;
message : Invaild value ;

2019-03-09 10:31:35 trace :
------------
String:
<xml><ToUserName><![CDATA[gh_74fc964c4914]]></ToUserName>
<FromUserName><![CDATA[oF_mkjglOsRCOW9LAmWURaHHg92w]]></FromUserName>
<CreateTime>1552098694</CreateTime>
<MsgType><![CDATA[event]]></MsgType>
<Event><![CDATA[SCAN]]></Event>
<EventKey><![CDATA[TZHB15367436219948129--10055]]></EventKey>
<Ticket><![CDATA[gQFb8TwAAAAAAAAAAS5odHRwOi8vd2VpeGluLnFxLmNvbS9xLzAyc3dzVE5jblZhQWUxMDAwMHcwN0EAAgTG2JhbAwQAAAAA]]></Ticket>
</xml>

2019-03-09 10:31:35 params :
------------
String:
array (
  'rule' => -2,
  'module' => '',
  'message' => 
  array (
    'tousername' => 'gh_74fc964c4914',
    'fromusername' => 'oF_mkjglOsRCOW9LAmWURaHHg92w',
    'createtime' => '1552098694',
    'msgtype' => 'event',
    'event' => 'SCAN',
    'eventkey' => 'TZHB15367436219948129--10055',
    'ticket' => 'gQFb8TwAAAAAAAAAAS5odHRwOi8vd2VpeGluLnFxLmNvbS9xLzAyc3dzVE5jblZhQWUxMDAwMHcwN0EAAgTG2JhbAwQAAAAA',
    'from' => 'oF_mkjglOsRCOW9LAmWURaHHg92w',
    'to' => 'gh_74fc964c4914',
    'time' => '1552098694',
    'type' => 'text',
    'scene' => 'TZHB15367436219948129--10055',
    'redirection' => true,
    'source' => 'qr',
  ),
)

2019-03-09 10:31:35 response :
------------

2019-03-09 11:20:09 trace :
------------
String:
<xml><ToUserName><![CDATA[gh_74fc964c4914]]></ToUserName>
<FromUserName><![CDATA[oF_mkjor6sEMq7e40Jg49_m04iGA]]></FromUserName>
<CreateTime>1552101610</CreateTime>
<MsgType><![CDATA[event]]></MsgType>
<Event><![CDATA[SCAN]]></Event>
<EventKey><![CDATA[TZHB15301481285174889--3818]]></EventKey>
<Ticket><![CDATA[gQF28DwAAAAAAAAAAS5odHRwOi8vd2VpeGluLnFxLmNvbS9xLzAyQ1ZpR05WblZhQWUxMDAwMHcwN0gAAgQgNTRbAwQAAAAA]]></Ticket>
</xml>

2019-03-09 11:20:09 params :
------------
String:
array (
  'rule' => -2,
  'module' => '',
  'message' => 
  array (
    'tousername' => 'gh_74fc964c4914',
    'fromusername' => 'oF_mkjor6sEMq7e40Jg49_m04iGA',
    'createtime' => '1552101610',
    'msgtype' => 'event',
    'event' => 'SCAN',
    'eventkey' => 'TZHB15301481285174889--3818',
    'ticket' => 'gQF28DwAAAAAAAAAAS5odHRwOi8vd2VpeGluLnFxLmNvbS9xLzAyQ1ZpR05WblZhQWUxMDAwMHcwN0gAAgQgNTRbAwQAAAAA',
    'from' => 'oF_mkjor6sEMq7e40Jg49_m04iGA',
    'to' => 'gh_74fc964c4914',
    'time' => '1552101610',
    'type' => 'text',
    'scene' => 'TZHB15301481285174889--3818',
    'redirection' => true,
    'source' => 'qr',
  ),
)

2019-03-09 11:20:09 response :
------------

2019-03-09 11:20:37 trace :
------------
String:
<xml><ToUserName><![CDATA[gh_74fc964c4914]]></ToUserName>
<FromUserName><![CDATA[oF_mkjor6sEMq7e40Jg49_m04iGA]]></FromUserName>
<CreateTime>1552101638</CreateTime>
<MsgType><![CDATA[event]]></MsgType>
<Event><![CDATA[SCAN]]></Event>
<EventKey><![CDATA[TZHB15301481285174889--3818]]></EventKey>
<Ticket><![CDATA[gQF28DwAAAAAAAAAAS5odHRwOi8vd2VpeGluLnFxLmNvbS9xLzAyQ1ZpR05WblZhQWUxMDAwMHcwN0gAAgQgNTRbAwQAAAAA]]></Ticket>
</xml>

2019-03-09 11:20:37 params :
------------
String:
array (
  'rule' => -2,
  'module' => '',
  'message' => 
  array (
    'tousername' => 'gh_74fc964c4914',
    'fromusername' => 'oF_mkjor6sEMq7e40Jg49_m04iGA',
    'createtime' => '1552101638',
    'msgtype' => 'event',
    'event' => 'SCAN',
    'eventkey' => 'TZHB15301481285174889--3818',
    'ticket' => 'gQF28DwAAAAAAAAAAS5odHRwOi8vd2VpeGluLnFxLmNvbS9xLzAyQ1ZpR05WblZhQWUxMDAwMHcwN0gAAgQgNTRbAwQAAAAA',
    'from' => 'oF_mkjor6sEMq7e40Jg49_m04iGA',
    'to' => 'gh_74fc964c4914',
    'time' => '1552101638',
    'type' => 'text',
    'scene' => 'TZHB15301481285174889--3818',
    'redirection' => true,
    'source' => 'qr',
  ),
)

2019-03-09 11:20:37 response :
------------

2019-03-09 11:30:57 trace :
------------
String:
<xml><ToUserName><![CDATA[gh_74fc964c4914]]></ToUserName>
<FromUserName><![CDATA[oF_mkjhzcVKn7NG7p5LbtK_sodBo]]></FromUserName>
<CreateTime>1552102259</CreateTime>
<MsgType><![CDATA[event]]></MsgType>
<Event><![CDATA[subscribe]]></Event>
<EventKey><![CDATA[qrscene_TZHB15286801366922280--2195]]></EventKey>
<Ticket><![CDATA[gQHo8DwAAAAAAAAAAS5odHRwOi8vd2VpeGluLnFxLmNvbS9xLzAyNGtncE12blZhQWUxMDAwMGcwN3AAAgTIzh1bAwQAAAAA]]></Ticket>
</xml>

2019-03-09 11:30:58 params :
------------
String:
array (
  'message' => 
  array (
    'tousername' => 'gh_74fc964c4914',
    'fromusername' => 'oF_mkjhzcVKn7NG7p5LbtK_sodBo',
    'createtime' => '1552102259',
    'msgtype' => 'event',
    'event' => 'subscribe',
    'eventkey' => 'qrscene_TZHB15286801366922280--2195',
    'ticket' => 'gQHo8DwAAAAAAAAAAS5odHRwOi8vd2VpeGluLnFxLmNvbS9xLzAyNGtncE12blZhQWUxMDAwMGcwN3AAAgTIzh1bAwQAAAAA',
    'from' => 'oF_mkjhzcVKn7NG7p5LbtK_sodBo',
    'to' => 'gh_74fc964c4914',
    'time' => '1552102259',
    'type' => 'text',
    'scene' => 'TZHB15286801366922280--2195',
    'redirection' => true,
    'source' => 'subscribe',
    'content' => '首次关注',
  ),
  'module' => 'reply',
  'rule' => '9',
  'priority' => '0',
  'keyword' => 
  array (
    'id' => '116',
    'rid' => '9',
    'uniacid' => '2',
    'module' => 'reply',
    'content' => '首次关注',
    'type' => '1',
    'displayorder' => '0',
    'status' => '1',
    'reply_type' => 
    array (
      0 => 'basic',
    ),
  ),
  'reply_type' => 
  array (
    0 => 'basic',
  ),
)

2019-03-09 11:30:58 response :
------------
Array:
FromUserName : gh_74fc964c4914 ;
ToUserName : oF_mkjhzcVKn7NG7p5LbtK_sodBo ;
MsgType : text ;
Content : 您好，感谢您关注奔瑞汽车用品！360°汽车服务解决方案提供商。业务领域涵盖高端美容、二手翻新及快速钣喷等，欢迎与我们联系。
您也可以回复以下数字，查看相关信息。
【1】品牌介绍
【2】核心项目
【3】合作支持
【4】产品中心
【5】联系方式
您可以留言或拨打客服热线 4006669243 更多资讯，您可以访问奔瑞官网 www.benrui.cn
意见，建议反馈信息请直接回复，谢谢。 ;

2019-03-09 11:31:30 trace :
------------
String:
<xml><ToUserName><![CDATA[gh_74fc964c4914]]></ToUserName>
<FromUserName><![CDATA[oF_mkjhzcVKn7NG7p5LbtK_sodBo]]></FromUserName>
<CreateTime>1552102291</CreateTime>
<MsgType><![CDATA[event]]></MsgType>
<Event><![CDATA[CLICK]]></Event>
<EventKey><![CDATA[最新优惠]]></EventKey>
</xml>

2019-03-09 11:31:30 params :
------------
String:
array (
  'message' => 
  array (
    'tousername' => 'gh_74fc964c4914',
    'fromusername' => 'oF_mkjhzcVKn7NG7p5LbtK_sodBo',
    'createtime' => '1552102291',
    'msgtype' => 'event',
    'event' => 'CLICK',
    'eventkey' => '最新优惠',
    'from' => 'oF_mkjhzcVKn7NG7p5LbtK_sodBo',
    'to' => 'gh_74fc964c4914',
    'time' => '1552102291',
    'type' => 'text',
    'content' => '最新优惠',
    'redirection' => true,
    'source' => 'click',
  ),
  'module' => 'reply',
  'rule' => '53',
  'priority' => '0',
  'keyword' => 
  array (
    'id' => '115',
    'rid' => '53',
    'uniacid' => '2',
    'module' => 'reply',
    'content' => '最新优惠',
    'type' => '1',
    'displayorder' => '0',
    'status' => '1',
    'reply_type' => 
    array (
      0 => 'basic',
    ),
  ),
  'reply_type' => 
  array (
    0 => 'basic',
  ),
)

2019-03-09 11:31:30 response :
------------
Array:
FromUserName : gh_74fc964c4914 ;
ToUserName : oF_mkjhzcVKn7NG7p5LbtK_sodBo ;
MsgType : text ;
Content : 优质服务季，一大波促销活动即将激情开启，敬请期待。 ;

2019-03-09 11:32:19 trace :
------------
String:
<xml><ToUserName><![CDATA[gh_74fc964c4914]]></ToUserName>
<FromUserName><![CDATA[oF_mkjhzcVKn7NG7p5LbtK_sodBo]]></FromUserName>
<CreateTime>1552102340</CreateTime>
<MsgType><![CDATA[event]]></MsgType>
<Event><![CDATA[unsubscribe]]></Event>
<EventKey><![CDATA[]]></EventKey>
</xml>

2019-03-09 12:08:04 trace :
------------
String:
<xml><ToUserName><![CDATA[gh_74fc964c4914]]></ToUserName>
<FromUserName><![CDATA[oF_mkjmuPZ0ND5y9oMZSpuQHn3jM]]></FromUserName>
<CreateTime>1552104485</CreateTime>
<MsgType><![CDATA[event]]></MsgType>
<Event><![CDATA[LOCATION]]></Event>
<Latitude>46.634487</Latitude>
<Longitude>126.962189</Longitude>
<Precision>220.000000</Precision>
</xml>

2019-03-09 12:08:04 params :
------------
String:
array (
  'message' => 
  array (
    'tousername' => 'gh_74fc964c4914',
    'fromusername' => 'oF_mkjmuPZ0ND5y9oMZSpuQHn3jM',
    'createtime' => '1552104485',
    'msgtype' => 'event',
    'event' => 'LOCATION',
    'latitude' => '46.634487',
    'longitude' => '126.962189',
    'precision' => '220.000000',
    'from' => 'oF_mkjmuPZ0ND5y9oMZSpuQHn3jM',
    'to' => 'gh_74fc964c4914',
    'time' => '1552104485',
    'type' => 'trace',
    'location_x' => '46.634487',
    'location_y' => '126.962189',
  ),
  'module' => 'default',
  'rule' => '-1',
)

2019-03-09 12:08:04 response :
------------
Array:
errno : -1 ;
message : Invaild value ;

2019-03-09 12:08:13 trace :
------------
String:
<xml><ToUserName><![CDATA[gh_74fc964c4914]]></ToUserName>
<FromUserName><![CDATA[oF_mkjmuPZ0ND5y9oMZSpuQHn3jM]]></FromUserName>
<CreateTime>1552104494</CreateTime>
<MsgType><![CDATA[event]]></MsgType>
<Event><![CDATA[VIEW]]></Event>
<EventKey><![CDATA[http://mp.weixin.qq.com/s?__biz=MjM5MzE3NjM0Mw==&mid=503568901&idx=1&sn=68e38de4e280a77f6a9d4729e7b63342&chksm=3d6c747d0a1bfd6b9891ec8de146b4e8934a8e3f178d5f12a5de9984b0c8826680160a8d6af5&scene=18#wechat_redirect]]></EventKey>
<MenuId>503048253</MenuId>
</xml>

2019-03-09 12:08:13 params :
------------
String:
array (
  'message' => 
  array (
    'tousername' => 'gh_74fc964c4914',
    'fromusername' => 'oF_mkjmuPZ0ND5y9oMZSpuQHn3jM',
    'createtime' => '1552104494',
    'msgtype' => 'event',
    'event' => 'VIEW',
    'eventkey' => 'http://mp.weixin.qq.com/s?__biz=MjM5MzE3NjM0Mw==&mid=503568901&idx=1&sn=68e38de4e280a77f6a9d4729e7b63342&chksm=3d6c747d0a1bfd6b9891ec8de146b4e8934a8e3f178d5f12a5de9984b0c8826680160a8d6af5&scene=18#wechat_redirect',
    'menuid' => '503048253',
    'from' => 'oF_mkjmuPZ0ND5y9oMZSpuQHn3jM',
    'to' => 'gh_74fc964c4914',
    'time' => '1552104494',
    'type' => 'text',
    'content' => 'http://mp.weixin.qq.com/s?__biz=MjM5MzE3NjM0Mw==&mid=503568901&idx=1&sn=68e38de4e280a77f6a9d4729e7b63342&chksm=3d6c747d0a1bfd6b9891ec8de146b4e8934a8e3f178d5f12a5de9984b0c8826680160a8d6af5&scene=18#wechat_redirect',
    'redirection' => true,
    'source' => 'VIEW',
  ),
  'module' => 'reply',
  'rule' => '25',
  'priority' => '0',
  'keyword' => 
  array (
    'id' => '32',
    'rid' => '25',
    'uniacid' => '2',
    'module' => 'reply',
    'content' => 'f1',
    'type' => '2',
    'displayorder' => '0',
    'status' => '1',
    'reply_type' => 
    array (
      0 => 'news',
    ),
  ),
  'reply_type' => 
  array (
    0 => 'news',
  ),
)

2019-03-09 12:08:13 response :
------------
Array:
FromUserName : gh_74fc964c4914 ;
ToUserName : oF_mkjmuPZ0ND5y9oMZSpuQHn3jM ;
MsgType : news ;
ArticleCount : 1 ;
Articles : Array ;

2019-03-09 12:08:47 trace :
------------
String:
<xml><ToUserName><![CDATA[gh_74fc964c4914]]></ToUserName>
<FromUserName><![CDATA[oF_mkjmuPZ0ND5y9oMZSpuQHn3jM]]></FromUserName>
<CreateTime>1552104528</CreateTime>
<MsgType><![CDATA[event]]></MsgType>
<Event><![CDATA[LOCATION]]></Event>
<Latitude>46.634487</Latitude>
<Longitude>126.962189</Longitude>
<Precision>220.000000</Precision>
</xml>

2019-03-09 12:08:47 params :
------------
String:
array (
  'message' => 
  array (
    'tousername' => 'gh_74fc964c4914',
    'fromusername' => 'oF_mkjmuPZ0ND5y9oMZSpuQHn3jM',
    'createtime' => '1552104528',
    'msgtype' => 'event',
    'event' => 'LOCATION',
    'latitude' => '46.634487',
    'longitude' => '126.962189',
    'precision' => '220.000000',
    'from' => 'oF_mkjmuPZ0ND5y9oMZSpuQHn3jM',
    'to' => 'gh_74fc964c4914',
    'time' => '1552104528',
    'type' => 'trace',
    'location_x' => '46.634487',
    'location_y' => '126.962189',
  ),
  'module' => 'default',
  'rule' => '-1',
)

2019-03-09 12:08:47 response :
------------
Array:
errno : -1 ;
message : Invaild value ;

2019-03-09 12:48:34 trace :
------------
String:
<xml><ToUserName><![CDATA[gh_74fc964c4914]]></ToUserName>
<FromUserName><![CDATA[oF_mkjieunseFqyKP42WLAaLRR8c]]></FromUserName>
<CreateTime>1552106914</CreateTime>
<MsgType><![CDATA[event]]></MsgType>
<Event><![CDATA[SCAN]]></Event>
<EventKey><![CDATA[TZHB15367438675966542--10591]]></EventKey>
<Ticket><![CDATA[gQHi8TwAAAAAAAAAAS5odHRwOi8vd2VpeGluLnFxLmNvbS9xLzAyaHkyc05LblZhQWUxMDAwMDAwN04AAgS72ZhbAwQAAAAA]]></Ticket>
</xml>

2019-03-09 12:48:34 params :
------------
String:
array (
  'rule' => -2,
  'module' => '',
  'message' => 
  array (
    'tousername' => 'gh_74fc964c4914',
    'fromusername' => 'oF_mkjieunseFqyKP42WLAaLRR8c',
    'createtime' => '1552106914',
    'msgtype' => 'event',
    'event' => 'SCAN',
    'eventkey' => 'TZHB15367438675966542--10591',
    'ticket' => 'gQHi8TwAAAAAAAAAAS5odHRwOi8vd2VpeGluLnFxLmNvbS9xLzAyaHkyc05LblZhQWUxMDAwMDAwN04AAgS72ZhbAwQAAAAA',
    'from' => 'oF_mkjieunseFqyKP42WLAaLRR8c',
    'to' => 'gh_74fc964c4914',
    'time' => '1552106914',
    'type' => 'text',
    'scene' => 'TZHB15367438675966542--10591',
    'redirection' => true,
    'source' => 'qr',
  ),
)

2019-03-09 12:48:34 response :
------------

2019-03-09 13:06:36 trace :
------------
String:
<xml><ToUserName><![CDATA[gh_74fc964c4914]]></ToUserName>
<FromUserName><![CDATA[oF_mkjglOsRCOW9LAmWURaHHg92w]]></FromUserName>
<CreateTime>1552107997</CreateTime>
<MsgType><![CDATA[event]]></MsgType>
<Event><![CDATA[SCAN]]></Event>
<EventKey><![CDATA[TZHB15367436229473091--10059]]></EventKey>
<Ticket><![CDATA[gQGX8TwAAAAAAAAAAS5odHRwOi8vd2VpeGluLnFxLmNvbS9xLzAyOVN1U010blZhQWUxMDAwMHcwN1IAAgTG2JhbAwQAAAAA]]></Ticket>
</xml>

2019-03-09 13:06:36 params :
------------
String:
array (
  'rule' => -2,
  'module' => '',
  'message' => 
  array (
    'tousername' => 'gh_74fc964c4914',
    'fromusername' => 'oF_mkjglOsRCOW9LAmWURaHHg92w',
    'createtime' => '1552107997',
    'msgtype' => 'event',
    'event' => 'SCAN',
    'eventkey' => 'TZHB15367436229473091--10059',
    'ticket' => 'gQGX8TwAAAAAAAAAAS5odHRwOi8vd2VpeGluLnFxLmNvbS9xLzAyOVN1U010blZhQWUxMDAwMHcwN1IAAgTG2JhbAwQAAAAA',
    'from' => 'oF_mkjglOsRCOW9LAmWURaHHg92w',
    'to' => 'gh_74fc964c4914',
    'time' => '1552107997',
    'type' => 'text',
    'scene' => 'TZHB15367436229473091--10059',
    'redirection' => true,
    'source' => 'qr',
  ),
)

2019-03-09 13:06:36 response :
------------

2019-03-09 13:06:55 trace :
------------
String:
<xml><ToUserName><![CDATA[gh_74fc964c4914]]></ToUserName>
<FromUserName><![CDATA[oF_mkjglOsRCOW9LAmWURaHHg92w]]></FromUserName>
<CreateTime>1552108015</CreateTime>
<MsgType><![CDATA[event]]></MsgType>
<Event><![CDATA[SCAN]]></Event>
<EventKey><![CDATA[TZHB15367436229473091--10059]]></EventKey>
<Ticket><![CDATA[gQGX8TwAAAAAAAAAAS5odHRwOi8vd2VpeGluLnFxLmNvbS9xLzAyOVN1U010blZhQWUxMDAwMHcwN1IAAgTG2JhbAwQAAAAA]]></Ticket>
</xml>

2019-03-09 13:06:55 params :
------------
String:
array (
  'rule' => -2,
  'module' => '',
  'message' => 
  array (
    'tousername' => 'gh_74fc964c4914',
    'fromusername' => 'oF_mkjglOsRCOW9LAmWURaHHg92w',
    'createtime' => '1552108015',
    'msgtype' => 'event',
    'event' => 'SCAN',
    'eventkey' => 'TZHB15367436229473091--10059',
    'ticket' => 'gQGX8TwAAAAAAAAAAS5odHRwOi8vd2VpeGluLnFxLmNvbS9xLzAyOVN1U010blZhQWUxMDAwMHcwN1IAAgTG2JhbAwQAAAAA',
    'from' => 'oF_mkjglOsRCOW9LAmWURaHHg92w',
    'to' => 'gh_74fc964c4914',
    'time' => '1552108015',
    'type' => 'text',
    'scene' => 'TZHB15367436229473091--10059',
    'redirection' => true,
    'source' => 'qr',
  ),
)

2019-03-09 13:06:55 response :
------------

2019-03-09 13:24:48 trace :
------------
String:
<xml><ToUserName><![CDATA[gh_74fc964c4914]]></ToUserName>
<FromUserName><![CDATA[oF_mkjmuPZ0ND5y9oMZSpuQHn3jM]]></FromUserName>
<CreateTime>1552109090</CreateTime>
<MsgType><![CDATA[event]]></MsgType>
<Event><![CDATA[LOCATION]]></Event>
<Latitude>46.634487</Latitude>
<Longitude>126.962189</Longitude>
<Precision>220.000000</Precision>
</xml>

2019-03-09 13:24:49 params :
------------
String:
array (
  'message' => 
  array (
    'tousername' => 'gh_74fc964c4914',
    'fromusername' => 'oF_mkjmuPZ0ND5y9oMZSpuQHn3jM',
    'createtime' => '1552109090',
    'msgtype' => 'event',
    'event' => 'LOCATION',
    'latitude' => '46.634487',
    'longitude' => '126.962189',
    'precision' => '220.000000',
    'from' => 'oF_mkjmuPZ0ND5y9oMZSpuQHn3jM',
    'to' => 'gh_74fc964c4914',
    'time' => '1552109090',
    'type' => 'trace',
    'location_x' => '46.634487',
    'location_y' => '126.962189',
  ),
  'module' => 'default',
  'rule' => '-1',
)

2019-03-09 13:24:49 response :
------------
Array:
errno : -1 ;
message : Invaild value ;

2019-03-09 13:30:54 trace :
------------
String:
<xml><ToUserName><![CDATA[gh_74fc964c4914]]></ToUserName>
<FromUserName><![CDATA[oF_mkjifuQUGIZRV7MZWHJ-jud9E]]></FromUserName>
<CreateTime>1552109455</CreateTime>
<MsgType><![CDATA[event]]></MsgType>
<Event><![CDATA[LOCATION]]></Event>
<Latitude>0.000000</Latitude>
<Longitude>0.000000</Longitude>
<Precision>0.000000</Precision>
</xml>

2019-03-09 13:30:54 params :
------------
String:
array (
  'message' => 
  array (
    'tousername' => 'gh_74fc964c4914',
    'fromusername' => 'oF_mkjifuQUGIZRV7MZWHJ-jud9E',
    'createtime' => '1552109455',
    'msgtype' => 'event',
    'event' => 'LOCATION',
    'latitude' => '0.000000',
    'longitude' => '0.000000',
    'precision' => '0.000000',
    'from' => 'oF_mkjifuQUGIZRV7MZWHJ-jud9E',
    'to' => 'gh_74fc964c4914',
    'time' => '1552109455',
    'type' => 'trace',
    'location_x' => '0.000000',
    'location_y' => '0.000000',
  ),
  'module' => 'default',
  'rule' => '-1',
)

2019-03-09 13:30:54 response :
------------
Array:
errno : -1 ;
message : Invaild value ;

2019-03-09 13:31:09 trace :
------------
String:
<xml><ToUserName><![CDATA[gh_74fc964c4914]]></ToUserName>
<FromUserName><![CDATA[oF_mkjifuQUGIZRV7MZWHJ-jud9E]]></FromUserName>
<CreateTime>1552109470</CreateTime>
<MsgType><![CDATA[event]]></MsgType>
<Event><![CDATA[LOCATION]]></Event>
<Latitude>0.000000</Latitude>
<Longitude>0.000000</Longitude>
<Precision>0.000000</Precision>
</xml>

2019-03-09 13:31:09 params :
------------
String:
array (
  'message' => 
  array (
    'tousername' => 'gh_74fc964c4914',
    'fromusername' => 'oF_mkjifuQUGIZRV7MZWHJ-jud9E',
    'createtime' => '1552109470',
    'msgtype' => 'event',
    'event' => 'LOCATION',
    'latitude' => '0.000000',
    'longitude' => '0.000000',
    'precision' => '0.000000',
    'from' => 'oF_mkjifuQUGIZRV7MZWHJ-jud9E',
    'to' => 'gh_74fc964c4914',
    'time' => '1552109470',
    'type' => 'trace',
    'location_x' => '0.000000',
    'location_y' => '0.000000',
  ),
  'module' => 'default',
  'rule' => '-1',
)

2019-03-09 13:31:09 response :
------------
Array:
errno : -1 ;
message : Invaild value ;

2019-03-09 13:31:30 trace :
------------
String:
<xml><ToUserName><![CDATA[gh_74fc964c4914]]></ToUserName>
<FromUserName><![CDATA[oF_mkjifuQUGIZRV7MZWHJ-jud9E]]></FromUserName>
<CreateTime>1552109491</CreateTime>
<MsgType><![CDATA[event]]></MsgType>
<Event><![CDATA[LOCATION]]></Event>
<Latitude>0.000000</Latitude>
<Longitude>0.000000</Longitude>
<Precision>0.000000</Precision>
</xml>

2019-03-09 13:31:30 params :
------------
String:
array (
  'message' => 
  array (
    'tousername' => 'gh_74fc964c4914',
    'fromusername' => 'oF_mkjifuQUGIZRV7MZWHJ-jud9E',
    'createtime' => '1552109491',
    'msgtype' => 'event',
    'event' => 'LOCATION',
    'latitude' => '0.000000',
    'longitude' => '0.000000',
    'precision' => '0.000000',
    'from' => 'oF_mkjifuQUGIZRV7MZWHJ-jud9E',
    'to' => 'gh_74fc964c4914',
    'time' => '1552109491',
    'type' => 'trace',
    'location_x' => '0.000000',
    'location_y' => '0.000000',
  ),
  'module' => 'default',
  'rule' => '-1',
)

2019-03-09 13:31:30 response :
------------
Array:
errno : -1 ;
message : Invaild value ;

2019-03-09 13:56:24 trace :
------------
String:
<xml><ToUserName><![CDATA[gh_74fc964c4914]]></ToUserName>
<FromUserName><![CDATA[oF_mkjo-oseynTZG5OPDU7_v43Wc]]></FromUserName>
<CreateTime>1552110985</CreateTime>
<MsgType><![CDATA[event]]></MsgType>
<Event><![CDATA[subscribe]]></Event>
<EventKey><![CDATA[qrscene_TZHB15264364862201878--1364]]></EventKey>
<Ticket><![CDATA[gQFB8jwAAAAAAAAAAS5odHRwOi8vd2VpeGluLnFxLmNvbS9xLzAyUFZGQ05MblZhQWUxMDAwMDAwN18AAgSGkvtaAwQAAAAA]]></Ticket>
</xml>

2019-03-09 13:56:24 params :
------------
String:
array (
  'message' => 
  array (
    'tousername' => 'gh_74fc964c4914',
    'fromusername' => 'oF_mkjo-oseynTZG5OPDU7_v43Wc',
    'createtime' => '1552110985',
    'msgtype' => 'event',
    'event' => 'subscribe',
    'eventkey' => 'qrscene_TZHB15264364862201878--1364',
    'ticket' => 'gQFB8jwAAAAAAAAAAS5odHRwOi8vd2VpeGluLnFxLmNvbS9xLzAyUFZGQ05MblZhQWUxMDAwMDAwN18AAgSGkvtaAwQAAAAA',
    'from' => 'oF_mkjo-oseynTZG5OPDU7_v43Wc',
    'to' => 'gh_74fc964c4914',
    'time' => '1552110985',
    'type' => 'text',
    'scene' => 'TZHB15264364862201878--1364',
    'redirection' => true,
    'source' => 'subscribe',
    'content' => '首次关注',
  ),
  'module' => 'reply',
  'rule' => '9',
  'priority' => '0',
  'keyword' => 
  array (
    'id' => '116',
    'rid' => '9',
    'uniacid' => '2',
    'module' => 'reply',
    'content' => '首次关注',
    'type' => '1',
    'displayorder' => '0',
    'status' => '1',
    'reply_type' => 
    array (
      0 => 'basic',
    ),
  ),
  'reply_type' => 
  array (
    0 => 'basic',
  ),
)

2019-03-09 13:56:24 response :
------------
Array:
FromUserName : gh_74fc964c4914 ;
ToUserName : oF_mkjo-oseynTZG5OPDU7_v43Wc ;
MsgType : text ;
Content : 您好，感谢您关注奔瑞汽车用品！360°汽车服务解决方案提供商。业务领域涵盖高端美容、二手翻新及快速钣喷等，欢迎与我们联系。
您也可以回复以下数字，查看相关信息。
【1】品牌介绍
【2】核心项目
【3】合作支持
【4】产品中心
【5】联系方式
您可以留言或拨打客服热线 4006669243 更多资讯，您可以访问奔瑞官网 www.benrui.cn
意见，建议反馈信息请直接回复，谢谢。 ;

2019-03-09 13:56:44 trace :
------------
String:
<xml><ToUserName><![CDATA[gh_74fc964c4914]]></ToUserName>
<FromUserName><![CDATA[oF_mkjrSMiujPwiLikcjhPz1YcIU]]></FromUserName>
<CreateTime>1552111005</CreateTime>
<MsgType><![CDATA[event]]></MsgType>
<Event><![CDATA[SCAN]]></Event>
<EventKey><![CDATA[TZHB15264364862201878--1364]]></EventKey>
<Ticket><![CDATA[gQFB8jwAAAAAAAAAAS5odHRwOi8vd2VpeGluLnFxLmNvbS9xLzAyUFZGQ05MblZhQWUxMDAwMDAwN18AAgSGkvtaAwQAAAAA]]></Ticket>
</xml>

2019-03-09 13:56:44 params :
------------
String:
array (
  'rule' => -2,
  'module' => '',
  'message' => 
  array (
    'tousername' => 'gh_74fc964c4914',
    'fromusername' => 'oF_mkjrSMiujPwiLikcjhPz1YcIU',
    'createtime' => '1552111005',
    'msgtype' => 'event',
    'event' => 'SCAN',
    'eventkey' => 'TZHB15264364862201878--1364',
    'ticket' => 'gQFB8jwAAAAAAAAAAS5odHRwOi8vd2VpeGluLnFxLmNvbS9xLzAyUFZGQ05MblZhQWUxMDAwMDAwN18AAgSGkvtaAwQAAAAA',
    'from' => 'oF_mkjrSMiujPwiLikcjhPz1YcIU',
    'to' => 'gh_74fc964c4914',
    'time' => '1552111005',
    'type' => 'text',
    'scene' => 'TZHB15264364862201878--1364',
    'redirection' => true,
    'source' => 'qr',
  ),
)

2019-03-09 13:56:44 response :
------------

2019-03-09 13:56:50 trace :
------------
String:
<xml><ToUserName><![CDATA[gh_74fc964c4914]]></ToUserName>
<FromUserName><![CDATA[oF_mkjo-oseynTZG5OPDU7_v43Wc]]></FromUserName>
<CreateTime>1552111011</CreateTime>
<MsgType><![CDATA[event]]></MsgType>
<Event><![CDATA[CLICK]]></Event>
<EventKey><![CDATA[最新优惠]]></EventKey>
</xml>

2019-03-09 13:56:50 params :
------------
String:
array (
  'message' => 
  array (
    'tousername' => 'gh_74fc964c4914',
    'fromusername' => 'oF_mkjo-oseynTZG5OPDU7_v43Wc',
    'createtime' => '1552111011',
    'msgtype' => 'event',
    'event' => 'CLICK',
    'eventkey' => '最新优惠',
    'from' => 'oF_mkjo-oseynTZG5OPDU7_v43Wc',
    'to' => 'gh_74fc964c4914',
    'time' => '1552111011',
    'type' => 'text',
    'content' => '最新优惠',
    'redirection' => true,
    'source' => 'click',
  ),
  'module' => 'reply',
  'rule' => '53',
  'priority' => '0',
  'keyword' => 
  array (
    'id' => '115',
    'rid' => '53',
    'uniacid' => '2',
    'module' => 'reply',
    'content' => '最新优惠',
    'type' => '1',
    'displayorder' => '0',
    'status' => '1',
    'reply_type' => 
    array (
      0 => 'basic',
    ),
  ),
  'reply_type' => 
  array (
    0 => 'basic',
  ),
)

2019-03-09 13:56:50 response :
------------
Array:
FromUserName : gh_74fc964c4914 ;
ToUserName : oF_mkjo-oseynTZG5OPDU7_v43Wc ;
MsgType : text ;
Content : 优质服务季，一大波促销活动即将激情开启，敬请期待。 ;

2019-03-09 13:56:59 trace :
------------
String:
<xml><ToUserName><![CDATA[gh_74fc964c4914]]></ToUserName>
<FromUserName><![CDATA[oF_mkjrSMiujPwiLikcjhPz1YcIU]]></FromUserName>
<CreateTime>1552111020</CreateTime>
<MsgType><![CDATA[text]]></MsgType>
<Content><![CDATA[红包]]></Content>
<MsgId>22220888187854484</MsgId>
</xml>

2019-03-09 13:56:59 params :
------------
String:
array (
  'rule' => -2,
  'module' => '',
  'message' => 
  array (
    'tousername' => 'gh_74fc964c4914',
    'fromusername' => 'oF_mkjrSMiujPwiLikcjhPz1YcIU',
    'createtime' => '1552111020',
    'msgtype' => 'text',
    'content' => '红包',
    'msgid' => '22220888187854484',
    'from' => 'oF_mkjrSMiujPwiLikcjhPz1YcIU',
    'to' => 'gh_74fc964c4914',
    'time' => '1552111020',
    'type' => 'text',
    'event' => NULL,
    'redirection' => false,
    'source' => NULL,
  ),
)

2019-03-09 13:56:59 response :
------------

2019-03-09 13:57:10 trace :
------------
String:
<xml><ToUserName><![CDATA[gh_74fc964c4914]]></ToUserName>
<FromUserName><![CDATA[oF_mkjrSMiujPwiLikcjhPz1YcIU]]></FromUserName>
<CreateTime>1552111031</CreateTime>
<MsgType><![CDATA[event]]></MsgType>
<Event><![CDATA[SCAN]]></Event>
<EventKey><![CDATA[TZHB15264364862201878--1364]]></EventKey>
<Ticket><![CDATA[gQFB8jwAAAAAAAAAAS5odHRwOi8vd2VpeGluLnFxLmNvbS9xLzAyUFZGQ05MblZhQWUxMDAwMDAwN18AAgSGkvtaAwQAAAAA]]></Ticket>
</xml>

2019-03-09 13:57:10 params :
------------
String:
array (
  'rule' => -2,
  'module' => '',
  'message' => 
  array (
    'tousername' => 'gh_74fc964c4914',
    'fromusername' => 'oF_mkjrSMiujPwiLikcjhPz1YcIU',
    'createtime' => '1552111031',
    'msgtype' => 'event',
    'event' => 'SCAN',
    'eventkey' => 'TZHB15264364862201878--1364',
    'ticket' => 'gQFB8jwAAAAAAAAAAS5odHRwOi8vd2VpeGluLnFxLmNvbS9xLzAyUFZGQ05MblZhQWUxMDAwMDAwN18AAgSGkvtaAwQAAAAA',
    'from' => 'oF_mkjrSMiujPwiLikcjhPz1YcIU',
    'to' => 'gh_74fc964c4914',
    'time' => '1552111031',
    'type' => 'text',
    'scene' => 'TZHB15264364862201878--1364',
    'redirection' => true,
    'source' => 'qr',
  ),
)

2019-03-09 13:57:10 response :
------------

2019-03-09 13:59:30 trace :
------------
String:
<xml><ToUserName><![CDATA[gh_74fc964c4914]]></ToUserName>
<FromUserName><![CDATA[oF_mkjrb9PAFqPCmeUuFmsBiyZao]]></FromUserName>
<CreateTime>1552111170</CreateTime>
<MsgType><![CDATA[event]]></MsgType>
<Event><![CDATA[SCAN]]></Event>
<EventKey><![CDATA[TZHB15367433287467824--9955]]></EventKey>
<Ticket><![CDATA[gQEF8jwAAAAAAAAAAS5odHRwOi8vd2VpeGluLnFxLmNvbS9xLzAyTk9EX05xblZhQWUxMDAwME0wN0sAAgSg15hbAwQAAAAA]]></Ticket>
</xml>

2019-03-09 13:59:30 params :
------------
String:
array (
  'rule' => -2,
  'module' => '',
  'message' => 
  array (
    'tousername' => 'gh_74fc964c4914',
    'fromusername' => 'oF_mkjrb9PAFqPCmeUuFmsBiyZao',
    'createtime' => '1552111170',
    'msgtype' => 'event',
    'event' => 'SCAN',
    'eventkey' => 'TZHB15367433287467824--9955',
    'ticket' => 'gQEF8jwAAAAAAAAAAS5odHRwOi8vd2VpeGluLnFxLmNvbS9xLzAyTk9EX05xblZhQWUxMDAwME0wN0sAAgSg15hbAwQAAAAA',
    'from' => 'oF_mkjrb9PAFqPCmeUuFmsBiyZao',
    'to' => 'gh_74fc964c4914',
    'time' => '1552111170',
    'type' => 'text',
    'scene' => 'TZHB15367433287467824--9955',
    'redirection' => true,
    'source' => 'qr',
  ),
)

2019-03-09 13:59:30 response :
------------

2019-03-09 13:59:30 trace :
------------
String:
<xml><ToUserName><![CDATA[gh_74fc964c4914]]></ToUserName>
<FromUserName><![CDATA[oF_mkjrb9PAFqPCmeUuFmsBiyZao]]></FromUserName>
<CreateTime>1552111171</CreateTime>
<MsgType><![CDATA[event]]></MsgType>
<Event><![CDATA[LOCATION]]></Event>
<Latitude>22.566761</Latitude>
<Longitude>113.848297</Longitude>
<Precision>30.000000</Precision>
</xml>

2019-03-09 13:59:30 params :
------------
String:
array (
  'message' => 
  array (
    'tousername' => 'gh_74fc964c4914',
    'fromusername' => 'oF_mkjrb9PAFqPCmeUuFmsBiyZao',
    'createtime' => '1552111171',
    'msgtype' => 'event',
    'event' => 'LOCATION',
    'latitude' => '22.566761',
    'longitude' => '113.848297',
    'precision' => '30.000000',
    'from' => 'oF_mkjrb9PAFqPCmeUuFmsBiyZao',
    'to' => 'gh_74fc964c4914',
    'time' => '1552111171',
    'type' => 'trace',
    'location_x' => '22.566761',
    'location_y' => '113.848297',
  ),
  'module' => 'default',
  'rule' => '-1',
)

2019-03-09 13:59:30 response :
------------
Array:
errno : -1 ;
message : Invaild value ;

2019-03-09 13:59:43 trace :
------------
String:
<xml><ToUserName><![CDATA[gh_74fc964c4914]]></ToUserName>
<FromUserName><![CDATA[oF_mkjrb9PAFqPCmeUuFmsBiyZao]]></FromUserName>
<CreateTime>1552111184</CreateTime>
<MsgType><![CDATA[event]]></MsgType>
<Event><![CDATA[LOCATION]]></Event>
<Latitude>22.566761</Latitude>
<Longitude>113.848297</Longitude>
<Precision>30.000000</Precision>
</xml>

2019-03-09 13:59:43 params :
------------
String:
array (
  'message' => 
  array (
    'tousername' => 'gh_74fc964c4914',
    'fromusername' => 'oF_mkjrb9PAFqPCmeUuFmsBiyZao',
    'createtime' => '1552111184',
    'msgtype' => 'event',
    'event' => 'LOCATION',
    'latitude' => '22.566761',
    'longitude' => '113.848297',
    'precision' => '30.000000',
    'from' => 'oF_mkjrb9PAFqPCmeUuFmsBiyZao',
    'to' => 'gh_74fc964c4914',
    'time' => '1552111184',
    'type' => 'trace',
    'location_x' => '22.566761',
    'location_y' => '113.848297',
  ),
  'module' => 'default',
  'rule' => '-1',
)

2019-03-09 13:59:43 response :
------------
Array:
errno : -1 ;
message : Invaild value ;

2019-03-09 14:41:14 trace :
------------
String:
<xml><ToUserName><![CDATA[gh_74fc964c4914]]></ToUserName>
<FromUserName><![CDATA[oF_mkjnXrfsTxss8rUtYEZRD911g]]></FromUserName>
<CreateTime>1552113675</CreateTime>
<MsgType><![CDATA[event]]></MsgType>
<Event><![CDATA[SCAN]]></Event>
<EventKey><![CDATA[TZHB15367432687037829--9683]]></EventKey>
<Ticket><![CDATA[gQEq8TwAAAAAAAAAAS5odHRwOi8vd2VpeGluLnFxLmNvbS9xLzAyc0tTRU1ablZhQWUxMDAwME0wN2QAAgRk15hbAwQAAAAA]]></Ticket>
</xml>

2019-03-09 14:41:14 params :
------------
String:
array (
  'rule' => -2,
  'module' => '',
  'message' => 
  array (
    'tousername' => 'gh_74fc964c4914',
    'fromusername' => 'oF_mkjnXrfsTxss8rUtYEZRD911g',
    'createtime' => '1552113675',
    'msgtype' => 'event',
    'event' => 'SCAN',
    'eventkey' => 'TZHB15367432687037829--9683',
    'ticket' => 'gQEq8TwAAAAAAAAAAS5odHRwOi8vd2VpeGluLnFxLmNvbS9xLzAyc0tTRU1ablZhQWUxMDAwME0wN2QAAgRk15hbAwQAAAAA',
    'from' => 'oF_mkjnXrfsTxss8rUtYEZRD911g',
    'to' => 'gh_74fc964c4914',
    'time' => '1552113675',
    'type' => 'text',
    'scene' => 'TZHB15367432687037829--9683',
    'redirection' => true,
    'source' => 'qr',
  ),
)

2019-03-09 14:41:14 response :
------------

2019-03-09 14:41:49 trace :
------------
String:
<xml><ToUserName><![CDATA[gh_74fc964c4914]]></ToUserName>
<FromUserName><![CDATA[oF_mkjlRCYEgH-QynBerqL7dZAUM]]></FromUserName>
<CreateTime>1552113710</CreateTime>
<MsgType><![CDATA[event]]></MsgType>
<Event><![CDATA[subscribe]]></Event>
<EventKey><![CDATA[qrscene_TZHB15301484501517182--4546]]></EventKey>
<Ticket><![CDATA[gQHy7zwAAAAAAAAAAS5odHRwOi8vd2VpeGluLnFxLmNvbS9xLzAyOGlzek13blZhQWUxMDAwMDAwN2sAAgRiNjRbAwQAAAAA]]></Ticket>
</xml>

2019-03-09 14:41:49 params :
------------
String:
array (
  'message' => 
  array (
    'tousername' => 'gh_74fc964c4914',
    'fromusername' => 'oF_mkjlRCYEgH-QynBerqL7dZAUM',
    'createtime' => '1552113710',
    'msgtype' => 'event',
    'event' => 'subscribe',
    'eventkey' => 'qrscene_TZHB15301484501517182--4546',
    'ticket' => 'gQHy7zwAAAAAAAAAAS5odHRwOi8vd2VpeGluLnFxLmNvbS9xLzAyOGlzek13blZhQWUxMDAwMDAwN2sAAgRiNjRbAwQAAAAA',
    'from' => 'oF_mkjlRCYEgH-QynBerqL7dZAUM',
    'to' => 'gh_74fc964c4914',
    'time' => '1552113710',
    'type' => 'text',
    'scene' => 'TZHB15301484501517182--4546',
    'redirection' => true,
    'source' => 'subscribe',
    'content' => '首次关注',
  ),
  'module' => 'reply',
  'rule' => '9',
  'priority' => '0',
  'keyword' => 
  array (
    'id' => '116',
    'rid' => '9',
    'uniacid' => '2',
    'module' => 'reply',
    'content' => '首次关注',
    'type' => '1',
    'displayorder' => '0',
    'status' => '1',
    'reply_type' => 
    array (
      0 => 'basic',
    ),
  ),
  'reply_type' => 
  array (
    0 => 'basic',
  ),
)

2019-03-09 14:41:49 response :
------------
Array:
FromUserName : gh_74fc964c4914 ;
ToUserName : oF_mkjlRCYEgH-QynBerqL7dZAUM ;
MsgType : text ;
Content : 您好，感谢您关注奔瑞汽车用品！360°汽车服务解决方案提供商。业务领域涵盖高端美容、二手翻新及快速钣喷等，欢迎与我们联系。
您也可以回复以下数字，查看相关信息。
【1】品牌介绍
【2】核心项目
【3】合作支持
【4】产品中心
【5】联系方式
您可以留言或拨打客服热线 4006669243 更多资讯，您可以访问奔瑞官网 www.benrui.cn
意见，建议反馈信息请直接回复，谢谢。 ;

2019-03-09 14:42:09 trace :
------------
String:
<xml><ToUserName><![CDATA[gh_74fc964c4914]]></ToUserName>
<FromUserName><![CDATA[oF_mkjlRCYEgH-QynBerqL7dZAUM]]></FromUserName>
<CreateTime>1552113729</CreateTime>
<MsgType><![CDATA[event]]></MsgType>
<Event><![CDATA[SCAN]]></Event>
<EventKey><![CDATA[TZHB15301484501517182--4546]]></EventKey>
<Ticket><![CDATA[gQHy7zwAAAAAAAAAAS5odHRwOi8vd2VpeGluLnFxLmNvbS9xLzAyOGlzek13blZhQWUxMDAwMDAwN2sAAgRiNjRbAwQAAAAA]]></Ticket>
</xml>

2019-03-09 14:42:09 params :
------------
String:
array (
  'rule' => -2,
  'module' => '',
  'message' => 
  array (
    'tousername' => 'gh_74fc964c4914',
    'fromusername' => 'oF_mkjlRCYEgH-QynBerqL7dZAUM',
    'createtime' => '1552113729',
    'msgtype' => 'event',
    'event' => 'SCAN',
    'eventkey' => 'TZHB15301484501517182--4546',
    'ticket' => 'gQHy7zwAAAAAAAAAAS5odHRwOi8vd2VpeGluLnFxLmNvbS9xLzAyOGlzek13blZhQWUxMDAwMDAwN2sAAgRiNjRbAwQAAAAA',
    'from' => 'oF_mkjlRCYEgH-QynBerqL7dZAUM',
    'to' => 'gh_74fc964c4914',
    'time' => '1552113729',
    'type' => 'text',
    'scene' => 'TZHB15301484501517182--4546',
    'redirection' => true,
    'source' => 'qr',
  ),
)

2019-03-09 14:42:09 response :
------------

2019-03-09 14:43:13 trace :
------------
String:
<xml><ToUserName><![CDATA[gh_74fc964c4914]]></ToUserName>
<FromUserName><![CDATA[oF_mkjnXrfsTxss8rUtYEZRD911g]]></FromUserName>
<CreateTime>1552113794</CreateTime>
<MsgType><![CDATA[event]]></MsgType>
<Event><![CDATA[SCAN]]></Event>
<EventKey><![CDATA[TZHB15367432687037829--9683]]></EventKey>
<Ticket><![CDATA[gQEq8TwAAAAAAAAAAS5odHRwOi8vd2VpeGluLnFxLmNvbS9xLzAyc0tTRU1ablZhQWUxMDAwME0wN2QAAgRk15hbAwQAAAAA]]></Ticket>
</xml>

2019-03-09 14:43:13 params :
------------
String:
array (
  'rule' => -2,
  'module' => '',
  'message' => 
  array (
    'tousername' => 'gh_74fc964c4914',
    'fromusername' => 'oF_mkjnXrfsTxss8rUtYEZRD911g',
    'createtime' => '1552113794',
    'msgtype' => 'event',
    'event' => 'SCAN',
    'eventkey' => 'TZHB15367432687037829--9683',
    'ticket' => 'gQEq8TwAAAAAAAAAAS5odHRwOi8vd2VpeGluLnFxLmNvbS9xLzAyc0tTRU1ablZhQWUxMDAwME0wN2QAAgRk15hbAwQAAAAA',
    'from' => 'oF_mkjnXrfsTxss8rUtYEZRD911g',
    'to' => 'gh_74fc964c4914',
    'time' => '1552113794',
    'type' => 'text',
    'scene' => 'TZHB15367432687037829--9683',
    'redirection' => true,
    'source' => 'qr',
  ),
)

2019-03-09 14:43:13 response :
------------

2019-03-09 14:43:19 trace :
------------
String:
<xml><ToUserName><![CDATA[gh_74fc964c4914]]></ToUserName>
<FromUserName><![CDATA[oF_mkjnXrfsTxss8rUtYEZRD911g]]></FromUserName>
<CreateTime>1552113800</CreateTime>
<MsgType><![CDATA[event]]></MsgType>
<Event><![CDATA[LOCATION]]></Event>
<Latitude>30.217968</Latitude>
<Longitude>120.266815</Longitude>
<Precision>30.000000</Precision>
</xml>

2019-03-09 14:43:19 params :
------------
String:
array (
  'message' => 
  array (
    'tousername' => 'gh_74fc964c4914',
    'fromusername' => 'oF_mkjnXrfsTxss8rUtYEZRD911g',
    'createtime' => '1552113800',
    'msgtype' => 'event',
    'event' => 'LOCATION',
    'latitude' => '30.217968',
    'longitude' => '120.266815',
    'precision' => '30.000000',
    'from' => 'oF_mkjnXrfsTxss8rUtYEZRD911g',
    'to' => 'gh_74fc964c4914',
    'time' => '1552113800',
    'type' => 'trace',
    'location_x' => '30.217968',
    'location_y' => '120.266815',
  ),
  'module' => 'default',
  'rule' => '-1',
)

2019-03-09 14:43:19 response :
------------
Array:
errno : -1 ;
message : Invaild value ;

2019-03-09 14:44:21 trace :
------------
String:
<xml><ToUserName><![CDATA[gh_74fc964c4914]]></ToUserName>
<FromUserName><![CDATA[oF_mkjnXrfsTxss8rUtYEZRD911g]]></FromUserName>
<CreateTime>1552113862</CreateTime>
<MsgType><![CDATA[event]]></MsgType>
<Event><![CDATA[LOCATION]]></Event>
<Latitude>30.217968</Latitude>
<Longitude>120.266815</Longitude>
<Precision>30.000000</Precision>
</xml>

2019-03-09 14:44:21 params :
------------
String:
array (
  'message' => 
  array (
    'tousername' => 'gh_74fc964c4914',
    'fromusername' => 'oF_mkjnXrfsTxss8rUtYEZRD911g',
    'createtime' => '1552113862',
    'msgtype' => 'event',
    'event' => 'LOCATION',
    'latitude' => '30.217968',
    'longitude' => '120.266815',
    'precision' => '30.000000',
    'from' => 'oF_mkjnXrfsTxss8rUtYEZRD911g',
    'to' => 'gh_74fc964c4914',
    'time' => '1552113862',
    'type' => 'trace',
    'location_x' => '30.217968',
    'location_y' => '120.266815',
  ),
  'module' => 'default',
  'rule' => '-1',
)

2019-03-09 14:44:21 response :
------------
Array:
errno : -1 ;
message : Invaild value ;

2019-03-09 14:44:22 trace :
------------
String:
<xml><ToUserName><![CDATA[gh_74fc964c4914]]></ToUserName>
<FromUserName><![CDATA[oF_mkjnXrfsTxss8rUtYEZRD911g]]></FromUserName>
<CreateTime>1552113862</CreateTime>
<MsgType><![CDATA[event]]></MsgType>
<Event><![CDATA[SCAN]]></Event>
<EventKey><![CDATA[TZHB15367432687037829--9683]]></EventKey>
<Ticket><![CDATA[gQEq8TwAAAAAAAAAAS5odHRwOi8vd2VpeGluLnFxLmNvbS9xLzAyc0tTRU1ablZhQWUxMDAwME0wN2QAAgRk15hbAwQAAAAA]]></Ticket>
</xml>

2019-03-09 14:44:22 params :
------------
String:
array (
  'rule' => -2,
  'module' => '',
  'message' => 
  array (
    'tousername' => 'gh_74fc964c4914',
    'fromusername' => 'oF_mkjnXrfsTxss8rUtYEZRD911g',
    'createtime' => '1552113862',
    'msgtype' => 'event',
    'event' => 'SCAN',
    'eventkey' => 'TZHB15367432687037829--9683',
    'ticket' => 'gQEq8TwAAAAAAAAAAS5odHRwOi8vd2VpeGluLnFxLmNvbS9xLzAyc0tTRU1ablZhQWUxMDAwME0wN2QAAgRk15hbAwQAAAAA',
    'from' => 'oF_mkjnXrfsTxss8rUtYEZRD911g',
    'to' => 'gh_74fc964c4914',
    'time' => '1552113862',
    'type' => 'text',
    'scene' => 'TZHB15367432687037829--9683',
    'redirection' => true,
    'source' => 'qr',
  ),
)

2019-03-09 14:44:22 response :
------------

2019-03-09 14:44:38 trace :
------------
String:
<xml><ToUserName><![CDATA[gh_74fc964c4914]]></ToUserName>
<FromUserName><![CDATA[oF_mkjnXrfsTxss8rUtYEZRD911g]]></FromUserName>
<CreateTime>1552113879</CreateTime>
<MsgType><![CDATA[event]]></MsgType>
<Event><![CDATA[LOCATION]]></Event>
<Latitude>30.217968</Latitude>
<Longitude>120.266815</Longitude>
<Precision>30.000000</Precision>
</xml>

2019-03-09 14:44:38 params :
------------
String:
array (
  'message' => 
  array (
    'tousername' => 'gh_74fc964c4914',
    'fromusername' => 'oF_mkjnXrfsTxss8rUtYEZRD911g',
    'createtime' => '1552113879',
    'msgtype' => 'event',
    'event' => 'LOCATION',
    'latitude' => '30.217968',
    'longitude' => '120.266815',
    'precision' => '30.000000',
    'from' => 'oF_mkjnXrfsTxss8rUtYEZRD911g',
    'to' => 'gh_74fc964c4914',
    'time' => '1552113879',
    'type' => 'trace',
    'location_x' => '30.217968',
    'location_y' => '120.266815',
  ),
  'module' => 'default',
  'rule' => '-1',
)

2019-03-09 14:44:38 response :
------------
Array:
errno : -1 ;
message : Invaild value ;

2019-03-09 15:04:21 trace :
------------
String:
<xml><ToUserName><![CDATA[gh_74fc964c4914]]></ToUserName>
<FromUserName><![CDATA[oF_mkjhhyzyzpTH2ixplw2yEdbQs]]></FromUserName>
<CreateTime>1552115062</CreateTime>
<MsgType><![CDATA[event]]></MsgType>
<Event><![CDATA[subscribe]]></Event>
<EventKey><![CDATA[qrscene_TZHB15286801366922280--2195]]></EventKey>
<Ticket><![CDATA[gQHo8DwAAAAAAAAAAS5odHRwOi8vd2VpeGluLnFxLmNvbS9xLzAyNGtncE12blZhQWUxMDAwMGcwN3AAAgTIzh1bAwQAAAAA]]></Ticket>
</xml>

2019-03-09 15:04:21 params :
------------
String:
array (
  'message' => 
  array (
    'tousername' => 'gh_74fc964c4914',
    'fromusername' => 'oF_mkjhhyzyzpTH2ixplw2yEdbQs',
    'createtime' => '1552115062',
    'msgtype' => 'event',
    'event' => 'subscribe',
    'eventkey' => 'qrscene_TZHB15286801366922280--2195',
    'ticket' => 'gQHo8DwAAAAAAAAAAS5odHRwOi8vd2VpeGluLnFxLmNvbS9xLzAyNGtncE12blZhQWUxMDAwMGcwN3AAAgTIzh1bAwQAAAAA',
    'from' => 'oF_mkjhhyzyzpTH2ixplw2yEdbQs',
    'to' => 'gh_74fc964c4914',
    'time' => '1552115062',
    'type' => 'text',
    'scene' => 'TZHB15286801366922280--2195',
    'redirection' => true,
    'source' => 'subscribe',
    'content' => '首次关注',
  ),
  'module' => 'reply',
  'rule' => '9',
  'priority' => '0',
  'keyword' => 
  array (
    'id' => '116',
    'rid' => '9',
    'uniacid' => '2',
    'module' => 'reply',
    'content' => '首次关注',
    'type' => '1',
    'displayorder' => '0',
    'status' => '1',
    'reply_type' => 
    array (
      0 => 'basic',
    ),
  ),
  'reply_type' => 
  array (
    0 => 'basic',
  ),
)

2019-03-09 15:04:21 response :
------------
Array:
FromUserName : gh_74fc964c4914 ;
ToUserName : oF_mkjhhyzyzpTH2ixplw2yEdbQs ;
MsgType : text ;
Content : 您好，感谢您关注奔瑞汽车用品！360°汽车服务解决方案提供商。业务领域涵盖高端美容、二手翻新及快速钣喷等，欢迎与我们联系。
您也可以回复以下数字，查看相关信息。
【1】品牌介绍
【2】核心项目
【3】合作支持
【4】产品中心
【5】联系方式
您可以留言或拨打客服热线 4006669243 更多资讯，您可以访问奔瑞官网 www.benrui.cn
意见，建议反馈信息请直接回复，谢谢。 ;

2019-03-09 15:42:57 trace :
------------
String:
<xml><ToUserName><![CDATA[gh_74fc964c4914]]></ToUserName>
<FromUserName><![CDATA[oF_mkjhKdDMlY-XTwrgEF_DrcVtc]]></FromUserName>
<CreateTime>1552117378</CreateTime>
<MsgType><![CDATA[event]]></MsgType>
<Event><![CDATA[SCAN]]></Event>
<EventKey><![CDATA[TZHB15447490897277510--12832]]></EventKey>
<Ticket><![CDATA[gQEv8TwAAAAAAAAAAS5odHRwOi8vd2VpeGluLnFxLmNvbS9xLzAyNExDN05fblZhQWUxMDAwMDAwN3AAAgQhABNcAwQAAAAA]]></Ticket>
</xml>

2019-03-09 15:42:58 params :
------------
String:
array (
  'rule' => -2,
  'module' => '',
  'message' => 
  array (
    'tousername' => 'gh_74fc964c4914',
    'fromusername' => 'oF_mkjhKdDMlY-XTwrgEF_DrcVtc',
    'createtime' => '1552117378',
    'msgtype' => 'event',
    'event' => 'SCAN',
    'eventkey' => 'TZHB15447490897277510--12832',
    'ticket' => 'gQEv8TwAAAAAAAAAAS5odHRwOi8vd2VpeGluLnFxLmNvbS9xLzAyNExDN05fblZhQWUxMDAwMDAwN3AAAgQhABNcAwQAAAAA',
    'from' => 'oF_mkjhKdDMlY-XTwrgEF_DrcVtc',
    'to' => 'gh_74fc964c4914',
    'time' => '1552117378',
    'type' => 'text',
    'scene' => 'TZHB15447490897277510--12832',
    'redirection' => true,
    'source' => 'qr',
  ),
)

2019-03-09 15:42:58 response :
------------

2019-03-09 15:43:02 trace :
------------
String:
<xml><ToUserName><![CDATA[gh_74fc964c4914]]></ToUserName>
<FromUserName><![CDATA[oF_mkjhKdDMlY-XTwrgEF_DrcVtc]]></FromUserName>
<CreateTime>1552117383</CreateTime>
<MsgType><![CDATA[event]]></MsgType>
<Event><![CDATA[LOCATION]]></Event>
<Latitude>36.693375</Latitude>
<Longitude>117.117043</Longitude>
<Precision>65.000000</Precision>
</xml>

2019-03-09 15:43:02 params :
------------
String:
array (
  'message' => 
  array (
    'tousername' => 'gh_74fc964c4914',
    'fromusername' => 'oF_mkjhKdDMlY-XTwrgEF_DrcVtc',
    'createtime' => '1552117383',
    'msgtype' => 'event',
    'event' => 'LOCATION',
    'latitude' => '36.693375',
    'longitude' => '117.117043',
    'precision' => '65.000000',
    'from' => 'oF_mkjhKdDMlY-XTwrgEF_DrcVtc',
    'to' => 'gh_74fc964c4914',
    'time' => '1552117383',
    'type' => 'trace',
    'location_x' => '36.693375',
    'location_y' => '117.117043',
  ),
  'module' => 'default',
  'rule' => '-1',
)

2019-03-09 15:43:02 response :
------------
Array:
errno : -1 ;
message : Invaild value ;

2019-03-09 15:43:20 trace :
------------
String:
<xml><ToUserName><![CDATA[gh_74fc964c4914]]></ToUserName>
<FromUserName><![CDATA[oF_mkjhKdDMlY-XTwrgEF_DrcVtc]]></FromUserName>
<CreateTime>1552117401</CreateTime>
<MsgType><![CDATA[event]]></MsgType>
<Event><![CDATA[SCAN]]></Event>
<EventKey><![CDATA[TZHB15447490897277510--12832]]></EventKey>
<Ticket><![CDATA[gQEv8TwAAAAAAAAAAS5odHRwOi8vd2VpeGluLnFxLmNvbS9xLzAyNExDN05fblZhQWUxMDAwMDAwN3AAAgQhABNcAwQAAAAA]]></Ticket>
</xml>

2019-03-09 15:43:20 params :
------------
String:
array (
  'rule' => -2,
  'module' => '',
  'message' => 
  array (
    'tousername' => 'gh_74fc964c4914',
    'fromusername' => 'oF_mkjhKdDMlY-XTwrgEF_DrcVtc',
    'createtime' => '1552117401',
    'msgtype' => 'event',
    'event' => 'SCAN',
    'eventkey' => 'TZHB15447490897277510--12832',
    'ticket' => 'gQEv8TwAAAAAAAAAAS5odHRwOi8vd2VpeGluLnFxLmNvbS9xLzAyNExDN05fblZhQWUxMDAwMDAwN3AAAgQhABNcAwQAAAAA',
    'from' => 'oF_mkjhKdDMlY-XTwrgEF_DrcVtc',
    'to' => 'gh_74fc964c4914',
    'time' => '1552117401',
    'type' => 'text',
    'scene' => 'TZHB15447490897277510--12832',
    'redirection' => true,
    'source' => 'qr',
  ),
)

2019-03-09 15:43:20 response :
------------

2019-03-09 15:43:21 trace :
------------
String:
<xml><ToUserName><![CDATA[gh_74fc964c4914]]></ToUserName>
<FromUserName><![CDATA[oF_mkjhKdDMlY-XTwrgEF_DrcVtc]]></FromUserName>
<CreateTime>1552117402</CreateTime>
<MsgType><![CDATA[event]]></MsgType>
<Event><![CDATA[LOCATION]]></Event>
<Latitude>36.693279</Latitude>
<Longitude>117.116913</Longitude>
<Precision>65.000000</Precision>
</xml>

2019-03-09 15:43:21 params :
------------
String:
array (
  'message' => 
  array (
    'tousername' => 'gh_74fc964c4914',
    'fromusername' => 'oF_mkjhKdDMlY-XTwrgEF_DrcVtc',
    'createtime' => '1552117402',
    'msgtype' => 'event',
    'event' => 'LOCATION',
    'latitude' => '36.693279',
    'longitude' => '117.116913',
    'precision' => '65.000000',
    'from' => 'oF_mkjhKdDMlY-XTwrgEF_DrcVtc',
    'to' => 'gh_74fc964c4914',
    'time' => '1552117402',
    'type' => 'trace',
    'location_x' => '36.693279',
    'location_y' => '117.116913',
  ),
  'module' => 'default',
  'rule' => '-1',
)

2019-03-09 15:43:21 response :
------------
Array:
errno : -1 ;
message : Invaild value ;

2019-03-09 15:43:28 trace :
------------
String:
<xml><ToUserName><![CDATA[gh_74fc964c4914]]></ToUserName>
<FromUserName><![CDATA[oF_mkjhKdDMlY-XTwrgEF_DrcVtc]]></FromUserName>
<CreateTime>1552117409</CreateTime>
<MsgType><![CDATA[event]]></MsgType>
<Event><![CDATA[LOCATION]]></Event>
<Latitude>36.693279</Latitude>
<Longitude>117.116913</Longitude>
<Precision>65.000000</Precision>
</xml>

2019-03-09 15:43:28 params :
------------
String:
array (
  'message' => 
  array (
    'tousername' => 'gh_74fc964c4914',
    'fromusername' => 'oF_mkjhKdDMlY-XTwrgEF_DrcVtc',
    'createtime' => '1552117409',
    'msgtype' => 'event',
    'event' => 'LOCATION',
    'latitude' => '36.693279',
    'longitude' => '117.116913',
    'precision' => '65.000000',
    'from' => 'oF_mkjhKdDMlY-XTwrgEF_DrcVtc',
    'to' => 'gh_74fc964c4914',
    'time' => '1552117409',
    'type' => 'trace',
    'location_x' => '36.693279',
    'location_y' => '117.116913',
  ),
  'module' => 'default',
  'rule' => '-1',
)

2019-03-09 15:43:28 response :
------------
Array:
errno : -1 ;
message : Invaild value ;

2019-03-09 15:43:34 trace :
------------
String:
<xml><ToUserName><![CDATA[gh_74fc964c4914]]></ToUserName>
<FromUserName><![CDATA[oF_mkjhKdDMlY-XTwrgEF_DrcVtc]]></FromUserName>
<CreateTime>1552117415</CreateTime>
<MsgType><![CDATA[event]]></MsgType>
<Event><![CDATA[unsubscribe]]></Event>
<EventKey><![CDATA[]]></EventKey>
</xml>

2019-03-09 15:43:42 trace :
------------
String:
<xml><ToUserName><![CDATA[gh_74fc964c4914]]></ToUserName>
<FromUserName><![CDATA[oF_mkjhKdDMlY-XTwrgEF_DrcVtc]]></FromUserName>
<CreateTime>1552117423</CreateTime>
<MsgType><![CDATA[event]]></MsgType>
<Event><![CDATA[subscribe]]></Event>
<EventKey><![CDATA[qrscene_TZHB15447490897277510--12832]]></EventKey>
<Ticket><![CDATA[gQEv8TwAAAAAAAAAAS5odHRwOi8vd2VpeGluLnFxLmNvbS9xLzAyNExDN05fblZhQWUxMDAwMDAwN3AAAgQhABNcAwQAAAAA]]></Ticket>
</xml>

2019-03-09 15:43:42 params :
------------
String:
array (
  'message' => 
  array (
    'tousername' => 'gh_74fc964c4914',
    'fromusername' => 'oF_mkjhKdDMlY-XTwrgEF_DrcVtc',
    'createtime' => '1552117423',
    'msgtype' => 'event',
    'event' => 'subscribe',
    'eventkey' => 'qrscene_TZHB15447490897277510--12832',
    'ticket' => 'gQEv8TwAAAAAAAAAAS5odHRwOi8vd2VpeGluLnFxLmNvbS9xLzAyNExDN05fblZhQWUxMDAwMDAwN3AAAgQhABNcAwQAAAAA',
    'from' => 'oF_mkjhKdDMlY-XTwrgEF_DrcVtc',
    'to' => 'gh_74fc964c4914',
    'time' => '1552117423',
    'type' => 'text',
    'scene' => 'TZHB15447490897277510--12832',
    'redirection' => true,
    'source' => 'subscribe',
    'content' => '首次关注',
  ),
  'module' => 'reply',
  'rule' => '9',
  'priority' => '0',
  'keyword' => 
  array (
    'id' => '116',
    'rid' => '9',
    'uniacid' => '2',
    'module' => 'reply',
    'content' => '首次关注',
    'type' => '1',
    'displayorder' => '0',
    'status' => '1',
    'reply_type' => 
    array (
      0 => 'basic',
    ),
  ),
  'reply_type' => 
  array (
    0 => 'basic',
  ),
)

2019-03-09 15:43:42 response :
------------
Array:
FromUserName : gh_74fc964c4914 ;
ToUserName : oF_mkjhKdDMlY-XTwrgEF_DrcVtc ;
MsgType : text ;
Content : 您好，感谢您关注奔瑞汽车用品！360°汽车服务解决方案提供商。业务领域涵盖高端美容、二手翻新及快速钣喷等，欢迎与我们联系。
您也可以回复以下数字，查看相关信息。
【1】品牌介绍
【2】核心项目
【3】合作支持
【4】产品中心
【5】联系方式
您可以留言或拨打客服热线 4006669243 更多资讯，您可以访问奔瑞官网 www.benrui.cn
意见，建议反馈信息请直接回复，谢谢。 ;

2019-03-09 15:44:02 trace :
------------
String:
<xml><ToUserName><![CDATA[gh_74fc964c4914]]></ToUserName>
<FromUserName><![CDATA[oF_mkjhKdDMlY-XTwrgEF_DrcVtc]]></FromUserName>
<CreateTime>1552117442</CreateTime>
<MsgType><![CDATA[event]]></MsgType>
<Event><![CDATA[SCAN]]></Event>
<EventKey><![CDATA[TZHB15447490897277510--12832]]></EventKey>
<Ticket><![CDATA[gQEv8TwAAAAAAAAAAS5odHRwOi8vd2VpeGluLnFxLmNvbS9xLzAyNExDN05fblZhQWUxMDAwMDAwN3AAAgQhABNcAwQAAAAA]]></Ticket>
</xml>

2019-03-09 15:44:02 params :
------------
String:
array (
  'rule' => -2,
  'module' => '',
  'message' => 
  array (
    'tousername' => 'gh_74fc964c4914',
    'fromusername' => 'oF_mkjhKdDMlY-XTwrgEF_DrcVtc',
    'createtime' => '1552117442',
    'msgtype' => 'event',
    'event' => 'SCAN',
    'eventkey' => 'TZHB15447490897277510--12832',
    'ticket' => 'gQEv8TwAAAAAAAAAAS5odHRwOi8vd2VpeGluLnFxLmNvbS9xLzAyNExDN05fblZhQWUxMDAwMDAwN3AAAgQhABNcAwQAAAAA',
    'from' => 'oF_mkjhKdDMlY-XTwrgEF_DrcVtc',
    'to' => 'gh_74fc964c4914',
    'time' => '1552117442',
    'type' => 'text',
    'scene' => 'TZHB15447490897277510--12832',
    'redirection' => true,
    'source' => 'qr',
  ),
)

2019-03-09 15:44:02 response :
------------

2019-03-09 17:00:12 trace :
------------
String:
<xml><ToUserName><![CDATA[gh_74fc964c4914]]></ToUserName>
<FromUserName><![CDATA[oF_mkjvIQMkgOCN440mGneHXbMqk]]></FromUserName>
<CreateTime>1552122012</CreateTime>
<MsgType><![CDATA[event]]></MsgType>
<Event><![CDATA[SCAN]]></Event>
<EventKey><![CDATA[TZHB15444180248789202--11535]]></EventKey>
<Ticket><![CDATA[gQEh8TwAAAAAAAAAAS5odHRwOi8vd2VpeGluLnFxLmNvbS9xLzAyQ21wak5YblZhQWUxMDAwMDAwN0IAAgTo8g1cAwQAAAAA]]></Ticket>
</xml>

2019-03-09 17:00:12 params :
------------
String:
array (
  'rule' => -2,
  'module' => '',
  'message' => 
  array (
    'tousername' => 'gh_74fc964c4914',
    'fromusername' => 'oF_mkjvIQMkgOCN440mGneHXbMqk',
    'createtime' => '1552122012',
    'msgtype' => 'event',
    'event' => 'SCAN',
    'eventkey' => 'TZHB15444180248789202--11535',
    'ticket' => 'gQEh8TwAAAAAAAAAAS5odHRwOi8vd2VpeGluLnFxLmNvbS9xLzAyQ21wak5YblZhQWUxMDAwMDAwN0IAAgTo8g1cAwQAAAAA',
    'from' => 'oF_mkjvIQMkgOCN440mGneHXbMqk',
    'to' => 'gh_74fc964c4914',
    'time' => '1552122012',
    'type' => 'text',
    'scene' => 'TZHB15444180248789202--11535',
    'redirection' => true,
    'source' => 'qr',
  ),
)

2019-03-09 17:00:12 response :
------------

2019-03-09 20:41:26 trace :
------------
String:
<xml><ToUserName><![CDATA[gh_74fc964c4914]]></ToUserName>
<FromUserName><![CDATA[oF_mkjtmk4aMz5pqBxZJ05-Bx9ac]]></FromUserName>
<CreateTime>1552135286</CreateTime>
<MsgType><![CDATA[event]]></MsgType>
<Event><![CDATA[SCAN]]></Event>
<EventKey><![CDATA[TZHB15301484321927935--4491]]></EventKey>
<Ticket><![CDATA[gQFL8DwAAAAAAAAAAS5odHRwOi8vd2VpeGluLnFxLmNvbS9xLzAyYldCdE5tblZhQWUxMDAwMDAwN0wAAgRQNjRbAwQAAAAA]]></Ticket>
</xml>

2019-03-09 20:41:27 params :
------------
String:
array (
  'rule' => -2,
  'module' => '',
  'message' => 
  array (
    'tousername' => 'gh_74fc964c4914',
    'fromusername' => 'oF_mkjtmk4aMz5pqBxZJ05-Bx9ac',
    'createtime' => '1552135286',
    'msgtype' => 'event',
    'event' => 'SCAN',
    'eventkey' => 'TZHB15301484321927935--4491',
    'ticket' => 'gQFL8DwAAAAAAAAAAS5odHRwOi8vd2VpeGluLnFxLmNvbS9xLzAyYldCdE5tblZhQWUxMDAwMDAwN0wAAgRQNjRbAwQAAAAA',
    'from' => 'oF_mkjtmk4aMz5pqBxZJ05-Bx9ac',
    'to' => 'gh_74fc964c4914',
    'time' => '1552135286',
    'type' => 'text',
    'scene' => 'TZHB15301484321927935--4491',
    'redirection' => true,
    'source' => 'qr',
  ),
)

2019-03-09 20:41:27 response :
------------

