2019-03-29 08:29:18 trace :
------------
String:
<xml><ToUserName><![CDATA[gh_74fc964c4914]]></ToUserName>
<FromUserName><![CDATA[oF_mkjnXrfsTxss8rUtYEZRD911g]]></FromUserName>
<CreateTime>1553819359</CreateTime>
<MsgType><![CDATA[event]]></MsgType>
<Event><![CDATA[LOCATION]]></Event>
<Latitude>30.224833</Latitude>
<Longitude>120.257668</Longitude>
<Precision>390.000000</Precision>
</xml>

2019-03-29 08:29:18 params :
------------
String:
array (
  'message' => 
  array (
    'tousername' => 'gh_74fc964c4914',
    'fromusername' => 'oF_mkjnXrfsTxss8rUtYEZRD911g',
    'createtime' => '1553819359',
    'msgtype' => 'event',
    'event' => 'LOCATION',
    'latitude' => '30.224833',
    'longitude' => '120.257668',
    'precision' => '390.000000',
    'from' => 'oF_mkjnXrfsTxss8rUtYEZRD911g',
    'to' => 'gh_74fc964c4914',
    'time' => '1553819359',
    'type' => 'trace',
    'location_x' => '30.224833',
    'location_y' => '120.257668',
  ),
  'module' => 'default',
  'rule' => '-1',
)

2019-03-29 08:29:18 response :
------------
Array:
errno : -1 ;
message : Invaild value ;

2019-03-29 08:29:38 trace :
------------
String:
<xml><ToUserName><![CDATA[gh_74fc964c4914]]></ToUserName>
<FromUserName><![CDATA[oF_mkjnXrfsTxss8rUtYEZRD911g]]></FromUserName>
<CreateTime>1553819379</CreateTime>
<MsgType><![CDATA[event]]></MsgType>
<Event><![CDATA[LOCATION]]></Event>
<Latitude>30.224833</Latitude>
<Longitude>120.257668</Longitude>
<Precision>390.000000</Precision>
</xml>

2019-03-29 08:29:38 params :
------------
String:
array (
  'message' => 
  array (
    'tousername' => 'gh_74fc964c4914',
    'fromusername' => 'oF_mkjnXrfsTxss8rUtYEZRD911g',
    'createtime' => '1553819379',
    'msgtype' => 'event',
    'event' => 'LOCATION',
    'latitude' => '30.224833',
    'longitude' => '120.257668',
    'precision' => '390.000000',
    'from' => 'oF_mkjnXrfsTxss8rUtYEZRD911g',
    'to' => 'gh_74fc964c4914',
    'time' => '1553819379',
    'type' => 'trace',
    'location_x' => '30.224833',
    'location_y' => '120.257668',
  ),
  'module' => 'default',
  'rule' => '-1',
)

2019-03-29 08:29:38 response :
------------
Array:
errno : -1 ;
message : Invaild value ;

2019-03-29 08:29:48 trace :
------------
String:
<xml><ToUserName><![CDATA[gh_74fc964c4914]]></ToUserName>
<FromUserName><![CDATA[oF_mkjnXrfsTxss8rUtYEZRD911g]]></FromUserName>
<CreateTime>1553819389</CreateTime>
<MsgType><![CDATA[event]]></MsgType>
<Event><![CDATA[LOCATION]]></Event>
<Latitude>30.224833</Latitude>
<Longitude>120.257668</Longitude>
<Precision>390.000000</Precision>
</xml>

2019-03-29 08:29:48 params :
------------
String:
array (
  'message' => 
  array (
    'tousername' => 'gh_74fc964c4914',
    'fromusername' => 'oF_mkjnXrfsTxss8rUtYEZRD911g',
    'createtime' => '1553819389',
    'msgtype' => 'event',
    'event' => 'LOCATION',
    'latitude' => '30.224833',
    'longitude' => '120.257668',
    'precision' => '390.000000',
    'from' => 'oF_mkjnXrfsTxss8rUtYEZRD911g',
    'to' => 'gh_74fc964c4914',
    'time' => '1553819389',
    'type' => 'trace',
    'location_x' => '30.224833',
    'location_y' => '120.257668',
  ),
  'module' => 'default',
  'rule' => '-1',
)

2019-03-29 08:29:48 response :
------------
Array:
errno : -1 ;
message : Invaild value ;

2019-03-29 09:01:14 trace :
------------
String:
<xml><ToUserName><![CDATA[gh_74fc964c4914]]></ToUserName>
<FromUserName><![CDATA[oF_mkjihzRtVq79fL_PFyhO1ZcsQ]]></FromUserName>
<CreateTime>1553821276</CreateTime>
<MsgType><![CDATA[event]]></MsgType>
<Event><![CDATA[SCAN]]></Event>
<EventKey><![CDATA[TZHB15301484495157840--4543]]></EventKey>
<Ticket><![CDATA[gQEJ8DwAAAAAAAAAAS5odHRwOi8vd2VpeGluLnFxLmNvbS9xLzAyb1RkZU5zblZhQWUxMDAwMDAwN1oAAgRhNjRbAwQAAAAA]]></Ticket>
</xml>

2019-03-29 09:01:15 params :
------------
String:
array (
  'rule' => -2,
  'module' => '',
  'message' => 
  array (
    'tousername' => 'gh_74fc964c4914',
    'fromusername' => 'oF_mkjihzRtVq79fL_PFyhO1ZcsQ',
    'createtime' => '1553821276',
    'msgtype' => 'event',
    'event' => 'SCAN',
    'eventkey' => 'TZHB15301484495157840--4543',
    'ticket' => 'gQEJ8DwAAAAAAAAAAS5odHRwOi8vd2VpeGluLnFxLmNvbS9xLzAyb1RkZU5zblZhQWUxMDAwMDAwN1oAAgRhNjRbAwQAAAAA',
    'from' => 'oF_mkjihzRtVq79fL_PFyhO1ZcsQ',
    'to' => 'gh_74fc964c4914',
    'time' => '1553821276',
    'type' => 'text',
    'scene' => 'TZHB15301484495157840--4543',
    'redirection' => true,
    'source' => 'qr',
  ),
)

2019-03-29 09:01:15 response :
------------

2019-03-29 09:02:09 trace :
------------
String:
<xml><ToUserName><![CDATA[gh_74fc964c4914]]></ToUserName>
<FromUserName><![CDATA[oF_mkjihzRtVq79fL_PFyhO1ZcsQ]]></FromUserName>
<CreateTime>1553821330</CreateTime>
<MsgType><![CDATA[event]]></MsgType>
<Event><![CDATA[LOCATION]]></Event>
<Latitude>28.277433</Latitude>
<Longitude>113.058929</Longitude>
<Precision>30.000000</Precision>
</xml>

2019-03-29 09:02:09 params :
------------
String:
array (
  'message' => 
  array (
    'tousername' => 'gh_74fc964c4914',
    'fromusername' => 'oF_mkjihzRtVq79fL_PFyhO1ZcsQ',
    'createtime' => '1553821330',
    'msgtype' => 'event',
    'event' => 'LOCATION',
    'latitude' => '28.277433',
    'longitude' => '113.058929',
    'precision' => '30.000000',
    'from' => 'oF_mkjihzRtVq79fL_PFyhO1ZcsQ',
    'to' => 'gh_74fc964c4914',
    'time' => '1553821330',
    'type' => 'trace',
    'location_x' => '28.277433',
    'location_y' => '113.058929',
  ),
  'module' => 'default',
  'rule' => '-1',
)

2019-03-29 09:02:09 response :
------------
Array:
errno : -1 ;
message : Invaild value ;

2019-03-29 09:02:18 trace :
------------
String:
<xml><ToUserName><![CDATA[gh_74fc964c4914]]></ToUserName>
<FromUserName><![CDATA[oF_mkjihzRtVq79fL_PFyhO1ZcsQ]]></FromUserName>
<CreateTime>1553821340</CreateTime>
<MsgType><![CDATA[event]]></MsgType>
<Event><![CDATA[LOCATION]]></Event>
<Latitude>28.277475</Latitude>
<Longitude>113.058907</Longitude>
<Precision>30.000000</Precision>
</xml>

2019-03-29 09:02:18 params :
------------
String:
array (
  'message' => 
  array (
    'tousername' => 'gh_74fc964c4914',
    'fromusername' => 'oF_mkjihzRtVq79fL_PFyhO1ZcsQ',
    'createtime' => '1553821340',
    'msgtype' => 'event',
    'event' => 'LOCATION',
    'latitude' => '28.277475',
    'longitude' => '113.058907',
    'precision' => '30.000000',
    'from' => 'oF_mkjihzRtVq79fL_PFyhO1ZcsQ',
    'to' => 'gh_74fc964c4914',
    'time' => '1553821340',
    'type' => 'trace',
    'location_x' => '28.277475',
    'location_y' => '113.058907',
  ),
  'module' => 'default',
  'rule' => '-1',
)

2019-03-29 09:02:18 response :
------------
Array:
errno : -1 ;
message : Invaild value ;

2019-03-29 09:02:24 trace :
------------
String:
<xml><ToUserName><![CDATA[gh_74fc964c4914]]></ToUserName>
<FromUserName><![CDATA[oF_mkjihzRtVq79fL_PFyhO1ZcsQ]]></FromUserName>
<CreateTime>1553821346</CreateTime>
<MsgType><![CDATA[event]]></MsgType>
<Event><![CDATA[LOCATION]]></Event>
<Latitude>28.277475</Latitude>
<Longitude>113.058907</Longitude>
<Precision>30.000000</Precision>
</xml>

2019-03-29 09:02:24 params :
------------
String:
array (
  'message' => 
  array (
    'tousername' => 'gh_74fc964c4914',
    'fromusername' => 'oF_mkjihzRtVq79fL_PFyhO1ZcsQ',
    'createtime' => '1553821346',
    'msgtype' => 'event',
    'event' => 'LOCATION',
    'latitude' => '28.277475',
    'longitude' => '113.058907',
    'precision' => '30.000000',
    'from' => 'oF_mkjihzRtVq79fL_PFyhO1ZcsQ',
    'to' => 'gh_74fc964c4914',
    'time' => '1553821346',
    'type' => 'trace',
    'location_x' => '28.277475',
    'location_y' => '113.058907',
  ),
  'module' => 'default',
  'rule' => '-1',
)

2019-03-29 09:02:24 response :
------------
Array:
errno : -1 ;
message : Invaild value ;

2019-03-29 09:09:42 trace :
------------
String:
<xml><ToUserName><![CDATA[gh_74fc964c4914]]></ToUserName>
<FromUserName><![CDATA[oF_mkjmDSQF-42rPiph8-NWdfTwc]]></FromUserName>
<CreateTime>1553821784</CreateTime>
<MsgType><![CDATA[event]]></MsgType>
<Event><![CDATA[subscribe]]></Event>
<EventKey><![CDATA[]]></EventKey>
</xml>

2019-03-29 09:09:43 params :
------------
String:
array (
  'message' => 
  array (
    'tousername' => 'gh_74fc964c4914',
    'fromusername' => 'oF_mkjmDSQF-42rPiph8-NWdfTwc',
    'createtime' => '1553821784',
    'msgtype' => 'event',
    'event' => 'subscribe',
    'eventkey' => '',
    'from' => 'oF_mkjmDSQF-42rPiph8-NWdfTwc',
    'to' => 'gh_74fc964c4914',
    'time' => '1553821784',
    'type' => 'text',
    'redirection' => true,
    'source' => 'subscribe',
    'content' => '首次关注',
  ),
  'module' => 'reply',
  'rule' => '9',
  'priority' => '0',
  'keyword' => 
  array (
    'id' => '116',
    'rid' => '9',
    'uniacid' => '2',
    'module' => 'reply',
    'content' => '首次关注',
    'type' => '1',
    'displayorder' => '0',
    'status' => '1',
    'reply_type' => 
    array (
      0 => 'basic',
    ),
  ),
  'reply_type' => 
  array (
    0 => 'basic',
  ),
)

2019-03-29 09:09:43 response :
------------
Array:
FromUserName : gh_74fc964c4914 ;
ToUserName : oF_mkjmDSQF-42rPiph8-NWdfTwc ;
MsgType : text ;
Content : 您好，感谢您关注奔瑞汽车用品！360°汽车服务解决方案提供商。业务领域涵盖高端美容、二手翻新及快速钣喷等，欢迎与我们联系。
您也可以回复以下数字，查看相关信息。
【1】品牌介绍
【2】核心项目
【3】合作支持
【4】产品中心
【5】联系方式
您可以留言或拨打客服热线 4006669243 更多资讯，您可以访问奔瑞官网 www.benrui.cn
意见，建议反馈信息请直接回复，谢谢。 ;

2019-03-29 09:09:52 trace :
------------
String:
<xml><ToUserName><![CDATA[gh_74fc964c4914]]></ToUserName>
<FromUserName><![CDATA[oF_mkjmDSQF-42rPiph8-NWdfTwc]]></FromUserName>
<CreateTime>1553821793</CreateTime>
<MsgType><![CDATA[event]]></MsgType>
<Event><![CDATA[LOCATION]]></Event>
<Latitude>32.409904</Latitude>
<Longitude>119.928864</Longitude>
<Precision>30.000000</Precision>
</xml>

2019-03-29 09:09:52 params :
------------
String:
array (
  'message' => 
  array (
    'tousername' => 'gh_74fc964c4914',
    'fromusername' => 'oF_mkjmDSQF-42rPiph8-NWdfTwc',
    'createtime' => '1553821793',
    'msgtype' => 'event',
    'event' => 'LOCATION',
    'latitude' => '32.409904',
    'longitude' => '119.928864',
    'precision' => '30.000000',
    'from' => 'oF_mkjmDSQF-42rPiph8-NWdfTwc',
    'to' => 'gh_74fc964c4914',
    'time' => '1553821793',
    'type' => 'trace',
    'location_x' => '32.409904',
    'location_y' => '119.928864',
  ),
  'module' => 'default',
  'rule' => '-1',
)

2019-03-29 09:09:52 response :
------------
Array:
errno : -1 ;
message : Invaild value ;

2019-03-29 09:11:29 trace :
------------
String:
<xml><ToUserName><![CDATA[gh_74fc964c4914]]></ToUserName>
<FromUserName><![CDATA[oF_mkjihzRtVq79fL_PFyhO1ZcsQ]]></FromUserName>
<CreateTime>1553821891</CreateTime>
<MsgType><![CDATA[event]]></MsgType>
<Event><![CDATA[SCAN]]></Event>
<EventKey><![CDATA[TZHB15301484495157840--4543]]></EventKey>
<Ticket><![CDATA[gQEJ8DwAAAAAAAAAAS5odHRwOi8vd2VpeGluLnFxLmNvbS9xLzAyb1RkZU5zblZhQWUxMDAwMDAwN1oAAgRhNjRbAwQAAAAA]]></Ticket>
</xml>

2019-03-29 09:11:29 params :
------------
String:
array (
  'rule' => -2,
  'module' => '',
  'message' => 
  array (
    'tousername' => 'gh_74fc964c4914',
    'fromusername' => 'oF_mkjihzRtVq79fL_PFyhO1ZcsQ',
    'createtime' => '1553821891',
    'msgtype' => 'event',
    'event' => 'SCAN',
    'eventkey' => 'TZHB15301484495157840--4543',
    'ticket' => 'gQEJ8DwAAAAAAAAAAS5odHRwOi8vd2VpeGluLnFxLmNvbS9xLzAyb1RkZU5zblZhQWUxMDAwMDAwN1oAAgRhNjRbAwQAAAAA',
    'from' => 'oF_mkjihzRtVq79fL_PFyhO1ZcsQ',
    'to' => 'gh_74fc964c4914',
    'time' => '1553821891',
    'type' => 'text',
    'scene' => 'TZHB15301484495157840--4543',
    'redirection' => true,
    'source' => 'qr',
  ),
)

2019-03-29 09:11:29 response :
------------

2019-03-29 09:11:30 trace :
------------
String:
<xml><ToUserName><![CDATA[gh_74fc964c4914]]></ToUserName>
<FromUserName><![CDATA[oF_mkjihzRtVq79fL_PFyhO1ZcsQ]]></FromUserName>
<CreateTime>1553821891</CreateTime>
<MsgType><![CDATA[event]]></MsgType>
<Event><![CDATA[LOCATION]]></Event>
<Latitude>28.277210</Latitude>
<Longitude>113.058823</Longitude>
<Precision>30.000000</Precision>
</xml>

2019-03-29 09:11:30 params :
------------
String:
array (
  'message' => 
  array (
    'tousername' => 'gh_74fc964c4914',
    'fromusername' => 'oF_mkjihzRtVq79fL_PFyhO1ZcsQ',
    'createtime' => '1553821891',
    'msgtype' => 'event',
    'event' => 'LOCATION',
    'latitude' => '28.277210',
    'longitude' => '113.058823',
    'precision' => '30.000000',
    'from' => 'oF_mkjihzRtVq79fL_PFyhO1ZcsQ',
    'to' => 'gh_74fc964c4914',
    'time' => '1553821891',
    'type' => 'trace',
    'location_x' => '28.277210',
    'location_y' => '113.058823',
  ),
  'module' => 'default',
  'rule' => '-1',
)

2019-03-29 09:11:30 response :
------------
Array:
errno : -1 ;
message : Invaild value ;

2019-03-29 09:11:36 trace :
------------
String:
<xml><ToUserName><![CDATA[gh_74fc964c4914]]></ToUserName>
<FromUserName><![CDATA[oF_mkjihzRtVq79fL_PFyhO1ZcsQ]]></FromUserName>
<CreateTime>1553821897</CreateTime>
<MsgType><![CDATA[text]]></MsgType>
<Content><![CDATA[扫红包]]></Content>
<MsgId>22245379887381492</MsgId>
</xml>

2019-03-29 09:11:36 params :
------------
String:
array (
  'rule' => -2,
  'module' => '',
  'message' => 
  array (
    'tousername' => 'gh_74fc964c4914',
    'fromusername' => 'oF_mkjihzRtVq79fL_PFyhO1ZcsQ',
    'createtime' => '1553821897',
    'msgtype' => 'text',
    'content' => '扫红包',
    'msgid' => '22245379887381492',
    'from' => 'oF_mkjihzRtVq79fL_PFyhO1ZcsQ',
    'to' => 'gh_74fc964c4914',
    'time' => '1553821897',
    'type' => 'text',
    'event' => NULL,
    'redirection' => false,
    'source' => NULL,
  ),
)

2019-03-29 09:11:36 response :
------------

2019-03-29 09:11:51 trace :
------------
String:
<xml><ToUserName><![CDATA[gh_74fc964c4914]]></ToUserName>
<FromUserName><![CDATA[oF_mkjlqoPTGdh9PFxW5Bw55Gz3k]]></FromUserName>
<CreateTime>1553821913</CreateTime>
<MsgType><![CDATA[event]]></MsgType>
<Event><![CDATA[subscribe]]></Event>
<EventKey><![CDATA[qrscene_TZHB15301484495157840--4543]]></EventKey>
<Ticket><![CDATA[gQEJ8DwAAAAAAAAAAS5odHRwOi8vd2VpeGluLnFxLmNvbS9xLzAyb1RkZU5zblZhQWUxMDAwMDAwN1oAAgRhNjRbAwQAAAAA]]></Ticket>
</xml>

2019-03-29 09:11:52 params :
------------
String:
array (
  'message' => 
  array (
    'tousername' => 'gh_74fc964c4914',
    'fromusername' => 'oF_mkjlqoPTGdh9PFxW5Bw55Gz3k',
    'createtime' => '1553821913',
    'msgtype' => 'event',
    'event' => 'subscribe',
    'eventkey' => 'qrscene_TZHB15301484495157840--4543',
    'ticket' => 'gQEJ8DwAAAAAAAAAAS5odHRwOi8vd2VpeGluLnFxLmNvbS9xLzAyb1RkZU5zblZhQWUxMDAwMDAwN1oAAgRhNjRbAwQAAAAA',
    'from' => 'oF_mkjlqoPTGdh9PFxW5Bw55Gz3k',
    'to' => 'gh_74fc964c4914',
    'time' => '1553821913',
    'type' => 'text',
    'scene' => 'TZHB15301484495157840--4543',
    'redirection' => true,
    'source' => 'subscribe',
    'content' => '首次关注',
  ),
  'module' => 'reply',
  'rule' => '9',
  'priority' => '0',
  'keyword' => 
  array (
    'id' => '116',
    'rid' => '9',
    'uniacid' => '2',
    'module' => 'reply',
    'content' => '首次关注',
    'type' => '1',
    'displayorder' => '0',
    'status' => '1',
    'reply_type' => 
    array (
      0 => 'basic',
    ),
  ),
  'reply_type' => 
  array (
    0 => 'basic',
  ),
)

2019-03-29 09:11:52 response :
------------
Array:
FromUserName : gh_74fc964c4914 ;
ToUserName : oF_mkjlqoPTGdh9PFxW5Bw55Gz3k ;
MsgType : text ;
Content : 您好，感谢您关注奔瑞汽车用品！360°汽车服务解决方案提供商。业务领域涵盖高端美容、二手翻新及快速钣喷等，欢迎与我们联系。
您也可以回复以下数字，查看相关信息。
【1】品牌介绍
【2】核心项目
【3】合作支持
【4】产品中心
【5】联系方式
您可以留言或拨打客服热线 4006669243 更多资讯，您可以访问奔瑞官网 www.benrui.cn
意见，建议反馈信息请直接回复，谢谢。 ;

2019-03-29 09:12:19 trace :
------------
String:
<xml><ToUserName><![CDATA[gh_74fc964c4914]]></ToUserName>
<FromUserName><![CDATA[oF_mkjihzRtVq79fL_PFyhO1ZcsQ]]></FromUserName>
<CreateTime>1553821941</CreateTime>
<MsgType><![CDATA[event]]></MsgType>
<Event><![CDATA[LOCATION]]></Event>
<Latitude>28.277210</Latitude>
<Longitude>113.058823</Longitude>
<Precision>30.000000</Precision>
</xml>

2019-03-29 09:12:19 params :
------------
String:
array (
  'message' => 
  array (
    'tousername' => 'gh_74fc964c4914',
    'fromusername' => 'oF_mkjihzRtVq79fL_PFyhO1ZcsQ',
    'createtime' => '1553821941',
    'msgtype' => 'event',
    'event' => 'LOCATION',
    'latitude' => '28.277210',
    'longitude' => '113.058823',
    'precision' => '30.000000',
    'from' => 'oF_mkjihzRtVq79fL_PFyhO1ZcsQ',
    'to' => 'gh_74fc964c4914',
    'time' => '1553821941',
    'type' => 'trace',
    'location_x' => '28.277210',
    'location_y' => '113.058823',
  ),
  'module' => 'default',
  'rule' => '-1',
)

2019-03-29 09:12:19 response :
------------
Array:
errno : -1 ;
message : Invaild value ;

2019-03-29 09:12:26 trace :
------------
String:
<xml><ToUserName><![CDATA[gh_74fc964c4914]]></ToUserName>
<FromUserName><![CDATA[oF_mkjihzRtVq79fL_PFyhO1ZcsQ]]></FromUserName>
<CreateTime>1553821947</CreateTime>
<MsgType><![CDATA[event]]></MsgType>
<Event><![CDATA[SCAN]]></Event>
<EventKey><![CDATA[TZHB15301484495157840--4543]]></EventKey>
<Ticket><![CDATA[gQEJ8DwAAAAAAAAAAS5odHRwOi8vd2VpeGluLnFxLmNvbS9xLzAyb1RkZU5zblZhQWUxMDAwMDAwN1oAAgRhNjRbAwQAAAAA]]></Ticket>
</xml>

2019-03-29 09:12:26 params :
------------
String:
array (
  'rule' => -2,
  'module' => '',
  'message' => 
  array (
    'tousername' => 'gh_74fc964c4914',
    'fromusername' => 'oF_mkjihzRtVq79fL_PFyhO1ZcsQ',
    'createtime' => '1553821947',
    'msgtype' => 'event',
    'event' => 'SCAN',
    'eventkey' => 'TZHB15301484495157840--4543',
    'ticket' => 'gQEJ8DwAAAAAAAAAAS5odHRwOi8vd2VpeGluLnFxLmNvbS9xLzAyb1RkZU5zblZhQWUxMDAwMDAwN1oAAgRhNjRbAwQAAAAA',
    'from' => 'oF_mkjihzRtVq79fL_PFyhO1ZcsQ',
    'to' => 'gh_74fc964c4914',
    'time' => '1553821947',
    'type' => 'text',
    'scene' => 'TZHB15301484495157840--4543',
    'redirection' => true,
    'source' => 'qr',
  ),
)

2019-03-29 09:12:26 response :
------------

2019-03-29 09:12:27 trace :
------------
String:
<xml><ToUserName><![CDATA[gh_74fc964c4914]]></ToUserName>
<FromUserName><![CDATA[oF_mkjihzRtVq79fL_PFyhO1ZcsQ]]></FromUserName>
<CreateTime>1553821948</CreateTime>
<MsgType><![CDATA[event]]></MsgType>
<Event><![CDATA[LOCATION]]></Event>
<Latitude>28.277210</Latitude>
<Longitude>113.058823</Longitude>
<Precision>30.000000</Precision>
</xml>

2019-03-29 09:12:27 params :
------------
String:
array (
  'message' => 
  array (
    'tousername' => 'gh_74fc964c4914',
    'fromusername' => 'oF_mkjihzRtVq79fL_PFyhO1ZcsQ',
    'createtime' => '1553821948',
    'msgtype' => 'event',
    'event' => 'LOCATION',
    'latitude' => '28.277210',
    'longitude' => '113.058823',
    'precision' => '30.000000',
    'from' => 'oF_mkjihzRtVq79fL_PFyhO1ZcsQ',
    'to' => 'gh_74fc964c4914',
    'time' => '1553821948',
    'type' => 'trace',
    'location_x' => '28.277210',
    'location_y' => '113.058823',
  ),
  'module' => 'default',
  'rule' => '-1',
)

2019-03-29 09:12:27 response :
------------
Array:
errno : -1 ;
message : Invaild value ;

2019-03-29 09:12:32 trace :
------------
String:
<xml><ToUserName><![CDATA[gh_74fc964c4914]]></ToUserName>
<FromUserName><![CDATA[oF_mkjihzRtVq79fL_PFyhO1ZcsQ]]></FromUserName>
<CreateTime>1553821954</CreateTime>
<MsgType><![CDATA[event]]></MsgType>
<Event><![CDATA[LOCATION]]></Event>
<Latitude>28.277229</Latitude>
<Longitude>113.058815</Longitude>
<Precision>30.000000</Precision>
</xml>

2019-03-29 09:12:32 params :
------------
String:
array (
  'message' => 
  array (
    'tousername' => 'gh_74fc964c4914',
    'fromusername' => 'oF_mkjihzRtVq79fL_PFyhO1ZcsQ',
    'createtime' => '1553821954',
    'msgtype' => 'event',
    'event' => 'LOCATION',
    'latitude' => '28.277229',
    'longitude' => '113.058815',
    'precision' => '30.000000',
    'from' => 'oF_mkjihzRtVq79fL_PFyhO1ZcsQ',
    'to' => 'gh_74fc964c4914',
    'time' => '1553821954',
    'type' => 'trace',
    'location_x' => '28.277229',
    'location_y' => '113.058815',
  ),
  'module' => 'default',
  'rule' => '-1',
)

2019-03-29 09:12:32 response :
------------
Array:
errno : -1 ;
message : Invaild value ;

2019-03-29 09:12:43 trace :
------------
String:
<xml><ToUserName><![CDATA[gh_74fc964c4914]]></ToUserName>
<FromUserName><![CDATA[oF_mkjlqoPTGdh9PFxW5Bw55Gz3k]]></FromUserName>
<CreateTime>1553821965</CreateTime>
<MsgType><![CDATA[event]]></MsgType>
<Event><![CDATA[SCAN]]></Event>
<EventKey><![CDATA[TZHB15301484495157840--4543]]></EventKey>
<Ticket><![CDATA[gQEJ8DwAAAAAAAAAAS5odHRwOi8vd2VpeGluLnFxLmNvbS9xLzAyb1RkZU5zblZhQWUxMDAwMDAwN1oAAgRhNjRbAwQAAAAA]]></Ticket>
</xml>

2019-03-29 09:12:43 params :
------------
String:
array (
  'rule' => -2,
  'module' => '',
  'message' => 
  array (
    'tousername' => 'gh_74fc964c4914',
    'fromusername' => 'oF_mkjlqoPTGdh9PFxW5Bw55Gz3k',
    'createtime' => '1553821965',
    'msgtype' => 'event',
    'event' => 'SCAN',
    'eventkey' => 'TZHB15301484495157840--4543',
    'ticket' => 'gQEJ8DwAAAAAAAAAAS5odHRwOi8vd2VpeGluLnFxLmNvbS9xLzAyb1RkZU5zblZhQWUxMDAwMDAwN1oAAgRhNjRbAwQAAAAA',
    'from' => 'oF_mkjlqoPTGdh9PFxW5Bw55Gz3k',
    'to' => 'gh_74fc964c4914',
    'time' => '1553821965',
    'type' => 'text',
    'scene' => 'TZHB15301484495157840--4543',
    'redirection' => true,
    'source' => 'qr',
  ),
)

2019-03-29 09:12:43 response :
------------

2019-03-29 09:14:09 trace :
------------
String:
<xml><ToUserName><![CDATA[gh_74fc964c4914]]></ToUserName>
<FromUserName><![CDATA[oF_mkjihzRtVq79fL_PFyhO1ZcsQ]]></FromUserName>
<CreateTime>1553822050</CreateTime>
<MsgType><![CDATA[event]]></MsgType>
<Event><![CDATA[LOCATION]]></Event>
<Latitude>28.277212</Latitude>
<Longitude>113.058846</Longitude>
<Precision>30.000000</Precision>
</xml>

2019-03-29 09:14:09 params :
------------
String:
array (
  'message' => 
  array (
    'tousername' => 'gh_74fc964c4914',
    'fromusername' => 'oF_mkjihzRtVq79fL_PFyhO1ZcsQ',
    'createtime' => '1553822050',
    'msgtype' => 'event',
    'event' => 'LOCATION',
    'latitude' => '28.277212',
    'longitude' => '113.058846',
    'precision' => '30.000000',
    'from' => 'oF_mkjihzRtVq79fL_PFyhO1ZcsQ',
    'to' => 'gh_74fc964c4914',
    'time' => '1553822050',
    'type' => 'trace',
    'location_x' => '28.277212',
    'location_y' => '113.058846',
  ),
  'module' => 'default',
  'rule' => '-1',
)

2019-03-29 09:14:09 response :
------------
Array:
errno : -1 ;
message : Invaild value ;

2019-03-29 09:39:58 trace :
------------
String:
<xml><ToUserName><![CDATA[gh_74fc964c4914]]></ToUserName>
<FromUserName><![CDATA[oF_mkjoaxjIjweNrWsniet0-aQSY]]></FromUserName>
<CreateTime>1553823599</CreateTime>
<MsgType><![CDATA[event]]></MsgType>
<Event><![CDATA[subscribe]]></Event>
<EventKey><![CDATA[]]></EventKey>
</xml>

2019-03-29 09:39:59 params :
------------
String:
array (
  'message' => 
  array (
    'tousername' => 'gh_74fc964c4914',
    'fromusername' => 'oF_mkjoaxjIjweNrWsniet0-aQSY',
    'createtime' => '1553823599',
    'msgtype' => 'event',
    'event' => 'subscribe',
    'eventkey' => '',
    'from' => 'oF_mkjoaxjIjweNrWsniet0-aQSY',
    'to' => 'gh_74fc964c4914',
    'time' => '1553823599',
    'type' => 'text',
    'redirection' => true,
    'source' => 'subscribe',
    'content' => '首次关注',
  ),
  'module' => 'reply',
  'rule' => '9',
  'priority' => '0',
  'keyword' => 
  array (
    'id' => '116',
    'rid' => '9',
    'uniacid' => '2',
    'module' => 'reply',
    'content' => '首次关注',
    'type' => '1',
    'displayorder' => '0',
    'status' => '1',
    'reply_type' => 
    array (
      0 => 'basic',
    ),
  ),
  'reply_type' => 
  array (
    0 => 'basic',
  ),
)

2019-03-29 09:39:59 response :
------------
Array:
FromUserName : gh_74fc964c4914 ;
ToUserName : oF_mkjoaxjIjweNrWsniet0-aQSY ;
MsgType : text ;
Content : 您好，感谢您关注奔瑞汽车用品！360°汽车服务解决方案提供商。业务领域涵盖高端美容、二手翻新及快速钣喷等，欢迎与我们联系。
您也可以回复以下数字，查看相关信息。
【1】品牌介绍
【2】核心项目
【3】合作支持
【4】产品中心
【5】联系方式
您可以留言或拨打客服热线 4006669243 更多资讯，您可以访问奔瑞官网 www.benrui.cn
意见，建议反馈信息请直接回复，谢谢。 ;

2019-03-29 09:40:22 trace :
------------
String:
<xml><ToUserName><![CDATA[gh_74fc964c4914]]></ToUserName>
<FromUserName><![CDATA[oF_mkjoaxjIjweNrWsniet0-aQSY]]></FromUserName>
<CreateTime>1553823624</CreateTime>
<MsgType><![CDATA[text]]></MsgType>
<Content><![CDATA[商品]]></Content>
<MsgId>22245405459646917</MsgId>
</xml>

2019-03-29 09:40:22 params :
------------
String:
array (
  'rule' => -2,
  'module' => '',
  'message' => 
  array (
    'tousername' => 'gh_74fc964c4914',
    'fromusername' => 'oF_mkjoaxjIjweNrWsniet0-aQSY',
    'createtime' => '1553823624',
    'msgtype' => 'text',
    'content' => '商品',
    'msgid' => '22245405459646917',
    'from' => 'oF_mkjoaxjIjweNrWsniet0-aQSY',
    'to' => 'gh_74fc964c4914',
    'time' => '1553823624',
    'type' => 'text',
    'event' => NULL,
    'redirection' => false,
    'source' => NULL,
  ),
)

2019-03-29 09:40:22 response :
------------

2019-03-29 09:44:37 trace :
------------
String:
<xml><ToUserName><![CDATA[gh_74fc964c4914]]></ToUserName>
<FromUserName><![CDATA[oF_mkjoaxjIjweNrWsniet0-aQSY]]></FromUserName>
<CreateTime>1553823879</CreateTime>
<MsgType><![CDATA[event]]></MsgType>
<Event><![CDATA[unsubscribe]]></Event>
<EventKey><![CDATA[]]></EventKey>
</xml>

2019-03-29 09:45:18 trace :
------------
String:
<xml><ToUserName><![CDATA[gh_74fc964c4914]]></ToUserName>
<FromUserName><![CDATA[oF_mkjnXrfsTxss8rUtYEZRD911g]]></FromUserName>
<CreateTime>1553823920</CreateTime>
<MsgType><![CDATA[event]]></MsgType>
<Event><![CDATA[LOCATION]]></Event>
<Latitude>30.217844</Latitude>
<Longitude>120.266754</Longitude>
<Precision>410.000000</Precision>
</xml>

2019-03-29 09:45:18 params :
------------
String:
array (
  'message' => 
  array (
    'tousername' => 'gh_74fc964c4914',
    'fromusername' => 'oF_mkjnXrfsTxss8rUtYEZRD911g',
    'createtime' => '1553823920',
    'msgtype' => 'event',
    'event' => 'LOCATION',
    'latitude' => '30.217844',
    'longitude' => '120.266754',
    'precision' => '410.000000',
    'from' => 'oF_mkjnXrfsTxss8rUtYEZRD911g',
    'to' => 'gh_74fc964c4914',
    'time' => '1553823920',
    'type' => 'trace',
    'location_x' => '30.217844',
    'location_y' => '120.266754',
  ),
  'module' => 'default',
  'rule' => '-1',
)

2019-03-29 09:45:18 response :
------------
Array:
errno : -1 ;
message : Invaild value ;

2019-03-29 10:04:22 trace :
------------
String:
<xml><ToUserName><![CDATA[gh_74fc964c4914]]></ToUserName>
<FromUserName><![CDATA[oF_mkjvVHe5nfVFnB-eFBRGMWono]]></FromUserName>
<CreateTime>1553825063</CreateTime>
<MsgType><![CDATA[event]]></MsgType>
<Event><![CDATA[VIEW]]></Event>
<EventKey><![CDATA[http://mp.weixin.qq.com/s?__biz=MjM5MzE3NjM0Mw==&mid=503568901&idx=1&sn=68e38de4e280a77f6a9d4729e7b63342&chksm=3d6c747d0a1bfd6b9891ec8de146b4e8934a8e3f178d5f12a5de9984b0c8826680160a8d6af5&scene=18#wechat_redirect]]></EventKey>
<MenuId>503048253</MenuId>
</xml>

2019-03-29 10:04:22 params :
------------
String:
array (
  'message' => 
  array (
    'tousername' => 'gh_74fc964c4914',
    'fromusername' => 'oF_mkjvVHe5nfVFnB-eFBRGMWono',
    'createtime' => '1553825063',
    'msgtype' => 'event',
    'event' => 'VIEW',
    'eventkey' => 'http://mp.weixin.qq.com/s?__biz=MjM5MzE3NjM0Mw==&mid=503568901&idx=1&sn=68e38de4e280a77f6a9d4729e7b63342&chksm=3d6c747d0a1bfd6b9891ec8de146b4e8934a8e3f178d5f12a5de9984b0c8826680160a8d6af5&scene=18#wechat_redirect',
    'menuid' => '503048253',
    'from' => 'oF_mkjvVHe5nfVFnB-eFBRGMWono',
    'to' => 'gh_74fc964c4914',
    'time' => '1553825063',
    'type' => 'text',
    'content' => 'http://mp.weixin.qq.com/s?__biz=MjM5MzE3NjM0Mw==&mid=503568901&idx=1&sn=68e38de4e280a77f6a9d4729e7b63342&chksm=3d6c747d0a1bfd6b9891ec8de146b4e8934a8e3f178d5f12a5de9984b0c8826680160a8d6af5&scene=18#wechat_redirect',
    'redirection' => true,
    'source' => 'VIEW',
  ),
  'module' => 'reply',
  'rule' => '25',
  'priority' => '0',
  'keyword' => 
  array (
    'id' => '32',
    'rid' => '25',
    'uniacid' => '2',
    'module' => 'reply',
    'content' => 'f1',
    'type' => '2',
    'displayorder' => '0',
    'status' => '1',
    'reply_type' => 
    array (
      0 => 'news',
    ),
  ),
  'reply_type' => 
  array (
    0 => 'news',
  ),
)

2019-03-29 10:04:22 response :
------------
Array:
FromUserName : gh_74fc964c4914 ;
ToUserName : oF_mkjvVHe5nfVFnB-eFBRGMWono ;
MsgType : news ;
ArticleCount : 1 ;
Articles : Array ;

2019-03-29 10:04:34 trace :
------------
String:
<xml><ToUserName><![CDATA[gh_74fc964c4914]]></ToUserName>
<FromUserName><![CDATA[oF_mkjvVHe5nfVFnB-eFBRGMWono]]></FromUserName>
<CreateTime>1553825075</CreateTime>
<MsgType><![CDATA[event]]></MsgType>
<Event><![CDATA[VIEW]]></Event>
<EventKey><![CDATA[http://mp.weixin.qq.com/s?__biz=MjM5MzE3NjM0Mw==&mid=503568901&idx=1&sn=68e38de4e280a77f6a9d4729e7b63342&chksm=3d6c747d0a1bfd6b9891ec8de146b4e8934a8e3f178d5f12a5de9984b0c8826680160a8d6af5&scene=18#wechat_redirect]]></EventKey>
<MenuId>503048253</MenuId>
</xml>

2019-03-29 10:04:34 params :
------------
String:
array (
  'message' => 
  array (
    'tousername' => 'gh_74fc964c4914',
    'fromusername' => 'oF_mkjvVHe5nfVFnB-eFBRGMWono',
    'createtime' => '1553825075',
    'msgtype' => 'event',
    'event' => 'VIEW',
    'eventkey' => 'http://mp.weixin.qq.com/s?__biz=MjM5MzE3NjM0Mw==&mid=503568901&idx=1&sn=68e38de4e280a77f6a9d4729e7b63342&chksm=3d6c747d0a1bfd6b9891ec8de146b4e8934a8e3f178d5f12a5de9984b0c8826680160a8d6af5&scene=18#wechat_redirect',
    'menuid' => '503048253',
    'from' => 'oF_mkjvVHe5nfVFnB-eFBRGMWono',
    'to' => 'gh_74fc964c4914',
    'time' => '1553825075',
    'type' => 'text',
    'content' => 'http://mp.weixin.qq.com/s?__biz=MjM5MzE3NjM0Mw==&mid=503568901&idx=1&sn=68e38de4e280a77f6a9d4729e7b63342&chksm=3d6c747d0a1bfd6b9891ec8de146b4e8934a8e3f178d5f12a5de9984b0c8826680160a8d6af5&scene=18#wechat_redirect',
    'redirection' => true,
    'source' => 'VIEW',
  ),
  'module' => 'reply',
  'rule' => '25',
  'priority' => '0',
  'keyword' => 
  array (
    'id' => '32',
    'rid' => '25',
    'uniacid' => '2',
    'module' => 'reply',
    'content' => 'f1',
    'type' => '2',
    'displayorder' => '0',
    'status' => '1',
    'reply_type' => 
    array (
      0 => 'news',
    ),
  ),
  'reply_type' => 
  array (
    0 => 'news',
  ),
)

2019-03-29 10:04:34 response :
------------
Array:
FromUserName : gh_74fc964c4914 ;
ToUserName : oF_mkjvVHe5nfVFnB-eFBRGMWono ;
MsgType : news ;
ArticleCount : 1 ;
Articles : Array ;

2019-03-29 10:05:54 trace :
------------
String:
<xml><ToUserName><![CDATA[gh_74fc964c4914]]></ToUserName>
<FromUserName><![CDATA[oF_mkjmDSQF-42rPiph8-NWdfTwc]]></FromUserName>
<CreateTime>1553825156</CreateTime>
<MsgType><![CDATA[event]]></MsgType>
<Event><![CDATA[LOCATION]]></Event>
<Latitude>32.409851</Latitude>
<Longitude>119.928932</Longitude>
<Precision>57.000000</Precision>
</xml>

2019-03-29 10:05:54 params :
------------
String:
array (
  'message' => 
  array (
    'tousername' => 'gh_74fc964c4914',
    'fromusername' => 'oF_mkjmDSQF-42rPiph8-NWdfTwc',
    'createtime' => '1553825156',
    'msgtype' => 'event',
    'event' => 'LOCATION',
    'latitude' => '32.409851',
    'longitude' => '119.928932',
    'precision' => '57.000000',
    'from' => 'oF_mkjmDSQF-42rPiph8-NWdfTwc',
    'to' => 'gh_74fc964c4914',
    'time' => '1553825156',
    'type' => 'trace',
    'location_x' => '32.409851',
    'location_y' => '119.928932',
  ),
  'module' => 'default',
  'rule' => '-1',
)

2019-03-29 10:05:54 response :
------------
Array:
errno : -1 ;
message : Invaild value ;

2019-03-29 10:05:59 trace :
------------
String:
<xml><ToUserName><![CDATA[gh_74fc964c4914]]></ToUserName>
<FromUserName><![CDATA[oF_mkjvVHe5nfVFnB-eFBRGMWono]]></FromUserName>
<CreateTime>1553825160</CreateTime>
<MsgType><![CDATA[text]]></MsgType>
<Content><![CDATA[怎么下载这个app]]></Content>
<MsgId>22245429200302577</MsgId>
</xml>

2019-03-29 10:05:59 params :
------------
String:
array (
  'rule' => -2,
  'module' => '',
  'message' => 
  array (
    'tousername' => 'gh_74fc964c4914',
    'fromusername' => 'oF_mkjvVHe5nfVFnB-eFBRGMWono',
    'createtime' => '1553825160',
    'msgtype' => 'text',
    'content' => '怎么下载这个app',
    'msgid' => '22245429200302577',
    'from' => 'oF_mkjvVHe5nfVFnB-eFBRGMWono',
    'to' => 'gh_74fc964c4914',
    'time' => '1553825160',
    'type' => 'text',
    'event' => NULL,
    'redirection' => false,
    'source' => NULL,
  ),
)

2019-03-29 10:05:59 response :
------------

2019-03-29 10:06:26 trace :
------------
String:
<xml><ToUserName><![CDATA[gh_74fc964c4914]]></ToUserName>
<FromUserName><![CDATA[oF_mkjmkAlQiYEbaD9ZLpMZmv4xs]]></FromUserName>
<CreateTime>1553825187</CreateTime>
<MsgType><![CDATA[event]]></MsgType>
<Event><![CDATA[subscribe]]></Event>
<EventKey><![CDATA[]]></EventKey>
</xml>

2019-03-29 10:06:26 params :
------------
String:
array (
  'message' => 
  array (
    'tousername' => 'gh_74fc964c4914',
    'fromusername' => 'oF_mkjmkAlQiYEbaD9ZLpMZmv4xs',
    'createtime' => '1553825187',
    'msgtype' => 'event',
    'event' => 'subscribe',
    'eventkey' => '',
    'from' => 'oF_mkjmkAlQiYEbaD9ZLpMZmv4xs',
    'to' => 'gh_74fc964c4914',
    'time' => '1553825187',
    'type' => 'text',
    'redirection' => true,
    'source' => 'subscribe',
    'content' => '首次关注',
  ),
  'module' => 'reply',
  'rule' => '9',
  'priority' => '0',
  'keyword' => 
  array (
    'id' => '116',
    'rid' => '9',
    'uniacid' => '2',
    'module' => 'reply',
    'content' => '首次关注',
    'type' => '1',
    'displayorder' => '0',
    'status' => '1',
    'reply_type' => 
    array (
      0 => 'basic',
    ),
  ),
  'reply_type' => 
  array (
    0 => 'basic',
  ),
)

2019-03-29 10:06:26 response :
------------
Array:
FromUserName : gh_74fc964c4914 ;
ToUserName : oF_mkjmkAlQiYEbaD9ZLpMZmv4xs ;
MsgType : text ;
Content : 您好，感谢您关注奔瑞汽车用品！360°汽车服务解决方案提供商。业务领域涵盖高端美容、二手翻新及快速钣喷等，欢迎与我们联系。
您也可以回复以下数字，查看相关信息。
【1】品牌介绍
【2】核心项目
【3】合作支持
【4】产品中心
【5】联系方式
您可以留言或拨打客服热线 4006669243 更多资讯，您可以访问奔瑞官网 www.benrui.cn
意见，建议反馈信息请直接回复，谢谢。 ;

2019-03-29 10:06:49 trace :
------------
String:
<xml><ToUserName><![CDATA[gh_74fc964c4914]]></ToUserName>
<FromUserName><![CDATA[oF_mkjmDSQF-42rPiph8-NWdfTwc]]></FromUserName>
<CreateTime>1553825210</CreateTime>
<MsgType><![CDATA[event]]></MsgType>
<Event><![CDATA[LOCATION]]></Event>
<Latitude>32.409851</Latitude>
<Longitude>119.928932</Longitude>
<Precision>57.000000</Precision>
</xml>

2019-03-29 10:06:49 params :
------------
String:
array (
  'message' => 
  array (
    'tousername' => 'gh_74fc964c4914',
    'fromusername' => 'oF_mkjmDSQF-42rPiph8-NWdfTwc',
    'createtime' => '1553825210',
    'msgtype' => 'event',
    'event' => 'LOCATION',
    'latitude' => '32.409851',
    'longitude' => '119.928932',
    'precision' => '57.000000',
    'from' => 'oF_mkjmDSQF-42rPiph8-NWdfTwc',
    'to' => 'gh_74fc964c4914',
    'time' => '1553825210',
    'type' => 'trace',
    'location_x' => '32.409851',
    'location_y' => '119.928932',
  ),
  'module' => 'default',
  'rule' => '-1',
)

2019-03-29 10:06:49 response :
------------
Array:
errno : -1 ;
message : Invaild value ;

2019-03-29 10:07:21 trace :
------------
String:
<xml><ToUserName><![CDATA[gh_74fc964c4914]]></ToUserName>
<FromUserName><![CDATA[oF_mkjmDSQF-42rPiph8-NWdfTwc]]></FromUserName>
<CreateTime>1553825243</CreateTime>
<MsgType><![CDATA[event]]></MsgType>
<Event><![CDATA[LOCATION]]></Event>
<Latitude>32.409817</Latitude>
<Longitude>119.928894</Longitude>
<Precision>67.000000</Precision>
</xml>

2019-03-29 10:07:21 params :
------------
String:
array (
  'message' => 
  array (
    'tousername' => 'gh_74fc964c4914',
    'fromusername' => 'oF_mkjmDSQF-42rPiph8-NWdfTwc',
    'createtime' => '1553825243',
    'msgtype' => 'event',
    'event' => 'LOCATION',
    'latitude' => '32.409817',
    'longitude' => '119.928894',
    'precision' => '67.000000',
    'from' => 'oF_mkjmDSQF-42rPiph8-NWdfTwc',
    'to' => 'gh_74fc964c4914',
    'time' => '1553825243',
    'type' => 'trace',
    'location_x' => '32.409817',
    'location_y' => '119.928894',
  ),
  'module' => 'default',
  'rule' => '-1',
)

2019-03-29 10:07:21 response :
------------
Array:
errno : -1 ;
message : Invaild value ;

2019-03-29 10:07:29 trace :
------------
String:
<xml><ToUserName><![CDATA[gh_74fc964c4914]]></ToUserName>
<FromUserName><![CDATA[oF_mkjmDSQF-42rPiph8-NWdfTwc]]></FromUserName>
<CreateTime>1553825251</CreateTime>
<MsgType><![CDATA[event]]></MsgType>
<Event><![CDATA[LOCATION]]></Event>
<Latitude>32.409973</Latitude>
<Longitude>119.928879</Longitude>
<Precision>30.000000</Precision>
</xml>

2019-03-29 10:07:29 params :
------------
String:
array (
  'message' => 
  array (
    'tousername' => 'gh_74fc964c4914',
    'fromusername' => 'oF_mkjmDSQF-42rPiph8-NWdfTwc',
    'createtime' => '1553825251',
    'msgtype' => 'event',
    'event' => 'LOCATION',
    'latitude' => '32.409973',
    'longitude' => '119.928879',
    'precision' => '30.000000',
    'from' => 'oF_mkjmDSQF-42rPiph8-NWdfTwc',
    'to' => 'gh_74fc964c4914',
    'time' => '1553825251',
    'type' => 'trace',
    'location_x' => '32.409973',
    'location_y' => '119.928879',
  ),
  'module' => 'default',
  'rule' => '-1',
)

2019-03-29 10:07:29 response :
------------
Array:
errno : -1 ;
message : Invaild value ;

2019-03-29 10:07:52 trace :
------------
String:
<xml><ToUserName><![CDATA[gh_74fc964c4914]]></ToUserName>
<FromUserName><![CDATA[oF_mkjmDSQF-42rPiph8-NWdfTwc]]></FromUserName>
<CreateTime>1553825273</CreateTime>
<MsgType><![CDATA[event]]></MsgType>
<Event><![CDATA[CLICK]]></Event>
<EventKey><![CDATA[最新优惠]]></EventKey>
</xml>

2019-03-29 10:07:52 params :
------------
String:
array (
  'message' => 
  array (
    'tousername' => 'gh_74fc964c4914',
    'fromusername' => 'oF_mkjmDSQF-42rPiph8-NWdfTwc',
    'createtime' => '1553825273',
    'msgtype' => 'event',
    'event' => 'CLICK',
    'eventkey' => '最新优惠',
    'from' => 'oF_mkjmDSQF-42rPiph8-NWdfTwc',
    'to' => 'gh_74fc964c4914',
    'time' => '1553825273',
    'type' => 'text',
    'content' => '最新优惠',
    'redirection' => true,
    'source' => 'click',
  ),
  'module' => 'reply',
  'rule' => '53',
  'priority' => '0',
  'keyword' => 
  array (
    'id' => '115',
    'rid' => '53',
    'uniacid' => '2',
    'module' => 'reply',
    'content' => '最新优惠',
    'type' => '1',
    'displayorder' => '0',
    'status' => '1',
    'reply_type' => 
    array (
      0 => 'basic',
    ),
  ),
  'reply_type' => 
  array (
    0 => 'basic',
  ),
)

2019-03-29 10:07:52 response :
------------
Array:
FromUserName : gh_74fc964c4914 ;
ToUserName : oF_mkjmDSQF-42rPiph8-NWdfTwc ;
MsgType : text ;
Content : 优质服务季，一大波促销活动即将激情开启，敬请期待。 ;

2019-03-29 10:07:59 trace :
------------
String:
<xml><ToUserName><![CDATA[gh_74fc964c4914]]></ToUserName>
<FromUserName><![CDATA[oF_mkjmDSQF-42rPiph8-NWdfTwc]]></FromUserName>
<CreateTime>1553825281</CreateTime>
<MsgType><![CDATA[event]]></MsgType>
<Event><![CDATA[VIEW]]></Event>
<EventKey><![CDATA[http://mp.weixin.qq.com/s?__biz=MjM5MzE3NjM0Mw==&mid=2651052631&idx=1&sn=f6c637ac6355950fb6a6be3d98a3cc23&chksm=bd6c742f8a1bfd39d1d675b59be3bddfb6f31ba6f7077f16cd628b6444ecb07d173e07cf2793&scene=18#wechat_redirect]]></EventKey>
<MenuId>503048253</MenuId>
</xml>

2019-03-29 10:08:00 params :
------------
String:
array (
  'message' => 
  array (
    'tousername' => 'gh_74fc964c4914',
    'fromusername' => 'oF_mkjmDSQF-42rPiph8-NWdfTwc',
    'createtime' => '1553825281',
    'msgtype' => 'event',
    'event' => 'VIEW',
    'eventkey' => 'http://mp.weixin.qq.com/s?__biz=MjM5MzE3NjM0Mw==&mid=2651052631&idx=1&sn=f6c637ac6355950fb6a6be3d98a3cc23&chksm=bd6c742f8a1bfd39d1d675b59be3bddfb6f31ba6f7077f16cd628b6444ecb07d173e07cf2793&scene=18#wechat_redirect',
    'menuid' => '503048253',
    'from' => 'oF_mkjmDSQF-42rPiph8-NWdfTwc',
    'to' => 'gh_74fc964c4914',
    'time' => '1553825281',
    'type' => 'text',
    'content' => 'http://mp.weixin.qq.com/s?__biz=MjM5MzE3NjM0Mw==&mid=2651052631&idx=1&sn=f6c637ac6355950fb6a6be3d98a3cc23&chksm=bd6c742f8a1bfd39d1d675b59be3bddfb6f31ba6f7077f16cd628b6444ecb07d173e07cf2793&scene=18#wechat_redirect',
    'redirection' => true,
    'source' => 'VIEW',
  ),
  'module' => 'reply',
  'rule' => '25',
  'priority' => '0',
  'keyword' => 
  array (
    'id' => '32',
    'rid' => '25',
    'uniacid' => '2',
    'module' => 'reply',
    'content' => 'f1',
    'type' => '2',
    'displayorder' => '0',
    'status' => '1',
    'reply_type' => 
    array (
      0 => 'news',
    ),
  ),
  'reply_type' => 
  array (
    0 => 'news',
  ),
)

2019-03-29 10:08:00 response :
------------
Array:
FromUserName : gh_74fc964c4914 ;
ToUserName : oF_mkjmDSQF-42rPiph8-NWdfTwc ;
MsgType : news ;
ArticleCount : 1 ;
Articles : Array ;

2019-03-29 10:08:11 trace :
------------
String:
<xml><ToUserName><![CDATA[gh_74fc964c4914]]></ToUserName>
<FromUserName><![CDATA[oF_mkjmDSQF-42rPiph8-NWdfTwc]]></FromUserName>
<CreateTime>1553825293</CreateTime>
<MsgType><![CDATA[event]]></MsgType>
<Event><![CDATA[LOCATION]]></Event>
<Latitude>32.409855</Latitude>
<Longitude>119.929024</Longitude>
<Precision>50.000000</Precision>
</xml>

2019-03-29 10:08:11 params :
------------
String:
array (
  'message' => 
  array (
    'tousername' => 'gh_74fc964c4914',
    'fromusername' => 'oF_mkjmDSQF-42rPiph8-NWdfTwc',
    'createtime' => '1553825293',
    'msgtype' => 'event',
    'event' => 'LOCATION',
    'latitude' => '32.409855',
    'longitude' => '119.929024',
    'precision' => '50.000000',
    'from' => 'oF_mkjmDSQF-42rPiph8-NWdfTwc',
    'to' => 'gh_74fc964c4914',
    'time' => '1553825293',
    'type' => 'trace',
    'location_x' => '32.409855',
    'location_y' => '119.929024',
  ),
  'module' => 'default',
  'rule' => '-1',
)

2019-03-29 10:08:11 response :
------------
Array:
errno : -1 ;
message : Invaild value ;

2019-03-29 11:33:36 trace :
------------
String:
<xml><ToUserName><![CDATA[gh_74fc964c4914]]></ToUserName>
<FromUserName><![CDATA[oF_mkjtmk4aMz5pqBxZJ05-Bx9ac]]></FromUserName>
<CreateTime>1553830417</CreateTime>
<MsgType><![CDATA[event]]></MsgType>
<Event><![CDATA[SCAN]]></Event>
<EventKey><![CDATA[TZHB15301484495157840--4543]]></EventKey>
<Ticket><![CDATA[gQEJ8DwAAAAAAAAAAS5odHRwOi8vd2VpeGluLnFxLmNvbS9xLzAyb1RkZU5zblZhQWUxMDAwMDAwN1oAAgRhNjRbAwQAAAAA]]></Ticket>
</xml>

2019-03-29 11:33:36 params :
------------
String:
array (
  'rule' => -2,
  'module' => '',
  'message' => 
  array (
    'tousername' => 'gh_74fc964c4914',
    'fromusername' => 'oF_mkjtmk4aMz5pqBxZJ05-Bx9ac',
    'createtime' => '1553830417',
    'msgtype' => 'event',
    'event' => 'SCAN',
    'eventkey' => 'TZHB15301484495157840--4543',
    'ticket' => 'gQEJ8DwAAAAAAAAAAS5odHRwOi8vd2VpeGluLnFxLmNvbS9xLzAyb1RkZU5zblZhQWUxMDAwMDAwN1oAAgRhNjRbAwQAAAAA',
    'from' => 'oF_mkjtmk4aMz5pqBxZJ05-Bx9ac',
    'to' => 'gh_74fc964c4914',
    'time' => '1553830417',
    'type' => 'text',
    'scene' => 'TZHB15301484495157840--4543',
    'redirection' => true,
    'source' => 'qr',
  ),
)

2019-03-29 11:33:36 response :
------------

2019-03-29 11:33:52 trace :
------------
String:
<xml><ToUserName><![CDATA[gh_74fc964c4914]]></ToUserName>
<FromUserName><![CDATA[oF_mkjtmk4aMz5pqBxZJ05-Bx9ac]]></FromUserName>
<CreateTime>1553830433</CreateTime>
<MsgType><![CDATA[event]]></MsgType>
<Event><![CDATA[SCAN]]></Event>
<EventKey><![CDATA[TZHB15301484495157840--4543]]></EventKey>
<Ticket><![CDATA[gQEJ8DwAAAAAAAAAAS5odHRwOi8vd2VpeGluLnFxLmNvbS9xLzAyb1RkZU5zblZhQWUxMDAwMDAwN1oAAgRhNjRbAwQAAAAA]]></Ticket>
</xml>

2019-03-29 11:33:52 params :
------------
String:
array (
  'rule' => -2,
  'module' => '',
  'message' => 
  array (
    'tousername' => 'gh_74fc964c4914',
    'fromusername' => 'oF_mkjtmk4aMz5pqBxZJ05-Bx9ac',
    'createtime' => '1553830433',
    'msgtype' => 'event',
    'event' => 'SCAN',
    'eventkey' => 'TZHB15301484495157840--4543',
    'ticket' => 'gQEJ8DwAAAAAAAAAAS5odHRwOi8vd2VpeGluLnFxLmNvbS9xLzAyb1RkZU5zblZhQWUxMDAwMDAwN1oAAgRhNjRbAwQAAAAA',
    'from' => 'oF_mkjtmk4aMz5pqBxZJ05-Bx9ac',
    'to' => 'gh_74fc964c4914',
    'time' => '1553830433',
    'type' => 'text',
    'scene' => 'TZHB15301484495157840--4543',
    'redirection' => true,
    'source' => 'qr',
  ),
)

2019-03-29 11:33:52 response :
------------

2019-03-29 12:08:04 trace :
------------
String:
<xml><ToUserName><![CDATA[gh_74fc964c4914]]></ToUserName>
<FromUserName><![CDATA[oF_mkjqq3hCAG41-c2SY9QuYiF6A]]></FromUserName>
<CreateTime>1553832485</CreateTime>
<MsgType><![CDATA[event]]></MsgType>
<Event><![CDATA[unsubscribe]]></Event>
<EventKey><![CDATA[]]></EventKey>
</xml>

2019-03-29 12:14:14 trace :
------------
String:
<xml><ToUserName><![CDATA[gh_74fc964c4914]]></ToUserName>
<FromUserName><![CDATA[oF_mkjgbRVWWJWRWkInTObBoJP2s]]></FromUserName>
<CreateTime>1553832855</CreateTime>
<MsgType><![CDATA[event]]></MsgType>
<Event><![CDATA[unsubscribe]]></Event>
<EventKey><![CDATA[]]></EventKey>
</xml>

2019-03-29 16:44:14 trace :
------------
String:
<xml><ToUserName><![CDATA[gh_74fc964c4914]]></ToUserName>
<FromUserName><![CDATA[oF_mkjqpE0FMFOyFMm4VP-NpJQEg]]></FromUserName>
<CreateTime>1553849055</CreateTime>
<MsgType><![CDATA[event]]></MsgType>
<Event><![CDATA[subscribe]]></Event>
<EventKey><![CDATA[]]></EventKey>
</xml>

2019-03-29 16:44:14 params :
------------
String:
array (
  'message' => 
  array (
    'tousername' => 'gh_74fc964c4914',
    'fromusername' => 'oF_mkjqpE0FMFOyFMm4VP-NpJQEg',
    'createtime' => '1553849055',
    'msgtype' => 'event',
    'event' => 'subscribe',
    'eventkey' => '',
    'from' => 'oF_mkjqpE0FMFOyFMm4VP-NpJQEg',
    'to' => 'gh_74fc964c4914',
    'time' => '1553849055',
    'type' => 'text',
    'redirection' => true,
    'source' => 'subscribe',
    'content' => '首次关注',
  ),
  'module' => 'reply',
  'rule' => '9',
  'priority' => '0',
  'keyword' => 
  array (
    'id' => '116',
    'rid' => '9',
    'uniacid' => '2',
    'module' => 'reply',
    'content' => '首次关注',
    'type' => '1',
    'displayorder' => '0',
    'status' => '1',
    'reply_type' => 
    array (
      0 => 'basic',
    ),
  ),
  'reply_type' => 
  array (
    0 => 'basic',
  ),
)

2019-03-29 16:44:14 response :
------------
Array:
FromUserName : gh_74fc964c4914 ;
ToUserName : oF_mkjqpE0FMFOyFMm4VP-NpJQEg ;
MsgType : text ;
Content : 您好，感谢您关注奔瑞汽车用品！360°汽车服务解决方案提供商。业务领域涵盖高端美容、二手翻新及快速钣喷等，欢迎与我们联系。
您也可以回复以下数字，查看相关信息。
【1】品牌介绍
【2】核心项目
【3】合作支持
【4】产品中心
【5】联系方式
您可以留言或拨打客服热线 4006669243 更多资讯，您可以访问奔瑞官网 www.benrui.cn
意见，建议反馈信息请直接回复，谢谢。 ;

2019-03-29 17:13:34 trace :
------------
String:
<xml><ToUserName><![CDATA[gh_74fc964c4914]]></ToUserName>
<FromUserName><![CDATA[oF_mkjmdMmLFncUzfJFfQfJAsYbg]]></FromUserName>
<CreateTime>1553850815</CreateTime>
<MsgType><![CDATA[event]]></MsgType>
<Event><![CDATA[subscribe]]></Event>
<EventKey><![CDATA[qrscene_TZHB15367438825716107--10657]]></EventKey>
<Ticket><![CDATA[gQFv8TwAAAAAAAAAAS5odHRwOi8vd2VpeGluLnFxLmNvbS9xLzAyU0x5dE5kblZhQWUxMDAwME0wN3YAAgTK2ZhbAwQAAAAA]]></Ticket>
</xml>

2019-03-29 17:13:34 params :
------------
String:
array (
  'message' => 
  array (
    'tousername' => 'gh_74fc964c4914',
    'fromusername' => 'oF_mkjmdMmLFncUzfJFfQfJAsYbg',
    'createtime' => '1553850815',
    'msgtype' => 'event',
    'event' => 'subscribe',
    'eventkey' => 'qrscene_TZHB15367438825716107--10657',
    'ticket' => 'gQFv8TwAAAAAAAAAAS5odHRwOi8vd2VpeGluLnFxLmNvbS9xLzAyU0x5dE5kblZhQWUxMDAwME0wN3YAAgTK2ZhbAwQAAAAA',
    'from' => 'oF_mkjmdMmLFncUzfJFfQfJAsYbg',
    'to' => 'gh_74fc964c4914',
    'time' => '1553850815',
    'type' => 'text',
    'scene' => 'TZHB15367438825716107--10657',
    'redirection' => true,
    'source' => 'subscribe',
    'content' => '首次关注',
  ),
  'module' => 'reply',
  'rule' => '9',
  'priority' => '0',
  'keyword' => 
  array (
    'id' => '116',
    'rid' => '9',
    'uniacid' => '2',
    'module' => 'reply',
    'content' => '首次关注',
    'type' => '1',
    'displayorder' => '0',
    'status' => '1',
    'reply_type' => 
    array (
      0 => 'basic',
    ),
  ),
  'reply_type' => 
  array (
    0 => 'basic',
  ),
)

2019-03-29 17:13:34 response :
------------
Array:
FromUserName : gh_74fc964c4914 ;
ToUserName : oF_mkjmdMmLFncUzfJFfQfJAsYbg ;
MsgType : text ;
Content : 您好，感谢您关注奔瑞汽车用品！360°汽车服务解决方案提供商。业务领域涵盖高端美容、二手翻新及快速钣喷等，欢迎与我们联系。
您也可以回复以下数字，查看相关信息。
【1】品牌介绍
【2】核心项目
【3】合作支持
【4】产品中心
【5】联系方式
您可以留言或拨打客服热线 4006669243 更多资讯，您可以访问奔瑞官网 www.benrui.cn
意见，建议反馈信息请直接回复，谢谢。 ;

2019-03-29 17:14:29 trace :
------------
String:
<xml><ToUserName><![CDATA[gh_74fc964c4914]]></ToUserName>
<FromUserName><![CDATA[oF_mkjmdMmLFncUzfJFfQfJAsYbg]]></FromUserName>
<CreateTime>1553850871</CreateTime>
<MsgType><![CDATA[event]]></MsgType>
<Event><![CDATA[unsubscribe]]></Event>
<EventKey><![CDATA[]]></EventKey>
</xml>

2019-03-29 18:51:14 trace :
------------
String:
<xml><ToUserName><![CDATA[gh_74fc964c4914]]></ToUserName>
<FromUserName><![CDATA[oF_mkjkW2VQy7ftHxf2oxy-_wfe4]]></FromUserName>
<CreateTime>1553856675</CreateTime>
<MsgType><![CDATA[event]]></MsgType>
<Event><![CDATA[unsubscribe]]></Event>
<EventKey><![CDATA[]]></EventKey>
</xml>

2019-03-29 20:40:13 trace :
------------
String:
<xml><ToUserName><![CDATA[gh_74fc964c4914]]></ToUserName>
<FromUserName><![CDATA[oF_mkjkHpM1Ghckzcetc1d67TDWw]]></FromUserName>
<CreateTime>1553863215</CreateTime>
<MsgType><![CDATA[event]]></MsgType>
<Event><![CDATA[VIEW]]></Event>
<EventKey><![CDATA[http://mp.weixin.qq.com/s?__biz=MjM5MzE3NjM0Mw==&mid=503568901&idx=1&sn=68e38de4e280a77f6a9d4729e7b63342&chksm=3d6c747d0a1bfd6b9891ec8de146b4e8934a8e3f178d5f12a5de9984b0c8826680160a8d6af5&scene=18#wechat_redirect]]></EventKey>
<MenuId>503048253</MenuId>
</xml>

2019-03-29 20:40:13 params :
------------
String:
array (
  'message' => 
  array (
    'tousername' => 'gh_74fc964c4914',
    'fromusername' => 'oF_mkjkHpM1Ghckzcetc1d67TDWw',
    'createtime' => '1553863215',
    'msgtype' => 'event',
    'event' => 'VIEW',
    'eventkey' => 'http://mp.weixin.qq.com/s?__biz=MjM5MzE3NjM0Mw==&mid=503568901&idx=1&sn=68e38de4e280a77f6a9d4729e7b63342&chksm=3d6c747d0a1bfd6b9891ec8de146b4e8934a8e3f178d5f12a5de9984b0c8826680160a8d6af5&scene=18#wechat_redirect',
    'menuid' => '503048253',
    'from' => 'oF_mkjkHpM1Ghckzcetc1d67TDWw',
    'to' => 'gh_74fc964c4914',
    'time' => '1553863215',
    'type' => 'text',
    'content' => 'http://mp.weixin.qq.com/s?__biz=MjM5MzE3NjM0Mw==&mid=503568901&idx=1&sn=68e38de4e280a77f6a9d4729e7b63342&chksm=3d6c747d0a1bfd6b9891ec8de146b4e8934a8e3f178d5f12a5de9984b0c8826680160a8d6af5&scene=18#wechat_redirect',
    'redirection' => true,
    'source' => 'VIEW',
  ),
  'module' => 'reply',
  'rule' => '25',
  'priority' => '0',
  'keyword' => 
  array (
    'id' => '32',
    'rid' => '25',
    'uniacid' => '2',
    'module' => 'reply',
    'content' => 'f1',
    'type' => '2',
    'displayorder' => '0',
    'status' => '1',
    'reply_type' => 
    array (
      0 => 'news',
    ),
  ),
  'reply_type' => 
  array (
    0 => 'news',
  ),
)

2019-03-29 20:40:13 response :
------------
Array:
FromUserName : gh_74fc964c4914 ;
ToUserName : oF_mkjkHpM1Ghckzcetc1d67TDWw ;
MsgType : news ;
ArticleCount : 1 ;
Articles : Array ;

