2019-03-13 10:41:00 trace :
------------
String:
<xml><ToUserName><![CDATA[gh_74fc964c4914]]></ToUserName>
<FromUserName><![CDATA[oF_mkjnrXDHRiYtCNKxMR_IVnx_o]]></FromUserName>
<CreateTime>1552444861</CreateTime>
<MsgType><![CDATA[event]]></MsgType>
<Event><![CDATA[subscribe]]></Event>
<EventKey><![CDATA[qrscene_TZHB15367438830671598--10659]]></EventKey>
<Ticket><![CDATA[gQF08TwAAAAAAAAAAS5odHRwOi8vd2VpeGluLnFxLmNvbS9xLzAyZUtYUE54blZhQWUxMDAwMGcwN3YAAgTL2ZhbAwQAAAAA]]></Ticket>
</xml>

2019-03-13 10:41:01 params :
------------
String:
array (
  'message' => 
  array (
    'tousername' => 'gh_74fc964c4914',
    'fromusername' => 'oF_mkjnrXDHRiYtCNKxMR_IVnx_o',
    'createtime' => '1552444861',
    'msgtype' => 'event',
    'event' => 'subscribe',
    'eventkey' => 'qrscene_TZHB15367438830671598--10659',
    'ticket' => 'gQF08TwAAAAAAAAAAS5odHRwOi8vd2VpeGluLnFxLmNvbS9xLzAyZUtYUE54blZhQWUxMDAwMGcwN3YAAgTL2ZhbAwQAAAAA',
    'from' => 'oF_mkjnrXDHRiYtCNKxMR_IVnx_o',
    'to' => 'gh_74fc964c4914',
    'time' => '1552444861',
    'type' => 'text',
    'scene' => 'TZHB15367438830671598--10659',
    'redirection' => true,
    'source' => 'subscribe',
    'content' => '首次关注',
  ),
  'module' => 'reply',
  'rule' => '9',
  'priority' => '0',
  'keyword' => 
  array (
    'id' => '116',
    'rid' => '9',
    'uniacid' => '2',
    'module' => 'reply',
    'content' => '首次关注',
    'type' => '1',
    'displayorder' => '0',
    'status' => '1',
    'reply_type' => 
    array (
      0 => 'basic',
    ),
  ),
  'reply_type' => 
  array (
    0 => 'basic',
  ),
)

2019-03-13 10:41:01 response :
------------
Array:
FromUserName : gh_74fc964c4914 ;
ToUserName : oF_mkjnrXDHRiYtCNKxMR_IVnx_o ;
MsgType : text ;
Content : 您好，感谢您关注奔瑞汽车用品！360°汽车服务解决方案提供商。业务领域涵盖高端美容、二手翻新及快速钣喷等，欢迎与我们联系。
您也可以回复以下数字，查看相关信息。
【1】品牌介绍
【2】核心项目
【3】合作支持
【4】产品中心
【5】联系方式
您可以留言或拨打客服热线 4006669243 更多资讯，您可以访问奔瑞官网 www.benrui.cn
意见，建议反馈信息请直接回复，谢谢。 ;

2019-03-13 10:41:24 trace :
------------
String:
<xml><ToUserName><![CDATA[gh_74fc964c4914]]></ToUserName>
<FromUserName><![CDATA[oF_mkjnrXDHRiYtCNKxMR_IVnx_o]]></FromUserName>
<CreateTime>1552444885</CreateTime>
<MsgType><![CDATA[event]]></MsgType>
<Event><![CDATA[unsubscribe]]></Event>
<EventKey><![CDATA[]]></EventKey>
</xml>

2019-03-13 10:44:26 trace :
------------
String:
<xml><ToUserName><![CDATA[gh_74fc964c4914]]></ToUserName>
<FromUserName><![CDATA[oF_mkjhUJGTda-iEpDfUbPBYnPgk]]></FromUserName>
<CreateTime>1552445068</CreateTime>
<MsgType><![CDATA[event]]></MsgType>
<Event><![CDATA[subscribe]]></Event>
<EventKey><![CDATA[qrscene_TZHB15264360681379894--704]]></EventKey>
<Ticket><![CDATA[gQGK8TwAAAAAAAAAAS5odHRwOi8vd2VpeGluLnFxLmNvbS9xLzAyUTZRaU1mblZhQWUxMDAwMGcwN1gAAgTkkPtaAwQAAAAA]]></Ticket>
</xml>

2019-03-13 10:44:27 params :
------------
String:
array (
  'message' => 
  array (
    'tousername' => 'gh_74fc964c4914',
    'fromusername' => 'oF_mkjhUJGTda-iEpDfUbPBYnPgk',
    'createtime' => '1552445068',
    'msgtype' => 'event',
    'event' => 'subscribe',
    'eventkey' => 'qrscene_TZHB15264360681379894--704',
    'ticket' => 'gQGK8TwAAAAAAAAAAS5odHRwOi8vd2VpeGluLnFxLmNvbS9xLzAyUTZRaU1mblZhQWUxMDAwMGcwN1gAAgTkkPtaAwQAAAAA',
    'from' => 'oF_mkjhUJGTda-iEpDfUbPBYnPgk',
    'to' => 'gh_74fc964c4914',
    'time' => '1552445068',
    'type' => 'text',
    'scene' => 'TZHB15264360681379894--704',
    'redirection' => true,
    'source' => 'subscribe',
    'content' => '首次关注',
  ),
  'module' => 'reply',
  'rule' => '9',
  'priority' => '0',
  'keyword' => 
  array (
    'id' => '116',
    'rid' => '9',
    'uniacid' => '2',
    'module' => 'reply',
    'content' => '首次关注',
    'type' => '1',
    'displayorder' => '0',
    'status' => '1',
    'reply_type' => 
    array (
      0 => 'basic',
    ),
  ),
  'reply_type' => 
  array (
    0 => 'basic',
  ),
)

2019-03-13 10:44:27 response :
------------
Array:
FromUserName : gh_74fc964c4914 ;
ToUserName : oF_mkjhUJGTda-iEpDfUbPBYnPgk ;
MsgType : text ;
Content : 您好，感谢您关注奔瑞汽车用品！360°汽车服务解决方案提供商。业务领域涵盖高端美容、二手翻新及快速钣喷等，欢迎与我们联系。
您也可以回复以下数字，查看相关信息。
【1】品牌介绍
【2】核心项目
【3】合作支持
【4】产品中心
【5】联系方式
您可以留言或拨打客服热线 4006669243 更多资讯，您可以访问奔瑞官网 www.benrui.cn
意见，建议反馈信息请直接回复，谢谢。 ;

2019-03-13 10:44:41 trace :
------------
String:
<xml><ToUserName><![CDATA[gh_74fc964c4914]]></ToUserName>
<FromUserName><![CDATA[oF_mkjhUJGTda-iEpDfUbPBYnPgk]]></FromUserName>
<CreateTime>1552445082</CreateTime>
<MsgType><![CDATA[event]]></MsgType>
<Event><![CDATA[SCAN]]></Event>
<EventKey><![CDATA[TZHB15264360681379894--704]]></EventKey>
<Ticket><![CDATA[gQGK8TwAAAAAAAAAAS5odHRwOi8vd2VpeGluLnFxLmNvbS9xLzAyUTZRaU1mblZhQWUxMDAwMGcwN1gAAgTkkPtaAwQAAAAA]]></Ticket>
</xml>

2019-03-13 10:44:41 params :
------------
String:
array (
  'rule' => -2,
  'module' => '',
  'message' => 
  array (
    'tousername' => 'gh_74fc964c4914',
    'fromusername' => 'oF_mkjhUJGTda-iEpDfUbPBYnPgk',
    'createtime' => '1552445082',
    'msgtype' => 'event',
    'event' => 'SCAN',
    'eventkey' => 'TZHB15264360681379894--704',
    'ticket' => 'gQGK8TwAAAAAAAAAAS5odHRwOi8vd2VpeGluLnFxLmNvbS9xLzAyUTZRaU1mblZhQWUxMDAwMGcwN1gAAgTkkPtaAwQAAAAA',
    'from' => 'oF_mkjhUJGTda-iEpDfUbPBYnPgk',
    'to' => 'gh_74fc964c4914',
    'time' => '1552445082',
    'type' => 'text',
    'scene' => 'TZHB15264360681379894--704',
    'redirection' => true,
    'source' => 'qr',
  ),
)

2019-03-13 10:44:41 response :
------------

2019-03-13 10:45:55 trace :
------------
String:
<xml><ToUserName><![CDATA[gh_74fc964c4914]]></ToUserName>
<FromUserName><![CDATA[oF_mkjhUJGTda-iEpDfUbPBYnPgk]]></FromUserName>
<CreateTime>1552445156</CreateTime>
<MsgType><![CDATA[event]]></MsgType>
<Event><![CDATA[SCAN]]></Event>
<EventKey><![CDATA[TZHB15264361233443123--953]]></EventKey>
<Ticket><![CDATA[gQFp8TwAAAAAAAAAAS5odHRwOi8vd2VpeGluLnFxLmNvbS9xLzAyLVQwZE1PblZhQWUxMDAwMHcwN3QAAgQbkftaAwQAAAAA]]></Ticket>
</xml>

2019-03-13 10:45:55 params :
------------
String:
array (
  'rule' => -2,
  'module' => '',
  'message' => 
  array (
    'tousername' => 'gh_74fc964c4914',
    'fromusername' => 'oF_mkjhUJGTda-iEpDfUbPBYnPgk',
    'createtime' => '1552445156',
    'msgtype' => 'event',
    'event' => 'SCAN',
    'eventkey' => 'TZHB15264361233443123--953',
    'ticket' => 'gQFp8TwAAAAAAAAAAS5odHRwOi8vd2VpeGluLnFxLmNvbS9xLzAyLVQwZE1PblZhQWUxMDAwMHcwN3QAAgQbkftaAwQAAAAA',
    'from' => 'oF_mkjhUJGTda-iEpDfUbPBYnPgk',
    'to' => 'gh_74fc964c4914',
    'time' => '1552445156',
    'type' => 'text',
    'scene' => 'TZHB15264361233443123--953',
    'redirection' => true,
    'source' => 'qr',
  ),
)

2019-03-13 10:45:55 response :
------------

2019-03-13 10:46:08 trace :
------------
String:
<xml><ToUserName><![CDATA[gh_74fc964c4914]]></ToUserName>
<FromUserName><![CDATA[oF_mkjhUJGTda-iEpDfUbPBYnPgk]]></FromUserName>
<CreateTime>1552445170</CreateTime>
<MsgType><![CDATA[event]]></MsgType>
<Event><![CDATA[SCAN]]></Event>
<EventKey><![CDATA[TZHB15264361233443123--953]]></EventKey>
<Ticket><![CDATA[gQFp8TwAAAAAAAAAAS5odHRwOi8vd2VpeGluLnFxLmNvbS9xLzAyLVQwZE1PblZhQWUxMDAwMHcwN3QAAgQbkftaAwQAAAAA]]></Ticket>
</xml>

2019-03-13 10:46:08 params :
------------
String:
array (
  'rule' => -2,
  'module' => '',
  'message' => 
  array (
    'tousername' => 'gh_74fc964c4914',
    'fromusername' => 'oF_mkjhUJGTda-iEpDfUbPBYnPgk',
    'createtime' => '1552445170',
    'msgtype' => 'event',
    'event' => 'SCAN',
    'eventkey' => 'TZHB15264361233443123--953',
    'ticket' => 'gQFp8TwAAAAAAAAAAS5odHRwOi8vd2VpeGluLnFxLmNvbS9xLzAyLVQwZE1PblZhQWUxMDAwMHcwN3QAAgQbkftaAwQAAAAA',
    'from' => 'oF_mkjhUJGTda-iEpDfUbPBYnPgk',
    'to' => 'gh_74fc964c4914',
    'time' => '1552445170',
    'type' => 'text',
    'scene' => 'TZHB15264361233443123--953',
    'redirection' => true,
    'source' => 'qr',
  ),
)

2019-03-13 10:46:08 response :
------------

2019-03-13 12:20:06 trace :
------------
String:
<xml><ToUserName><![CDATA[gh_74fc964c4914]]></ToUserName>
<FromUserName><![CDATA[oF_mkjt0O6lA2MK0jBnmoIJOIQ5A]]></FromUserName>
<CreateTime>1552450807</CreateTime>
<MsgType><![CDATA[event]]></MsgType>
<Event><![CDATA[subscribe]]></Event>
<EventKey><![CDATA[]]></EventKey>
</xml>

2019-03-13 12:20:06 params :
------------
String:
array (
  'message' => 
  array (
    'tousername' => 'gh_74fc964c4914',
    'fromusername' => 'oF_mkjt0O6lA2MK0jBnmoIJOIQ5A',
    'createtime' => '1552450807',
    'msgtype' => 'event',
    'event' => 'subscribe',
    'eventkey' => '',
    'from' => 'oF_mkjt0O6lA2MK0jBnmoIJOIQ5A',
    'to' => 'gh_74fc964c4914',
    'time' => '1552450807',
    'type' => 'text',
    'redirection' => true,
    'source' => 'subscribe',
    'content' => '首次关注',
  ),
  'module' => 'reply',
  'rule' => '9',
  'priority' => '0',
  'keyword' => 
  array (
    'id' => '116',
    'rid' => '9',
    'uniacid' => '2',
    'module' => 'reply',
    'content' => '首次关注',
    'type' => '1',
    'displayorder' => '0',
    'status' => '1',
    'reply_type' => 
    array (
      0 => 'basic',
    ),
  ),
  'reply_type' => 
  array (
    0 => 'basic',
  ),
)

2019-03-13 12:20:06 response :
------------
Array:
FromUserName : gh_74fc964c4914 ;
ToUserName : oF_mkjt0O6lA2MK0jBnmoIJOIQ5A ;
MsgType : text ;
Content : 您好，感谢您关注奔瑞汽车用品！360°汽车服务解决方案提供商。业务领域涵盖高端美容、二手翻新及快速钣喷等，欢迎与我们联系。
您也可以回复以下数字，查看相关信息。
【1】品牌介绍
【2】核心项目
【3】合作支持
【4】产品中心
【5】联系方式
您可以留言或拨打客服热线 4006669243 更多资讯，您可以访问奔瑞官网 www.benrui.cn
意见，建议反馈信息请直接回复，谢谢。 ;

2019-03-13 12:20:44 trace :
------------
String:
<xml><ToUserName><![CDATA[gh_74fc964c4914]]></ToUserName>
<FromUserName><![CDATA[oF_mkjt0O6lA2MK0jBnmoIJOIQ5A]]></FromUserName>
<CreateTime>1552450845</CreateTime>
<MsgType><![CDATA[text]]></MsgType>
<Content><![CDATA[v-9爆滑镀金]]></Content>
<MsgId>22225752959449517</MsgId>
</xml>

2019-03-13 12:20:44 params :
------------
String:
array (
  'rule' => -2,
  'module' => '',
  'message' => 
  array (
    'tousername' => 'gh_74fc964c4914',
    'fromusername' => 'oF_mkjt0O6lA2MK0jBnmoIJOIQ5A',
    'createtime' => '1552450845',
    'msgtype' => 'text',
    'content' => 'v-9爆滑镀金',
    'msgid' => '22225752959449517',
    'from' => 'oF_mkjt0O6lA2MK0jBnmoIJOIQ5A',
    'to' => 'gh_74fc964c4914',
    'time' => '1552450845',
    'type' => 'text',
    'event' => NULL,
    'redirection' => false,
    'source' => NULL,
  ),
)

2019-03-13 12:20:44 response :
------------

2019-03-13 12:21:57 trace :
------------
String:
<xml><ToUserName><![CDATA[gh_74fc964c4914]]></ToUserName>
<FromUserName><![CDATA[oF_mkjt0O6lA2MK0jBnmoIJOIQ5A]]></FromUserName>
<CreateTime>1552450918</CreateTime>
<MsgType><![CDATA[text]]></MsgType>
<Content><![CDATA[4]]></Content>
<MsgId>22225752046936843</MsgId>
</xml>

2019-03-13 12:21:57 params :
------------
String:
array (
  'message' => 
  array (
    'tousername' => 'gh_74fc964c4914',
    'fromusername' => 'oF_mkjt0O6lA2MK0jBnmoIJOIQ5A',
    'createtime' => '1552450918',
    'msgtype' => 'text',
    'content' => '4',
    'msgid' => '22225752046936843',
    'from' => 'oF_mkjt0O6lA2MK0jBnmoIJOIQ5A',
    'to' => 'gh_74fc964c4914',
    'time' => '1552450918',
    'type' => 'text',
    'event' => NULL,
    'redirection' => false,
    'source' => NULL,
  ),
  'module' => 'reply',
  'rule' => '32',
  'priority' => '0',
  'keyword' => 
  array (
    'id' => '53',
    'rid' => '32',
    'uniacid' => '2',
    'module' => 'reply',
    'content' => '4',
    'type' => '1',
    'displayorder' => '0',
    'status' => '1',
    'reply_type' => 
    array (
      0 => 'basic',
    ),
  ),
  'reply_type' => 
  array (
    0 => 'basic',
  ),
)

2019-03-13 12:21:57 response :
------------
Array:
FromUserName : gh_74fc964c4914 ;
ToUserName : oF_mkjt0O6lA2MK0jBnmoIJOIQ5A ;
MsgType : text ;
Content : 回复【401】查看镀膜类系列产品
回复【402】查看基础护理类产品
回复【403】查看清洁保护类产品
回复【404】查看空气净化类产品
回复【405】查看真皮塑件保养类产品
回复【406】查看工具系列产品 ;

2019-03-13 12:22:07 trace :
------------
String:
<xml><ToUserName><![CDATA[gh_74fc964c4914]]></ToUserName>
<FromUserName><![CDATA[oF_mkjt0O6lA2MK0jBnmoIJOIQ5A]]></FromUserName>
<CreateTime>1552450928</CreateTime>
<MsgType><![CDATA[text]]></MsgType>
<Content><![CDATA[401]]></Content>
<MsgId>22225754561799653</MsgId>
</xml>

2019-03-13 12:22:07 params :
------------
String:
array (
  'message' => 
  array (
    'tousername' => 'gh_74fc964c4914',
    'fromusername' => 'oF_mkjt0O6lA2MK0jBnmoIJOIQ5A',
    'createtime' => '1552450928',
    'msgtype' => 'text',
    'content' => '401',
    'msgid' => '22225754561799653',
    'from' => 'oF_mkjt0O6lA2MK0jBnmoIJOIQ5A',
    'to' => 'gh_74fc964c4914',
    'time' => '1552450928',
    'type' => 'text',
    'event' => NULL,
    'redirection' => false,
    'source' => NULL,
  ),
  'module' => 'reply',
  'rule' => '31',
  'priority' => '0',
  'keyword' => 
  array (
    'id' => '52',
    'rid' => '31',
    'uniacid' => '2',
    'module' => 'reply',
    'content' => '401',
    'type' => '1',
    'displayorder' => '0',
    'status' => '1',
    'reply_type' => 
    array (
      0 => 'basic',
    ),
  ),
  'reply_type' => 
  array (
    0 => 'basic',
  ),
)

2019-03-13 12:22:07 response :
------------
Array:
FromUserName : gh_74fc964c4914 ;
ToUserName : oF_mkjt0O6lA2MK0jBnmoIJOIQ5A ;
MsgType : text ;
Content : 回复产品前编号如【x-1】查看产品详细信息。
F1 漆面专业烤瓷
F2 至尊硬化镀膜
X-1 铂金硬化镀膜
X-6 欧铂硬化镀膜
A-390 超级玻璃纤维素镀膜
A-600 超级纳米镀膜
A-730 晶钻硬化镀膜
B-180B 玻璃防水镀膜
C-200 车内顶棚绒布镀膜
C-210 真皮镀膜
C-230 仪表台镀膜
C-260 装饰件翻新镀膜 ;

2019-03-13 12:22:33 trace :
------------
String:
<xml><ToUserName><![CDATA[gh_74fc964c4914]]></ToUserName>
<FromUserName><![CDATA[oF_mkjt0O6lA2MK0jBnmoIJOIQ5A]]></FromUserName>
<CreateTime>1552450954</CreateTime>
<MsgType><![CDATA[text]]></MsgType>
<Content><![CDATA[f1]]></Content>
<MsgId>22225751711007823</MsgId>
</xml>

2019-03-13 12:22:33 params :
------------
String:
array (
  'message' => 
  array (
    'tousername' => 'gh_74fc964c4914',
    'fromusername' => 'oF_mkjt0O6lA2MK0jBnmoIJOIQ5A',
    'createtime' => '1552450954',
    'msgtype' => 'text',
    'content' => 'f1',
    'msgid' => '22225751711007823',
    'from' => 'oF_mkjt0O6lA2MK0jBnmoIJOIQ5A',
    'to' => 'gh_74fc964c4914',
    'time' => '1552450954',
    'type' => 'text',
    'event' => NULL,
    'redirection' => false,
    'source' => NULL,
  ),
  'module' => 'reply',
  'rule' => '25',
  'priority' => '0',
  'keyword' => 
  array (
    'id' => '31',
    'rid' => '25',
    'uniacid' => '2',
    'module' => 'reply',
    'content' => 'F1',
    'type' => '1',
    'displayorder' => '0',
    'status' => '1',
    'reply_type' => 
    array (
      0 => 'news',
    ),
  ),
  'reply_type' => 
  array (
    0 => 'news',
  ),
)

2019-03-13 12:22:33 response :
------------
Array:
FromUserName : gh_74fc964c4914 ;
ToUserName : oF_mkjt0O6lA2MK0jBnmoIJOIQ5A ;
MsgType : news ;
ArticleCount : 1 ;
Articles : Array ;

2019-03-13 13:32:26 trace :
------------
String:
<xml><ToUserName><![CDATA[gh_74fc964c4914]]></ToUserName>
<FromUserName><![CDATA[oF_mkjuGrB26AqQzNxF_E_zNsbD4]]></FromUserName>
<CreateTime>1552455147</CreateTime>
<MsgType><![CDATA[event]]></MsgType>
<Event><![CDATA[subscribe]]></Event>
<EventKey><![CDATA[]]></EventKey>
</xml>

2019-03-13 13:32:26 params :
------------
String:
array (
  'message' => 
  array (
    'tousername' => 'gh_74fc964c4914',
    'fromusername' => 'oF_mkjuGrB26AqQzNxF_E_zNsbD4',
    'createtime' => '1552455147',
    'msgtype' => 'event',
    'event' => 'subscribe',
    'eventkey' => '',
    'from' => 'oF_mkjuGrB26AqQzNxF_E_zNsbD4',
    'to' => 'gh_74fc964c4914',
    'time' => '1552455147',
    'type' => 'text',
    'redirection' => true,
    'source' => 'subscribe',
    'content' => '首次关注',
  ),
  'module' => 'reply',
  'rule' => '9',
  'priority' => '0',
  'keyword' => 
  array (
    'id' => '116',
    'rid' => '9',
    'uniacid' => '2',
    'module' => 'reply',
    'content' => '首次关注',
    'type' => '1',
    'displayorder' => '0',
    'status' => '1',
    'reply_type' => 
    array (
      0 => 'basic',
    ),
  ),
  'reply_type' => 
  array (
    0 => 'basic',
  ),
)

2019-03-13 13:32:26 response :
------------
Array:
FromUserName : gh_74fc964c4914 ;
ToUserName : oF_mkjuGrB26AqQzNxF_E_zNsbD4 ;
MsgType : text ;
Content : 您好，感谢您关注奔瑞汽车用品！360°汽车服务解决方案提供商。业务领域涵盖高端美容、二手翻新及快速钣喷等，欢迎与我们联系。
您也可以回复以下数字，查看相关信息。
【1】品牌介绍
【2】核心项目
【3】合作支持
【4】产品中心
【5】联系方式
您可以留言或拨打客服热线 4006669243 更多资讯，您可以访问奔瑞官网 www.benrui.cn
意见，建议反馈信息请直接回复，谢谢。 ;

2019-03-13 13:33:23 trace :
------------
String:
<xml><ToUserName><![CDATA[gh_74fc964c4914]]></ToUserName>
<FromUserName><![CDATA[oF_mkjuGrB26AqQzNxF_E_zNsbD4]]></FromUserName>
<CreateTime>1552455204</CreateTime>
<MsgType><![CDATA[text]]></MsgType>
<Content><![CDATA[1]]></Content>
<MsgId>22225812518206664</MsgId>
</xml>

2019-03-13 13:33:23 params :
------------
String:
array (
  'message' => 
  array (
    'tousername' => 'gh_74fc964c4914',
    'fromusername' => 'oF_mkjuGrB26AqQzNxF_E_zNsbD4',
    'createtime' => '1552455204',
    'msgtype' => 'text',
    'content' => '1',
    'msgid' => '22225812518206664',
    'from' => 'oF_mkjuGrB26AqQzNxF_E_zNsbD4',
    'to' => 'gh_74fc964c4914',
    'time' => '1552455204',
    'type' => 'text',
    'event' => NULL,
    'redirection' => false,
    'source' => NULL,
  ),
  'module' => 'reply',
  'rule' => '21',
  'priority' => '0',
  'keyword' => 
  array (
    'id' => '27',
    'rid' => '21',
    'uniacid' => '2',
    'module' => 'reply',
    'content' => '1',
    'type' => '1',
    'displayorder' => '0',
    'status' => '1',
    'reply_type' => 
    array (
      0 => 'news',
    ),
  ),
  'reply_type' => 
  array (
    0 => 'news',
  ),
)

2019-03-13 13:33:23 response :
------------
Array:
FromUserName : gh_74fc964c4914 ;
ToUserName : oF_mkjuGrB26AqQzNxF_E_zNsbD4 ;
MsgType : news ;
ArticleCount : 1 ;
Articles : Array ;

2019-03-13 13:33:55 trace :
------------
String:
<xml><ToUserName><![CDATA[gh_74fc964c4914]]></ToUserName>
<FromUserName><![CDATA[oF_mkjuGrB26AqQzNxF_E_zNsbD4]]></FromUserName>
<CreateTime>1552455236</CreateTime>
<MsgType><![CDATA[text]]></MsgType>
<Content><![CDATA[4]]></Content>
<MsgId>22225813835549785</MsgId>
</xml>

2019-03-13 13:33:55 params :
------------
String:
array (
  'message' => 
  array (
    'tousername' => 'gh_74fc964c4914',
    'fromusername' => 'oF_mkjuGrB26AqQzNxF_E_zNsbD4',
    'createtime' => '1552455236',
    'msgtype' => 'text',
    'content' => '4',
    'msgid' => '22225813835549785',
    'from' => 'oF_mkjuGrB26AqQzNxF_E_zNsbD4',
    'to' => 'gh_74fc964c4914',
    'time' => '1552455236',
    'type' => 'text',
    'event' => NULL,
    'redirection' => false,
    'source' => NULL,
  ),
  'module' => 'reply',
  'rule' => '32',
  'priority' => '0',
  'keyword' => 
  array (
    'id' => '53',
    'rid' => '32',
    'uniacid' => '2',
    'module' => 'reply',
    'content' => '4',
    'type' => '1',
    'displayorder' => '0',
    'status' => '1',
    'reply_type' => 
    array (
      0 => 'basic',
    ),
  ),
  'reply_type' => 
  array (
    0 => 'basic',
  ),
)

2019-03-13 13:33:55 response :
------------
Array:
FromUserName : gh_74fc964c4914 ;
ToUserName : oF_mkjuGrB26AqQzNxF_E_zNsbD4 ;
MsgType : text ;
Content : 回复【401】查看镀膜类系列产品
回复【402】查看基础护理类产品
回复【403】查看清洁保护类产品
回复【404】查看空气净化类产品
回复【405】查看真皮塑件保养类产品
回复【406】查看工具系列产品 ;

2019-03-13 13:34:04 trace :
------------
String:
<xml><ToUserName><![CDATA[gh_74fc964c4914]]></ToUserName>
<FromUserName><![CDATA[oF_mkjuGrB26AqQzNxF_E_zNsbD4]]></FromUserName>
<CreateTime>1552455245</CreateTime>
<MsgType><![CDATA[text]]></MsgType>
<Content><![CDATA[401]]></Content>
<MsgId>22225815330233921</MsgId>
</xml>

2019-03-13 13:34:04 params :
------------
String:
array (
  'message' => 
  array (
    'tousername' => 'gh_74fc964c4914',
    'fromusername' => 'oF_mkjuGrB26AqQzNxF_E_zNsbD4',
    'createtime' => '1552455245',
    'msgtype' => 'text',
    'content' => '401',
    'msgid' => '22225815330233921',
    'from' => 'oF_mkjuGrB26AqQzNxF_E_zNsbD4',
    'to' => 'gh_74fc964c4914',
    'time' => '1552455245',
    'type' => 'text',
    'event' => NULL,
    'redirection' => false,
    'source' => NULL,
  ),
  'module' => 'reply',
  'rule' => '31',
  'priority' => '0',
  'keyword' => 
  array (
    'id' => '52',
    'rid' => '31',
    'uniacid' => '2',
    'module' => 'reply',
    'content' => '401',
    'type' => '1',
    'displayorder' => '0',
    'status' => '1',
    'reply_type' => 
    array (
      0 => 'basic',
    ),
  ),
  'reply_type' => 
  array (
    0 => 'basic',
  ),
)

2019-03-13 13:34:04 response :
------------
Array:
FromUserName : gh_74fc964c4914 ;
ToUserName : oF_mkjuGrB26AqQzNxF_E_zNsbD4 ;
MsgType : text ;
Content : 回复产品前编号如【x-1】查看产品详细信息。
F1 漆面专业烤瓷
F2 至尊硬化镀膜
X-1 铂金硬化镀膜
X-6 欧铂硬化镀膜
A-390 超级玻璃纤维素镀膜
A-600 超级纳米镀膜
A-730 晶钻硬化镀膜
B-180B 玻璃防水镀膜
C-200 车内顶棚绒布镀膜
C-210 真皮镀膜
C-230 仪表台镀膜
C-260 装饰件翻新镀膜 ;

2019-03-13 13:34:36 trace :
------------
String:
<xml><ToUserName><![CDATA[gh_74fc964c4914]]></ToUserName>
<FromUserName><![CDATA[oF_mkjuGrB26AqQzNxF_E_zNsbD4]]></FromUserName>
<CreateTime>1552455277</CreateTime>
<MsgType><![CDATA[text]]></MsgType>
<Content><![CDATA[A-600]]></Content>
<MsgId>22225811914116902</MsgId>
</xml>

2019-03-13 13:34:36 params :
------------
String:
array (
  'message' => 
  array (
    'tousername' => 'gh_74fc964c4914',
    'fromusername' => 'oF_mkjuGrB26AqQzNxF_E_zNsbD4',
    'createtime' => '1552455277',
    'msgtype' => 'text',
    'content' => 'A-600',
    'msgid' => '22225811914116902',
    'from' => 'oF_mkjuGrB26AqQzNxF_E_zNsbD4',
    'to' => 'gh_74fc964c4914',
    'time' => '1552455277',
    'type' => 'text',
    'event' => NULL,
    'redirection' => false,
    'source' => NULL,
  ),
  'module' => 'reply',
  'rule' => '26',
  'priority' => '0',
  'keyword' => 
  array (
    'id' => '35',
    'rid' => '26',
    'uniacid' => '2',
    'module' => 'reply',
    'content' => 'a-600',
    'type' => '1',
    'displayorder' => '0',
    'status' => '1',
    'reply_type' => 
    array (
      0 => 'news',
    ),
  ),
  'reply_type' => 
  array (
    0 => 'news',
  ),
)

2019-03-13 13:34:36 response :
------------
Array:
FromUserName : gh_74fc964c4914 ;
ToUserName : oF_mkjuGrB26AqQzNxF_E_zNsbD4 ;
MsgType : news ;
ArticleCount : 1 ;
Articles : Array ;

2019-03-13 14:55:56 trace :
------------
String:
<xml><ToUserName><![CDATA[gh_74fc964c4914]]></ToUserName>
<FromUserName><![CDATA[oF_mkjqm60S-00kST7kGAWNdZw6E]]></FromUserName>
<CreateTime>1552460158</CreateTime>
<MsgType><![CDATA[event]]></MsgType>
<Event><![CDATA[LOCATION]]></Event>
<Latitude>30.323055</Latitude>
<Longitude>120.333130</Longitude>
<Precision>220.000000</Precision>
</xml>

2019-03-13 14:55:56 params :
------------
String:
array (
  'message' => 
  array (
    'tousername' => 'gh_74fc964c4914',
    'fromusername' => 'oF_mkjqm60S-00kST7kGAWNdZw6E',
    'createtime' => '1552460158',
    'msgtype' => 'event',
    'event' => 'LOCATION',
    'latitude' => '30.323055',
    'longitude' => '120.333130',
    'precision' => '220.000000',
    'from' => 'oF_mkjqm60S-00kST7kGAWNdZw6E',
    'to' => 'gh_74fc964c4914',
    'time' => '1552460158',
    'type' => 'trace',
    'location_x' => '30.323055',
    'location_y' => '120.333130',
  ),
  'module' => 'default',
  'rule' => '-1',
)

2019-03-13 14:55:56 response :
------------
Array:
errno : -1 ;
message : Invaild value ;

2019-03-13 15:48:02 trace :
------------
String:
<xml><ToUserName><![CDATA[gh_74fc964c4914]]></ToUserName>
<FromUserName><![CDATA[oF_mkjuZZh_VehXFjeuHKwm3pA1U]]></FromUserName>
<CreateTime>1552463283</CreateTime>
<MsgType><![CDATA[event]]></MsgType>
<Event><![CDATA[subscribe]]></Event>
<EventKey><![CDATA[qrscene_TZHB15301480741088176--3574]]></EventKey>
<Ticket><![CDATA[gQGv8DwAAAAAAAAAAS5odHRwOi8vd2VpeGluLnFxLmNvbS9xLzAyay1va05rblZhQWUxMDAwME0wNzIAAgTqNDRbAwQAAAAA]]></Ticket>
</xml>

2019-03-13 15:48:02 params :
------------
String:
array (
  'message' => 
  array (
    'tousername' => 'gh_74fc964c4914',
    'fromusername' => 'oF_mkjuZZh_VehXFjeuHKwm3pA1U',
    'createtime' => '1552463283',
    'msgtype' => 'event',
    'event' => 'subscribe',
    'eventkey' => 'qrscene_TZHB15301480741088176--3574',
    'ticket' => 'gQGv8DwAAAAAAAAAAS5odHRwOi8vd2VpeGluLnFxLmNvbS9xLzAyay1va05rblZhQWUxMDAwME0wNzIAAgTqNDRbAwQAAAAA',
    'from' => 'oF_mkjuZZh_VehXFjeuHKwm3pA1U',
    'to' => 'gh_74fc964c4914',
    'time' => '1552463283',
    'type' => 'text',
    'scene' => 'TZHB15301480741088176--3574',
    'redirection' => true,
    'source' => 'subscribe',
    'content' => '首次关注',
  ),
  'module' => 'reply',
  'rule' => '9',
  'priority' => '0',
  'keyword' => 
  array (
    'id' => '116',
    'rid' => '9',
    'uniacid' => '2',
    'module' => 'reply',
    'content' => '首次关注',
    'type' => '1',
    'displayorder' => '0',
    'status' => '1',
    'reply_type' => 
    array (
      0 => 'basic',
    ),
  ),
  'reply_type' => 
  array (
    0 => 'basic',
  ),
)

2019-03-13 15:48:02 response :
------------
Array:
FromUserName : gh_74fc964c4914 ;
ToUserName : oF_mkjuZZh_VehXFjeuHKwm3pA1U ;
MsgType : text ;
Content : 您好，感谢您关注奔瑞汽车用品！360°汽车服务解决方案提供商。业务领域涵盖高端美容、二手翻新及快速钣喷等，欢迎与我们联系。
您也可以回复以下数字，查看相关信息。
【1】品牌介绍
【2】核心项目
【3】合作支持
【4】产品中心
【5】联系方式
您可以留言或拨打客服热线 4006669243 更多资讯，您可以访问奔瑞官网 www.benrui.cn
意见，建议反馈信息请直接回复，谢谢。 ;

2019-03-13 15:48:23 trace :
------------
String:
<xml><ToUserName><![CDATA[gh_74fc964c4914]]></ToUserName>
<FromUserName><![CDATA[oF_mkjuZZh_VehXFjeuHKwm3pA1U]]></FromUserName>
<CreateTime>1552463304</CreateTime>
<MsgType><![CDATA[event]]></MsgType>
<Event><![CDATA[SCAN]]></Event>
<EventKey><![CDATA[TZHB15301480741088176--3574]]></EventKey>
<Ticket><![CDATA[gQGv8DwAAAAAAAAAAS5odHRwOi8vd2VpeGluLnFxLmNvbS9xLzAyay1va05rblZhQWUxMDAwME0wNzIAAgTqNDRbAwQAAAAA]]></Ticket>
</xml>

2019-03-13 15:48:23 params :
------------
String:
array (
  'rule' => -2,
  'module' => '',
  'message' => 
  array (
    'tousername' => 'gh_74fc964c4914',
    'fromusername' => 'oF_mkjuZZh_VehXFjeuHKwm3pA1U',
    'createtime' => '1552463304',
    'msgtype' => 'event',
    'event' => 'SCAN',
    'eventkey' => 'TZHB15301480741088176--3574',
    'ticket' => 'gQGv8DwAAAAAAAAAAS5odHRwOi8vd2VpeGluLnFxLmNvbS9xLzAyay1va05rblZhQWUxMDAwME0wNzIAAgTqNDRbAwQAAAAA',
    'from' => 'oF_mkjuZZh_VehXFjeuHKwm3pA1U',
    'to' => 'gh_74fc964c4914',
    'time' => '1552463304',
    'type' => 'text',
    'scene' => 'TZHB15301480741088176--3574',
    'redirection' => true,
    'source' => 'qr',
  ),
)

2019-03-13 15:48:23 response :
------------

2019-03-13 15:48:39 trace :
------------
String:
<xml><ToUserName><![CDATA[gh_74fc964c4914]]></ToUserName>
<FromUserName><![CDATA[oF_mkjuZZh_VehXFjeuHKwm3pA1U]]></FromUserName>
<CreateTime>1552463320</CreateTime>
<MsgType><![CDATA[event]]></MsgType>
<Event><![CDATA[unsubscribe]]></Event>
<EventKey><![CDATA[]]></EventKey>
</xml>

2019-03-13 19:17:43 trace :
------------
String:
<xml><ToUserName><![CDATA[gh_74fc964c4914]]></ToUserName>
<FromUserName><![CDATA[oF_mkjr020NeanPoRlimfjprp5JY]]></FromUserName>
<CreateTime>1552475865</CreateTime>
<MsgType><![CDATA[event]]></MsgType>
<Event><![CDATA[subscribe]]></Event>
<EventKey><![CDATA[qrscene_TZHB15444181522559142--12328]]></EventKey>
<Ticket><![CDATA[gQG58DwAAAAAAAAAAS5odHRwOi8vd2VpeGluLnFxLmNvbS9xLzAyRkpoNk5QblZhQWUxMDAwME0wN3AAAgRo8w1cAwQAAAAA]]></Ticket>
</xml>

2019-03-13 19:17:44 params :
------------
String:
array (
  'message' => 
  array (
    'tousername' => 'gh_74fc964c4914',
    'fromusername' => 'oF_mkjr020NeanPoRlimfjprp5JY',
    'createtime' => '1552475865',
    'msgtype' => 'event',
    'event' => 'subscribe',
    'eventkey' => 'qrscene_TZHB15444181522559142--12328',
    'ticket' => 'gQG58DwAAAAAAAAAAS5odHRwOi8vd2VpeGluLnFxLmNvbS9xLzAyRkpoNk5QblZhQWUxMDAwME0wN3AAAgRo8w1cAwQAAAAA',
    'from' => 'oF_mkjr020NeanPoRlimfjprp5JY',
    'to' => 'gh_74fc964c4914',
    'time' => '1552475865',
    'type' => 'text',
    'scene' => 'TZHB15444181522559142--12328',
    'redirection' => true,
    'source' => 'subscribe',
    'content' => '首次关注',
  ),
  'module' => 'reply',
  'rule' => '9',
  'priority' => '0',
  'keyword' => 
  array (
    'id' => '116',
    'rid' => '9',
    'uniacid' => '2',
    'module' => 'reply',
    'content' => '首次关注',
    'type' => '1',
    'displayorder' => '0',
    'status' => '1',
    'reply_type' => 
    array (
      0 => 'basic',
    ),
  ),
  'reply_type' => 
  array (
    0 => 'basic',
  ),
)

2019-03-13 19:17:44 response :
------------
Array:
FromUserName : gh_74fc964c4914 ;
ToUserName : oF_mkjr020NeanPoRlimfjprp5JY ;
MsgType : text ;
Content : 您好，感谢您关注奔瑞汽车用品！360°汽车服务解决方案提供商。业务领域涵盖高端美容、二手翻新及快速钣喷等，欢迎与我们联系。
您也可以回复以下数字，查看相关信息。
【1】品牌介绍
【2】核心项目
【3】合作支持
【4】产品中心
【5】联系方式
您可以留言或拨打客服热线 4006669243 更多资讯，您可以访问奔瑞官网 www.benrui.cn
意见，建议反馈信息请直接回复，谢谢。 ;

2019-03-13 19:55:43 trace :
------------
String:
<xml><ToUserName><![CDATA[gh_74fc964c4914]]></ToUserName>
<FromUserName><![CDATA[oF_mkjtBbOvP6W8RrFaYhYbMwk6k]]></FromUserName>
<CreateTime>1552478144</CreateTime>
<MsgType><![CDATA[event]]></MsgType>
<Event><![CDATA[SCAN]]></Event>
<EventKey><![CDATA[TZHB15301483757762820--4233]]></EventKey>
<Ticket><![CDATA[gQGw8DwAAAAAAAAAAS5odHRwOi8vd2VpeGluLnFxLmNvbS9xLzAyRTNJS043blZhQWUxMDAwMHcwN3IAAgQXNjRbAwQAAAAA]]></Ticket>
</xml>

2019-03-13 19:55:43 params :
------------
String:
array (
  'rule' => -2,
  'module' => '',
  'message' => 
  array (
    'tousername' => 'gh_74fc964c4914',
    'fromusername' => 'oF_mkjtBbOvP6W8RrFaYhYbMwk6k',
    'createtime' => '1552478144',
    'msgtype' => 'event',
    'event' => 'SCAN',
    'eventkey' => 'TZHB15301483757762820--4233',
    'ticket' => 'gQGw8DwAAAAAAAAAAS5odHRwOi8vd2VpeGluLnFxLmNvbS9xLzAyRTNJS043blZhQWUxMDAwMHcwN3IAAgQXNjRbAwQAAAAA',
    'from' => 'oF_mkjtBbOvP6W8RrFaYhYbMwk6k',
    'to' => 'gh_74fc964c4914',
    'time' => '1552478144',
    'type' => 'text',
    'scene' => 'TZHB15301483757762820--4233',
    'redirection' => true,
    'source' => 'qr',
  ),
)

2019-03-13 19:55:43 response :
------------

2019-03-13 19:55:44 trace :
------------
String:
<xml><ToUserName><![CDATA[gh_74fc964c4914]]></ToUserName>
<FromUserName><![CDATA[oF_mkjtBbOvP6W8RrFaYhYbMwk6k]]></FromUserName>
<CreateTime>1552478146</CreateTime>
<MsgType><![CDATA[event]]></MsgType>
<Event><![CDATA[LOCATION]]></Event>
<Latitude>25.422810</Latitude>
<Longitude>118.992676</Longitude>
<Precision>220.000000</Precision>
</xml>

2019-03-13 19:55:44 params :
------------
String:
array (
  'message' => 
  array (
    'tousername' => 'gh_74fc964c4914',
    'fromusername' => 'oF_mkjtBbOvP6W8RrFaYhYbMwk6k',
    'createtime' => '1552478146',
    'msgtype' => 'event',
    'event' => 'LOCATION',
    'latitude' => '25.422810',
    'longitude' => '118.992676',
    'precision' => '220.000000',
    'from' => 'oF_mkjtBbOvP6W8RrFaYhYbMwk6k',
    'to' => 'gh_74fc964c4914',
    'time' => '1552478146',
    'type' => 'trace',
    'location_x' => '25.422810',
    'location_y' => '118.992676',
  ),
  'module' => 'default',
  'rule' => '-1',
)

2019-03-13 19:55:44 response :
------------
Array:
errno : -1 ;
message : Invaild value ;

2019-03-13 19:55:55 trace :
------------
String:
<xml><ToUserName><![CDATA[gh_74fc964c4914]]></ToUserName>
<FromUserName><![CDATA[oF_mkjtBbOvP6W8RrFaYhYbMwk6k]]></FromUserName>
<CreateTime>1552478156</CreateTime>
<MsgType><![CDATA[event]]></MsgType>
<Event><![CDATA[SCAN]]></Event>
<EventKey><![CDATA[TZHB15301483757762820--4233]]></EventKey>
<Ticket><![CDATA[gQGw8DwAAAAAAAAAAS5odHRwOi8vd2VpeGluLnFxLmNvbS9xLzAyRTNJS043blZhQWUxMDAwMHcwN3IAAgQXNjRbAwQAAAAA]]></Ticket>
</xml>

2019-03-13 19:55:55 params :
------------
String:
array (
  'rule' => -2,
  'module' => '',
  'message' => 
  array (
    'tousername' => 'gh_74fc964c4914',
    'fromusername' => 'oF_mkjtBbOvP6W8RrFaYhYbMwk6k',
    'createtime' => '1552478156',
    'msgtype' => 'event',
    'event' => 'SCAN',
    'eventkey' => 'TZHB15301483757762820--4233',
    'ticket' => 'gQGw8DwAAAAAAAAAAS5odHRwOi8vd2VpeGluLnFxLmNvbS9xLzAyRTNJS043blZhQWUxMDAwMHcwN3IAAgQXNjRbAwQAAAAA',
    'from' => 'oF_mkjtBbOvP6W8RrFaYhYbMwk6k',
    'to' => 'gh_74fc964c4914',
    'time' => '1552478156',
    'type' => 'text',
    'scene' => 'TZHB15301483757762820--4233',
    'redirection' => true,
    'source' => 'qr',
  ),
)

2019-03-13 19:55:55 response :
------------

2019-03-13 19:55:56 trace :
------------
String:
<xml><ToUserName><![CDATA[gh_74fc964c4914]]></ToUserName>
<FromUserName><![CDATA[oF_mkjtBbOvP6W8RrFaYhYbMwk6k]]></FromUserName>
<CreateTime>1552478157</CreateTime>
<MsgType><![CDATA[event]]></MsgType>
<Event><![CDATA[LOCATION]]></Event>
<Latitude>25.422810</Latitude>
<Longitude>118.992676</Longitude>
<Precision>220.000000</Precision>
</xml>

2019-03-13 19:55:56 params :
------------
String:
array (
  'message' => 
  array (
    'tousername' => 'gh_74fc964c4914',
    'fromusername' => 'oF_mkjtBbOvP6W8RrFaYhYbMwk6k',
    'createtime' => '1552478157',
    'msgtype' => 'event',
    'event' => 'LOCATION',
    'latitude' => '25.422810',
    'longitude' => '118.992676',
    'precision' => '220.000000',
    'from' => 'oF_mkjtBbOvP6W8RrFaYhYbMwk6k',
    'to' => 'gh_74fc964c4914',
    'time' => '1552478157',
    'type' => 'trace',
    'location_x' => '25.422810',
    'location_y' => '118.992676',
  ),
  'module' => 'default',
  'rule' => '-1',
)

2019-03-13 19:55:56 response :
------------
Array:
errno : -1 ;
message : Invaild value ;

2019-03-13 19:57:05 trace :
------------
String:
<xml><ToUserName><![CDATA[gh_74fc964c4914]]></ToUserName>
<FromUserName><![CDATA[oF_mkjoEsQ0VRPKxjLt-i711d4dw]]></FromUserName>
<CreateTime>1552478226</CreateTime>
<MsgType><![CDATA[event]]></MsgType>
<Event><![CDATA[subscribe]]></Event>
<EventKey><![CDATA[qrscene_TZHB15301483757762820--4233]]></EventKey>
<Ticket><![CDATA[gQGw8DwAAAAAAAAAAS5odHRwOi8vd2VpeGluLnFxLmNvbS9xLzAyRTNJS043blZhQWUxMDAwMHcwN3IAAgQXNjRbAwQAAAAA]]></Ticket>
</xml>

2019-03-13 19:57:05 params :
------------
String:
array (
  'message' => 
  array (
    'tousername' => 'gh_74fc964c4914',
    'fromusername' => 'oF_mkjoEsQ0VRPKxjLt-i711d4dw',
    'createtime' => '1552478226',
    'msgtype' => 'event',
    'event' => 'subscribe',
    'eventkey' => 'qrscene_TZHB15301483757762820--4233',
    'ticket' => 'gQGw8DwAAAAAAAAAAS5odHRwOi8vd2VpeGluLnFxLmNvbS9xLzAyRTNJS043blZhQWUxMDAwMHcwN3IAAgQXNjRbAwQAAAAA',
    'from' => 'oF_mkjoEsQ0VRPKxjLt-i711d4dw',
    'to' => 'gh_74fc964c4914',
    'time' => '1552478226',
    'type' => 'text',
    'scene' => 'TZHB15301483757762820--4233',
    'redirection' => true,
    'source' => 'subscribe',
    'content' => '首次关注',
  ),
  'module' => 'reply',
  'rule' => '9',
  'priority' => '0',
  'keyword' => 
  array (
    'id' => '116',
    'rid' => '9',
    'uniacid' => '2',
    'module' => 'reply',
    'content' => '首次关注',
    'type' => '1',
    'displayorder' => '0',
    'status' => '1',
    'reply_type' => 
    array (
      0 => 'basic',
    ),
  ),
  'reply_type' => 
  array (
    0 => 'basic',
  ),
)

2019-03-13 19:57:05 response :
------------
Array:
FromUserName : gh_74fc964c4914 ;
ToUserName : oF_mkjoEsQ0VRPKxjLt-i711d4dw ;
MsgType : text ;
Content : 您好，感谢您关注奔瑞汽车用品！360°汽车服务解决方案提供商。业务领域涵盖高端美容、二手翻新及快速钣喷等，欢迎与我们联系。
您也可以回复以下数字，查看相关信息。
【1】品牌介绍
【2】核心项目
【3】合作支持
【4】产品中心
【5】联系方式
您可以留言或拨打客服热线 4006669243 更多资讯，您可以访问奔瑞官网 www.benrui.cn
意见，建议反馈信息请直接回复，谢谢。 ;

2019-03-13 19:57:22 trace :
------------
String:
<xml><ToUserName><![CDATA[gh_74fc964c4914]]></ToUserName>
<FromUserName><![CDATA[oF_mkjoEsQ0VRPKxjLt-i711d4dw]]></FromUserName>
<CreateTime>1552478244</CreateTime>
<MsgType><![CDATA[event]]></MsgType>
<Event><![CDATA[SCAN]]></Event>
<EventKey><![CDATA[TZHB15301483757762820--4233]]></EventKey>
<Ticket><![CDATA[gQGw8DwAAAAAAAAAAS5odHRwOi8vd2VpeGluLnFxLmNvbS9xLzAyRTNJS043blZhQWUxMDAwMHcwN3IAAgQXNjRbAwQAAAAA]]></Ticket>
</xml>

2019-03-13 19:57:22 params :
------------
String:
array (
  'rule' => -2,
  'module' => '',
  'message' => 
  array (
    'tousername' => 'gh_74fc964c4914',
    'fromusername' => 'oF_mkjoEsQ0VRPKxjLt-i711d4dw',
    'createtime' => '1552478244',
    'msgtype' => 'event',
    'event' => 'SCAN',
    'eventkey' => 'TZHB15301483757762820--4233',
    'ticket' => 'gQGw8DwAAAAAAAAAAS5odHRwOi8vd2VpeGluLnFxLmNvbS9xLzAyRTNJS043blZhQWUxMDAwMHcwN3IAAgQXNjRbAwQAAAAA',
    'from' => 'oF_mkjoEsQ0VRPKxjLt-i711d4dw',
    'to' => 'gh_74fc964c4914',
    'time' => '1552478244',
    'type' => 'text',
    'scene' => 'TZHB15301483757762820--4233',
    'redirection' => true,
    'source' => 'qr',
  ),
)

2019-03-13 19:57:22 response :
------------

2019-03-13 21:15:13 trace :
------------
String:
<xml><ToUserName><![CDATA[gh_74fc964c4914]]></ToUserName>
<FromUserName><![CDATA[oF_mkjtBbOvP6W8RrFaYhYbMwk6k]]></FromUserName>
<CreateTime>1552482914</CreateTime>
<MsgType><![CDATA[event]]></MsgType>
<Event><![CDATA[LOCATION]]></Event>
<Latitude>25.427521</Latitude>
<Longitude>119.019852</Longitude>
<Precision>220.000000</Precision>
</xml>

2019-03-13 21:15:13 params :
------------
String:
array (
  'message' => 
  array (
    'tousername' => 'gh_74fc964c4914',
    'fromusername' => 'oF_mkjtBbOvP6W8RrFaYhYbMwk6k',
    'createtime' => '1552482914',
    'msgtype' => 'event',
    'event' => 'LOCATION',
    'latitude' => '25.427521',
    'longitude' => '119.019852',
    'precision' => '220.000000',
    'from' => 'oF_mkjtBbOvP6W8RrFaYhYbMwk6k',
    'to' => 'gh_74fc964c4914',
    'time' => '1552482914',
    'type' => 'trace',
    'location_x' => '25.427521',
    'location_y' => '119.019852',
  ),
  'module' => 'default',
  'rule' => '-1',
)

2019-03-13 21:15:13 response :
------------
Array:
errno : -1 ;
message : Invaild value ;

2019-03-13 23:57:16 trace :
------------
String:
<xml><ToUserName><![CDATA[gh_74fc964c4914]]></ToUserName>
<FromUserName><![CDATA[oF_mkjqp_ysVNlJsSygKZNg6qcs8]]></FromUserName>
<CreateTime>1552492637</CreateTime>
<MsgType><![CDATA[event]]></MsgType>
<Event><![CDATA[LOCATION]]></Event>
<Latitude>26.481234</Latitude>
<Longitude>116.002640</Longitude>
<Precision>15.000000</Precision>
</xml>

2019-03-13 23:57:16 params :
------------
String:
array (
  'message' => 
  array (
    'tousername' => 'gh_74fc964c4914',
    'fromusername' => 'oF_mkjqp_ysVNlJsSygKZNg6qcs8',
    'createtime' => '1552492637',
    'msgtype' => 'event',
    'event' => 'LOCATION',
    'latitude' => '26.481234',
    'longitude' => '116.002640',
    'precision' => '15.000000',
    'from' => 'oF_mkjqp_ysVNlJsSygKZNg6qcs8',
    'to' => 'gh_74fc964c4914',
    'time' => '1552492637',
    'type' => 'trace',
    'location_x' => '26.481234',
    'location_y' => '116.002640',
  ),
  'module' => 'default',
  'rule' => '-1',
)

2019-03-13 23:57:16 response :
------------
Array:
errno : -1 ;
message : Invaild value ;

2019-03-13 23:57:47 trace :
------------
String:
<xml><ToUserName><![CDATA[gh_74fc964c4914]]></ToUserName>
<FromUserName><![CDATA[oF_mkjqp_ysVNlJsSygKZNg6qcs8]]></FromUserName>
<CreateTime>1552492668</CreateTime>
<MsgType><![CDATA[event]]></MsgType>
<Event><![CDATA[VIEW]]></Event>
<EventKey><![CDATA[http://mp.weixin.qq.com/s?__biz=MjM5MzE3NjM0Mw==&mid=2651052631&idx=1&sn=f6c637ac6355950fb6a6be3d98a3cc23&chksm=bd6c742f8a1bfd39d1d675b59be3bddfb6f31ba6f7077f16cd628b6444ecb07d173e07cf2793&scene=18#wechat_redirect]]></EventKey>
<MenuId>503048253</MenuId>
</xml>

2019-03-13 23:57:47 params :
------------
String:
array (
  'message' => 
  array (
    'tousername' => 'gh_74fc964c4914',
    'fromusername' => 'oF_mkjqp_ysVNlJsSygKZNg6qcs8',
    'createtime' => '1552492668',
    'msgtype' => 'event',
    'event' => 'VIEW',
    'eventkey' => 'http://mp.weixin.qq.com/s?__biz=MjM5MzE3NjM0Mw==&mid=2651052631&idx=1&sn=f6c637ac6355950fb6a6be3d98a3cc23&chksm=bd6c742f8a1bfd39d1d675b59be3bddfb6f31ba6f7077f16cd628b6444ecb07d173e07cf2793&scene=18#wechat_redirect',
    'menuid' => '503048253',
    'from' => 'oF_mkjqp_ysVNlJsSygKZNg6qcs8',
    'to' => 'gh_74fc964c4914',
    'time' => '1552492668',
    'type' => 'text',
    'content' => 'http://mp.weixin.qq.com/s?__biz=MjM5MzE3NjM0Mw==&mid=2651052631&idx=1&sn=f6c637ac6355950fb6a6be3d98a3cc23&chksm=bd6c742f8a1bfd39d1d675b59be3bddfb6f31ba6f7077f16cd628b6444ecb07d173e07cf2793&scene=18#wechat_redirect',
    'redirection' => true,
    'source' => 'VIEW',
  ),
  'module' => 'reply',
  'rule' => '25',
  'priority' => '0',
  'keyword' => 
  array (
    'id' => '32',
    'rid' => '25',
    'uniacid' => '2',
    'module' => 'reply',
    'content' => 'f1',
    'type' => '2',
    'displayorder' => '0',
    'status' => '1',
    'reply_type' => 
    array (
      0 => 'news',
    ),
  ),
  'reply_type' => 
  array (
    0 => 'news',
  ),
)

2019-03-13 23:57:47 response :
------------
Array:
FromUserName : gh_74fc964c4914 ;
ToUserName : oF_mkjqp_ysVNlJsSygKZNg6qcs8 ;
MsgType : news ;
ArticleCount : 1 ;
Articles : Array ;

2019-03-13 23:58:07 trace :
------------
String:
<xml><ToUserName><![CDATA[gh_74fc964c4914]]></ToUserName>
<FromUserName><![CDATA[oF_mkjqp_ysVNlJsSygKZNg6qcs8]]></FromUserName>
<CreateTime>1552492688</CreateTime>
<MsgType><![CDATA[event]]></MsgType>
<Event><![CDATA[LOCATION]]></Event>
<Latitude>26.481234</Latitude>
<Longitude>116.002640</Longitude>
<Precision>15.000000</Precision>
</xml>

2019-03-13 23:58:07 params :
------------
String:
array (
  'message' => 
  array (
    'tousername' => 'gh_74fc964c4914',
    'fromusername' => 'oF_mkjqp_ysVNlJsSygKZNg6qcs8',
    'createtime' => '1552492688',
    'msgtype' => 'event',
    'event' => 'LOCATION',
    'latitude' => '26.481234',
    'longitude' => '116.002640',
    'precision' => '15.000000',
    'from' => 'oF_mkjqp_ysVNlJsSygKZNg6qcs8',
    'to' => 'gh_74fc964c4914',
    'time' => '1552492688',
    'type' => 'trace',
    'location_x' => '26.481234',
    'location_y' => '116.002640',
  ),
  'module' => 'default',
  'rule' => '-1',
)

2019-03-13 23:58:07 response :
------------
Array:
errno : -1 ;
message : Invaild value ;

2019-03-13 23:58:10 trace :
------------
String:
<xml><ToUserName><![CDATA[gh_74fc964c4914]]></ToUserName>
<FromUserName><![CDATA[oF_mkjqp_ysVNlJsSygKZNg6qcs8]]></FromUserName>
<CreateTime>1552492692</CreateTime>
<MsgType><![CDATA[event]]></MsgType>
<Event><![CDATA[VIEW]]></Event>
<EventKey><![CDATA[http://mp.weixin.qq.com/s?__biz=MjM5MzE3NjM0Mw==&mid=503568901&idx=1&sn=68e38de4e280a77f6a9d4729e7b63342&chksm=3d6c747d0a1bfd6b9891ec8de146b4e8934a8e3f178d5f12a5de9984b0c8826680160a8d6af5&scene=18#wechat_redirect]]></EventKey>
<MenuId>503048253</MenuId>
</xml>

2019-03-13 23:58:10 params :
------------
String:
array (
  'message' => 
  array (
    'tousername' => 'gh_74fc964c4914',
    'fromusername' => 'oF_mkjqp_ysVNlJsSygKZNg6qcs8',
    'createtime' => '1552492692',
    'msgtype' => 'event',
    'event' => 'VIEW',
    'eventkey' => 'http://mp.weixin.qq.com/s?__biz=MjM5MzE3NjM0Mw==&mid=503568901&idx=1&sn=68e38de4e280a77f6a9d4729e7b63342&chksm=3d6c747d0a1bfd6b9891ec8de146b4e8934a8e3f178d5f12a5de9984b0c8826680160a8d6af5&scene=18#wechat_redirect',
    'menuid' => '503048253',
    'from' => 'oF_mkjqp_ysVNlJsSygKZNg6qcs8',
    'to' => 'gh_74fc964c4914',
    'time' => '1552492692',
    'type' => 'text',
    'content' => 'http://mp.weixin.qq.com/s?__biz=MjM5MzE3NjM0Mw==&mid=503568901&idx=1&sn=68e38de4e280a77f6a9d4729e7b63342&chksm=3d6c747d0a1bfd6b9891ec8de146b4e8934a8e3f178d5f12a5de9984b0c8826680160a8d6af5&scene=18#wechat_redirect',
    'redirection' => true,
    'source' => 'VIEW',
  ),
  'module' => 'reply',
  'rule' => '25',
  'priority' => '0',
  'keyword' => 
  array (
    'id' => '32',
    'rid' => '25',
    'uniacid' => '2',
    'module' => 'reply',
    'content' => 'f1',
    'type' => '2',
    'displayorder' => '0',
    'status' => '1',
    'reply_type' => 
    array (
      0 => 'news',
    ),
  ),
  'reply_type' => 
  array (
    0 => 'news',
  ),
)

2019-03-13 23:58:10 response :
------------
Array:
FromUserName : gh_74fc964c4914 ;
ToUserName : oF_mkjqp_ysVNlJsSygKZNg6qcs8 ;
MsgType : news ;
ArticleCount : 1 ;
Articles : Array ;

2019-03-13 23:58:37 trace :
------------
String:
<xml><ToUserName><![CDATA[gh_74fc964c4914]]></ToUserName>
<FromUserName><![CDATA[oF_mkjqp_ysVNlJsSygKZNg6qcs8]]></FromUserName>
<CreateTime>1552492718</CreateTime>
<MsgType><![CDATA[event]]></MsgType>
<Event><![CDATA[LOCATION]]></Event>
<Latitude>26.481234</Latitude>
<Longitude>116.002640</Longitude>
<Precision>15.000000</Precision>
</xml>

2019-03-13 23:58:37 params :
------------
String:
array (
  'message' => 
  array (
    'tousername' => 'gh_74fc964c4914',
    'fromusername' => 'oF_mkjqp_ysVNlJsSygKZNg6qcs8',
    'createtime' => '1552492718',
    'msgtype' => 'event',
    'event' => 'LOCATION',
    'latitude' => '26.481234',
    'longitude' => '116.002640',
    'precision' => '15.000000',
    'from' => 'oF_mkjqp_ysVNlJsSygKZNg6qcs8',
    'to' => 'gh_74fc964c4914',
    'time' => '1552492718',
    'type' => 'trace',
    'location_x' => '26.481234',
    'location_y' => '116.002640',
  ),
  'module' => 'default',
  'rule' => '-1',
)

2019-03-13 23:58:37 response :
------------
Array:
errno : -1 ;
message : Invaild value ;

2019-03-13 23:58:45 trace :
------------
String:
<xml><ToUserName><![CDATA[gh_74fc964c4914]]></ToUserName>
<FromUserName><![CDATA[oF_mkjqp_ysVNlJsSygKZNg6qcs8]]></FromUserName>
<CreateTime>1552492726</CreateTime>
<MsgType><![CDATA[event]]></MsgType>
<Event><![CDATA[VIEW]]></Event>
<EventKey><![CDATA[http://mp.weixin.qq.com/s?__biz=MjM5MzE3NjM0Mw==&mid=503568906&idx=1&sn=f69b31c00cb3a1c6d10bbd603f2d6a9d&chksm=3d6c74720a1bfd64faf54e1953da8af16745ad2e97a8a1c5013448887a270dbfe1e016af3f77&scene=18#wechat_redirect]]></EventKey>
<MenuId>503048253</MenuId>
</xml>

2019-03-13 23:58:45 params :
------------
String:
array (
  'message' => 
  array (
    'tousername' => 'gh_74fc964c4914',
    'fromusername' => 'oF_mkjqp_ysVNlJsSygKZNg6qcs8',
    'createtime' => '1552492726',
    'msgtype' => 'event',
    'event' => 'VIEW',
    'eventkey' => 'http://mp.weixin.qq.com/s?__biz=MjM5MzE3NjM0Mw==&mid=503568906&idx=1&sn=f69b31c00cb3a1c6d10bbd603f2d6a9d&chksm=3d6c74720a1bfd64faf54e1953da8af16745ad2e97a8a1c5013448887a270dbfe1e016af3f77&scene=18#wechat_redirect',
    'menuid' => '503048253',
    'from' => 'oF_mkjqp_ysVNlJsSygKZNg6qcs8',
    'to' => 'gh_74fc964c4914',
    'time' => '1552492726',
    'type' => 'text',
    'content' => 'http://mp.weixin.qq.com/s?__biz=MjM5MzE3NjM0Mw==&mid=503568906&idx=1&sn=f69b31c00cb3a1c6d10bbd603f2d6a9d&chksm=3d6c74720a1bfd64faf54e1953da8af16745ad2e97a8a1c5013448887a270dbfe1e016af3f77&scene=18#wechat_redirect',
    'redirection' => true,
    'source' => 'VIEW',
  ),
  'module' => 'reply',
  'rule' => '25',
  'priority' => '0',
  'keyword' => 
  array (
    'id' => '32',
    'rid' => '25',
    'uniacid' => '2',
    'module' => 'reply',
    'content' => 'f1',
    'type' => '2',
    'displayorder' => '0',
    'status' => '1',
    'reply_type' => 
    array (
      0 => 'news',
    ),
  ),
  'reply_type' => 
  array (
    0 => 'news',
  ),
)

2019-03-13 23:58:45 response :
------------
Array:
FromUserName : gh_74fc964c4914 ;
ToUserName : oF_mkjqp_ysVNlJsSygKZNg6qcs8 ;
MsgType : news ;
ArticleCount : 1 ;
Articles : Array ;

2019-03-13 23:59:01 trace :
------------
String:
<xml><ToUserName><![CDATA[gh_74fc964c4914]]></ToUserName>
<FromUserName><![CDATA[oF_mkjqp_ysVNlJsSygKZNg6qcs8]]></FromUserName>
<CreateTime>1552492743</CreateTime>
<MsgType><![CDATA[event]]></MsgType>
<Event><![CDATA[LOCATION]]></Event>
<Latitude>26.481058</Latitude>
<Longitude>116.002625</Longitude>
<Precision>30.000000</Precision>
</xml>

2019-03-13 23:59:01 params :
------------
String:
array (
  'message' => 
  array (
    'tousername' => 'gh_74fc964c4914',
    'fromusername' => 'oF_mkjqp_ysVNlJsSygKZNg6qcs8',
    'createtime' => '1552492743',
    'msgtype' => 'event',
    'event' => 'LOCATION',
    'latitude' => '26.481058',
    'longitude' => '116.002625',
    'precision' => '30.000000',
    'from' => 'oF_mkjqp_ysVNlJsSygKZNg6qcs8',
    'to' => 'gh_74fc964c4914',
    'time' => '1552492743',
    'type' => 'trace',
    'location_x' => '26.481058',
    'location_y' => '116.002625',
  ),
  'module' => 'default',
  'rule' => '-1',
)

2019-03-13 23:59:01 response :
------------
Array:
errno : -1 ;
message : Invaild value ;

