2019-03-24 12:12:37 trace :
------------
String:
<xml><ToUserName><![CDATA[gh_74fc964c4914]]></ToUserName>
<FromUserName><![CDATA[oF_mkjl5hILsGLPEy8D89l4ao1_k]]></FromUserName>
<CreateTime>1553400757</CreateTime>
<MsgType><![CDATA[event]]></MsgType>
<Event><![CDATA[SCAN]]></Event>
<EventKey><![CDATA[TZHB15301483646399457--4183]]></EventKey>
<Ticket><![CDATA[gQFX8DwAAAAAAAAAAS5odHRwOi8vd2VpeGluLnFxLmNvbS9xLzAyVVdoc052blZhQWUxMDAwMDAwN2MAAgQMNjRbAwQAAAAA]]></Ticket>
</xml>

2019-03-24 12:12:37 params :
------------
String:
array (
  'rule' => -2,
  'module' => '',
  'message' => 
  array (
    'tousername' => 'gh_74fc964c4914',
    'fromusername' => 'oF_mkjl5hILsGLPEy8D89l4ao1_k',
    'createtime' => '1553400757',
    'msgtype' => 'event',
    'event' => 'SCAN',
    'eventkey' => 'TZHB15301483646399457--4183',
    'ticket' => 'gQFX8DwAAAAAAAAAAS5odHRwOi8vd2VpeGluLnFxLmNvbS9xLzAyVVdoc052blZhQWUxMDAwMDAwN2MAAgQMNjRbAwQAAAAA',
    'from' => 'oF_mkjl5hILsGLPEy8D89l4ao1_k',
    'to' => 'gh_74fc964c4914',
    'time' => '1553400757',
    'type' => 'text',
    'scene' => 'TZHB15301483646399457--4183',
    'redirection' => true,
    'source' => 'qr',
  ),
)

2019-03-24 12:12:37 response :
------------

2019-03-24 12:13:18 trace :
------------
String:
<xml><ToUserName><![CDATA[gh_74fc964c4914]]></ToUserName>
<FromUserName><![CDATA[oF_mkjl5hILsGLPEy8D89l4ao1_k]]></FromUserName>
<CreateTime>1553400800</CreateTime>
<MsgType><![CDATA[event]]></MsgType>
<Event><![CDATA[SCAN]]></Event>
<EventKey><![CDATA[TZHB15301483646399457--4183]]></EventKey>
<Ticket><![CDATA[gQFX8DwAAAAAAAAAAS5odHRwOi8vd2VpeGluLnFxLmNvbS9xLzAyVVdoc052blZhQWUxMDAwMDAwN2MAAgQMNjRbAwQAAAAA]]></Ticket>
</xml>

2019-03-24 12:13:18 params :
------------
String:
array (
  'rule' => -2,
  'module' => '',
  'message' => 
  array (
    'tousername' => 'gh_74fc964c4914',
    'fromusername' => 'oF_mkjl5hILsGLPEy8D89l4ao1_k',
    'createtime' => '1553400800',
    'msgtype' => 'event',
    'event' => 'SCAN',
    'eventkey' => 'TZHB15301483646399457--4183',
    'ticket' => 'gQFX8DwAAAAAAAAAAS5odHRwOi8vd2VpeGluLnFxLmNvbS9xLzAyVVdoc052blZhQWUxMDAwMDAwN2MAAgQMNjRbAwQAAAAA',
    'from' => 'oF_mkjl5hILsGLPEy8D89l4ao1_k',
    'to' => 'gh_74fc964c4914',
    'time' => '1553400800',
    'type' => 'text',
    'scene' => 'TZHB15301483646399457--4183',
    'redirection' => true,
    'source' => 'qr',
  ),
)

2019-03-24 12:13:18 response :
------------

2019-03-24 12:17:28 trace :
------------
String:
<xml><ToUserName><![CDATA[gh_74fc964c4914]]></ToUserName>
<FromUserName><![CDATA[oF_mkju16pjbbGu3jJcnWUmIYoVE]]></FromUserName>
<CreateTime>1553401049</CreateTime>
<MsgType><![CDATA[event]]></MsgType>
<Event><![CDATA[SCAN]]></Event>
<EventKey><![CDATA[TZHB15367436224739917--10057]]></EventKey>
<Ticket><![CDATA[gQF38TwAAAAAAAAAAS5odHRwOi8vd2VpeGluLnFxLmNvbS9xLzAya0hnb05ablZhQWUxMDAwMGcwN2YAAgTG2JhbAwQAAAAA]]></Ticket>
</xml>

2019-03-24 12:17:28 params :
------------
String:
array (
  'rule' => -2,
  'module' => '',
  'message' => 
  array (
    'tousername' => 'gh_74fc964c4914',
    'fromusername' => 'oF_mkju16pjbbGu3jJcnWUmIYoVE',
    'createtime' => '1553401049',
    'msgtype' => 'event',
    'event' => 'SCAN',
    'eventkey' => 'TZHB15367436224739917--10057',
    'ticket' => 'gQF38TwAAAAAAAAAAS5odHRwOi8vd2VpeGluLnFxLmNvbS9xLzAya0hnb05ablZhQWUxMDAwMGcwN2YAAgTG2JhbAwQAAAAA',
    'from' => 'oF_mkju16pjbbGu3jJcnWUmIYoVE',
    'to' => 'gh_74fc964c4914',
    'time' => '1553401049',
    'type' => 'text',
    'scene' => 'TZHB15367436224739917--10057',
    'redirection' => true,
    'source' => 'qr',
  ),
)

2019-03-24 12:17:28 response :
------------

2019-03-24 14:31:27 trace :
------------
String:
<xml><ToUserName><![CDATA[gh_74fc964c4914]]></ToUserName>
<FromUserName><![CDATA[oF_mkjkcUiG-WRVqyYLXdy9vq3A8]]></FromUserName>
<CreateTime>1553409088</CreateTime>
<MsgType><![CDATA[event]]></MsgType>
<Event><![CDATA[subscribe]]></Event>
<EventKey><![CDATA[qrscene_TZHB15444181850671444--12492]]></EventKey>
<Ticket><![CDATA[gQG78TwAAAAAAAAAAS5odHRwOi8vd2VpeGluLnFxLmNvbS9xLzAyYzNWNk1IblZhQWUxMDAwMGcwN0gAAgSJ8w1cAwQAAAAA]]></Ticket>
</xml>

2019-03-24 14:31:27 params :
------------
String:
array (
  'message' => 
  array (
    'tousername' => 'gh_74fc964c4914',
    'fromusername' => 'oF_mkjkcUiG-WRVqyYLXdy9vq3A8',
    'createtime' => '1553409088',
    'msgtype' => 'event',
    'event' => 'subscribe',
    'eventkey' => 'qrscene_TZHB15444181850671444--12492',
    'ticket' => 'gQG78TwAAAAAAAAAAS5odHRwOi8vd2VpeGluLnFxLmNvbS9xLzAyYzNWNk1IblZhQWUxMDAwMGcwN0gAAgSJ8w1cAwQAAAAA',
    'from' => 'oF_mkjkcUiG-WRVqyYLXdy9vq3A8',
    'to' => 'gh_74fc964c4914',
    'time' => '1553409088',
    'type' => 'text',
    'scene' => 'TZHB15444181850671444--12492',
    'redirection' => true,
    'source' => 'subscribe',
    'content' => '首次关注',
  ),
  'module' => 'reply',
  'rule' => '9',
  'priority' => '0',
  'keyword' => 
  array (
    'id' => '116',
    'rid' => '9',
    'uniacid' => '2',
    'module' => 'reply',
    'content' => '首次关注',
    'type' => '1',
    'displayorder' => '0',
    'status' => '1',
    'reply_type' => 
    array (
      0 => 'basic',
    ),
  ),
  'reply_type' => 
  array (
    0 => 'basic',
  ),
)

2019-03-24 14:31:27 response :
------------
Array:
FromUserName : gh_74fc964c4914 ;
ToUserName : oF_mkjkcUiG-WRVqyYLXdy9vq3A8 ;
MsgType : text ;
Content : 您好，感谢您关注奔瑞汽车用品！360°汽车服务解决方案提供商。业务领域涵盖高端美容、二手翻新及快速钣喷等，欢迎与我们联系。
您也可以回复以下数字，查看相关信息。
【1】品牌介绍
【2】核心项目
【3】合作支持
【4】产品中心
【5】联系方式
您可以留言或拨打客服热线 4006669243 更多资讯，您可以访问奔瑞官网 www.benrui.cn
意见，建议反馈信息请直接回复，谢谢。 ;

2019-03-24 16:49:59 trace :
------------
String:
<xml><ToUserName><![CDATA[gh_74fc964c4914]]></ToUserName>
<FromUserName><![CDATA[oF_mkjs-U7JIqtYChkw8BmM0AcRo]]></FromUserName>
<CreateTime>1553417400</CreateTime>
<MsgType><![CDATA[event]]></MsgType>
<Event><![CDATA[subscribe]]></Event>
<EventKey><![CDATA[qrscene_TZHB15301480801764385--3600]]></EventKey>
<Ticket><![CDATA[gQGB8DwAAAAAAAAAAS5odHRwOi8vd2VpeGluLnFxLmNvbS9xLzAySGNtQk1iblZhQWUxMDAwMGcwN2IAAgTwNDRbAwQAAAAA]]></Ticket>
</xml>

2019-03-24 16:49:59 params :
------------
String:
array (
  'message' => 
  array (
    'tousername' => 'gh_74fc964c4914',
    'fromusername' => 'oF_mkjs-U7JIqtYChkw8BmM0AcRo',
    'createtime' => '1553417400',
    'msgtype' => 'event',
    'event' => 'subscribe',
    'eventkey' => 'qrscene_TZHB15301480801764385--3600',
    'ticket' => 'gQGB8DwAAAAAAAAAAS5odHRwOi8vd2VpeGluLnFxLmNvbS9xLzAySGNtQk1iblZhQWUxMDAwMGcwN2IAAgTwNDRbAwQAAAAA',
    'from' => 'oF_mkjs-U7JIqtYChkw8BmM0AcRo',
    'to' => 'gh_74fc964c4914',
    'time' => '1553417400',
    'type' => 'text',
    'scene' => 'TZHB15301480801764385--3600',
    'redirection' => true,
    'source' => 'subscribe',
    'content' => '首次关注',
  ),
  'module' => 'reply',
  'rule' => '9',
  'priority' => '0',
  'keyword' => 
  array (
    'id' => '116',
    'rid' => '9',
    'uniacid' => '2',
    'module' => 'reply',
    'content' => '首次关注',
    'type' => '1',
    'displayorder' => '0',
    'status' => '1',
    'reply_type' => 
    array (
      0 => 'basic',
    ),
  ),
  'reply_type' => 
  array (
    0 => 'basic',
  ),
)

2019-03-24 16:49:59 response :
------------
Array:
FromUserName : gh_74fc964c4914 ;
ToUserName : oF_mkjs-U7JIqtYChkw8BmM0AcRo ;
MsgType : text ;
Content : 您好，感谢您关注奔瑞汽车用品！360°汽车服务解决方案提供商。业务领域涵盖高端美容、二手翻新及快速钣喷等，欢迎与我们联系。
您也可以回复以下数字，查看相关信息。
【1】品牌介绍
【2】核心项目
【3】合作支持
【4】产品中心
【5】联系方式
您可以留言或拨打客服热线 4006669243 更多资讯，您可以访问奔瑞官网 www.benrui.cn
意见，建议反馈信息请直接回复，谢谢。 ;

2019-03-24 17:40:25 trace :
------------
String:
<xml><ToUserName><![CDATA[gh_74fc964c4914]]></ToUserName>
<FromUserName><![CDATA[oF_mkjrEu2HL76L-ZPFvLIJzlGOk]]></FromUserName>
<CreateTime>1553420426</CreateTime>
<MsgType><![CDATA[event]]></MsgType>
<Event><![CDATA[SCAN]]></Event>
<EventKey><![CDATA[TZHB15264358164798666--186]]></EventKey>
<Ticket><![CDATA[gQGe8TwAAAAAAAAAAS5odHRwOi8vd2VpeGluLnFxLmNvbS9xLzAyRVFSYU1ublZhQWUxMDAwMGcwNzEAAgToj-taAwQAAAAA]]></Ticket>
</xml>

2019-03-24 17:40:25 params :
------------
String:
array (
  'rule' => -2,
  'module' => '',
  'message' => 
  array (
    'tousername' => 'gh_74fc964c4914',
    'fromusername' => 'oF_mkjrEu2HL76L-ZPFvLIJzlGOk',
    'createtime' => '1553420426',
    'msgtype' => 'event',
    'event' => 'SCAN',
    'eventkey' => 'TZHB15264358164798666--186',
    'ticket' => 'gQGe8TwAAAAAAAAAAS5odHRwOi8vd2VpeGluLnFxLmNvbS9xLzAyRVFSYU1ublZhQWUxMDAwMGcwNzEAAgToj-taAwQAAAAA',
    'from' => 'oF_mkjrEu2HL76L-ZPFvLIJzlGOk',
    'to' => 'gh_74fc964c4914',
    'time' => '1553420426',
    'type' => 'text',
    'scene' => 'TZHB15264358164798666--186',
    'redirection' => true,
    'source' => 'qr',
  ),
)

2019-03-24 17:40:25 response :
------------

2019-03-24 17:40:46 trace :
------------
String:
<xml><ToUserName><![CDATA[gh_74fc964c4914]]></ToUserName>
<FromUserName><![CDATA[oF_mkjrEu2HL76L-ZPFvLIJzlGOk]]></FromUserName>
<CreateTime>1553420447</CreateTime>
<MsgType><![CDATA[event]]></MsgType>
<Event><![CDATA[SCAN]]></Event>
<EventKey><![CDATA[TZHB15264358164798666--186]]></EventKey>
<Ticket><![CDATA[gQGe8TwAAAAAAAAAAS5odHRwOi8vd2VpeGluLnFxLmNvbS9xLzAyRVFSYU1ublZhQWUxMDAwMGcwNzEAAgToj-taAwQAAAAA]]></Ticket>
</xml>

2019-03-24 17:40:46 params :
------------
String:
array (
  'rule' => -2,
  'module' => '',
  'message' => 
  array (
    'tousername' => 'gh_74fc964c4914',
    'fromusername' => 'oF_mkjrEu2HL76L-ZPFvLIJzlGOk',
    'createtime' => '1553420447',
    'msgtype' => 'event',
    'event' => 'SCAN',
    'eventkey' => 'TZHB15264358164798666--186',
    'ticket' => 'gQGe8TwAAAAAAAAAAS5odHRwOi8vd2VpeGluLnFxLmNvbS9xLzAyRVFSYU1ublZhQWUxMDAwMGcwNzEAAgToj-taAwQAAAAA',
    'from' => 'oF_mkjrEu2HL76L-ZPFvLIJzlGOk',
    'to' => 'gh_74fc964c4914',
    'time' => '1553420447',
    'type' => 'text',
    'scene' => 'TZHB15264358164798666--186',
    'redirection' => true,
    'source' => 'qr',
  ),
)

2019-03-24 17:40:46 response :
------------

2019-03-24 17:41:20 trace :
------------
String:
<xml><ToUserName><![CDATA[gh_74fc964c4914]]></ToUserName>
<FromUserName><![CDATA[oF_mkjrEu2HL76L-ZPFvLIJzlGOk]]></FromUserName>
<CreateTime>1553420481</CreateTime>
<MsgType><![CDATA[event]]></MsgType>
<Event><![CDATA[CLICK]]></Event>
<EventKey><![CDATA[最新优惠]]></EventKey>
</xml>

2019-03-24 17:41:20 params :
------------
String:
array (
  'message' => 
  array (
    'tousername' => 'gh_74fc964c4914',
    'fromusername' => 'oF_mkjrEu2HL76L-ZPFvLIJzlGOk',
    'createtime' => '1553420481',
    'msgtype' => 'event',
    'event' => 'CLICK',
    'eventkey' => '最新优惠',
    'from' => 'oF_mkjrEu2HL76L-ZPFvLIJzlGOk',
    'to' => 'gh_74fc964c4914',
    'time' => '1553420481',
    'type' => 'text',
    'content' => '最新优惠',
    'redirection' => true,
    'source' => 'click',
  ),
  'module' => 'reply',
  'rule' => '53',
  'priority' => '0',
  'keyword' => 
  array (
    'id' => '115',
    'rid' => '53',
    'uniacid' => '2',
    'module' => 'reply',
    'content' => '最新优惠',
    'type' => '1',
    'displayorder' => '0',
    'status' => '1',
    'reply_type' => 
    array (
      0 => 'basic',
    ),
  ),
  'reply_type' => 
  array (
    0 => 'basic',
  ),
)

2019-03-24 17:41:20 response :
------------
Array:
FromUserName : gh_74fc964c4914 ;
ToUserName : oF_mkjrEu2HL76L-ZPFvLIJzlGOk ;
MsgType : text ;
Content : 优质服务季，一大波促销活动即将激情开启，敬请期待。 ;

2019-03-24 17:41:25 trace :
------------
String:
<xml><ToUserName><![CDATA[gh_74fc964c4914]]></ToUserName>
<FromUserName><![CDATA[oF_mkjrEu2HL76L-ZPFvLIJzlGOk]]></FromUserName>
<CreateTime>1553420487</CreateTime>
<MsgType><![CDATA[event]]></MsgType>
<Event><![CDATA[VIEW]]></Event>
<EventKey><![CDATA[http://mp.weixin.qq.com/s?__biz=MjM5MzE3NjM0Mw==&mid=503568901&idx=1&sn=68e38de4e280a77f6a9d4729e7b63342&chksm=3d6c747d0a1bfd6b9891ec8de146b4e8934a8e3f178d5f12a5de9984b0c8826680160a8d6af5&scene=18#wechat_redirect]]></EventKey>
<MenuId>503048253</MenuId>
</xml>

2019-03-24 17:41:26 params :
------------
String:
array (
  'message' => 
  array (
    'tousername' => 'gh_74fc964c4914',
    'fromusername' => 'oF_mkjrEu2HL76L-ZPFvLIJzlGOk',
    'createtime' => '1553420487',
    'msgtype' => 'event',
    'event' => 'VIEW',
    'eventkey' => 'http://mp.weixin.qq.com/s?__biz=MjM5MzE3NjM0Mw==&mid=503568901&idx=1&sn=68e38de4e280a77f6a9d4729e7b63342&chksm=3d6c747d0a1bfd6b9891ec8de146b4e8934a8e3f178d5f12a5de9984b0c8826680160a8d6af5&scene=18#wechat_redirect',
    'menuid' => '503048253',
    'from' => 'oF_mkjrEu2HL76L-ZPFvLIJzlGOk',
    'to' => 'gh_74fc964c4914',
    'time' => '1553420487',
    'type' => 'text',
    'content' => 'http://mp.weixin.qq.com/s?__biz=MjM5MzE3NjM0Mw==&mid=503568901&idx=1&sn=68e38de4e280a77f6a9d4729e7b63342&chksm=3d6c747d0a1bfd6b9891ec8de146b4e8934a8e3f178d5f12a5de9984b0c8826680160a8d6af5&scene=18#wechat_redirect',
    'redirection' => true,
    'source' => 'VIEW',
  ),
  'module' => 'reply',
  'rule' => '25',
  'priority' => '0',
  'keyword' => 
  array (
    'id' => '32',
    'rid' => '25',
    'uniacid' => '2',
    'module' => 'reply',
    'content' => 'f1',
    'type' => '2',
    'displayorder' => '0',
    'status' => '1',
    'reply_type' => 
    array (
      0 => 'news',
    ),
  ),
  'reply_type' => 
  array (
    0 => 'news',
  ),
)

2019-03-24 17:41:26 response :
------------
Array:
FromUserName : gh_74fc964c4914 ;
ToUserName : oF_mkjrEu2HL76L-ZPFvLIJzlGOk ;
MsgType : news ;
ArticleCount : 1 ;
Articles : Array ;

2019-03-24 17:47:06 trace :
------------
String:
<xml><ToUserName><![CDATA[gh_74fc964c4914]]></ToUserName>
<FromUserName><![CDATA[oF_mkjnXrfsTxss8rUtYEZRD911g]]></FromUserName>
<CreateTime>1553420828</CreateTime>
<MsgType><![CDATA[event]]></MsgType>
<Event><![CDATA[SCAN]]></Event>
<EventKey><![CDATA[TZHB15367432725472147--9701]]></EventKey>
<Ticket><![CDATA[gQEd8TwAAAAAAAAAAS5odHRwOi8vd2VpeGluLnFxLmNvbS9xLzAyZHYyak5NblZhQWUxMDAwMDAwN3YAAgRo15hbAwQAAAAA]]></Ticket>
</xml>

2019-03-24 17:47:07 params :
------------
String:
array (
  'rule' => -2,
  'module' => '',
  'message' => 
  array (
    'tousername' => 'gh_74fc964c4914',
    'fromusername' => 'oF_mkjnXrfsTxss8rUtYEZRD911g',
    'createtime' => '1553420828',
    'msgtype' => 'event',
    'event' => 'SCAN',
    'eventkey' => 'TZHB15367432725472147--9701',
    'ticket' => 'gQEd8TwAAAAAAAAAAS5odHRwOi8vd2VpeGluLnFxLmNvbS9xLzAyZHYyak5NblZhQWUxMDAwMDAwN3YAAgRo15hbAwQAAAAA',
    'from' => 'oF_mkjnXrfsTxss8rUtYEZRD911g',
    'to' => 'gh_74fc964c4914',
    'time' => '1553420828',
    'type' => 'text',
    'scene' => 'TZHB15367432725472147--9701',
    'redirection' => true,
    'source' => 'qr',
  ),
)

2019-03-24 17:47:07 response :
------------

2019-03-24 17:47:08 trace :
------------
String:
<xml><ToUserName><![CDATA[gh_74fc964c4914]]></ToUserName>
<FromUserName><![CDATA[oF_mkjnXrfsTxss8rUtYEZRD911g]]></FromUserName>
<CreateTime>1553420830</CreateTime>
<MsgType><![CDATA[event]]></MsgType>
<Event><![CDATA[LOCATION]]></Event>
<Latitude>30.217962</Latitude>
<Longitude>120.266823</Longitude>
<Precision>30.000000</Precision>
</xml>

2019-03-24 17:47:08 params :
------------
String:
array (
  'message' => 
  array (
    'tousername' => 'gh_74fc964c4914',
    'fromusername' => 'oF_mkjnXrfsTxss8rUtYEZRD911g',
    'createtime' => '1553420830',
    'msgtype' => 'event',
    'event' => 'LOCATION',
    'latitude' => '30.217962',
    'longitude' => '120.266823',
    'precision' => '30.000000',
    'from' => 'oF_mkjnXrfsTxss8rUtYEZRD911g',
    'to' => 'gh_74fc964c4914',
    'time' => '1553420830',
    'type' => 'trace',
    'location_x' => '30.217962',
    'location_y' => '120.266823',
  ),
  'module' => 'default',
  'rule' => '-1',
)

2019-03-24 17:47:08 response :
------------
Array:
errno : -1 ;
message : Invaild value ;

2019-03-24 23:38:07 trace :
------------
String:
<xml><ToUserName><![CDATA[gh_74fc964c4914]]></ToUserName>
<FromUserName><![CDATA[oF_mkjsP5YVAz_h6nRxdiqGC8mXQ]]></FromUserName>
<CreateTime>1553441889</CreateTime>
<MsgType><![CDATA[event]]></MsgType>
<Event><![CDATA[unsubscribe]]></Event>
<EventKey><![CDATA[]]></EventKey>
</xml>

