2019-03-19 00:02:18 trace :
------------
String:
<xml><ToUserName><![CDATA[gh_74fc964c4914]]></ToUserName>
<FromUserName><![CDATA[oF_mkjksV6lTZDmRm32bWoiDrhGo]]></FromUserName>
<CreateTime>1552924940</CreateTime>
<MsgType><![CDATA[event]]></MsgType>
<Event><![CDATA[unsubscribe]]></Event>
<EventKey><![CDATA[]]></EventKey>
</xml>

2019-03-19 00:25:58 trace :
------------
String:
<xml><ToUserName><![CDATA[gh_74fc964c4914]]></ToUserName>
<FromUserName><![CDATA[oF_mkjrO0hJNaxAMOkaiBnq2Sb5s]]></FromUserName>
<CreateTime>1552926359</CreateTime>
<MsgType><![CDATA[event]]></MsgType>
<Event><![CDATA[VIEW]]></Event>
<EventKey><![CDATA[http://mp.weixin.qq.com/s?__biz=MjM5MzE3NjM0Mw==&mid=503568901&idx=1&sn=68e38de4e280a77f6a9d4729e7b63342&chksm=3d6c747d0a1bfd6b9891ec8de146b4e8934a8e3f178d5f12a5de9984b0c8826680160a8d6af5&scene=18#wechat_redirect]]></EventKey>
<MenuId>503048253</MenuId>
</xml>

2019-03-19 00:25:58 params :
------------
String:
array (
  'message' => 
  array (
    'tousername' => 'gh_74fc964c4914',
    'fromusername' => 'oF_mkjrO0hJNaxAMOkaiBnq2Sb5s',
    'createtime' => '1552926359',
    'msgtype' => 'event',
    'event' => 'VIEW',
    'eventkey' => 'http://mp.weixin.qq.com/s?__biz=MjM5MzE3NjM0Mw==&mid=503568901&idx=1&sn=68e38de4e280a77f6a9d4729e7b63342&chksm=3d6c747d0a1bfd6b9891ec8de146b4e8934a8e3f178d5f12a5de9984b0c8826680160a8d6af5&scene=18#wechat_redirect',
    'menuid' => '503048253',
    'from' => 'oF_mkjrO0hJNaxAMOkaiBnq2Sb5s',
    'to' => 'gh_74fc964c4914',
    'time' => '1552926359',
    'type' => 'text',
    'content' => 'http://mp.weixin.qq.com/s?__biz=MjM5MzE3NjM0Mw==&mid=503568901&idx=1&sn=68e38de4e280a77f6a9d4729e7b63342&chksm=3d6c747d0a1bfd6b9891ec8de146b4e8934a8e3f178d5f12a5de9984b0c8826680160a8d6af5&scene=18#wechat_redirect',
    'redirection' => true,
    'source' => 'VIEW',
  ),
  'module' => 'reply',
  'rule' => '25',
  'priority' => '0',
  'keyword' => 
  array (
    'id' => '32',
    'rid' => '25',
    'uniacid' => '2',
    'module' => 'reply',
    'content' => 'f1',
    'type' => '2',
    'displayorder' => '0',
    'status' => '1',
    'reply_type' => 
    array (
      0 => 'news',
    ),
  ),
  'reply_type' => 
  array (
    0 => 'news',
  ),
)

2019-03-19 00:25:58 response :
------------
Array:
FromUserName : gh_74fc964c4914 ;
ToUserName : oF_mkjrO0hJNaxAMOkaiBnq2Sb5s ;
MsgType : news ;
ArticleCount : 1 ;
Articles : Array ;

2019-03-19 00:26:12 trace :
------------
String:
<xml><ToUserName><![CDATA[gh_74fc964c4914]]></ToUserName>
<FromUserName><![CDATA[oF_mkjrO0hJNaxAMOkaiBnq2Sb5s]]></FromUserName>
<CreateTime>1552926373</CreateTime>
<MsgType><![CDATA[event]]></MsgType>
<Event><![CDATA[VIEW]]></Event>
<EventKey><![CDATA[http://mp.weixin.qq.com/s?__biz=MjM5MzE3NjM0Mw==&mid=2651052631&idx=1&sn=f6c637ac6355950fb6a6be3d98a3cc23&chksm=bd6c742f8a1bfd39d1d675b59be3bddfb6f31ba6f7077f16cd628b6444ecb07d173e07cf2793&scene=18#wechat_redirect]]></EventKey>
<MenuId>503048253</MenuId>
</xml>

2019-03-19 00:26:12 params :
------------
String:
array (
  'message' => 
  array (
    'tousername' => 'gh_74fc964c4914',
    'fromusername' => 'oF_mkjrO0hJNaxAMOkaiBnq2Sb5s',
    'createtime' => '1552926373',
    'msgtype' => 'event',
    'event' => 'VIEW',
    'eventkey' => 'http://mp.weixin.qq.com/s?__biz=MjM5MzE3NjM0Mw==&mid=2651052631&idx=1&sn=f6c637ac6355950fb6a6be3d98a3cc23&chksm=bd6c742f8a1bfd39d1d675b59be3bddfb6f31ba6f7077f16cd628b6444ecb07d173e07cf2793&scene=18#wechat_redirect',
    'menuid' => '503048253',
    'from' => 'oF_mkjrO0hJNaxAMOkaiBnq2Sb5s',
    'to' => 'gh_74fc964c4914',
    'time' => '1552926373',
    'type' => 'text',
    'content' => 'http://mp.weixin.qq.com/s?__biz=MjM5MzE3NjM0Mw==&mid=2651052631&idx=1&sn=f6c637ac6355950fb6a6be3d98a3cc23&chksm=bd6c742f8a1bfd39d1d675b59be3bddfb6f31ba6f7077f16cd628b6444ecb07d173e07cf2793&scene=18#wechat_redirect',
    'redirection' => true,
    'source' => 'VIEW',
  ),
  'module' => 'reply',
  'rule' => '25',
  'priority' => '0',
  'keyword' => 
  array (
    'id' => '32',
    'rid' => '25',
    'uniacid' => '2',
    'module' => 'reply',
    'content' => 'f1',
    'type' => '2',
    'displayorder' => '0',
    'status' => '1',
    'reply_type' => 
    array (
      0 => 'news',
    ),
  ),
  'reply_type' => 
  array (
    0 => 'news',
  ),
)

2019-03-19 00:26:12 response :
------------
Array:
FromUserName : gh_74fc964c4914 ;
ToUserName : oF_mkjrO0hJNaxAMOkaiBnq2Sb5s ;
MsgType : news ;
ArticleCount : 1 ;
Articles : Array ;

2019-03-19 08:42:39 trace :
------------
String:
<xml><ToUserName><![CDATA[gh_74fc964c4914]]></ToUserName>
<FromUserName><![CDATA[oF_mkjnXrfsTxss8rUtYEZRD911g]]></FromUserName>
<CreateTime>1552956160</CreateTime>
<MsgType><![CDATA[event]]></MsgType>
<Event><![CDATA[LOCATION]]></Event>
<Latitude>30.257486</Latitude>
<Longitude>120.210892</Longitude>
<Precision>220.000000</Precision>
</xml>

2019-03-19 08:42:39 params :
------------
String:
array (
  'message' => 
  array (
    'tousername' => 'gh_74fc964c4914',
    'fromusername' => 'oF_mkjnXrfsTxss8rUtYEZRD911g',
    'createtime' => '1552956160',
    'msgtype' => 'event',
    'event' => 'LOCATION',
    'latitude' => '30.257486',
    'longitude' => '120.210892',
    'precision' => '220.000000',
    'from' => 'oF_mkjnXrfsTxss8rUtYEZRD911g',
    'to' => 'gh_74fc964c4914',
    'time' => '1552956160',
    'type' => 'trace',
    'location_x' => '30.257486',
    'location_y' => '120.210892',
  ),
  'module' => 'default',
  'rule' => '-1',
)

2019-03-19 08:42:39 response :
------------
Array:
errno : -1 ;
message : Invaild value ;

2019-03-19 08:43:07 trace :
------------
String:
<xml><ToUserName><![CDATA[gh_74fc964c4914]]></ToUserName>
<FromUserName><![CDATA[oF_mkjnXrfsTxss8rUtYEZRD911g]]></FromUserName>
<CreateTime>1552956189</CreateTime>
<MsgType><![CDATA[event]]></MsgType>
<Event><![CDATA[LOCATION]]></Event>
<Latitude>30.257486</Latitude>
<Longitude>120.210892</Longitude>
<Precision>220.000000</Precision>
</xml>

2019-03-19 08:43:07 params :
------------
String:
array (
  'message' => 
  array (
    'tousername' => 'gh_74fc964c4914',
    'fromusername' => 'oF_mkjnXrfsTxss8rUtYEZRD911g',
    'createtime' => '1552956189',
    'msgtype' => 'event',
    'event' => 'LOCATION',
    'latitude' => '30.257486',
    'longitude' => '120.210892',
    'precision' => '220.000000',
    'from' => 'oF_mkjnXrfsTxss8rUtYEZRD911g',
    'to' => 'gh_74fc964c4914',
    'time' => '1552956189',
    'type' => 'trace',
    'location_x' => '30.257486',
    'location_y' => '120.210892',
  ),
  'module' => 'default',
  'rule' => '-1',
)

2019-03-19 08:43:07 response :
------------
Array:
errno : -1 ;
message : Invaild value ;

2019-03-19 08:43:44 trace :
------------
String:
<xml><ToUserName><![CDATA[gh_74fc964c4914]]></ToUserName>
<FromUserName><![CDATA[oF_mkjnXrfsTxss8rUtYEZRD911g]]></FromUserName>
<CreateTime>1552956225</CreateTime>
<MsgType><![CDATA[event]]></MsgType>
<Event><![CDATA[LOCATION]]></Event>
<Latitude>30.258797</Latitude>
<Longitude>120.208076</Longitude>
<Precision>220.000000</Precision>
</xml>

2019-03-19 08:43:44 params :
------------
String:
array (
  'message' => 
  array (
    'tousername' => 'gh_74fc964c4914',
    'fromusername' => 'oF_mkjnXrfsTxss8rUtYEZRD911g',
    'createtime' => '1552956225',
    'msgtype' => 'event',
    'event' => 'LOCATION',
    'latitude' => '30.258797',
    'longitude' => '120.208076',
    'precision' => '220.000000',
    'from' => 'oF_mkjnXrfsTxss8rUtYEZRD911g',
    'to' => 'gh_74fc964c4914',
    'time' => '1552956225',
    'type' => 'trace',
    'location_x' => '30.258797',
    'location_y' => '120.208076',
  ),
  'module' => 'default',
  'rule' => '-1',
)

2019-03-19 08:43:44 response :
------------
Array:
errno : -1 ;
message : Invaild value ;

2019-03-19 08:43:48 trace :
------------
String:
<xml><ToUserName><![CDATA[gh_74fc964c4914]]></ToUserName>
<FromUserName><![CDATA[oF_mkjnXrfsTxss8rUtYEZRD911g]]></FromUserName>
<CreateTime>1552956230</CreateTime>
<MsgType><![CDATA[event]]></MsgType>
<Event><![CDATA[LOCATION]]></Event>
<Latitude>30.241516</Latitude>
<Longitude>120.243431</Longitude>
<Precision>310.000000</Precision>
</xml>

2019-03-19 08:43:48 params :
------------
String:
array (
  'message' => 
  array (
    'tousername' => 'gh_74fc964c4914',
    'fromusername' => 'oF_mkjnXrfsTxss8rUtYEZRD911g',
    'createtime' => '1552956230',
    'msgtype' => 'event',
    'event' => 'LOCATION',
    'latitude' => '30.241516',
    'longitude' => '120.243431',
    'precision' => '310.000000',
    'from' => 'oF_mkjnXrfsTxss8rUtYEZRD911g',
    'to' => 'gh_74fc964c4914',
    'time' => '1552956230',
    'type' => 'trace',
    'location_x' => '30.241516',
    'location_y' => '120.243431',
  ),
  'module' => 'default',
  'rule' => '-1',
)

2019-03-19 08:43:48 response :
------------
Array:
errno : -1 ;
message : Invaild value ;

2019-03-19 09:16:17 trace :
------------
String:
<xml><ToUserName><![CDATA[gh_74fc964c4914]]></ToUserName>
<FromUserName><![CDATA[oF_mkjiYK5BsHvL_bG1bsQssFhqA]]></FromUserName>
<CreateTime>1552958178</CreateTime>
<MsgType><![CDATA[event]]></MsgType>
<Event><![CDATA[SCAN]]></Event>
<EventKey><![CDATA[TZHB15301483435126784--4087]]></EventKey>
<Ticket><![CDATA[gQHR8DwAAAAAAAAAAS5odHRwOi8vd2VpeGluLnFxLmNvbS9xLzAyZ1MzeU5IblZhQWUxMDAwME0wNzEAAgT3NTRbAwQAAAAA]]></Ticket>
</xml>

2019-03-19 09:16:17 params :
------------
String:
array (
  'rule' => -2,
  'module' => '',
  'message' => 
  array (
    'tousername' => 'gh_74fc964c4914',
    'fromusername' => 'oF_mkjiYK5BsHvL_bG1bsQssFhqA',
    'createtime' => '1552958178',
    'msgtype' => 'event',
    'event' => 'SCAN',
    'eventkey' => 'TZHB15301483435126784--4087',
    'ticket' => 'gQHR8DwAAAAAAAAAAS5odHRwOi8vd2VpeGluLnFxLmNvbS9xLzAyZ1MzeU5IblZhQWUxMDAwME0wNzEAAgT3NTRbAwQAAAAA',
    'from' => 'oF_mkjiYK5BsHvL_bG1bsQssFhqA',
    'to' => 'gh_74fc964c4914',
    'time' => '1552958178',
    'type' => 'text',
    'scene' => 'TZHB15301483435126784--4087',
    'redirection' => true,
    'source' => 'qr',
  ),
)

2019-03-19 09:16:17 response :
------------

2019-03-19 09:16:19 trace :
------------
String:
<xml><ToUserName><![CDATA[gh_74fc964c4914]]></ToUserName>
<FromUserName><![CDATA[oF_mkjiYK5BsHvL_bG1bsQssFhqA]]></FromUserName>
<CreateTime>1552958180</CreateTime>
<MsgType><![CDATA[event]]></MsgType>
<Event><![CDATA[LOCATION]]></Event>
<Latitude>30.806305</Latitude>
<Longitude>106.071091</Longitude>
<Precision>220.000000</Precision>
</xml>

2019-03-19 09:16:19 params :
------------
String:
array (
  'message' => 
  array (
    'tousername' => 'gh_74fc964c4914',
    'fromusername' => 'oF_mkjiYK5BsHvL_bG1bsQssFhqA',
    'createtime' => '1552958180',
    'msgtype' => 'event',
    'event' => 'LOCATION',
    'latitude' => '30.806305',
    'longitude' => '106.071091',
    'precision' => '220.000000',
    'from' => 'oF_mkjiYK5BsHvL_bG1bsQssFhqA',
    'to' => 'gh_74fc964c4914',
    'time' => '1552958180',
    'type' => 'trace',
    'location_x' => '30.806305',
    'location_y' => '106.071091',
  ),
  'module' => 'default',
  'rule' => '-1',
)

2019-03-19 09:16:19 response :
------------
Array:
errno : -1 ;
message : Invaild value ;

2019-03-19 09:16:29 trace :
------------
String:
<xml><ToUserName><![CDATA[gh_74fc964c4914]]></ToUserName>
<FromUserName><![CDATA[oF_mkjiYK5BsHvL_bG1bsQssFhqA]]></FromUserName>
<CreateTime>1552958191</CreateTime>
<MsgType><![CDATA[event]]></MsgType>
<Event><![CDATA[SCAN]]></Event>
<EventKey><![CDATA[TZHB15301483435126784--4087]]></EventKey>
<Ticket><![CDATA[gQHR8DwAAAAAAAAAAS5odHRwOi8vd2VpeGluLnFxLmNvbS9xLzAyZ1MzeU5IblZhQWUxMDAwME0wNzEAAgT3NTRbAwQAAAAA]]></Ticket>
</xml>

2019-03-19 09:16:29 params :
------------
String:
array (
  'rule' => -2,
  'module' => '',
  'message' => 
  array (
    'tousername' => 'gh_74fc964c4914',
    'fromusername' => 'oF_mkjiYK5BsHvL_bG1bsQssFhqA',
    'createtime' => '1552958191',
    'msgtype' => 'event',
    'event' => 'SCAN',
    'eventkey' => 'TZHB15301483435126784--4087',
    'ticket' => 'gQHR8DwAAAAAAAAAAS5odHRwOi8vd2VpeGluLnFxLmNvbS9xLzAyZ1MzeU5IblZhQWUxMDAwME0wNzEAAgT3NTRbAwQAAAAA',
    'from' => 'oF_mkjiYK5BsHvL_bG1bsQssFhqA',
    'to' => 'gh_74fc964c4914',
    'time' => '1552958191',
    'type' => 'text',
    'scene' => 'TZHB15301483435126784--4087',
    'redirection' => true,
    'source' => 'qr',
  ),
)

2019-03-19 09:16:29 response :
------------

2019-03-19 09:16:30 trace :
------------
String:
<xml><ToUserName><![CDATA[gh_74fc964c4914]]></ToUserName>
<FromUserName><![CDATA[oF_mkjiYK5BsHvL_bG1bsQssFhqA]]></FromUserName>
<CreateTime>1552958192</CreateTime>
<MsgType><![CDATA[event]]></MsgType>
<Event><![CDATA[LOCATION]]></Event>
<Latitude>30.806305</Latitude>
<Longitude>106.071091</Longitude>
<Precision>220.000000</Precision>
</xml>

2019-03-19 09:16:30 params :
------------
String:
array (
  'message' => 
  array (
    'tousername' => 'gh_74fc964c4914',
    'fromusername' => 'oF_mkjiYK5BsHvL_bG1bsQssFhqA',
    'createtime' => '1552958192',
    'msgtype' => 'event',
    'event' => 'LOCATION',
    'latitude' => '30.806305',
    'longitude' => '106.071091',
    'precision' => '220.000000',
    'from' => 'oF_mkjiYK5BsHvL_bG1bsQssFhqA',
    'to' => 'gh_74fc964c4914',
    'time' => '1552958192',
    'type' => 'trace',
    'location_x' => '30.806305',
    'location_y' => '106.071091',
  ),
  'module' => 'default',
  'rule' => '-1',
)

2019-03-19 09:16:30 response :
------------
Array:
errno : -1 ;
message : Invaild value ;

2019-03-19 09:16:38 trace :
------------
String:
<xml><ToUserName><![CDATA[gh_74fc964c4914]]></ToUserName>
<FromUserName><![CDATA[oF_mkjiYK5BsHvL_bG1bsQssFhqA]]></FromUserName>
<CreateTime>1552958199</CreateTime>
<MsgType><![CDATA[event]]></MsgType>
<Event><![CDATA[LOCATION]]></Event>
<Latitude>30.806305</Latitude>
<Longitude>106.071091</Longitude>
<Precision>220.000000</Precision>
</xml>

2019-03-19 09:16:38 params :
------------
String:
array (
  'message' => 
  array (
    'tousername' => 'gh_74fc964c4914',
    'fromusername' => 'oF_mkjiYK5BsHvL_bG1bsQssFhqA',
    'createtime' => '1552958199',
    'msgtype' => 'event',
    'event' => 'LOCATION',
    'latitude' => '30.806305',
    'longitude' => '106.071091',
    'precision' => '220.000000',
    'from' => 'oF_mkjiYK5BsHvL_bG1bsQssFhqA',
    'to' => 'gh_74fc964c4914',
    'time' => '1552958199',
    'type' => 'trace',
    'location_x' => '30.806305',
    'location_y' => '106.071091',
  ),
  'module' => 'default',
  'rule' => '-1',
)

2019-03-19 09:16:38 response :
------------
Array:
errno : -1 ;
message : Invaild value ;

2019-03-19 09:16:56 trace :
------------
String:
<xml><ToUserName><![CDATA[gh_74fc964c4914]]></ToUserName>
<FromUserName><![CDATA[oF_mkjiYK5BsHvL_bG1bsQssFhqA]]></FromUserName>
<CreateTime>1552958218</CreateTime>
<MsgType><![CDATA[event]]></MsgType>
<Event><![CDATA[LOCATION]]></Event>
<Latitude>30.806305</Latitude>
<Longitude>106.071091</Longitude>
<Precision>220.000000</Precision>
</xml>

2019-03-19 09:16:56 params :
------------
String:
array (
  'message' => 
  array (
    'tousername' => 'gh_74fc964c4914',
    'fromusername' => 'oF_mkjiYK5BsHvL_bG1bsQssFhqA',
    'createtime' => '1552958218',
    'msgtype' => 'event',
    'event' => 'LOCATION',
    'latitude' => '30.806305',
    'longitude' => '106.071091',
    'precision' => '220.000000',
    'from' => 'oF_mkjiYK5BsHvL_bG1bsQssFhqA',
    'to' => 'gh_74fc964c4914',
    'time' => '1552958218',
    'type' => 'trace',
    'location_x' => '30.806305',
    'location_y' => '106.071091',
  ),
  'module' => 'default',
  'rule' => '-1',
)

2019-03-19 09:16:56 response :
------------
Array:
errno : -1 ;
message : Invaild value ;

2019-03-19 09:17:09 trace :
------------
String:
<xml><ToUserName><![CDATA[gh_74fc964c4914]]></ToUserName>
<FromUserName><![CDATA[oF_mkjiYK5BsHvL_bG1bsQssFhqA]]></FromUserName>
<CreateTime>1552958230</CreateTime>
<MsgType><![CDATA[event]]></MsgType>
<Event><![CDATA[LOCATION]]></Event>
<Latitude>30.806305</Latitude>
<Longitude>106.071091</Longitude>
<Precision>220.000000</Precision>
</xml>

2019-03-19 09:17:09 params :
------------
String:
array (
  'message' => 
  array (
    'tousername' => 'gh_74fc964c4914',
    'fromusername' => 'oF_mkjiYK5BsHvL_bG1bsQssFhqA',
    'createtime' => '1552958230',
    'msgtype' => 'event',
    'event' => 'LOCATION',
    'latitude' => '30.806305',
    'longitude' => '106.071091',
    'precision' => '220.000000',
    'from' => 'oF_mkjiYK5BsHvL_bG1bsQssFhqA',
    'to' => 'gh_74fc964c4914',
    'time' => '1552958230',
    'type' => 'trace',
    'location_x' => '30.806305',
    'location_y' => '106.071091',
  ),
  'module' => 'default',
  'rule' => '-1',
)

2019-03-19 09:17:09 response :
------------
Array:
errno : -1 ;
message : Invaild value ;

2019-03-19 09:17:14 trace :
------------
String:
<xml><ToUserName><![CDATA[gh_74fc964c4914]]></ToUserName>
<FromUserName><![CDATA[oF_mkjiYK5BsHvL_bG1bsQssFhqA]]></FromUserName>
<CreateTime>1552958236</CreateTime>
<MsgType><![CDATA[event]]></MsgType>
<Event><![CDATA[SCAN]]></Event>
<EventKey><![CDATA[TZHB15301483435126784--4087]]></EventKey>
<Ticket><![CDATA[gQHR8DwAAAAAAAAAAS5odHRwOi8vd2VpeGluLnFxLmNvbS9xLzAyZ1MzeU5IblZhQWUxMDAwME0wNzEAAgT3NTRbAwQAAAAA]]></Ticket>
</xml>

2019-03-19 09:17:15 params :
------------
String:
array (
  'rule' => -2,
  'module' => '',
  'message' => 
  array (
    'tousername' => 'gh_74fc964c4914',
    'fromusername' => 'oF_mkjiYK5BsHvL_bG1bsQssFhqA',
    'createtime' => '1552958236',
    'msgtype' => 'event',
    'event' => 'SCAN',
    'eventkey' => 'TZHB15301483435126784--4087',
    'ticket' => 'gQHR8DwAAAAAAAAAAS5odHRwOi8vd2VpeGluLnFxLmNvbS9xLzAyZ1MzeU5IblZhQWUxMDAwME0wNzEAAgT3NTRbAwQAAAAA',
    'from' => 'oF_mkjiYK5BsHvL_bG1bsQssFhqA',
    'to' => 'gh_74fc964c4914',
    'time' => '1552958236',
    'type' => 'text',
    'scene' => 'TZHB15301483435126784--4087',
    'redirection' => true,
    'source' => 'qr',
  ),
)

2019-03-19 09:17:15 response :
------------

2019-03-19 09:17:15 trace :
------------
String:
<xml><ToUserName><![CDATA[gh_74fc964c4914]]></ToUserName>
<FromUserName><![CDATA[oF_mkjiYK5BsHvL_bG1bsQssFhqA]]></FromUserName>
<CreateTime>1552958237</CreateTime>
<MsgType><![CDATA[event]]></MsgType>
<Event><![CDATA[LOCATION]]></Event>
<Latitude>30.806305</Latitude>
<Longitude>106.071091</Longitude>
<Precision>220.000000</Precision>
</xml>

2019-03-19 09:17:16 params :
------------
String:
array (
  'message' => 
  array (
    'tousername' => 'gh_74fc964c4914',
    'fromusername' => 'oF_mkjiYK5BsHvL_bG1bsQssFhqA',
    'createtime' => '1552958237',
    'msgtype' => 'event',
    'event' => 'LOCATION',
    'latitude' => '30.806305',
    'longitude' => '106.071091',
    'precision' => '220.000000',
    'from' => 'oF_mkjiYK5BsHvL_bG1bsQssFhqA',
    'to' => 'gh_74fc964c4914',
    'time' => '1552958237',
    'type' => 'trace',
    'location_x' => '30.806305',
    'location_y' => '106.071091',
  ),
  'module' => 'default',
  'rule' => '-1',
)

2019-03-19 09:17:16 response :
------------
Array:
errno : -1 ;
message : Invaild value ;

2019-03-19 09:19:56 trace :
------------
String:
<xml><ToUserName><![CDATA[gh_74fc964c4914]]></ToUserName>
<FromUserName><![CDATA[oF_mkjrALwgvfVHtPLK7J-8Xz-Yc]]></FromUserName>
<CreateTime>1552958398</CreateTime>
<MsgType><![CDATA[event]]></MsgType>
<Event><![CDATA[SCAN]]></Event>
<EventKey><![CDATA[TZHB15447490502254644--12735]]></EventKey>
<Ticket><![CDATA[gQFU8TwAAAAAAAAAAS5odHRwOi8vd2VpeGluLnFxLmNvbS9xLzAyNGpQNE5BblZhQWUxMDAwME0wN00AAgT6-xJcAwQAAAAA]]></Ticket>
</xml>

2019-03-19 09:19:56 params :
------------
String:
array (
  'rule' => -2,
  'module' => '',
  'message' => 
  array (
    'tousername' => 'gh_74fc964c4914',
    'fromusername' => 'oF_mkjrALwgvfVHtPLK7J-8Xz-Yc',
    'createtime' => '1552958398',
    'msgtype' => 'event',
    'event' => 'SCAN',
    'eventkey' => 'TZHB15447490502254644--12735',
    'ticket' => 'gQFU8TwAAAAAAAAAAS5odHRwOi8vd2VpeGluLnFxLmNvbS9xLzAyNGpQNE5BblZhQWUxMDAwME0wN00AAgT6-xJcAwQAAAAA',
    'from' => 'oF_mkjrALwgvfVHtPLK7J-8Xz-Yc',
    'to' => 'gh_74fc964c4914',
    'time' => '1552958398',
    'type' => 'text',
    'scene' => 'TZHB15447490502254644--12735',
    'redirection' => true,
    'source' => 'qr',
  ),
)

2019-03-19 09:19:56 response :
------------

2019-03-19 09:19:58 trace :
------------
String:
<xml><ToUserName><![CDATA[gh_74fc964c4914]]></ToUserName>
<FromUserName><![CDATA[oF_mkjrALwgvfVHtPLK7J-8Xz-Yc]]></FromUserName>
<CreateTime>1552958400</CreateTime>
<MsgType><![CDATA[event]]></MsgType>
<Event><![CDATA[LOCATION]]></Event>
<Latitude>30.128876</Latitude>
<Longitude>120.515236</Longitude>
<Precision>140.000000</Precision>
</xml>

2019-03-19 09:19:58 params :
------------
String:
array (
  'message' => 
  array (
    'tousername' => 'gh_74fc964c4914',
    'fromusername' => 'oF_mkjrALwgvfVHtPLK7J-8Xz-Yc',
    'createtime' => '1552958400',
    'msgtype' => 'event',
    'event' => 'LOCATION',
    'latitude' => '30.128876',
    'longitude' => '120.515236',
    'precision' => '140.000000',
    'from' => 'oF_mkjrALwgvfVHtPLK7J-8Xz-Yc',
    'to' => 'gh_74fc964c4914',
    'time' => '1552958400',
    'type' => 'trace',
    'location_x' => '30.128876',
    'location_y' => '120.515236',
  ),
  'module' => 'default',
  'rule' => '-1',
)

2019-03-19 09:19:58 response :
------------
Array:
errno : -1 ;
message : Invaild value ;

2019-03-19 09:22:12 trace :
------------
String:
<xml><ToUserName><![CDATA[gh_74fc964c4914]]></ToUserName>
<FromUserName><![CDATA[oF_mkjiYK5BsHvL_bG1bsQssFhqA]]></FromUserName>
<CreateTime>1552958533</CreateTime>
<MsgType><![CDATA[event]]></MsgType>
<Event><![CDATA[LOCATION]]></Event>
<Latitude>30.806305</Latitude>
<Longitude>106.071091</Longitude>
<Precision>220.000000</Precision>
</xml>

2019-03-19 09:22:12 params :
------------
String:
array (
  'message' => 
  array (
    'tousername' => 'gh_74fc964c4914',
    'fromusername' => 'oF_mkjiYK5BsHvL_bG1bsQssFhqA',
    'createtime' => '1552958533',
    'msgtype' => 'event',
    'event' => 'LOCATION',
    'latitude' => '30.806305',
    'longitude' => '106.071091',
    'precision' => '220.000000',
    'from' => 'oF_mkjiYK5BsHvL_bG1bsQssFhqA',
    'to' => 'gh_74fc964c4914',
    'time' => '1552958533',
    'type' => 'trace',
    'location_x' => '30.806305',
    'location_y' => '106.071091',
  ),
  'module' => 'default',
  'rule' => '-1',
)

2019-03-19 09:22:12 response :
------------
Array:
errno : -1 ;
message : Invaild value ;

2019-03-19 09:22:28 trace :
------------
String:
<xml><ToUserName><![CDATA[gh_74fc964c4914]]></ToUserName>
<FromUserName><![CDATA[oF_mkjrALwgvfVHtPLK7J-8Xz-Yc]]></FromUserName>
<CreateTime>1552958550</CreateTime>
<MsgType><![CDATA[event]]></MsgType>
<Event><![CDATA[LOCATION]]></Event>
<Latitude>30.128920</Latitude>
<Longitude>120.515137</Longitude>
<Precision>900.000000</Precision>
</xml>

2019-03-19 09:22:28 params :
------------
String:
array (
  'message' => 
  array (
    'tousername' => 'gh_74fc964c4914',
    'fromusername' => 'oF_mkjrALwgvfVHtPLK7J-8Xz-Yc',
    'createtime' => '1552958550',
    'msgtype' => 'event',
    'event' => 'LOCATION',
    'latitude' => '30.128920',
    'longitude' => '120.515137',
    'precision' => '900.000000',
    'from' => 'oF_mkjrALwgvfVHtPLK7J-8Xz-Yc',
    'to' => 'gh_74fc964c4914',
    'time' => '1552958550',
    'type' => 'trace',
    'location_x' => '30.128920',
    'location_y' => '120.515137',
  ),
  'module' => 'default',
  'rule' => '-1',
)

2019-03-19 09:22:28 response :
------------
Array:
errno : -1 ;
message : Invaild value ;

2019-03-19 09:28:22 trace :
------------
String:
<xml><ToUserName><![CDATA[gh_74fc964c4914]]></ToUserName>
<FromUserName><![CDATA[oF_mkjlXPeUN9NR75tZrXsrEq0hE]]></FromUserName>
<CreateTime>1552958903</CreateTime>
<MsgType><![CDATA[event]]></MsgType>
<Event><![CDATA[SCAN]]></Event>
<EventKey><![CDATA[TZHB15444181136741659--12041]]></EventKey>
<Ticket><![CDATA[gQHa8DwAAAAAAAAAAS5odHRwOi8vd2VpeGluLnFxLmNvbS9xLzAyTEF3dE4yblZhQWUxMDAwMDAwN2cAAgRB8w1cAwQAAAAA]]></Ticket>
</xml>

2019-03-19 09:28:22 params :
------------
String:
array (
  'rule' => -2,
  'module' => '',
  'message' => 
  array (
    'tousername' => 'gh_74fc964c4914',
    'fromusername' => 'oF_mkjlXPeUN9NR75tZrXsrEq0hE',
    'createtime' => '1552958903',
    'msgtype' => 'event',
    'event' => 'SCAN',
    'eventkey' => 'TZHB15444181136741659--12041',
    'ticket' => 'gQHa8DwAAAAAAAAAAS5odHRwOi8vd2VpeGluLnFxLmNvbS9xLzAyTEF3dE4yblZhQWUxMDAwMDAwN2cAAgRB8w1cAwQAAAAA',
    'from' => 'oF_mkjlXPeUN9NR75tZrXsrEq0hE',
    'to' => 'gh_74fc964c4914',
    'time' => '1552958903',
    'type' => 'text',
    'scene' => 'TZHB15444181136741659--12041',
    'redirection' => true,
    'source' => 'qr',
  ),
)

2019-03-19 09:28:22 response :
------------

2019-03-19 09:28:31 trace :
------------
String:
<xml><ToUserName><![CDATA[gh_74fc964c4914]]></ToUserName>
<FromUserName><![CDATA[oF_mkjlXPeUN9NR75tZrXsrEq0hE]]></FromUserName>
<CreateTime>1552958912</CreateTime>
<MsgType><![CDATA[event]]></MsgType>
<Event><![CDATA[SCAN]]></Event>
<EventKey><![CDATA[TZHB15444181136741659--12041]]></EventKey>
<Ticket><![CDATA[gQHa8DwAAAAAAAAAAS5odHRwOi8vd2VpeGluLnFxLmNvbS9xLzAyTEF3dE4yblZhQWUxMDAwMDAwN2cAAgRB8w1cAwQAAAAA]]></Ticket>
</xml>

2019-03-19 09:28:31 params :
------------
String:
array (
  'rule' => -2,
  'module' => '',
  'message' => 
  array (
    'tousername' => 'gh_74fc964c4914',
    'fromusername' => 'oF_mkjlXPeUN9NR75tZrXsrEq0hE',
    'createtime' => '1552958912',
    'msgtype' => 'event',
    'event' => 'SCAN',
    'eventkey' => 'TZHB15444181136741659--12041',
    'ticket' => 'gQHa8DwAAAAAAAAAAS5odHRwOi8vd2VpeGluLnFxLmNvbS9xLzAyTEF3dE4yblZhQWUxMDAwMDAwN2cAAgRB8w1cAwQAAAAA',
    'from' => 'oF_mkjlXPeUN9NR75tZrXsrEq0hE',
    'to' => 'gh_74fc964c4914',
    'time' => '1552958912',
    'type' => 'text',
    'scene' => 'TZHB15444181136741659--12041',
    'redirection' => true,
    'source' => 'qr',
  ),
)

2019-03-19 09:28:31 response :
------------

2019-03-19 09:28:39 trace :
------------
String:
<xml><ToUserName><![CDATA[gh_74fc964c4914]]></ToUserName>
<FromUserName><![CDATA[oF_mkjlXPeUN9NR75tZrXsrEq0hE]]></FromUserName>
<CreateTime>1552958920</CreateTime>
<MsgType><![CDATA[event]]></MsgType>
<Event><![CDATA[SCAN]]></Event>
<EventKey><![CDATA[TZHB15444181136741659--12041]]></EventKey>
<Ticket><![CDATA[gQHa8DwAAAAAAAAAAS5odHRwOi8vd2VpeGluLnFxLmNvbS9xLzAyTEF3dE4yblZhQWUxMDAwMDAwN2cAAgRB8w1cAwQAAAAA]]></Ticket>
</xml>

2019-03-19 09:28:39 params :
------------
String:
array (
  'rule' => -2,
  'module' => '',
  'message' => 
  array (
    'tousername' => 'gh_74fc964c4914',
    'fromusername' => 'oF_mkjlXPeUN9NR75tZrXsrEq0hE',
    'createtime' => '1552958920',
    'msgtype' => 'event',
    'event' => 'SCAN',
    'eventkey' => 'TZHB15444181136741659--12041',
    'ticket' => 'gQHa8DwAAAAAAAAAAS5odHRwOi8vd2VpeGluLnFxLmNvbS9xLzAyTEF3dE4yblZhQWUxMDAwMDAwN2cAAgRB8w1cAwQAAAAA',
    'from' => 'oF_mkjlXPeUN9NR75tZrXsrEq0hE',
    'to' => 'gh_74fc964c4914',
    'time' => '1552958920',
    'type' => 'text',
    'scene' => 'TZHB15444181136741659--12041',
    'redirection' => true,
    'source' => 'qr',
  ),
)

2019-03-19 09:28:39 response :
------------

2019-03-19 09:49:39 trace :
------------
String:
<xml><ToUserName><![CDATA[gh_74fc964c4914]]></ToUserName>
<FromUserName><![CDATA[oF_mkjlsoN59CXv_l-N6_43afFig]]></FromUserName>
<CreateTime>1552960179</CreateTime>
<MsgType><![CDATA[event]]></MsgType>
<Event><![CDATA[SCAN]]></Event>
<EventKey><![CDATA[TZHB15444181496138752--12307]]></EventKey>
<Ticket><![CDATA[gQFn8DwAAAAAAAAAAS5odHRwOi8vd2VpeGluLnFxLmNvbS9xLzAyeW5NYU5pblZhQWUxMDAwMDAwN2IAAgRl8w1cAwQAAAAA]]></Ticket>
</xml>

2019-03-19 09:49:39 params :
------------
String:
array (
  'rule' => -2,
  'module' => '',
  'message' => 
  array (
    'tousername' => 'gh_74fc964c4914',
    'fromusername' => 'oF_mkjlsoN59CXv_l-N6_43afFig',
    'createtime' => '1552960179',
    'msgtype' => 'event',
    'event' => 'SCAN',
    'eventkey' => 'TZHB15444181496138752--12307',
    'ticket' => 'gQFn8DwAAAAAAAAAAS5odHRwOi8vd2VpeGluLnFxLmNvbS9xLzAyeW5NYU5pblZhQWUxMDAwMDAwN2IAAgRl8w1cAwQAAAAA',
    'from' => 'oF_mkjlsoN59CXv_l-N6_43afFig',
    'to' => 'gh_74fc964c4914',
    'time' => '1552960179',
    'type' => 'text',
    'scene' => 'TZHB15444181496138752--12307',
    'redirection' => true,
    'source' => 'qr',
  ),
)

2019-03-19 09:49:39 response :
------------

2019-03-19 09:49:51 trace :
------------
String:
<xml><ToUserName><![CDATA[gh_74fc964c4914]]></ToUserName>
<FromUserName><![CDATA[oF_mkjlsoN59CXv_l-N6_43afFig]]></FromUserName>
<CreateTime>1552960193</CreateTime>
<MsgType><![CDATA[event]]></MsgType>
<Event><![CDATA[LOCATION]]></Event>
<Latitude>28.742300</Latitude>
<Longitude>115.845802</Longitude>
<Precision>30.000000</Precision>
</xml>

2019-03-19 09:49:51 params :
------------
String:
array (
  'message' => 
  array (
    'tousername' => 'gh_74fc964c4914',
    'fromusername' => 'oF_mkjlsoN59CXv_l-N6_43afFig',
    'createtime' => '1552960193',
    'msgtype' => 'event',
    'event' => 'LOCATION',
    'latitude' => '28.742300',
    'longitude' => '115.845802',
    'precision' => '30.000000',
    'from' => 'oF_mkjlsoN59CXv_l-N6_43afFig',
    'to' => 'gh_74fc964c4914',
    'time' => '1552960193',
    'type' => 'trace',
    'location_x' => '28.742300',
    'location_y' => '115.845802',
  ),
  'module' => 'default',
  'rule' => '-1',
)

2019-03-19 09:49:51 response :
------------
Array:
errno : -1 ;
message : Invaild value ;

2019-03-19 11:27:20 trace :
------------
String:
<xml><ToUserName><![CDATA[gh_74fc964c4914]]></ToUserName>
<FromUserName><![CDATA[oF_mkjrZi29fjjor-xoBwIoaC27k]]></FromUserName>
<CreateTime>1552966041</CreateTime>
<MsgType><![CDATA[event]]></MsgType>
<Event><![CDATA[subscribe]]></Event>
<EventKey><![CDATA[]]></EventKey>
</xml>

2019-03-19 11:27:20 params :
------------
String:
array (
  'message' => 
  array (
    'tousername' => 'gh_74fc964c4914',
    'fromusername' => 'oF_mkjrZi29fjjor-xoBwIoaC27k',
    'createtime' => '1552966041',
    'msgtype' => 'event',
    'event' => 'subscribe',
    'eventkey' => '',
    'from' => 'oF_mkjrZi29fjjor-xoBwIoaC27k',
    'to' => 'gh_74fc964c4914',
    'time' => '1552966041',
    'type' => 'text',
    'redirection' => true,
    'source' => 'subscribe',
    'content' => '首次关注',
  ),
  'module' => 'reply',
  'rule' => '9',
  'priority' => '0',
  'keyword' => 
  array (
    'id' => '116',
    'rid' => '9',
    'uniacid' => '2',
    'module' => 'reply',
    'content' => '首次关注',
    'type' => '1',
    'displayorder' => '0',
    'status' => '1',
    'reply_type' => 
    array (
      0 => 'basic',
    ),
  ),
  'reply_type' => 
  array (
    0 => 'basic',
  ),
)

2019-03-19 11:27:20 response :
------------
Array:
FromUserName : gh_74fc964c4914 ;
ToUserName : oF_mkjrZi29fjjor-xoBwIoaC27k ;
MsgType : text ;
Content : 您好，感谢您关注奔瑞汽车用品！360°汽车服务解决方案提供商。业务领域涵盖高端美容、二手翻新及快速钣喷等，欢迎与我们联系。
您也可以回复以下数字，查看相关信息。
【1】品牌介绍
【2】核心项目
【3】合作支持
【4】产品中心
【5】联系方式
您可以留言或拨打客服热线 4006669243 更多资讯，您可以访问奔瑞官网 www.benrui.cn
意见，建议反馈信息请直接回复，谢谢。 ;

2019-03-19 12:34:15 trace :
------------
String:
<xml><ToUserName><![CDATA[gh_74fc964c4914]]></ToUserName>
<FromUserName><![CDATA[oF_mkjiYK5BsHvL_bG1bsQssFhqA]]></FromUserName>
<CreateTime>1552970056</CreateTime>
<MsgType><![CDATA[event]]></MsgType>
<Event><![CDATA[SCAN]]></Event>
<EventKey><![CDATA[TZHB15301483435126784--4087]]></EventKey>
<Ticket><![CDATA[gQHR8DwAAAAAAAAAAS5odHRwOi8vd2VpeGluLnFxLmNvbS9xLzAyZ1MzeU5IblZhQWUxMDAwME0wNzEAAgT3NTRbAwQAAAAA]]></Ticket>
</xml>

2019-03-19 12:34:15 params :
------------
String:
array (
  'rule' => -2,
  'module' => '',
  'message' => 
  array (
    'tousername' => 'gh_74fc964c4914',
    'fromusername' => 'oF_mkjiYK5BsHvL_bG1bsQssFhqA',
    'createtime' => '1552970056',
    'msgtype' => 'event',
    'event' => 'SCAN',
    'eventkey' => 'TZHB15301483435126784--4087',
    'ticket' => 'gQHR8DwAAAAAAAAAAS5odHRwOi8vd2VpeGluLnFxLmNvbS9xLzAyZ1MzeU5IblZhQWUxMDAwME0wNzEAAgT3NTRbAwQAAAAA',
    'from' => 'oF_mkjiYK5BsHvL_bG1bsQssFhqA',
    'to' => 'gh_74fc964c4914',
    'time' => '1552970056',
    'type' => 'text',
    'scene' => 'TZHB15301483435126784--4087',
    'redirection' => true,
    'source' => 'qr',
  ),
)

2019-03-19 12:34:15 response :
------------

2019-03-19 12:34:17 trace :
------------
String:
<xml><ToUserName><![CDATA[gh_74fc964c4914]]></ToUserName>
<FromUserName><![CDATA[oF_mkjiYK5BsHvL_bG1bsQssFhqA]]></FromUserName>
<CreateTime>1552970058</CreateTime>
<MsgType><![CDATA[event]]></MsgType>
<Event><![CDATA[LOCATION]]></Event>
<Latitude>30.806379</Latitude>
<Longitude>106.074188</Longitude>
<Precision>220.000000</Precision>
</xml>

2019-03-19 12:34:17 params :
------------
String:
array (
  'message' => 
  array (
    'tousername' => 'gh_74fc964c4914',
    'fromusername' => 'oF_mkjiYK5BsHvL_bG1bsQssFhqA',
    'createtime' => '1552970058',
    'msgtype' => 'event',
    'event' => 'LOCATION',
    'latitude' => '30.806379',
    'longitude' => '106.074188',
    'precision' => '220.000000',
    'from' => 'oF_mkjiYK5BsHvL_bG1bsQssFhqA',
    'to' => 'gh_74fc964c4914',
    'time' => '1552970058',
    'type' => 'trace',
    'location_x' => '30.806379',
    'location_y' => '106.074188',
  ),
  'module' => 'default',
  'rule' => '-1',
)

2019-03-19 12:34:17 response :
------------
Array:
errno : -1 ;
message : Invaild value ;

2019-03-19 12:34:28 trace :
------------
String:
<xml><ToUserName><![CDATA[gh_74fc964c4914]]></ToUserName>
<FromUserName><![CDATA[oF_mkjiYK5BsHvL_bG1bsQssFhqA]]></FromUserName>
<CreateTime>1552970069</CreateTime>
<MsgType><![CDATA[event]]></MsgType>
<Event><![CDATA[SCAN]]></Event>
<EventKey><![CDATA[TZHB15301483435126784--4087]]></EventKey>
<Ticket><![CDATA[gQHR8DwAAAAAAAAAAS5odHRwOi8vd2VpeGluLnFxLmNvbS9xLzAyZ1MzeU5IblZhQWUxMDAwME0wNzEAAgT3NTRbAwQAAAAA]]></Ticket>
</xml>

2019-03-19 12:34:28 params :
------------
String:
array (
  'rule' => -2,
  'module' => '',
  'message' => 
  array (
    'tousername' => 'gh_74fc964c4914',
    'fromusername' => 'oF_mkjiYK5BsHvL_bG1bsQssFhqA',
    'createtime' => '1552970069',
    'msgtype' => 'event',
    'event' => 'SCAN',
    'eventkey' => 'TZHB15301483435126784--4087',
    'ticket' => 'gQHR8DwAAAAAAAAAAS5odHRwOi8vd2VpeGluLnFxLmNvbS9xLzAyZ1MzeU5IblZhQWUxMDAwME0wNzEAAgT3NTRbAwQAAAAA',
    'from' => 'oF_mkjiYK5BsHvL_bG1bsQssFhqA',
    'to' => 'gh_74fc964c4914',
    'time' => '1552970069',
    'type' => 'text',
    'scene' => 'TZHB15301483435126784--4087',
    'redirection' => true,
    'source' => 'qr',
  ),
)

2019-03-19 12:34:28 response :
------------

2019-03-19 12:34:29 trace :
------------
String:
<xml><ToUserName><![CDATA[gh_74fc964c4914]]></ToUserName>
<FromUserName><![CDATA[oF_mkjiYK5BsHvL_bG1bsQssFhqA]]></FromUserName>
<CreateTime>1552970070</CreateTime>
<MsgType><![CDATA[event]]></MsgType>
<Event><![CDATA[LOCATION]]></Event>
<Latitude>30.806379</Latitude>
<Longitude>106.074188</Longitude>
<Precision>220.000000</Precision>
</xml>

2019-03-19 12:34:29 params :
------------
String:
array (
  'message' => 
  array (
    'tousername' => 'gh_74fc964c4914',
    'fromusername' => 'oF_mkjiYK5BsHvL_bG1bsQssFhqA',
    'createtime' => '1552970070',
    'msgtype' => 'event',
    'event' => 'LOCATION',
    'latitude' => '30.806379',
    'longitude' => '106.074188',
    'precision' => '220.000000',
    'from' => 'oF_mkjiYK5BsHvL_bG1bsQssFhqA',
    'to' => 'gh_74fc964c4914',
    'time' => '1552970070',
    'type' => 'trace',
    'location_x' => '30.806379',
    'location_y' => '106.074188',
  ),
  'module' => 'default',
  'rule' => '-1',
)

2019-03-19 12:34:29 response :
------------
Array:
errno : -1 ;
message : Invaild value ;

2019-03-19 13:53:51 trace :
------------
String:
<xml><ToUserName><![CDATA[gh_74fc964c4914]]></ToUserName>
<FromUserName><![CDATA[oF_mkjuwcc2-7_wCBNF-LPa7p6gU]]></FromUserName>
<CreateTime>1552974832</CreateTime>
<MsgType><![CDATA[event]]></MsgType>
<Event><![CDATA[LOCATION]]></Event>
<Latitude>30.722609</Latitude>
<Longitude>103.919090</Longitude>
<Precision>30.000000</Precision>
</xml>

2019-03-19 13:53:51 params :
------------
String:
array (
  'message' => 
  array (
    'tousername' => 'gh_74fc964c4914',
    'fromusername' => 'oF_mkjuwcc2-7_wCBNF-LPa7p6gU',
    'createtime' => '1552974832',
    'msgtype' => 'event',
    'event' => 'LOCATION',
    'latitude' => '30.722609',
    'longitude' => '103.919090',
    'precision' => '30.000000',
    'from' => 'oF_mkjuwcc2-7_wCBNF-LPa7p6gU',
    'to' => 'gh_74fc964c4914',
    'time' => '1552974832',
    'type' => 'trace',
    'location_x' => '30.722609',
    'location_y' => '103.919090',
  ),
  'module' => 'default',
  'rule' => '-1',
)

2019-03-19 13:53:51 response :
------------
Array:
errno : -1 ;
message : Invaild value ;

2019-03-19 17:33:17 trace :
------------
String:
<xml><ToUserName><![CDATA[gh_74fc964c4914]]></ToUserName>
<FromUserName><![CDATA[oF_mkjubDm4HUrgGfwKNd5pU9mPs]]></FromUserName>
<CreateTime>1552987998</CreateTime>
<MsgType><![CDATA[event]]></MsgType>
<Event><![CDATA[SCAN]]></Event>
<EventKey><![CDATA[TZHB15301486047548914--5414]]></EventKey>
<Ticket><![CDATA[gQFq8DwAAAAAAAAAAS5odHRwOi8vd2VpeGluLnFxLmNvbS9xLzAycEVUVE1ublZhQWUxMDAwME0wN3YAAgT8NjRbAwQAAAAA]]></Ticket>
</xml>

2019-03-19 17:33:17 params :
------------
String:
array (
  'rule' => -2,
  'module' => '',
  'message' => 
  array (
    'tousername' => 'gh_74fc964c4914',
    'fromusername' => 'oF_mkjubDm4HUrgGfwKNd5pU9mPs',
    'createtime' => '1552987998',
    'msgtype' => 'event',
    'event' => 'SCAN',
    'eventkey' => 'TZHB15301486047548914--5414',
    'ticket' => 'gQFq8DwAAAAAAAAAAS5odHRwOi8vd2VpeGluLnFxLmNvbS9xLzAycEVUVE1ublZhQWUxMDAwME0wN3YAAgT8NjRbAwQAAAAA',
    'from' => 'oF_mkjubDm4HUrgGfwKNd5pU9mPs',
    'to' => 'gh_74fc964c4914',
    'time' => '1552987998',
    'type' => 'text',
    'scene' => 'TZHB15301486047548914--5414',
    'redirection' => true,
    'source' => 'qr',
  ),
)

2019-03-19 17:33:17 response :
------------

2019-03-19 17:33:28 trace :
------------
String:
<xml><ToUserName><![CDATA[gh_74fc964c4914]]></ToUserName>
<FromUserName><![CDATA[oF_mkjubDm4HUrgGfwKNd5pU9mPs]]></FromUserName>
<CreateTime>1552988009</CreateTime>
<MsgType><![CDATA[event]]></MsgType>
<Event><![CDATA[LOCATION]]></Event>
<Latitude>37.406250</Latitude>
<Longitude>122.140793</Longitude>
<Precision>30.000000</Precision>
</xml>

2019-03-19 17:33:28 params :
------------
String:
array (
  'message' => 
  array (
    'tousername' => 'gh_74fc964c4914',
    'fromusername' => 'oF_mkjubDm4HUrgGfwKNd5pU9mPs',
    'createtime' => '1552988009',
    'msgtype' => 'event',
    'event' => 'LOCATION',
    'latitude' => '37.406250',
    'longitude' => '122.140793',
    'precision' => '30.000000',
    'from' => 'oF_mkjubDm4HUrgGfwKNd5pU9mPs',
    'to' => 'gh_74fc964c4914',
    'time' => '1552988009',
    'type' => 'trace',
    'location_x' => '37.406250',
    'location_y' => '122.140793',
  ),
  'module' => 'default',
  'rule' => '-1',
)

2019-03-19 17:33:28 response :
------------
Array:
errno : -1 ;
message : Invaild value ;

2019-03-19 17:33:34 trace :
------------
String:
<xml><ToUserName><![CDATA[gh_74fc964c4914]]></ToUserName>
<FromUserName><![CDATA[oF_mkjubDm4HUrgGfwKNd5pU9mPs]]></FromUserName>
<CreateTime>1552988015</CreateTime>
<MsgType><![CDATA[event]]></MsgType>
<Event><![CDATA[SCAN]]></Event>
<EventKey><![CDATA[TZHB15301486047548914--5414]]></EventKey>
<Ticket><![CDATA[gQFq8DwAAAAAAAAAAS5odHRwOi8vd2VpeGluLnFxLmNvbS9xLzAycEVUVE1ublZhQWUxMDAwME0wN3YAAgT8NjRbAwQAAAAA]]></Ticket>
</xml>

2019-03-19 17:33:34 params :
------------
String:
array (
  'rule' => -2,
  'module' => '',
  'message' => 
  array (
    'tousername' => 'gh_74fc964c4914',
    'fromusername' => 'oF_mkjubDm4HUrgGfwKNd5pU9mPs',
    'createtime' => '1552988015',
    'msgtype' => 'event',
    'event' => 'SCAN',
    'eventkey' => 'TZHB15301486047548914--5414',
    'ticket' => 'gQFq8DwAAAAAAAAAAS5odHRwOi8vd2VpeGluLnFxLmNvbS9xLzAycEVUVE1ublZhQWUxMDAwME0wN3YAAgT8NjRbAwQAAAAA',
    'from' => 'oF_mkjubDm4HUrgGfwKNd5pU9mPs',
    'to' => 'gh_74fc964c4914',
    'time' => '1552988015',
    'type' => 'text',
    'scene' => 'TZHB15301486047548914--5414',
    'redirection' => true,
    'source' => 'qr',
  ),
)

2019-03-19 17:33:34 response :
------------

2019-03-19 17:33:35 trace :
------------
String:
<xml><ToUserName><![CDATA[gh_74fc964c4914]]></ToUserName>
<FromUserName><![CDATA[oF_mkjubDm4HUrgGfwKNd5pU9mPs]]></FromUserName>
<CreateTime>1552988016</CreateTime>
<MsgType><![CDATA[event]]></MsgType>
<Event><![CDATA[LOCATION]]></Event>
<Latitude>37.406250</Latitude>
<Longitude>122.140793</Longitude>
<Precision>30.000000</Precision>
</xml>

2019-03-19 17:33:35 params :
------------
String:
array (
  'message' => 
  array (
    'tousername' => 'gh_74fc964c4914',
    'fromusername' => 'oF_mkjubDm4HUrgGfwKNd5pU9mPs',
    'createtime' => '1552988016',
    'msgtype' => 'event',
    'event' => 'LOCATION',
    'latitude' => '37.406250',
    'longitude' => '122.140793',
    'precision' => '30.000000',
    'from' => 'oF_mkjubDm4HUrgGfwKNd5pU9mPs',
    'to' => 'gh_74fc964c4914',
    'time' => '1552988016',
    'type' => 'trace',
    'location_x' => '37.406250',
    'location_y' => '122.140793',
  ),
  'module' => 'default',
  'rule' => '-1',
)

2019-03-19 17:33:35 response :
------------
Array:
errno : -1 ;
message : Invaild value ;

2019-03-19 17:33:49 trace :
------------
String:
<xml><ToUserName><![CDATA[gh_74fc964c4914]]></ToUserName>
<FromUserName><![CDATA[oF_mkjubDm4HUrgGfwKNd5pU9mPs]]></FromUserName>
<CreateTime>1552988030</CreateTime>
<MsgType><![CDATA[event]]></MsgType>
<Event><![CDATA[LOCATION]]></Event>
<Latitude>37.406250</Latitude>
<Longitude>122.140793</Longitude>
<Precision>30.000000</Precision>
</xml>

2019-03-19 17:33:49 params :
------------
String:
array (
  'message' => 
  array (
    'tousername' => 'gh_74fc964c4914',
    'fromusername' => 'oF_mkjubDm4HUrgGfwKNd5pU9mPs',
    'createtime' => '1552988030',
    'msgtype' => 'event',
    'event' => 'LOCATION',
    'latitude' => '37.406250',
    'longitude' => '122.140793',
    'precision' => '30.000000',
    'from' => 'oF_mkjubDm4HUrgGfwKNd5pU9mPs',
    'to' => 'gh_74fc964c4914',
    'time' => '1552988030',
    'type' => 'trace',
    'location_x' => '37.406250',
    'location_y' => '122.140793',
  ),
  'module' => 'default',
  'rule' => '-1',
)

2019-03-19 17:33:49 response :
------------
Array:
errno : -1 ;
message : Invaild value ;

2019-03-19 17:33:57 trace :
------------
String:
<xml><ToUserName><![CDATA[gh_74fc964c4914]]></ToUserName>
<FromUserName><![CDATA[oF_mkjubDm4HUrgGfwKNd5pU9mPs]]></FromUserName>
<CreateTime>1552988038</CreateTime>
<MsgType><![CDATA[event]]></MsgType>
<Event><![CDATA[LOCATION]]></Event>
<Latitude>37.405899</Latitude>
<Longitude>122.140907</Longitude>
<Precision>30.000000</Precision>
</xml>

2019-03-19 17:33:57 params :
------------
String:
array (
  'message' => 
  array (
    'tousername' => 'gh_74fc964c4914',
    'fromusername' => 'oF_mkjubDm4HUrgGfwKNd5pU9mPs',
    'createtime' => '1552988038',
    'msgtype' => 'event',
    'event' => 'LOCATION',
    'latitude' => '37.405899',
    'longitude' => '122.140907',
    'precision' => '30.000000',
    'from' => 'oF_mkjubDm4HUrgGfwKNd5pU9mPs',
    'to' => 'gh_74fc964c4914',
    'time' => '1552988038',
    'type' => 'trace',
    'location_x' => '37.405899',
    'location_y' => '122.140907',
  ),
  'module' => 'default',
  'rule' => '-1',
)

2019-03-19 17:33:57 response :
------------
Array:
errno : -1 ;
message : Invaild value ;

2019-03-19 17:34:06 trace :
------------
String:
<xml><ToUserName><![CDATA[gh_74fc964c4914]]></ToUserName>
<FromUserName><![CDATA[oF_mkjubDm4HUrgGfwKNd5pU9mPs]]></FromUserName>
<CreateTime>1552988048</CreateTime>
<MsgType><![CDATA[event]]></MsgType>
<Event><![CDATA[SCAN]]></Event>
<EventKey><![CDATA[TZHB15301486047548914--5414]]></EventKey>
<Ticket><![CDATA[gQFq8DwAAAAAAAAAAS5odHRwOi8vd2VpeGluLnFxLmNvbS9xLzAycEVUVE1ublZhQWUxMDAwME0wN3YAAgT8NjRbAwQAAAAA]]></Ticket>
</xml>

2019-03-19 17:34:06 params :
------------
String:
array (
  'rule' => -2,
  'module' => '',
  'message' => 
  array (
    'tousername' => 'gh_74fc964c4914',
    'fromusername' => 'oF_mkjubDm4HUrgGfwKNd5pU9mPs',
    'createtime' => '1552988048',
    'msgtype' => 'event',
    'event' => 'SCAN',
    'eventkey' => 'TZHB15301486047548914--5414',
    'ticket' => 'gQFq8DwAAAAAAAAAAS5odHRwOi8vd2VpeGluLnFxLmNvbS9xLzAycEVUVE1ublZhQWUxMDAwME0wN3YAAgT8NjRbAwQAAAAA',
    'from' => 'oF_mkjubDm4HUrgGfwKNd5pU9mPs',
    'to' => 'gh_74fc964c4914',
    'time' => '1552988048',
    'type' => 'text',
    'scene' => 'TZHB15301486047548914--5414',
    'redirection' => true,
    'source' => 'qr',
  ),
)

2019-03-19 17:34:06 response :
------------

2019-03-19 17:34:07 trace :
------------
String:
<xml><ToUserName><![CDATA[gh_74fc964c4914]]></ToUserName>
<FromUserName><![CDATA[oF_mkjubDm4HUrgGfwKNd5pU9mPs]]></FromUserName>
<CreateTime>1552988049</CreateTime>
<MsgType><![CDATA[event]]></MsgType>
<Event><![CDATA[LOCATION]]></Event>
<Latitude>37.405899</Latitude>
<Longitude>122.140907</Longitude>
<Precision>30.000000</Precision>
</xml>

2019-03-19 17:34:07 params :
------------
String:
array (
  'message' => 
  array (
    'tousername' => 'gh_74fc964c4914',
    'fromusername' => 'oF_mkjubDm4HUrgGfwKNd5pU9mPs',
    'createtime' => '1552988049',
    'msgtype' => 'event',
    'event' => 'LOCATION',
    'latitude' => '37.405899',
    'longitude' => '122.140907',
    'precision' => '30.000000',
    'from' => 'oF_mkjubDm4HUrgGfwKNd5pU9mPs',
    'to' => 'gh_74fc964c4914',
    'time' => '1552988049',
    'type' => 'trace',
    'location_x' => '37.405899',
    'location_y' => '122.140907',
  ),
  'module' => 'default',
  'rule' => '-1',
)

2019-03-19 17:34:07 response :
------------
Array:
errno : -1 ;
message : Invaild value ;

2019-03-19 17:34:23 trace :
------------
String:
<xml><ToUserName><![CDATA[gh_74fc964c4914]]></ToUserName>
<FromUserName><![CDATA[oF_mkjubDm4HUrgGfwKNd5pU9mPs]]></FromUserName>
<CreateTime>1552988064</CreateTime>
<MsgType><![CDATA[event]]></MsgType>
<Event><![CDATA[LOCATION]]></Event>
<Latitude>37.405483</Latitude>
<Longitude>122.141090</Longitude>
<Precision>220.000000</Precision>
</xml>

2019-03-19 17:34:23 params :
------------
String:
array (
  'message' => 
  array (
    'tousername' => 'gh_74fc964c4914',
    'fromusername' => 'oF_mkjubDm4HUrgGfwKNd5pU9mPs',
    'createtime' => '1552988064',
    'msgtype' => 'event',
    'event' => 'LOCATION',
    'latitude' => '37.405483',
    'longitude' => '122.141090',
    'precision' => '220.000000',
    'from' => 'oF_mkjubDm4HUrgGfwKNd5pU9mPs',
    'to' => 'gh_74fc964c4914',
    'time' => '1552988064',
    'type' => 'trace',
    'location_x' => '37.405483',
    'location_y' => '122.141090',
  ),
  'module' => 'default',
  'rule' => '-1',
)

2019-03-19 17:34:23 response :
------------
Array:
errno : -1 ;
message : Invaild value ;

2019-03-19 17:34:40 trace :
------------
String:
<xml><ToUserName><![CDATA[gh_74fc964c4914]]></ToUserName>
<FromUserName><![CDATA[oF_mkjmU3D-nbBvqSqvpN2mzJcIc]]></FromUserName>
<CreateTime>1552988081</CreateTime>
<MsgType><![CDATA[event]]></MsgType>
<Event><![CDATA[SCAN]]></Event>
<EventKey><![CDATA[TZHB15301486047548914--5414]]></EventKey>
<Ticket><![CDATA[gQFq8DwAAAAAAAAAAS5odHRwOi8vd2VpeGluLnFxLmNvbS9xLzAycEVUVE1ublZhQWUxMDAwME0wN3YAAgT8NjRbAwQAAAAA]]></Ticket>
</xml>

2019-03-19 17:34:40 params :
------------
String:
array (
  'rule' => -2,
  'module' => '',
  'message' => 
  array (
    'tousername' => 'gh_74fc964c4914',
    'fromusername' => 'oF_mkjmU3D-nbBvqSqvpN2mzJcIc',
    'createtime' => '1552988081',
    'msgtype' => 'event',
    'event' => 'SCAN',
    'eventkey' => 'TZHB15301486047548914--5414',
    'ticket' => 'gQFq8DwAAAAAAAAAAS5odHRwOi8vd2VpeGluLnFxLmNvbS9xLzAycEVUVE1ublZhQWUxMDAwME0wN3YAAgT8NjRbAwQAAAAA',
    'from' => 'oF_mkjmU3D-nbBvqSqvpN2mzJcIc',
    'to' => 'gh_74fc964c4914',
    'time' => '1552988081',
    'type' => 'text',
    'scene' => 'TZHB15301486047548914--5414',
    'redirection' => true,
    'source' => 'qr',
  ),
)

2019-03-19 17:34:40 response :
------------

2019-03-19 17:55:40 trace :
------------
String:
<xml><ToUserName><![CDATA[gh_74fc964c4914]]></ToUserName>
<FromUserName><![CDATA[oF_mkjjwl8shn-pjvaw8q24l-0FI]]></FromUserName>
<CreateTime>1552989342</CreateTime>
<MsgType><![CDATA[event]]></MsgType>
<Event><![CDATA[SCAN]]></Event>
<EventKey><![CDATA[TZHB15264361025281305--858]]></EventKey>
<Ticket><![CDATA[gQGj8TwAAAAAAAAAAS5odHRwOi8vd2VpeGluLnFxLmNvbS9xLzAyTzBSME1oblZhQWUxMDAwMHcwN0oAAgQGkftaAwQAAAAA]]></Ticket>
</xml>

2019-03-19 17:55:40 params :
------------
String:
array (
  'rule' => -2,
  'module' => '',
  'message' => 
  array (
    'tousername' => 'gh_74fc964c4914',
    'fromusername' => 'oF_mkjjwl8shn-pjvaw8q24l-0FI',
    'createtime' => '1552989342',
    'msgtype' => 'event',
    'event' => 'SCAN',
    'eventkey' => 'TZHB15264361025281305--858',
    'ticket' => 'gQGj8TwAAAAAAAAAAS5odHRwOi8vd2VpeGluLnFxLmNvbS9xLzAyTzBSME1oblZhQWUxMDAwMHcwN0oAAgQGkftaAwQAAAAA',
    'from' => 'oF_mkjjwl8shn-pjvaw8q24l-0FI',
    'to' => 'gh_74fc964c4914',
    'time' => '1552989342',
    'type' => 'text',
    'scene' => 'TZHB15264361025281305--858',
    'redirection' => true,
    'source' => 'qr',
  ),
)

2019-03-19 17:55:40 response :
------------

2019-03-19 18:36:45 trace :
------------
String:
<xml><ToUserName><![CDATA[gh_74fc964c4914]]></ToUserName>
<FromUserName><![CDATA[oF_mkjrO0hJNaxAMOkaiBnq2Sb5s]]></FromUserName>
<CreateTime>1552991807</CreateTime>
<MsgType><![CDATA[event]]></MsgType>
<Event><![CDATA[VIEW]]></Event>
<EventKey><![CDATA[http://mp.weixin.qq.com/s?__biz=MjM5MzE3NjM0Mw==&mid=2651052631&idx=1&sn=f6c637ac6355950fb6a6be3d98a3cc23&chksm=bd6c742f8a1bfd39d1d675b59be3bddfb6f31ba6f7077f16cd628b6444ecb07d173e07cf2793&scene=18#wechat_redirect]]></EventKey>
<MenuId>503048253</MenuId>
</xml>

2019-03-19 18:36:45 params :
------------
String:
array (
  'message' => 
  array (
    'tousername' => 'gh_74fc964c4914',
    'fromusername' => 'oF_mkjrO0hJNaxAMOkaiBnq2Sb5s',
    'createtime' => '1552991807',
    'msgtype' => 'event',
    'event' => 'VIEW',
    'eventkey' => 'http://mp.weixin.qq.com/s?__biz=MjM5MzE3NjM0Mw==&mid=2651052631&idx=1&sn=f6c637ac6355950fb6a6be3d98a3cc23&chksm=bd6c742f8a1bfd39d1d675b59be3bddfb6f31ba6f7077f16cd628b6444ecb07d173e07cf2793&scene=18#wechat_redirect',
    'menuid' => '503048253',
    'from' => 'oF_mkjrO0hJNaxAMOkaiBnq2Sb5s',
    'to' => 'gh_74fc964c4914',
    'time' => '1552991807',
    'type' => 'text',
    'content' => 'http://mp.weixin.qq.com/s?__biz=MjM5MzE3NjM0Mw==&mid=2651052631&idx=1&sn=f6c637ac6355950fb6a6be3d98a3cc23&chksm=bd6c742f8a1bfd39d1d675b59be3bddfb6f31ba6f7077f16cd628b6444ecb07d173e07cf2793&scene=18#wechat_redirect',
    'redirection' => true,
    'source' => 'VIEW',
  ),
  'module' => 'reply',
  'rule' => '25',
  'priority' => '0',
  'keyword' => 
  array (
    'id' => '32',
    'rid' => '25',
    'uniacid' => '2',
    'module' => 'reply',
    'content' => 'f1',
    'type' => '2',
    'displayorder' => '0',
    'status' => '1',
    'reply_type' => 
    array (
      0 => 'news',
    ),
  ),
  'reply_type' => 
  array (
    0 => 'news',
  ),
)

2019-03-19 18:36:45 response :
------------
Array:
FromUserName : gh_74fc964c4914 ;
ToUserName : oF_mkjrO0hJNaxAMOkaiBnq2Sb5s ;
MsgType : news ;
ArticleCount : 1 ;
Articles : Array ;

2019-03-19 18:37:12 trace :
------------
String:
<xml><ToUserName><![CDATA[gh_74fc964c4914]]></ToUserName>
<FromUserName><![CDATA[oF_mkjrO0hJNaxAMOkaiBnq2Sb5s]]></FromUserName>
<CreateTime>1552991833</CreateTime>
<MsgType><![CDATA[event]]></MsgType>
<Event><![CDATA[VIEW]]></Event>
<EventKey><![CDATA[http://mp.weixin.qq.com/s?__biz=MjM5MzE3NjM0Mw==&mid=503568906&idx=1&sn=f69b31c00cb3a1c6d10bbd603f2d6a9d&chksm=3d6c74720a1bfd64faf54e1953da8af16745ad2e97a8a1c5013448887a270dbfe1e016af3f77&scene=18#wechat_redirect]]></EventKey>
<MenuId>503048253</MenuId>
</xml>

2019-03-19 18:37:12 params :
------------
String:
array (
  'message' => 
  array (
    'tousername' => 'gh_74fc964c4914',
    'fromusername' => 'oF_mkjrO0hJNaxAMOkaiBnq2Sb5s',
    'createtime' => '1552991833',
    'msgtype' => 'event',
    'event' => 'VIEW',
    'eventkey' => 'http://mp.weixin.qq.com/s?__biz=MjM5MzE3NjM0Mw==&mid=503568906&idx=1&sn=f69b31c00cb3a1c6d10bbd603f2d6a9d&chksm=3d6c74720a1bfd64faf54e1953da8af16745ad2e97a8a1c5013448887a270dbfe1e016af3f77&scene=18#wechat_redirect',
    'menuid' => '503048253',
    'from' => 'oF_mkjrO0hJNaxAMOkaiBnq2Sb5s',
    'to' => 'gh_74fc964c4914',
    'time' => '1552991833',
    'type' => 'text',
    'content' => 'http://mp.weixin.qq.com/s?__biz=MjM5MzE3NjM0Mw==&mid=503568906&idx=1&sn=f69b31c00cb3a1c6d10bbd603f2d6a9d&chksm=3d6c74720a1bfd64faf54e1953da8af16745ad2e97a8a1c5013448887a270dbfe1e016af3f77&scene=18#wechat_redirect',
    'redirection' => true,
    'source' => 'VIEW',
  ),
  'module' => 'reply',
  'rule' => '25',
  'priority' => '0',
  'keyword' => 
  array (
    'id' => '32',
    'rid' => '25',
    'uniacid' => '2',
    'module' => 'reply',
    'content' => 'f1',
    'type' => '2',
    'displayorder' => '0',
    'status' => '1',
    'reply_type' => 
    array (
      0 => 'news',
    ),
  ),
  'reply_type' => 
  array (
    0 => 'news',
  ),
)

2019-03-19 18:37:12 response :
------------
Array:
FromUserName : gh_74fc964c4914 ;
ToUserName : oF_mkjrO0hJNaxAMOkaiBnq2Sb5s ;
MsgType : news ;
ArticleCount : 1 ;
Articles : Array ;

2019-03-19 20:50:31 trace :
------------
String:
<xml><ToUserName><![CDATA[gh_74fc964c4914]]></ToUserName>
<FromUserName><![CDATA[oF_mkjuGrB26AqQzNxF_E_zNsbD4]]></FromUserName>
<CreateTime>1552999832</CreateTime>
<MsgType><![CDATA[text]]></MsgType>
<Content><![CDATA[C260]]></Content>
<MsgId>22233614600783800</MsgId>
</xml>

2019-03-19 20:50:31 params :
------------
String:
array (
  'rule' => -2,
  'module' => '',
  'message' => 
  array (
    'tousername' => 'gh_74fc964c4914',
    'fromusername' => 'oF_mkjuGrB26AqQzNxF_E_zNsbD4',
    'createtime' => '1552999832',
    'msgtype' => 'text',
    'content' => 'C260',
    'msgid' => '22233614600783800',
    'from' => 'oF_mkjuGrB26AqQzNxF_E_zNsbD4',
    'to' => 'gh_74fc964c4914',
    'time' => '1552999832',
    'type' => 'text',
    'event' => NULL,
    'redirection' => false,
    'source' => NULL,
  ),
)

2019-03-19 20:50:31 response :
------------

2019-03-19 23:07:03 trace :
------------
String:
<xml><ToUserName><![CDATA[gh_74fc964c4914]]></ToUserName>
<FromUserName><![CDATA[oF_mkjsksFSqnI82KoJWQvqeHvyY]]></FromUserName>
<CreateTime>1553008025</CreateTime>
<MsgType><![CDATA[event]]></MsgType>
<Event><![CDATA[SCAN]]></Event>
<EventKey><![CDATA[TZHB15304976556149000--6275]]></EventKey>
<Ticket><![CDATA[gQHO8DwAAAAAAAAAAS5odHRwOi8vd2VpeGluLnFxLmNvbS9xLzAybTlyME4wblZhQWUxMDAwMHcwN2YAAgR3ijlbAwQAAAAA]]></Ticket>
</xml>

2019-03-19 23:07:03 params :
------------
String:
array (
  'rule' => -2,
  'module' => '',
  'message' => 
  array (
    'tousername' => 'gh_74fc964c4914',
    'fromusername' => 'oF_mkjsksFSqnI82KoJWQvqeHvyY',
    'createtime' => '1553008025',
    'msgtype' => 'event',
    'event' => 'SCAN',
    'eventkey' => 'TZHB15304976556149000--6275',
    'ticket' => 'gQHO8DwAAAAAAAAAAS5odHRwOi8vd2VpeGluLnFxLmNvbS9xLzAybTlyME4wblZhQWUxMDAwMHcwN2YAAgR3ijlbAwQAAAAA',
    'from' => 'oF_mkjsksFSqnI82KoJWQvqeHvyY',
    'to' => 'gh_74fc964c4914',
    'time' => '1553008025',
    'type' => 'text',
    'scene' => 'TZHB15304976556149000--6275',
    'redirection' => true,
    'source' => 'qr',
  ),
)

2019-03-19 23:07:03 response :
------------

