2019-01-28 08:38:05 trace :
------------
String:
<xml><ToUserName><![CDATA[gh_74fc964c4914]]></ToUserName>
<FromUserName><![CDATA[oF_mkjofPscZu7N8Y2lANJRFJEus]]></FromUserName>
<CreateTime>1548635883</CreateTime>
<MsgType><![CDATA[event]]></MsgType>
<Event><![CDATA[subscribe]]></Event>
<EventKey><![CDATA[qrscene_TZHB15264358473455923--327]]></EventKey>
<Ticket><![CDATA[gQFt8TwAAAAAAAAAAS5odHRwOi8vd2VpeGluLnFxLmNvbS9xLzAyWjdib05fblZhQWUxMDAwME0wN1EAAgQHkPtaAwQAAAAA]]></Ticket>
</xml>

2019-01-28 08:38:05 params :
------------
String:
array (
  'message' => 
  array (
    'tousername' => 'gh_74fc964c4914',
    'fromusername' => 'oF_mkjofPscZu7N8Y2lANJRFJEus',
    'createtime' => '1548635883',
    'msgtype' => 'event',
    'event' => 'subscribe',
    'eventkey' => 'qrscene_TZHB15264358473455923--327',
    'ticket' => 'gQFt8TwAAAAAAAAAAS5odHRwOi8vd2VpeGluLnFxLmNvbS9xLzAyWjdib05fblZhQWUxMDAwME0wN1EAAgQHkPtaAwQAAAAA',
    'from' => 'oF_mkjofPscZu7N8Y2lANJRFJEus',
    'to' => 'gh_74fc964c4914',
    'time' => '1548635883',
    'type' => 'text',
    'scene' => 'TZHB15264358473455923--327',
    'redirection' => true,
    'source' => 'subscribe',
    'content' => '首次关注',
  ),
  'module' => 'reply',
  'rule' => '9',
  'priority' => '0',
  'keyword' => 
  array (
    'id' => '116',
    'rid' => '9',
    'uniacid' => '2',
    'module' => 'reply',
    'content' => '首次关注',
    'type' => '1',
    'displayorder' => '0',
    'status' => '1',
    'reply_type' => 
    array (
      0 => 'basic',
    ),
  ),
  'reply_type' => 
  array (
    0 => 'basic',
  ),
)

2019-01-28 08:38:05 response :
------------
Array:
FromUserName : gh_74fc964c4914 ;
ToUserName : oF_mkjofPscZu7N8Y2lANJRFJEus ;
MsgType : text ;
Content : 您好，感谢您关注奔瑞汽车用品！360°汽车服务解决方案提供商。业务领域涵盖高端美容、二手翻新及快速钣喷等，欢迎与我们联系。
您也可以回复以下数字，查看相关信息。
【1】品牌介绍
【2】核心项目
【3】合作支持
【4】产品中心
【5】联系方式
您可以留言或拨打客服热线 4006669243 更多资讯，您可以访问奔瑞官网 www.benrui.cn
意见，建议反馈信息请直接回复，谢谢。 ;

2019-01-28 08:38:39 trace :
------------
String:
<xml><ToUserName><![CDATA[gh_74fc964c4914]]></ToUserName>
<FromUserName><![CDATA[oF_mkjofPscZu7N8Y2lANJRFJEus]]></FromUserName>
<CreateTime>1548635918</CreateTime>
<MsgType><![CDATA[event]]></MsgType>
<Event><![CDATA[unsubscribe]]></Event>
<EventKey><![CDATA[]]></EventKey>
</xml>

2019-01-28 08:47:35 trace :
------------
String:
<xml><ToUserName><![CDATA[gh_74fc964c4914]]></ToUserName>
<FromUserName><![CDATA[oF_mkjhxo7hlZ-PSaDQu7KWpPlFA]]></FromUserName>
<CreateTime>1548636453</CreateTime>
<MsgType><![CDATA[event]]></MsgType>
<Event><![CDATA[subscribe]]></Event>
<EventKey><![CDATA[qrscene_TZHB15301484759024466--4662]]></EventKey>
<Ticket><![CDATA[gQFY8DwAAAAAAAAAAS5odHRwOi8vd2VpeGluLnFxLmNvbS9xLzAyVy0td052blZhQWUxMDAwMDAwN1IAAgR7NjRbAwQAAAAA]]></Ticket>
</xml>

2019-01-28 08:47:35 params :
------------
String:
array (
  'message' => 
  array (
    'tousername' => 'gh_74fc964c4914',
    'fromusername' => 'oF_mkjhxo7hlZ-PSaDQu7KWpPlFA',
    'createtime' => '1548636453',
    'msgtype' => 'event',
    'event' => 'subscribe',
    'eventkey' => 'qrscene_TZHB15301484759024466--4662',
    'ticket' => 'gQFY8DwAAAAAAAAAAS5odHRwOi8vd2VpeGluLnFxLmNvbS9xLzAyVy0td052blZhQWUxMDAwMDAwN1IAAgR7NjRbAwQAAAAA',
    'from' => 'oF_mkjhxo7hlZ-PSaDQu7KWpPlFA',
    'to' => 'gh_74fc964c4914',
    'time' => '1548636453',
    'type' => 'text',
    'scene' => 'TZHB15301484759024466--4662',
    'redirection' => true,
    'source' => 'subscribe',
    'content' => '首次关注',
  ),
  'module' => 'reply',
  'rule' => '9',
  'priority' => '0',
  'keyword' => 
  array (
    'id' => '116',
    'rid' => '9',
    'uniacid' => '2',
    'module' => 'reply',
    'content' => '首次关注',
    'type' => '1',
    'displayorder' => '0',
    'status' => '1',
    'reply_type' => 
    array (
      0 => 'basic',
    ),
  ),
  'reply_type' => 
  array (
    0 => 'basic',
  ),
)

2019-01-28 08:47:35 response :
------------
Array:
FromUserName : gh_74fc964c4914 ;
ToUserName : oF_mkjhxo7hlZ-PSaDQu7KWpPlFA ;
MsgType : text ;
Content : 您好，感谢您关注奔瑞汽车用品！360°汽车服务解决方案提供商。业务领域涵盖高端美容、二手翻新及快速钣喷等，欢迎与我们联系。
您也可以回复以下数字，查看相关信息。
【1】品牌介绍
【2】核心项目
【3】合作支持
【4】产品中心
【5】联系方式
您可以留言或拨打客服热线 4006669243 更多资讯，您可以访问奔瑞官网 www.benrui.cn
意见，建议反馈信息请直接回复，谢谢。 ;

2019-01-28 08:49:21 trace :
------------
String:
<xml><ToUserName><![CDATA[gh_74fc964c4914]]></ToUserName>
<FromUserName><![CDATA[oF_mkjuN6kHHVB3B_LinHhf2TcR4]]></FromUserName>
<CreateTime>1548636559</CreateTime>
<MsgType><![CDATA[event]]></MsgType>
<Event><![CDATA[subscribe]]></Event>
<EventKey><![CDATA[qrscene_TZHB15301485264979999--4939]]></EventKey>
<Ticket><![CDATA[gQEv8TwAAAAAAAAAAS5odHRwOi8vd2VpeGluLnFxLmNvbS9xLzAyTVg0QU5jblZhQWUxMDAwME0wN0wAAgSuNjRbAwQAAAAA]]></Ticket>
</xml>

2019-01-28 08:49:21 params :
------------
String:
array (
  'message' => 
  array (
    'tousername' => 'gh_74fc964c4914',
    'fromusername' => 'oF_mkjuN6kHHVB3B_LinHhf2TcR4',
    'createtime' => '1548636559',
    'msgtype' => 'event',
    'event' => 'subscribe',
    'eventkey' => 'qrscene_TZHB15301485264979999--4939',
    'ticket' => 'gQEv8TwAAAAAAAAAAS5odHRwOi8vd2VpeGluLnFxLmNvbS9xLzAyTVg0QU5jblZhQWUxMDAwME0wN0wAAgSuNjRbAwQAAAAA',
    'from' => 'oF_mkjuN6kHHVB3B_LinHhf2TcR4',
    'to' => 'gh_74fc964c4914',
    'time' => '1548636559',
    'type' => 'text',
    'scene' => 'TZHB15301485264979999--4939',
    'redirection' => true,
    'source' => 'subscribe',
    'content' => '首次关注',
  ),
  'module' => 'reply',
  'rule' => '9',
  'priority' => '0',
  'keyword' => 
  array (
    'id' => '116',
    'rid' => '9',
    'uniacid' => '2',
    'module' => 'reply',
    'content' => '首次关注',
    'type' => '1',
    'displayorder' => '0',
    'status' => '1',
    'reply_type' => 
    array (
      0 => 'basic',
    ),
  ),
  'reply_type' => 
  array (
    0 => 'basic',
  ),
)

2019-01-28 08:49:21 response :
------------
Array:
FromUserName : gh_74fc964c4914 ;
ToUserName : oF_mkjuN6kHHVB3B_LinHhf2TcR4 ;
MsgType : text ;
Content : 您好，感谢您关注奔瑞汽车用品！360°汽车服务解决方案提供商。业务领域涵盖高端美容、二手翻新及快速钣喷等，欢迎与我们联系。
您也可以回复以下数字，查看相关信息。
【1】品牌介绍
【2】核心项目
【3】合作支持
【4】产品中心
【5】联系方式
您可以留言或拨打客服热线 4006669243 更多资讯，您可以访问奔瑞官网 www.benrui.cn
意见，建议反馈信息请直接回复，谢谢。 ;

2019-01-28 09:59:39 trace :
------------
String:
<xml><ToUserName><![CDATA[gh_74fc964c4914]]></ToUserName>
<FromUserName><![CDATA[oF_mkjmlMNaIB9KTiH-W9wjIz95Y]]></FromUserName>
<CreateTime>1548640777</CreateTime>
<MsgType><![CDATA[event]]></MsgType>
<Event><![CDATA[subscribe]]></Event>
<EventKey><![CDATA[qrscene_TZHB15444180978804007--11941]]></EventKey>
<Ticket><![CDATA[gQEI8TwAAAAAAAAAAS5odHRwOi8vd2VpeGluLnFxLmNvbS9xLzAycW8zVk40blZhQWUxMDAwMDAwN1YAAgQx8w1cAwQAAAAA]]></Ticket>
</xml>

2019-01-28 09:59:39 params :
------------
String:
array (
  'message' => 
  array (
    'tousername' => 'gh_74fc964c4914',
    'fromusername' => 'oF_mkjmlMNaIB9KTiH-W9wjIz95Y',
    'createtime' => '1548640777',
    'msgtype' => 'event',
    'event' => 'subscribe',
    'eventkey' => 'qrscene_TZHB15444180978804007--11941',
    'ticket' => 'gQEI8TwAAAAAAAAAAS5odHRwOi8vd2VpeGluLnFxLmNvbS9xLzAycW8zVk40blZhQWUxMDAwMDAwN1YAAgQx8w1cAwQAAAAA',
    'from' => 'oF_mkjmlMNaIB9KTiH-W9wjIz95Y',
    'to' => 'gh_74fc964c4914',
    'time' => '1548640777',
    'type' => 'text',
    'scene' => 'TZHB15444180978804007--11941',
    'redirection' => true,
    'source' => 'subscribe',
    'content' => '首次关注',
  ),
  'module' => 'reply',
  'rule' => '9',
  'priority' => '0',
  'keyword' => 
  array (
    'id' => '116',
    'rid' => '9',
    'uniacid' => '2',
    'module' => 'reply',
    'content' => '首次关注',
    'type' => '1',
    'displayorder' => '0',
    'status' => '1',
    'reply_type' => 
    array (
      0 => 'basic',
    ),
  ),
  'reply_type' => 
  array (
    0 => 'basic',
  ),
)

2019-01-28 09:59:39 response :
------------
Array:
FromUserName : gh_74fc964c4914 ;
ToUserName : oF_mkjmlMNaIB9KTiH-W9wjIz95Y ;
MsgType : text ;
Content : 您好，感谢您关注奔瑞汽车用品！360°汽车服务解决方案提供商。业务领域涵盖高端美容、二手翻新及快速钣喷等，欢迎与我们联系。
您也可以回复以下数字，查看相关信息。
【1】品牌介绍
【2】核心项目
【3】合作支持
【4】产品中心
【5】联系方式
您可以留言或拨打客服热线 4006669243 更多资讯，您可以访问奔瑞官网 www.benrui.cn
意见，建议反馈信息请直接回复，谢谢。 ;

2019-01-28 11:13:26 trace :
------------
String:
<xml><ToUserName><![CDATA[gh_74fc964c4914]]></ToUserName>
<FromUserName><![CDATA[oF_mkjtFG0hICpPxuAlf0giCV-AE]]></FromUserName>
<CreateTime>1548645206</CreateTime>
<MsgType><![CDATA[event]]></MsgType>
<Event><![CDATA[subscribe]]></Event>
<EventKey><![CDATA[]]></EventKey>
</xml>

2019-01-28 11:13:27 params :
------------
String:
array (
  'message' => 
  array (
    'tousername' => 'gh_74fc964c4914',
    'fromusername' => 'oF_mkjtFG0hICpPxuAlf0giCV-AE',
    'createtime' => '1548645206',
    'msgtype' => 'event',
    'event' => 'subscribe',
    'eventkey' => '',
    'from' => 'oF_mkjtFG0hICpPxuAlf0giCV-AE',
    'to' => 'gh_74fc964c4914',
    'time' => '1548645206',
    'type' => 'text',
    'redirection' => true,
    'source' => 'subscribe',
    'content' => '首次关注',
  ),
  'module' => 'reply',
  'rule' => '9',
  'priority' => '0',
  'keyword' => 
  array (
    'id' => '116',
    'rid' => '9',
    'uniacid' => '2',
    'module' => 'reply',
    'content' => '首次关注',
    'type' => '1',
    'displayorder' => '0',
    'status' => '1',
    'reply_type' => 
    array (
      0 => 'basic',
    ),
  ),
  'reply_type' => 
  array (
    0 => 'basic',
  ),
)

2019-01-28 11:13:27 response :
------------
Array:
FromUserName : gh_74fc964c4914 ;
ToUserName : oF_mkjtFG0hICpPxuAlf0giCV-AE ;
MsgType : text ;
Content : 您好，感谢您关注奔瑞汽车用品！360°汽车服务解决方案提供商。业务领域涵盖高端美容、二手翻新及快速钣喷等，欢迎与我们联系。
您也可以回复以下数字，查看相关信息。
【1】品牌介绍
【2】核心项目
【3】合作支持
【4】产品中心
【5】联系方式
您可以留言或拨打客服热线 4006669243 更多资讯，您可以访问奔瑞官网 www.benrui.cn
意见，建议反馈信息请直接回复，谢谢。 ;

2019-01-28 12:20:06 trace :
------------
String:
<xml><ToUserName><![CDATA[gh_74fc964c4914]]></ToUserName>
<FromUserName><![CDATA[oF_mkjo06OXnML3lBFBv17oxzvnw]]></FromUserName>
<CreateTime>1548649204</CreateTime>
<MsgType><![CDATA[event]]></MsgType>
<Event><![CDATA[SCAN]]></Event>
<EventKey><![CDATA[TZHB15264358070859912--143]]></EventKey>
<Ticket><![CDATA[gQGT8TwAAAAAAAAAAS5odHRwOi8vd2VpeGluLnFxLmNvbS9xLzAyZHBZNE5DblZhQWUxMDAwME0wN3EAAgTfj-taAwQAAAAA]]></Ticket>
</xml>

2019-01-28 12:20:06 trace :
------------
String:
<xml><ToUserName><![CDATA[gh_74fc964c4914]]></ToUserName>
<FromUserName><![CDATA[oF_mkjo06OXnML3lBFBv17oxzvnw]]></FromUserName>
<CreateTime>1548649206</CreateTime>
<MsgType><![CDATA[event]]></MsgType>
<Event><![CDATA[LOCATION]]></Event>
<Latitude>30.552204</Latitude>
<Longitude>120.675072</Longitude>
<Precision>230.000000</Precision>
</xml>

2019-01-28 12:20:06 params :
------------
String:
array (
  'rule' => -2,
  'module' => '',
  'message' => 
  array (
    'tousername' => 'gh_74fc964c4914',
    'fromusername' => 'oF_mkjo06OXnML3lBFBv17oxzvnw',
    'createtime' => '1548649204',
    'msgtype' => 'event',
    'event' => 'SCAN',
    'eventkey' => 'TZHB15264358070859912--143',
    'ticket' => 'gQGT8TwAAAAAAAAAAS5odHRwOi8vd2VpeGluLnFxLmNvbS9xLzAyZHBZNE5DblZhQWUxMDAwME0wN3EAAgTfj-taAwQAAAAA',
    'from' => 'oF_mkjo06OXnML3lBFBv17oxzvnw',
    'to' => 'gh_74fc964c4914',
    'time' => '1548649204',
    'type' => 'text',
    'scene' => 'TZHB15264358070859912--143',
    'redirection' => true,
    'source' => 'qr',
  ),
)

2019-01-28 12:20:06 response :
------------

2019-01-28 12:20:06 params :
------------
String:
array (
  'message' => 
  array (
    'tousername' => 'gh_74fc964c4914',
    'fromusername' => 'oF_mkjo06OXnML3lBFBv17oxzvnw',
    'createtime' => '1548649206',
    'msgtype' => 'event',
    'event' => 'LOCATION',
    'latitude' => '30.552204',
    'longitude' => '120.675072',
    'precision' => '230.000000',
    'from' => 'oF_mkjo06OXnML3lBFBv17oxzvnw',
    'to' => 'gh_74fc964c4914',
    'time' => '1548649206',
    'type' => 'trace',
    'location_x' => '30.552204',
    'location_y' => '120.675072',
  ),
  'module' => 'default',
  'rule' => '-1',
)

2019-01-28 12:20:06 response :
------------
Array:
errno : -1 ;
message : Invaild value ;

2019-01-28 12:20:11 trace :
------------
String:
<xml><ToUserName><![CDATA[gh_74fc964c4914]]></ToUserName>
<FromUserName><![CDATA[oF_mkjo06OXnML3lBFBv17oxzvnw]]></FromUserName>
<CreateTime>1548649210</CreateTime>
<MsgType><![CDATA[event]]></MsgType>
<Event><![CDATA[LOCATION]]></Event>
<Latitude>30.552204</Latitude>
<Longitude>120.675072</Longitude>
<Precision>230.000000</Precision>
</xml>

2019-01-28 12:20:11 params :
------------
String:
array (
  'message' => 
  array (
    'tousername' => 'gh_74fc964c4914',
    'fromusername' => 'oF_mkjo06OXnML3lBFBv17oxzvnw',
    'createtime' => '1548649210',
    'msgtype' => 'event',
    'event' => 'LOCATION',
    'latitude' => '30.552204',
    'longitude' => '120.675072',
    'precision' => '230.000000',
    'from' => 'oF_mkjo06OXnML3lBFBv17oxzvnw',
    'to' => 'gh_74fc964c4914',
    'time' => '1548649210',
    'type' => 'trace',
    'location_x' => '30.552204',
    'location_y' => '120.675072',
  ),
  'module' => 'default',
  'rule' => '-1',
)

2019-01-28 12:20:11 response :
------------
Array:
errno : -1 ;
message : Invaild value ;

2019-01-28 12:20:16 trace :
------------
String:
<xml><ToUserName><![CDATA[gh_74fc964c4914]]></ToUserName>
<FromUserName><![CDATA[oF_mkjo06OXnML3lBFBv17oxzvnw]]></FromUserName>
<CreateTime>1548649215</CreateTime>
<MsgType><![CDATA[event]]></MsgType>
<Event><![CDATA[LOCATION]]></Event>
<Latitude>30.554199</Latitude>
<Longitude>120.675964</Longitude>
<Precision>90.000000</Precision>
</xml>

2019-01-28 12:20:16 params :
------------
String:
array (
  'message' => 
  array (
    'tousername' => 'gh_74fc964c4914',
    'fromusername' => 'oF_mkjo06OXnML3lBFBv17oxzvnw',
    'createtime' => '1548649215',
    'msgtype' => 'event',
    'event' => 'LOCATION',
    'latitude' => '30.554199',
    'longitude' => '120.675964',
    'precision' => '90.000000',
    'from' => 'oF_mkjo06OXnML3lBFBv17oxzvnw',
    'to' => 'gh_74fc964c4914',
    'time' => '1548649215',
    'type' => 'trace',
    'location_x' => '30.554199',
    'location_y' => '120.675964',
  ),
  'module' => 'default',
  'rule' => '-1',
)

2019-01-28 12:20:16 response :
------------
Array:
errno : -1 ;
message : Invaild value ;

2019-01-28 13:23:28 trace :
------------
String:
<xml><ToUserName><![CDATA[gh_74fc964c4914]]></ToUserName>
<FromUserName><![CDATA[oF_mkjmV-KPkrB08sFAXLN_rGkVo]]></FromUserName>
<CreateTime>1548653007</CreateTime>
<MsgType><![CDATA[event]]></MsgType>
<Event><![CDATA[SCAN]]></Event>
<EventKey><![CDATA[TZHB15367437071962447--10435]]></EventKey>
<Ticket><![CDATA[gQEK8TwAAAAAAAAAAS5odHRwOi8vd2VpeGluLnFxLmNvbS9xLzAyZnp5Yk5UblZhQWUxMDAwMHcwN0EAAgQb2ZhbAwQAAAAA]]></Ticket>
</xml>

2019-01-28 13:23:28 params :
------------
String:
array (
  'rule' => -2,
  'module' => '',
  'message' => 
  array (
    'tousername' => 'gh_74fc964c4914',
    'fromusername' => 'oF_mkjmV-KPkrB08sFAXLN_rGkVo',
    'createtime' => '1548653007',
    'msgtype' => 'event',
    'event' => 'SCAN',
    'eventkey' => 'TZHB15367437071962447--10435',
    'ticket' => 'gQEK8TwAAAAAAAAAAS5odHRwOi8vd2VpeGluLnFxLmNvbS9xLzAyZnp5Yk5UblZhQWUxMDAwMHcwN0EAAgQb2ZhbAwQAAAAA',
    'from' => 'oF_mkjmV-KPkrB08sFAXLN_rGkVo',
    'to' => 'gh_74fc964c4914',
    'time' => '1548653007',
    'type' => 'text',
    'scene' => 'TZHB15367437071962447--10435',
    'redirection' => true,
    'source' => 'qr',
  ),
)

2019-01-28 13:23:28 response :
------------

2019-01-28 14:28:34 trace :
------------
String:
<xml><ToUserName><![CDATA[gh_74fc964c4914]]></ToUserName>
<FromUserName><![CDATA[oF_mkjrb9PAFqPCmeUuFmsBiyZao]]></FromUserName>
<CreateTime>1548656912</CreateTime>
<MsgType><![CDATA[event]]></MsgType>
<Event><![CDATA[SCAN]]></Event>
<EventKey><![CDATA[TZHB15367433323744462--9970]]></EventKey>
<Ticket><![CDATA[gQED8jwAAAAAAAAAAS5odHRwOi8vd2VpeGluLnFxLmNvbS9xLzAyckZzek4wblZhQWUxMDAwMDAwN0IAAgSk15hbAwQAAAAA]]></Ticket>
</xml>

2019-01-28 14:28:34 params :
------------
String:
array (
  'rule' => -2,
  'module' => '',
  'message' => 
  array (
    'tousername' => 'gh_74fc964c4914',
    'fromusername' => 'oF_mkjrb9PAFqPCmeUuFmsBiyZao',
    'createtime' => '1548656912',
    'msgtype' => 'event',
    'event' => 'SCAN',
    'eventkey' => 'TZHB15367433323744462--9970',
    'ticket' => 'gQED8jwAAAAAAAAAAS5odHRwOi8vd2VpeGluLnFxLmNvbS9xLzAyckZzek4wblZhQWUxMDAwMDAwN0IAAgSk15hbAwQAAAAA',
    'from' => 'oF_mkjrb9PAFqPCmeUuFmsBiyZao',
    'to' => 'gh_74fc964c4914',
    'time' => '1548656912',
    'type' => 'text',
    'scene' => 'TZHB15367433323744462--9970',
    'redirection' => true,
    'source' => 'qr',
  ),
)

2019-01-28 14:28:34 response :
------------

2019-01-28 14:28:35 trace :
------------
String:
<xml><ToUserName><![CDATA[gh_74fc964c4914]]></ToUserName>
<FromUserName><![CDATA[oF_mkjrb9PAFqPCmeUuFmsBiyZao]]></FromUserName>
<CreateTime>1548656915</CreateTime>
<MsgType><![CDATA[event]]></MsgType>
<Event><![CDATA[LOCATION]]></Event>
<Latitude>22.566757</Latitude>
<Longitude>113.848305</Longitude>
<Precision>30.000000</Precision>
</xml>

2019-01-28 14:28:35 params :
------------
String:
array (
  'message' => 
  array (
    'tousername' => 'gh_74fc964c4914',
    'fromusername' => 'oF_mkjrb9PAFqPCmeUuFmsBiyZao',
    'createtime' => '1548656915',
    'msgtype' => 'event',
    'event' => 'LOCATION',
    'latitude' => '22.566757',
    'longitude' => '113.848305',
    'precision' => '30.000000',
    'from' => 'oF_mkjrb9PAFqPCmeUuFmsBiyZao',
    'to' => 'gh_74fc964c4914',
    'time' => '1548656915',
    'type' => 'trace',
    'location_x' => '22.566757',
    'location_y' => '113.848305',
  ),
  'module' => 'default',
  'rule' => '-1',
)

2019-01-28 14:28:35 response :
------------
Array:
errno : -1 ;
message : Invaild value ;

2019-01-28 15:00:41 trace :
------------
String:
<xml><ToUserName><![CDATA[gh_74fc964c4914]]></ToUserName>
<FromUserName><![CDATA[oF_mkjkBTwthp-LUYqY8qvL6kwuE]]></FromUserName>
<CreateTime>1548658839</CreateTime>
<MsgType><![CDATA[event]]></MsgType>
<Event><![CDATA[subscribe]]></Event>
<EventKey><![CDATA[qrscene_TZHB15264358130447389--170]]></EventKey>
<Ticket><![CDATA[gQFm8TwAAAAAAAAAAS5odHRwOi8vd2VpeGluLnFxLmNvbS9xLzAyaExzMk5oblZhQWUxMDAwMGcwN2EAAgTlj-taAwQAAAAA]]></Ticket>
</xml>

2019-01-28 15:00:41 params :
------------
String:
array (
  'message' => 
  array (
    'tousername' => 'gh_74fc964c4914',
    'fromusername' => 'oF_mkjkBTwthp-LUYqY8qvL6kwuE',
    'createtime' => '1548658839',
    'msgtype' => 'event',
    'event' => 'subscribe',
    'eventkey' => 'qrscene_TZHB15264358130447389--170',
    'ticket' => 'gQFm8TwAAAAAAAAAAS5odHRwOi8vd2VpeGluLnFxLmNvbS9xLzAyaExzMk5oblZhQWUxMDAwMGcwN2EAAgTlj-taAwQAAAAA',
    'from' => 'oF_mkjkBTwthp-LUYqY8qvL6kwuE',
    'to' => 'gh_74fc964c4914',
    'time' => '1548658839',
    'type' => 'text',
    'scene' => 'TZHB15264358130447389--170',
    'redirection' => true,
    'source' => 'subscribe',
    'content' => '首次关注',
  ),
  'module' => 'reply',
  'rule' => '9',
  'priority' => '0',
  'keyword' => 
  array (
    'id' => '116',
    'rid' => '9',
    'uniacid' => '2',
    'module' => 'reply',
    'content' => '首次关注',
    'type' => '1',
    'displayorder' => '0',
    'status' => '1',
    'reply_type' => 
    array (
      0 => 'basic',
    ),
  ),
  'reply_type' => 
  array (
    0 => 'basic',
  ),
)

2019-01-28 15:00:41 response :
------------
Array:
FromUserName : gh_74fc964c4914 ;
ToUserName : oF_mkjkBTwthp-LUYqY8qvL6kwuE ;
MsgType : text ;
Content : 您好，感谢您关注奔瑞汽车用品！360°汽车服务解决方案提供商。业务领域涵盖高端美容、二手翻新及快速钣喷等，欢迎与我们联系。
您也可以回复以下数字，查看相关信息。
【1】品牌介绍
【2】核心项目
【3】合作支持
【4】产品中心
【5】联系方式
您可以留言或拨打客服热线 4006669243 更多资讯，您可以访问奔瑞官网 www.benrui.cn
意见，建议反馈信息请直接回复，谢谢。 ;

2019-01-28 15:00:49 trace :
------------
String:
<xml><ToUserName><![CDATA[gh_74fc964c4914]]></ToUserName>
<FromUserName><![CDATA[oF_mkjkBTwthp-LUYqY8qvL6kwuE]]></FromUserName>
<CreateTime>1548658848</CreateTime>
<MsgType><![CDATA[event]]></MsgType>
<Event><![CDATA[SCAN]]></Event>
<EventKey><![CDATA[TZHB15264358130447389--170]]></EventKey>
<Ticket><![CDATA[gQFm8TwAAAAAAAAAAS5odHRwOi8vd2VpeGluLnFxLmNvbS9xLzAyaExzMk5oblZhQWUxMDAwMGcwN2EAAgTlj-taAwQAAAAA]]></Ticket>
</xml>

2019-01-28 15:00:49 params :
------------
String:
array (
  'rule' => -2,
  'module' => '',
  'message' => 
  array (
    'tousername' => 'gh_74fc964c4914',
    'fromusername' => 'oF_mkjkBTwthp-LUYqY8qvL6kwuE',
    'createtime' => '1548658848',
    'msgtype' => 'event',
    'event' => 'SCAN',
    'eventkey' => 'TZHB15264358130447389--170',
    'ticket' => 'gQFm8TwAAAAAAAAAAS5odHRwOi8vd2VpeGluLnFxLmNvbS9xLzAyaExzMk5oblZhQWUxMDAwMGcwN2EAAgTlj-taAwQAAAAA',
    'from' => 'oF_mkjkBTwthp-LUYqY8qvL6kwuE',
    'to' => 'gh_74fc964c4914',
    'time' => '1548658848',
    'type' => 'text',
    'scene' => 'TZHB15264358130447389--170',
    'redirection' => true,
    'source' => 'qr',
  ),
)

2019-01-28 15:00:49 response :
------------

2019-01-28 15:02:01 trace :
------------
String:
<xml><ToUserName><![CDATA[gh_74fc964c4914]]></ToUserName>
<FromUserName><![CDATA[oF_mkjkBTwthp-LUYqY8qvL6kwuE]]></FromUserName>
<CreateTime>1548658921</CreateTime>
<MsgType><![CDATA[event]]></MsgType>
<Event><![CDATA[unsubscribe]]></Event>
<EventKey><![CDATA[]]></EventKey>
</xml>

2019-01-28 15:08:15 trace :
------------
String:
<xml><ToUserName><![CDATA[gh_74fc964c4914]]></ToUserName>
<FromUserName><![CDATA[oF_mkjv3FhtroZcQJUUJpVFf_aQs]]></FromUserName>
<CreateTime>1548659293</CreateTime>
<MsgType><![CDATA[event]]></MsgType>
<Event><![CDATA[SCAN]]></Event>
<EventKey><![CDATA[TZHB15447490989563389--12864]]></EventKey>
<Ticket><![CDATA[gQEZ8TwAAAAAAAAAAS5odHRwOi8vd2VpeGluLnFxLmNvbS9xLzAyT2QxNE1ublZhQWUxMDAwME0wNzMAAgQrABNcAwQAAAAA]]></Ticket>
</xml>

2019-01-28 15:08:15 params :
------------
String:
array (
  'rule' => -2,
  'module' => '',
  'message' => 
  array (
    'tousername' => 'gh_74fc964c4914',
    'fromusername' => 'oF_mkjv3FhtroZcQJUUJpVFf_aQs',
    'createtime' => '1548659293',
    'msgtype' => 'event',
    'event' => 'SCAN',
    'eventkey' => 'TZHB15447490989563389--12864',
    'ticket' => 'gQEZ8TwAAAAAAAAAAS5odHRwOi8vd2VpeGluLnFxLmNvbS9xLzAyT2QxNE1ublZhQWUxMDAwME0wNzMAAgQrABNcAwQAAAAA',
    'from' => 'oF_mkjv3FhtroZcQJUUJpVFf_aQs',
    'to' => 'gh_74fc964c4914',
    'time' => '1548659293',
    'type' => 'text',
    'scene' => 'TZHB15447490989563389--12864',
    'redirection' => true,
    'source' => 'qr',
  ),
)

2019-01-28 15:08:15 response :
------------

2019-01-28 15:08:15 trace :
------------
String:
<xml><ToUserName><![CDATA[gh_74fc964c4914]]></ToUserName>
<FromUserName><![CDATA[oF_mkjrplol4lXy6pZJCD2gcKDEs]]></FromUserName>
<CreateTime>1548659295</CreateTime>
<MsgType><![CDATA[event]]></MsgType>
<Event><![CDATA[subscribe]]></Event>
<EventKey><![CDATA[qrscene_TZHB15447490989563389--12864]]></EventKey>
<Ticket><![CDATA[gQEZ8TwAAAAAAAAAAS5odHRwOi8vd2VpeGluLnFxLmNvbS9xLzAyT2QxNE1ublZhQWUxMDAwME0wNzMAAgQrABNcAwQAAAAA]]></Ticket>
</xml>

2019-01-28 15:08:16 params :
------------
String:
array (
  'message' => 
  array (
    'tousername' => 'gh_74fc964c4914',
    'fromusername' => 'oF_mkjrplol4lXy6pZJCD2gcKDEs',
    'createtime' => '1548659295',
    'msgtype' => 'event',
    'event' => 'subscribe',
    'eventkey' => 'qrscene_TZHB15447490989563389--12864',
    'ticket' => 'gQEZ8TwAAAAAAAAAAS5odHRwOi8vd2VpeGluLnFxLmNvbS9xLzAyT2QxNE1ublZhQWUxMDAwME0wNzMAAgQrABNcAwQAAAAA',
    'from' => 'oF_mkjrplol4lXy6pZJCD2gcKDEs',
    'to' => 'gh_74fc964c4914',
    'time' => '1548659295',
    'type' => 'text',
    'scene' => 'TZHB15447490989563389--12864',
    'redirection' => true,
    'source' => 'subscribe',
    'content' => '首次关注',
  ),
  'module' => 'reply',
  'rule' => '9',
  'priority' => '0',
  'keyword' => 
  array (
    'id' => '116',
    'rid' => '9',
    'uniacid' => '2',
    'module' => 'reply',
    'content' => '首次关注',
    'type' => '1',
    'displayorder' => '0',
    'status' => '1',
    'reply_type' => 
    array (
      0 => 'basic',
    ),
  ),
  'reply_type' => 
  array (
    0 => 'basic',
  ),
)

2019-01-28 15:08:16 response :
------------
Array:
FromUserName : gh_74fc964c4914 ;
ToUserName : oF_mkjrplol4lXy6pZJCD2gcKDEs ;
MsgType : text ;
Content : 您好，感谢您关注奔瑞汽车用品！360°汽车服务解决方案提供商。业务领域涵盖高端美容、二手翻新及快速钣喷等，欢迎与我们联系。
您也可以回复以下数字，查看相关信息。
【1】品牌介绍
【2】核心项目
【3】合作支持
【4】产品中心
【5】联系方式
您可以留言或拨打客服热线 4006669243 更多资讯，您可以访问奔瑞官网 www.benrui.cn
意见，建议反馈信息请直接回复，谢谢。 ;

2019-01-28 16:43:42 trace :
------------
String:
<xml><ToUserName><![CDATA[gh_74fc964c4914]]></ToUserName>
<FromUserName><![CDATA[oF_mkjvjrxJkIt18efTTpBfgLI2I]]></FromUserName>
<CreateTime>1548665021</CreateTime>
<MsgType><![CDATA[event]]></MsgType>
<Event><![CDATA[SCAN]]></Event>
<EventKey><![CDATA[TZHB15264358412376273--299]]></EventKey>
<Ticket><![CDATA[gQHL8TwAAAAAAAAAAS5odHRwOi8vd2VpeGluLnFxLmNvbS9xLzAyUDFlNk5ablZhQWUxMDAwMDAwN2EAAgQBkPtaAwQAAAAA]]></Ticket>
</xml>

2019-01-28 16:43:42 params :
------------
String:
array (
  'rule' => -2,
  'module' => '',
  'message' => 
  array (
    'tousername' => 'gh_74fc964c4914',
    'fromusername' => 'oF_mkjvjrxJkIt18efTTpBfgLI2I',
    'createtime' => '1548665021',
    'msgtype' => 'event',
    'event' => 'SCAN',
    'eventkey' => 'TZHB15264358412376273--299',
    'ticket' => 'gQHL8TwAAAAAAAAAAS5odHRwOi8vd2VpeGluLnFxLmNvbS9xLzAyUDFlNk5ablZhQWUxMDAwMDAwN2EAAgQBkPtaAwQAAAAA',
    'from' => 'oF_mkjvjrxJkIt18efTTpBfgLI2I',
    'to' => 'gh_74fc964c4914',
    'time' => '1548665021',
    'type' => 'text',
    'scene' => 'TZHB15264358412376273--299',
    'redirection' => true,
    'source' => 'qr',
  ),
)

2019-01-28 16:43:42 response :
------------

2019-01-28 17:12:09 trace :
------------
String:
<xml><ToUserName><![CDATA[gh_74fc964c4914]]></ToUserName>
<FromUserName><![CDATA[oF_mkjuBryomdRwMLV1bLJwKZD5I]]></FromUserName>
<CreateTime>1548666727</CreateTime>
<MsgType><![CDATA[event]]></MsgType>
<Event><![CDATA[SCAN]]></Event>
<EventKey><![CDATA[TZHB15444181274828449--12132]]></EventKey>
<Ticket><![CDATA[gQHx8DwAAAAAAAAAAS5odHRwOi8vd2VpeGluLnFxLmNvbS9xLzAyTThiM05mblZhQWUxMDAwME0wN08AAgRP8w1cAwQAAAAA]]></Ticket>
</xml>

2019-01-28 17:12:09 params :
------------
String:
array (
  'rule' => -2,
  'module' => '',
  'message' => 
  array (
    'tousername' => 'gh_74fc964c4914',
    'fromusername' => 'oF_mkjuBryomdRwMLV1bLJwKZD5I',
    'createtime' => '1548666727',
    'msgtype' => 'event',
    'event' => 'SCAN',
    'eventkey' => 'TZHB15444181274828449--12132',
    'ticket' => 'gQHx8DwAAAAAAAAAAS5odHRwOi8vd2VpeGluLnFxLmNvbS9xLzAyTThiM05mblZhQWUxMDAwME0wN08AAgRP8w1cAwQAAAAA',
    'from' => 'oF_mkjuBryomdRwMLV1bLJwKZD5I',
    'to' => 'gh_74fc964c4914',
    'time' => '1548666727',
    'type' => 'text',
    'scene' => 'TZHB15444181274828449--12132',
    'redirection' => true,
    'source' => 'qr',
  ),
)

2019-01-28 17:12:09 response :
------------

2019-01-28 17:33:24 trace :
------------
String:
<xml><ToUserName><![CDATA[gh_74fc964c4914]]></ToUserName>
<FromUserName><![CDATA[oF_mkjmY5MRqR9woBRnu1TnPqKXg]]></FromUserName>
<CreateTime>1548668002</CreateTime>
<MsgType><![CDATA[event]]></MsgType>
<Event><![CDATA[subscribe]]></Event>
<EventKey><![CDATA[qrscene_TZHB15301485446244496--5103]]></EventKey>
<Ticket><![CDATA[gQEk8TwAAAAAAAAAAS5odHRwOi8vd2VpeGluLnFxLmNvbS9xLzAySjJTa01HblZhQWUxMDAwME0wN0IAAgTANjRbAwQAAAAA]]></Ticket>
</xml>

2019-01-28 17:33:24 params :
------------
String:
array (
  'message' => 
  array (
    'tousername' => 'gh_74fc964c4914',
    'fromusername' => 'oF_mkjmY5MRqR9woBRnu1TnPqKXg',
    'createtime' => '1548668002',
    'msgtype' => 'event',
    'event' => 'subscribe',
    'eventkey' => 'qrscene_TZHB15301485446244496--5103',
    'ticket' => 'gQEk8TwAAAAAAAAAAS5odHRwOi8vd2VpeGluLnFxLmNvbS9xLzAySjJTa01HblZhQWUxMDAwME0wN0IAAgTANjRbAwQAAAAA',
    'from' => 'oF_mkjmY5MRqR9woBRnu1TnPqKXg',
    'to' => 'gh_74fc964c4914',
    'time' => '1548668002',
    'type' => 'text',
    'scene' => 'TZHB15301485446244496--5103',
    'redirection' => true,
    'source' => 'subscribe',
    'content' => '首次关注',
  ),
  'module' => 'reply',
  'rule' => '9',
  'priority' => '0',
  'keyword' => 
  array (
    'id' => '116',
    'rid' => '9',
    'uniacid' => '2',
    'module' => 'reply',
    'content' => '首次关注',
    'type' => '1',
    'displayorder' => '0',
    'status' => '1',
    'reply_type' => 
    array (
      0 => 'basic',
    ),
  ),
  'reply_type' => 
  array (
    0 => 'basic',
  ),
)

2019-01-28 17:33:24 response :
------------
Array:
FromUserName : gh_74fc964c4914 ;
ToUserName : oF_mkjmY5MRqR9woBRnu1TnPqKXg ;
MsgType : text ;
Content : 您好，感谢您关注奔瑞汽车用品！360°汽车服务解决方案提供商。业务领域涵盖高端美容、二手翻新及快速钣喷等，欢迎与我们联系。
您也可以回复以下数字，查看相关信息。
【1】品牌介绍
【2】核心项目
【3】合作支持
【4】产品中心
【5】联系方式
您可以留言或拨打客服热线 4006669243 更多资讯，您可以访问奔瑞官网 www.benrui.cn
意见，建议反馈信息请直接回复，谢谢。 ;

2019-01-28 18:58:39 trace :
------------
String:
<xml><ToUserName><![CDATA[gh_74fc964c4914]]></ToUserName>
<FromUserName><![CDATA[oF_mkjvjrxJkIt18efTTpBfgLI2I]]></FromUserName>
<CreateTime>1548673117</CreateTime>
<MsgType><![CDATA[event]]></MsgType>
<Event><![CDATA[SCAN]]></Event>
<EventKey><![CDATA[TZHB15264357878043277--55]]></EventKey>
<Ticket><![CDATA[gQHY8TwAAAAAAAAAAS5odHRwOi8vd2VpeGluLnFxLmNvbS9xLzAyT1NST05YblZhQWUxMDAwMDAwN2YAAgTLj-taAwQAAAAA]]></Ticket>
</xml>

2019-01-28 18:58:39 params :
------------
String:
array (
  'rule' => -2,
  'module' => '',
  'message' => 
  array (
    'tousername' => 'gh_74fc964c4914',
    'fromusername' => 'oF_mkjvjrxJkIt18efTTpBfgLI2I',
    'createtime' => '1548673117',
    'msgtype' => 'event',
    'event' => 'SCAN',
    'eventkey' => 'TZHB15264357878043277--55',
    'ticket' => 'gQHY8TwAAAAAAAAAAS5odHRwOi8vd2VpeGluLnFxLmNvbS9xLzAyT1NST05YblZhQWUxMDAwMDAwN2YAAgTLj-taAwQAAAAA',
    'from' => 'oF_mkjvjrxJkIt18efTTpBfgLI2I',
    'to' => 'gh_74fc964c4914',
    'time' => '1548673117',
    'type' => 'text',
    'scene' => 'TZHB15264357878043277--55',
    'redirection' => true,
    'source' => 'qr',
  ),
)

2019-01-28 18:58:39 response :
------------

2019-01-28 19:38:31 trace :
------------
String:
<xml><ToUserName><![CDATA[gh_74fc964c4914]]></ToUserName>
<FromUserName><![CDATA[oF_mkjsY9xrbwKa7qWj9DZ_yguTE]]></FromUserName>
<CreateTime>1548675509</CreateTime>
<MsgType><![CDATA[event]]></MsgType>
<Event><![CDATA[SCAN]]></Event>
<EventKey><![CDATA[TZHB15367432828614606--9748]]></EventKey>
<Ticket><![CDATA[gQGG8TwAAAAAAAAAAS5odHRwOi8vd2VpeGluLnFxLmNvbS9xLzAyR0tERE1DblZhQWUxMDAwME0wN00AAgRy15hbAwQAAAAA]]></Ticket>
</xml>

2019-01-28 19:38:31 params :
------------
String:
array (
  'rule' => -2,
  'module' => '',
  'message' => 
  array (
    'tousername' => 'gh_74fc964c4914',
    'fromusername' => 'oF_mkjsY9xrbwKa7qWj9DZ_yguTE',
    'createtime' => '1548675509',
    'msgtype' => 'event',
    'event' => 'SCAN',
    'eventkey' => 'TZHB15367432828614606--9748',
    'ticket' => 'gQGG8TwAAAAAAAAAAS5odHRwOi8vd2VpeGluLnFxLmNvbS9xLzAyR0tERE1DblZhQWUxMDAwME0wN00AAgRy15hbAwQAAAAA',
    'from' => 'oF_mkjsY9xrbwKa7qWj9DZ_yguTE',
    'to' => 'gh_74fc964c4914',
    'time' => '1548675509',
    'type' => 'text',
    'scene' => 'TZHB15367432828614606--9748',
    'redirection' => true,
    'source' => 'qr',
  ),
)

2019-01-28 19:38:31 response :
------------

2019-01-28 20:26:36 trace :
------------
String:
<xml><ToUserName><![CDATA[gh_74fc964c4914]]></ToUserName>
<FromUserName><![CDATA[oF_mkjsxMw7JqJrDUSJfSUIT62iQ]]></FromUserName>
<CreateTime>1548678396</CreateTime>
<MsgType><![CDATA[event]]></MsgType>
<Event><![CDATA[LOCATION]]></Event>
<Latitude>25.837879</Latitude>
<Longitude>102.766235</Longitude>
<Precision>80.000000</Precision>
</xml>

2019-01-28 20:26:36 params :
------------
String:
array (
  'message' => 
  array (
    'tousername' => 'gh_74fc964c4914',
    'fromusername' => 'oF_mkjsxMw7JqJrDUSJfSUIT62iQ',
    'createtime' => '1548678396',
    'msgtype' => 'event',
    'event' => 'LOCATION',
    'latitude' => '25.837879',
    'longitude' => '102.766235',
    'precision' => '80.000000',
    'from' => 'oF_mkjsxMw7JqJrDUSJfSUIT62iQ',
    'to' => 'gh_74fc964c4914',
    'time' => '1548678396',
    'type' => 'trace',
    'location_x' => '25.837879',
    'location_y' => '102.766235',
  ),
  'module' => 'default',
  'rule' => '-1',
)

2019-01-28 20:26:36 response :
------------
Array:
errno : -1 ;
message : Invaild value ;

2019-01-28 20:27:35 trace :
------------
String:
<xml><ToUserName><![CDATA[gh_74fc964c4914]]></ToUserName>
<FromUserName><![CDATA[oF_mkjsxMw7JqJrDUSJfSUIT62iQ]]></FromUserName>
<CreateTime>1548678454</CreateTime>
<MsgType><![CDATA[event]]></MsgType>
<Event><![CDATA[LOCATION]]></Event>
<Latitude>25.837879</Latitude>
<Longitude>102.766235</Longitude>
<Precision>80.000000</Precision>
</xml>

2019-01-28 20:27:35 params :
------------
String:
array (
  'message' => 
  array (
    'tousername' => 'gh_74fc964c4914',
    'fromusername' => 'oF_mkjsxMw7JqJrDUSJfSUIT62iQ',
    'createtime' => '1548678454',
    'msgtype' => 'event',
    'event' => 'LOCATION',
    'latitude' => '25.837879',
    'longitude' => '102.766235',
    'precision' => '80.000000',
    'from' => 'oF_mkjsxMw7JqJrDUSJfSUIT62iQ',
    'to' => 'gh_74fc964c4914',
    'time' => '1548678454',
    'type' => 'trace',
    'location_x' => '25.837879',
    'location_y' => '102.766235',
  ),
  'module' => 'default',
  'rule' => '-1',
)

2019-01-28 20:27:35 response :
------------
Array:
errno : -1 ;
message : Invaild value ;

2019-01-28 21:15:20 trace :
------------
String:
<xml><ToUserName><![CDATA[gh_74fc964c4914]]></ToUserName>
<FromUserName><![CDATA[oF_mkjlCG4O68So-FxXVtRC2GJV8]]></FromUserName>
<CreateTime>1548681318</CreateTime>
<MsgType><![CDATA[event]]></MsgType>
<Event><![CDATA[SCAN]]></Event>
<EventKey><![CDATA[TZHB15447490821409950--12798]]></EventKey>
<Ticket><![CDATA[gQHj8DwAAAAAAAAAAS5odHRwOi8vd2VpeGluLnFxLmNvbS9xLzAyMkZPTU52blZhQWUxMDAwME0wN3UAAgQaABNcAwQAAAAA]]></Ticket>
</xml>

2019-01-28 21:15:20 params :
------------
String:
array (
  'rule' => -2,
  'module' => '',
  'message' => 
  array (
    'tousername' => 'gh_74fc964c4914',
    'fromusername' => 'oF_mkjlCG4O68So-FxXVtRC2GJV8',
    'createtime' => '1548681318',
    'msgtype' => 'event',
    'event' => 'SCAN',
    'eventkey' => 'TZHB15447490821409950--12798',
    'ticket' => 'gQHj8DwAAAAAAAAAAS5odHRwOi8vd2VpeGluLnFxLmNvbS9xLzAyMkZPTU52blZhQWUxMDAwME0wN3UAAgQaABNcAwQAAAAA',
    'from' => 'oF_mkjlCG4O68So-FxXVtRC2GJV8',
    'to' => 'gh_74fc964c4914',
    'time' => '1548681318',
    'type' => 'text',
    'scene' => 'TZHB15447490821409950--12798',
    'redirection' => true,
    'source' => 'qr',
  ),
)

2019-01-28 21:15:20 response :
------------

2019-01-28 21:19:05 trace :
------------
String:
<xml><ToUserName><![CDATA[gh_74fc964c4914]]></ToUserName>
<FromUserName><![CDATA[oF_mkjieunseFqyKP42WLAaLRR8c]]></FromUserName>
<CreateTime>1548681544</CreateTime>
<MsgType><![CDATA[event]]></MsgType>
<Event><![CDATA[SCAN]]></Event>
<EventKey><![CDATA[TZHB15304975878724717--5674]]></EventKey>
<Ticket><![CDATA[gQHg8DwAAAAAAAAAAS5odHRwOi8vd2VpeGluLnFxLmNvbS9xLzAyMHl6Vk5oblZhQWUxMDAwME0wN1kAAgQzijlbAwQAAAAA]]></Ticket>
</xml>

2019-01-28 21:19:05 params :
------------
String:
array (
  'rule' => -2,
  'module' => '',
  'message' => 
  array (
    'tousername' => 'gh_74fc964c4914',
    'fromusername' => 'oF_mkjieunseFqyKP42WLAaLRR8c',
    'createtime' => '1548681544',
    'msgtype' => 'event',
    'event' => 'SCAN',
    'eventkey' => 'TZHB15304975878724717--5674',
    'ticket' => 'gQHg8DwAAAAAAAAAAS5odHRwOi8vd2VpeGluLnFxLmNvbS9xLzAyMHl6Vk5oblZhQWUxMDAwME0wN1kAAgQzijlbAwQAAAAA',
    'from' => 'oF_mkjieunseFqyKP42WLAaLRR8c',
    'to' => 'gh_74fc964c4914',
    'time' => '1548681544',
    'type' => 'text',
    'scene' => 'TZHB15304975878724717--5674',
    'redirection' => true,
    'source' => 'qr',
  ),
)

2019-01-28 21:19:05 response :
------------

2019-01-28 21:19:32 trace :
------------
String:
<xml><ToUserName><![CDATA[gh_74fc964c4914]]></ToUserName>
<FromUserName><![CDATA[oF_mkjieunseFqyKP42WLAaLRR8c]]></FromUserName>
<CreateTime>1548681571</CreateTime>
<MsgType><![CDATA[event]]></MsgType>
<Event><![CDATA[SCAN]]></Event>
<EventKey><![CDATA[TZHB15304975878724717--5674]]></EventKey>
<Ticket><![CDATA[gQHg8DwAAAAAAAAAAS5odHRwOi8vd2VpeGluLnFxLmNvbS9xLzAyMHl6Vk5oblZhQWUxMDAwME0wN1kAAgQzijlbAwQAAAAA]]></Ticket>
</xml>

2019-01-28 21:19:32 params :
------------
String:
array (
  'rule' => -2,
  'module' => '',
  'message' => 
  array (
    'tousername' => 'gh_74fc964c4914',
    'fromusername' => 'oF_mkjieunseFqyKP42WLAaLRR8c',
    'createtime' => '1548681571',
    'msgtype' => 'event',
    'event' => 'SCAN',
    'eventkey' => 'TZHB15304975878724717--5674',
    'ticket' => 'gQHg8DwAAAAAAAAAAS5odHRwOi8vd2VpeGluLnFxLmNvbS9xLzAyMHl6Vk5oblZhQWUxMDAwME0wN1kAAgQzijlbAwQAAAAA',
    'from' => 'oF_mkjieunseFqyKP42WLAaLRR8c',
    'to' => 'gh_74fc964c4914',
    'time' => '1548681571',
    'type' => 'text',
    'scene' => 'TZHB15304975878724717--5674',
    'redirection' => true,
    'source' => 'qr',
  ),
)

2019-01-28 21:19:32 response :
------------

2019-01-28 21:29:20 trace :
------------
String:
<xml><ToUserName><![CDATA[gh_74fc964c4914]]></ToUserName>
<FromUserName><![CDATA[oF_mkjlK8I7HNNlRaDt84inv9nPc]]></FromUserName>
<CreateTime>1548682159</CreateTime>
<MsgType><![CDATA[event]]></MsgType>
<Event><![CDATA[subscribe]]></Event>
<EventKey><![CDATA[qrscene_TZHB15367438881208619--10681]]></EventKey>
<Ticket><![CDATA[gQGx8TwAAAAAAAAAAS5odHRwOi8vd2VpeGluLnFxLmNvbS9xLzAySVhpZk1fblZhQWUxMDAwMGcwNzYAAgTQ2ZhbAwQAAAAA]]></Ticket>
</xml>

2019-01-28 21:29:21 params :
------------
String:
array (
  'message' => 
  array (
    'tousername' => 'gh_74fc964c4914',
    'fromusername' => 'oF_mkjlK8I7HNNlRaDt84inv9nPc',
    'createtime' => '1548682159',
    'msgtype' => 'event',
    'event' => 'subscribe',
    'eventkey' => 'qrscene_TZHB15367438881208619--10681',
    'ticket' => 'gQGx8TwAAAAAAAAAAS5odHRwOi8vd2VpeGluLnFxLmNvbS9xLzAySVhpZk1fblZhQWUxMDAwMGcwNzYAAgTQ2ZhbAwQAAAAA',
    'from' => 'oF_mkjlK8I7HNNlRaDt84inv9nPc',
    'to' => 'gh_74fc964c4914',
    'time' => '1548682159',
    'type' => 'text',
    'scene' => 'TZHB15367438881208619--10681',
    'redirection' => true,
    'source' => 'subscribe',
    'content' => '首次关注',
  ),
  'module' => 'reply',
  'rule' => '9',
  'priority' => '0',
  'keyword' => 
  array (
    'id' => '116',
    'rid' => '9',
    'uniacid' => '2',
    'module' => 'reply',
    'content' => '首次关注',
    'type' => '1',
    'displayorder' => '0',
    'status' => '1',
    'reply_type' => 
    array (
      0 => 'basic',
    ),
  ),
  'reply_type' => 
  array (
    0 => 'basic',
  ),
)

2019-01-28 21:29:21 response :
------------
Array:
FromUserName : gh_74fc964c4914 ;
ToUserName : oF_mkjlK8I7HNNlRaDt84inv9nPc ;
MsgType : text ;
Content : 您好，感谢您关注奔瑞汽车用品！360°汽车服务解决方案提供商。业务领域涵盖高端美容、二手翻新及快速钣喷等，欢迎与我们联系。
您也可以回复以下数字，查看相关信息。
【1】品牌介绍
【2】核心项目
【3】合作支持
【4】产品中心
【5】联系方式
您可以留言或拨打客服热线 4006669243 更多资讯，您可以访问奔瑞官网 www.benrui.cn
意见，建议反馈信息请直接回复，谢谢。 ;

2019-01-28 21:53:41 trace :
------------
String:
<xml><ToUserName><![CDATA[gh_74fc964c4914]]></ToUserName>
<FromUserName><![CDATA[oF_mkjgmtHSevXOHQs7DEhRpLndY]]></FromUserName>
<CreateTime>1548683620</CreateTime>
<MsgType><![CDATA[event]]></MsgType>
<Event><![CDATA[subscribe]]></Event>
<EventKey><![CDATA[qrscene_TZHB15304975878724717--5674]]></EventKey>
<Ticket><![CDATA[gQHg8DwAAAAAAAAAAS5odHRwOi8vd2VpeGluLnFxLmNvbS9xLzAyMHl6Vk5oblZhQWUxMDAwME0wN1kAAgQzijlbAwQAAAAA]]></Ticket>
</xml>

2019-01-28 21:53:41 params :
------------
String:
array (
  'message' => 
  array (
    'tousername' => 'gh_74fc964c4914',
    'fromusername' => 'oF_mkjgmtHSevXOHQs7DEhRpLndY',
    'createtime' => '1548683620',
    'msgtype' => 'event',
    'event' => 'subscribe',
    'eventkey' => 'qrscene_TZHB15304975878724717--5674',
    'ticket' => 'gQHg8DwAAAAAAAAAAS5odHRwOi8vd2VpeGluLnFxLmNvbS9xLzAyMHl6Vk5oblZhQWUxMDAwME0wN1kAAgQzijlbAwQAAAAA',
    'from' => 'oF_mkjgmtHSevXOHQs7DEhRpLndY',
    'to' => 'gh_74fc964c4914',
    'time' => '1548683620',
    'type' => 'text',
    'scene' => 'TZHB15304975878724717--5674',
    'redirection' => true,
    'source' => 'subscribe',
    'content' => '首次关注',
  ),
  'module' => 'reply',
  'rule' => '9',
  'priority' => '0',
  'keyword' => 
  array (
    'id' => '116',
    'rid' => '9',
    'uniacid' => '2',
    'module' => 'reply',
    'content' => '首次关注',
    'type' => '1',
    'displayorder' => '0',
    'status' => '1',
    'reply_type' => 
    array (
      0 => 'basic',
    ),
  ),
  'reply_type' => 
  array (
    0 => 'basic',
  ),
)

2019-01-28 21:53:41 response :
------------
Array:
FromUserName : gh_74fc964c4914 ;
ToUserName : oF_mkjgmtHSevXOHQs7DEhRpLndY ;
MsgType : text ;
Content : 您好，感谢您关注奔瑞汽车用品！360°汽车服务解决方案提供商。业务领域涵盖高端美容、二手翻新及快速钣喷等，欢迎与我们联系。
您也可以回复以下数字，查看相关信息。
【1】品牌介绍
【2】核心项目
【3】合作支持
【4】产品中心
【5】联系方式
您可以留言或拨打客服热线 4006669243 更多资讯，您可以访问奔瑞官网 www.benrui.cn
意见，建议反馈信息请直接回复，谢谢。 ;

2019-01-28 21:53:55 trace :
------------
String:
<xml><ToUserName><![CDATA[gh_74fc964c4914]]></ToUserName>
<FromUserName><![CDATA[oF_mkjgmtHSevXOHQs7DEhRpLndY]]></FromUserName>
<CreateTime>1548683634</CreateTime>
<MsgType><![CDATA[event]]></MsgType>
<Event><![CDATA[unsubscribe]]></Event>
<EventKey><![CDATA[]]></EventKey>
</xml>

2019-01-28 23:39:13 trace :
------------
String:
<xml><ToUserName><![CDATA[gh_74fc964c4914]]></ToUserName>
<FromUserName><![CDATA[oF_mkjhhJPXZyyalp8rrXWHRqM3U]]></FromUserName>
<CreateTime>1548689951</CreateTime>
<MsgType><![CDATA[event]]></MsgType>
<Event><![CDATA[SCAN]]></Event>
<EventKey><![CDATA[TZHB15286869169419257--3508]]></EventKey>
<Ticket><![CDATA[gQF38DwAAAAAAAAAAS5odHRwOi8vd2VpeGluLnFxLmNvbS9xLzAyZktzdE5ablZhQWUxMDAwMHcwNzMAAgRE6R1bAwQAAAAA]]></Ticket>
</xml>

2019-01-28 23:39:13 trace :
------------
String:
<xml><ToUserName><![CDATA[gh_74fc964c4914]]></ToUserName>
<FromUserName><![CDATA[oF_mkjhhJPXZyyalp8rrXWHRqM3U]]></FromUserName>
<CreateTime>1548689952</CreateTime>
<MsgType><![CDATA[event]]></MsgType>
<Event><![CDATA[LOCATION]]></Event>
<Latitude>36.893635</Latitude>
<Longitude>118.752899</Longitude>
<Precision>20.000000</Precision>
</xml>

2019-01-28 23:39:13 params :
------------
String:
array (
  'message' => 
  array (
    'tousername' => 'gh_74fc964c4914',
    'fromusername' => 'oF_mkjhhJPXZyyalp8rrXWHRqM3U',
    'createtime' => '1548689952',
    'msgtype' => 'event',
    'event' => 'LOCATION',
    'latitude' => '36.893635',
    'longitude' => '118.752899',
    'precision' => '20.000000',
    'from' => 'oF_mkjhhJPXZyyalp8rrXWHRqM3U',
    'to' => 'gh_74fc964c4914',
    'time' => '1548689952',
    'type' => 'trace',
    'location_x' => '36.893635',
    'location_y' => '118.752899',
  ),
  'module' => 'default',
  'rule' => '-1',
)

2019-01-28 23:39:13 response :
------------
Array:
errno : -1 ;
message : Invaild value ;

2019-01-28 23:39:13 params :
------------
String:
array (
  'rule' => -2,
  'module' => '',
  'message' => 
  array (
    'tousername' => 'gh_74fc964c4914',
    'fromusername' => 'oF_mkjhhJPXZyyalp8rrXWHRqM3U',
    'createtime' => '1548689951',
    'msgtype' => 'event',
    'event' => 'SCAN',
    'eventkey' => 'TZHB15286869169419257--3508',
    'ticket' => 'gQF38DwAAAAAAAAAAS5odHRwOi8vd2VpeGluLnFxLmNvbS9xLzAyZktzdE5ablZhQWUxMDAwMHcwNzMAAgRE6R1bAwQAAAAA',
    'from' => 'oF_mkjhhJPXZyyalp8rrXWHRqM3U',
    'to' => 'gh_74fc964c4914',
    'time' => '1548689951',
    'type' => 'text',
    'scene' => 'TZHB15286869169419257--3508',
    'redirection' => true,
    'source' => 'qr',
  ),
)

2019-01-28 23:39:13 response :
------------

2019-01-28 23:39:19 trace :
------------
String:
<xml><ToUserName><![CDATA[gh_74fc964c4914]]></ToUserName>
<FromUserName><![CDATA[oF_mkjhhJPXZyyalp8rrXWHRqM3U]]></FromUserName>
<CreateTime>1548689959</CreateTime>
<MsgType><![CDATA[event]]></MsgType>
<Event><![CDATA[LOCATION]]></Event>
<Latitude>36.893635</Latitude>
<Longitude>118.752899</Longitude>
<Precision>20.000000</Precision>
</xml>

2019-01-28 23:39:19 params :
------------
String:
array (
  'message' => 
  array (
    'tousername' => 'gh_74fc964c4914',
    'fromusername' => 'oF_mkjhhJPXZyyalp8rrXWHRqM3U',
    'createtime' => '1548689959',
    'msgtype' => 'event',
    'event' => 'LOCATION',
    'latitude' => '36.893635',
    'longitude' => '118.752899',
    'precision' => '20.000000',
    'from' => 'oF_mkjhhJPXZyyalp8rrXWHRqM3U',
    'to' => 'gh_74fc964c4914',
    'time' => '1548689959',
    'type' => 'trace',
    'location_x' => '36.893635',
    'location_y' => '118.752899',
  ),
  'module' => 'default',
  'rule' => '-1',
)

2019-01-28 23:39:19 response :
------------
Array:
errno : -1 ;
message : Invaild value ;

2019-01-28 23:39:31 trace :
------------
String:
<xml><ToUserName><![CDATA[gh_74fc964c4914]]></ToUserName>
<FromUserName><![CDATA[oF_mkjhhJPXZyyalp8rrXWHRqM3U]]></FromUserName>
<CreateTime>1548689970</CreateTime>
<MsgType><![CDATA[event]]></MsgType>
<Event><![CDATA[LOCATION]]></Event>
<Latitude>36.892872</Latitude>
<Longitude>118.751503</Longitude>
<Precision>30.000000</Precision>
</xml>

2019-01-28 23:39:31 params :
------------
String:
array (
  'message' => 
  array (
    'tousername' => 'gh_74fc964c4914',
    'fromusername' => 'oF_mkjhhJPXZyyalp8rrXWHRqM3U',
    'createtime' => '1548689970',
    'msgtype' => 'event',
    'event' => 'LOCATION',
    'latitude' => '36.892872',
    'longitude' => '118.751503',
    'precision' => '30.000000',
    'from' => 'oF_mkjhhJPXZyyalp8rrXWHRqM3U',
    'to' => 'gh_74fc964c4914',
    'time' => '1548689970',
    'type' => 'trace',
    'location_x' => '36.892872',
    'location_y' => '118.751503',
  ),
  'module' => 'default',
  'rule' => '-1',
)

2019-01-28 23:39:31 response :
------------
Array:
errno : -1 ;
message : Invaild value ;

2019-01-28 23:39:35 trace :
------------
String:
<xml><ToUserName><![CDATA[gh_74fc964c4914]]></ToUserName>
<FromUserName><![CDATA[oF_mkjhhJPXZyyalp8rrXWHRqM3U]]></FromUserName>
<CreateTime>1548689975</CreateTime>
<MsgType><![CDATA[event]]></MsgType>
<Event><![CDATA[LOCATION]]></Event>
<Latitude>36.893059</Latitude>
<Longitude>118.752831</Longitude>
<Precision>30.000000</Precision>
</xml>

2019-01-28 23:39:35 params :
------------
String:
array (
  'message' => 
  array (
    'tousername' => 'gh_74fc964c4914',
    'fromusername' => 'oF_mkjhhJPXZyyalp8rrXWHRqM3U',
    'createtime' => '1548689975',
    'msgtype' => 'event',
    'event' => 'LOCATION',
    'latitude' => '36.893059',
    'longitude' => '118.752831',
    'precision' => '30.000000',
    'from' => 'oF_mkjhhJPXZyyalp8rrXWHRqM3U',
    'to' => 'gh_74fc964c4914',
    'time' => '1548689975',
    'type' => 'trace',
    'location_x' => '36.893059',
    'location_y' => '118.752831',
  ),
  'module' => 'default',
  'rule' => '-1',
)

2019-01-28 23:39:35 response :
------------
Array:
errno : -1 ;
message : Invaild value ;

2019-01-28 23:39:42 trace :
------------
String:
<xml><ToUserName><![CDATA[gh_74fc964c4914]]></ToUserName>
<FromUserName><![CDATA[oF_mkjhhJPXZyyalp8rrXWHRqM3U]]></FromUserName>
<CreateTime>1548689982</CreateTime>
<MsgType><![CDATA[event]]></MsgType>
<Event><![CDATA[LOCATION]]></Event>
<Latitude>36.893524</Latitude>
<Longitude>118.753204</Longitude>
<Precision>30.000000</Precision>
</xml>

2019-01-28 23:39:42 params :
------------
String:
array (
  'message' => 
  array (
    'tousername' => 'gh_74fc964c4914',
    'fromusername' => 'oF_mkjhhJPXZyyalp8rrXWHRqM3U',
    'createtime' => '1548689982',
    'msgtype' => 'event',
    'event' => 'LOCATION',
    'latitude' => '36.893524',
    'longitude' => '118.753204',
    'precision' => '30.000000',
    'from' => 'oF_mkjhhJPXZyyalp8rrXWHRqM3U',
    'to' => 'gh_74fc964c4914',
    'time' => '1548689982',
    'type' => 'trace',
    'location_x' => '36.893524',
    'location_y' => '118.753204',
  ),
  'module' => 'default',
  'rule' => '-1',
)

2019-01-28 23:39:42 response :
------------
Array:
errno : -1 ;
message : Invaild value ;

2019-01-28 23:51:15 trace :
------------
String:
<xml><ToUserName><![CDATA[gh_74fc964c4914]]></ToUserName>
<FromUserName><![CDATA[oF_mkjnXrfsTxss8rUtYEZRD911g]]></FromUserName>
<CreateTime>1548690673</CreateTime>
<MsgType><![CDATA[event]]></MsgType>
<Event><![CDATA[SCAN]]></Event>
<EventKey><![CDATA[TZHB15367432804821719--9737]]></EventKey>
<Ticket><![CDATA[gQHq8DwAAAAAAAAAAS5odHRwOi8vd2VpeGluLnFxLmNvbS9xLzAydzhyME5rblZhQWUxMDAwMHcwN2EAAgRw15hbAwQAAAAA]]></Ticket>
</xml>

2019-01-28 23:51:15 params :
------------
String:
array (
  'rule' => -2,
  'module' => '',
  'message' => 
  array (
    'tousername' => 'gh_74fc964c4914',
    'fromusername' => 'oF_mkjnXrfsTxss8rUtYEZRD911g',
    'createtime' => '1548690673',
    'msgtype' => 'event',
    'event' => 'SCAN',
    'eventkey' => 'TZHB15367432804821719--9737',
    'ticket' => 'gQHq8DwAAAAAAAAAAS5odHRwOi8vd2VpeGluLnFxLmNvbS9xLzAydzhyME5rblZhQWUxMDAwMHcwN2EAAgRw15hbAwQAAAAA',
    'from' => 'oF_mkjnXrfsTxss8rUtYEZRD911g',
    'to' => 'gh_74fc964c4914',
    'time' => '1548690673',
    'type' => 'text',
    'scene' => 'TZHB15367432804821719--9737',
    'redirection' => true,
    'source' => 'qr',
  ),
)

2019-01-28 23:51:15 response :
------------

2019-01-28 23:51:15 trace :
------------
String:
<xml><ToUserName><![CDATA[gh_74fc964c4914]]></ToUserName>
<FromUserName><![CDATA[oF_mkjnXrfsTxss8rUtYEZRD911g]]></FromUserName>
<CreateTime>1548690675</CreateTime>
<MsgType><![CDATA[event]]></MsgType>
<Event><![CDATA[LOCATION]]></Event>
<Latitude>30.217957</Latitude>
<Longitude>120.266777</Longitude>
<Precision>30.000000</Precision>
</xml>

2019-01-28 23:51:15 params :
------------
String:
array (
  'message' => 
  array (
    'tousername' => 'gh_74fc964c4914',
    'fromusername' => 'oF_mkjnXrfsTxss8rUtYEZRD911g',
    'createtime' => '1548690675',
    'msgtype' => 'event',
    'event' => 'LOCATION',
    'latitude' => '30.217957',
    'longitude' => '120.266777',
    'precision' => '30.000000',
    'from' => 'oF_mkjnXrfsTxss8rUtYEZRD911g',
    'to' => 'gh_74fc964c4914',
    'time' => '1548690675',
    'type' => 'trace',
    'location_x' => '30.217957',
    'location_y' => '120.266777',
  ),
  'module' => 'default',
  'rule' => '-1',
)

2019-01-28 23:51:15 response :
------------
Array:
errno : -1 ;
message : Invaild value ;

2019-01-28 23:51:22 trace :
------------
String:
<xml><ToUserName><![CDATA[gh_74fc964c4914]]></ToUserName>
<FromUserName><![CDATA[oF_mkjnXrfsTxss8rUtYEZRD911g]]></FromUserName>
<CreateTime>1548690681</CreateTime>
<MsgType><![CDATA[event]]></MsgType>
<Event><![CDATA[LOCATION]]></Event>
<Latitude>30.217957</Latitude>
<Longitude>120.266777</Longitude>
<Precision>30.000000</Precision>
</xml>

2019-01-28 23:51:22 params :
------------
String:
array (
  'message' => 
  array (
    'tousername' => 'gh_74fc964c4914',
    'fromusername' => 'oF_mkjnXrfsTxss8rUtYEZRD911g',
    'createtime' => '1548690681',
    'msgtype' => 'event',
    'event' => 'LOCATION',
    'latitude' => '30.217957',
    'longitude' => '120.266777',
    'precision' => '30.000000',
    'from' => 'oF_mkjnXrfsTxss8rUtYEZRD911g',
    'to' => 'gh_74fc964c4914',
    'time' => '1548690681',
    'type' => 'trace',
    'location_x' => '30.217957',
    'location_y' => '120.266777',
  ),
  'module' => 'default',
  'rule' => '-1',
)

2019-01-28 23:51:22 response :
------------
Array:
errno : -1 ;
message : Invaild value ;

