2019-02-16 00:52:58 trace :
------------
String:
<xml><ToUserName><![CDATA[gh_74fc964c4914]]></ToUserName>
<FromUserName><![CDATA[oF_mkjhdBwXuAEYaLhWZsiYzLSNc]]></FromUserName>
<CreateTime>1550249577</CreateTime>
<MsgType><![CDATA[event]]></MsgType>
<Event><![CDATA[subscribe]]></Event>
<EventKey><![CDATA[]]></EventKey>
</xml>

2019-02-16 00:52:58 params :
------------
String:
array (
  'message' => 
  array (
    'tousername' => 'gh_74fc964c4914',
    'fromusername' => 'oF_mkjhdBwXuAEYaLhWZsiYzLSNc',
    'createtime' => '1550249577',
    'msgtype' => 'event',
    'event' => 'subscribe',
    'eventkey' => '',
    'from' => 'oF_mkjhdBwXuAEYaLhWZsiYzLSNc',
    'to' => 'gh_74fc964c4914',
    'time' => '1550249577',
    'type' => 'text',
    'redirection' => true,
    'source' => 'subscribe',
    'content' => '首次关注',
  ),
  'module' => 'reply',
  'rule' => '9',
  'priority' => '0',
  'keyword' => 
  array (
    'id' => '116',
    'rid' => '9',
    'uniacid' => '2',
    'module' => 'reply',
    'content' => '首次关注',
    'type' => '1',
    'displayorder' => '0',
    'status' => '1',
    'reply_type' => 
    array (
      0 => 'basic',
    ),
  ),
  'reply_type' => 
  array (
    0 => 'basic',
  ),
)

2019-02-16 00:52:58 response :
------------
Array:
FromUserName : gh_74fc964c4914 ;
ToUserName : oF_mkjhdBwXuAEYaLhWZsiYzLSNc ;
MsgType : text ;
Content : 您好，感谢您关注奔瑞汽车用品！360°汽车服务解决方案提供商。业务领域涵盖高端美容、二手翻新及快速钣喷等，欢迎与我们联系。
您也可以回复以下数字，查看相关信息。
【1】品牌介绍
【2】核心项目
【3】合作支持
【4】产品中心
【5】联系方式
您可以留言或拨打客服热线 4006669243 更多资讯，您可以访问奔瑞官网 www.benrui.cn
意见，建议反馈信息请直接回复，谢谢。 ;

2019-02-16 00:53:26 trace :
------------
String:
<xml><ToUserName><![CDATA[gh_74fc964c4914]]></ToUserName>
<FromUserName><![CDATA[oF_mkjhdBwXuAEYaLhWZsiYzLSNc]]></FromUserName>
<CreateTime>1550249606</CreateTime>
<MsgType><![CDATA[event]]></MsgType>
<Event><![CDATA[unsubscribe]]></Event>
<EventKey><![CDATA[]]></EventKey>
</xml>

2019-02-16 10:37:46 trace :
------------
String:
<xml><ToUserName><![CDATA[gh_74fc964c4914]]></ToUserName>
<FromUserName><![CDATA[oF_mkjl4AIgwKHpTaRUrJPfcXEik]]></FromUserName>
<CreateTime>1550284664</CreateTime>
<MsgType><![CDATA[event]]></MsgType>
<Event><![CDATA[subscribe]]></Event>
<EventKey><![CDATA[qrscene_TZHB15367438554877992--10538]]></EventKey>
<Ticket><![CDATA[gQFW8TwAAAAAAAAAAS5odHRwOi8vd2VpeGluLnFxLmNvbS9xLzAyZF95bU5iblZhQWUxMDAwMHcwN2UAAgSv2ZhbAwQAAAAA]]></Ticket>
</xml>

2019-02-16 10:37:47 params :
------------
String:
array (
  'message' => 
  array (
    'tousername' => 'gh_74fc964c4914',
    'fromusername' => 'oF_mkjl4AIgwKHpTaRUrJPfcXEik',
    'createtime' => '1550284664',
    'msgtype' => 'event',
    'event' => 'subscribe',
    'eventkey' => 'qrscene_TZHB15367438554877992--10538',
    'ticket' => 'gQFW8TwAAAAAAAAAAS5odHRwOi8vd2VpeGluLnFxLmNvbS9xLzAyZF95bU5iblZhQWUxMDAwMHcwN2UAAgSv2ZhbAwQAAAAA',
    'from' => 'oF_mkjl4AIgwKHpTaRUrJPfcXEik',
    'to' => 'gh_74fc964c4914',
    'time' => '1550284664',
    'type' => 'text',
    'scene' => 'TZHB15367438554877992--10538',
    'redirection' => true,
    'source' => 'subscribe',
    'content' => '首次关注',
  ),
  'module' => 'reply',
  'rule' => '9',
  'priority' => '0',
  'keyword' => 
  array (
    'id' => '116',
    'rid' => '9',
    'uniacid' => '2',
    'module' => 'reply',
    'content' => '首次关注',
    'type' => '1',
    'displayorder' => '0',
    'status' => '1',
    'reply_type' => 
    array (
      0 => 'basic',
    ),
  ),
  'reply_type' => 
  array (
    0 => 'basic',
  ),
)

2019-02-16 10:37:47 response :
------------
Array:
FromUserName : gh_74fc964c4914 ;
ToUserName : oF_mkjl4AIgwKHpTaRUrJPfcXEik ;
MsgType : text ;
Content : 您好，感谢您关注奔瑞汽车用品！360°汽车服务解决方案提供商。业务领域涵盖高端美容、二手翻新及快速钣喷等，欢迎与我们联系。
您也可以回复以下数字，查看相关信息。
【1】品牌介绍
【2】核心项目
【3】合作支持
【4】产品中心
【5】联系方式
您可以留言或拨打客服热线 4006669243 更多资讯，您可以访问奔瑞官网 www.benrui.cn
意见，建议反馈信息请直接回复，谢谢。 ;

2019-02-16 10:38:16 trace :
------------
String:
<xml><ToUserName><![CDATA[gh_74fc964c4914]]></ToUserName>
<FromUserName><![CDATA[oF_mkjl4AIgwKHpTaRUrJPfcXEik]]></FromUserName>
<CreateTime>1550284696</CreateTime>
<MsgType><![CDATA[event]]></MsgType>
<Event><![CDATA[unsubscribe]]></Event>
<EventKey><![CDATA[]]></EventKey>
</xml>

2019-02-16 17:06:33 trace :
------------
String:
<xml><ToUserName><![CDATA[gh_74fc964c4914]]></ToUserName>
<FromUserName><![CDATA[oF_mkjm_c5rVXQxS_DVN6w4iYls0]]></FromUserName>
<CreateTime>1550307992</CreateTime>
<MsgType><![CDATA[event]]></MsgType>
<Event><![CDATA[LOCATION]]></Event>
<Latitude>34.739498</Latitude>
<Longitude>113.720734</Longitude>
<Precision>30.000000</Precision>
</xml>

2019-02-16 17:06:33 params :
------------
String:
array (
  'message' => 
  array (
    'tousername' => 'gh_74fc964c4914',
    'fromusername' => 'oF_mkjm_c5rVXQxS_DVN6w4iYls0',
    'createtime' => '1550307992',
    'msgtype' => 'event',
    'event' => 'LOCATION',
    'latitude' => '34.739498',
    'longitude' => '113.720734',
    'precision' => '30.000000',
    'from' => 'oF_mkjm_c5rVXQxS_DVN6w4iYls0',
    'to' => 'gh_74fc964c4914',
    'time' => '1550307992',
    'type' => 'trace',
    'location_x' => '34.739498',
    'location_y' => '113.720734',
  ),
  'module' => 'default',
  'rule' => '-1',
)

2019-02-16 17:06:33 response :
------------
Array:
errno : -1 ;
message : Invaild value ;

2019-02-16 18:02:51 trace :
------------
String:
<xml><ToUserName><![CDATA[gh_74fc964c4914]]></ToUserName>
<FromUserName><![CDATA[oF_mkjp9LgibZrdjYMXQju0cZOQI]]></FromUserName>
<CreateTime>1550311370</CreateTime>
<MsgType><![CDATA[event]]></MsgType>
<Event><![CDATA[subscribe]]></Event>
<EventKey><![CDATA[]]></EventKey>
</xml>

2019-02-16 18:02:51 params :
------------
String:
array (
  'message' => 
  array (
    'tousername' => 'gh_74fc964c4914',
    'fromusername' => 'oF_mkjp9LgibZrdjYMXQju0cZOQI',
    'createtime' => '1550311370',
    'msgtype' => 'event',
    'event' => 'subscribe',
    'eventkey' => '',
    'from' => 'oF_mkjp9LgibZrdjYMXQju0cZOQI',
    'to' => 'gh_74fc964c4914',
    'time' => '1550311370',
    'type' => 'text',
    'redirection' => true,
    'source' => 'subscribe',
    'content' => '首次关注',
  ),
  'module' => 'reply',
  'rule' => '9',
  'priority' => '0',
  'keyword' => 
  array (
    'id' => '116',
    'rid' => '9',
    'uniacid' => '2',
    'module' => 'reply',
    'content' => '首次关注',
    'type' => '1',
    'displayorder' => '0',
    'status' => '1',
    'reply_type' => 
    array (
      0 => 'basic',
    ),
  ),
  'reply_type' => 
  array (
    0 => 'basic',
  ),
)

2019-02-16 18:02:51 response :
------------
Array:
FromUserName : gh_74fc964c4914 ;
ToUserName : oF_mkjp9LgibZrdjYMXQju0cZOQI ;
MsgType : text ;
Content : 您好，感谢您关注奔瑞汽车用品！360°汽车服务解决方案提供商。业务领域涵盖高端美容、二手翻新及快速钣喷等，欢迎与我们联系。
您也可以回复以下数字，查看相关信息。
【1】品牌介绍
【2】核心项目
【3】合作支持
【4】产品中心
【5】联系方式
您可以留言或拨打客服热线 4006669243 更多资讯，您可以访问奔瑞官网 www.benrui.cn
意见，建议反馈信息请直接回复，谢谢。 ;

2019-02-16 18:03:04 trace :
------------
String:
<xml><ToUserName><![CDATA[gh_74fc964c4914]]></ToUserName>
<FromUserName><![CDATA[oF_mkjp9LgibZrdjYMXQju0cZOQI]]></FromUserName>
<CreateTime>1550311384</CreateTime>
<MsgType><![CDATA[event]]></MsgType>
<Event><![CDATA[CLICK]]></Event>
<EventKey><![CDATA[最新优惠]]></EventKey>
</xml>

2019-02-16 18:03:04 params :
------------
String:
array (
  'message' => 
  array (
    'tousername' => 'gh_74fc964c4914',
    'fromusername' => 'oF_mkjp9LgibZrdjYMXQju0cZOQI',
    'createtime' => '1550311384',
    'msgtype' => 'event',
    'event' => 'CLICK',
    'eventkey' => '最新优惠',
    'from' => 'oF_mkjp9LgibZrdjYMXQju0cZOQI',
    'to' => 'gh_74fc964c4914',
    'time' => '1550311384',
    'type' => 'text',
    'content' => '最新优惠',
    'redirection' => true,
    'source' => 'click',
  ),
  'module' => 'reply',
  'rule' => '53',
  'priority' => '0',
  'keyword' => 
  array (
    'id' => '115',
    'rid' => '53',
    'uniacid' => '2',
    'module' => 'reply',
    'content' => '最新优惠',
    'type' => '1',
    'displayorder' => '0',
    'status' => '1',
    'reply_type' => 
    array (
      0 => 'basic',
    ),
  ),
  'reply_type' => 
  array (
    0 => 'basic',
  ),
)

2019-02-16 18:03:04 response :
------------
Array:
FromUserName : gh_74fc964c4914 ;
ToUserName : oF_mkjp9LgibZrdjYMXQju0cZOQI ;
MsgType : text ;
Content : 优质服务季，一大波促销活动即将激情开启，敬请期待。 ;

2019-02-16 18:03:22 trace :
------------
String:
<xml><ToUserName><![CDATA[gh_74fc964c4914]]></ToUserName>
<FromUserName><![CDATA[oF_mkjp9LgibZrdjYMXQju0cZOQI]]></FromUserName>
<CreateTime>1550311401</CreateTime>
<MsgType><![CDATA[text]]></MsgType>
<Content><![CDATA[1]]></Content>
<MsgId>22195121527510918</MsgId>
</xml>

2019-02-16 18:03:22 params :
------------
String:
array (
  'message' => 
  array (
    'tousername' => 'gh_74fc964c4914',
    'fromusername' => 'oF_mkjp9LgibZrdjYMXQju0cZOQI',
    'createtime' => '1550311401',
    'msgtype' => 'text',
    'content' => '1',
    'msgid' => '22195121527510918',
    'from' => 'oF_mkjp9LgibZrdjYMXQju0cZOQI',
    'to' => 'gh_74fc964c4914',
    'time' => '1550311401',
    'type' => 'text',
    'event' => NULL,
    'redirection' => false,
    'source' => NULL,
  ),
  'module' => 'reply',
  'rule' => '21',
  'priority' => '0',
  'keyword' => 
  array (
    'id' => '27',
    'rid' => '21',
    'uniacid' => '2',
    'module' => 'reply',
    'content' => '1',
    'type' => '1',
    'displayorder' => '0',
    'status' => '1',
    'reply_type' => 
    array (
      0 => 'news',
    ),
  ),
  'reply_type' => 
  array (
    0 => 'news',
  ),
)

2019-02-16 18:03:22 response :
------------
Array:
FromUserName : gh_74fc964c4914 ;
ToUserName : oF_mkjp9LgibZrdjYMXQju0cZOQI ;
MsgType : news ;
ArticleCount : 1 ;
Articles : Array ;

2019-02-16 20:31:37 trace :
------------
String:
<xml><ToUserName><![CDATA[gh_74fc964c4914]]></ToUserName>
<FromUserName><![CDATA[oF_mkjnaHCXBvRXS1hW35dIX7uzI]]></FromUserName>
<CreateTime>1550320297</CreateTime>
<MsgType><![CDATA[event]]></MsgType>
<Event><![CDATA[LOCATION]]></Event>
<Latitude>32.425503</Latitude>
<Longitude>120.614815</Longitude>
<Precision>30.000000</Precision>
</xml>

2019-02-16 20:31:37 params :
------------
String:
array (
  'message' => 
  array (
    'tousername' => 'gh_74fc964c4914',
    'fromusername' => 'oF_mkjnaHCXBvRXS1hW35dIX7uzI',
    'createtime' => '1550320297',
    'msgtype' => 'event',
    'event' => 'LOCATION',
    'latitude' => '32.425503',
    'longitude' => '120.614815',
    'precision' => '30.000000',
    'from' => 'oF_mkjnaHCXBvRXS1hW35dIX7uzI',
    'to' => 'gh_74fc964c4914',
    'time' => '1550320297',
    'type' => 'trace',
    'location_x' => '32.425503',
    'location_y' => '120.614815',
  ),
  'module' => 'default',
  'rule' => '-1',
)

2019-02-16 20:31:37 response :
------------
Array:
errno : -1 ;
message : Invaild value ;

2019-02-16 20:32:06 trace :
------------
String:
<xml><ToUserName><![CDATA[gh_74fc964c4914]]></ToUserName>
<FromUserName><![CDATA[oF_mkjnaHCXBvRXS1hW35dIX7uzI]]></FromUserName>
<CreateTime>1550320326</CreateTime>
<MsgType><![CDATA[event]]></MsgType>
<Event><![CDATA[LOCATION]]></Event>
<Latitude>32.425503</Latitude>
<Longitude>120.614815</Longitude>
<Precision>30.000000</Precision>
</xml>

2019-02-16 20:32:06 params :
------------
String:
array (
  'message' => 
  array (
    'tousername' => 'gh_74fc964c4914',
    'fromusername' => 'oF_mkjnaHCXBvRXS1hW35dIX7uzI',
    'createtime' => '1550320326',
    'msgtype' => 'event',
    'event' => 'LOCATION',
    'latitude' => '32.425503',
    'longitude' => '120.614815',
    'precision' => '30.000000',
    'from' => 'oF_mkjnaHCXBvRXS1hW35dIX7uzI',
    'to' => 'gh_74fc964c4914',
    'time' => '1550320326',
    'type' => 'trace',
    'location_x' => '32.425503',
    'location_y' => '120.614815',
  ),
  'module' => 'default',
  'rule' => '-1',
)

2019-02-16 20:32:06 response :
------------
Array:
errno : -1 ;
message : Invaild value ;

2019-02-16 20:32:08 trace :
------------
String:
<xml><ToUserName><![CDATA[gh_74fc964c4914]]></ToUserName>
<FromUserName><![CDATA[oF_mkjnaHCXBvRXS1hW35dIX7uzI]]></FromUserName>
<CreateTime>1550320328</CreateTime>
<MsgType><![CDATA[event]]></MsgType>
<Event><![CDATA[CLICK]]></Event>
<EventKey><![CDATA[最新优惠]]></EventKey>
</xml>

2019-02-16 20:32:08 params :
------------
String:
array (
  'message' => 
  array (
    'tousername' => 'gh_74fc964c4914',
    'fromusername' => 'oF_mkjnaHCXBvRXS1hW35dIX7uzI',
    'createtime' => '1550320328',
    'msgtype' => 'event',
    'event' => 'CLICK',
    'eventkey' => '最新优惠',
    'from' => 'oF_mkjnaHCXBvRXS1hW35dIX7uzI',
    'to' => 'gh_74fc964c4914',
    'time' => '1550320328',
    'type' => 'text',
    'content' => '最新优惠',
    'redirection' => true,
    'source' => 'click',
  ),
  'module' => 'reply',
  'rule' => '53',
  'priority' => '0',
  'keyword' => 
  array (
    'id' => '115',
    'rid' => '53',
    'uniacid' => '2',
    'module' => 'reply',
    'content' => '最新优惠',
    'type' => '1',
    'displayorder' => '0',
    'status' => '1',
    'reply_type' => 
    array (
      0 => 'basic',
    ),
  ),
  'reply_type' => 
  array (
    0 => 'basic',
  ),
)

2019-02-16 20:32:08 response :
------------
Array:
FromUserName : gh_74fc964c4914 ;
ToUserName : oF_mkjnaHCXBvRXS1hW35dIX7uzI ;
MsgType : text ;
Content : 优质服务季，一大波促销活动即将激情开启，敬请期待。 ;

2019-02-16 20:32:20 trace :
------------
String:
<xml><ToUserName><![CDATA[gh_74fc964c4914]]></ToUserName>
<FromUserName><![CDATA[oF_mkjnaHCXBvRXS1hW35dIX7uzI]]></FromUserName>
<CreateTime>1550320339</CreateTime>
<MsgType><![CDATA[event]]></MsgType>
<Event><![CDATA[VIEW]]></Event>
<EventKey><![CDATA[http://mp.weixin.qq.com/s?__biz=MjM5MzE3NjM0Mw==&mid=2651052631&idx=1&sn=f6c637ac6355950fb6a6be3d98a3cc23&chksm=bd6c742f8a1bfd39d1d675b59be3bddfb6f31ba6f7077f16cd628b6444ecb07d173e07cf2793&scene=18#wechat_redirect]]></EventKey>
<MenuId>503048253</MenuId>
</xml>

2019-02-16 20:32:20 params :
------------
String:
array (
  'message' => 
  array (
    'tousername' => 'gh_74fc964c4914',
    'fromusername' => 'oF_mkjnaHCXBvRXS1hW35dIX7uzI',
    'createtime' => '1550320339',
    'msgtype' => 'event',
    'event' => 'VIEW',
    'eventkey' => 'http://mp.weixin.qq.com/s?__biz=MjM5MzE3NjM0Mw==&mid=2651052631&idx=1&sn=f6c637ac6355950fb6a6be3d98a3cc23&chksm=bd6c742f8a1bfd39d1d675b59be3bddfb6f31ba6f7077f16cd628b6444ecb07d173e07cf2793&scene=18#wechat_redirect',
    'menuid' => '503048253',
    'from' => 'oF_mkjnaHCXBvRXS1hW35dIX7uzI',
    'to' => 'gh_74fc964c4914',
    'time' => '1550320339',
    'type' => 'text',
    'content' => 'http://mp.weixin.qq.com/s?__biz=MjM5MzE3NjM0Mw==&mid=2651052631&idx=1&sn=f6c637ac6355950fb6a6be3d98a3cc23&chksm=bd6c742f8a1bfd39d1d675b59be3bddfb6f31ba6f7077f16cd628b6444ecb07d173e07cf2793&scene=18#wechat_redirect',
    'redirection' => true,
    'source' => 'VIEW',
  ),
  'module' => 'reply',
  'rule' => '25',
  'priority' => '0',
  'keyword' => 
  array (
    'id' => '32',
    'rid' => '25',
    'uniacid' => '2',
    'module' => 'reply',
    'content' => 'f1',
    'type' => '2',
    'displayorder' => '0',
    'status' => '1',
    'reply_type' => 
    array (
      0 => 'news',
    ),
  ),
  'reply_type' => 
  array (
    0 => 'news',
  ),
)

2019-02-16 20:32:20 response :
------------
Array:
FromUserName : gh_74fc964c4914 ;
ToUserName : oF_mkjnaHCXBvRXS1hW35dIX7uzI ;
MsgType : news ;
ArticleCount : 1 ;
Articles : Array ;

2019-02-16 20:33:31 trace :
------------
String:
<xml><ToUserName><![CDATA[gh_74fc964c4914]]></ToUserName>
<FromUserName><![CDATA[oF_mkjnaHCXBvRXS1hW35dIX7uzI]]></FromUserName>
<CreateTime>1550320411</CreateTime>
<MsgType><![CDATA[event]]></MsgType>
<Event><![CDATA[LOCATION]]></Event>
<Latitude>32.426529</Latitude>
<Longitude>120.617706</Longitude>
<Precision>30.000000</Precision>
</xml>

2019-02-16 20:33:31 params :
------------
String:
array (
  'message' => 
  array (
    'tousername' => 'gh_74fc964c4914',
    'fromusername' => 'oF_mkjnaHCXBvRXS1hW35dIX7uzI',
    'createtime' => '1550320411',
    'msgtype' => 'event',
    'event' => 'LOCATION',
    'latitude' => '32.426529',
    'longitude' => '120.617706',
    'precision' => '30.000000',
    'from' => 'oF_mkjnaHCXBvRXS1hW35dIX7uzI',
    'to' => 'gh_74fc964c4914',
    'time' => '1550320411',
    'type' => 'trace',
    'location_x' => '32.426529',
    'location_y' => '120.617706',
  ),
  'module' => 'default',
  'rule' => '-1',
)

2019-02-16 20:33:31 response :
------------
Array:
errno : -1 ;
message : Invaild value ;

