2019-03-11 09:37:21 trace :
------------
String:
<xml><ToUserName><![CDATA[gh_74fc964c4914]]></ToUserName>
<FromUserName><![CDATA[oF_mkjglOsRCOW9LAmWURaHHg92w]]></FromUserName>
<CreateTime>1552268241</CreateTime>
<MsgType><![CDATA[event]]></MsgType>
<Event><![CDATA[SCAN]]></Event>
<EventKey><![CDATA[TZHB15367436256075659--10071]]></EventKey>
<Ticket><![CDATA[gQGf8TwAAAAAAAAAAS5odHRwOi8vd2VpeGluLnFxLmNvbS9xLzAyaVRMZE1LblZhQWUxMDAwMHcwN1cAAgTJ2JhbAwQAAAAA]]></Ticket>
</xml>

2019-03-11 09:37:21 params :
------------
String:
array (
  'rule' => -2,
  'module' => '',
  'message' => 
  array (
    'tousername' => 'gh_74fc964c4914',
    'fromusername' => 'oF_mkjglOsRCOW9LAmWURaHHg92w',
    'createtime' => '1552268241',
    'msgtype' => 'event',
    'event' => 'SCAN',
    'eventkey' => 'TZHB15367436256075659--10071',
    'ticket' => 'gQGf8TwAAAAAAAAAAS5odHRwOi8vd2VpeGluLnFxLmNvbS9xLzAyaVRMZE1LblZhQWUxMDAwMHcwN1cAAgTJ2JhbAwQAAAAA',
    'from' => 'oF_mkjglOsRCOW9LAmWURaHHg92w',
    'to' => 'gh_74fc964c4914',
    'time' => '1552268241',
    'type' => 'text',
    'scene' => 'TZHB15367436256075659--10071',
    'redirection' => true,
    'source' => 'qr',
  ),
)

2019-03-11 09:37:21 response :
------------

2019-03-11 09:37:42 trace :
------------
String:
<xml><ToUserName><![CDATA[gh_74fc964c4914]]></ToUserName>
<FromUserName><![CDATA[oF_mkjglOsRCOW9LAmWURaHHg92w]]></FromUserName>
<CreateTime>1552268263</CreateTime>
<MsgType><![CDATA[event]]></MsgType>
<Event><![CDATA[SCAN]]></Event>
<EventKey><![CDATA[TZHB15367436256075659--10071]]></EventKey>
<Ticket><![CDATA[gQGf8TwAAAAAAAAAAS5odHRwOi8vd2VpeGluLnFxLmNvbS9xLzAyaVRMZE1LblZhQWUxMDAwMHcwN1cAAgTJ2JhbAwQAAAAA]]></Ticket>
</xml>

2019-03-11 09:37:42 params :
------------
String:
array (
  'rule' => -2,
  'module' => '',
  'message' => 
  array (
    'tousername' => 'gh_74fc964c4914',
    'fromusername' => 'oF_mkjglOsRCOW9LAmWURaHHg92w',
    'createtime' => '1552268263',
    'msgtype' => 'event',
    'event' => 'SCAN',
    'eventkey' => 'TZHB15367436256075659--10071',
    'ticket' => 'gQGf8TwAAAAAAAAAAS5odHRwOi8vd2VpeGluLnFxLmNvbS9xLzAyaVRMZE1LblZhQWUxMDAwMHcwN1cAAgTJ2JhbAwQAAAAA',
    'from' => 'oF_mkjglOsRCOW9LAmWURaHHg92w',
    'to' => 'gh_74fc964c4914',
    'time' => '1552268263',
    'type' => 'text',
    'scene' => 'TZHB15367436256075659--10071',
    'redirection' => true,
    'source' => 'qr',
  ),
)

2019-03-11 09:37:42 response :
------------

2019-03-11 09:37:57 trace :
------------
String:
<xml><ToUserName><![CDATA[gh_74fc964c4914]]></ToUserName>
<FromUserName><![CDATA[oF_mkjglOsRCOW9LAmWURaHHg92w]]></FromUserName>
<CreateTime>1552268278</CreateTime>
<MsgType><![CDATA[event]]></MsgType>
<Event><![CDATA[SCAN]]></Event>
<EventKey><![CDATA[TZHB15367436256075659--10071]]></EventKey>
<Ticket><![CDATA[gQGf8TwAAAAAAAAAAS5odHRwOi8vd2VpeGluLnFxLmNvbS9xLzAyaVRMZE1LblZhQWUxMDAwMHcwN1cAAgTJ2JhbAwQAAAAA]]></Ticket>
</xml>

2019-03-11 09:37:57 params :
------------
String:
array (
  'rule' => -2,
  'module' => '',
  'message' => 
  array (
    'tousername' => 'gh_74fc964c4914',
    'fromusername' => 'oF_mkjglOsRCOW9LAmWURaHHg92w',
    'createtime' => '1552268278',
    'msgtype' => 'event',
    'event' => 'SCAN',
    'eventkey' => 'TZHB15367436256075659--10071',
    'ticket' => 'gQGf8TwAAAAAAAAAAS5odHRwOi8vd2VpeGluLnFxLmNvbS9xLzAyaVRMZE1LblZhQWUxMDAwMHcwN1cAAgTJ2JhbAwQAAAAA',
    'from' => 'oF_mkjglOsRCOW9LAmWURaHHg92w',
    'to' => 'gh_74fc964c4914',
    'time' => '1552268278',
    'type' => 'text',
    'scene' => 'TZHB15367436256075659--10071',
    'redirection' => true,
    'source' => 'qr',
  ),
)

2019-03-11 09:37:57 response :
------------

2019-03-11 09:38:24 trace :
------------
String:
<xml><ToUserName><![CDATA[gh_74fc964c4914]]></ToUserName>
<FromUserName><![CDATA[oF_mkjglOsRCOW9LAmWURaHHg92w]]></FromUserName>
<CreateTime>1552268305</CreateTime>
<MsgType><![CDATA[event]]></MsgType>
<Event><![CDATA[SCAN]]></Event>
<EventKey><![CDATA[TZHB15367436256075659--10071]]></EventKey>
<Ticket><![CDATA[gQGf8TwAAAAAAAAAAS5odHRwOi8vd2VpeGluLnFxLmNvbS9xLzAyaVRMZE1LblZhQWUxMDAwMHcwN1cAAgTJ2JhbAwQAAAAA]]></Ticket>
</xml>

2019-03-11 09:38:24 params :
------------
String:
array (
  'rule' => -2,
  'module' => '',
  'message' => 
  array (
    'tousername' => 'gh_74fc964c4914',
    'fromusername' => 'oF_mkjglOsRCOW9LAmWURaHHg92w',
    'createtime' => '1552268305',
    'msgtype' => 'event',
    'event' => 'SCAN',
    'eventkey' => 'TZHB15367436256075659--10071',
    'ticket' => 'gQGf8TwAAAAAAAAAAS5odHRwOi8vd2VpeGluLnFxLmNvbS9xLzAyaVRMZE1LblZhQWUxMDAwMHcwN1cAAgTJ2JhbAwQAAAAA',
    'from' => 'oF_mkjglOsRCOW9LAmWURaHHg92w',
    'to' => 'gh_74fc964c4914',
    'time' => '1552268305',
    'type' => 'text',
    'scene' => 'TZHB15367436256075659--10071',
    'redirection' => true,
    'source' => 'qr',
  ),
)

2019-03-11 09:38:24 response :
------------

2019-03-11 09:39:06 trace :
------------
String:
<xml><ToUserName><![CDATA[gh_74fc964c4914]]></ToUserName>
<FromUserName><![CDATA[oF_mkju16pjbbGu3jJcnWUmIYoVE]]></FromUserName>
<CreateTime>1552268347</CreateTime>
<MsgType><![CDATA[event]]></MsgType>
<Event><![CDATA[SCAN]]></Event>
<EventKey><![CDATA[TZHB15367436256075659--10071]]></EventKey>
<Ticket><![CDATA[gQGf8TwAAAAAAAAAAS5odHRwOi8vd2VpeGluLnFxLmNvbS9xLzAyaVRMZE1LblZhQWUxMDAwMHcwN1cAAgTJ2JhbAwQAAAAA]]></Ticket>
</xml>

2019-03-11 09:39:06 params :
------------
String:
array (
  'rule' => -2,
  'module' => '',
  'message' => 
  array (
    'tousername' => 'gh_74fc964c4914',
    'fromusername' => 'oF_mkju16pjbbGu3jJcnWUmIYoVE',
    'createtime' => '1552268347',
    'msgtype' => 'event',
    'event' => 'SCAN',
    'eventkey' => 'TZHB15367436256075659--10071',
    'ticket' => 'gQGf8TwAAAAAAAAAAS5odHRwOi8vd2VpeGluLnFxLmNvbS9xLzAyaVRMZE1LblZhQWUxMDAwMHcwN1cAAgTJ2JhbAwQAAAAA',
    'from' => 'oF_mkju16pjbbGu3jJcnWUmIYoVE',
    'to' => 'gh_74fc964c4914',
    'time' => '1552268347',
    'type' => 'text',
    'scene' => 'TZHB15367436256075659--10071',
    'redirection' => true,
    'source' => 'qr',
  ),
)

2019-03-11 09:39:06 response :
------------

2019-03-11 09:39:38 trace :
------------
String:
<xml><ToUserName><![CDATA[gh_74fc964c4914]]></ToUserName>
<FromUserName><![CDATA[oF_mkju16pjbbGu3jJcnWUmIYoVE]]></FromUserName>
<CreateTime>1552268379</CreateTime>
<MsgType><![CDATA[event]]></MsgType>
<Event><![CDATA[SCAN]]></Event>
<EventKey><![CDATA[TZHB15367436256075659--10071]]></EventKey>
<Ticket><![CDATA[gQGf8TwAAAAAAAAAAS5odHRwOi8vd2VpeGluLnFxLmNvbS9xLzAyaVRMZE1LblZhQWUxMDAwMHcwN1cAAgTJ2JhbAwQAAAAA]]></Ticket>
</xml>

2019-03-11 09:39:38 params :
------------
String:
array (
  'rule' => -2,
  'module' => '',
  'message' => 
  array (
    'tousername' => 'gh_74fc964c4914',
    'fromusername' => 'oF_mkju16pjbbGu3jJcnWUmIYoVE',
    'createtime' => '1552268379',
    'msgtype' => 'event',
    'event' => 'SCAN',
    'eventkey' => 'TZHB15367436256075659--10071',
    'ticket' => 'gQGf8TwAAAAAAAAAAS5odHRwOi8vd2VpeGluLnFxLmNvbS9xLzAyaVRMZE1LblZhQWUxMDAwMHcwN1cAAgTJ2JhbAwQAAAAA',
    'from' => 'oF_mkju16pjbbGu3jJcnWUmIYoVE',
    'to' => 'gh_74fc964c4914',
    'time' => '1552268379',
    'type' => 'text',
    'scene' => 'TZHB15367436256075659--10071',
    'redirection' => true,
    'source' => 'qr',
  ),
)

2019-03-11 09:39:38 response :
------------

2019-03-11 09:39:54 trace :
------------
String:
<xml><ToUserName><![CDATA[gh_74fc964c4914]]></ToUserName>
<FromUserName><![CDATA[oF_mkju16pjbbGu3jJcnWUmIYoVE]]></FromUserName>
<CreateTime>1552268395</CreateTime>
<MsgType><![CDATA[event]]></MsgType>
<Event><![CDATA[SCAN]]></Event>
<EventKey><![CDATA[TZHB15367436256075659--10071]]></EventKey>
<Ticket><![CDATA[gQGf8TwAAAAAAAAAAS5odHRwOi8vd2VpeGluLnFxLmNvbS9xLzAyaVRMZE1LblZhQWUxMDAwMHcwN1cAAgTJ2JhbAwQAAAAA]]></Ticket>
</xml>

2019-03-11 09:39:54 params :
------------
String:
array (
  'rule' => -2,
  'module' => '',
  'message' => 
  array (
    'tousername' => 'gh_74fc964c4914',
    'fromusername' => 'oF_mkju16pjbbGu3jJcnWUmIYoVE',
    'createtime' => '1552268395',
    'msgtype' => 'event',
    'event' => 'SCAN',
    'eventkey' => 'TZHB15367436256075659--10071',
    'ticket' => 'gQGf8TwAAAAAAAAAAS5odHRwOi8vd2VpeGluLnFxLmNvbS9xLzAyaVRMZE1LblZhQWUxMDAwMHcwN1cAAgTJ2JhbAwQAAAAA',
    'from' => 'oF_mkju16pjbbGu3jJcnWUmIYoVE',
    'to' => 'gh_74fc964c4914',
    'time' => '1552268395',
    'type' => 'text',
    'scene' => 'TZHB15367436256075659--10071',
    'redirection' => true,
    'source' => 'qr',
  ),
)

2019-03-11 09:39:54 response :
------------

2019-03-11 09:40:31 trace :
------------
String:
<xml><ToUserName><![CDATA[gh_74fc964c4914]]></ToUserName>
<FromUserName><![CDATA[oF_mkju16pjbbGu3jJcnWUmIYoVE]]></FromUserName>
<CreateTime>1552268432</CreateTime>
<MsgType><![CDATA[event]]></MsgType>
<Event><![CDATA[CLICK]]></Event>
<EventKey><![CDATA[最新优惠]]></EventKey>
</xml>

2019-03-11 09:40:31 params :
------------
String:
array (
  'message' => 
  array (
    'tousername' => 'gh_74fc964c4914',
    'fromusername' => 'oF_mkju16pjbbGu3jJcnWUmIYoVE',
    'createtime' => '1552268432',
    'msgtype' => 'event',
    'event' => 'CLICK',
    'eventkey' => '最新优惠',
    'from' => 'oF_mkju16pjbbGu3jJcnWUmIYoVE',
    'to' => 'gh_74fc964c4914',
    'time' => '1552268432',
    'type' => 'text',
    'content' => '最新优惠',
    'redirection' => true,
    'source' => 'click',
  ),
  'module' => 'reply',
  'rule' => '53',
  'priority' => '0',
  'keyword' => 
  array (
    'id' => '115',
    'rid' => '53',
    'uniacid' => '2',
    'module' => 'reply',
    'content' => '最新优惠',
    'type' => '1',
    'displayorder' => '0',
    'status' => '1',
    'reply_type' => 
    array (
      0 => 'basic',
    ),
  ),
  'reply_type' => 
  array (
    0 => 'basic',
  ),
)

2019-03-11 09:40:31 response :
------------
Array:
FromUserName : gh_74fc964c4914 ;
ToUserName : oF_mkju16pjbbGu3jJcnWUmIYoVE ;
MsgType : text ;
Content : 优质服务季，一大波促销活动即将激情开启，敬请期待。 ;

2019-03-11 09:40:36 trace :
------------
String:
<xml><ToUserName><![CDATA[gh_74fc964c4914]]></ToUserName>
<FromUserName><![CDATA[oF_mkju16pjbbGu3jJcnWUmIYoVE]]></FromUserName>
<CreateTime>1552268437</CreateTime>
<MsgType><![CDATA[event]]></MsgType>
<Event><![CDATA[VIEW]]></Event>
<EventKey><![CDATA[http://mp.weixin.qq.com/s?__biz=MjM5MzE3NjM0Mw==&mid=503568901&idx=1&sn=68e38de4e280a77f6a9d4729e7b63342&chksm=3d6c747d0a1bfd6b9891ec8de146b4e8934a8e3f178d5f12a5de9984b0c8826680160a8d6af5&scene=18#wechat_redirect]]></EventKey>
<MenuId>503048253</MenuId>
</xml>

2019-03-11 09:40:36 params :
------------
String:
array (
  'message' => 
  array (
    'tousername' => 'gh_74fc964c4914',
    'fromusername' => 'oF_mkju16pjbbGu3jJcnWUmIYoVE',
    'createtime' => '1552268437',
    'msgtype' => 'event',
    'event' => 'VIEW',
    'eventkey' => 'http://mp.weixin.qq.com/s?__biz=MjM5MzE3NjM0Mw==&mid=503568901&idx=1&sn=68e38de4e280a77f6a9d4729e7b63342&chksm=3d6c747d0a1bfd6b9891ec8de146b4e8934a8e3f178d5f12a5de9984b0c8826680160a8d6af5&scene=18#wechat_redirect',
    'menuid' => '503048253',
    'from' => 'oF_mkju16pjbbGu3jJcnWUmIYoVE',
    'to' => 'gh_74fc964c4914',
    'time' => '1552268437',
    'type' => 'text',
    'content' => 'http://mp.weixin.qq.com/s?__biz=MjM5MzE3NjM0Mw==&mid=503568901&idx=1&sn=68e38de4e280a77f6a9d4729e7b63342&chksm=3d6c747d0a1bfd6b9891ec8de146b4e8934a8e3f178d5f12a5de9984b0c8826680160a8d6af5&scene=18#wechat_redirect',
    'redirection' => true,
    'source' => 'VIEW',
  ),
  'module' => 'reply',
  'rule' => '25',
  'priority' => '0',
  'keyword' => 
  array (
    'id' => '32',
    'rid' => '25',
    'uniacid' => '2',
    'module' => 'reply',
    'content' => 'f1',
    'type' => '2',
    'displayorder' => '0',
    'status' => '1',
    'reply_type' => 
    array (
      0 => 'news',
    ),
  ),
  'reply_type' => 
  array (
    0 => 'news',
  ),
)

2019-03-11 09:40:36 response :
------------
Array:
FromUserName : gh_74fc964c4914 ;
ToUserName : oF_mkju16pjbbGu3jJcnWUmIYoVE ;
MsgType : news ;
ArticleCount : 1 ;
Articles : Array ;

2019-03-11 11:02:24 trace :
------------
String:
<xml><ToUserName><![CDATA[gh_74fc964c4914]]></ToUserName>
<FromUserName><![CDATA[oF_mkjv0JKknJVNz-ifX8fpqmF9s]]></FromUserName>
<CreateTime>1552273344</CreateTime>
<MsgType><![CDATA[event]]></MsgType>
<Event><![CDATA[SCAN]]></Event>
<EventKey><![CDATA[TZHB15286865950624785--3146]]></EventKey>
<Ticket><![CDATA[gQG_8DwAAAAAAAAAAS5odHRwOi8vd2VpeGluLnFxLmNvbS9xLzAybGlPY01SblZhQWUxMDAwMHcwN0gAAgQD6B1bAwQAAAAA]]></Ticket>
</xml>

2019-03-11 11:02:24 params :
------------
String:
array (
  'rule' => -2,
  'module' => '',
  'message' => 
  array (
    'tousername' => 'gh_74fc964c4914',
    'fromusername' => 'oF_mkjv0JKknJVNz-ifX8fpqmF9s',
    'createtime' => '1552273344',
    'msgtype' => 'event',
    'event' => 'SCAN',
    'eventkey' => 'TZHB15286865950624785--3146',
    'ticket' => 'gQG_8DwAAAAAAAAAAS5odHRwOi8vd2VpeGluLnFxLmNvbS9xLzAybGlPY01SblZhQWUxMDAwMHcwN0gAAgQD6B1bAwQAAAAA',
    'from' => 'oF_mkjv0JKknJVNz-ifX8fpqmF9s',
    'to' => 'gh_74fc964c4914',
    'time' => '1552273344',
    'type' => 'text',
    'scene' => 'TZHB15286865950624785--3146',
    'redirection' => true,
    'source' => 'qr',
  ),
)

2019-03-11 11:02:24 response :
------------

2019-03-11 11:49:46 trace :
------------
String:
<xml><ToUserName><![CDATA[gh_74fc964c4914]]></ToUserName>
<FromUserName><![CDATA[oF_mkjuwcc2-7_wCBNF-LPa7p6gU]]></FromUserName>
<CreateTime>1552276187</CreateTime>
<MsgType><![CDATA[event]]></MsgType>
<Event><![CDATA[LOCATION]]></Event>
<Latitude>30.722572</Latitude>
<Longitude>103.919090</Longitude>
<Precision>30.000000</Precision>
</xml>

2019-03-11 11:49:46 params :
------------
String:
array (
  'message' => 
  array (
    'tousername' => 'gh_74fc964c4914',
    'fromusername' => 'oF_mkjuwcc2-7_wCBNF-LPa7p6gU',
    'createtime' => '1552276187',
    'msgtype' => 'event',
    'event' => 'LOCATION',
    'latitude' => '30.722572',
    'longitude' => '103.919090',
    'precision' => '30.000000',
    'from' => 'oF_mkjuwcc2-7_wCBNF-LPa7p6gU',
    'to' => 'gh_74fc964c4914',
    'time' => '1552276187',
    'type' => 'trace',
    'location_x' => '30.722572',
    'location_y' => '103.919090',
  ),
  'module' => 'default',
  'rule' => '-1',
)

2019-03-11 11:49:46 response :
------------
Array:
errno : -1 ;
message : Invaild value ;

2019-03-11 12:16:17 trace :
------------
String:
<xml><ToUserName><![CDATA[gh_74fc964c4914]]></ToUserName>
<FromUserName><![CDATA[oF_mkjshseJFJZRFKq1jR93uqHHw]]></FromUserName>
<CreateTime>1552277778</CreateTime>
<MsgType><![CDATA[event]]></MsgType>
<Event><![CDATA[SCAN]]></Event>
<EventKey><![CDATA[TZHB15304976384666234--6124]]></EventKey>
<Ticket><![CDATA[gQHK8DwAAAAAAAAAAS5odHRwOi8vd2VpeGluLnFxLmNvbS9xLzAyVGVzdE1JblZhQWUxMDAwME0wNzUAAgRmijlbAwQAAAAA]]></Ticket>
</xml>

2019-03-11 12:16:17 params :
------------
String:
array (
  'rule' => -2,
  'module' => '',
  'message' => 
  array (
    'tousername' => 'gh_74fc964c4914',
    'fromusername' => 'oF_mkjshseJFJZRFKq1jR93uqHHw',
    'createtime' => '1552277778',
    'msgtype' => 'event',
    'event' => 'SCAN',
    'eventkey' => 'TZHB15304976384666234--6124',
    'ticket' => 'gQHK8DwAAAAAAAAAAS5odHRwOi8vd2VpeGluLnFxLmNvbS9xLzAyVGVzdE1JblZhQWUxMDAwME0wNzUAAgRmijlbAwQAAAAA',
    'from' => 'oF_mkjshseJFJZRFKq1jR93uqHHw',
    'to' => 'gh_74fc964c4914',
    'time' => '1552277778',
    'type' => 'text',
    'scene' => 'TZHB15304976384666234--6124',
    'redirection' => true,
    'source' => 'qr',
  ),
)

2019-03-11 12:16:17 response :
------------

2019-03-11 12:50:47 trace :
------------
String:
<xml><ToUserName><![CDATA[gh_74fc964c4914]]></ToUserName>
<FromUserName><![CDATA[oF_mkjglOsRCOW9LAmWURaHHg92w]]></FromUserName>
<CreateTime>1552279848</CreateTime>
<MsgType><![CDATA[event]]></MsgType>
<Event><![CDATA[SCAN]]></Event>
<EventKey><![CDATA[TZHB15367436256075659--10071]]></EventKey>
<Ticket><![CDATA[gQGf8TwAAAAAAAAAAS5odHRwOi8vd2VpeGluLnFxLmNvbS9xLzAyaVRMZE1LblZhQWUxMDAwMHcwN1cAAgTJ2JhbAwQAAAAA]]></Ticket>
</xml>

2019-03-11 12:50:47 params :
------------
String:
array (
  'rule' => -2,
  'module' => '',
  'message' => 
  array (
    'tousername' => 'gh_74fc964c4914',
    'fromusername' => 'oF_mkjglOsRCOW9LAmWURaHHg92w',
    'createtime' => '1552279848',
    'msgtype' => 'event',
    'event' => 'SCAN',
    'eventkey' => 'TZHB15367436256075659--10071',
    'ticket' => 'gQGf8TwAAAAAAAAAAS5odHRwOi8vd2VpeGluLnFxLmNvbS9xLzAyaVRMZE1LblZhQWUxMDAwMHcwN1cAAgTJ2JhbAwQAAAAA',
    'from' => 'oF_mkjglOsRCOW9LAmWURaHHg92w',
    'to' => 'gh_74fc964c4914',
    'time' => '1552279848',
    'type' => 'text',
    'scene' => 'TZHB15367436256075659--10071',
    'redirection' => true,
    'source' => 'qr',
  ),
)

2019-03-11 12:50:47 response :
------------

2019-03-11 12:52:50 trace :
------------
String:
<xml><ToUserName><![CDATA[gh_74fc964c4914]]></ToUserName>
<FromUserName><![CDATA[oF_mkjql0Ko9pCClpVP0yhwtbO9o]]></FromUserName>
<CreateTime>1552279970</CreateTime>
<MsgType><![CDATA[event]]></MsgType>
<Event><![CDATA[SCAN]]></Event>
<EventKey><![CDATA[TZHB15367436125232969--10013]]></EventKey>
<Ticket><![CDATA[gQGI8TwAAAAAAAAAAS5odHRwOi8vd2VpeGluLnFxLmNvbS9xLzAyVW5ub01kblZhQWUxMDAwME0wN1kAAgS82JhbAwQAAAAA]]></Ticket>
</xml>

2019-03-11 12:52:50 params :
------------
String:
array (
  'rule' => -2,
  'module' => '',
  'message' => 
  array (
    'tousername' => 'gh_74fc964c4914',
    'fromusername' => 'oF_mkjql0Ko9pCClpVP0yhwtbO9o',
    'createtime' => '1552279970',
    'msgtype' => 'event',
    'event' => 'SCAN',
    'eventkey' => 'TZHB15367436125232969--10013',
    'ticket' => 'gQGI8TwAAAAAAAAAAS5odHRwOi8vd2VpeGluLnFxLmNvbS9xLzAyVW5ub01kblZhQWUxMDAwME0wN1kAAgS82JhbAwQAAAAA',
    'from' => 'oF_mkjql0Ko9pCClpVP0yhwtbO9o',
    'to' => 'gh_74fc964c4914',
    'time' => '1552279970',
    'type' => 'text',
    'scene' => 'TZHB15367436125232969--10013',
    'redirection' => true,
    'source' => 'qr',
  ),
)

2019-03-11 12:52:50 response :
------------

2019-03-11 12:54:19 trace :
------------
String:
<xml><ToUserName><![CDATA[gh_74fc964c4914]]></ToUserName>
<FromUserName><![CDATA[oF_mkjglOsRCOW9LAmWURaHHg92w]]></FromUserName>
<CreateTime>1552280060</CreateTime>
<MsgType><![CDATA[event]]></MsgType>
<Event><![CDATA[SCAN]]></Event>
<EventKey><![CDATA[TZHB15367436256075659--10071]]></EventKey>
<Ticket><![CDATA[gQGf8TwAAAAAAAAAAS5odHRwOi8vd2VpeGluLnFxLmNvbS9xLzAyaVRMZE1LblZhQWUxMDAwMHcwN1cAAgTJ2JhbAwQAAAAA]]></Ticket>
</xml>

2019-03-11 12:54:19 params :
------------
String:
array (
  'rule' => -2,
  'module' => '',
  'message' => 
  array (
    'tousername' => 'gh_74fc964c4914',
    'fromusername' => 'oF_mkjglOsRCOW9LAmWURaHHg92w',
    'createtime' => '1552280060',
    'msgtype' => 'event',
    'event' => 'SCAN',
    'eventkey' => 'TZHB15367436256075659--10071',
    'ticket' => 'gQGf8TwAAAAAAAAAAS5odHRwOi8vd2VpeGluLnFxLmNvbS9xLzAyaVRMZE1LblZhQWUxMDAwMHcwN1cAAgTJ2JhbAwQAAAAA',
    'from' => 'oF_mkjglOsRCOW9LAmWURaHHg92w',
    'to' => 'gh_74fc964c4914',
    'time' => '1552280060',
    'type' => 'text',
    'scene' => 'TZHB15367436256075659--10071',
    'redirection' => true,
    'source' => 'qr',
  ),
)

2019-03-11 12:54:19 response :
------------

2019-03-11 13:04:53 trace :
------------
String:
<xml><ToUserName><![CDATA[gh_74fc964c4914]]></ToUserName>
<FromUserName><![CDATA[oF_mkjpwq5xrelWXbAsXyAyElE6M]]></FromUserName>
<CreateTime>1552280693</CreateTime>
<MsgType><![CDATA[event]]></MsgType>
<Event><![CDATA[subscribe]]></Event>
<EventKey><![CDATA[qrscene_TZHB15264364663099141--1273]]></EventKey>
<Ticket><![CDATA[gQET8TwAAAAAAAAAAS5odHRwOi8vd2VpeGluLnFxLmNvbS9xLzAyRWJEZk01blZhQWUxMDAwME0wN3oAAgRykvtaAwQAAAAA]]></Ticket>
</xml>

2019-03-11 13:04:53 params :
------------
String:
array (
  'message' => 
  array (
    'tousername' => 'gh_74fc964c4914',
    'fromusername' => 'oF_mkjpwq5xrelWXbAsXyAyElE6M',
    'createtime' => '1552280693',
    'msgtype' => 'event',
    'event' => 'subscribe',
    'eventkey' => 'qrscene_TZHB15264364663099141--1273',
    'ticket' => 'gQET8TwAAAAAAAAAAS5odHRwOi8vd2VpeGluLnFxLmNvbS9xLzAyRWJEZk01blZhQWUxMDAwME0wN3oAAgRykvtaAwQAAAAA',
    'from' => 'oF_mkjpwq5xrelWXbAsXyAyElE6M',
    'to' => 'gh_74fc964c4914',
    'time' => '1552280693',
    'type' => 'text',
    'scene' => 'TZHB15264364663099141--1273',
    'redirection' => true,
    'source' => 'subscribe',
    'content' => '首次关注',
  ),
  'module' => 'reply',
  'rule' => '9',
  'priority' => '0',
  'keyword' => 
  array (
    'id' => '116',
    'rid' => '9',
    'uniacid' => '2',
    'module' => 'reply',
    'content' => '首次关注',
    'type' => '1',
    'displayorder' => '0',
    'status' => '1',
    'reply_type' => 
    array (
      0 => 'basic',
    ),
  ),
  'reply_type' => 
  array (
    0 => 'basic',
  ),
)

2019-03-11 13:04:53 response :
------------
Array:
FromUserName : gh_74fc964c4914 ;
ToUserName : oF_mkjpwq5xrelWXbAsXyAyElE6M ;
MsgType : text ;
Content : 您好，感谢您关注奔瑞汽车用品！360°汽车服务解决方案提供商。业务领域涵盖高端美容、二手翻新及快速钣喷等，欢迎与我们联系。
您也可以回复以下数字，查看相关信息。
【1】品牌介绍
【2】核心项目
【3】合作支持
【4】产品中心
【5】联系方式
您可以留言或拨打客服热线 4006669243 更多资讯，您可以访问奔瑞官网 www.benrui.cn
意见，建议反馈信息请直接回复，谢谢。 ;

2019-03-11 13:50:05 trace :
------------
String:
<xml><ToUserName><![CDATA[gh_74fc964c4914]]></ToUserName>
<FromUserName><![CDATA[oF_mkjvKwU9X3NPSq8JniITixgg0]]></FromUserName>
<CreateTime>1552283404</CreateTime>
<MsgType><![CDATA[event]]></MsgType>
<Event><![CDATA[SCAN]]></Event>
<EventKey><![CDATA[TZHB15304979833706216--7481]]></EventKey>
<Ticket><![CDATA[gQGI8TwAAAAAAAAAAS5odHRwOi8vd2VpeGluLnFxLmNvbS9xLzAyT1Bya05yblZhQWUxMDAwMDAwNzQAAgS-izlbAwQAAAAA]]></Ticket>
</xml>

2019-03-11 13:50:05 params :
------------
String:
array (
  'rule' => -2,
  'module' => '',
  'message' => 
  array (
    'tousername' => 'gh_74fc964c4914',
    'fromusername' => 'oF_mkjvKwU9X3NPSq8JniITixgg0',
    'createtime' => '1552283404',
    'msgtype' => 'event',
    'event' => 'SCAN',
    'eventkey' => 'TZHB15304979833706216--7481',
    'ticket' => 'gQGI8TwAAAAAAAAAAS5odHRwOi8vd2VpeGluLnFxLmNvbS9xLzAyT1Bya05yblZhQWUxMDAwMDAwNzQAAgS-izlbAwQAAAAA',
    'from' => 'oF_mkjvKwU9X3NPSq8JniITixgg0',
    'to' => 'gh_74fc964c4914',
    'time' => '1552283404',
    'type' => 'text',
    'scene' => 'TZHB15304979833706216--7481',
    'redirection' => true,
    'source' => 'qr',
  ),
)

2019-03-11 13:50:05 response :
------------

2019-03-11 14:48:32 trace :
------------
String:
<xml><ToUserName><![CDATA[gh_74fc964c4914]]></ToUserName>
<FromUserName><![CDATA[oF_mkjmLIBsP2EcrPa9zFJ7TmYV4]]></FromUserName>
<CreateTime>1552286912</CreateTime>
<MsgType><![CDATA[event]]></MsgType>
<Event><![CDATA[SCAN]]></Event>
<EventKey><![CDATA[TZHB15367437131446325--10461]]></EventKey>
<Ticket><![CDATA[gQEV8TwAAAAAAAAAAS5odHRwOi8vd2VpeGluLnFxLmNvbS9xLzAycFJKRU56blZhQWUxMDAwMHcwN3QAAgQh2ZhbAwQAAAAA]]></Ticket>
</xml>

2019-03-11 14:48:33 params :
------------
String:
array (
  'rule' => -2,
  'module' => '',
  'message' => 
  array (
    'tousername' => 'gh_74fc964c4914',
    'fromusername' => 'oF_mkjmLIBsP2EcrPa9zFJ7TmYV4',
    'createtime' => '1552286912',
    'msgtype' => 'event',
    'event' => 'SCAN',
    'eventkey' => 'TZHB15367437131446325--10461',
    'ticket' => 'gQEV8TwAAAAAAAAAAS5odHRwOi8vd2VpeGluLnFxLmNvbS9xLzAycFJKRU56blZhQWUxMDAwMHcwN3QAAgQh2ZhbAwQAAAAA',
    'from' => 'oF_mkjmLIBsP2EcrPa9zFJ7TmYV4',
    'to' => 'gh_74fc964c4914',
    'time' => '1552286912',
    'type' => 'text',
    'scene' => 'TZHB15367437131446325--10461',
    'redirection' => true,
    'source' => 'qr',
  ),
)

2019-03-11 14:48:33 response :
------------

2019-03-11 15:11:02 trace :
------------
String:
<xml><ToUserName><![CDATA[gh_74fc964c4914]]></ToUserName>
<FromUserName><![CDATA[oF_mkju6rB7PaqbzUhVp4VGmooAA]]></FromUserName>
<CreateTime>1552288261</CreateTime>
<MsgType><![CDATA[event]]></MsgType>
<Event><![CDATA[SCAN]]></Event>
<EventKey><![CDATA[TZHB15301481170161755--3765]]></EventKey>
<Ticket><![CDATA[gQGb8DwAAAAAAAAAAS5odHRwOi8vd2VpeGluLnFxLmNvbS9xLzAyS1dHLU5MblZhQWUxMDAwMHcwN2sAAgQVNTRbAwQAAAAA]]></Ticket>
</xml>

2019-03-11 15:11:02 params :
------------
String:
array (
  'rule' => -2,
  'module' => '',
  'message' => 
  array (
    'tousername' => 'gh_74fc964c4914',
    'fromusername' => 'oF_mkju6rB7PaqbzUhVp4VGmooAA',
    'createtime' => '1552288261',
    'msgtype' => 'event',
    'event' => 'SCAN',
    'eventkey' => 'TZHB15301481170161755--3765',
    'ticket' => 'gQGb8DwAAAAAAAAAAS5odHRwOi8vd2VpeGluLnFxLmNvbS9xLzAyS1dHLU5MblZhQWUxMDAwMHcwN2sAAgQVNTRbAwQAAAAA',
    'from' => 'oF_mkju6rB7PaqbzUhVp4VGmooAA',
    'to' => 'gh_74fc964c4914',
    'time' => '1552288261',
    'type' => 'text',
    'scene' => 'TZHB15301481170161755--3765',
    'redirection' => true,
    'source' => 'qr',
  ),
)

2019-03-11 15:11:02 response :
------------

2019-03-11 16:32:06 trace :
------------
String:
<xml><ToUserName><![CDATA[gh_74fc964c4914]]></ToUserName>
<FromUserName><![CDATA[oF_mkjnXrfsTxss8rUtYEZRD911g]]></FromUserName>
<CreateTime>1552293126</CreateTime>
<MsgType><![CDATA[event]]></MsgType>
<Event><![CDATA[SCAN]]></Event>
<EventKey><![CDATA[TZHB15367432841987990--9754]]></EventKey>
<Ticket><![CDATA[gQHG8DwAAAAAAAAAAS5odHRwOi8vd2VpeGluLnFxLmNvbS9xLzAyZUt0Yk5HblZhQWUxMDAwMHcwN3AAAgR015hbAwQAAAAA]]></Ticket>
</xml>

2019-03-11 16:32:07 params :
------------
String:
array (
  'rule' => -2,
  'module' => '',
  'message' => 
  array (
    'tousername' => 'gh_74fc964c4914',
    'fromusername' => 'oF_mkjnXrfsTxss8rUtYEZRD911g',
    'createtime' => '1552293126',
    'msgtype' => 'event',
    'event' => 'SCAN',
    'eventkey' => 'TZHB15367432841987990--9754',
    'ticket' => 'gQHG8DwAAAAAAAAAAS5odHRwOi8vd2VpeGluLnFxLmNvbS9xLzAyZUt0Yk5HblZhQWUxMDAwMHcwN3AAAgR015hbAwQAAAAA',
    'from' => 'oF_mkjnXrfsTxss8rUtYEZRD911g',
    'to' => 'gh_74fc964c4914',
    'time' => '1552293126',
    'type' => 'text',
    'scene' => 'TZHB15367432841987990--9754',
    'redirection' => true,
    'source' => 'qr',
  ),
)

2019-03-11 16:32:07 response :
------------

2019-03-11 16:32:17 trace :
------------
String:
<xml><ToUserName><![CDATA[gh_74fc964c4914]]></ToUserName>
<FromUserName><![CDATA[oF_mkjnXrfsTxss8rUtYEZRD911g]]></FromUserName>
<CreateTime>1552293138</CreateTime>
<MsgType><![CDATA[event]]></MsgType>
<Event><![CDATA[LOCATION]]></Event>
<Latitude>30.217911</Latitude>
<Longitude>120.266785</Longitude>
<Precision>30.000000</Precision>
</xml>

2019-03-11 16:32:17 params :
------------
String:
array (
  'message' => 
  array (
    'tousername' => 'gh_74fc964c4914',
    'fromusername' => 'oF_mkjnXrfsTxss8rUtYEZRD911g',
    'createtime' => '1552293138',
    'msgtype' => 'event',
    'event' => 'LOCATION',
    'latitude' => '30.217911',
    'longitude' => '120.266785',
    'precision' => '30.000000',
    'from' => 'oF_mkjnXrfsTxss8rUtYEZRD911g',
    'to' => 'gh_74fc964c4914',
    'time' => '1552293138',
    'type' => 'trace',
    'location_x' => '30.217911',
    'location_y' => '120.266785',
  ),
  'module' => 'default',
  'rule' => '-1',
)

2019-03-11 16:32:17 response :
------------
Array:
errno : -1 ;
message : Invaild value ;

2019-03-11 16:32:25 trace :
------------
String:
<xml><ToUserName><![CDATA[gh_74fc964c4914]]></ToUserName>
<FromUserName><![CDATA[oF_mkjnXrfsTxss8rUtYEZRD911g]]></FromUserName>
<CreateTime>1552293146</CreateTime>
<MsgType><![CDATA[event]]></MsgType>
<Event><![CDATA[LOCATION]]></Event>
<Latitude>30.217911</Latitude>
<Longitude>120.266785</Longitude>
<Precision>30.000000</Precision>
</xml>

2019-03-11 16:32:25 params :
------------
String:
array (
  'message' => 
  array (
    'tousername' => 'gh_74fc964c4914',
    'fromusername' => 'oF_mkjnXrfsTxss8rUtYEZRD911g',
    'createtime' => '1552293146',
    'msgtype' => 'event',
    'event' => 'LOCATION',
    'latitude' => '30.217911',
    'longitude' => '120.266785',
    'precision' => '30.000000',
    'from' => 'oF_mkjnXrfsTxss8rUtYEZRD911g',
    'to' => 'gh_74fc964c4914',
    'time' => '1552293146',
    'type' => 'trace',
    'location_x' => '30.217911',
    'location_y' => '120.266785',
  ),
  'module' => 'default',
  'rule' => '-1',
)

2019-03-11 16:32:25 response :
------------
Array:
errno : -1 ;
message : Invaild value ;

2019-03-11 16:36:45 trace :
------------
String:
<xml><ToUserName><![CDATA[gh_74fc964c4914]]></ToUserName>
<FromUserName><![CDATA[oF_mkjrb9PAFqPCmeUuFmsBiyZao]]></FromUserName>
<CreateTime>1552293405</CreateTime>
<MsgType><![CDATA[event]]></MsgType>
<Event><![CDATA[SCAN]]></Event>
<EventKey><![CDATA[TZHB15367433341019374--9978]]></EventKey>
<Ticket><![CDATA[gQGA8TwAAAAAAAAAAS5odHRwOi8vd2VpeGluLnFxLmNvbS9xLzAyY0d4Z01oblZhQWUxMDAwMGcwN3EAAgSm15hbAwQAAAAA]]></Ticket>
</xml>

2019-03-11 16:36:45 params :
------------
String:
array (
  'rule' => -2,
  'module' => '',
  'message' => 
  array (
    'tousername' => 'gh_74fc964c4914',
    'fromusername' => 'oF_mkjrb9PAFqPCmeUuFmsBiyZao',
    'createtime' => '1552293405',
    'msgtype' => 'event',
    'event' => 'SCAN',
    'eventkey' => 'TZHB15367433341019374--9978',
    'ticket' => 'gQGA8TwAAAAAAAAAAS5odHRwOi8vd2VpeGluLnFxLmNvbS9xLzAyY0d4Z01oblZhQWUxMDAwMGcwN3EAAgSm15hbAwQAAAAA',
    'from' => 'oF_mkjrb9PAFqPCmeUuFmsBiyZao',
    'to' => 'gh_74fc964c4914',
    'time' => '1552293405',
    'type' => 'text',
    'scene' => 'TZHB15367433341019374--9978',
    'redirection' => true,
    'source' => 'qr',
  ),
)

2019-03-11 16:36:45 response :
------------

2019-03-11 16:36:46 trace :
------------
String:
<xml><ToUserName><![CDATA[gh_74fc964c4914]]></ToUserName>
<FromUserName><![CDATA[oF_mkjrb9PAFqPCmeUuFmsBiyZao]]></FromUserName>
<CreateTime>1552293407</CreateTime>
<MsgType><![CDATA[event]]></MsgType>
<Event><![CDATA[LOCATION]]></Event>
<Latitude>22.566719</Latitude>
<Longitude>113.848297</Longitude>
<Precision>30.000000</Precision>
</xml>

2019-03-11 16:36:46 params :
------------
String:
array (
  'message' => 
  array (
    'tousername' => 'gh_74fc964c4914',
    'fromusername' => 'oF_mkjrb9PAFqPCmeUuFmsBiyZao',
    'createtime' => '1552293407',
    'msgtype' => 'event',
    'event' => 'LOCATION',
    'latitude' => '22.566719',
    'longitude' => '113.848297',
    'precision' => '30.000000',
    'from' => 'oF_mkjrb9PAFqPCmeUuFmsBiyZao',
    'to' => 'gh_74fc964c4914',
    'time' => '1552293407',
    'type' => 'trace',
    'location_x' => '22.566719',
    'location_y' => '113.848297',
  ),
  'module' => 'default',
  'rule' => '-1',
)

2019-03-11 16:36:46 response :
------------
Array:
errno : -1 ;
message : Invaild value ;

2019-03-11 16:36:52 trace :
------------
String:
<xml><ToUserName><![CDATA[gh_74fc964c4914]]></ToUserName>
<FromUserName><![CDATA[oF_mkjrb9PAFqPCmeUuFmsBiyZao]]></FromUserName>
<CreateTime>1552293413</CreateTime>
<MsgType><![CDATA[event]]></MsgType>
<Event><![CDATA[LOCATION]]></Event>
<Latitude>22.566719</Latitude>
<Longitude>113.848297</Longitude>
<Precision>30.000000</Precision>
</xml>

2019-03-11 16:36:52 params :
------------
String:
array (
  'message' => 
  array (
    'tousername' => 'gh_74fc964c4914',
    'fromusername' => 'oF_mkjrb9PAFqPCmeUuFmsBiyZao',
    'createtime' => '1552293413',
    'msgtype' => 'event',
    'event' => 'LOCATION',
    'latitude' => '22.566719',
    'longitude' => '113.848297',
    'precision' => '30.000000',
    'from' => 'oF_mkjrb9PAFqPCmeUuFmsBiyZao',
    'to' => 'gh_74fc964c4914',
    'time' => '1552293413',
    'type' => 'trace',
    'location_x' => '22.566719',
    'location_y' => '113.848297',
  ),
  'module' => 'default',
  'rule' => '-1',
)

2019-03-11 16:36:52 response :
------------
Array:
errno : -1 ;
message : Invaild value ;

2019-03-11 16:54:49 trace :
------------
String:
<xml><ToUserName><![CDATA[gh_74fc964c4914]]></ToUserName>
<FromUserName><![CDATA[oF_mkjr2pDO0gfK6qeTlP1l1ygBk]]></FromUserName>
<CreateTime>1552294490</CreateTime>
<MsgType><![CDATA[event]]></MsgType>
<Event><![CDATA[subscribe]]></Event>
<EventKey><![CDATA[qrscene_TZHB15304979203648211--6999]]></EventKey>
<Ticket><![CDATA[gQFO8TwAAAAAAAAAAS5odHRwOi8vd2VpeGluLnFxLmNvbS9xLzAyYnN3UU5hblZhQWUxMDAwMGcwN2YAAgSAizlbAwQAAAAA]]></Ticket>
</xml>

2019-03-11 16:54:49 params :
------------
String:
array (
  'message' => 
  array (
    'tousername' => 'gh_74fc964c4914',
    'fromusername' => 'oF_mkjr2pDO0gfK6qeTlP1l1ygBk',
    'createtime' => '1552294490',
    'msgtype' => 'event',
    'event' => 'subscribe',
    'eventkey' => 'qrscene_TZHB15304979203648211--6999',
    'ticket' => 'gQFO8TwAAAAAAAAAAS5odHRwOi8vd2VpeGluLnFxLmNvbS9xLzAyYnN3UU5hblZhQWUxMDAwMGcwN2YAAgSAizlbAwQAAAAA',
    'from' => 'oF_mkjr2pDO0gfK6qeTlP1l1ygBk',
    'to' => 'gh_74fc964c4914',
    'time' => '1552294490',
    'type' => 'text',
    'scene' => 'TZHB15304979203648211--6999',
    'redirection' => true,
    'source' => 'subscribe',
    'content' => '首次关注',
  ),
  'module' => 'reply',
  'rule' => '9',
  'priority' => '0',
  'keyword' => 
  array (
    'id' => '116',
    'rid' => '9',
    'uniacid' => '2',
    'module' => 'reply',
    'content' => '首次关注',
    'type' => '1',
    'displayorder' => '0',
    'status' => '1',
    'reply_type' => 
    array (
      0 => 'basic',
    ),
  ),
  'reply_type' => 
  array (
    0 => 'basic',
  ),
)

2019-03-11 16:54:49 response :
------------
Array:
FromUserName : gh_74fc964c4914 ;
ToUserName : oF_mkjr2pDO0gfK6qeTlP1l1ygBk ;
MsgType : text ;
Content : 您好，感谢您关注奔瑞汽车用品！360°汽车服务解决方案提供商。业务领域涵盖高端美容、二手翻新及快速钣喷等，欢迎与我们联系。
您也可以回复以下数字，查看相关信息。
【1】品牌介绍
【2】核心项目
【3】合作支持
【4】产品中心
【5】联系方式
您可以留言或拨打客服热线 4006669243 更多资讯，您可以访问奔瑞官网 www.benrui.cn
意见，建议反馈信息请直接回复，谢谢。 ;

2019-03-11 16:55:02 trace :
------------
String:
<xml><ToUserName><![CDATA[gh_74fc964c4914]]></ToUserName>
<FromUserName><![CDATA[oF_mkjr2pDO0gfK6qeTlP1l1ygBk]]></FromUserName>
<CreateTime>1552294503</CreateTime>
<MsgType><![CDATA[event]]></MsgType>
<Event><![CDATA[LOCATION]]></Event>
<Latitude>22.638590</Latitude>
<Longitude>114.030319</Longitude>
<Precision>30.000000</Precision>
</xml>

2019-03-11 16:55:02 params :
------------
String:
array (
  'message' => 
  array (
    'tousername' => 'gh_74fc964c4914',
    'fromusername' => 'oF_mkjr2pDO0gfK6qeTlP1l1ygBk',
    'createtime' => '1552294503',
    'msgtype' => 'event',
    'event' => 'LOCATION',
    'latitude' => '22.638590',
    'longitude' => '114.030319',
    'precision' => '30.000000',
    'from' => 'oF_mkjr2pDO0gfK6qeTlP1l1ygBk',
    'to' => 'gh_74fc964c4914',
    'time' => '1552294503',
    'type' => 'trace',
    'location_x' => '22.638590',
    'location_y' => '114.030319',
  ),
  'module' => 'default',
  'rule' => '-1',
)

2019-03-11 16:55:02 response :
------------
Array:
errno : -1 ;
message : Invaild value ;

2019-03-11 16:55:16 trace :
------------
String:
<xml><ToUserName><![CDATA[gh_74fc964c4914]]></ToUserName>
<FromUserName><![CDATA[oF_mkjr2pDO0gfK6qeTlP1l1ygBk]]></FromUserName>
<CreateTime>1552294518</CreateTime>
<MsgType><![CDATA[event]]></MsgType>
<Event><![CDATA[SCAN]]></Event>
<EventKey><![CDATA[TZHB15304979203648211--6999]]></EventKey>
<Ticket><![CDATA[gQFO8TwAAAAAAAAAAS5odHRwOi8vd2VpeGluLnFxLmNvbS9xLzAyYnN3UU5hblZhQWUxMDAwMGcwN2YAAgSAizlbAwQAAAAA]]></Ticket>
</xml>

2019-03-11 16:55:17 params :
------------
String:
array (
  'rule' => -2,
  'module' => '',
  'message' => 
  array (
    'tousername' => 'gh_74fc964c4914',
    'fromusername' => 'oF_mkjr2pDO0gfK6qeTlP1l1ygBk',
    'createtime' => '1552294518',
    'msgtype' => 'event',
    'event' => 'SCAN',
    'eventkey' => 'TZHB15304979203648211--6999',
    'ticket' => 'gQFO8TwAAAAAAAAAAS5odHRwOi8vd2VpeGluLnFxLmNvbS9xLzAyYnN3UU5hblZhQWUxMDAwMGcwN2YAAgSAizlbAwQAAAAA',
    'from' => 'oF_mkjr2pDO0gfK6qeTlP1l1ygBk',
    'to' => 'gh_74fc964c4914',
    'time' => '1552294518',
    'type' => 'text',
    'scene' => 'TZHB15304979203648211--6999',
    'redirection' => true,
    'source' => 'qr',
  ),
)

2019-03-11 16:55:17 response :
------------

2019-03-11 16:55:17 trace :
------------
String:
<xml><ToUserName><![CDATA[gh_74fc964c4914]]></ToUserName>
<FromUserName><![CDATA[oF_mkjr2pDO0gfK6qeTlP1l1ygBk]]></FromUserName>
<CreateTime>1552294519</CreateTime>
<MsgType><![CDATA[event]]></MsgType>
<Event><![CDATA[LOCATION]]></Event>
<Latitude>22.638590</Latitude>
<Longitude>114.030319</Longitude>
<Precision>30.000000</Precision>
</xml>

2019-03-11 16:55:17 params :
------------
String:
array (
  'message' => 
  array (
    'tousername' => 'gh_74fc964c4914',
    'fromusername' => 'oF_mkjr2pDO0gfK6qeTlP1l1ygBk',
    'createtime' => '1552294519',
    'msgtype' => 'event',
    'event' => 'LOCATION',
    'latitude' => '22.638590',
    'longitude' => '114.030319',
    'precision' => '30.000000',
    'from' => 'oF_mkjr2pDO0gfK6qeTlP1l1ygBk',
    'to' => 'gh_74fc964c4914',
    'time' => '1552294519',
    'type' => 'trace',
    'location_x' => '22.638590',
    'location_y' => '114.030319',
  ),
  'module' => 'default',
  'rule' => '-1',
)

2019-03-11 16:55:17 response :
------------
Array:
errno : -1 ;
message : Invaild value ;

2019-03-11 17:13:12 trace :
------------
String:
<xml><ToUserName><![CDATA[gh_74fc964c4914]]></ToUserName>
<FromUserName><![CDATA[oF_mkjjO9yu_B57yh2W4-GUg7DiE]]></FromUserName>
<CreateTime>1552295593</CreateTime>
<MsgType><![CDATA[event]]></MsgType>
<Event><![CDATA[subscribe]]></Event>
<EventKey><![CDATA[qrscene_TZHB15304979833706216--7481]]></EventKey>
<Ticket><![CDATA[gQGI8TwAAAAAAAAAAS5odHRwOi8vd2VpeGluLnFxLmNvbS9xLzAyT1Bya05yblZhQWUxMDAwMDAwNzQAAgS-izlbAwQAAAAA]]></Ticket>
</xml>

2019-03-11 17:13:12 params :
------------
String:
array (
  'message' => 
  array (
    'tousername' => 'gh_74fc964c4914',
    'fromusername' => 'oF_mkjjO9yu_B57yh2W4-GUg7DiE',
    'createtime' => '1552295593',
    'msgtype' => 'event',
    'event' => 'subscribe',
    'eventkey' => 'qrscene_TZHB15304979833706216--7481',
    'ticket' => 'gQGI8TwAAAAAAAAAAS5odHRwOi8vd2VpeGluLnFxLmNvbS9xLzAyT1Bya05yblZhQWUxMDAwMDAwNzQAAgS-izlbAwQAAAAA',
    'from' => 'oF_mkjjO9yu_B57yh2W4-GUg7DiE',
    'to' => 'gh_74fc964c4914',
    'time' => '1552295593',
    'type' => 'text',
    'scene' => 'TZHB15304979833706216--7481',
    'redirection' => true,
    'source' => 'subscribe',
    'content' => '首次关注',
  ),
  'module' => 'reply',
  'rule' => '9',
  'priority' => '0',
  'keyword' => 
  array (
    'id' => '116',
    'rid' => '9',
    'uniacid' => '2',
    'module' => 'reply',
    'content' => '首次关注',
    'type' => '1',
    'displayorder' => '0',
    'status' => '1',
    'reply_type' => 
    array (
      0 => 'basic',
    ),
  ),
  'reply_type' => 
  array (
    0 => 'basic',
  ),
)

2019-03-11 17:13:12 response :
------------
Array:
FromUserName : gh_74fc964c4914 ;
ToUserName : oF_mkjjO9yu_B57yh2W4-GUg7DiE ;
MsgType : text ;
Content : 您好，感谢您关注奔瑞汽车用品！360°汽车服务解决方案提供商。业务领域涵盖高端美容、二手翻新及快速钣喷等，欢迎与我们联系。
您也可以回复以下数字，查看相关信息。
【1】品牌介绍
【2】核心项目
【3】合作支持
【4】产品中心
【5】联系方式
您可以留言或拨打客服热线 4006669243 更多资讯，您可以访问奔瑞官网 www.benrui.cn
意见，建议反馈信息请直接回复，谢谢。 ;

2019-03-11 18:58:03 trace :
------------
String:
<xml><ToUserName><![CDATA[gh_74fc964c4914]]></ToUserName>
<FromUserName><![CDATA[oF_mkjuBryomdRwMLV1bLJwKZD5I]]></FromUserName>
<CreateTime>1552301883</CreateTime>
<MsgType><![CDATA[event]]></MsgType>
<Event><![CDATA[SCAN]]></Event>
<EventKey><![CDATA[TZHB15444181611771407--12395]]></EventKey>
<Ticket><![CDATA[gQGN8DwAAAAAAAAAAS5odHRwOi8vd2VpeGluLnFxLmNvbS9xLzAyMkRKcE1UblZhQWUxMDAwMGcwN3QAAgRx8w1cAwQAAAAA]]></Ticket>
</xml>

2019-03-11 18:58:03 params :
------------
String:
array (
  'rule' => -2,
  'module' => '',
  'message' => 
  array (
    'tousername' => 'gh_74fc964c4914',
    'fromusername' => 'oF_mkjuBryomdRwMLV1bLJwKZD5I',
    'createtime' => '1552301883',
    'msgtype' => 'event',
    'event' => 'SCAN',
    'eventkey' => 'TZHB15444181611771407--12395',
    'ticket' => 'gQGN8DwAAAAAAAAAAS5odHRwOi8vd2VpeGluLnFxLmNvbS9xLzAyMkRKcE1UblZhQWUxMDAwMGcwN3QAAgRx8w1cAwQAAAAA',
    'from' => 'oF_mkjuBryomdRwMLV1bLJwKZD5I',
    'to' => 'gh_74fc964c4914',
    'time' => '1552301883',
    'type' => 'text',
    'scene' => 'TZHB15444181611771407--12395',
    'redirection' => true,
    'source' => 'qr',
  ),
)

2019-03-11 18:58:03 response :
------------

2019-03-11 21:17:59 trace :
------------
String:
<xml><ToUserName><![CDATA[gh_74fc964c4914]]></ToUserName>
<FromUserName><![CDATA[oF_mkjimwVPe22lrM0Z0gOKN88JE]]></FromUserName>
<CreateTime>1552310280</CreateTime>
<MsgType><![CDATA[event]]></MsgType>
<Event><![CDATA[CLICK]]></Event>
<EventKey><![CDATA[最新优惠]]></EventKey>
</xml>

2019-03-11 21:17:59 params :
------------
String:
array (
  'message' => 
  array (
    'tousername' => 'gh_74fc964c4914',
    'fromusername' => 'oF_mkjimwVPe22lrM0Z0gOKN88JE',
    'createtime' => '1552310280',
    'msgtype' => 'event',
    'event' => 'CLICK',
    'eventkey' => '最新优惠',
    'from' => 'oF_mkjimwVPe22lrM0Z0gOKN88JE',
    'to' => 'gh_74fc964c4914',
    'time' => '1552310280',
    'type' => 'text',
    'content' => '最新优惠',
    'redirection' => true,
    'source' => 'click',
  ),
  'module' => 'reply',
  'rule' => '53',
  'priority' => '0',
  'keyword' => 
  array (
    'id' => '115',
    'rid' => '53',
    'uniacid' => '2',
    'module' => 'reply',
    'content' => '最新优惠',
    'type' => '1',
    'displayorder' => '0',
    'status' => '1',
    'reply_type' => 
    array (
      0 => 'basic',
    ),
  ),
  'reply_type' => 
  array (
    0 => 'basic',
  ),
)

2019-03-11 21:17:59 response :
------------
Array:
FromUserName : gh_74fc964c4914 ;
ToUserName : oF_mkjimwVPe22lrM0Z0gOKN88JE ;
MsgType : text ;
Content : 优质服务季，一大波促销活动即将激情开启，敬请期待。 ;

2019-03-11 22:04:48 trace :
------------
String:
<xml><ToUserName><![CDATA[gh_74fc964c4914]]></ToUserName>
<FromUserName><![CDATA[oF_mkjo2qpd9KDVX30Zk-adE1_7Q]]></FromUserName>
<CreateTime>1552313089</CreateTime>
<MsgType><![CDATA[event]]></MsgType>
<Event><![CDATA[CLICK]]></Event>
<EventKey><![CDATA[最新优惠]]></EventKey>
</xml>

2019-03-11 22:04:48 params :
------------
String:
array (
  'message' => 
  array (
    'tousername' => 'gh_74fc964c4914',
    'fromusername' => 'oF_mkjo2qpd9KDVX30Zk-adE1_7Q',
    'createtime' => '1552313089',
    'msgtype' => 'event',
    'event' => 'CLICK',
    'eventkey' => '最新优惠',
    'from' => 'oF_mkjo2qpd9KDVX30Zk-adE1_7Q',
    'to' => 'gh_74fc964c4914',
    'time' => '1552313089',
    'type' => 'text',
    'content' => '最新优惠',
    'redirection' => true,
    'source' => 'click',
  ),
  'module' => 'reply',
  'rule' => '53',
  'priority' => '0',
  'keyword' => 
  array (
    'id' => '115',
    'rid' => '53',
    'uniacid' => '2',
    'module' => 'reply',
    'content' => '最新优惠',
    'type' => '1',
    'displayorder' => '0',
    'status' => '1',
    'reply_type' => 
    array (
      0 => 'basic',
    ),
  ),
  'reply_type' => 
  array (
    0 => 'basic',
  ),
)

2019-03-11 22:04:48 response :
------------
Array:
FromUserName : gh_74fc964c4914 ;
ToUserName : oF_mkjo2qpd9KDVX30Zk-adE1_7Q ;
MsgType : text ;
Content : 优质服务季，一大波促销活动即将激情开启，敬请期待。 ;

