2019-03-23 12:12:02 trace :
------------
String:
<xml><ToUserName><![CDATA[gh_74fc964c4914]]></ToUserName>
<FromUserName><![CDATA[oF_mkjrwokOcCgeZxRGBYFfssnAM]]></FromUserName>
<CreateTime>1553314323</CreateTime>
<MsgType><![CDATA[event]]></MsgType>
<Event><![CDATA[SCAN]]></Event>
<EventKey><![CDATA[TZHB15444181496138752--12307]]></EventKey>
<Ticket><![CDATA[gQFn8DwAAAAAAAAAAS5odHRwOi8vd2VpeGluLnFxLmNvbS9xLzAyeW5NYU5pblZhQWUxMDAwMDAwN2IAAgRl8w1cAwQAAAAA]]></Ticket>
</xml>

2019-03-23 12:12:02 params :
------------
String:
array (
  'rule' => -2,
  'module' => '',
  'message' => 
  array (
    'tousername' => 'gh_74fc964c4914',
    'fromusername' => 'oF_mkjrwokOcCgeZxRGBYFfssnAM',
    'createtime' => '1553314323',
    'msgtype' => 'event',
    'event' => 'SCAN',
    'eventkey' => 'TZHB15444181496138752--12307',
    'ticket' => 'gQFn8DwAAAAAAAAAAS5odHRwOi8vd2VpeGluLnFxLmNvbS9xLzAyeW5NYU5pblZhQWUxMDAwMDAwN2IAAgRl8w1cAwQAAAAA',
    'from' => 'oF_mkjrwokOcCgeZxRGBYFfssnAM',
    'to' => 'gh_74fc964c4914',
    'time' => '1553314323',
    'type' => 'text',
    'scene' => 'TZHB15444181496138752--12307',
    'redirection' => true,
    'source' => 'qr',
  ),
)

2019-03-23 12:12:02 response :
------------

2019-03-23 12:12:46 trace :
------------
String:
<xml><ToUserName><![CDATA[gh_74fc964c4914]]></ToUserName>
<FromUserName><![CDATA[oF_mkjlsoN59CXv_l-N6_43afFig]]></FromUserName>
<CreateTime>1553314367</CreateTime>
<MsgType><![CDATA[event]]></MsgType>
<Event><![CDATA[SCAN]]></Event>
<EventKey><![CDATA[TZHB15444181170137395--12071]]></EventKey>
<Ticket><![CDATA[gQG28DwAAAAAAAAAAS5odHRwOi8vd2VpeGluLnFxLmNvbS9xLzAyYkM1ek1RblZhQWUxMDAwMHcwN0YAAgRF8w1cAwQAAAAA]]></Ticket>
</xml>

2019-03-23 12:12:46 params :
------------
String:
array (
  'rule' => -2,
  'module' => '',
  'message' => 
  array (
    'tousername' => 'gh_74fc964c4914',
    'fromusername' => 'oF_mkjlsoN59CXv_l-N6_43afFig',
    'createtime' => '1553314367',
    'msgtype' => 'event',
    'event' => 'SCAN',
    'eventkey' => 'TZHB15444181170137395--12071',
    'ticket' => 'gQG28DwAAAAAAAAAAS5odHRwOi8vd2VpeGluLnFxLmNvbS9xLzAyYkM1ek1RblZhQWUxMDAwMHcwN0YAAgRF8w1cAwQAAAAA',
    'from' => 'oF_mkjlsoN59CXv_l-N6_43afFig',
    'to' => 'gh_74fc964c4914',
    'time' => '1553314367',
    'type' => 'text',
    'scene' => 'TZHB15444181170137395--12071',
    'redirection' => true,
    'source' => 'qr',
  ),
)

2019-03-23 12:12:46 response :
------------

2019-03-23 12:12:47 trace :
------------
String:
<xml><ToUserName><![CDATA[gh_74fc964c4914]]></ToUserName>
<FromUserName><![CDATA[oF_mkjlsoN59CXv_l-N6_43afFig]]></FromUserName>
<CreateTime>1553314369</CreateTime>
<MsgType><![CDATA[event]]></MsgType>
<Event><![CDATA[LOCATION]]></Event>
<Latitude>28.742311</Latitude>
<Longitude>115.845703</Longitude>
<Precision>30.000000</Precision>
</xml>

2019-03-23 12:12:48 params :
------------
String:
array (
  'message' => 
  array (
    'tousername' => 'gh_74fc964c4914',
    'fromusername' => 'oF_mkjlsoN59CXv_l-N6_43afFig',
    'createtime' => '1553314369',
    'msgtype' => 'event',
    'event' => 'LOCATION',
    'latitude' => '28.742311',
    'longitude' => '115.845703',
    'precision' => '30.000000',
    'from' => 'oF_mkjlsoN59CXv_l-N6_43afFig',
    'to' => 'gh_74fc964c4914',
    'time' => '1553314369',
    'type' => 'trace',
    'location_x' => '28.742311',
    'location_y' => '115.845703',
  ),
  'module' => 'default',
  'rule' => '-1',
)

2019-03-23 12:12:48 response :
------------
Array:
errno : -1 ;
message : Invaild value ;

2019-03-23 12:13:02 trace :
------------
String:
<xml><ToUserName><![CDATA[gh_74fc964c4914]]></ToUserName>
<FromUserName><![CDATA[oF_mkjlsoN59CXv_l-N6_43afFig]]></FromUserName>
<CreateTime>1553314384</CreateTime>
<MsgType><![CDATA[event]]></MsgType>
<Event><![CDATA[unsubscribe]]></Event>
<EventKey><![CDATA[]]></EventKey>
</xml>

2019-03-23 12:13:12 trace :
------------
String:
<xml><ToUserName><![CDATA[gh_74fc964c4914]]></ToUserName>
<FromUserName><![CDATA[oF_mkjlsoN59CXv_l-N6_43afFig]]></FromUserName>
<CreateTime>1553314393</CreateTime>
<MsgType><![CDATA[event]]></MsgType>
<Event><![CDATA[subscribe]]></Event>
<EventKey><![CDATA[qrscene_TZHB15444181170137395--12071]]></EventKey>
<Ticket><![CDATA[gQG28DwAAAAAAAAAAS5odHRwOi8vd2VpeGluLnFxLmNvbS9xLzAyYkM1ek1RblZhQWUxMDAwMHcwN0YAAgRF8w1cAwQAAAAA]]></Ticket>
</xml>

2019-03-23 12:13:12 params :
------------
String:
array (
  'message' => 
  array (
    'tousername' => 'gh_74fc964c4914',
    'fromusername' => 'oF_mkjlsoN59CXv_l-N6_43afFig',
    'createtime' => '1553314393',
    'msgtype' => 'event',
    'event' => 'subscribe',
    'eventkey' => 'qrscene_TZHB15444181170137395--12071',
    'ticket' => 'gQG28DwAAAAAAAAAAS5odHRwOi8vd2VpeGluLnFxLmNvbS9xLzAyYkM1ek1RblZhQWUxMDAwMHcwN0YAAgRF8w1cAwQAAAAA',
    'from' => 'oF_mkjlsoN59CXv_l-N6_43afFig',
    'to' => 'gh_74fc964c4914',
    'time' => '1553314393',
    'type' => 'text',
    'scene' => 'TZHB15444181170137395--12071',
    'redirection' => true,
    'source' => 'subscribe',
    'content' => '首次关注',
  ),
  'module' => 'reply',
  'rule' => '9',
  'priority' => '0',
  'keyword' => 
  array (
    'id' => '116',
    'rid' => '9',
    'uniacid' => '2',
    'module' => 'reply',
    'content' => '首次关注',
    'type' => '1',
    'displayorder' => '0',
    'status' => '1',
    'reply_type' => 
    array (
      0 => 'basic',
    ),
  ),
  'reply_type' => 
  array (
    0 => 'basic',
  ),
)

2019-03-23 12:13:12 response :
------------
Array:
FromUserName : gh_74fc964c4914 ;
ToUserName : oF_mkjlsoN59CXv_l-N6_43afFig ;
MsgType : text ;
Content : 您好，感谢您关注奔瑞汽车用品！360°汽车服务解决方案提供商。业务领域涵盖高端美容、二手翻新及快速钣喷等，欢迎与我们联系。
您也可以回复以下数字，查看相关信息。
【1】品牌介绍
【2】核心项目
【3】合作支持
【4】产品中心
【5】联系方式
您可以留言或拨打客服热线 4006669243 更多资讯，您可以访问奔瑞官网 www.benrui.cn
意见，建议反馈信息请直接回复，谢谢。 ;

2019-03-23 12:13:18 trace :
------------
String:
<xml><ToUserName><![CDATA[gh_74fc964c4914]]></ToUserName>
<FromUserName><![CDATA[oF_mkjlsoN59CXv_l-N6_43afFig]]></FromUserName>
<CreateTime>1553314399</CreateTime>
<MsgType><![CDATA[event]]></MsgType>
<Event><![CDATA[LOCATION]]></Event>
<Latitude>28.742311</Latitude>
<Longitude>115.845703</Longitude>
<Precision>30.000000</Precision>
</xml>

2019-03-23 12:13:18 params :
------------
String:
array (
  'message' => 
  array (
    'tousername' => 'gh_74fc964c4914',
    'fromusername' => 'oF_mkjlsoN59CXv_l-N6_43afFig',
    'createtime' => '1553314399',
    'msgtype' => 'event',
    'event' => 'LOCATION',
    'latitude' => '28.742311',
    'longitude' => '115.845703',
    'precision' => '30.000000',
    'from' => 'oF_mkjlsoN59CXv_l-N6_43afFig',
    'to' => 'gh_74fc964c4914',
    'time' => '1553314399',
    'type' => 'trace',
    'location_x' => '28.742311',
    'location_y' => '115.845703',
  ),
  'module' => 'default',
  'rule' => '-1',
)

2019-03-23 12:13:18 response :
------------
Array:
errno : -1 ;
message : Invaild value ;

2019-03-23 12:13:22 trace :
------------
String:
<xml><ToUserName><![CDATA[gh_74fc964c4914]]></ToUserName>
<FromUserName><![CDATA[oF_mkjlsoN59CXv_l-N6_43afFig]]></FromUserName>
<CreateTime>1553314403</CreateTime>
<MsgType><![CDATA[event]]></MsgType>
<Event><![CDATA[LOCATION]]></Event>
<Latitude>28.742311</Latitude>
<Longitude>115.845703</Longitude>
<Precision>30.000000</Precision>
</xml>

2019-03-23 12:13:22 params :
------------
String:
array (
  'message' => 
  array (
    'tousername' => 'gh_74fc964c4914',
    'fromusername' => 'oF_mkjlsoN59CXv_l-N6_43afFig',
    'createtime' => '1553314403',
    'msgtype' => 'event',
    'event' => 'LOCATION',
    'latitude' => '28.742311',
    'longitude' => '115.845703',
    'precision' => '30.000000',
    'from' => 'oF_mkjlsoN59CXv_l-N6_43afFig',
    'to' => 'gh_74fc964c4914',
    'time' => '1553314403',
    'type' => 'trace',
    'location_x' => '28.742311',
    'location_y' => '115.845703',
  ),
  'module' => 'default',
  'rule' => '-1',
)

2019-03-23 12:13:22 response :
------------
Array:
errno : -1 ;
message : Invaild value ;

2019-03-23 12:13:43 trace :
------------
String:
<xml><ToUserName><![CDATA[gh_74fc964c4914]]></ToUserName>
<FromUserName><![CDATA[oF_mkjlsoN59CXv_l-N6_43afFig]]></FromUserName>
<CreateTime>1553314425</CreateTime>
<MsgType><![CDATA[event]]></MsgType>
<Event><![CDATA[unsubscribe]]></Event>
<EventKey><![CDATA[]]></EventKey>
</xml>

2019-03-23 12:13:48 trace :
------------
String:
<xml><ToUserName><![CDATA[gh_74fc964c4914]]></ToUserName>
<FromUserName><![CDATA[oF_mkjrwokOcCgeZxRGBYFfssnAM]]></FromUserName>
<CreateTime>1553314429</CreateTime>
<MsgType><![CDATA[event]]></MsgType>
<Event><![CDATA[SCAN]]></Event>
<EventKey><![CDATA[TZHB15444181170137395--12071]]></EventKey>
<Ticket><![CDATA[gQG28DwAAAAAAAAAAS5odHRwOi8vd2VpeGluLnFxLmNvbS9xLzAyYkM1ek1RblZhQWUxMDAwMHcwN0YAAgRF8w1cAwQAAAAA]]></Ticket>
</xml>

2019-03-23 12:13:48 params :
------------
String:
array (
  'rule' => -2,
  'module' => '',
  'message' => 
  array (
    'tousername' => 'gh_74fc964c4914',
    'fromusername' => 'oF_mkjrwokOcCgeZxRGBYFfssnAM',
    'createtime' => '1553314429',
    'msgtype' => 'event',
    'event' => 'SCAN',
    'eventkey' => 'TZHB15444181170137395--12071',
    'ticket' => 'gQG28DwAAAAAAAAAAS5odHRwOi8vd2VpeGluLnFxLmNvbS9xLzAyYkM1ek1RblZhQWUxMDAwMHcwN0YAAgRF8w1cAwQAAAAA',
    'from' => 'oF_mkjrwokOcCgeZxRGBYFfssnAM',
    'to' => 'gh_74fc964c4914',
    'time' => '1553314429',
    'type' => 'text',
    'scene' => 'TZHB15444181170137395--12071',
    'redirection' => true,
    'source' => 'qr',
  ),
)

2019-03-23 12:13:48 response :
------------

2019-03-23 14:55:24 trace :
------------
String:
<xml><ToUserName><![CDATA[gh_74fc964c4914]]></ToUserName>
<FromUserName><![CDATA[oF_mkjjnidswYMlKr9IJ1XGfxAfQ]]></FromUserName>
<CreateTime>1553324125</CreateTime>
<MsgType><![CDATA[event]]></MsgType>
<Event><![CDATA[subscribe]]></Event>
<EventKey><![CDATA[qrscene_TZHB15301484883656655--4720]]></EventKey>
<Ticket><![CDATA[gQH08DwAAAAAAAAAAS5odHRwOi8vd2VpeGluLnFxLmNvbS9xLzAySnVUcU4zblZhQWUxMDAwME0wN3MAAgSINjRbAwQAAAAA]]></Ticket>
</xml>

2019-03-23 14:55:25 params :
------------
String:
array (
  'message' => 
  array (
    'tousername' => 'gh_74fc964c4914',
    'fromusername' => 'oF_mkjjnidswYMlKr9IJ1XGfxAfQ',
    'createtime' => '1553324125',
    'msgtype' => 'event',
    'event' => 'subscribe',
    'eventkey' => 'qrscene_TZHB15301484883656655--4720',
    'ticket' => 'gQH08DwAAAAAAAAAAS5odHRwOi8vd2VpeGluLnFxLmNvbS9xLzAySnVUcU4zblZhQWUxMDAwME0wN3MAAgSINjRbAwQAAAAA',
    'from' => 'oF_mkjjnidswYMlKr9IJ1XGfxAfQ',
    'to' => 'gh_74fc964c4914',
    'time' => '1553324125',
    'type' => 'text',
    'scene' => 'TZHB15301484883656655--4720',
    'redirection' => true,
    'source' => 'subscribe',
    'content' => '首次关注',
  ),
  'module' => 'reply',
  'rule' => '9',
  'priority' => '0',
  'keyword' => 
  array (
    'id' => '116',
    'rid' => '9',
    'uniacid' => '2',
    'module' => 'reply',
    'content' => '首次关注',
    'type' => '1',
    'displayorder' => '0',
    'status' => '1',
    'reply_type' => 
    array (
      0 => 'basic',
    ),
  ),
  'reply_type' => 
  array (
    0 => 'basic',
  ),
)

2019-03-23 14:55:25 response :
------------
Array:
FromUserName : gh_74fc964c4914 ;
ToUserName : oF_mkjjnidswYMlKr9IJ1XGfxAfQ ;
MsgType : text ;
Content : 您好，感谢您关注奔瑞汽车用品！360°汽车服务解决方案提供商。业务领域涵盖高端美容、二手翻新及快速钣喷等，欢迎与我们联系。
您也可以回复以下数字，查看相关信息。
【1】品牌介绍
【2】核心项目
【3】合作支持
【4】产品中心
【5】联系方式
您可以留言或拨打客服热线 4006669243 更多资讯，您可以访问奔瑞官网 www.benrui.cn
意见，建议反馈信息请直接回复，谢谢。 ;

2019-03-23 17:44:05 trace :
------------
String:
<xml><ToUserName><![CDATA[gh_74fc964c4914]]></ToUserName>
<FromUserName><![CDATA[oF_mkjgRNDq68MIjYELnQSYZXazs]]></FromUserName>
<CreateTime>1553334247</CreateTime>
<MsgType><![CDATA[event]]></MsgType>
<Event><![CDATA[SCAN]]></Event>
<EventKey><![CDATA[TZHB15304978800703391--6642]]></EventKey>
<Ticket><![CDATA[gQGI8DwAAAAAAAAAAS5odHRwOi8vd2VpeGluLnFxLmNvbS9xLzAya2pjZE5UblZhQWUxMDAwMGcwN2IAAgRYizlbAwQAAAAA]]></Ticket>
</xml>

2019-03-23 17:44:05 params :
------------
String:
array (
  'rule' => -2,
  'module' => '',
  'message' => 
  array (
    'tousername' => 'gh_74fc964c4914',
    'fromusername' => 'oF_mkjgRNDq68MIjYELnQSYZXazs',
    'createtime' => '1553334247',
    'msgtype' => 'event',
    'event' => 'SCAN',
    'eventkey' => 'TZHB15304978800703391--6642',
    'ticket' => 'gQGI8DwAAAAAAAAAAS5odHRwOi8vd2VpeGluLnFxLmNvbS9xLzAya2pjZE5UblZhQWUxMDAwMGcwN2IAAgRYizlbAwQAAAAA',
    'from' => 'oF_mkjgRNDq68MIjYELnQSYZXazs',
    'to' => 'gh_74fc964c4914',
    'time' => '1553334247',
    'type' => 'text',
    'scene' => 'TZHB15304978800703391--6642',
    'redirection' => true,
    'source' => 'qr',
  ),
)

2019-03-23 17:44:05 response :
------------

2019-03-23 18:48:11 trace :
------------
String:
<xml><ToUserName><![CDATA[gh_74fc964c4914]]></ToUserName>
<FromUserName><![CDATA[oF_mkjkBd_b-fU9mooAGuFQBV99c]]></FromUserName>
<CreateTime>1553338092</CreateTime>
<MsgType><![CDATA[event]]></MsgType>
<Event><![CDATA[LOCATION]]></Event>
<Latitude>31.086040</Latitude>
<Longitude>121.402878</Longitude>
<Precision>65.000000</Precision>
</xml>

2019-03-23 18:48:11 params :
------------
String:
array (
  'message' => 
  array (
    'tousername' => 'gh_74fc964c4914',
    'fromusername' => 'oF_mkjkBd_b-fU9mooAGuFQBV99c',
    'createtime' => '1553338092',
    'msgtype' => 'event',
    'event' => 'LOCATION',
    'latitude' => '31.086040',
    'longitude' => '121.402878',
    'precision' => '65.000000',
    'from' => 'oF_mkjkBd_b-fU9mooAGuFQBV99c',
    'to' => 'gh_74fc964c4914',
    'time' => '1553338092',
    'type' => 'trace',
    'location_x' => '31.086040',
    'location_y' => '121.402878',
  ),
  'module' => 'default',
  'rule' => '-1',
)

2019-03-23 18:48:11 response :
------------
Array:
errno : -1 ;
message : Invaild value ;

2019-03-23 20:54:06 trace :
------------
String:
<xml><ToUserName><![CDATA[gh_74fc964c4914]]></ToUserName>
<FromUserName><![CDATA[oF_mkjmd2nmhQ4jVD6Jg7Ov5LjhQ]]></FromUserName>
<CreateTime>1553345647</CreateTime>
<MsgType><![CDATA[event]]></MsgType>
<Event><![CDATA[SCAN]]></Event>
<EventKey><![CDATA[TZHB15304979856731962--7491]]></EventKey>
<Ticket><![CDATA[gQGz8TwAAAAAAAAAAS5odHRwOi8vd2VpeGluLnFxLmNvbS9xLzAyVi05QU1wblZhQWUxMDAwME0wN2wAAgTBizlbAwQAAAAA]]></Ticket>
</xml>

2019-03-23 20:54:06 params :
------------
String:
array (
  'rule' => -2,
  'module' => '',
  'message' => 
  array (
    'tousername' => 'gh_74fc964c4914',
    'fromusername' => 'oF_mkjmd2nmhQ4jVD6Jg7Ov5LjhQ',
    'createtime' => '1553345647',
    'msgtype' => 'event',
    'event' => 'SCAN',
    'eventkey' => 'TZHB15304979856731962--7491',
    'ticket' => 'gQGz8TwAAAAAAAAAAS5odHRwOi8vd2VpeGluLnFxLmNvbS9xLzAyVi05QU1wblZhQWUxMDAwME0wN2wAAgTBizlbAwQAAAAA',
    'from' => 'oF_mkjmd2nmhQ4jVD6Jg7Ov5LjhQ',
    'to' => 'gh_74fc964c4914',
    'time' => '1553345647',
    'type' => 'text',
    'scene' => 'TZHB15304979856731962--7491',
    'redirection' => true,
    'source' => 'qr',
  ),
)

2019-03-23 20:54:06 response :
------------

2019-03-23 20:55:49 trace :
------------
String:
<xml><ToUserName><![CDATA[gh_74fc964c4914]]></ToUserName>
<FromUserName><![CDATA[oF_mkjmd2nmhQ4jVD6Jg7Ov5LjhQ]]></FromUserName>
<CreateTime>1553345751</CreateTime>
<MsgType><![CDATA[event]]></MsgType>
<Event><![CDATA[SCAN]]></Event>
<EventKey><![CDATA[TZHB15304979856731962--7491]]></EventKey>
<Ticket><![CDATA[gQGz8TwAAAAAAAAAAS5odHRwOi8vd2VpeGluLnFxLmNvbS9xLzAyVi05QU1wblZhQWUxMDAwME0wN2wAAgTBizlbAwQAAAAA]]></Ticket>
</xml>

2019-03-23 20:55:49 params :
------------
String:
array (
  'rule' => -2,
  'module' => '',
  'message' => 
  array (
    'tousername' => 'gh_74fc964c4914',
    'fromusername' => 'oF_mkjmd2nmhQ4jVD6Jg7Ov5LjhQ',
    'createtime' => '1553345751',
    'msgtype' => 'event',
    'event' => 'SCAN',
    'eventkey' => 'TZHB15304979856731962--7491',
    'ticket' => 'gQGz8TwAAAAAAAAAAS5odHRwOi8vd2VpeGluLnFxLmNvbS9xLzAyVi05QU1wblZhQWUxMDAwME0wN2wAAgTBizlbAwQAAAAA',
    'from' => 'oF_mkjmd2nmhQ4jVD6Jg7Ov5LjhQ',
    'to' => 'gh_74fc964c4914',
    'time' => '1553345751',
    'type' => 'text',
    'scene' => 'TZHB15304979856731962--7491',
    'redirection' => true,
    'source' => 'qr',
  ),
)

2019-03-23 20:55:49 response :
------------

